2021-01-03 19:11:21,084 INFO o.a.j.u.JMeterUtils: Setting Locale to en_EN
2021-01-03 19:11:21,101 INFO o.a.j.JMeter: Loading user properties from: user.properties
2021-01-03 19:11:21,102 INFO o.a.j.JMeter: Loading system properties from: system.properties
2021-01-03 19:11:21,103 INFO o.a.j.JMeter: Copyright (c) 1998-2020 The Apache Software Foundation
2021-01-03 19:11:21,103 INFO o.a.j.JMeter: Version 5.3
2021-01-03 19:11:21,103 INFO o.a.j.JMeter: java.version=11.0.8
2021-01-03 19:11:21,103 INFO o.a.j.JMeter: java.vm.name=Java HotSpot(TM) 64-Bit Server VM
2021-01-03 19:11:21,103 INFO o.a.j.JMeter: os.name=Windows 10
2021-01-03 19:11:21,104 INFO o.a.j.JMeter: os.arch=amd64
2021-01-03 19:11:21,104 INFO o.a.j.JMeter: os.version=10.0
2021-01-03 19:11:21,104 INFO o.a.j.JMeter: file.encoding=Cp1252
2021-01-03 19:11:21,104 INFO o.a.j.JMeter: java.awt.headless=true
2021-01-03 19:11:21,104 INFO o.a.j.JMeter: Max memory     =1073741824
2021-01-03 19:11:21,104 INFO o.a.j.JMeter: Available Processors =8
2021-01-03 19:11:21,111 INFO o.a.j.JMeter: Default Locale=English (EN)
2021-01-03 19:11:21,111 INFO o.a.j.JMeter: JMeter  Locale=English (EN)
2021-01-03 19:11:21,111 INFO o.a.j.JMeter: JMeterHome=C:\Users\fabio\Documents\Fabio\Università\Magistrale\2°anno\1°semestre\Impianti di Elaborazione\apache-jmeter-5.3
2021-01-03 19:11:21,111 INFO o.a.j.JMeter: user.dir  =C:\Users\fabio\Documents\Fabio\Università\Magistrale\2°anno\1°semestre\Impianti di Elaborazione\apache-jmeter-5.3\bin
2021-01-03 19:11:21,112 INFO o.a.j.JMeter: PWD       =C:\Users\fabio\Documents\Fabio\Università\Magistrale\2°anno\1°semestre\Impianti di Elaborazione\apache-jmeter-5.3\bin
2021-01-03 19:11:21,121 INFO o.a.j.JMeter: IP: 192.168.56.1 Name: LAPTOP-DSVV6SSR FullName: 192.168.56.1
2021-01-03 19:11:21,126 INFO o.a.j.s.FileServer: Default base='C:\Users\fabio\Documents\Fabio\Università\Magistrale\2°anno\1°semestre\Impianti di Elaborazione\apache-jmeter-5.3\bin'
2021-01-03 19:11:21,128 INFO o.a.j.s.FileServer: Set new base='C:\Users\fabio\Documents\Fabio\Università\Magistrale\2°anno\1°semestre\Impianti di Elaborazione\apache-jmeter-5.3\bin'
2021-01-03 19:11:21,249 INFO o.a.j.s.SaveService: Testplan (JMX) version: 2.2. Testlog (JTL) version: 2.2
2021-01-03 19:11:21,266 INFO o.a.j.s.SaveService: Using SaveService properties version 5.0
2021-01-03 19:11:21,269 INFO o.a.j.s.SaveService: Using SaveService properties file encoding UTF-8
2021-01-03 19:11:21,272 INFO o.a.j.s.SaveService: Loading file: DesignofExperiment.jmx
2021-01-03 19:11:21,330 INFO o.a.j.p.h.s.HTTPSamplerBase: Parser for text/html is org.apache.jmeter.protocol.http.parser.LagartoBasedHtmlParser
2021-01-03 19:11:21,330 INFO o.a.j.p.h.s.HTTPSamplerBase: Parser for application/xhtml+xml is org.apache.jmeter.protocol.http.parser.LagartoBasedHtmlParser
2021-01-03 19:11:21,330 INFO o.a.j.p.h.s.HTTPSamplerBase: Parser for application/xml is org.apache.jmeter.protocol.http.parser.LagartoBasedHtmlParser
2021-01-03 19:11:21,330 INFO o.a.j.p.h.s.HTTPSamplerBase: Parser for text/xml is org.apache.jmeter.protocol.http.parser.LagartoBasedHtmlParser
2021-01-03 19:11:21,330 INFO o.a.j.p.h.s.HTTPSamplerBase: Parser for text/vnd.wap.wml is org.apache.jmeter.protocol.http.parser.RegexpHTMLParser
2021-01-03 19:11:21,330 INFO o.a.j.p.h.s.HTTPSamplerBase: Parser for text/css is org.apache.jmeter.protocol.http.parser.CssParser
2021-01-03 19:11:21,355 INFO o.a.j.JMeter: Creating summariser <summary>
2021-01-03 19:11:21,361 INFO o.a.j.e.StandardJMeterEngine: Running the test!
2021-01-03 19:11:21,362 INFO o.a.j.s.SampleEvent: List of sample_variables: []
2021-01-03 19:11:21,362 INFO o.a.j.s.SampleEvent: List of sample_variables: []
2021-01-03 19:11:21,372 INFO o.a.j.e.u.CompoundVariable: Note: Function class names must contain the string: '.functions.'
2021-01-03 19:11:21,372 INFO o.a.j.e.u.CompoundVariable: Note: Function class names must not contain the string: '.gui.'
2021-01-03 19:11:21,652 INFO o.a.j.JMeter: Running test (1609697481652)
2021-01-03 19:11:21,666 INFO o.a.j.e.StandardJMeterEngine: Starting ThreadGroup: 1 : Thread Group - HH
2021-01-03 19:11:21,666 INFO o.a.j.e.StandardJMeterEngine: Starting 100 threads for group Thread Group - HH.
2021-01-03 19:11:21,666 INFO o.a.j.e.StandardJMeterEngine: Thread will continue on error
2021-01-03 19:11:21,666 INFO o.a.j.t.ThreadGroup: Starting thread group... number=1 threads=100 ramp-up=1 delayedStart=false
2021-01-03 19:11:21,676 INFO o.a.j.t.JMeterThread: Thread started: Thread Group - HH 1-1
2021-01-03 19:11:21,684 INFO o.a.j.t.JMeterThread: Thread started: Thread Group - HH 1-2
2021-01-03 19:11:21,692 INFO o.a.j.t.JMeterThread: Thread started: Thread Group - HH 1-3
2021-01-03 19:11:21,698 INFO o.a.j.t.JMeterThread: Thread started: Thread Group - HH 1-4
2021-01-03 19:11:21,707 INFO o.a.j.p.h.s.HTTPHCAbstractImpl: Local host = LAPTOP-DSVV6SSR
2021-01-03 19:11:21,708 INFO o.a.j.t.JMeterThread: Thread started: Thread Group - HH 1-5
2021-01-03 19:11:21,710 INFO o.a.j.t.ThreadGroup: Started thread group number 1
2021-01-03 19:11:21,710 INFO o.a.j.e.StandardJMeterEngine: All thread groups have been started
2021-01-03 19:11:21,713 INFO o.a.j.p.h.s.HTTPHC4Impl: HTTP request retry count = 0
2021-01-03 19:11:21,715 INFO o.a.j.s.SampleResult: Note: Sample TimeStamps are START times
2021-01-03 19:11:21,715 INFO o.a.j.s.SampleResult: sampleresult.default.encoding is set to ISO-8859-1
2021-01-03 19:11:21,715 INFO o.a.j.s.SampleResult: sampleresult.useNanoTime=true
2021-01-03 19:11:21,715 INFO o.a.j.s.SampleResult: sampleresult.nanoThreadSleep=5000
2021-01-03 19:11:21,720 INFO o.a.j.t.JMeterThread: Thread started: Thread Group - HH 1-6
2021-01-03 19:11:21,730 INFO o.a.j.t.JMeterThread: Thread started: Thread Group - HH 1-7
2021-01-03 19:11:21,739 INFO o.a.j.t.JMeterThread: Thread started: Thread Group - HH 1-8
2021-01-03 19:11:21,747 INFO o.a.j.t.JMeterThread: Thread started: Thread Group - HH 1-9
2021-01-03 19:11:21,757 INFO o.a.j.t.JMeterThread: Thread started: Thread Group - HH 1-10
2021-01-03 19:11:21,768 INFO o.a.j.t.JMeterThread: Thread started: Thread Group - HH 1-11
2021-01-03 19:11:21,778 INFO o.a.j.t.JMeterThread: Thread started: Thread Group - HH 1-12
2021-01-03 19:11:21,787 INFO o.a.j.t.JMeterThread: Thread started: Thread Group - HH 1-13
2021-01-03 19:11:21,797 INFO o.a.j.t.JMeterThread: Thread started: Thread Group - HH 1-14
2021-01-03 19:11:21,808 INFO o.a.j.t.JMeterThread: Thread started: Thread Group - HH 1-15
2021-01-03 19:11:21,816 INFO o.a.j.t.JMeterThread: Thread started: Thread Group - HH 1-16
2021-01-03 19:11:21,827 INFO o.a.j.t.JMeterThread: Thread started: Thread Group - HH 1-17
2021-01-03 19:11:21,837 INFO o.a.j.t.JMeterThread: Thread started: Thread Group - HH 1-18
2021-01-03 19:11:21,846 INFO o.a.j.t.JMeterThread: Thread started: Thread Group - HH 1-19
2021-01-03 19:11:21,857 INFO o.a.j.t.JMeterThread: Thread started: Thread Group - HH 1-20
2021-01-03 19:11:21,866 INFO o.a.j.t.JMeterThread: Thread started: Thread Group - HH 1-21
2021-01-03 19:11:21,878 INFO o.a.j.t.JMeterThread: Thread started: Thread Group - HH 1-22
2021-01-03 19:11:21,888 INFO o.a.j.t.JMeterThread: Thread started: Thread Group - HH 1-23
2021-01-03 19:11:21,897 INFO o.a.j.t.JMeterThread: Thread started: Thread Group - HH 1-24
2021-01-03 19:11:21,912 INFO o.a.j.t.JMeterThread: Thread started: Thread Group - HH 1-25
2021-01-03 19:11:21,917 INFO o.a.j.t.JMeterThread: Thread started: Thread Group - HH 1-26
2021-01-03 19:11:21,926 INFO o.a.j.t.JMeterThread: Thread started: Thread Group - HH 1-27
2021-01-03 19:11:21,937 INFO o.a.j.t.JMeterThread: Thread started: Thread Group - HH 1-28
2021-01-03 19:11:21,946 INFO o.a.j.t.JMeterThread: Thread started: Thread Group - HH 1-29
2021-01-03 19:11:21,957 INFO o.a.j.t.JMeterThread: Thread started: Thread Group - HH 1-30
2021-01-03 19:11:21,967 INFO o.a.j.t.JMeterThread: Thread started: Thread Group - HH 1-31
2021-01-03 19:11:21,976 INFO o.a.j.t.JMeterThread: Thread started: Thread Group - HH 1-32
2021-01-03 19:11:21,987 INFO o.a.j.t.JMeterThread: Thread started: Thread Group - HH 1-33
2021-01-03 19:11:21,997 INFO o.a.j.t.JMeterThread: Thread started: Thread Group - HH 1-34
2021-01-03 19:11:22,007 INFO o.a.j.t.JMeterThread: Thread started: Thread Group - HH 1-35
2021-01-03 19:11:22,017 INFO o.a.j.t.JMeterThread: Thread started: Thread Group - HH 1-36
2021-01-03 19:11:22,028 INFO o.a.j.t.JMeterThread: Thread started: Thread Group - HH 1-37
2021-01-03 19:11:22,037 INFO o.a.j.t.JMeterThread: Thread started: Thread Group - HH 1-38
2021-01-03 19:11:22,048 INFO o.a.j.t.JMeterThread: Thread started: Thread Group - HH 1-39
2021-01-03 19:11:22,058 INFO o.a.j.t.JMeterThread: Thread started: Thread Group - HH 1-40
2021-01-03 19:11:22,067 INFO o.a.j.t.JMeterThread: Thread started: Thread Group - HH 1-41
2021-01-03 19:11:22,078 INFO o.a.j.t.JMeterThread: Thread started: Thread Group - HH 1-42
2021-01-03 19:11:22,088 INFO o.a.j.t.JMeterThread: Thread started: Thread Group - HH 1-43
2021-01-03 19:11:22,097 INFO o.a.j.t.JMeterThread: Thread started: Thread Group - HH 1-44
2021-01-03 19:11:22,107 INFO o.a.j.t.JMeterThread: Thread started: Thread Group - HH 1-45
2021-01-03 19:11:22,118 INFO o.a.j.t.JMeterThread: Thread started: Thread Group - HH 1-46
2021-01-03 19:11:22,127 INFO o.a.j.t.JMeterThread: Thread started: Thread Group - HH 1-47
2021-01-03 19:11:22,138 INFO o.a.j.t.JMeterThread: Thread started: Thread Group - HH 1-48
2021-01-03 19:11:22,148 INFO o.a.j.t.JMeterThread: Thread started: Thread Group - HH 1-49
2021-01-03 19:11:22,158 INFO o.a.j.t.JMeterThread: Thread started: Thread Group - HH 1-50
2021-01-03 19:11:22,167 INFO o.a.j.t.JMeterThread: Thread started: Thread Group - HH 1-51
2021-01-03 19:11:22,177 INFO o.a.j.t.JMeterThread: Thread started: Thread Group - HH 1-52
2021-01-03 19:11:22,190 INFO o.a.j.t.JMeterThread: Thread started: Thread Group - HH 1-53
2021-01-03 19:11:22,198 INFO o.a.j.t.JMeterThread: Thread started: Thread Group - HH 1-54
2021-01-03 19:11:22,207 INFO o.a.j.t.JMeterThread: Thread started: Thread Group - HH 1-55
2021-01-03 19:11:22,217 INFO o.a.j.t.JMeterThread: Thread started: Thread Group - HH 1-56
2021-01-03 19:11:22,228 INFO o.a.j.t.JMeterThread: Thread started: Thread Group - HH 1-57
2021-01-03 19:11:22,238 INFO o.a.j.t.JMeterThread: Thread started: Thread Group - HH 1-58
2021-01-03 19:11:22,247 INFO o.a.j.t.JMeterThread: Thread started: Thread Group - HH 1-59
2021-01-03 19:11:22,257 INFO o.a.j.t.JMeterThread: Thread started: Thread Group - HH 1-60
2021-01-03 19:11:22,267 INFO o.a.j.t.JMeterThread: Thread started: Thread Group - HH 1-61
2021-01-03 19:11:22,278 INFO o.a.j.t.JMeterThread: Thread started: Thread Group - HH 1-62
2021-01-03 19:11:22,287 INFO o.a.j.t.JMeterThread: Thread started: Thread Group - HH 1-63
2021-01-03 19:11:22,298 INFO o.a.j.t.JMeterThread: Thread started: Thread Group - HH 1-64
2021-01-03 19:11:22,307 INFO o.a.j.t.JMeterThread: Thread started: Thread Group - HH 1-65
2021-01-03 19:11:22,317 INFO o.a.j.t.JMeterThread: Thread started: Thread Group - HH 1-66
2021-01-03 19:11:22,327 INFO o.a.j.t.JMeterThread: Thread started: Thread Group - HH 1-67
2021-01-03 19:11:22,338 INFO o.a.j.t.JMeterThread: Thread started: Thread Group - HH 1-68
2021-01-03 19:11:22,346 INFO o.a.j.t.JMeterThread: Thread started: Thread Group - HH 1-69
2021-01-03 19:11:22,357 INFO o.a.j.t.JMeterThread: Thread started: Thread Group - HH 1-70
2021-01-03 19:11:22,368 INFO o.a.j.t.JMeterThread: Thread started: Thread Group - HH 1-71
2021-01-03 19:11:22,378 INFO o.a.j.t.JMeterThread: Thread started: Thread Group - HH 1-72
2021-01-03 19:11:22,386 INFO o.a.j.t.JMeterThread: Thread started: Thread Group - HH 1-73
2021-01-03 19:11:22,398 INFO o.a.j.t.JMeterThread: Thread started: Thread Group - HH 1-74
2021-01-03 19:11:22,408 INFO o.a.j.t.JMeterThread: Thread started: Thread Group - HH 1-75
2021-01-03 19:11:22,417 INFO o.a.j.t.JMeterThread: Thread started: Thread Group - HH 1-76
2021-01-03 19:11:22,427 INFO o.a.j.t.JMeterThread: Thread started: Thread Group - HH 1-77
2021-01-03 19:11:22,438 INFO o.a.j.t.JMeterThread: Thread started: Thread Group - HH 1-78
2021-01-03 19:11:22,447 INFO o.a.j.t.JMeterThread: Thread started: Thread Group - HH 1-79
2021-01-03 19:11:22,458 INFO o.a.j.t.JMeterThread: Thread started: Thread Group - HH 1-80
2021-01-03 19:11:22,467 INFO o.a.j.t.JMeterThread: Thread started: Thread Group - HH 1-81
2021-01-03 19:11:22,476 INFO o.a.j.t.JMeterThread: Thread started: Thread Group - HH 1-82
2021-01-03 19:11:22,488 INFO o.a.j.t.JMeterThread: Thread started: Thread Group - HH 1-83
2021-01-03 19:11:22,497 INFO o.a.j.t.JMeterThread: Thread started: Thread Group - HH 1-84
2021-01-03 19:11:22,506 INFO o.a.j.t.JMeterThread: Thread started: Thread Group - HH 1-85
2021-01-03 19:11:22,517 INFO o.a.j.t.JMeterThread: Thread started: Thread Group - HH 1-86
2021-01-03 19:11:22,528 INFO o.a.j.t.JMeterThread: Thread started: Thread Group - HH 1-87
2021-01-03 19:11:22,537 INFO o.a.j.t.JMeterThread: Thread started: Thread Group - HH 1-88
2021-01-03 19:11:22,546 INFO o.a.j.t.JMeterThread: Thread started: Thread Group - HH 1-89
2021-01-03 19:11:22,557 INFO o.a.j.t.JMeterThread: Thread started: Thread Group - HH 1-90
2021-01-03 19:11:22,568 INFO o.a.j.t.JMeterThread: Thread started: Thread Group - HH 1-91
2021-01-03 19:11:22,577 INFO o.a.j.t.JMeterThread: Thread started: Thread Group - HH 1-92
2021-01-03 19:11:22,586 INFO o.a.j.t.JMeterThread: Thread started: Thread Group - HH 1-93
2021-01-03 19:11:22,597 INFO o.a.j.t.JMeterThread: Thread started: Thread Group - HH 1-94
2021-01-03 19:11:22,608 INFO o.a.j.t.JMeterThread: Thread started: Thread Group - HH 1-95
2021-01-03 19:11:22,617 INFO o.a.j.t.JMeterThread: Thread started: Thread Group - HH 1-96
2021-01-03 19:11:22,627 INFO o.a.j.t.JMeterThread: Thread started: Thread Group - HH 1-97
2021-01-03 19:11:22,637 INFO o.a.j.t.JMeterThread: Thread started: Thread Group - HH 1-98
2021-01-03 19:11:22,648 INFO o.a.j.t.JMeterThread: Thread started: Thread Group - HH 1-99
2021-01-03 19:11:22,658 INFO o.a.j.t.JMeterThread: Thread started: Thread Group - HH 1-100
2021-01-03 19:11:30,006 INFO o.a.j.r.Summariser: summary +   2074 in 00:00:08 =  248.3/s Avg:   265 Min:     0 Max:  1302 Err:   686 (33.08%) Active: 100 Started: 100 Finished: 0
2021-01-03 19:12:00,006 INFO o.a.j.r.Summariser: summary +   7983 in 00:00:30 =  266.1/s Avg:   267 Min:     0 Max:  1587 Err:  2567 (32.16%) Active: 100 Started: 100 Finished: 0
2021-01-03 19:12:00,007 INFO o.a.j.r.Summariser: summary =  10057 in 00:00:38 =  262.2/s Avg:   267 Min:     0 Max:  1587 Err:  3253 (32.35%)
2021-01-03 19:12:21,425 INFO o.a.j.t.JMeterThread: Thread finished: Thread Group - HH 1-12
2021-01-03 19:12:21,446 INFO o.a.j.t.JMeterThread: Thread finished: Thread Group - HH 1-51
2021-01-03 19:12:21,456 INFO o.a.j.t.JMeterThread: Thread finished: Thread Group - HH 1-9
2021-01-03 19:12:21,467 INFO o.a.j.t.JMeterThread: Thread finished: Thread Group - HH 1-53
2021-01-03 19:12:21,470 INFO o.a.j.t.JMeterThread: Thread finished: Thread Group - HH 1-91
2021-01-03 19:12:21,471 INFO o.a.j.t.JMeterThread: Thread finished: Thread Group - HH 1-7
2021-01-03 19:12:21,472 INFO o.a.j.t.JMeterThread: Thread finished: Thread Group - HH 1-5
2021-01-03 19:12:21,474 INFO o.a.j.t.JMeterThread: Thread finished: Thread Group - HH 1-33
2021-01-03 19:12:21,480 INFO o.a.j.t.JMeterThread: Thread finished: Thread Group - HH 1-44
2021-01-03 19:12:21,493 INFO o.a.j.t.JMeterThread: Thread finished: Thread Group - HH 1-40
2021-01-03 19:12:21,494 INFO o.a.j.t.JMeterThread: Thread finished: Thread Group - HH 1-34
2021-01-03 19:12:21,523 INFO o.a.j.t.JMeterThread: Thread finished: Thread Group - HH 1-98
2021-01-03 19:12:21,523 INFO o.a.j.t.JMeterThread: Thread finished: Thread Group - HH 1-74
2021-01-03 19:12:21,528 INFO o.a.j.t.JMeterThread: Thread finished: Thread Group - HH 1-36
2021-01-03 19:12:21,534 INFO o.a.j.t.JMeterThread: Thread finished: Thread Group - HH 1-18
2021-01-03 19:12:21,551 INFO o.a.j.t.JMeterThread: Thread finished: Thread Group - HH 1-28
2021-01-03 19:12:21,557 INFO o.a.j.t.JMeterThread: Thread finished: Thread Group - HH 1-16
2021-01-03 19:12:21,563 INFO o.a.j.t.JMeterThread: Thread finished: Thread Group - HH 1-2
2021-01-03 19:12:21,568 INFO o.a.j.t.JMeterThread: Thread finished: Thread Group - HH 1-20
2021-01-03 19:12:21,573 INFO o.a.j.t.JMeterThread: Thread finished: Thread Group - HH 1-55
2021-01-03 19:12:21,573 INFO o.a.j.t.JMeterThread: Thread finished: Thread Group - HH 1-3
2021-01-03 19:12:21,602 INFO o.a.j.t.JMeterThread: Thread finished: Thread Group - HH 1-97
2021-01-03 19:12:21,613 INFO o.a.j.t.JMeterThread: Thread finished: Thread Group - HH 1-43
2021-01-03 19:12:21,619 INFO o.a.j.t.JMeterThread: Thread finished: Thread Group - HH 1-46
2021-01-03 19:12:21,624 INFO o.a.j.t.JMeterThread: Thread finished: Thread Group - HH 1-1
2021-01-03 19:12:21,630 INFO o.a.j.t.JMeterThread: Thread finished: Thread Group - HH 1-60
2021-01-03 19:12:21,645 INFO o.a.j.t.JMeterThread: Thread finished: Thread Group - HH 1-82
2021-01-03 19:12:21,655 INFO o.a.j.t.JMeterThread: Thread finished: Thread Group - HH 1-22
2021-01-03 19:12:21,660 INFO o.a.j.t.JMeterThread: Thread finished: Thread Group - HH 1-14
2021-01-03 19:12:21,665 INFO o.a.j.t.JMeterThread: Thread finished: Thread Group - HH 1-59
2021-01-03 19:12:21,666 INFO o.a.j.t.JMeterThread: Thread finished: Thread Group - HH 1-69
2021-01-03 19:12:21,668 INFO o.a.j.t.JMeterThread: Thread finished: Thread Group - HH 1-19
2021-01-03 19:12:21,674 INFO o.a.j.t.JMeterThread: Thread finished: Thread Group - HH 1-65
2021-01-03 19:12:21,709 INFO o.a.j.t.JMeterThread: Stopping because end time detected by thread: Thread Group - HH 1-81
2021-01-03 19:12:21,709 INFO o.a.j.t.JMeterThread: Thread finished: Thread Group - HH 1-81
2021-01-03 19:12:21,709 INFO o.a.j.t.JMeterThread: Stopping because end time detected by thread: Thread Group - HH 1-6
2021-01-03 19:12:21,710 INFO o.a.j.t.JMeterThread: Thread finished: Thread Group - HH 1-6
2021-01-03 19:12:21,711 INFO o.a.j.t.JMeterThread: Stopping because end time detected by thread: Thread Group - HH 1-100
2021-01-03 19:12:21,711 INFO o.a.j.t.JMeterThread: Thread finished: Thread Group - HH 1-100
2021-01-03 19:12:21,717 INFO o.a.j.t.JMeterThread: Stopping because end time detected by thread: Thread Group - HH 1-71
2021-01-03 19:12:21,717 INFO o.a.j.t.JMeterThread: Thread finished: Thread Group - HH 1-71
2021-01-03 19:12:21,718 INFO o.a.j.t.JMeterThread: Stopping because end time detected by thread: Thread Group - HH 1-13
2021-01-03 19:12:21,718 INFO o.a.j.t.JMeterThread: Thread finished: Thread Group - HH 1-13
2021-01-03 19:12:21,729 INFO o.a.j.t.JMeterThread: Stopping because end time detected by thread: Thread Group - HH 1-31
2021-01-03 19:12:21,729 INFO o.a.j.t.JMeterThread: Thread finished: Thread Group - HH 1-31
2021-01-03 19:12:21,729 INFO o.a.j.t.JMeterThread: Stopping because end time detected by thread: Thread Group - HH 1-79
2021-01-03 19:12:21,729 INFO o.a.j.t.JMeterThread: Thread finished: Thread Group - HH 1-79
2021-01-03 19:12:21,730 INFO o.a.j.t.JMeterThread: Stopping because end time detected by thread: Thread Group - HH 1-10
2021-01-03 19:12:21,730 INFO o.a.j.t.JMeterThread: Thread finished: Thread Group - HH 1-10
2021-01-03 19:12:21,734 INFO o.a.j.t.JMeterThread: Stopping because end time detected by thread: Thread Group - HH 1-88
2021-01-03 19:12:21,734 INFO o.a.j.t.JMeterThread: Thread finished: Thread Group - HH 1-88
2021-01-03 19:12:21,738 INFO o.a.j.t.JMeterThread: Stopping because end time detected by thread: Thread Group - HH 1-41
2021-01-03 19:12:21,738 INFO o.a.j.t.JMeterThread: Thread finished: Thread Group - HH 1-41
2021-01-03 19:12:21,744 INFO o.a.j.t.JMeterThread: Stopping because end time detected by thread: Thread Group - HH 1-63
2021-01-03 19:12:21,744 INFO o.a.j.t.JMeterThread: Thread finished: Thread Group - HH 1-63
2021-01-03 19:12:21,840 INFO o.a.j.t.JMeterThread: Stopping because end time detected by thread: Thread Group - HH 1-24
2021-01-03 19:12:21,840 INFO o.a.j.t.JMeterThread: Thread finished: Thread Group - HH 1-24
2021-01-03 19:12:21,843 INFO o.a.j.t.JMeterThread: Stopping because end time detected by thread: Thread Group - HH 1-11
2021-01-03 19:12:21,844 INFO o.a.j.t.JMeterThread: Thread finished: Thread Group - HH 1-11
2021-01-03 19:12:21,868 INFO o.a.j.t.JMeterThread: Stopping because end time detected by thread: Thread Group - HH 1-57
2021-01-03 19:12:21,868 INFO o.a.j.t.JMeterThread: Thread finished: Thread Group - HH 1-57
2021-01-03 19:12:21,871 INFO o.a.j.t.JMeterThread: Stopping because end time detected by thread: Thread Group - HH 1-96
2021-01-03 19:12:21,871 INFO o.a.j.t.JMeterThread: Thread finished: Thread Group - HH 1-96
2021-01-03 19:12:21,873 INFO o.a.j.t.JMeterThread: Stopping because end time detected by thread: Thread Group - HH 1-62
2021-01-03 19:12:21,873 INFO o.a.j.t.JMeterThread: Thread finished: Thread Group - HH 1-62
2021-01-03 19:12:21,879 INFO o.a.j.t.JMeterThread: Stopping because end time detected by thread: Thread Group - HH 1-61
2021-01-03 19:12:21,879 INFO o.a.j.t.JMeterThread: Thread finished: Thread Group - HH 1-61
2021-01-03 19:12:21,892 INFO o.a.j.t.JMeterThread: Stopping because end time detected by thread: Thread Group - HH 1-68
2021-01-03 19:12:21,893 INFO o.a.j.t.JMeterThread: Thread finished: Thread Group - HH 1-68
2021-01-03 19:12:21,893 INFO o.a.j.t.JMeterThread: Stopping because end time detected by thread: Thread Group - HH 1-50
2021-01-03 19:12:21,894 INFO o.a.j.t.JMeterThread: Thread finished: Thread Group - HH 1-50
2021-01-03 19:12:21,897 INFO o.a.j.t.JMeterThread: Stopping because end time detected by thread: Thread Group - HH 1-87
2021-01-03 19:12:21,898 INFO o.a.j.t.JMeterThread: Thread finished: Thread Group - HH 1-87
2021-01-03 19:12:21,928 INFO o.a.j.t.JMeterThread: Stopping because end time detected by thread: Thread Group - HH 1-48
2021-01-03 19:12:21,928 INFO o.a.j.t.JMeterThread: Thread finished: Thread Group - HH 1-48
2021-01-03 19:12:21,933 INFO o.a.j.t.JMeterThread: Stopping because end time detected by thread: Thread Group - HH 1-56
2021-01-03 19:12:21,933 INFO o.a.j.t.JMeterThread: Thread finished: Thread Group - HH 1-56
2021-01-03 19:12:21,933 INFO o.a.j.t.JMeterThread: Stopping because end time detected by thread: Thread Group - HH 1-32
2021-01-03 19:12:21,933 INFO o.a.j.t.JMeterThread: Thread finished: Thread Group - HH 1-32
2021-01-03 19:12:21,933 INFO o.a.j.t.JMeterThread: Stopping because end time detected by thread: Thread Group - HH 1-89
2021-01-03 19:12:21,933 INFO o.a.j.t.JMeterThread: Thread finished: Thread Group - HH 1-89
2021-01-03 19:12:21,934 INFO o.a.j.t.JMeterThread: Stopping because end time detected by thread: Thread Group - HH 1-49
2021-01-03 19:12:21,935 INFO o.a.j.t.JMeterThread: Thread finished: Thread Group - HH 1-49
2021-01-03 19:12:21,939 INFO o.a.j.t.JMeterThread: Stopping because end time detected by thread: Thread Group - HH 1-66
2021-01-03 19:12:21,939 INFO o.a.j.t.JMeterThread: Thread finished: Thread Group - HH 1-66
2021-01-03 19:12:21,943 INFO o.a.j.t.JMeterThread: Stopping because end time detected by thread: Thread Group - HH 1-93
2021-01-03 19:12:21,943 INFO o.a.j.t.JMeterThread: Thread finished: Thread Group - HH 1-93
2021-01-03 19:12:21,945 INFO o.a.j.t.JMeterThread: Stopping because end time detected by thread: Thread Group - HH 1-25
2021-01-03 19:12:21,945 INFO o.a.j.t.JMeterThread: Thread finished: Thread Group - HH 1-25
2021-01-03 19:12:21,953 INFO o.a.j.t.JMeterThread: Stopping because end time detected by thread: Thread Group - HH 1-85
2021-01-03 19:12:21,953 INFO o.a.j.t.JMeterThread: Thread finished: Thread Group - HH 1-85
2021-01-03 19:12:21,957 INFO o.a.j.t.JMeterThread: Stopping because end time detected by thread: Thread Group - HH 1-83
2021-01-03 19:12:21,957 INFO o.a.j.t.JMeterThread: Thread finished: Thread Group - HH 1-83
2021-01-03 19:12:21,958 INFO o.a.j.t.JMeterThread: Stopping because end time detected by thread: Thread Group - HH 1-67
2021-01-03 19:12:21,958 INFO o.a.j.t.JMeterThread: Thread finished: Thread Group - HH 1-67
2021-01-03 19:12:21,967 INFO o.a.j.t.JMeterThread: Stopping because end time detected by thread: Thread Group - HH 1-94
2021-01-03 19:12:21,967 INFO o.a.j.t.JMeterThread: Thread finished: Thread Group - HH 1-94
2021-01-03 19:12:21,968 INFO o.a.j.t.JMeterThread: Stopping because end time detected by thread: Thread Group - HH 1-42
2021-01-03 19:12:21,968 INFO o.a.j.t.JMeterThread: Thread finished: Thread Group - HH 1-42
2021-01-03 19:12:21,969 INFO o.a.j.t.JMeterThread: Stopping because end time detected by thread: Thread Group - HH 1-8
2021-01-03 19:12:21,970 INFO o.a.j.t.JMeterThread: Thread finished: Thread Group - HH 1-8
2021-01-03 19:12:21,972 INFO o.a.j.t.JMeterThread: Stopping because end time detected by thread: Thread Group - HH 1-80
2021-01-03 19:12:21,973 INFO o.a.j.t.JMeterThread: Thread finished: Thread Group - HH 1-80
2021-01-03 19:12:21,974 INFO o.a.j.t.JMeterThread: Stopping because end time detected by thread: Thread Group - HH 1-39
2021-01-03 19:12:21,974 INFO o.a.j.t.JMeterThread: Thread finished: Thread Group - HH 1-39
2021-01-03 19:12:21,975 INFO o.a.j.t.JMeterThread: Stopping because end time detected by thread: Thread Group - HH 1-17
2021-01-03 19:12:21,975 INFO o.a.j.t.JMeterThread: Thread finished: Thread Group - HH 1-17
2021-01-03 19:12:21,976 INFO o.a.j.t.JMeterThread: Stopping because end time detected by thread: Thread Group - HH 1-52
2021-01-03 19:12:21,977 INFO o.a.j.t.JMeterThread: Thread finished: Thread Group - HH 1-52
2021-01-03 19:12:21,980 INFO o.a.j.t.JMeterThread: Stopping because end time detected by thread: Thread Group - HH 1-99
2021-01-03 19:12:21,980 INFO o.a.j.t.JMeterThread: Thread finished: Thread Group - HH 1-99
2021-01-03 19:12:21,982 INFO o.a.j.t.JMeterThread: Stopping because end time detected by thread: Thread Group - HH 1-29
2021-01-03 19:12:21,982 INFO o.a.j.t.JMeterThread: Thread finished: Thread Group - HH 1-29
2021-01-03 19:12:21,985 INFO o.a.j.t.JMeterThread: Stopping because end time detected by thread: Thread Group - HH 1-73
2021-01-03 19:12:21,985 INFO o.a.j.t.JMeterThread: Thread finished: Thread Group - HH 1-73
2021-01-03 19:12:21,990 INFO o.a.j.t.JMeterThread: Stopping because end time detected by thread: Thread Group - HH 1-76
2021-01-03 19:12:21,990 INFO o.a.j.t.JMeterThread: Thread finished: Thread Group - HH 1-76
2021-01-03 19:12:21,994 INFO o.a.j.t.JMeterThread: Stopping because end time detected by thread: Thread Group - HH 1-23
2021-01-03 19:12:21,994 INFO o.a.j.t.JMeterThread: Thread finished: Thread Group - HH 1-23
2021-01-03 19:12:21,995 INFO o.a.j.t.JMeterThread: Stopping because end time detected by thread: Thread Group - HH 1-37
2021-01-03 19:12:21,995 INFO o.a.j.t.JMeterThread: Thread finished: Thread Group - HH 1-37
2021-01-03 19:12:21,995 INFO o.a.j.t.JMeterThread: Stopping because end time detected by thread: Thread Group - HH 1-26
2021-01-03 19:12:21,995 INFO o.a.j.t.JMeterThread: Thread finished: Thread Group - HH 1-26
2021-01-03 19:12:22,001 INFO o.a.j.t.JMeterThread: Stopping because end time detected by thread: Thread Group - HH 1-27
2021-01-03 19:12:22,001 INFO o.a.j.t.JMeterThread: Stopping because end time detected by thread: Thread Group - HH 1-54
2021-01-03 19:12:22,001 INFO o.a.j.t.JMeterThread: Thread finished: Thread Group - HH 1-27
2021-01-03 19:12:22,001 INFO o.a.j.t.JMeterThread: Thread finished: Thread Group - HH 1-54
2021-01-03 19:12:22,001 INFO o.a.j.t.JMeterThread: Stopping because end time detected by thread: Thread Group - HH 1-38
2021-01-03 19:12:22,002 INFO o.a.j.t.JMeterThread: Thread finished: Thread Group - HH 1-38
2021-01-03 19:12:22,003 INFO o.a.j.t.JMeterThread: Stopping because end time detected by thread: Thread Group - HH 1-45
2021-01-03 19:12:22,003 INFO o.a.j.t.JMeterThread: Thread finished: Thread Group - HH 1-45
2021-01-03 19:12:22,005 INFO o.a.j.t.JMeterThread: Stopping because end time detected by thread: Thread Group - HH 1-21
2021-01-03 19:12:22,005 INFO o.a.j.t.JMeterThread: Thread finished: Thread Group - HH 1-21
2021-01-03 19:12:22,016 INFO o.a.j.t.JMeterThread: Stopping because end time detected by thread: Thread Group - HH 1-35
2021-01-03 19:12:22,016 INFO o.a.j.t.JMeterThread: Thread finished: Thread Group - HH 1-35
2021-01-03 19:12:22,023 INFO o.a.j.t.JMeterThread: Stopping because end time detected by thread: Thread Group - HH 1-64
2021-01-03 19:12:22,023 INFO o.a.j.t.JMeterThread: Thread finished: Thread Group - HH 1-64
2021-01-03 19:12:22,023 INFO o.a.j.t.JMeterThread: Stopping because end time detected by thread: Thread Group - HH 1-70
2021-01-03 19:12:22,023 INFO o.a.j.t.JMeterThread: Thread finished: Thread Group - HH 1-70
2021-01-03 19:12:22,024 INFO o.a.j.t.JMeterThread: Stopping because end time detected by thread: Thread Group - HH 1-58
2021-01-03 19:12:22,024 INFO o.a.j.t.JMeterThread: Thread finished: Thread Group - HH 1-58
2021-01-03 19:12:22,025 INFO o.a.j.t.JMeterThread: Stopping because end time detected by thread: Thread Group - HH 1-77
2021-01-03 19:12:22,025 INFO o.a.j.t.JMeterThread: Thread finished: Thread Group - HH 1-77
2021-01-03 19:12:22,028 INFO o.a.j.t.JMeterThread: Stopping because end time detected by thread: Thread Group - HH 1-78
2021-01-03 19:12:22,028 INFO o.a.j.t.JMeterThread: Thread finished: Thread Group - HH 1-78
2021-01-03 19:12:22,028 INFO o.a.j.t.JMeterThread: Stopping because end time detected by thread: Thread Group - HH 1-47
2021-01-03 19:12:22,028 INFO o.a.j.t.JMeterThread: Thread finished: Thread Group - HH 1-47
2021-01-03 19:12:22,029 INFO o.a.j.t.JMeterThread: Stopping because end time detected by thread: Thread Group - HH 1-4
2021-01-03 19:12:22,029 INFO o.a.j.t.JMeterThread: Thread finished: Thread Group - HH 1-4
2021-01-03 19:12:22,030 INFO o.a.j.t.JMeterThread: Stopping because end time detected by thread: Thread Group - HH 1-95
2021-01-03 19:12:22,030 INFO o.a.j.t.JMeterThread: Thread finished: Thread Group - HH 1-95
2021-01-03 19:12:22,030 INFO o.a.j.t.JMeterThread: Stopping because end time detected by thread: Thread Group - HH 1-75
2021-01-03 19:12:22,030 INFO o.a.j.t.JMeterThread: Thread finished: Thread Group - HH 1-75
2021-01-03 19:12:22,030 INFO o.a.j.t.JMeterThread: Stopping because end time detected by thread: Thread Group - HH 1-90
2021-01-03 19:12:22,030 INFO o.a.j.t.JMeterThread: Thread finished: Thread Group - HH 1-90
2021-01-03 19:12:22,031 INFO o.a.j.t.JMeterThread: Stopping because end time detected by thread: Thread Group - HH 1-30
2021-01-03 19:12:22,031 INFO o.a.j.t.JMeterThread: Stopping because end time detected by thread: Thread Group - HH 1-84
2021-01-03 19:12:22,031 INFO o.a.j.t.JMeterThread: Thread finished: Thread Group - HH 1-30
2021-01-03 19:12:22,031 INFO o.a.j.t.JMeterThread: Thread finished: Thread Group - HH 1-84
2021-01-03 19:12:22,032 INFO o.a.j.t.JMeterThread: Stopping because end time detected by thread: Thread Group - HH 1-72
2021-01-03 19:12:22,032 INFO o.a.j.t.JMeterThread: Thread finished: Thread Group - HH 1-72
2021-01-03 19:12:22,032 INFO o.a.j.t.JMeterThread: Stopping because end time detected by thread: Thread Group - HH 1-86
2021-01-03 19:12:22,032 INFO o.a.j.t.JMeterThread: Thread finished: Thread Group - HH 1-86
2021-01-03 19:12:22,033 INFO o.a.j.t.JMeterThread: Stopping because end time detected by thread: Thread Group - HH 1-92
2021-01-03 19:12:22,033 INFO o.a.j.t.JMeterThread: Thread finished: Thread Group - HH 1-92
2021-01-03 19:12:22,034 INFO o.a.j.t.JMeterThread: Stopping because end time detected by thread: Thread Group - HH 1-15
2021-01-03 19:12:22,034 INFO o.a.j.t.JMeterThread: Thread finished: Thread Group - HH 1-15
2021-01-03 19:12:22,034 INFO o.a.j.e.StandardJMeterEngine: Notifying test listeners of end of test
2021-01-03 19:12:22,035 INFO o.a.j.r.Summariser: summary +   5954 in 00:00:22 =  270.3/s Avg:   264 Min:     0 Max:  1595 Err:  1941 (32.60%) Active: 0 Started: 100 Finished: 100
2021-01-03 19:12:22,036 INFO o.a.j.r.Summariser: summary =  16011 in 00:01:00 =  265.2/s Avg:   266 Min:     0 Max:  1595 Err:  5194 (32.44%)
