2021-01-03 19:13:59,430 INFO o.a.j.u.JMeterUtils: Setting Locale to en_EN
2021-01-03 19:13:59,450 INFO o.a.j.JMeter: Loading user properties from: user.properties
2021-01-03 19:13:59,451 INFO o.a.j.JMeter: Loading system properties from: system.properties
2021-01-03 19:13:59,452 INFO o.a.j.JMeter: Copyright (c) 1998-2020 The Apache Software Foundation
2021-01-03 19:13:59,452 INFO o.a.j.JMeter: Version 5.3
2021-01-03 19:13:59,453 INFO o.a.j.JMeter: java.version=11.0.8
2021-01-03 19:13:59,453 INFO o.a.j.JMeter: java.vm.name=Java HotSpot(TM) 64-Bit Server VM
2021-01-03 19:13:59,453 INFO o.a.j.JMeter: os.name=Windows 10
2021-01-03 19:13:59,473 INFO o.a.j.JMeter: os.arch=amd64
2021-01-03 19:13:59,474 INFO o.a.j.JMeter: os.version=10.0
2021-01-03 19:13:59,474 INFO o.a.j.JMeter: file.encoding=Cp1252
2021-01-03 19:13:59,474 INFO o.a.j.JMeter: java.awt.headless=true
2021-01-03 19:13:59,474 INFO o.a.j.JMeter: Max memory     =1073741824
2021-01-03 19:13:59,474 INFO o.a.j.JMeter: Available Processors =8
2021-01-03 19:13:59,482 INFO o.a.j.JMeter: Default Locale=English (EN)
2021-01-03 19:13:59,483 INFO o.a.j.JMeter: JMeter  Locale=English (EN)
2021-01-03 19:13:59,483 INFO o.a.j.JMeter: JMeterHome=C:\Users\fabio\Documents\Fabio\Università\Magistrale\2°anno\1°semestre\Impianti di Elaborazione\apache-jmeter-5.3
2021-01-03 19:13:59,483 INFO o.a.j.JMeter: user.dir  =C:\Users\fabio\Documents\Fabio\Università\Magistrale\2°anno\1°semestre\Impianti di Elaborazione\apache-jmeter-5.3\bin
2021-01-03 19:13:59,484 INFO o.a.j.JMeter: PWD       =C:\Users\fabio\Documents\Fabio\Università\Magistrale\2°anno\1°semestre\Impianti di Elaborazione\apache-jmeter-5.3\bin
2021-01-03 19:13:59,487 INFO o.a.j.JMeter: IP: 192.168.56.1 Name: LAPTOP-DSVV6SSR FullName: 192.168.56.1
2021-01-03 19:13:59,493 INFO o.a.j.s.FileServer: Default base='C:\Users\fabio\Documents\Fabio\Università\Magistrale\2°anno\1°semestre\Impianti di Elaborazione\apache-jmeter-5.3\bin'
2021-01-03 19:13:59,494 INFO o.a.j.s.FileServer: Set new base='C:\Users\fabio\Documents\Fabio\Università\Magistrale\2°anno\1°semestre\Impianti di Elaborazione\apache-jmeter-5.3\bin'
2021-01-03 19:13:59,621 INFO o.a.j.s.SaveService: Testplan (JMX) version: 2.2. Testlog (JTL) version: 2.2
2021-01-03 19:13:59,639 INFO o.a.j.s.SaveService: Using SaveService properties version 5.0
2021-01-03 19:13:59,642 INFO o.a.j.s.SaveService: Using SaveService properties file encoding UTF-8
2021-01-03 19:13:59,646 INFO o.a.j.s.SaveService: Loading file: DesignofExperiment.jmx
2021-01-03 19:13:59,709 INFO o.a.j.p.h.s.HTTPSamplerBase: Parser for text/html is org.apache.jmeter.protocol.http.parser.LagartoBasedHtmlParser
2021-01-03 19:13:59,709 INFO o.a.j.p.h.s.HTTPSamplerBase: Parser for application/xhtml+xml is org.apache.jmeter.protocol.http.parser.LagartoBasedHtmlParser
2021-01-03 19:13:59,709 INFO o.a.j.p.h.s.HTTPSamplerBase: Parser for application/xml is org.apache.jmeter.protocol.http.parser.LagartoBasedHtmlParser
2021-01-03 19:13:59,709 INFO o.a.j.p.h.s.HTTPSamplerBase: Parser for text/xml is org.apache.jmeter.protocol.http.parser.LagartoBasedHtmlParser
2021-01-03 19:13:59,709 INFO o.a.j.p.h.s.HTTPSamplerBase: Parser for text/vnd.wap.wml is org.apache.jmeter.protocol.http.parser.RegexpHTMLParser
2021-01-03 19:13:59,709 INFO o.a.j.p.h.s.HTTPSamplerBase: Parser for text/css is org.apache.jmeter.protocol.http.parser.CssParser
2021-01-03 19:13:59,735 INFO o.a.j.JMeter: Creating summariser <summary>
2021-01-03 19:13:59,741 INFO o.a.j.e.StandardJMeterEngine: Running the test!
2021-01-03 19:13:59,742 INFO o.a.j.s.SampleEvent: List of sample_variables: []
2021-01-03 19:13:59,742 INFO o.a.j.s.SampleEvent: List of sample_variables: []
2021-01-03 19:13:59,751 INFO o.a.j.e.u.CompoundVariable: Note: Function class names must contain the string: '.functions.'
2021-01-03 19:13:59,751 INFO o.a.j.e.u.CompoundVariable: Note: Function class names must not contain the string: '.gui.'
2021-01-03 19:14:00,049 INFO o.a.j.JMeter: Running test (1609697640049)
2021-01-03 19:14:00,064 INFO o.a.j.e.StandardJMeterEngine: Starting ThreadGroup: 1 : Thread Group - HH
2021-01-03 19:14:00,064 INFO o.a.j.e.StandardJMeterEngine: Starting 100 threads for group Thread Group - HH.
2021-01-03 19:14:00,064 INFO o.a.j.e.StandardJMeterEngine: Thread will continue on error
2021-01-03 19:14:00,064 INFO o.a.j.t.ThreadGroup: Starting thread group... number=1 threads=100 ramp-up=1 delayedStart=false
2021-01-03 19:14:00,073 INFO o.a.j.t.JMeterThread: Thread started: Thread Group - HH 1-1
2021-01-03 19:14:00,080 INFO o.a.j.t.JMeterThread: Thread started: Thread Group - HH 1-2
2021-01-03 19:14:00,088 INFO o.a.j.t.JMeterThread: Thread started: Thread Group - HH 1-3
2021-01-03 19:14:00,097 INFO o.a.j.t.JMeterThread: Thread started: Thread Group - HH 1-4
2021-01-03 19:14:00,106 INFO o.a.j.t.JMeterThread: Thread started: Thread Group - HH 1-5
2021-01-03 19:14:00,109 INFO o.a.j.p.h.s.HTTPHCAbstractImpl: Local host = LAPTOP-DSVV6SSR
2021-01-03 19:14:00,111 INFO o.a.j.t.ThreadGroup: Started thread group number 1
2021-01-03 19:14:00,111 INFO o.a.j.e.StandardJMeterEngine: All thread groups have been started
2021-01-03 19:14:00,115 INFO o.a.j.p.h.s.HTTPHC4Impl: HTTP request retry count = 0
2021-01-03 19:14:00,117 INFO o.a.j.s.SampleResult: Note: Sample TimeStamps are START times
2021-01-03 19:14:00,117 INFO o.a.j.s.SampleResult: sampleresult.default.encoding is set to ISO-8859-1
2021-01-03 19:14:00,117 INFO o.a.j.s.SampleResult: sampleresult.useNanoTime=true
2021-01-03 19:14:00,117 INFO o.a.j.s.SampleResult: sampleresult.nanoThreadSleep=5000
2021-01-03 19:14:00,119 INFO o.a.j.t.JMeterThread: Thread started: Thread Group - HH 1-6
2021-01-03 19:14:00,127 INFO o.a.j.t.JMeterThread: Thread started: Thread Group - HH 1-7
2021-01-03 19:14:00,137 INFO o.a.j.t.JMeterThread: Thread started: Thread Group - HH 1-8
2021-01-03 19:14:00,146 INFO o.a.j.t.JMeterThread: Thread started: Thread Group - HH 1-9
2021-01-03 19:14:00,155 INFO o.a.j.t.JMeterThread: Thread started: Thread Group - HH 1-10
2021-01-03 19:14:00,166 INFO o.a.j.t.JMeterThread: Thread started: Thread Group - HH 1-11
2021-01-03 19:14:00,176 INFO o.a.j.t.JMeterThread: Thread started: Thread Group - HH 1-12
2021-01-03 19:14:00,186 INFO o.a.j.t.JMeterThread: Thread started: Thread Group - HH 1-13
2021-01-03 19:14:00,195 INFO o.a.j.t.JMeterThread: Thread started: Thread Group - HH 1-14
2021-01-03 19:14:00,206 INFO o.a.j.t.JMeterThread: Thread started: Thread Group - HH 1-15
2021-01-03 19:14:00,216 INFO o.a.j.t.JMeterThread: Thread started: Thread Group - HH 1-16
2021-01-03 19:14:00,225 INFO o.a.j.t.JMeterThread: Thread started: Thread Group - HH 1-17
2021-01-03 19:14:00,236 INFO o.a.j.t.JMeterThread: Thread started: Thread Group - HH 1-18
2021-01-03 19:14:00,246 INFO o.a.j.t.JMeterThread: Thread started: Thread Group - HH 1-19
2021-01-03 19:14:00,258 INFO o.a.j.t.JMeterThread: Thread started: Thread Group - HH 1-20
2021-01-03 19:14:00,269 INFO o.a.j.t.JMeterThread: Thread started: Thread Group - HH 1-21
2021-01-03 19:14:00,287 INFO o.a.j.t.JMeterThread: Thread started: Thread Group - HH 1-22
2021-01-03 19:14:00,289 INFO o.a.j.t.JMeterThread: Thread started: Thread Group - HH 1-23
2021-01-03 19:14:00,296 INFO o.a.j.t.JMeterThread: Thread started: Thread Group - HH 1-24
2021-01-03 19:14:00,306 INFO o.a.j.t.JMeterThread: Thread started: Thread Group - HH 1-25
2021-01-03 19:14:00,312 INFO o.a.j.r.Summariser: summary +      1 in 00:00:00 =    3.8/s Avg:   101 Min:   101 Max:   101 Err:     0 (0.00%) Active: 25 Started: 25 Finished: 0
2021-01-03 19:14:00,316 INFO o.a.j.t.JMeterThread: Thread started: Thread Group - HH 1-26
2021-01-03 19:14:00,325 INFO o.a.j.t.JMeterThread: Thread started: Thread Group - HH 1-27
2021-01-03 19:14:00,336 INFO o.a.j.t.JMeterThread: Thread started: Thread Group - HH 1-28
2021-01-03 19:14:00,347 INFO o.a.j.t.JMeterThread: Thread started: Thread Group - HH 1-29
2021-01-03 19:14:00,358 INFO o.a.j.t.JMeterThread: Thread started: Thread Group - HH 1-30
2021-01-03 19:14:00,365 INFO o.a.j.t.JMeterThread: Thread started: Thread Group - HH 1-31
2021-01-03 19:14:00,376 INFO o.a.j.t.JMeterThread: Thread started: Thread Group - HH 1-32
2021-01-03 19:14:00,385 INFO o.a.j.t.JMeterThread: Thread started: Thread Group - HH 1-33
2021-01-03 19:14:00,396 INFO o.a.j.t.JMeterThread: Thread started: Thread Group - HH 1-34
2021-01-03 19:14:00,405 INFO o.a.j.t.JMeterThread: Thread started: Thread Group - HH 1-35
2021-01-03 19:14:00,416 INFO o.a.j.t.JMeterThread: Thread started: Thread Group - HH 1-36
2021-01-03 19:14:00,425 INFO o.a.j.t.JMeterThread: Thread started: Thread Group - HH 1-37
2021-01-03 19:14:00,436 INFO o.a.j.t.JMeterThread: Thread started: Thread Group - HH 1-38
2021-01-03 19:14:00,444 INFO o.a.j.t.JMeterThread: Thread started: Thread Group - HH 1-39
2021-01-03 19:14:00,454 INFO o.a.j.t.JMeterThread: Thread started: Thread Group - HH 1-40
2021-01-03 19:14:00,466 INFO o.a.j.t.JMeterThread: Thread started: Thread Group - HH 1-41
2021-01-03 19:14:00,476 INFO o.a.j.t.JMeterThread: Thread started: Thread Group - HH 1-42
2021-01-03 19:14:00,484 INFO o.a.j.t.JMeterThread: Thread started: Thread Group - HH 1-43
2021-01-03 19:14:00,495 INFO o.a.j.t.JMeterThread: Thread started: Thread Group - HH 1-44
2021-01-03 19:14:00,505 INFO o.a.j.t.JMeterThread: Thread started: Thread Group - HH 1-45
2021-01-03 19:14:00,516 INFO o.a.j.t.JMeterThread: Thread started: Thread Group - HH 1-46
2021-01-03 19:14:00,525 INFO o.a.j.t.JMeterThread: Thread started: Thread Group - HH 1-47
2021-01-03 19:14:00,536 INFO o.a.j.t.JMeterThread: Thread started: Thread Group - HH 1-48
2021-01-03 19:14:00,546 INFO o.a.j.t.JMeterThread: Thread started: Thread Group - HH 1-49
2021-01-03 19:14:00,555 INFO o.a.j.t.JMeterThread: Thread started: Thread Group - HH 1-50
2021-01-03 19:14:00,567 INFO o.a.j.t.JMeterThread: Thread started: Thread Group - HH 1-51
2021-01-03 19:14:00,579 INFO o.a.j.t.JMeterThread: Thread started: Thread Group - HH 1-52
2021-01-03 19:14:00,585 INFO o.a.j.t.JMeterThread: Thread started: Thread Group - HH 1-53
2021-01-03 19:14:00,596 INFO o.a.j.t.JMeterThread: Thread started: Thread Group - HH 1-54
2021-01-03 19:14:00,605 INFO o.a.j.t.JMeterThread: Thread started: Thread Group - HH 1-55
2021-01-03 19:14:00,614 INFO o.a.j.t.JMeterThread: Thread started: Thread Group - HH 1-56
2021-01-03 19:14:00,625 INFO o.a.j.t.JMeterThread: Thread started: Thread Group - HH 1-57
2021-01-03 19:14:00,636 INFO o.a.j.t.JMeterThread: Thread started: Thread Group - HH 1-58
2021-01-03 19:14:00,644 INFO o.a.j.t.JMeterThread: Thread started: Thread Group - HH 1-59
2021-01-03 19:14:00,655 INFO o.a.j.t.JMeterThread: Thread started: Thread Group - HH 1-60
2021-01-03 19:14:00,665 INFO o.a.j.t.JMeterThread: Thread started: Thread Group - HH 1-61
2021-01-03 19:14:00,675 INFO o.a.j.t.JMeterThread: Thread started: Thread Group - HH 1-62
2021-01-03 19:14:00,685 INFO o.a.j.t.JMeterThread: Thread started: Thread Group - HH 1-63
2021-01-03 19:14:00,695 INFO o.a.j.t.JMeterThread: Thread started: Thread Group - HH 1-64
2021-01-03 19:14:00,704 INFO o.a.j.t.JMeterThread: Thread started: Thread Group - HH 1-65
2021-01-03 19:14:00,715 INFO o.a.j.t.JMeterThread: Thread started: Thread Group - HH 1-66
2021-01-03 19:14:00,725 INFO o.a.j.t.JMeterThread: Thread started: Thread Group - HH 1-67
2021-01-03 19:14:00,735 INFO o.a.j.t.JMeterThread: Thread started: Thread Group - HH 1-68
2021-01-03 19:14:00,744 INFO o.a.j.t.JMeterThread: Thread started: Thread Group - HH 1-69
2021-01-03 19:14:00,756 INFO o.a.j.t.JMeterThread: Thread started: Thread Group - HH 1-70
2021-01-03 19:14:00,765 INFO o.a.j.t.JMeterThread: Thread started: Thread Group - HH 1-71
2021-01-03 19:14:00,775 INFO o.a.j.t.JMeterThread: Thread started: Thread Group - HH 1-72
2021-01-03 19:14:00,785 INFO o.a.j.t.JMeterThread: Thread started: Thread Group - HH 1-73
2021-01-03 19:14:00,794 INFO o.a.j.t.JMeterThread: Thread started: Thread Group - HH 1-74
2021-01-03 19:14:00,805 INFO o.a.j.t.JMeterThread: Thread started: Thread Group - HH 1-75
2021-01-03 19:14:00,815 INFO o.a.j.t.JMeterThread: Thread started: Thread Group - HH 1-76
2021-01-03 19:14:00,825 INFO o.a.j.t.JMeterThread: Thread started: Thread Group - HH 1-77
2021-01-03 19:14:00,835 INFO o.a.j.t.JMeterThread: Thread started: Thread Group - HH 1-78
2021-01-03 19:14:00,846 INFO o.a.j.t.JMeterThread: Thread started: Thread Group - HH 1-79
2021-01-03 19:14:00,855 INFO o.a.j.t.JMeterThread: Thread started: Thread Group - HH 1-80
2021-01-03 19:14:00,864 INFO o.a.j.t.JMeterThread: Thread started: Thread Group - HH 1-81
2021-01-03 19:14:00,875 INFO o.a.j.t.JMeterThread: Thread started: Thread Group - HH 1-82
2021-01-03 19:14:00,886 INFO o.a.j.t.JMeterThread: Thread started: Thread Group - HH 1-83
2021-01-03 19:14:00,894 INFO o.a.j.t.JMeterThread: Thread started: Thread Group - HH 1-84
2021-01-03 19:14:00,905 INFO o.a.j.t.JMeterThread: Thread started: Thread Group - HH 1-85
2021-01-03 19:14:00,915 INFO o.a.j.t.JMeterThread: Thread started: Thread Group - HH 1-86
2021-01-03 19:14:00,926 INFO o.a.j.t.JMeterThread: Thread started: Thread Group - HH 1-87
2021-01-03 19:14:00,934 INFO o.a.j.t.JMeterThread: Thread started: Thread Group - HH 1-88
2021-01-03 19:14:00,946 INFO o.a.j.t.JMeterThread: Thread started: Thread Group - HH 1-89
2021-01-03 19:14:00,955 INFO o.a.j.t.JMeterThread: Thread started: Thread Group - HH 1-90
2021-01-03 19:14:00,965 INFO o.a.j.t.JMeterThread: Thread started: Thread Group - HH 1-91
2021-01-03 19:14:00,974 INFO o.a.j.t.JMeterThread: Thread started: Thread Group - HH 1-92
2021-01-03 19:14:00,985 INFO o.a.j.t.JMeterThread: Thread started: Thread Group - HH 1-93
2021-01-03 19:14:00,994 INFO o.a.j.t.JMeterThread: Thread started: Thread Group - HH 1-94
2021-01-03 19:14:01,005 INFO o.a.j.t.JMeterThread: Thread started: Thread Group - HH 1-95
2021-01-03 19:14:01,014 INFO o.a.j.t.JMeterThread: Thread started: Thread Group - HH 1-96
2021-01-03 19:14:01,025 INFO o.a.j.t.JMeterThread: Thread started: Thread Group - HH 1-97
2021-01-03 19:14:01,034 INFO o.a.j.t.JMeterThread: Thread started: Thread Group - HH 1-98
2021-01-03 19:14:01,044 INFO o.a.j.t.JMeterThread: Thread started: Thread Group - HH 1-99
2021-01-03 19:14:01,055 INFO o.a.j.t.JMeterThread: Thread started: Thread Group - HH 1-100
2021-01-03 19:14:30,009 INFO o.a.j.r.Summariser: summary +   7574 in 00:00:30 =  255.0/s Avg:   279 Min:     0 Max:  1585 Err:  2437 (32.18%) Active: 100 Started: 100 Finished: 0
2021-01-03 19:14:30,010 INFO o.a.j.r.Summariser: summary =   7575 in 00:00:30 =  252.8/s Avg:   279 Min:     0 Max:  1585 Err:  2437 (32.17%)
2021-01-03 19:14:59,824 INFO o.a.j.t.JMeterThread: Thread finished: Thread Group - HH 1-9
2021-01-03 19:14:59,853 INFO o.a.j.t.JMeterThread: Thread finished: Thread Group - HH 1-41
2021-01-03 19:14:59,853 INFO o.a.j.t.JMeterThread: Thread finished: Thread Group - HH 1-27
2021-01-03 19:14:59,907 INFO o.a.j.t.JMeterThread: Thread finished: Thread Group - HH 1-99
2021-01-03 19:14:59,924 INFO o.a.j.t.JMeterThread: Thread finished: Thread Group - HH 1-39
2021-01-03 19:15:00,004 INFO o.a.j.r.Summariser: summary +   7945 in 00:00:30 =  264.9/s Avg:   273 Min:     0 Max:  1714 Err:  2550 (32.10%) Active: 95 Started: 100 Finished: 5
2021-01-03 19:15:00,005 INFO o.a.j.r.Summariser: summary =  15520 in 00:01:00 =  258.9/s Avg:   276 Min:     0 Max:  1714 Err:  4987 (32.13%)
2021-01-03 19:15:00,011 INFO o.a.j.t.JMeterThread: Thread finished: Thread Group - HH 1-22
2021-01-03 19:15:00,020 INFO o.a.j.t.JMeterThread: Thread finished: Thread Group - HH 1-82
2021-01-03 19:15:00,026 INFO o.a.j.t.JMeterThread: Thread finished: Thread Group - HH 1-62
2021-01-03 19:15:00,034 INFO o.a.j.t.JMeterThread: Thread finished: Thread Group - HH 1-54
2021-01-03 19:15:00,036 INFO o.a.j.t.JMeterThread: Thread finished: Thread Group - HH 1-14
2021-01-03 19:15:00,036 INFO o.a.j.t.JMeterThread: Thread finished: Thread Group - HH 1-58
2021-01-03 19:15:00,044 INFO o.a.j.t.JMeterThread: Thread finished: Thread Group - HH 1-24
2021-01-03 19:15:00,048 INFO o.a.j.t.JMeterThread: Thread finished: Thread Group - HH 1-93
2021-01-03 19:15:00,051 INFO o.a.j.t.JMeterThread: Thread finished: Thread Group - HH 1-87
2021-01-03 19:15:00,056 INFO o.a.j.t.JMeterThread: Thread finished: Thread Group - HH 1-19
2021-01-03 19:15:00,056 INFO o.a.j.t.JMeterThread: Thread finished: Thread Group - HH 1-64
2021-01-03 19:15:00,067 INFO o.a.j.t.JMeterThread: Thread finished: Thread Group - HH 1-33
2021-01-03 19:15:00,069 INFO o.a.j.t.JMeterThread: Thread finished: Thread Group - HH 1-38
2021-01-03 19:15:00,090 INFO o.a.j.t.JMeterThread: Thread finished: Thread Group - HH 1-94
2021-01-03 19:15:00,091 INFO o.a.j.t.JMeterThread: Thread finished: Thread Group - HH 1-74
2021-01-03 19:15:00,096 INFO o.a.j.t.JMeterThread: Stopping because end time detected by thread: Thread Group - HH 1-7
2021-01-03 19:15:00,097 INFO o.a.j.t.JMeterThread: Thread finished: Thread Group - HH 1-7
2021-01-03 19:15:00,102 INFO o.a.j.t.JMeterThread: Stopping because end time detected by thread: Thread Group - HH 1-60
2021-01-03 19:15:00,102 INFO o.a.j.t.JMeterThread: Thread finished: Thread Group - HH 1-60
2021-01-03 19:15:00,104 INFO o.a.j.t.JMeterThread: Stopping because end time detected by thread: Thread Group - HH 1-53
2021-01-03 19:15:00,104 INFO o.a.j.t.JMeterThread: Thread finished: Thread Group - HH 1-53
2021-01-03 19:15:00,104 INFO o.a.j.t.JMeterThread: Stopping because end time detected by thread: Thread Group - HH 1-5
2021-01-03 19:15:00,105 INFO o.a.j.t.JMeterThread: Thread finished: Thread Group - HH 1-5
2021-01-03 19:15:00,105 INFO o.a.j.t.JMeterThread: Stopping because end time detected by thread: Thread Group - HH 1-4
2021-01-03 19:15:00,105 INFO o.a.j.t.JMeterThread: Thread finished: Thread Group - HH 1-4
2021-01-03 19:15:00,106 INFO o.a.j.t.JMeterThread: Stopping because end time detected by thread: Thread Group - HH 1-1
2021-01-03 19:15:00,106 INFO o.a.j.t.JMeterThread: Thread finished: Thread Group - HH 1-1
2021-01-03 19:15:00,107 INFO o.a.j.t.JMeterThread: Stopping because end time detected by thread: Thread Group - HH 1-85
2021-01-03 19:15:00,107 INFO o.a.j.t.JMeterThread: Thread finished: Thread Group - HH 1-85
2021-01-03 19:15:00,109 INFO o.a.j.t.JMeterThread: Stopping because end time detected by thread: Thread Group - HH 1-86
2021-01-03 19:15:00,109 INFO o.a.j.t.JMeterThread: Thread finished: Thread Group - HH 1-86
2021-01-03 19:15:00,110 INFO o.a.j.t.JMeterThread: Stopping because end time detected by thread: Thread Group - HH 1-16
2021-01-03 19:15:00,110 INFO o.a.j.t.JMeterThread: Thread finished: Thread Group - HH 1-16
2021-01-03 19:15:00,142 INFO o.a.j.t.JMeterThread: Stopping because end time detected by thread: Thread Group - HH 1-72
2021-01-03 19:15:00,142 INFO o.a.j.t.JMeterThread: Thread finished: Thread Group - HH 1-72
2021-01-03 19:15:00,154 INFO o.a.j.t.JMeterThread: Stopping because end time detected by thread: Thread Group - HH 1-11
2021-01-03 19:15:00,155 INFO o.a.j.t.JMeterThread: Thread finished: Thread Group - HH 1-11
2021-01-03 19:15:00,163 INFO o.a.j.t.JMeterThread: Stopping because end time detected by thread: Thread Group - HH 1-81
2021-01-03 19:15:00,163 INFO o.a.j.t.JMeterThread: Thread finished: Thread Group - HH 1-81
2021-01-03 19:15:00,167 INFO o.a.j.t.JMeterThread: Stopping because end time detected by thread: Thread Group - HH 1-45
2021-01-03 19:15:00,167 INFO o.a.j.t.JMeterThread: Stopping because end time detected by thread: Thread Group - HH 1-12
2021-01-03 19:15:00,167 INFO o.a.j.t.JMeterThread: Thread finished: Thread Group - HH 1-45
2021-01-03 19:15:00,167 INFO o.a.j.t.JMeterThread: Thread finished: Thread Group - HH 1-12
2021-01-03 19:15:00,168 INFO o.a.j.t.JMeterThread: Stopping because end time detected by thread: Thread Group - HH 1-77
2021-01-03 19:15:00,168 INFO o.a.j.t.JMeterThread: Thread finished: Thread Group - HH 1-77
2021-01-03 19:15:00,171 INFO o.a.j.t.JMeterThread: Stopping because end time detected by thread: Thread Group - HH 1-50
2021-01-03 19:15:00,171 INFO o.a.j.t.JMeterThread: Thread finished: Thread Group - HH 1-50
2021-01-03 19:15:00,177 INFO o.a.j.t.JMeterThread: Stopping because end time detected by thread: Thread Group - HH 1-20
2021-01-03 19:15:00,177 INFO o.a.j.t.JMeterThread: Thread finished: Thread Group - HH 1-20
2021-01-03 19:15:00,181 INFO o.a.j.t.JMeterThread: Stopping because end time detected by thread: Thread Group - HH 1-10
2021-01-03 19:15:00,181 INFO o.a.j.t.JMeterThread: Thread finished: Thread Group - HH 1-10
2021-01-03 19:15:00,184 INFO o.a.j.t.JMeterThread: Stopping because end time detected by thread: Thread Group - HH 1-43
2021-01-03 19:15:00,184 INFO o.a.j.t.JMeterThread: Thread finished: Thread Group - HH 1-43
2021-01-03 19:15:00,185 INFO o.a.j.t.JMeterThread: Stopping because end time detected by thread: Thread Group - HH 1-59
2021-01-03 19:15:00,185 INFO o.a.j.t.JMeterThread: Thread finished: Thread Group - HH 1-59
2021-01-03 19:15:00,193 INFO o.a.j.t.JMeterThread: Stopping because end time detected by thread: Thread Group - HH 1-25
2021-01-03 19:15:00,193 INFO o.a.j.t.JMeterThread: Thread finished: Thread Group - HH 1-25
2021-01-03 19:15:00,197 INFO o.a.j.t.JMeterThread: Stopping because end time detected by thread: Thread Group - HH 1-34
2021-01-03 19:15:00,197 INFO o.a.j.t.JMeterThread: Stopping because end time detected by thread: Thread Group - HH 1-67
2021-01-03 19:15:00,197 INFO o.a.j.t.JMeterThread: Stopping because end time detected by thread: Thread Group - HH 1-96
2021-01-03 19:15:00,197 INFO o.a.j.t.JMeterThread: Thread finished: Thread Group - HH 1-34
2021-01-03 19:15:00,198 INFO o.a.j.t.JMeterThread: Thread finished: Thread Group - HH 1-67
2021-01-03 19:15:00,198 INFO o.a.j.t.JMeterThread: Thread finished: Thread Group - HH 1-96
2021-01-03 19:15:00,200 INFO o.a.j.t.JMeterThread: Stopping because end time detected by thread: Thread Group - HH 1-79
2021-01-03 19:15:00,200 INFO o.a.j.t.JMeterThread: Thread finished: Thread Group - HH 1-79
2021-01-03 19:15:00,201 INFO o.a.j.t.JMeterThread: Stopping because end time detected by thread: Thread Group - HH 1-89
2021-01-03 19:15:00,201 INFO o.a.j.t.JMeterThread: Thread finished: Thread Group - HH 1-89
2021-01-03 19:15:00,208 INFO o.a.j.t.JMeterThread: Stopping because end time detected by thread: Thread Group - HH 1-2
2021-01-03 19:15:00,208 INFO o.a.j.t.JMeterThread: Thread finished: Thread Group - HH 1-2
2021-01-03 19:15:00,212 INFO o.a.j.t.JMeterThread: Stopping because end time detected by thread: Thread Group - HH 1-28
2021-01-03 19:15:00,212 INFO o.a.j.t.JMeterThread: Thread finished: Thread Group - HH 1-28
2021-01-03 19:15:00,228 INFO o.a.j.t.JMeterThread: Stopping because end time detected by thread: Thread Group - HH 1-78
2021-01-03 19:15:00,228 INFO o.a.j.t.JMeterThread: Thread finished: Thread Group - HH 1-78
2021-01-03 19:15:00,254 INFO o.a.j.t.JMeterThread: Stopping because end time detected by thread: Thread Group - HH 1-42
2021-01-03 19:15:00,254 INFO o.a.j.t.JMeterThread: Thread finished: Thread Group - HH 1-42
2021-01-03 19:15:00,257 INFO o.a.j.t.JMeterThread: Stopping because end time detected by thread: Thread Group - HH 1-66
2021-01-03 19:15:00,257 INFO o.a.j.t.JMeterThread: Thread finished: Thread Group - HH 1-66
2021-01-03 19:15:00,257 INFO o.a.j.t.JMeterThread: Stopping because end time detected by thread: Thread Group - HH 1-80
2021-01-03 19:15:00,257 INFO o.a.j.t.JMeterThread: Thread finished: Thread Group - HH 1-80
2021-01-03 19:15:00,265 INFO o.a.j.t.JMeterThread: Stopping because end time detected by thread: Thread Group - HH 1-26
2021-01-03 19:15:00,265 INFO o.a.j.t.JMeterThread: Thread finished: Thread Group - HH 1-26
2021-01-03 19:15:00,269 INFO o.a.j.t.JMeterThread: Stopping because end time detected by thread: Thread Group - HH 1-75
2021-01-03 19:15:00,269 INFO o.a.j.t.JMeterThread: Thread finished: Thread Group - HH 1-75
2021-01-03 19:15:00,273 INFO o.a.j.t.JMeterThread: Stopping because end time detected by thread: Thread Group - HH 1-31
2021-01-03 19:15:00,273 INFO o.a.j.t.JMeterThread: Thread finished: Thread Group - HH 1-31
2021-01-03 19:15:00,287 INFO o.a.j.t.JMeterThread: Stopping because end time detected by thread: Thread Group - HH 1-40
2021-01-03 19:15:00,287 INFO o.a.j.t.JMeterThread: Thread finished: Thread Group - HH 1-40
2021-01-03 19:15:00,289 INFO o.a.j.t.JMeterThread: Stopping because end time detected by thread: Thread Group - HH 1-21
2021-01-03 19:15:00,289 INFO o.a.j.t.JMeterThread: Thread finished: Thread Group - HH 1-21
2021-01-03 19:15:00,290 INFO o.a.j.t.JMeterThread: Stopping because end time detected by thread: Thread Group - HH 1-23
2021-01-03 19:15:00,290 INFO o.a.j.t.JMeterThread: Thread finished: Thread Group - HH 1-23
2021-01-03 19:15:00,299 INFO o.a.j.t.JMeterThread: Stopping because end time detected by thread: Thread Group - HH 1-30
2021-01-03 19:15:00,299 INFO o.a.j.t.JMeterThread: Thread finished: Thread Group - HH 1-30
2021-01-03 19:15:00,303 INFO o.a.j.t.JMeterThread: Stopping because end time detected by thread: Thread Group - HH 1-46
2021-01-03 19:15:00,303 INFO o.a.j.t.JMeterThread: Thread finished: Thread Group - HH 1-46
2021-01-03 19:15:00,310 INFO o.a.j.t.JMeterThread: Stopping because end time detected by thread: Thread Group - HH 1-57
2021-01-03 19:15:00,310 INFO o.a.j.t.JMeterThread: Thread finished: Thread Group - HH 1-57
2021-01-03 19:15:00,317 INFO o.a.j.t.JMeterThread: Stopping because end time detected by thread: Thread Group - HH 1-90
2021-01-03 19:15:00,317 INFO o.a.j.t.JMeterThread: Thread finished: Thread Group - HH 1-90
2021-01-03 19:15:00,322 INFO o.a.j.t.JMeterThread: Stopping because end time detected by thread: Thread Group - HH 1-29
2021-01-03 19:15:00,322 INFO o.a.j.t.JMeterThread: Thread finished: Thread Group - HH 1-29
2021-01-03 19:15:00,322 INFO o.a.j.t.JMeterThread: Stopping because end time detected by thread: Thread Group - HH 1-13
2021-01-03 19:15:00,322 INFO o.a.j.t.JMeterThread: Thread finished: Thread Group - HH 1-13
2021-01-03 19:15:00,374 INFO o.a.j.t.JMeterThread: Stopping because end time detected by thread: Thread Group - HH 1-76
2021-01-03 19:15:00,374 INFO o.a.j.t.JMeterThread: Thread finished: Thread Group - HH 1-76
2021-01-03 19:15:00,381 INFO o.a.j.t.JMeterThread: Stopping because end time detected by thread: Thread Group - HH 1-61
2021-01-03 19:15:00,381 INFO o.a.j.t.JMeterThread: Thread finished: Thread Group - HH 1-61
2021-01-03 19:15:00,403 INFO o.a.j.t.JMeterThread: Stopping because end time detected by thread: Thread Group - HH 1-70
2021-01-03 19:15:00,403 INFO o.a.j.t.JMeterThread: Thread finished: Thread Group - HH 1-70
2021-01-03 19:15:00,406 INFO o.a.j.t.JMeterThread: Stopping because end time detected by thread: Thread Group - HH 1-68
2021-01-03 19:15:00,406 INFO o.a.j.t.JMeterThread: Thread finished: Thread Group - HH 1-68
2021-01-03 19:15:00,410 INFO o.a.j.t.JMeterThread: Stopping because end time detected by thread: Thread Group - HH 1-84
2021-01-03 19:15:00,410 INFO o.a.j.t.JMeterThread: Thread finished: Thread Group - HH 1-84
2021-01-03 19:15:00,412 INFO o.a.j.t.JMeterThread: Stopping because end time detected by thread: Thread Group - HH 1-71
2021-01-03 19:15:00,412 INFO o.a.j.t.JMeterThread: Thread finished: Thread Group - HH 1-71
2021-01-03 19:15:00,417 INFO o.a.j.t.JMeterThread: Stopping because end time detected by thread: Thread Group - HH 1-65
2021-01-03 19:15:00,417 INFO o.a.j.t.JMeterThread: Thread finished: Thread Group - HH 1-65
2021-01-03 19:15:00,419 INFO o.a.j.t.JMeterThread: Stopping because end time detected by thread: Thread Group - HH 1-83
2021-01-03 19:15:00,419 INFO o.a.j.t.JMeterThread: Thread finished: Thread Group - HH 1-83
2021-01-03 19:15:00,423 INFO o.a.j.t.JMeterThread: Stopping because end time detected by thread: Thread Group - HH 1-92
2021-01-03 19:15:00,423 INFO o.a.j.t.JMeterThread: Thread finished: Thread Group - HH 1-92
2021-01-03 19:15:00,429 INFO o.a.j.t.JMeterThread: Stopping because end time detected by thread: Thread Group - HH 1-8
2021-01-03 19:15:00,429 INFO o.a.j.t.JMeterThread: Thread finished: Thread Group - HH 1-8
2021-01-03 19:15:00,434 INFO o.a.j.t.JMeterThread: Stopping because end time detected by thread: Thread Group - HH 1-91
2021-01-03 19:15:00,434 INFO o.a.j.t.JMeterThread: Thread finished: Thread Group - HH 1-91
2021-01-03 19:15:00,435 INFO o.a.j.t.JMeterThread: Stopping because end time detected by thread: Thread Group - HH 1-37
2021-01-03 19:15:00,435 INFO o.a.j.t.JMeterThread: Thread finished: Thread Group - HH 1-37
2021-01-03 19:15:00,440 INFO o.a.j.t.JMeterThread: Stopping because end time detected by thread: Thread Group - HH 1-98
2021-01-03 19:15:00,440 INFO o.a.j.t.JMeterThread: Thread finished: Thread Group - HH 1-98
2021-01-03 19:15:00,445 INFO o.a.j.t.JMeterThread: Stopping because end time detected by thread: Thread Group - HH 1-47
2021-01-03 19:15:00,445 INFO o.a.j.t.JMeterThread: Thread finished: Thread Group - HH 1-47
2021-01-03 19:15:00,448 INFO o.a.j.t.JMeterThread: Stopping because end time detected by thread: Thread Group - HH 1-3
2021-01-03 19:15:00,448 INFO o.a.j.t.JMeterThread: Thread finished: Thread Group - HH 1-3
2021-01-03 19:15:00,450 INFO o.a.j.t.JMeterThread: Stopping because end time detected by thread: Thread Group - HH 1-6
2021-01-03 19:15:00,450 INFO o.a.j.t.JMeterThread: Thread finished: Thread Group - HH 1-6
2021-01-03 19:15:00,452 INFO o.a.j.t.JMeterThread: Stopping because end time detected by thread: Thread Group - HH 1-52
2021-01-03 19:15:00,452 INFO o.a.j.t.JMeterThread: Thread finished: Thread Group - HH 1-52
2021-01-03 19:15:00,454 INFO o.a.j.t.JMeterThread: Stopping because end time detected by thread: Thread Group - HH 1-48
2021-01-03 19:15:00,454 INFO o.a.j.t.JMeterThread: Thread finished: Thread Group - HH 1-48
2021-01-03 19:15:00,456 INFO o.a.j.t.JMeterThread: Stopping because end time detected by thread: Thread Group - HH 1-69
2021-01-03 19:15:00,456 INFO o.a.j.t.JMeterThread: Thread finished: Thread Group - HH 1-69
2021-01-03 19:15:00,457 INFO o.a.j.t.JMeterThread: Stopping because end time detected by thread: Thread Group - HH 1-32
2021-01-03 19:15:00,457 INFO o.a.j.t.JMeterThread: Thread finished: Thread Group - HH 1-32
2021-01-03 19:15:00,459 INFO o.a.j.t.JMeterThread: Stopping because end time detected by thread: Thread Group - HH 1-51
2021-01-03 19:15:00,459 INFO o.a.j.t.JMeterThread: Thread finished: Thread Group - HH 1-51
2021-01-03 19:15:00,459 INFO o.a.j.t.JMeterThread: Stopping because end time detected by thread: Thread Group - HH 1-36
2021-01-03 19:15:00,459 INFO o.a.j.t.JMeterThread: Thread finished: Thread Group - HH 1-36
2021-01-03 19:15:00,460 INFO o.a.j.t.JMeterThread: Stopping because end time detected by thread: Thread Group - HH 1-95
2021-01-03 19:15:00,461 INFO o.a.j.t.JMeterThread: Thread finished: Thread Group - HH 1-95
2021-01-03 19:15:00,461 INFO o.a.j.t.JMeterThread: Stopping because end time detected by thread: Thread Group - HH 1-18
2021-01-03 19:15:00,461 INFO o.a.j.t.JMeterThread: Thread finished: Thread Group - HH 1-18
2021-01-03 19:15:00,462 INFO o.a.j.t.JMeterThread: Stopping because end time detected by thread: Thread Group - HH 1-63
2021-01-03 19:15:00,462 INFO o.a.j.t.JMeterThread: Stopping because end time detected by thread: Thread Group - HH 1-88
2021-01-03 19:15:00,462 INFO o.a.j.t.JMeterThread: Thread finished: Thread Group - HH 1-63
2021-01-03 19:15:00,462 INFO o.a.j.t.JMeterThread: Thread finished: Thread Group - HH 1-88
2021-01-03 19:15:00,465 INFO o.a.j.t.JMeterThread: Stopping because end time detected by thread: Thread Group - HH 1-44
2021-01-03 19:15:00,465 INFO o.a.j.t.JMeterThread: Stopping because end time detected by thread: Thread Group - HH 1-17
2021-01-03 19:15:00,465 INFO o.a.j.t.JMeterThread: Stopping because end time detected by thread: Thread Group - HH 1-15
2021-01-03 19:15:00,465 INFO o.a.j.t.JMeterThread: Stopping because end time detected by thread: Thread Group - HH 1-56
2021-01-03 19:15:00,465 INFO o.a.j.t.JMeterThread: Thread finished: Thread Group - HH 1-17
2021-01-03 19:15:00,465 INFO o.a.j.t.JMeterThread: Thread finished: Thread Group - HH 1-15
2021-01-03 19:15:00,465 INFO o.a.j.t.JMeterThread: Thread finished: Thread Group - HH 1-44
2021-01-03 19:15:00,465 INFO o.a.j.t.JMeterThread: Thread finished: Thread Group - HH 1-56
2021-01-03 19:15:00,466 INFO o.a.j.t.JMeterThread: Stopping because end time detected by thread: Thread Group - HH 1-55
2021-01-03 19:15:00,466 INFO o.a.j.t.JMeterThread: Thread finished: Thread Group - HH 1-55
2021-01-03 19:15:00,468 INFO o.a.j.t.JMeterThread: Stopping because end time detected by thread: Thread Group - HH 1-49
2021-01-03 19:15:00,468 INFO o.a.j.t.JMeterThread: Thread finished: Thread Group - HH 1-49
2021-01-03 19:15:00,468 INFO o.a.j.t.JMeterThread: Stopping because end time detected by thread: Thread Group - HH 1-97
2021-01-03 19:15:00,468 INFO o.a.j.t.JMeterThread: Thread finished: Thread Group - HH 1-97
2021-01-03 19:15:00,468 INFO o.a.j.t.JMeterThread: Stopping because end time detected by thread: Thread Group - HH 1-73
2021-01-03 19:15:00,468 INFO o.a.j.t.JMeterThread: Thread finished: Thread Group - HH 1-73
2021-01-03 19:15:00,470 INFO o.a.j.t.JMeterThread: Stopping because end time detected by thread: Thread Group - HH 1-100
2021-01-03 19:15:00,470 INFO o.a.j.t.JMeterThread: Thread finished: Thread Group - HH 1-100
2021-01-03 19:15:00,470 INFO o.a.j.t.JMeterThread: Stopping because end time detected by thread: Thread Group - HH 1-35
2021-01-03 19:15:00,470 INFO o.a.j.t.JMeterThread: Thread finished: Thread Group - HH 1-35
2021-01-03 19:15:00,470 INFO o.a.j.e.StandardJMeterEngine: Notifying test listeners of end of test
2021-01-03 19:15:00,471 INFO o.a.j.r.Summariser: summary +    101 in 00:00:00 =  216.3/s Avg:   357 Min:     0 Max:   790 Err:     8 (7.92%) Active: 0 Started: 100 Finished: 100
2021-01-03 19:15:29,026 INFO o.a.j.r.Summariser: summary =  15621 in 00:01:29 =  175.6/s Avg:   277 Min:     0 Max:  1714 Err:  4995 (31.98%)
