2021-01-03 19:09:09,284 INFO o.a.j.u.JMeterUtils: Setting Locale to en_EN
2021-01-03 19:09:09,302 INFO o.a.j.JMeter: Loading user properties from: user.properties
2021-01-03 19:09:09,303 INFO o.a.j.JMeter: Loading system properties from: system.properties
2021-01-03 19:09:09,304 INFO o.a.j.JMeter: Copyright (c) 1998-2020 The Apache Software Foundation
2021-01-03 19:09:09,304 INFO o.a.j.JMeter: Version 5.3
2021-01-03 19:09:09,305 INFO o.a.j.JMeter: java.version=11.0.8
2021-01-03 19:09:09,305 INFO o.a.j.JMeter: java.vm.name=Java HotSpot(TM) 64-Bit Server VM
2021-01-03 19:09:09,305 INFO o.a.j.JMeter: os.name=Windows 10
2021-01-03 19:09:09,305 INFO o.a.j.JMeter: os.arch=amd64
2021-01-03 19:09:09,305 INFO o.a.j.JMeter: os.version=10.0
2021-01-03 19:09:09,305 INFO o.a.j.JMeter: file.encoding=Cp1252
2021-01-03 19:09:09,305 INFO o.a.j.JMeter: java.awt.headless=true
2021-01-03 19:09:09,305 INFO o.a.j.JMeter: Max memory     =1073741824
2021-01-03 19:09:09,305 INFO o.a.j.JMeter: Available Processors =8
2021-01-03 19:09:09,313 INFO o.a.j.JMeter: Default Locale=English (EN)
2021-01-03 19:09:09,313 INFO o.a.j.JMeter: JMeter  Locale=English (EN)
2021-01-03 19:09:09,313 INFO o.a.j.JMeter: JMeterHome=C:\Users\fabio\Documents\Fabio\Università\Magistrale\2°anno\1°semestre\Impianti di Elaborazione\apache-jmeter-5.3
2021-01-03 19:09:09,313 INFO o.a.j.JMeter: user.dir  =C:\Users\fabio\Documents\Fabio\Università\Magistrale\2°anno\1°semestre\Impianti di Elaborazione\apache-jmeter-5.3\bin
2021-01-03 19:09:09,314 INFO o.a.j.JMeter: PWD       =C:\Users\fabio\Documents\Fabio\Università\Magistrale\2°anno\1°semestre\Impianti di Elaborazione\apache-jmeter-5.3\bin
2021-01-03 19:09:09,318 INFO o.a.j.JMeter: IP: 192.168.56.1 Name: LAPTOP-DSVV6SSR FullName: 192.168.56.1
2021-01-03 19:09:09,325 INFO o.a.j.s.FileServer: Default base='C:\Users\fabio\Documents\Fabio\Università\Magistrale\2°anno\1°semestre\Impianti di Elaborazione\apache-jmeter-5.3\bin'
2021-01-03 19:09:09,326 INFO o.a.j.s.FileServer: Set new base='C:\Users\fabio\Documents\Fabio\Università\Magistrale\2°anno\1°semestre\Impianti di Elaborazione\apache-jmeter-5.3\bin'
2021-01-03 19:09:09,447 INFO o.a.j.s.SaveService: Testplan (JMX) version: 2.2. Testlog (JTL) version: 2.2
2021-01-03 19:09:09,467 INFO o.a.j.s.SaveService: Using SaveService properties version 5.0
2021-01-03 19:09:09,471 INFO o.a.j.s.SaveService: Using SaveService properties file encoding UTF-8
2021-01-03 19:09:09,474 INFO o.a.j.s.SaveService: Loading file: DesignofExperiment.jmx
2021-01-03 19:09:09,532 INFO o.a.j.p.h.s.HTTPSamplerBase: Parser for text/html is org.apache.jmeter.protocol.http.parser.LagartoBasedHtmlParser
2021-01-03 19:09:09,532 INFO o.a.j.p.h.s.HTTPSamplerBase: Parser for application/xhtml+xml is org.apache.jmeter.protocol.http.parser.LagartoBasedHtmlParser
2021-01-03 19:09:09,532 INFO o.a.j.p.h.s.HTTPSamplerBase: Parser for application/xml is org.apache.jmeter.protocol.http.parser.LagartoBasedHtmlParser
2021-01-03 19:09:09,533 INFO o.a.j.p.h.s.HTTPSamplerBase: Parser for text/xml is org.apache.jmeter.protocol.http.parser.LagartoBasedHtmlParser
2021-01-03 19:09:09,533 INFO o.a.j.p.h.s.HTTPSamplerBase: Parser for text/vnd.wap.wml is org.apache.jmeter.protocol.http.parser.RegexpHTMLParser
2021-01-03 19:09:09,533 INFO o.a.j.p.h.s.HTTPSamplerBase: Parser for text/css is org.apache.jmeter.protocol.http.parser.CssParser
2021-01-03 19:09:09,559 INFO o.a.j.JMeter: Creating summariser <summary>
2021-01-03 19:09:09,564 INFO o.a.j.e.StandardJMeterEngine: Running the test!
2021-01-03 19:09:09,565 INFO o.a.j.s.SampleEvent: List of sample_variables: []
2021-01-03 19:09:09,565 INFO o.a.j.s.SampleEvent: List of sample_variables: []
2021-01-03 19:09:09,574 INFO o.a.j.e.u.CompoundVariable: Note: Function class names must contain the string: '.functions.'
2021-01-03 19:09:09,575 INFO o.a.j.e.u.CompoundVariable: Note: Function class names must not contain the string: '.gui.'
2021-01-03 19:09:09,860 INFO o.a.j.JMeter: Running test (1609697349860)
2021-01-03 19:09:09,874 INFO o.a.j.e.StandardJMeterEngine: Starting ThreadGroup: 1 : Thread Group - HH
2021-01-03 19:09:09,874 INFO o.a.j.e.StandardJMeterEngine: Starting 100 threads for group Thread Group - HH.
2021-01-03 19:09:09,874 INFO o.a.j.e.StandardJMeterEngine: Thread will continue on error
2021-01-03 19:09:09,874 INFO o.a.j.t.ThreadGroup: Starting thread group... number=1 threads=100 ramp-up=1 delayedStart=false
2021-01-03 19:09:09,884 INFO o.a.j.t.JMeterThread: Thread started: Thread Group - HH 1-1
2021-01-03 19:09:09,891 INFO o.a.j.t.JMeterThread: Thread started: Thread Group - HH 1-2
2021-01-03 19:09:09,900 INFO o.a.j.t.JMeterThread: Thread started: Thread Group - HH 1-3
2021-01-03 19:09:09,906 INFO o.a.j.t.JMeterThread: Thread started: Thread Group - HH 1-4
2021-01-03 19:09:09,916 INFO o.a.j.t.JMeterThread: Thread started: Thread Group - HH 1-5
2021-01-03 19:09:09,921 INFO o.a.j.p.h.s.HTTPHCAbstractImpl: Local host = LAPTOP-DSVV6SSR
2021-01-03 19:09:09,922 INFO o.a.j.t.ThreadGroup: Started thread group number 1
2021-01-03 19:09:09,923 INFO o.a.j.e.StandardJMeterEngine: All thread groups have been started
2021-01-03 19:09:09,928 INFO o.a.j.t.JMeterThread: Thread started: Thread Group - HH 1-6
2021-01-03 19:09:09,928 INFO o.a.j.p.h.s.HTTPHC4Impl: HTTP request retry count = 0
2021-01-03 19:09:09,930 INFO o.a.j.s.SampleResult: Note: Sample TimeStamps are START times
2021-01-03 19:09:09,930 INFO o.a.j.s.SampleResult: sampleresult.default.encoding is set to ISO-8859-1
2021-01-03 19:09:09,930 INFO o.a.j.s.SampleResult: sampleresult.useNanoTime=true
2021-01-03 19:09:09,930 INFO o.a.j.s.SampleResult: sampleresult.nanoThreadSleep=5000
2021-01-03 19:09:09,937 INFO o.a.j.t.JMeterThread: Thread started: Thread Group - HH 1-7
2021-01-03 19:09:09,947 INFO o.a.j.t.JMeterThread: Thread started: Thread Group - HH 1-8
2021-01-03 19:09:09,955 INFO o.a.j.t.JMeterThread: Thread started: Thread Group - HH 1-9
2021-01-03 19:09:09,965 INFO o.a.j.t.JMeterThread: Thread started: Thread Group - HH 1-10
2021-01-03 19:09:09,975 INFO o.a.j.t.JMeterThread: Thread started: Thread Group - HH 1-11
2021-01-03 19:09:09,985 INFO o.a.j.t.JMeterThread: Thread started: Thread Group - HH 1-12
2021-01-03 19:09:09,996 INFO o.a.j.t.JMeterThread: Thread started: Thread Group - HH 1-13
2021-01-03 19:09:10,005 INFO o.a.j.t.JMeterThread: Thread started: Thread Group - HH 1-14
2021-01-03 19:09:10,015 INFO o.a.j.t.JMeterThread: Thread started: Thread Group - HH 1-15
2021-01-03 19:09:10,026 INFO o.a.j.t.JMeterThread: Thread started: Thread Group - HH 1-16
2021-01-03 19:09:10,035 INFO o.a.j.t.JMeterThread: Thread started: Thread Group - HH 1-17
2021-01-03 19:09:10,046 INFO o.a.j.t.JMeterThread: Thread started: Thread Group - HH 1-18
2021-01-03 19:09:10,057 INFO o.a.j.t.JMeterThread: Thread started: Thread Group - HH 1-19
2021-01-03 19:09:10,065 INFO o.a.j.t.JMeterThread: Thread started: Thread Group - HH 1-20
2021-01-03 19:09:10,076 INFO o.a.j.t.JMeterThread: Thread started: Thread Group - HH 1-21
2021-01-03 19:09:10,085 INFO o.a.j.t.JMeterThread: Thread started: Thread Group - HH 1-22
2021-01-03 19:09:10,100 INFO o.a.j.t.JMeterThread: Thread started: Thread Group - HH 1-23
2021-01-03 19:09:10,107 INFO o.a.j.t.JMeterThread: Thread started: Thread Group - HH 1-24
2021-01-03 19:09:10,118 INFO o.a.j.t.JMeterThread: Thread started: Thread Group - HH 1-25
2021-01-03 19:09:10,127 INFO o.a.j.t.JMeterThread: Thread started: Thread Group - HH 1-26
2021-01-03 19:09:10,135 INFO o.a.j.t.JMeterThread: Thread started: Thread Group - HH 1-27
2021-01-03 19:09:10,147 INFO o.a.j.t.JMeterThread: Thread started: Thread Group - HH 1-28
2021-01-03 19:09:10,158 INFO o.a.j.t.JMeterThread: Thread started: Thread Group - HH 1-29
2021-01-03 19:09:10,166 INFO o.a.j.t.JMeterThread: Thread started: Thread Group - HH 1-30
2021-01-03 19:09:10,176 INFO o.a.j.t.JMeterThread: Thread started: Thread Group - HH 1-31
2021-01-03 19:09:10,184 INFO o.a.j.t.JMeterThread: Thread started: Thread Group - HH 1-32
2021-01-03 19:09:10,196 INFO o.a.j.t.JMeterThread: Thread started: Thread Group - HH 1-33
2021-01-03 19:09:10,206 INFO o.a.j.t.JMeterThread: Thread started: Thread Group - HH 1-34
2021-01-03 19:09:10,215 INFO o.a.j.t.JMeterThread: Thread started: Thread Group - HH 1-35
2021-01-03 19:09:10,224 INFO o.a.j.t.JMeterThread: Thread started: Thread Group - HH 1-36
2021-01-03 19:09:10,236 INFO o.a.j.t.JMeterThread: Thread started: Thread Group - HH 1-37
2021-01-03 19:09:10,246 INFO o.a.j.t.JMeterThread: Thread started: Thread Group - HH 1-38
2021-01-03 19:09:10,255 INFO o.a.j.t.JMeterThread: Thread started: Thread Group - HH 1-39
2021-01-03 19:09:10,265 INFO o.a.j.t.JMeterThread: Thread started: Thread Group - HH 1-40
2021-01-03 19:09:10,276 INFO o.a.j.t.JMeterThread: Thread started: Thread Group - HH 1-41
2021-01-03 19:09:10,285 INFO o.a.j.t.JMeterThread: Thread started: Thread Group - HH 1-42
2021-01-03 19:09:10,295 INFO o.a.j.t.JMeterThread: Thread started: Thread Group - HH 1-43
2021-01-03 19:09:10,305 INFO o.a.j.t.JMeterThread: Thread started: Thread Group - HH 1-44
2021-01-03 19:09:10,316 INFO o.a.j.t.JMeterThread: Thread started: Thread Group - HH 1-45
2021-01-03 19:09:10,325 INFO o.a.j.t.JMeterThread: Thread started: Thread Group - HH 1-46
2021-01-03 19:09:10,337 INFO o.a.j.t.JMeterThread: Thread started: Thread Group - HH 1-47
2021-01-03 19:09:10,347 INFO o.a.j.t.JMeterThread: Thread started: Thread Group - HH 1-48
2021-01-03 19:09:10,356 INFO o.a.j.t.JMeterThread: Thread started: Thread Group - HH 1-49
2021-01-03 19:09:10,366 INFO o.a.j.t.JMeterThread: Thread started: Thread Group - HH 1-50
2021-01-03 19:09:10,376 INFO o.a.j.t.JMeterThread: Thread started: Thread Group - HH 1-51
2021-01-03 19:09:10,384 INFO o.a.j.t.JMeterThread: Thread started: Thread Group - HH 1-52
2021-01-03 19:09:10,395 INFO o.a.j.t.JMeterThread: Thread started: Thread Group - HH 1-53
2021-01-03 19:09:10,406 INFO o.a.j.t.JMeterThread: Thread started: Thread Group - HH 1-54
2021-01-03 19:09:10,415 INFO o.a.j.t.JMeterThread: Thread started: Thread Group - HH 1-55
2021-01-03 19:09:10,425 INFO o.a.j.t.JMeterThread: Thread started: Thread Group - HH 1-56
2021-01-03 19:09:10,435 INFO o.a.j.t.JMeterThread: Thread started: Thread Group - HH 1-57
2021-01-03 19:09:10,445 INFO o.a.j.t.JMeterThread: Thread started: Thread Group - HH 1-58
2021-01-03 19:09:10,456 INFO o.a.j.t.JMeterThread: Thread started: Thread Group - HH 1-59
2021-01-03 19:09:10,465 INFO o.a.j.t.JMeterThread: Thread started: Thread Group - HH 1-60
2021-01-03 19:09:10,474 INFO o.a.j.t.JMeterThread: Thread started: Thread Group - HH 1-61
2021-01-03 19:09:10,485 INFO o.a.j.t.JMeterThread: Thread started: Thread Group - HH 1-62
2021-01-03 19:09:10,496 INFO o.a.j.t.JMeterThread: Thread started: Thread Group - HH 1-63
2021-01-03 19:09:10,505 INFO o.a.j.t.JMeterThread: Thread started: Thread Group - HH 1-64
2021-01-03 19:09:10,514 INFO o.a.j.t.JMeterThread: Thread started: Thread Group - HH 1-65
2021-01-03 19:09:10,527 INFO o.a.j.t.JMeterThread: Thread started: Thread Group - HH 1-66
2021-01-03 19:09:10,536 INFO o.a.j.t.JMeterThread: Thread started: Thread Group - HH 1-67
2021-01-03 19:09:10,544 INFO o.a.j.t.JMeterThread: Thread started: Thread Group - HH 1-68
2021-01-03 19:09:10,555 INFO o.a.j.t.JMeterThread: Thread started: Thread Group - HH 1-69
2021-01-03 19:09:10,566 INFO o.a.j.t.JMeterThread: Thread started: Thread Group - HH 1-70
2021-01-03 19:09:10,575 INFO o.a.j.t.JMeterThread: Thread started: Thread Group - HH 1-71
2021-01-03 19:09:10,585 INFO o.a.j.t.JMeterThread: Thread started: Thread Group - HH 1-72
2021-01-03 19:09:10,595 INFO o.a.j.t.JMeterThread: Thread started: Thread Group - HH 1-73
2021-01-03 19:09:10,604 INFO o.a.j.t.JMeterThread: Thread started: Thread Group - HH 1-74
2021-01-03 19:09:10,617 INFO o.a.j.t.JMeterThread: Thread started: Thread Group - HH 1-75
2021-01-03 19:09:10,625 INFO o.a.j.t.JMeterThread: Thread started: Thread Group - HH 1-76
2021-01-03 19:09:10,634 INFO o.a.j.t.JMeterThread: Thread started: Thread Group - HH 1-77
2021-01-03 19:09:10,644 INFO o.a.j.t.JMeterThread: Thread started: Thread Group - HH 1-78
2021-01-03 19:09:10,656 INFO o.a.j.t.JMeterThread: Thread started: Thread Group - HH 1-79
2021-01-03 19:09:10,665 INFO o.a.j.t.JMeterThread: Thread started: Thread Group - HH 1-80
2021-01-03 19:09:10,674 INFO o.a.j.t.JMeterThread: Thread started: Thread Group - HH 1-81
2021-01-03 19:09:10,685 INFO o.a.j.t.JMeterThread: Thread started: Thread Group - HH 1-82
2021-01-03 19:09:10,696 INFO o.a.j.t.JMeterThread: Thread started: Thread Group - HH 1-83
2021-01-03 19:09:10,704 INFO o.a.j.t.JMeterThread: Thread started: Thread Group - HH 1-84
2021-01-03 19:09:10,714 INFO o.a.j.t.JMeterThread: Thread started: Thread Group - HH 1-85
2021-01-03 19:09:10,725 INFO o.a.j.t.JMeterThread: Thread started: Thread Group - HH 1-86
2021-01-03 19:09:10,736 INFO o.a.j.t.JMeterThread: Thread started: Thread Group - HH 1-87
2021-01-03 19:09:10,745 INFO o.a.j.t.JMeterThread: Thread started: Thread Group - HH 1-88
2021-01-03 19:09:10,755 INFO o.a.j.t.JMeterThread: Thread started: Thread Group - HH 1-89
2021-01-03 19:09:10,765 INFO o.a.j.t.JMeterThread: Thread started: Thread Group - HH 1-90
2021-01-03 19:09:10,774 INFO o.a.j.t.JMeterThread: Thread started: Thread Group - HH 1-91
2021-01-03 19:09:10,786 INFO o.a.j.t.JMeterThread: Thread started: Thread Group - HH 1-92
2021-01-03 19:09:10,795 INFO o.a.j.t.JMeterThread: Thread started: Thread Group - HH 1-93
2021-01-03 19:09:10,805 INFO o.a.j.t.JMeterThread: Thread started: Thread Group - HH 1-94
2021-01-03 19:09:10,814 INFO o.a.j.t.JMeterThread: Thread started: Thread Group - HH 1-95
2021-01-03 19:09:10,826 INFO o.a.j.t.JMeterThread: Thread started: Thread Group - HH 1-96
2021-01-03 19:09:10,835 INFO o.a.j.t.JMeterThread: Thread started: Thread Group - HH 1-97
2021-01-03 19:09:10,844 INFO o.a.j.t.JMeterThread: Thread started: Thread Group - HH 1-98
2021-01-03 19:09:10,854 INFO o.a.j.t.JMeterThread: Thread started: Thread Group - HH 1-99
2021-01-03 19:09:10,866 INFO o.a.j.t.JMeterThread: Thread started: Thread Group - HH 1-100
2021-01-03 19:09:30,009 INFO o.a.j.r.Summariser: summary +   5259 in 00:00:20 =  261.0/s Avg:   261 Min:     0 Max:  1982 Err:  1733 (32.95%) Active: 100 Started: 100 Finished: 0
2021-01-03 19:10:00,001 INFO o.a.j.r.Summariser: summary +   8077 in 00:00:30 =  269.3/s Avg:   264 Min:     0 Max:  1619 Err:  2539 (31.43%) Active: 100 Started: 100 Finished: 0
2021-01-03 19:10:00,002 INFO o.a.j.r.Summariser: summary =  13336 in 00:00:50 =  266.0/s Avg:   263 Min:     0 Max:  1982 Err:  4272 (32.03%)
2021-01-03 19:10:09,632 INFO o.a.j.t.JMeterThread: Thread finished: Thread Group - HH 1-4
2021-01-03 19:10:09,634 INFO o.a.j.t.JMeterThread: Thread finished: Thread Group - HH 1-25
2021-01-03 19:10:09,722 INFO o.a.j.t.JMeterThread: Thread finished: Thread Group - HH 1-60
2021-01-03 19:10:09,722 INFO o.a.j.t.JMeterThread: Thread finished: Thread Group - HH 1-35
2021-01-03 19:10:09,744 INFO o.a.j.t.JMeterThread: Thread finished: Thread Group - HH 1-75
2021-01-03 19:10:09,757 INFO o.a.j.t.JMeterThread: Thread finished: Thread Group - HH 1-45
2021-01-03 19:10:09,757 INFO o.a.j.t.JMeterThread: Thread finished: Thread Group - HH 1-28
2021-01-03 19:10:09,761 INFO o.a.j.t.JMeterThread: Thread finished: Thread Group - HH 1-30
2021-01-03 19:10:09,761 INFO o.a.j.t.JMeterThread: Thread finished: Thread Group - HH 1-51
2021-01-03 19:10:09,762 INFO o.a.j.t.JMeterThread: Thread finished: Thread Group - HH 1-22
2021-01-03 19:10:09,770 INFO o.a.j.t.JMeterThread: Thread finished: Thread Group - HH 1-70
2021-01-03 19:10:09,773 INFO o.a.j.t.JMeterThread: Thread finished: Thread Group - HH 1-5
2021-01-03 19:10:09,773 INFO o.a.j.t.JMeterThread: Thread finished: Thread Group - HH 1-31
2021-01-03 19:10:09,781 INFO o.a.j.t.JMeterThread: Thread finished: Thread Group - HH 1-3
2021-01-03 19:10:09,791 INFO o.a.j.t.JMeterThread: Thread finished: Thread Group - HH 1-21
2021-01-03 19:10:09,791 INFO o.a.j.t.JMeterThread: Thread finished: Thread Group - HH 1-15
2021-01-03 19:10:09,792 INFO o.a.j.t.JMeterThread: Thread finished: Thread Group - HH 1-61
2021-01-03 19:10:09,857 INFO o.a.j.t.JMeterThread: Thread finished: Thread Group - HH 1-34
2021-01-03 19:10:09,864 INFO o.a.j.t.JMeterThread: Thread finished: Thread Group - HH 1-43
2021-01-03 19:10:09,868 INFO o.a.j.t.JMeterThread: Thread finished: Thread Group - HH 1-11
2021-01-03 19:10:09,870 INFO o.a.j.t.JMeterThread: Thread finished: Thread Group - HH 1-56
2021-01-03 19:10:09,875 INFO o.a.j.t.JMeterThread: Thread finished: Thread Group - HH 1-42
2021-01-03 19:10:09,879 INFO o.a.j.t.JMeterThread: Thread finished: Thread Group - HH 1-85
2021-01-03 19:10:09,883 INFO o.a.j.t.JMeterThread: Thread finished: Thread Group - HH 1-68
2021-01-03 19:10:09,883 INFO o.a.j.t.JMeterThread: Thread finished: Thread Group - HH 1-92
2021-01-03 19:10:09,884 INFO o.a.j.t.JMeterThread: Thread finished: Thread Group - HH 1-96
2021-01-03 19:10:09,890 INFO o.a.j.t.JMeterThread: Thread finished: Thread Group - HH 1-19
2021-01-03 19:10:09,893 INFO o.a.j.t.JMeterThread: Stopping because end time detected by thread: Thread Group - HH 1-17
2021-01-03 19:10:09,893 INFO o.a.j.t.JMeterThread: Thread finished: Thread Group - HH 1-17
2021-01-03 19:10:09,896 INFO o.a.j.t.JMeterThread: Stopping because end time detected by thread: Thread Group - HH 1-8
2021-01-03 19:10:09,896 INFO o.a.j.t.JMeterThread: Thread finished: Thread Group - HH 1-8
2021-01-03 19:10:09,906 INFO o.a.j.t.JMeterThread: Thread finished: Thread Group - HH 1-87
2021-01-03 19:10:09,922 INFO o.a.j.t.JMeterThread: Stopping because end time detected by thread: Thread Group - HH 1-82
2021-01-03 19:10:09,922 INFO o.a.j.t.JMeterThread: Thread finished: Thread Group - HH 1-82
2021-01-03 19:10:09,926 INFO o.a.j.t.JMeterThread: Stopping because end time detected by thread: Thread Group - HH 1-72
2021-01-03 19:10:09,926 INFO o.a.j.t.JMeterThread: Thread finished: Thread Group - HH 1-72
2021-01-03 19:10:09,929 INFO o.a.j.t.JMeterThread: Stopping because end time detected by thread: Thread Group - HH 1-66
2021-01-03 19:10:09,930 INFO o.a.j.t.JMeterThread: Thread finished: Thread Group - HH 1-66
2021-01-03 19:10:09,946 INFO o.a.j.t.JMeterThread: Stopping because end time detected by thread: Thread Group - HH 1-71
2021-01-03 19:10:09,946 INFO o.a.j.t.JMeterThread: Stopping because end time detected by thread: Thread Group - HH 1-97
2021-01-03 19:10:09,946 INFO o.a.j.t.JMeterThread: Thread finished: Thread Group - HH 1-71
2021-01-03 19:10:09,946 INFO o.a.j.t.JMeterThread: Thread finished: Thread Group - HH 1-97
2021-01-03 19:10:09,951 INFO o.a.j.t.JMeterThread: Stopping because end time detected by thread: Thread Group - HH 1-44
2021-01-03 19:10:09,951 INFO o.a.j.t.JMeterThread: Stopping because end time detected by thread: Thread Group - HH 1-6
2021-01-03 19:10:09,951 INFO o.a.j.t.JMeterThread: Thread finished: Thread Group - HH 1-44
2021-01-03 19:10:09,952 INFO o.a.j.t.JMeterThread: Thread finished: Thread Group - HH 1-6
2021-01-03 19:10:09,952 INFO o.a.j.t.JMeterThread: Stopping because end time detected by thread: Thread Group - HH 1-63
2021-01-03 19:10:09,952 INFO o.a.j.t.JMeterThread: Thread finished: Thread Group - HH 1-63
2021-01-03 19:10:09,952 INFO o.a.j.t.JMeterThread: Stopping because end time detected by thread: Thread Group - HH 1-49
2021-01-03 19:10:09,952 INFO o.a.j.t.JMeterThread: Thread finished: Thread Group - HH 1-49
2021-01-03 19:10:09,952 INFO o.a.j.t.JMeterThread: Stopping because end time detected by thread: Thread Group - HH 1-13
2021-01-03 19:10:09,952 INFO o.a.j.t.JMeterThread: Thread finished: Thread Group - HH 1-13
2021-01-03 19:10:09,954 INFO o.a.j.t.JMeterThread: Stopping because end time detected by thread: Thread Group - HH 1-23
2021-01-03 19:10:09,954 INFO o.a.j.t.JMeterThread: Stopping because end time detected by thread: Thread Group - HH 1-73
2021-01-03 19:10:09,954 INFO o.a.j.t.JMeterThread: Thread finished: Thread Group - HH 1-23
2021-01-03 19:10:09,954 INFO o.a.j.t.JMeterThread: Thread finished: Thread Group - HH 1-73
2021-01-03 19:10:09,957 INFO o.a.j.t.JMeterThread: Stopping because end time detected by thread: Thread Group - HH 1-78
2021-01-03 19:10:09,957 INFO o.a.j.t.JMeterThread: Thread finished: Thread Group - HH 1-78
2021-01-03 19:10:09,958 INFO o.a.j.t.JMeterThread: Stopping because end time detected by thread: Thread Group - HH 1-81
2021-01-03 19:10:09,958 INFO o.a.j.t.JMeterThread: Thread finished: Thread Group - HH 1-81
2021-01-03 19:10:09,959 INFO o.a.j.t.JMeterThread: Stopping because end time detected by thread: Thread Group - HH 1-95
2021-01-03 19:10:09,959 INFO o.a.j.t.JMeterThread: Thread finished: Thread Group - HH 1-95
2021-01-03 19:10:09,959 INFO o.a.j.t.JMeterThread: Stopping because end time detected by thread: Thread Group - HH 1-54
2021-01-03 19:10:09,959 INFO o.a.j.t.JMeterThread: Thread finished: Thread Group - HH 1-54
2021-01-03 19:10:09,960 INFO o.a.j.t.JMeterThread: Stopping because end time detected by thread: Thread Group - HH 1-52
2021-01-03 19:10:09,960 INFO o.a.j.t.JMeterThread: Thread finished: Thread Group - HH 1-52
2021-01-03 19:10:09,968 INFO o.a.j.t.JMeterThread: Stopping because end time detected by thread: Thread Group - HH 1-62
2021-01-03 19:10:09,968 INFO o.a.j.t.JMeterThread: Thread finished: Thread Group - HH 1-62
2021-01-03 19:10:09,978 INFO o.a.j.t.JMeterThread: Stopping because end time detected by thread: Thread Group - HH 1-2
2021-01-03 19:10:09,978 INFO o.a.j.t.JMeterThread: Thread finished: Thread Group - HH 1-2
2021-01-03 19:10:09,980 INFO o.a.j.t.JMeterThread: Stopping because end time detected by thread: Thread Group - HH 1-99
2021-01-03 19:10:09,981 INFO o.a.j.t.JMeterThread: Thread finished: Thread Group - HH 1-99
2021-01-03 19:10:09,982 INFO o.a.j.t.JMeterThread: Stopping because end time detected by thread: Thread Group - HH 1-64
2021-01-03 19:10:09,982 INFO o.a.j.t.JMeterThread: Thread finished: Thread Group - HH 1-64
2021-01-03 19:10:09,984 INFO o.a.j.t.JMeterThread: Stopping because end time detected by thread: Thread Group - HH 1-83
2021-01-03 19:10:09,984 INFO o.a.j.t.JMeterThread: Thread finished: Thread Group - HH 1-83
2021-01-03 19:10:09,990 INFO o.a.j.t.JMeterThread: Stopping because end time detected by thread: Thread Group - HH 1-48
2021-01-03 19:10:09,991 INFO o.a.j.t.JMeterThread: Thread finished: Thread Group - HH 1-48
2021-01-03 19:10:09,991 INFO o.a.j.t.JMeterThread: Stopping because end time detected by thread: Thread Group - HH 1-57
2021-01-03 19:10:09,991 INFO o.a.j.t.JMeterThread: Thread finished: Thread Group - HH 1-57
2021-01-03 19:10:09,992 INFO o.a.j.t.JMeterThread: Stopping because end time detected by thread: Thread Group - HH 1-59
2021-01-03 19:10:09,992 INFO o.a.j.t.JMeterThread: Thread finished: Thread Group - HH 1-59
2021-01-03 19:10:09,992 INFO o.a.j.t.JMeterThread: Stopping because end time detected by thread: Thread Group - HH 1-100
2021-01-03 19:10:09,992 INFO o.a.j.t.JMeterThread: Thread finished: Thread Group - HH 1-100
2021-01-03 19:10:09,996 INFO o.a.j.t.JMeterThread: Stopping because end time detected by thread: Thread Group - HH 1-91
2021-01-03 19:10:09,996 INFO o.a.j.t.JMeterThread: Thread finished: Thread Group - HH 1-91
2021-01-03 19:10:10,006 INFO o.a.j.t.JMeterThread: Stopping because end time detected by thread: Thread Group - HH 1-27
2021-01-03 19:10:10,006 INFO o.a.j.t.JMeterThread: Thread finished: Thread Group - HH 1-27
2021-01-03 19:10:10,008 INFO o.a.j.t.JMeterThread: Stopping because end time detected by thread: Thread Group - HH 1-80
2021-01-03 19:10:10,008 INFO o.a.j.t.JMeterThread: Thread finished: Thread Group - HH 1-80
2021-01-03 19:10:10,014 INFO o.a.j.t.JMeterThread: Stopping because end time detected by thread: Thread Group - HH 1-9
2021-01-03 19:10:10,014 INFO o.a.j.t.JMeterThread: Thread finished: Thread Group - HH 1-9
2021-01-03 19:10:10,017 INFO o.a.j.t.JMeterThread: Stopping because end time detected by thread: Thread Group - HH 1-29
2021-01-03 19:10:10,017 INFO o.a.j.t.JMeterThread: Thread finished: Thread Group - HH 1-29
2021-01-03 19:10:10,019 INFO o.a.j.t.JMeterThread: Stopping because end time detected by thread: Thread Group - HH 1-84
2021-01-03 19:10:10,019 INFO o.a.j.t.JMeterThread: Thread finished: Thread Group - HH 1-84
2021-01-03 19:10:10,021 INFO o.a.j.t.JMeterThread: Stopping because end time detected by thread: Thread Group - HH 1-18
2021-01-03 19:10:10,021 INFO o.a.j.t.JMeterThread: Thread finished: Thread Group - HH 1-18
2021-01-03 19:10:10,028 INFO o.a.j.t.JMeterThread: Stopping because end time detected by thread: Thread Group - HH 1-37
2021-01-03 19:10:10,029 INFO o.a.j.t.JMeterThread: Thread finished: Thread Group - HH 1-37
2021-01-03 19:10:10,029 INFO o.a.j.t.JMeterThread: Stopping because end time detected by thread: Thread Group - HH 1-88
2021-01-03 19:10:10,029 INFO o.a.j.t.JMeterThread: Thread finished: Thread Group - HH 1-88
2021-01-03 19:10:10,035 INFO o.a.j.t.JMeterThread: Stopping because end time detected by thread: Thread Group - HH 1-65
2021-01-03 19:10:10,035 INFO o.a.j.t.JMeterThread: Thread finished: Thread Group - HH 1-65
2021-01-03 19:10:10,048 INFO o.a.j.t.JMeterThread: Stopping because end time detected by thread: Thread Group - HH 1-39
2021-01-03 19:10:10,049 INFO o.a.j.t.JMeterThread: Thread finished: Thread Group - HH 1-39
2021-01-03 19:10:10,057 INFO o.a.j.t.JMeterThread: Stopping because end time detected by thread: Thread Group - HH 1-69
2021-01-03 19:10:10,057 INFO o.a.j.t.JMeterThread: Thread finished: Thread Group - HH 1-69
2021-01-03 19:10:10,058 INFO o.a.j.t.JMeterThread: Stopping because end time detected by thread: Thread Group - HH 1-10
2021-01-03 19:10:10,058 INFO o.a.j.t.JMeterThread: Thread finished: Thread Group - HH 1-10
2021-01-03 19:10:10,059 INFO o.a.j.t.JMeterThread: Stopping because end time detected by thread: Thread Group - HH 1-74
2021-01-03 19:10:10,059 INFO o.a.j.t.JMeterThread: Thread finished: Thread Group - HH 1-74
2021-01-03 19:10:10,061 INFO o.a.j.t.JMeterThread: Stopping because end time detected by thread: Thread Group - HH 1-12
2021-01-03 19:10:10,061 INFO o.a.j.t.JMeterThread: Thread finished: Thread Group - HH 1-12
2021-01-03 19:10:10,061 INFO o.a.j.t.JMeterThread: Stopping because end time detected by thread: Thread Group - HH 1-50
2021-01-03 19:10:10,062 INFO o.a.j.t.JMeterThread: Thread finished: Thread Group - HH 1-50
2021-01-03 19:10:10,062 INFO o.a.j.t.JMeterThread: Stopping because end time detected by thread: Thread Group - HH 1-79
2021-01-03 19:10:10,062 INFO o.a.j.t.JMeterThread: Thread finished: Thread Group - HH 1-79
2021-01-03 19:10:10,065 INFO o.a.j.t.JMeterThread: Stopping because end time detected by thread: Thread Group - HH 1-89
2021-01-03 19:10:10,065 INFO o.a.j.t.JMeterThread: Thread finished: Thread Group - HH 1-89
2021-01-03 19:10:10,071 INFO o.a.j.t.JMeterThread: Stopping because end time detected by thread: Thread Group - HH 1-36
2021-01-03 19:10:10,071 INFO o.a.j.t.JMeterThread: Thread finished: Thread Group - HH 1-36
2021-01-03 19:10:10,075 INFO o.a.j.t.JMeterThread: Stopping because end time detected by thread: Thread Group - HH 1-20
2021-01-03 19:10:10,075 INFO o.a.j.t.JMeterThread: Thread finished: Thread Group - HH 1-20
2021-01-03 19:10:10,094 INFO o.a.j.t.JMeterThread: Stopping because end time detected by thread: Thread Group - HH 1-24
2021-01-03 19:10:10,094 INFO o.a.j.t.JMeterThread: Thread finished: Thread Group - HH 1-24
2021-01-03 19:10:10,098 INFO o.a.j.t.JMeterThread: Stopping because end time detected by thread: Thread Group - HH 1-38
2021-01-03 19:10:10,098 INFO o.a.j.t.JMeterThread: Thread finished: Thread Group - HH 1-38
2021-01-03 19:10:10,104 INFO o.a.j.t.JMeterThread: Stopping because end time detected by thread: Thread Group - HH 1-32
2021-01-03 19:10:10,104 INFO o.a.j.t.JMeterThread: Thread finished: Thread Group - HH 1-32
2021-01-03 19:10:10,109 INFO o.a.j.t.JMeterThread: Stopping because end time detected by thread: Thread Group - HH 1-76
2021-01-03 19:10:10,109 INFO o.a.j.t.JMeterThread: Thread finished: Thread Group - HH 1-76
2021-01-03 19:10:10,115 INFO o.a.j.t.JMeterThread: Stopping because end time detected by thread: Thread Group - HH 1-16
2021-01-03 19:10:10,115 INFO o.a.j.t.JMeterThread: Thread finished: Thread Group - HH 1-16
2021-01-03 19:10:10,117 INFO o.a.j.t.JMeterThread: Stopping because end time detected by thread: Thread Group - HH 1-67
2021-01-03 19:10:10,117 INFO o.a.j.t.JMeterThread: Thread finished: Thread Group - HH 1-67
2021-01-03 19:10:10,118 INFO o.a.j.t.JMeterThread: Stopping because end time detected by thread: Thread Group - HH 1-46
2021-01-03 19:10:10,118 INFO o.a.j.t.JMeterThread: Stopping because end time detected by thread: Thread Group - HH 1-53
2021-01-03 19:10:10,118 INFO o.a.j.t.JMeterThread: Thread finished: Thread Group - HH 1-46
2021-01-03 19:10:10,118 INFO o.a.j.t.JMeterThread: Thread finished: Thread Group - HH 1-53
2021-01-03 19:10:10,119 INFO o.a.j.t.JMeterThread: Stopping because end time detected by thread: Thread Group - HH 1-14
2021-01-03 19:10:10,119 INFO o.a.j.t.JMeterThread: Thread finished: Thread Group - HH 1-14
2021-01-03 19:10:10,124 INFO o.a.j.t.JMeterThread: Stopping because end time detected by thread: Thread Group - HH 1-40
2021-01-03 19:10:10,124 INFO o.a.j.t.JMeterThread: Thread finished: Thread Group - HH 1-40
2021-01-03 19:10:10,125 INFO o.a.j.t.JMeterThread: Stopping because end time detected by thread: Thread Group - HH 1-93
2021-01-03 19:10:10,125 INFO o.a.j.t.JMeterThread: Thread finished: Thread Group - HH 1-93
2021-01-03 19:10:10,135 INFO o.a.j.t.JMeterThread: Stopping because end time detected by thread: Thread Group - HH 1-33
2021-01-03 19:10:10,135 INFO o.a.j.t.JMeterThread: Thread finished: Thread Group - HH 1-33
2021-01-03 19:10:10,144 INFO o.a.j.t.JMeterThread: Stopping because end time detected by thread: Thread Group - HH 1-86
2021-01-03 19:10:10,144 INFO o.a.j.t.JMeterThread: Thread finished: Thread Group - HH 1-86
2021-01-03 19:10:10,144 INFO o.a.j.t.JMeterThread: Stopping because end time detected by thread: Thread Group - HH 1-47
2021-01-03 19:10:10,144 INFO o.a.j.t.JMeterThread: Thread finished: Thread Group - HH 1-47
2021-01-03 19:10:10,145 INFO o.a.j.t.JMeterThread: Stopping because end time detected by thread: Thread Group - HH 1-94
2021-01-03 19:10:10,145 INFO o.a.j.t.JMeterThread: Thread finished: Thread Group - HH 1-94
2021-01-03 19:10:10,155 INFO o.a.j.t.JMeterThread: Stopping because end time detected by thread: Thread Group - HH 1-55
2021-01-03 19:10:10,155 INFO o.a.j.t.JMeterThread: Thread finished: Thread Group - HH 1-55
2021-01-03 19:10:10,159 INFO o.a.j.t.JMeterThread: Stopping because end time detected by thread: Thread Group - HH 1-98
2021-01-03 19:10:10,159 INFO o.a.j.t.JMeterThread: Stopping because end time detected by thread: Thread Group - HH 1-7
2021-01-03 19:10:10,159 INFO o.a.j.t.JMeterThread: Thread finished: Thread Group - HH 1-98
2021-01-03 19:10:10,159 INFO o.a.j.t.JMeterThread: Thread finished: Thread Group - HH 1-7
2021-01-03 19:10:10,161 INFO o.a.j.t.JMeterThread: Stopping because end time detected by thread: Thread Group - HH 1-1
2021-01-03 19:10:10,161 INFO o.a.j.t.JMeterThread: Thread finished: Thread Group - HH 1-1
2021-01-03 19:10:10,164 INFO o.a.j.t.JMeterThread: Stopping because end time detected by thread: Thread Group - HH 1-41
2021-01-03 19:10:10,165 INFO o.a.j.t.JMeterThread: Thread finished: Thread Group - HH 1-41
2021-01-03 19:10:10,169 INFO o.a.j.t.JMeterThread: Stopping because end time detected by thread: Thread Group - HH 1-58
2021-01-03 19:10:10,169 INFO o.a.j.t.JMeterThread: Thread finished: Thread Group - HH 1-58
2021-01-03 19:10:10,170 INFO o.a.j.t.JMeterThread: Stopping because end time detected by thread: Thread Group - HH 1-90
2021-01-03 19:10:10,170 INFO o.a.j.t.JMeterThread: Thread finished: Thread Group - HH 1-90
2021-01-03 19:10:10,173 INFO o.a.j.t.JMeterThread: Stopping because end time detected by thread: Thread Group - HH 1-26
2021-01-03 19:10:10,173 INFO o.a.j.t.JMeterThread: Thread finished: Thread Group - HH 1-26
2021-01-03 19:10:10,177 INFO o.a.j.t.JMeterThread: Stopping because end time detected by thread: Thread Group - HH 1-77
2021-01-03 19:10:10,177 INFO o.a.j.t.JMeterThread: Thread finished: Thread Group - HH 1-77
2021-01-03 19:10:10,177 INFO o.a.j.e.StandardJMeterEngine: Notifying test listeners of end of test
2021-01-03 19:10:10,178 INFO o.a.j.r.Summariser: summary +   2866 in 00:00:10 =  281.6/s Avg:   246 Min:     0 Max:  1328 Err:   869 (30.32%) Active: 0 Started: 100 Finished: 100
2021-01-03 19:10:10,179 INFO o.a.j.r.Summariser: summary =  16202 in 00:01:00 =  268.6/s Avg:   260 Min:     0 Max:  1982 Err:  5141 (31.73%)
