2021-01-03 18:53:21,268 INFO o.a.j.u.JMeterUtils: Setting Locale to en_EN
2021-01-03 18:53:21,288 INFO o.a.j.JMeter: Loading user properties from: user.properties
2021-01-03 18:53:21,288 INFO o.a.j.JMeter: Loading system properties from: system.properties
2021-01-03 18:53:21,290 INFO o.a.j.JMeter: Copyright (c) 1998-2020 The Apache Software Foundation
2021-01-03 18:53:21,290 INFO o.a.j.JMeter: Version 5.3
2021-01-03 18:53:21,290 INFO o.a.j.JMeter: java.version=11.0.8
2021-01-03 18:53:21,290 INFO o.a.j.JMeter: java.vm.name=Java HotSpot(TM) 64-Bit Server VM
2021-01-03 18:53:21,290 INFO o.a.j.JMeter: os.name=Windows 10
2021-01-03 18:53:21,290 INFO o.a.j.JMeter: os.arch=amd64
2021-01-03 18:53:21,290 INFO o.a.j.JMeter: os.version=10.0
2021-01-03 18:53:21,290 INFO o.a.j.JMeter: file.encoding=Cp1252
2021-01-03 18:53:21,290 INFO o.a.j.JMeter: java.awt.headless=true
2021-01-03 18:53:21,290 INFO o.a.j.JMeter: Max memory     =1073741824
2021-01-03 18:53:21,291 INFO o.a.j.JMeter: Available Processors =8
2021-01-03 18:53:21,299 INFO o.a.j.JMeter: Default Locale=English (EN)
2021-01-03 18:53:21,300 INFO o.a.j.JMeter: JMeter  Locale=English (EN)
2021-01-03 18:53:21,300 INFO o.a.j.JMeter: JMeterHome=C:\Users\fabio\Documents\Fabio\Università\Magistrale\2°anno\1°semestre\Impianti di Elaborazione\apache-jmeter-5.3
2021-01-03 18:53:21,300 INFO o.a.j.JMeter: user.dir  =C:\Users\fabio\Documents\Fabio\Università\Magistrale\2°anno\1°semestre\Impianti di Elaborazione\apache-jmeter-5.3\bin
2021-01-03 18:53:21,300 INFO o.a.j.JMeter: PWD       =C:\Users\fabio\Documents\Fabio\Università\Magistrale\2°anno\1°semestre\Impianti di Elaborazione\apache-jmeter-5.3\bin
2021-01-03 18:53:21,312 INFO o.a.j.JMeter: IP: 192.168.56.1 Name: LAPTOP-DSVV6SSR FullName: 192.168.56.1
2021-01-03 18:53:21,319 INFO o.a.j.s.FileServer: Default base='C:\Users\fabio\Documents\Fabio\Università\Magistrale\2°anno\1°semestre\Impianti di Elaborazione\apache-jmeter-5.3\bin'
2021-01-03 18:53:21,320 INFO o.a.j.s.FileServer: Set new base='C:\Users\fabio\Documents\Fabio\Università\Magistrale\2°anno\1°semestre\Impianti di Elaborazione\apache-jmeter-5.3\bin'
2021-01-03 18:53:21,448 INFO o.a.j.s.SaveService: Testplan (JMX) version: 2.2. Testlog (JTL) version: 2.2
2021-01-03 18:53:21,468 INFO o.a.j.s.SaveService: Using SaveService properties version 5.0
2021-01-03 18:53:21,472 INFO o.a.j.s.SaveService: Using SaveService properties file encoding UTF-8
2021-01-03 18:53:21,475 INFO o.a.j.s.SaveService: Loading file: DesignofExperiment.jmx
2021-01-03 18:53:21,535 INFO o.a.j.p.h.s.HTTPSamplerBase: Parser for text/html is org.apache.jmeter.protocol.http.parser.LagartoBasedHtmlParser
2021-01-03 18:53:21,535 INFO o.a.j.p.h.s.HTTPSamplerBase: Parser for application/xhtml+xml is org.apache.jmeter.protocol.http.parser.LagartoBasedHtmlParser
2021-01-03 18:53:21,535 INFO o.a.j.p.h.s.HTTPSamplerBase: Parser for application/xml is org.apache.jmeter.protocol.http.parser.LagartoBasedHtmlParser
2021-01-03 18:53:21,536 INFO o.a.j.p.h.s.HTTPSamplerBase: Parser for text/xml is org.apache.jmeter.protocol.http.parser.LagartoBasedHtmlParser
2021-01-03 18:53:21,536 INFO o.a.j.p.h.s.HTTPSamplerBase: Parser for text/vnd.wap.wml is org.apache.jmeter.protocol.http.parser.RegexpHTMLParser
2021-01-03 18:53:21,536 INFO o.a.j.p.h.s.HTTPSamplerBase: Parser for text/css is org.apache.jmeter.protocol.http.parser.CssParser
2021-01-03 18:53:21,562 INFO o.a.j.JMeter: Creating summariser <summary>
2021-01-03 18:53:21,568 INFO o.a.j.e.StandardJMeterEngine: Running the test!
2021-01-03 18:53:21,569 INFO o.a.j.s.SampleEvent: List of sample_variables: []
2021-01-03 18:53:21,569 INFO o.a.j.s.SampleEvent: List of sample_variables: []
2021-01-03 18:53:21,579 INFO o.a.j.e.u.CompoundVariable: Note: Function class names must contain the string: '.functions.'
2021-01-03 18:53:21,579 INFO o.a.j.e.u.CompoundVariable: Note: Function class names must not contain the string: '.gui.'
2021-01-03 18:53:21,879 INFO o.a.j.JMeter: Running test (1609696401879)
2021-01-03 18:53:21,894 INFO o.a.j.e.StandardJMeterEngine: Starting ThreadGroup: 1 : Thread Group - HL
2021-01-03 18:53:21,894 INFO o.a.j.e.StandardJMeterEngine: Starting 100 threads for group Thread Group - HL.
2021-01-03 18:53:21,894 INFO o.a.j.e.StandardJMeterEngine: Thread will continue on error
2021-01-03 18:53:21,895 INFO o.a.j.t.ThreadGroup: Starting thread group... number=1 threads=100 ramp-up=1 delayedStart=false
2021-01-03 18:53:21,906 INFO o.a.j.t.JMeterThread: Thread started: Thread Group - HL 1-1
2021-01-03 18:53:21,912 INFO o.a.j.t.JMeterThread: Thread started: Thread Group - HL 1-2
2021-01-03 18:53:21,922 INFO o.a.j.t.JMeterThread: Thread started: Thread Group - HL 1-3
2021-01-03 18:53:21,928 INFO o.a.j.t.JMeterThread: Thread started: Thread Group - HL 1-4
2021-01-03 18:53:21,938 INFO o.a.j.t.JMeterThread: Thread started: Thread Group - HL 1-5
2021-01-03 18:53:21,944 INFO o.a.j.p.h.s.HTTPHCAbstractImpl: Local host = LAPTOP-DSVV6SSR
2021-01-03 18:53:21,947 INFO o.a.j.t.ThreadGroup: Started thread group number 1
2021-01-03 18:53:21,947 INFO o.a.j.e.StandardJMeterEngine: All thread groups have been started
2021-01-03 18:53:21,950 INFO o.a.j.t.JMeterThread: Thread started: Thread Group - HL 1-6
2021-01-03 18:53:21,952 INFO o.a.j.p.h.s.HTTPHC4Impl: HTTP request retry count = 0
2021-01-03 18:53:21,954 INFO o.a.j.s.SampleResult: Note: Sample TimeStamps are START times
2021-01-03 18:53:21,954 INFO o.a.j.s.SampleResult: sampleresult.default.encoding is set to ISO-8859-1
2021-01-03 18:53:21,954 INFO o.a.j.s.SampleResult: sampleresult.useNanoTime=true
2021-01-03 18:53:21,955 INFO o.a.j.s.SampleResult: sampleresult.nanoThreadSleep=5000
2021-01-03 18:53:21,959 INFO o.a.j.t.JMeterThread: Thread started: Thread Group - HL 1-7
2021-01-03 18:53:21,968 INFO o.a.j.t.JMeterThread: Thread started: Thread Group - HL 1-8
2021-01-03 18:53:21,977 INFO o.a.j.t.JMeterThread: Thread started: Thread Group - HL 1-9
2021-01-03 18:53:21,987 INFO o.a.j.t.JMeterThread: Thread started: Thread Group - HL 1-10
2021-01-03 18:53:21,997 INFO o.a.j.t.JMeterThread: Thread started: Thread Group - HL 1-11
2021-01-03 18:53:22,007 INFO o.a.j.t.JMeterThread: Thread started: Thread Group - HL 1-12
2021-01-03 18:53:22,017 INFO o.a.j.t.JMeterThread: Thread started: Thread Group - HL 1-13
2021-01-03 18:53:22,027 INFO o.a.j.t.JMeterThread: Thread started: Thread Group - HL 1-14
2021-01-03 18:53:22,036 INFO o.a.j.t.JMeterThread: Thread started: Thread Group - HL 1-15
2021-01-03 18:53:22,047 INFO o.a.j.t.JMeterThread: Thread started: Thread Group - HL 1-16
2021-01-03 18:53:22,056 INFO o.a.j.t.JMeterThread: Thread started: Thread Group - HL 1-17
2021-01-03 18:53:22,067 INFO o.a.j.t.JMeterThread: Thread started: Thread Group - HL 1-18
2021-01-03 18:53:22,076 INFO o.a.j.t.JMeterThread: Thread started: Thread Group - HL 1-19
2021-01-03 18:53:22,087 INFO o.a.j.t.JMeterThread: Thread started: Thread Group - HL 1-20
2021-01-03 18:53:22,097 INFO o.a.j.t.JMeterThread: Thread started: Thread Group - HL 1-21
2021-01-03 18:53:22,107 INFO o.a.j.t.JMeterThread: Thread started: Thread Group - HL 1-22
2021-01-03 18:53:22,116 INFO o.a.j.t.JMeterThread: Thread started: Thread Group - HL 1-23
2021-01-03 18:53:22,128 INFO o.a.j.t.JMeterThread: Thread started: Thread Group - HL 1-24
2021-01-03 18:53:22,137 INFO o.a.j.t.JMeterThread: Thread started: Thread Group - HL 1-25
2021-01-03 18:53:22,147 INFO o.a.j.t.JMeterThread: Thread started: Thread Group - HL 1-26
2021-01-03 18:53:22,158 INFO o.a.j.t.JMeterThread: Thread started: Thread Group - HL 1-27
2021-01-03 18:53:22,170 INFO o.a.j.t.JMeterThread: Thread started: Thread Group - HL 1-28
2021-01-03 18:53:22,177 INFO o.a.j.t.JMeterThread: Thread started: Thread Group - HL 1-29
2021-01-03 18:53:22,187 INFO o.a.j.t.JMeterThread: Thread started: Thread Group - HL 1-30
2021-01-03 18:53:22,195 INFO o.a.j.t.JMeterThread: Thread started: Thread Group - HL 1-31
2021-01-03 18:53:22,206 INFO o.a.j.t.JMeterThread: Thread started: Thread Group - HL 1-32
2021-01-03 18:53:22,217 INFO o.a.j.t.JMeterThread: Thread started: Thread Group - HL 1-33
2021-01-03 18:53:22,226 INFO o.a.j.t.JMeterThread: Thread started: Thread Group - HL 1-34
2021-01-03 18:53:22,236 INFO o.a.j.t.JMeterThread: Thread started: Thread Group - HL 1-35
2021-01-03 18:53:22,245 INFO o.a.j.t.JMeterThread: Thread started: Thread Group - HL 1-36
2021-01-03 18:53:22,257 INFO o.a.j.t.JMeterThread: Thread started: Thread Group - HL 1-37
2021-01-03 18:53:22,268 INFO o.a.j.t.JMeterThread: Thread started: Thread Group - HL 1-38
2021-01-03 18:53:22,275 INFO o.a.j.t.JMeterThread: Thread started: Thread Group - HL 1-39
2021-01-03 18:53:22,285 INFO o.a.j.t.JMeterThread: Thread started: Thread Group - HL 1-40
2021-01-03 18:53:22,299 INFO o.a.j.t.JMeterThread: Thread started: Thread Group - HL 1-41
2021-01-03 18:53:22,307 INFO o.a.j.t.JMeterThread: Thread started: Thread Group - HL 1-42
2021-01-03 18:53:22,315 INFO o.a.j.t.JMeterThread: Thread started: Thread Group - HL 1-43
2021-01-03 18:53:22,327 INFO o.a.j.t.JMeterThread: Thread started: Thread Group - HL 1-44
2021-01-03 18:53:22,339 INFO o.a.j.t.JMeterThread: Thread started: Thread Group - HL 1-45
2021-01-03 18:53:22,347 INFO o.a.j.t.JMeterThread: Thread started: Thread Group - HL 1-46
2021-01-03 18:53:22,355 INFO o.a.j.t.JMeterThread: Thread started: Thread Group - HL 1-47
2021-01-03 18:53:22,366 INFO o.a.j.t.JMeterThread: Thread started: Thread Group - HL 1-48
2021-01-03 18:53:22,377 INFO o.a.j.t.JMeterThread: Thread started: Thread Group - HL 1-49
2021-01-03 18:53:22,387 INFO o.a.j.t.JMeterThread: Thread started: Thread Group - HL 1-50
2021-01-03 18:53:22,396 INFO o.a.j.t.JMeterThread: Thread started: Thread Group - HL 1-51
2021-01-03 18:53:22,405 INFO o.a.j.t.JMeterThread: Thread started: Thread Group - HL 1-52
2021-01-03 18:53:22,415 INFO o.a.j.t.JMeterThread: Thread started: Thread Group - HL 1-53
2021-01-03 18:53:22,427 INFO o.a.j.t.JMeterThread: Thread started: Thread Group - HL 1-54
2021-01-03 18:53:22,437 INFO o.a.j.t.JMeterThread: Thread started: Thread Group - HL 1-55
2021-01-03 18:53:22,445 INFO o.a.j.t.JMeterThread: Thread started: Thread Group - HL 1-56
2021-01-03 18:53:22,456 INFO o.a.j.t.JMeterThread: Thread started: Thread Group - HL 1-57
2021-01-03 18:53:22,466 INFO o.a.j.t.JMeterThread: Thread started: Thread Group - HL 1-58
2021-01-03 18:53:22,476 INFO o.a.j.t.JMeterThread: Thread started: Thread Group - HL 1-59
2021-01-03 18:53:22,486 INFO o.a.j.t.JMeterThread: Thread started: Thread Group - HL 1-60
2021-01-03 18:53:22,496 INFO o.a.j.t.JMeterThread: Thread started: Thread Group - HL 1-61
2021-01-03 18:53:22,506 INFO o.a.j.t.JMeterThread: Thread started: Thread Group - HL 1-62
2021-01-03 18:53:22,517 INFO o.a.j.t.JMeterThread: Thread started: Thread Group - HL 1-63
2021-01-03 18:53:22,526 INFO o.a.j.t.JMeterThread: Thread started: Thread Group - HL 1-64
2021-01-03 18:53:22,537 INFO o.a.j.t.JMeterThread: Thread started: Thread Group - HL 1-65
2021-01-03 18:53:22,546 INFO o.a.j.t.JMeterThread: Thread started: Thread Group - HL 1-66
2021-01-03 18:53:22,557 INFO o.a.j.t.JMeterThread: Thread started: Thread Group - HL 1-67
2021-01-03 18:53:22,565 INFO o.a.j.t.JMeterThread: Thread started: Thread Group - HL 1-68
2021-01-03 18:53:22,576 INFO o.a.j.t.JMeterThread: Thread started: Thread Group - HL 1-69
2021-01-03 18:53:22,586 INFO o.a.j.t.JMeterThread: Thread started: Thread Group - HL 1-70
2021-01-03 18:53:22,596 INFO o.a.j.t.JMeterThread: Thread started: Thread Group - HL 1-71
2021-01-03 18:53:22,606 INFO o.a.j.t.JMeterThread: Thread started: Thread Group - HL 1-72
2021-01-03 18:53:22,616 INFO o.a.j.t.JMeterThread: Thread started: Thread Group - HL 1-73
2021-01-03 18:53:22,625 INFO o.a.j.t.JMeterThread: Thread started: Thread Group - HL 1-74
2021-01-03 18:53:22,637 INFO o.a.j.t.JMeterThread: Thread started: Thread Group - HL 1-75
2021-01-03 18:53:22,646 INFO o.a.j.t.JMeterThread: Thread started: Thread Group - HL 1-76
2021-01-03 18:53:22,655 INFO o.a.j.t.JMeterThread: Thread started: Thread Group - HL 1-77
2021-01-03 18:53:22,666 INFO o.a.j.t.JMeterThread: Thread started: Thread Group - HL 1-78
2021-01-03 18:53:22,677 INFO o.a.j.t.JMeterThread: Thread started: Thread Group - HL 1-79
2021-01-03 18:53:22,685 INFO o.a.j.t.JMeterThread: Thread started: Thread Group - HL 1-80
2021-01-03 18:53:22,696 INFO o.a.j.t.JMeterThread: Thread started: Thread Group - HL 1-81
2021-01-03 18:53:22,706 INFO o.a.j.t.JMeterThread: Thread started: Thread Group - HL 1-82
2021-01-03 18:53:22,716 INFO o.a.j.t.JMeterThread: Thread started: Thread Group - HL 1-83
2021-01-03 18:53:22,725 INFO o.a.j.t.JMeterThread: Thread started: Thread Group - HL 1-84
2021-01-03 18:53:22,736 INFO o.a.j.t.JMeterThread: Thread started: Thread Group - HL 1-85
2021-01-03 18:53:22,746 INFO o.a.j.t.JMeterThread: Thread started: Thread Group - HL 1-86
2021-01-03 18:53:22,755 INFO o.a.j.t.JMeterThread: Thread started: Thread Group - HL 1-87
2021-01-03 18:53:22,766 INFO o.a.j.t.JMeterThread: Thread started: Thread Group - HL 1-88
2021-01-03 18:53:22,776 INFO o.a.j.t.JMeterThread: Thread started: Thread Group - HL 1-89
2021-01-03 18:53:22,785 INFO o.a.j.t.JMeterThread: Thread started: Thread Group - HL 1-90
2021-01-03 18:53:22,795 INFO o.a.j.t.JMeterThread: Thread started: Thread Group - HL 1-91
2021-01-03 18:53:22,806 INFO o.a.j.t.JMeterThread: Thread started: Thread Group - HL 1-92
2021-01-03 18:53:22,815 INFO o.a.j.t.JMeterThread: Thread started: Thread Group - HL 1-93
2021-01-03 18:53:22,825 INFO o.a.j.t.JMeterThread: Thread started: Thread Group - HL 1-94
2021-01-03 18:53:22,836 INFO o.a.j.t.JMeterThread: Thread started: Thread Group - HL 1-95
2021-01-03 18:53:22,846 INFO o.a.j.t.JMeterThread: Thread started: Thread Group - HL 1-96
2021-01-03 18:53:22,855 INFO o.a.j.t.JMeterThread: Thread started: Thread Group - HL 1-97
2021-01-03 18:53:22,866 INFO o.a.j.t.JMeterThread: Thread started: Thread Group - HL 1-98
2021-01-03 18:53:22,876 INFO o.a.j.t.JMeterThread: Thread started: Thread Group - HL 1-99
2021-01-03 18:53:22,885 INFO o.a.j.t.JMeterThread: Thread started: Thread Group - HL 1-100
2021-01-03 18:53:30,004 INFO o.a.j.r.Summariser: summary +   3037 in 00:00:08 =  373.8/s Avg:     4 Min:     0 Max:   207 Err:     0 (0.00%) Active: 100 Started: 100 Finished: 0
2021-01-03 18:54:00,000 INFO o.a.j.r.Summariser: summary +  11239 in 00:00:30 =  374.7/s Avg:     2 Min:     0 Max:    52 Err:     0 (0.00%) Active: 100 Started: 100 Finished: 0
2021-01-03 18:54:00,001 INFO o.a.j.r.Summariser: summary =  14276 in 00:00:38 =  374.5/s Avg:     2 Min:     0 Max:   207 Err:     0 (0.00%)
2021-01-03 18:54:21,651 INFO o.a.j.t.JMeterThread: Thread finished: Thread Group - HL 1-13
2021-01-03 18:54:21,664 INFO o.a.j.t.JMeterThread: Thread finished: Thread Group - HL 1-31
2021-01-03 18:54:21,667 INFO o.a.j.t.JMeterThread: Thread finished: Thread Group - HL 1-24
2021-01-03 18:54:21,672 INFO o.a.j.t.JMeterThread: Thread finished: Thread Group - HL 1-40
2021-01-03 18:54:21,675 INFO o.a.j.t.JMeterThread: Thread finished: Thread Group - HL 1-17
2021-01-03 18:54:21,683 INFO o.a.j.t.JMeterThread: Thread finished: Thread Group - HL 1-52
2021-01-03 18:54:21,684 INFO o.a.j.t.JMeterThread: Thread finished: Thread Group - HL 1-9
2021-01-03 18:54:21,684 INFO o.a.j.t.JMeterThread: Thread finished: Thread Group - HL 1-25
2021-01-03 18:54:21,684 INFO o.a.j.t.JMeterThread: Thread finished: Thread Group - HL 1-32
2021-01-03 18:54:21,688 INFO o.a.j.t.JMeterThread: Thread finished: Thread Group - HL 1-7
2021-01-03 18:54:21,691 INFO o.a.j.t.JMeterThread: Thread finished: Thread Group - HL 1-41
2021-01-03 18:54:21,703 INFO o.a.j.t.JMeterThread: Thread finished: Thread Group - HL 1-53
2021-01-03 18:54:21,704 INFO o.a.j.t.JMeterThread: Thread finished: Thread Group - HL 1-67
2021-01-03 18:54:21,706 INFO o.a.j.t.JMeterThread: Thread finished: Thread Group - HL 1-2
2021-01-03 18:54:21,708 INFO o.a.j.t.JMeterThread: Thread finished: Thread Group - HL 1-26
2021-01-03 18:54:21,708 INFO o.a.j.t.JMeterThread: Thread finished: Thread Group - HL 1-42
2021-01-03 18:54:21,709 INFO o.a.j.t.JMeterThread: Thread finished: Thread Group - HL 1-33
2021-01-03 18:54:21,723 INFO o.a.j.t.JMeterThread: Thread finished: Thread Group - HL 1-54
2021-01-03 18:54:21,729 INFO o.a.j.t.JMeterThread: Thread finished: Thread Group - HL 1-43
2021-01-03 18:54:21,732 INFO o.a.j.t.JMeterThread: Thread finished: Thread Group - HL 1-12
2021-01-03 18:54:21,733 INFO o.a.j.t.JMeterThread: Thread finished: Thread Group - HL 1-69
2021-01-03 18:54:21,733 INFO o.a.j.t.JMeterThread: Thread finished: Thread Group - HL 1-34
2021-01-03 18:54:21,742 INFO o.a.j.t.JMeterThread: Thread finished: Thread Group - HL 1-88
2021-01-03 18:54:21,747 INFO o.a.j.t.JMeterThread: Thread finished: Thread Group - HL 1-55
2021-01-03 18:54:21,749 INFO o.a.j.t.JMeterThread: Thread finished: Thread Group - HL 1-70
2021-01-03 18:54:21,755 INFO o.a.j.t.JMeterThread: Thread finished: Thread Group - HL 1-89
2021-01-03 18:54:21,761 INFO o.a.j.t.JMeterThread: Thread finished: Thread Group - HL 1-44
2021-01-03 18:54:21,764 INFO o.a.j.t.JMeterThread: Thread finished: Thread Group - HL 1-56
2021-01-03 18:54:21,765 INFO o.a.j.t.JMeterThread: Thread finished: Thread Group - HL 1-10
2021-01-03 18:54:21,767 INFO o.a.j.t.JMeterThread: Thread finished: Thread Group - HL 1-71
2021-01-03 18:54:21,767 INFO o.a.j.t.JMeterThread: Thread finished: Thread Group - HL 1-90
2021-01-03 18:54:21,768 INFO o.a.j.t.JMeterThread: Thread finished: Thread Group - HL 1-20
2021-01-03 18:54:21,771 INFO o.a.j.t.JMeterThread: Thread finished: Thread Group - HL 1-35
2021-01-03 18:54:21,779 INFO o.a.j.t.JMeterThread: Thread finished: Thread Group - HL 1-91
2021-01-03 18:54:21,782 INFO o.a.j.t.JMeterThread: Thread finished: Thread Group - HL 1-72
2021-01-03 18:54:21,785 INFO o.a.j.t.JMeterThread: Thread finished: Thread Group - HL 1-57
2021-01-03 18:54:21,788 INFO o.a.j.t.JMeterThread: Thread finished: Thread Group - HL 1-45
2021-01-03 18:54:21,789 INFO o.a.j.t.JMeterThread: Thread finished: Thread Group - HL 1-6
2021-01-03 18:54:21,793 INFO o.a.j.t.JMeterThread: Thread finished: Thread Group - HL 1-36
2021-01-03 18:54:21,793 INFO o.a.j.t.JMeterThread: Thread finished: Thread Group - HL 1-92
2021-01-03 18:54:21,797 INFO o.a.j.t.JMeterThread: Thread finished: Thread Group - HL 1-73
2021-01-03 18:54:21,804 INFO o.a.j.t.JMeterThread: Thread finished: Thread Group - HL 1-93
2021-01-03 18:54:21,805 INFO o.a.j.t.JMeterThread: Thread finished: Thread Group - HL 1-58
2021-01-03 18:54:21,808 INFO o.a.j.t.JMeterThread: Thread finished: Thread Group - HL 1-1
2021-01-03 18:54:21,811 INFO o.a.j.t.JMeterThread: Thread finished: Thread Group - HL 1-74
2021-01-03 18:54:21,811 INFO o.a.j.t.JMeterThread: Thread finished: Thread Group - HL 1-14
2021-01-03 18:54:21,812 INFO o.a.j.t.JMeterThread: Thread finished: Thread Group - HL 1-46
2021-01-03 18:54:21,814 INFO o.a.j.t.JMeterThread: Thread finished: Thread Group - HL 1-11
2021-01-03 18:54:21,815 INFO o.a.j.t.JMeterThread: Thread finished: Thread Group - HL 1-19
2021-01-03 18:54:21,817 INFO o.a.j.t.JMeterThread: Thread finished: Thread Group - HL 1-94
2021-01-03 18:54:21,821 INFO o.a.j.t.JMeterThread: Thread finished: Thread Group - HL 1-8
2021-01-03 18:54:21,822 INFO o.a.j.t.JMeterThread: Thread finished: Thread Group - HL 1-59
2021-01-03 18:54:21,831 INFO o.a.j.t.JMeterThread: Thread finished: Thread Group - HL 1-27
2021-01-03 18:54:21,832 INFO o.a.j.t.JMeterThread: Thread finished: Thread Group - HL 1-95
2021-01-03 18:54:21,833 INFO o.a.j.t.JMeterThread: Thread finished: Thread Group - HL 1-75
2021-01-03 18:54:21,833 INFO o.a.j.t.JMeterThread: Thread finished: Thread Group - HL 1-47
2021-01-03 18:54:21,834 INFO o.a.j.t.JMeterThread: Thread finished: Thread Group - HL 1-37
2021-01-03 18:54:21,843 INFO o.a.j.t.JMeterThread: Thread finished: Thread Group - HL 1-96
2021-01-03 18:54:21,846 INFO o.a.j.t.JMeterThread: Thread finished: Thread Group - HL 1-3
2021-01-03 18:54:21,848 INFO o.a.j.t.JMeterThread: Thread finished: Thread Group - HL 1-60
2021-01-03 18:54:21,854 INFO o.a.j.t.JMeterThread: Thread finished: Thread Group - HL 1-76
2021-01-03 18:54:21,855 INFO o.a.j.t.JMeterThread: Thread finished: Thread Group - HL 1-21
2021-01-03 18:54:21,856 INFO o.a.j.t.JMeterThread: Thread finished: Thread Group - HL 1-97
2021-01-03 18:54:21,857 INFO o.a.j.t.JMeterThread: Thread finished: Thread Group - HL 1-18
2021-01-03 18:54:21,863 INFO o.a.j.t.JMeterThread: Thread finished: Thread Group - HL 1-77
2021-01-03 18:54:21,863 INFO o.a.j.t.JMeterThread: Thread finished: Thread Group - HL 1-61
2021-01-03 18:54:21,867 INFO o.a.j.t.JMeterThread: Thread finished: Thread Group - HL 1-48
2021-01-03 18:54:21,867 INFO o.a.j.t.JMeterThread: Thread finished: Thread Group - HL 1-38
2021-01-03 18:54:21,869 INFO o.a.j.t.JMeterThread: Thread finished: Thread Group - HL 1-98
2021-01-03 18:54:21,871 INFO o.a.j.t.JMeterThread: Thread finished: Thread Group - HL 1-28
2021-01-03 18:54:21,872 INFO o.a.j.t.JMeterThread: Thread finished: Thread Group - HL 1-5
2021-01-03 18:54:21,872 INFO o.a.j.t.JMeterThread: Thread finished: Thread Group - HL 1-15
2021-01-03 18:54:21,875 INFO o.a.j.t.JMeterThread: Thread finished: Thread Group - HL 1-22
2021-01-03 18:54:21,876 INFO o.a.j.t.JMeterThread: Thread finished: Thread Group - HL 1-78
2021-01-03 18:54:21,880 INFO o.a.j.t.JMeterThread: Thread finished: Thread Group - HL 1-29
2021-01-03 18:54:21,881 INFO o.a.j.t.JMeterThread: Thread finished: Thread Group - HL 1-99
2021-01-03 18:54:21,884 INFO o.a.j.t.JMeterThread: Thread finished: Thread Group - HL 1-62
2021-01-03 18:54:21,885 INFO o.a.j.t.JMeterThread: Thread finished: Thread Group - HL 1-49
2021-01-03 18:54:21,893 INFO o.a.j.t.JMeterThread: Thread finished: Thread Group - HL 1-100
2021-01-03 18:54:21,896 INFO o.a.j.t.JMeterThread: Thread finished: Thread Group - HL 1-79
2021-01-03 18:54:21,897 INFO o.a.j.t.JMeterThread: Thread finished: Thread Group - HL 1-39
2021-01-03 18:54:21,904 INFO o.a.j.t.JMeterThread: Stopping because end time detected by thread: Thread Group - HL 1-4
2021-01-03 18:54:21,904 INFO o.a.j.t.JMeterThread: Thread finished: Thread Group - HL 1-4
2021-01-03 18:54:21,906 INFO o.a.j.t.JMeterThread: Thread finished: Thread Group - HL 1-80
2021-01-03 18:54:21,912 INFO o.a.j.t.JMeterThread: Thread finished: Thread Group - HL 1-23
2021-01-03 18:54:21,912 INFO o.a.j.t.JMeterThread: Thread finished: Thread Group - HL 1-16
2021-01-03 18:54:21,913 INFO o.a.j.t.JMeterThread: Thread finished: Thread Group - HL 1-30
2021-01-03 18:54:21,921 INFO o.a.j.t.JMeterThread: Thread finished: Thread Group - HL 1-50
2021-01-03 18:54:21,921 INFO o.a.j.t.JMeterThread: Thread finished: Thread Group - HL 1-64
2021-01-03 18:54:21,922 INFO o.a.j.t.JMeterThread: Thread finished: Thread Group - HL 1-63
2021-01-03 18:54:21,923 INFO o.a.j.t.JMeterThread: Thread finished: Thread Group - HL 1-81
2021-01-03 18:54:21,926 INFO o.a.j.t.JMeterThread: Thread finished: Thread Group - HL 1-51
2021-01-03 18:54:21,927 INFO o.a.j.t.JMeterThread: Thread finished: Thread Group - HL 1-82
2021-01-03 18:54:21,929 INFO o.a.j.t.JMeterThread: Thread finished: Thread Group - HL 1-65
2021-01-03 18:54:21,931 INFO o.a.j.t.JMeterThread: Thread finished: Thread Group - HL 1-66
2021-01-03 18:54:21,931 INFO o.a.j.t.JMeterThread: Thread finished: Thread Group - HL 1-84
2021-01-03 18:54:21,932 INFO o.a.j.t.JMeterThread: Thread finished: Thread Group - HL 1-83
2021-01-03 18:54:21,936 INFO o.a.j.t.JMeterThread: Thread finished: Thread Group - HL 1-85
2021-01-03 18:54:21,936 INFO o.a.j.t.JMeterThread: Thread finished: Thread Group - HL 1-86
2021-01-03 18:54:21,937 INFO o.a.j.t.JMeterThread: Stopping because end time detected by thread: Thread Group - HL 1-68
2021-01-03 18:54:21,937 INFO o.a.j.t.JMeterThread: Thread finished: Thread Group - HL 1-68
2021-01-03 18:54:21,946 INFO o.a.j.t.JMeterThread: Stopping because end time detected by thread: Thread Group - HL 1-87
2021-01-03 18:54:21,947 INFO o.a.j.t.JMeterThread: Thread finished: Thread Group - HL 1-87
2021-01-03 18:54:21,947 INFO o.a.j.e.StandardJMeterEngine: Notifying test listeners of end of test
2021-01-03 18:54:21,950 INFO o.a.j.r.Summariser: summary +   8221 in 00:00:22 =  374.6/s Avg:     2 Min:     0 Max:    60 Err:     0 (0.00%) Active: 0 Started: 100 Finished: 100
2021-01-03 18:54:21,952 INFO o.a.j.r.Summariser: summary =  22497 in 00:01:00 =  374.5/s Avg:     2 Min:     0 Max:   207 Err:     0 (0.00%)
