2021-01-03 18:58:59,673 INFO o.a.j.u.JMeterUtils: Setting Locale to en_EN
2021-01-03 18:58:59,691 INFO o.a.j.JMeter: Loading user properties from: user.properties
2021-01-03 18:58:59,692 INFO o.a.j.JMeter: Loading system properties from: system.properties
2021-01-03 18:58:59,693 INFO o.a.j.JMeter: Copyright (c) 1998-2020 The Apache Software Foundation
2021-01-03 18:58:59,693 INFO o.a.j.JMeter: Version 5.3
2021-01-03 18:58:59,694 INFO o.a.j.JMeter: java.version=11.0.8
2021-01-03 18:58:59,694 INFO o.a.j.JMeter: java.vm.name=Java HotSpot(TM) 64-Bit Server VM
2021-01-03 18:58:59,694 INFO o.a.j.JMeter: os.name=Windows 10
2021-01-03 18:58:59,694 INFO o.a.j.JMeter: os.arch=amd64
2021-01-03 18:58:59,694 INFO o.a.j.JMeter: os.version=10.0
2021-01-03 18:58:59,694 INFO o.a.j.JMeter: file.encoding=Cp1252
2021-01-03 18:58:59,694 INFO o.a.j.JMeter: java.awt.headless=true
2021-01-03 18:58:59,695 INFO o.a.j.JMeter: Max memory     =1073741824
2021-01-03 18:58:59,695 INFO o.a.j.JMeter: Available Processors =8
2021-01-03 18:58:59,703 INFO o.a.j.JMeter: Default Locale=English (EN)
2021-01-03 18:58:59,703 INFO o.a.j.JMeter: JMeter  Locale=English (EN)
2021-01-03 18:58:59,704 INFO o.a.j.JMeter: JMeterHome=C:\Users\fabio\Documents\Fabio\Università\Magistrale\2°anno\1°semestre\Impianti di Elaborazione\apache-jmeter-5.3
2021-01-03 18:58:59,704 INFO o.a.j.JMeter: user.dir  =C:\Users\fabio\Documents\Fabio\Università\Magistrale\2°anno\1°semestre\Impianti di Elaborazione\apache-jmeter-5.3\bin
2021-01-03 18:58:59,704 INFO o.a.j.JMeter: PWD       =C:\Users\fabio\Documents\Fabio\Università\Magistrale\2°anno\1°semestre\Impianti di Elaborazione\apache-jmeter-5.3\bin
2021-01-03 18:58:59,708 INFO o.a.j.JMeter: IP: 192.168.56.1 Name: LAPTOP-DSVV6SSR FullName: 192.168.56.1
2021-01-03 18:58:59,716 INFO o.a.j.s.FileServer: Default base='C:\Users\fabio\Documents\Fabio\Università\Magistrale\2°anno\1°semestre\Impianti di Elaborazione\apache-jmeter-5.3\bin'
2021-01-03 18:58:59,717 INFO o.a.j.s.FileServer: Set new base='C:\Users\fabio\Documents\Fabio\Università\Magistrale\2°anno\1°semestre\Impianti di Elaborazione\apache-jmeter-5.3\bin'
2021-01-03 18:58:59,845 INFO o.a.j.s.SaveService: Testplan (JMX) version: 2.2. Testlog (JTL) version: 2.2
2021-01-03 18:58:59,865 INFO o.a.j.s.SaveService: Using SaveService properties version 5.0
2021-01-03 18:58:59,868 INFO o.a.j.s.SaveService: Using SaveService properties file encoding UTF-8
2021-01-03 18:58:59,870 INFO o.a.j.s.SaveService: Loading file: DesignofExperiment.jmx
2021-01-03 18:58:59,930 INFO o.a.j.p.h.s.HTTPSamplerBase: Parser for text/html is org.apache.jmeter.protocol.http.parser.LagartoBasedHtmlParser
2021-01-03 18:58:59,930 INFO o.a.j.p.h.s.HTTPSamplerBase: Parser for application/xhtml+xml is org.apache.jmeter.protocol.http.parser.LagartoBasedHtmlParser
2021-01-03 18:58:59,930 INFO o.a.j.p.h.s.HTTPSamplerBase: Parser for application/xml is org.apache.jmeter.protocol.http.parser.LagartoBasedHtmlParser
2021-01-03 18:58:59,930 INFO o.a.j.p.h.s.HTTPSamplerBase: Parser for text/xml is org.apache.jmeter.protocol.http.parser.LagartoBasedHtmlParser
2021-01-03 18:58:59,931 INFO o.a.j.p.h.s.HTTPSamplerBase: Parser for text/vnd.wap.wml is org.apache.jmeter.protocol.http.parser.RegexpHTMLParser
2021-01-03 18:58:59,931 INFO o.a.j.p.h.s.HTTPSamplerBase: Parser for text/css is org.apache.jmeter.protocol.http.parser.CssParser
2021-01-03 18:58:59,956 INFO o.a.j.JMeter: Creating summariser <summary>
2021-01-03 18:58:59,962 INFO o.a.j.e.StandardJMeterEngine: Running the test!
2021-01-03 18:58:59,963 INFO o.a.j.s.SampleEvent: List of sample_variables: []
2021-01-03 18:58:59,963 INFO o.a.j.s.SampleEvent: List of sample_variables: []
2021-01-03 18:58:59,972 INFO o.a.j.e.u.CompoundVariable: Note: Function class names must contain the string: '.functions.'
2021-01-03 18:58:59,973 INFO o.a.j.e.u.CompoundVariable: Note: Function class names must not contain the string: '.gui.'
2021-01-03 18:59:00,314 INFO o.a.j.JMeter: Running test (1609696740314)
2021-01-03 18:59:00,327 INFO o.a.j.e.StandardJMeterEngine: Starting ThreadGroup: 1 : Thread Group - HL
2021-01-03 18:59:00,327 INFO o.a.j.e.StandardJMeterEngine: Starting 100 threads for group Thread Group - HL.
2021-01-03 18:59:00,327 INFO o.a.j.e.StandardJMeterEngine: Thread will continue on error
2021-01-03 18:59:00,327 INFO o.a.j.t.ThreadGroup: Starting thread group... number=1 threads=100 ramp-up=1 delayedStart=false
2021-01-03 18:59:00,336 INFO o.a.j.t.JMeterThread: Thread started: Thread Group - HL 1-1
2021-01-03 18:59:00,344 INFO o.a.j.t.JMeterThread: Thread started: Thread Group - HL 1-2
2021-01-03 18:59:00,352 INFO o.a.j.t.JMeterThread: Thread started: Thread Group - HL 1-3
2021-01-03 18:59:00,361 INFO o.a.j.t.JMeterThread: Thread started: Thread Group - HL 1-4
2021-01-03 18:59:00,369 INFO o.a.j.t.JMeterThread: Thread started: Thread Group - HL 1-5
2021-01-03 18:59:00,369 INFO o.a.j.p.h.s.HTTPHCAbstractImpl: Local host = LAPTOP-DSVV6SSR
2021-01-03 18:59:00,372 INFO o.a.j.t.ThreadGroup: Started thread group number 1
2021-01-03 18:59:00,372 INFO o.a.j.e.StandardJMeterEngine: All thread groups have been started
2021-01-03 18:59:00,377 INFO o.a.j.p.h.s.HTTPHC4Impl: HTTP request retry count = 0
2021-01-03 18:59:00,378 INFO o.a.j.s.SampleResult: Note: Sample TimeStamps are START times
2021-01-03 18:59:00,378 INFO o.a.j.s.SampleResult: sampleresult.default.encoding is set to ISO-8859-1
2021-01-03 18:59:00,378 INFO o.a.j.s.SampleResult: sampleresult.useNanoTime=true
2021-01-03 18:59:00,379 INFO o.a.j.s.SampleResult: sampleresult.nanoThreadSleep=5000
2021-01-03 18:59:00,382 INFO o.a.j.t.JMeterThread: Thread started: Thread Group - HL 1-6
2021-01-03 18:59:00,391 INFO o.a.j.t.JMeterThread: Thread started: Thread Group - HL 1-7
2021-01-03 18:59:00,400 INFO o.a.j.t.JMeterThread: Thread started: Thread Group - HL 1-8
2021-01-03 18:59:00,408 INFO o.a.j.t.JMeterThread: Thread started: Thread Group - HL 1-9
2021-01-03 18:59:00,418 INFO o.a.j.t.JMeterThread: Thread started: Thread Group - HL 1-10
2021-01-03 18:59:00,429 INFO o.a.j.t.JMeterThread: Thread started: Thread Group - HL 1-11
2021-01-03 18:59:00,439 INFO o.a.j.t.JMeterThread: Thread started: Thread Group - HL 1-12
2021-01-03 18:59:00,448 INFO o.a.j.t.JMeterThread: Thread started: Thread Group - HL 1-13
2021-01-03 18:59:00,458 INFO o.a.j.t.JMeterThread: Thread started: Thread Group - HL 1-14
2021-01-03 18:59:00,469 INFO o.a.j.t.JMeterThread: Thread started: Thread Group - HL 1-15
2021-01-03 18:59:00,479 INFO o.a.j.t.JMeterThread: Thread started: Thread Group - HL 1-16
2021-01-03 18:59:00,487 INFO o.a.j.t.JMeterThread: Thread started: Thread Group - HL 1-17
2021-01-03 18:59:00,497 INFO o.a.j.t.JMeterThread: Thread started: Thread Group - HL 1-18
2021-01-03 18:59:00,509 INFO o.a.j.t.JMeterThread: Thread started: Thread Group - HL 1-19
2021-01-03 18:59:00,518 INFO o.a.j.t.JMeterThread: Thread started: Thread Group - HL 1-20
2021-01-03 18:59:00,520 INFO o.a.j.r.Summariser: summary +      1 in 00:00:00 =    4.9/s Avg:    51 Min:    51 Max:    51 Err:     0 (0.00%) Active: 20 Started: 20 Finished: 0
2021-01-03 18:59:00,527 INFO o.a.j.t.JMeterThread: Thread started: Thread Group - HL 1-21
2021-01-03 18:59:00,548 INFO o.a.j.t.JMeterThread: Thread started: Thread Group - HL 1-23
2021-01-03 18:59:00,553 INFO o.a.j.t.JMeterThread: Thread started: Thread Group - HL 1-22
2021-01-03 18:59:00,565 INFO o.a.j.t.JMeterThread: Thread started: Thread Group - HL 1-24
2021-01-03 18:59:00,573 INFO o.a.j.t.JMeterThread: Thread started: Thread Group - HL 1-25
2021-01-03 18:59:00,578 INFO o.a.j.t.JMeterThread: Thread started: Thread Group - HL 1-26
2021-01-03 18:59:00,587 INFO o.a.j.t.JMeterThread: Thread started: Thread Group - HL 1-27
2021-01-03 18:59:00,603 INFO o.a.j.t.JMeterThread: Thread started: Thread Group - HL 1-28
2021-01-03 18:59:00,611 INFO o.a.j.t.JMeterThread: Thread started: Thread Group - HL 1-29
2021-01-03 18:59:00,621 INFO o.a.j.t.JMeterThread: Thread started: Thread Group - HL 1-30
2021-01-03 18:59:00,636 INFO o.a.j.t.JMeterThread: Thread started: Thread Group - HL 1-31
2021-01-03 18:59:00,639 INFO o.a.j.t.JMeterThread: Thread started: Thread Group - HL 1-32
2021-01-03 18:59:00,648 INFO o.a.j.t.JMeterThread: Thread started: Thread Group - HL 1-33
2021-01-03 18:59:00,659 INFO o.a.j.t.JMeterThread: Thread started: Thread Group - HL 1-34
2021-01-03 18:59:00,670 INFO o.a.j.t.JMeterThread: Thread started: Thread Group - HL 1-35
2021-01-03 18:59:00,678 INFO o.a.j.t.JMeterThread: Thread started: Thread Group - HL 1-36
2021-01-03 18:59:00,689 INFO o.a.j.t.JMeterThread: Thread started: Thread Group - HL 1-37
2021-01-03 18:59:00,697 INFO o.a.j.t.JMeterThread: Thread started: Thread Group - HL 1-38
2021-01-03 18:59:00,708 INFO o.a.j.t.JMeterThread: Thread started: Thread Group - HL 1-39
2021-01-03 18:59:00,718 INFO o.a.j.t.JMeterThread: Thread started: Thread Group - HL 1-40
2021-01-03 18:59:00,728 INFO o.a.j.t.JMeterThread: Thread started: Thread Group - HL 1-41
2021-01-03 18:59:00,738 INFO o.a.j.t.JMeterThread: Thread started: Thread Group - HL 1-42
2021-01-03 18:59:00,754 INFO o.a.j.t.JMeterThread: Thread started: Thread Group - HL 1-43
2021-01-03 18:59:00,758 INFO o.a.j.t.JMeterThread: Thread started: Thread Group - HL 1-44
2021-01-03 18:59:00,769 INFO o.a.j.t.JMeterThread: Thread started: Thread Group - HL 1-45
2021-01-03 18:59:00,778 INFO o.a.j.t.JMeterThread: Thread started: Thread Group - HL 1-46
2021-01-03 18:59:00,790 INFO o.a.j.t.JMeterThread: Thread started: Thread Group - HL 1-47
2021-01-03 18:59:00,798 INFO o.a.j.t.JMeterThread: Thread started: Thread Group - HL 1-48
2021-01-03 18:59:00,809 INFO o.a.j.t.JMeterThread: Thread started: Thread Group - HL 1-49
2021-01-03 18:59:00,819 INFO o.a.j.t.JMeterThread: Thread started: Thread Group - HL 1-50
2021-01-03 18:59:00,827 INFO o.a.j.t.JMeterThread: Thread started: Thread Group - HL 1-51
2021-01-03 18:59:00,838 INFO o.a.j.t.JMeterThread: Thread started: Thread Group - HL 1-52
2021-01-03 18:59:00,848 INFO o.a.j.t.JMeterThread: Thread started: Thread Group - HL 1-53
2021-01-03 18:59:00,858 INFO o.a.j.t.JMeterThread: Thread started: Thread Group - HL 1-54
2021-01-03 18:59:00,867 INFO o.a.j.t.JMeterThread: Thread started: Thread Group - HL 1-55
2021-01-03 18:59:00,878 INFO o.a.j.t.JMeterThread: Thread started: Thread Group - HL 1-56
2021-01-03 18:59:00,887 INFO o.a.j.t.JMeterThread: Thread started: Thread Group - HL 1-57
2021-01-03 18:59:00,897 INFO o.a.j.t.JMeterThread: Thread started: Thread Group - HL 1-58
2021-01-03 18:59:00,913 INFO o.a.j.t.JMeterThread: Thread started: Thread Group - HL 1-59
2021-01-03 18:59:00,917 INFO o.a.j.t.JMeterThread: Thread started: Thread Group - HL 1-60
2021-01-03 18:59:00,927 INFO o.a.j.t.JMeterThread: Thread started: Thread Group - HL 1-61
2021-01-03 18:59:00,938 INFO o.a.j.t.JMeterThread: Thread started: Thread Group - HL 1-62
2021-01-03 18:59:00,948 INFO o.a.j.t.JMeterThread: Thread started: Thread Group - HL 1-63
2021-01-03 18:59:00,957 INFO o.a.j.t.JMeterThread: Thread started: Thread Group - HL 1-64
2021-01-03 18:59:00,968 INFO o.a.j.t.JMeterThread: Thread started: Thread Group - HL 1-65
2021-01-03 18:59:00,978 INFO o.a.j.t.JMeterThread: Thread started: Thread Group - HL 1-66
2021-01-03 18:59:00,987 INFO o.a.j.t.JMeterThread: Thread started: Thread Group - HL 1-67
2021-01-03 18:59:00,998 INFO o.a.j.t.JMeterThread: Thread started: Thread Group - HL 1-68
2021-01-03 18:59:01,008 INFO o.a.j.t.JMeterThread: Thread started: Thread Group - HL 1-69
2021-01-03 18:59:01,018 INFO o.a.j.t.JMeterThread: Thread started: Thread Group - HL 1-70
2021-01-03 18:59:01,029 INFO o.a.j.t.JMeterThread: Thread started: Thread Group - HL 1-71
2021-01-03 18:59:01,039 INFO o.a.j.t.JMeterThread: Thread started: Thread Group - HL 1-72
2021-01-03 18:59:01,048 INFO o.a.j.t.JMeterThread: Thread started: Thread Group - HL 1-73
2021-01-03 18:59:01,059 INFO o.a.j.t.JMeterThread: Thread started: Thread Group - HL 1-74
2021-01-03 18:59:01,069 INFO o.a.j.t.JMeterThread: Thread started: Thread Group - HL 1-75
2021-01-03 18:59:01,078 INFO o.a.j.t.JMeterThread: Thread started: Thread Group - HL 1-76
2021-01-03 18:59:01,088 INFO o.a.j.t.JMeterThread: Thread started: Thread Group - HL 1-77
2021-01-03 18:59:01,099 INFO o.a.j.t.JMeterThread: Thread started: Thread Group - HL 1-78
2021-01-03 18:59:01,109 INFO o.a.j.t.JMeterThread: Thread started: Thread Group - HL 1-79
2021-01-03 18:59:01,118 INFO o.a.j.t.JMeterThread: Thread started: Thread Group - HL 1-80
2021-01-03 18:59:01,128 INFO o.a.j.t.JMeterThread: Thread started: Thread Group - HL 1-81
2021-01-03 18:59:01,138 INFO o.a.j.t.JMeterThread: Thread started: Thread Group - HL 1-82
2021-01-03 18:59:01,149 INFO o.a.j.t.JMeterThread: Thread started: Thread Group - HL 1-83
2021-01-03 18:59:01,158 INFO o.a.j.t.JMeterThread: Thread started: Thread Group - HL 1-84
2021-01-03 18:59:01,169 INFO o.a.j.t.JMeterThread: Thread started: Thread Group - HL 1-85
2021-01-03 18:59:01,178 INFO o.a.j.t.JMeterThread: Thread started: Thread Group - HL 1-86
2021-01-03 18:59:01,188 INFO o.a.j.t.JMeterThread: Thread started: Thread Group - HL 1-87
2021-01-03 18:59:01,198 INFO o.a.j.t.JMeterThread: Thread started: Thread Group - HL 1-88
2021-01-03 18:59:01,209 INFO o.a.j.t.JMeterThread: Thread started: Thread Group - HL 1-89
2021-01-03 18:59:01,218 INFO o.a.j.t.JMeterThread: Thread started: Thread Group - HL 1-90
2021-01-03 18:59:01,228 INFO o.a.j.t.JMeterThread: Thread started: Thread Group - HL 1-91
2021-01-03 18:59:01,239 INFO o.a.j.t.JMeterThread: Thread started: Thread Group - HL 1-92
2021-01-03 18:59:01,249 INFO o.a.j.t.JMeterThread: Thread started: Thread Group - HL 1-93
2021-01-03 18:59:01,257 INFO o.a.j.t.JMeterThread: Thread started: Thread Group - HL 1-94
2021-01-03 18:59:01,268 INFO o.a.j.t.JMeterThread: Thread started: Thread Group - HL 1-95
2021-01-03 18:59:01,280 INFO o.a.j.t.JMeterThread: Thread started: Thread Group - HL 1-96
2021-01-03 18:59:01,289 INFO o.a.j.t.JMeterThread: Thread started: Thread Group - HL 1-97
2021-01-03 18:59:01,299 INFO o.a.j.t.JMeterThread: Thread started: Thread Group - HL 1-98
2021-01-03 18:59:01,309 INFO o.a.j.t.JMeterThread: Thread started: Thread Group - HL 1-99
2021-01-03 18:59:01,318 INFO o.a.j.t.JMeterThread: Thread started: Thread Group - HL 1-100
2021-01-03 18:59:30,003 INFO o.a.j.r.Summariser: summary +  11127 in 00:00:29 =  377.4/s Avg:     3 Min:     0 Max:   199 Err:     0 (0.00%) Active: 100 Started: 100 Finished: 0
2021-01-03 18:59:30,004 INFO o.a.j.r.Summariser: summary =  11128 in 00:00:30 =  374.8/s Avg:     3 Min:     0 Max:   199 Err:     0 (0.00%)
2021-01-03 19:00:00,002 INFO o.a.j.r.Summariser: summary +  11234 in 00:00:30 =  374.5/s Avg:     2 Min:     0 Max:    99 Err:     0 (0.00%) Active: 100 Started: 100 Finished: 0
2021-01-03 19:00:00,003 INFO o.a.j.r.Summariser: summary =  22362 in 00:01:00 =  374.6/s Avg:     2 Min:     0 Max:   199 Err:     0 (0.00%)
2021-01-03 19:00:00,076 INFO o.a.j.t.JMeterThread: Thread finished: Thread Group - HL 1-13
2021-01-03 19:00:00,091 INFO o.a.j.t.JMeterThread: Thread finished: Thread Group - HL 1-40
2021-01-03 19:00:00,099 INFO o.a.j.t.JMeterThread: Thread finished: Thread Group - HL 1-31
2021-01-03 19:00:00,100 INFO o.a.j.t.JMeterThread: Thread finished: Thread Group - HL 1-24
2021-01-03 19:00:00,100 INFO o.a.j.t.JMeterThread: Thread finished: Thread Group - HL 1-32
2021-01-03 19:00:00,115 INFO o.a.j.t.JMeterThread: Thread finished: Thread Group - HL 1-52
2021-01-03 19:00:00,116 INFO o.a.j.t.JMeterThread: Thread finished: Thread Group - HL 1-7
2021-01-03 19:00:00,122 INFO o.a.j.t.JMeterThread: Thread finished: Thread Group - HL 1-66
2021-01-03 19:00:00,123 INFO o.a.j.t.JMeterThread: Thread finished: Thread Group - HL 1-41
2021-01-03 19:00:00,123 INFO o.a.j.t.JMeterThread: Thread finished: Thread Group - HL 1-5
2021-01-03 19:00:00,127 INFO o.a.j.t.JMeterThread: Thread finished: Thread Group - HL 1-20
2021-01-03 19:00:00,137 INFO o.a.j.t.JMeterThread: Thread finished: Thread Group - HL 1-67
2021-01-03 19:00:00,138 INFO o.a.j.t.JMeterThread: Thread finished: Thread Group - HL 1-85
2021-01-03 19:00:00,140 INFO o.a.j.t.JMeterThread: Thread finished: Thread Group - HL 1-33
2021-01-03 19:00:00,140 INFO o.a.j.t.JMeterThread: Thread finished: Thread Group - HL 1-23
2021-01-03 19:00:00,142 INFO o.a.j.t.JMeterThread: Thread finished: Thread Group - HL 1-2
2021-01-03 19:00:00,142 INFO o.a.j.t.JMeterThread: Thread finished: Thread Group - HL 1-42
2021-01-03 19:00:00,149 INFO o.a.j.t.JMeterThread: Thread finished: Thread Group - HL 1-86
2021-01-03 19:00:00,151 INFO o.a.j.t.JMeterThread: Thread finished: Thread Group - HL 1-3
2021-01-03 19:00:00,153 INFO o.a.j.t.JMeterThread: Thread finished: Thread Group - HL 1-54
2021-01-03 19:00:00,155 INFO o.a.j.t.JMeterThread: Thread finished: Thread Group - HL 1-19
2021-01-03 19:00:00,166 INFO o.a.j.t.JMeterThread: Thread finished: Thread Group - HL 1-87
2021-01-03 19:00:00,167 INFO o.a.j.t.JMeterThread: Thread finished: Thread Group - HL 1-69
2021-01-03 19:00:00,168 INFO o.a.j.t.JMeterThread: Thread finished: Thread Group - HL 1-68
2021-01-03 19:00:00,171 INFO o.a.j.t.JMeterThread: Thread finished: Thread Group - HL 1-1
2021-01-03 19:00:00,172 INFO o.a.j.t.JMeterThread: Thread finished: Thread Group - HL 1-18
2021-01-03 19:00:00,173 INFO o.a.j.t.JMeterThread: Thread finished: Thread Group - HL 1-25
2021-01-03 19:00:00,174 INFO o.a.j.t.JMeterThread: Thread finished: Thread Group - HL 1-14
2021-01-03 19:00:00,177 INFO o.a.j.t.JMeterThread: Thread finished: Thread Group - HL 1-11
2021-01-03 19:00:00,181 INFO o.a.j.t.JMeterThread: Thread finished: Thread Group - HL 1-26
2021-01-03 19:00:00,186 INFO o.a.j.t.JMeterThread: Thread finished: Thread Group - HL 1-70
2021-01-03 19:00:00,187 INFO o.a.j.t.JMeterThread: Thread finished: Thread Group - HL 1-34
2021-01-03 19:00:00,188 INFO o.a.j.t.JMeterThread: Thread finished: Thread Group - HL 1-55
2021-01-03 19:00:00,190 INFO o.a.j.t.JMeterThread: Thread finished: Thread Group - HL 1-43
2021-01-03 19:00:00,190 INFO o.a.j.t.JMeterThread: Thread finished: Thread Group - HL 1-6
2021-01-03 19:00:00,198 INFO o.a.j.t.JMeterThread: Thread finished: Thread Group - HL 1-44
2021-01-03 19:00:00,199 INFO o.a.j.t.JMeterThread: Thread finished: Thread Group - HL 1-90
2021-01-03 19:00:00,202 INFO o.a.j.t.JMeterThread: Thread finished: Thread Group - HL 1-71
2021-01-03 19:00:00,203 INFO o.a.j.t.JMeterThread: Thread finished: Thread Group - HL 1-56
2021-01-03 19:00:00,203 INFO o.a.j.t.JMeterThread: Thread finished: Thread Group - HL 1-27
2021-01-03 19:00:00,215 INFO o.a.j.t.JMeterThread: Thread finished: Thread Group - HL 1-91
2021-01-03 19:00:00,217 INFO o.a.j.t.JMeterThread: Thread finished: Thread Group - HL 1-72
2021-01-03 19:00:00,220 INFO o.a.j.t.JMeterThread: Thread finished: Thread Group - HL 1-57
2021-01-03 19:00:00,222 INFO o.a.j.t.JMeterThread: Thread finished: Thread Group - HL 1-12
2021-01-03 19:00:00,227 INFO o.a.j.t.JMeterThread: Thread finished: Thread Group - HL 1-92
2021-01-03 19:00:00,234 INFO o.a.j.t.JMeterThread: Thread finished: Thread Group - HL 1-21
2021-01-03 19:00:00,234 INFO o.a.j.t.JMeterThread: Thread finished: Thread Group - HL 1-73
2021-01-03 19:00:00,236 INFO o.a.j.t.JMeterThread: Thread finished: Thread Group - HL 1-45
2021-01-03 19:00:00,237 INFO o.a.j.t.JMeterThread: Thread finished: Thread Group - HL 1-35
2021-01-03 19:00:00,238 INFO o.a.j.t.JMeterThread: Thread finished: Thread Group - HL 1-93
2021-01-03 19:00:00,239 INFO o.a.j.t.JMeterThread: Thread finished: Thread Group - HL 1-58
2021-01-03 19:00:00,245 INFO o.a.j.t.JMeterThread: Thread finished: Thread Group - HL 1-4
2021-01-03 19:00:00,248 INFO o.a.j.t.JMeterThread: Thread finished: Thread Group - HL 1-9
2021-01-03 19:00:00,249 INFO o.a.j.t.JMeterThread: Thread finished: Thread Group - HL 1-46
2021-01-03 19:00:00,250 INFO o.a.j.t.JMeterThread: Thread finished: Thread Group - HL 1-74
2021-01-03 19:00:00,252 INFO o.a.j.t.JMeterThread: Thread finished: Thread Group - HL 1-16
2021-01-03 19:00:00,254 INFO o.a.j.t.JMeterThread: Thread finished: Thread Group - HL 1-36
2021-01-03 19:00:00,255 INFO o.a.j.t.JMeterThread: Thread finished: Thread Group - HL 1-17
2021-01-03 19:00:00,267 INFO o.a.j.t.JMeterThread: Thread finished: Thread Group - HL 1-75
2021-01-03 19:00:00,269 INFO o.a.j.t.JMeterThread: Thread finished: Thread Group - HL 1-47
2021-01-03 19:00:00,275 INFO o.a.j.t.JMeterThread: Thread finished: Thread Group - HL 1-59
2021-01-03 19:00:00,277 INFO o.a.j.t.JMeterThread: Thread finished: Thread Group - HL 1-95
2021-01-03 19:00:00,280 INFO o.a.j.t.JMeterThread: Thread finished: Thread Group - HL 1-96
2021-01-03 19:00:00,284 INFO o.a.j.t.JMeterThread: Thread finished: Thread Group - HL 1-8
2021-01-03 19:00:00,287 INFO o.a.j.t.JMeterThread: Thread finished: Thread Group - HL 1-60
2021-01-03 19:00:00,288 INFO o.a.j.t.JMeterThread: Thread finished: Thread Group - HL 1-76
2021-01-03 19:00:00,288 INFO o.a.j.t.JMeterThread: Thread finished: Thread Group - HL 1-37
2021-01-03 19:00:00,292 INFO o.a.j.t.JMeterThread: Thread finished: Thread Group - HL 1-97
2021-01-03 19:00:00,296 INFO o.a.j.t.JMeterThread: Thread finished: Thread Group - HL 1-28
2021-01-03 19:00:00,302 INFO o.a.j.t.JMeterThread: Thread finished: Thread Group - HL 1-29
2021-01-03 19:00:00,305 INFO o.a.j.t.JMeterThread: Thread finished: Thread Group - HL 1-61
2021-01-03 19:00:00,307 INFO o.a.j.t.JMeterThread: Thread finished: Thread Group - HL 1-48
2021-01-03 19:00:00,309 INFO o.a.j.t.JMeterThread: Thread finished: Thread Group - HL 1-10
2021-01-03 19:00:00,312 INFO o.a.j.t.JMeterThread: Thread finished: Thread Group - HL 1-38
2021-01-03 19:00:00,313 INFO o.a.j.t.JMeterThread: Thread finished: Thread Group - HL 1-77
2021-01-03 19:00:00,317 INFO o.a.j.t.JMeterThread: Thread finished: Thread Group - HL 1-15
2021-01-03 19:00:00,318 INFO o.a.j.t.JMeterThread: Thread finished: Thread Group - HL 1-99
2021-01-03 19:00:00,320 INFO o.a.j.t.JMeterThread: Thread finished: Thread Group - HL 1-78
2021-01-03 19:00:00,321 INFO o.a.j.t.JMeterThread: Thread finished: Thread Group - HL 1-62
2021-01-03 19:00:00,322 INFO o.a.j.t.JMeterThread: Thread finished: Thread Group - HL 1-49
2021-01-03 19:00:00,326 INFO o.a.j.t.JMeterThread: Thread finished: Thread Group - HL 1-100
2021-01-03 19:00:00,329 INFO o.a.j.t.JMeterThread: Thread finished: Thread Group - HL 1-39
2021-01-03 19:00:00,329 INFO o.a.j.t.JMeterThread: Thread finished: Thread Group - HL 1-79
2021-01-03 19:00:00,335 INFO o.a.j.t.JMeterThread: Thread finished: Thread Group - HL 1-22
2021-01-03 19:00:00,338 INFO o.a.j.t.JMeterThread: Thread finished: Thread Group - HL 1-63
2021-01-03 19:00:00,340 INFO o.a.j.t.JMeterThread: Thread finished: Thread Group - HL 1-80
2021-01-03 19:00:00,342 INFO o.a.j.t.JMeterThread: Thread finished: Thread Group - HL 1-50
2021-01-03 19:00:00,343 INFO o.a.j.t.JMeterThread: Thread finished: Thread Group - HL 1-30
2021-01-03 19:00:00,346 INFO o.a.j.t.JMeterThread: Thread finished: Thread Group - HL 1-53
2021-01-03 19:00:00,349 INFO o.a.j.t.JMeterThread: Thread finished: Thread Group - HL 1-81
2021-01-03 19:00:00,349 INFO o.a.j.t.JMeterThread: Thread finished: Thread Group - HL 1-64
2021-01-03 19:00:00,353 INFO o.a.j.t.JMeterThread: Thread finished: Thread Group - HL 1-82
2021-01-03 19:00:00,355 INFO o.a.j.t.JMeterThread: Thread finished: Thread Group - HL 1-65
2021-01-03 19:00:00,355 INFO o.a.j.t.JMeterThread: Thread finished: Thread Group - HL 1-51
2021-01-03 19:00:00,361 INFO o.a.j.t.JMeterThread: Thread finished: Thread Group - HL 1-84
2021-01-03 19:00:00,365 INFO o.a.j.t.JMeterThread: Stopping because end time detected by thread: Thread Group - HL 1-83
2021-01-03 19:00:00,365 INFO o.a.j.t.JMeterThread: Thread finished: Thread Group - HL 1-83
2021-01-03 19:00:00,379 INFO o.a.j.t.JMeterThread: Stopping because end time detected by thread: Thread Group - HL 1-89
2021-01-03 19:00:00,380 INFO o.a.j.t.JMeterThread: Thread finished: Thread Group - HL 1-89
2021-01-03 19:00:00,380 INFO o.a.j.t.JMeterThread: Stopping because end time detected by thread: Thread Group - HL 1-94
2021-01-03 19:00:00,380 INFO o.a.j.t.JMeterThread: Thread finished: Thread Group - HL 1-94
2021-01-03 19:00:00,381 INFO o.a.j.t.JMeterThread: Stopping because end time detected by thread: Thread Group - HL 1-88
2021-01-03 19:00:00,381 INFO o.a.j.t.JMeterThread: Thread finished: Thread Group - HL 1-88
2021-01-03 19:00:00,381 INFO o.a.j.t.JMeterThread: Stopping because end time detected by thread: Thread Group - HL 1-98
2021-01-03 19:00:00,381 INFO o.a.j.t.JMeterThread: Thread finished: Thread Group - HL 1-98
2021-01-03 19:00:00,382 INFO o.a.j.e.StandardJMeterEngine: Notifying test listeners of end of test
2021-01-03 19:00:00,383 INFO o.a.j.r.Summariser: summary +    141 in 00:00:00 =  371.1/s Avg:     3 Min:     0 Max:    23 Err:     0 (0.00%) Active: 0 Started: 100 Finished: 100
2021-01-03 19:00:00,383 INFO o.a.j.r.Summariser: summary =  22503 in 00:01:00 =  374.6/s Avg:     2 Min:     0 Max:   199 Err:     0 (0.00%)
