2021-01-03 19:00:43,135 INFO o.a.j.u.JMeterUtils: Setting Locale to en_EN
2021-01-03 19:00:43,155 INFO o.a.j.JMeter: Loading user properties from: user.properties
2021-01-03 19:00:43,155 INFO o.a.j.JMeter: Loading system properties from: system.properties
2021-01-03 19:00:43,156 INFO o.a.j.JMeter: Copyright (c) 1998-2020 The Apache Software Foundation
2021-01-03 19:00:43,156 INFO o.a.j.JMeter: Version 5.3
2021-01-03 19:00:43,156 INFO o.a.j.JMeter: java.version=11.0.8
2021-01-03 19:00:43,156 INFO o.a.j.JMeter: java.vm.name=Java HotSpot(TM) 64-Bit Server VM
2021-01-03 19:00:43,156 INFO o.a.j.JMeter: os.name=Windows 10
2021-01-03 19:00:43,156 INFO o.a.j.JMeter: os.arch=amd64
2021-01-03 19:00:43,156 INFO o.a.j.JMeter: os.version=10.0
2021-01-03 19:00:43,156 INFO o.a.j.JMeter: file.encoding=Cp1252
2021-01-03 19:00:43,156 INFO o.a.j.JMeter: java.awt.headless=true
2021-01-03 19:00:43,156 INFO o.a.j.JMeter: Max memory     =1073741824
2021-01-03 19:00:43,156 INFO o.a.j.JMeter: Available Processors =8
2021-01-03 19:00:43,165 INFO o.a.j.JMeter: Default Locale=English (EN)
2021-01-03 19:00:43,165 INFO o.a.j.JMeter: JMeter  Locale=English (EN)
2021-01-03 19:00:43,165 INFO o.a.j.JMeter: JMeterHome=C:\Users\fabio\Documents\Fabio\Università\Magistrale\2°anno\1°semestre\Impianti di Elaborazione\apache-jmeter-5.3
2021-01-03 19:00:43,165 INFO o.a.j.JMeter: user.dir  =C:\Users\fabio\Documents\Fabio\Università\Magistrale\2°anno\1°semestre\Impianti di Elaborazione\apache-jmeter-5.3\bin
2021-01-03 19:00:43,166 INFO o.a.j.JMeter: PWD       =C:\Users\fabio\Documents\Fabio\Università\Magistrale\2°anno\1°semestre\Impianti di Elaborazione\apache-jmeter-5.3\bin
2021-01-03 19:00:43,173 INFO o.a.j.JMeter: IP: 192.168.56.1 Name: LAPTOP-DSVV6SSR FullName: 192.168.56.1
2021-01-03 19:00:43,179 INFO o.a.j.s.FileServer: Default base='C:\Users\fabio\Documents\Fabio\Università\Magistrale\2°anno\1°semestre\Impianti di Elaborazione\apache-jmeter-5.3\bin'
2021-01-03 19:00:43,180 INFO o.a.j.s.FileServer: Set new base='C:\Users\fabio\Documents\Fabio\Università\Magistrale\2°anno\1°semestre\Impianti di Elaborazione\apache-jmeter-5.3\bin'
2021-01-03 19:00:43,305 INFO o.a.j.s.SaveService: Testplan (JMX) version: 2.2. Testlog (JTL) version: 2.2
2021-01-03 19:00:43,323 INFO o.a.j.s.SaveService: Using SaveService properties version 5.0
2021-01-03 19:00:43,326 INFO o.a.j.s.SaveService: Using SaveService properties file encoding UTF-8
2021-01-03 19:00:43,329 INFO o.a.j.s.SaveService: Loading file: DesignofExperiment.jmx
2021-01-03 19:00:43,388 INFO o.a.j.p.h.s.HTTPSamplerBase: Parser for text/html is org.apache.jmeter.protocol.http.parser.LagartoBasedHtmlParser
2021-01-03 19:00:43,388 INFO o.a.j.p.h.s.HTTPSamplerBase: Parser for application/xhtml+xml is org.apache.jmeter.protocol.http.parser.LagartoBasedHtmlParser
2021-01-03 19:00:43,388 INFO o.a.j.p.h.s.HTTPSamplerBase: Parser for application/xml is org.apache.jmeter.protocol.http.parser.LagartoBasedHtmlParser
2021-01-03 19:00:43,388 INFO o.a.j.p.h.s.HTTPSamplerBase: Parser for text/xml is org.apache.jmeter.protocol.http.parser.LagartoBasedHtmlParser
2021-01-03 19:00:43,389 INFO o.a.j.p.h.s.HTTPSamplerBase: Parser for text/vnd.wap.wml is org.apache.jmeter.protocol.http.parser.RegexpHTMLParser
2021-01-03 19:00:43,389 INFO o.a.j.p.h.s.HTTPSamplerBase: Parser for text/css is org.apache.jmeter.protocol.http.parser.CssParser
2021-01-03 19:00:43,414 INFO o.a.j.JMeter: Creating summariser <summary>
2021-01-03 19:00:43,419 INFO o.a.j.e.StandardJMeterEngine: Running the test!
2021-01-03 19:00:43,420 INFO o.a.j.s.SampleEvent: List of sample_variables: []
2021-01-03 19:00:43,420 INFO o.a.j.s.SampleEvent: List of sample_variables: []
2021-01-03 19:00:43,430 INFO o.a.j.e.u.CompoundVariable: Note: Function class names must contain the string: '.functions.'
2021-01-03 19:00:43,431 INFO o.a.j.e.u.CompoundVariable: Note: Function class names must not contain the string: '.gui.'
2021-01-03 19:00:43,710 INFO o.a.j.JMeter: Running test (1609696843710)
2021-01-03 19:00:43,723 INFO o.a.j.e.StandardJMeterEngine: Starting ThreadGroup: 1 : Thread Group - HM
2021-01-03 19:00:43,723 INFO o.a.j.e.StandardJMeterEngine: Starting 100 threads for group Thread Group - HM.
2021-01-03 19:00:43,723 INFO o.a.j.e.StandardJMeterEngine: Thread will continue on error
2021-01-03 19:00:43,723 INFO o.a.j.t.ThreadGroup: Starting thread group... number=1 threads=100 ramp-up=1 delayedStart=false
2021-01-03 19:00:43,731 INFO o.a.j.t.JMeterThread: Thread started: Thread Group - HM 1-1
2021-01-03 19:00:43,739 INFO o.a.j.t.JMeterThread: Thread started: Thread Group - HM 1-2
2021-01-03 19:00:43,747 INFO o.a.j.t.JMeterThread: Thread started: Thread Group - HM 1-3
2021-01-03 19:00:43,755 INFO o.a.j.t.JMeterThread: Thread started: Thread Group - HM 1-4
2021-01-03 19:00:43,764 INFO o.a.j.t.JMeterThread: Thread started: Thread Group - HM 1-5
2021-01-03 19:00:43,766 INFO o.a.j.p.h.s.HTTPHCAbstractImpl: Local host = LAPTOP-DSVV6SSR
2021-01-03 19:00:43,768 INFO o.a.j.t.ThreadGroup: Started thread group number 1
2021-01-03 19:00:43,769 INFO o.a.j.e.StandardJMeterEngine: All thread groups have been started
2021-01-03 19:00:43,773 INFO o.a.j.p.h.s.HTTPHC4Impl: HTTP request retry count = 0
2021-01-03 19:00:43,774 INFO o.a.j.s.SampleResult: Note: Sample TimeStamps are START times
2021-01-03 19:00:43,774 INFO o.a.j.s.SampleResult: sampleresult.default.encoding is set to ISO-8859-1
2021-01-03 19:00:43,774 INFO o.a.j.s.SampleResult: sampleresult.useNanoTime=true
2021-01-03 19:00:43,775 INFO o.a.j.s.SampleResult: sampleresult.nanoThreadSleep=5000
2021-01-03 19:00:43,777 INFO o.a.j.t.JMeterThread: Thread started: Thread Group - HM 1-6
2021-01-03 19:00:43,786 INFO o.a.j.t.JMeterThread: Thread started: Thread Group - HM 1-7
2021-01-03 19:00:43,794 INFO o.a.j.t.JMeterThread: Thread started: Thread Group - HM 1-8
2021-01-03 19:00:43,804 INFO o.a.j.t.JMeterThread: Thread started: Thread Group - HM 1-9
2021-01-03 19:00:43,813 INFO o.a.j.t.JMeterThread: Thread started: Thread Group - HM 1-10
2021-01-03 19:00:43,824 INFO o.a.j.t.JMeterThread: Thread started: Thread Group - HM 1-11
2021-01-03 19:00:43,833 INFO o.a.j.t.JMeterThread: Thread started: Thread Group - HM 1-12
2021-01-03 19:00:43,844 INFO o.a.j.t.JMeterThread: Thread started: Thread Group - HM 1-13
2021-01-03 19:00:43,854 INFO o.a.j.t.JMeterThread: Thread started: Thread Group - HM 1-14
2021-01-03 19:00:43,865 INFO o.a.j.t.JMeterThread: Thread started: Thread Group - HM 1-15
2021-01-03 19:00:43,874 INFO o.a.j.t.JMeterThread: Thread started: Thread Group - HM 1-16
2021-01-03 19:00:43,883 INFO o.a.j.t.JMeterThread: Thread started: Thread Group - HM 1-17
2021-01-03 19:00:43,894 INFO o.a.j.t.JMeterThread: Thread started: Thread Group - HM 1-18
2021-01-03 19:00:43,905 INFO o.a.j.t.JMeterThread: Thread started: Thread Group - HM 1-19
2021-01-03 19:00:43,913 INFO o.a.j.t.JMeterThread: Thread started: Thread Group - HM 1-20
2021-01-03 19:00:43,924 INFO o.a.j.t.JMeterThread: Thread started: Thread Group - HM 1-21
2021-01-03 19:00:43,934 INFO o.a.j.t.JMeterThread: Thread started: Thread Group - HM 1-22
2021-01-03 19:00:43,945 INFO o.a.j.t.JMeterThread: Thread started: Thread Group - HM 1-23
2021-01-03 19:00:43,954 INFO o.a.j.t.JMeterThread: Thread started: Thread Group - HM 1-24
2021-01-03 19:00:43,964 INFO o.a.j.t.JMeterThread: Thread started: Thread Group - HM 1-25
2021-01-03 19:00:43,974 INFO o.a.j.t.JMeterThread: Thread started: Thread Group - HM 1-26
2021-01-03 19:00:43,985 INFO o.a.j.t.JMeterThread: Thread started: Thread Group - HM 1-27
2021-01-03 19:00:43,996 INFO o.a.j.t.JMeterThread: Thread started: Thread Group - HM 1-28
2021-01-03 19:00:44,005 INFO o.a.j.t.JMeterThread: Thread started: Thread Group - HM 1-29
2021-01-03 19:00:44,015 INFO o.a.j.t.JMeterThread: Thread started: Thread Group - HM 1-30
2021-01-03 19:00:44,025 INFO o.a.j.t.JMeterThread: Thread started: Thread Group - HM 1-31
2021-01-03 19:00:44,034 INFO o.a.j.t.JMeterThread: Thread started: Thread Group - HM 1-32
2021-01-03 19:00:44,045 INFO o.a.j.t.JMeterThread: Thread started: Thread Group - HM 1-33
2021-01-03 19:00:44,055 INFO o.a.j.t.JMeterThread: Thread started: Thread Group - HM 1-34
2021-01-03 19:00:44,064 INFO o.a.j.t.JMeterThread: Thread started: Thread Group - HM 1-35
2021-01-03 19:00:44,075 INFO o.a.j.t.JMeterThread: Thread started: Thread Group - HM 1-36
2021-01-03 19:00:44,085 INFO o.a.j.t.JMeterThread: Thread started: Thread Group - HM 1-37
2021-01-03 19:00:44,094 INFO o.a.j.t.JMeterThread: Thread started: Thread Group - HM 1-38
2021-01-03 19:00:44,105 INFO o.a.j.t.JMeterThread: Thread started: Thread Group - HM 1-39
2021-01-03 19:00:44,114 INFO o.a.j.t.JMeterThread: Thread started: Thread Group - HM 1-40
2021-01-03 19:00:44,128 INFO o.a.j.t.JMeterThread: Thread started: Thread Group - HM 1-41
2021-01-03 19:00:44,134 INFO o.a.j.t.JMeterThread: Thread started: Thread Group - HM 1-42
2021-01-03 19:00:44,145 INFO o.a.j.t.JMeterThread: Thread started: Thread Group - HM 1-43
2021-01-03 19:00:44,155 INFO o.a.j.t.JMeterThread: Thread started: Thread Group - HM 1-44
2021-01-03 19:00:44,166 INFO o.a.j.t.JMeterThread: Thread started: Thread Group - HM 1-45
2021-01-03 19:00:44,176 INFO o.a.j.t.JMeterThread: Thread started: Thread Group - HM 1-46
2021-01-03 19:00:44,184 INFO o.a.j.t.JMeterThread: Thread started: Thread Group - HM 1-47
2021-01-03 19:00:44,193 INFO o.a.j.t.JMeterThread: Thread started: Thread Group - HM 1-48
2021-01-03 19:00:44,204 INFO o.a.j.t.JMeterThread: Thread started: Thread Group - HM 1-49
2021-01-03 19:00:44,215 INFO o.a.j.t.JMeterThread: Thread started: Thread Group - HM 1-50
2021-01-03 19:00:44,224 INFO o.a.j.t.JMeterThread: Thread started: Thread Group - HM 1-51
2021-01-03 19:00:44,233 INFO o.a.j.t.JMeterThread: Thread started: Thread Group - HM 1-52
2021-01-03 19:00:44,245 INFO o.a.j.t.JMeterThread: Thread started: Thread Group - HM 1-53
2021-01-03 19:00:44,255 INFO o.a.j.t.JMeterThread: Thread started: Thread Group - HM 1-54
2021-01-03 19:00:44,264 INFO o.a.j.t.JMeterThread: Thread started: Thread Group - HM 1-55
2021-01-03 19:00:44,273 INFO o.a.j.t.JMeterThread: Thread started: Thread Group - HM 1-56
2021-01-03 19:00:44,285 INFO o.a.j.t.JMeterThread: Thread started: Thread Group - HM 1-57
2021-01-03 19:00:44,295 INFO o.a.j.t.JMeterThread: Thread started: Thread Group - HM 1-58
2021-01-03 19:00:44,304 INFO o.a.j.t.JMeterThread: Thread started: Thread Group - HM 1-59
2021-01-03 19:00:44,313 INFO o.a.j.t.JMeterThread: Thread started: Thread Group - HM 1-60
2021-01-03 19:00:44,324 INFO o.a.j.t.JMeterThread: Thread started: Thread Group - HM 1-61
2021-01-03 19:00:44,334 INFO o.a.j.t.JMeterThread: Thread started: Thread Group - HM 1-62
2021-01-03 19:00:44,344 INFO o.a.j.t.JMeterThread: Thread started: Thread Group - HM 1-63
2021-01-03 19:00:44,354 INFO o.a.j.t.JMeterThread: Thread started: Thread Group - HM 1-64
2021-01-03 19:00:44,363 INFO o.a.j.t.JMeterThread: Thread started: Thread Group - HM 1-65
2021-01-03 19:00:44,374 INFO o.a.j.t.JMeterThread: Thread started: Thread Group - HM 1-66
2021-01-03 19:00:44,384 INFO o.a.j.t.JMeterThread: Thread started: Thread Group - HM 1-67
2021-01-03 19:00:44,393 INFO o.a.j.t.JMeterThread: Thread started: Thread Group - HM 1-68
2021-01-03 19:00:44,404 INFO o.a.j.t.JMeterThread: Thread started: Thread Group - HM 1-69
2021-01-03 19:00:44,414 INFO o.a.j.t.JMeterThread: Thread started: Thread Group - HM 1-70
2021-01-03 19:00:44,424 INFO o.a.j.t.JMeterThread: Thread started: Thread Group - HM 1-71
2021-01-03 19:00:44,434 INFO o.a.j.t.JMeterThread: Thread started: Thread Group - HM 1-72
2021-01-03 19:00:44,444 INFO o.a.j.t.JMeterThread: Thread started: Thread Group - HM 1-73
2021-01-03 19:00:44,454 INFO o.a.j.t.JMeterThread: Thread started: Thread Group - HM 1-74
2021-01-03 19:00:44,465 INFO o.a.j.t.JMeterThread: Thread started: Thread Group - HM 1-75
2021-01-03 19:00:44,475 INFO o.a.j.t.JMeterThread: Thread started: Thread Group - HM 1-76
2021-01-03 19:00:44,484 INFO o.a.j.t.JMeterThread: Thread started: Thread Group - HM 1-77
2021-01-03 19:00:44,494 INFO o.a.j.t.JMeterThread: Thread started: Thread Group - HM 1-78
2021-01-03 19:00:44,505 INFO o.a.j.t.JMeterThread: Thread started: Thread Group - HM 1-79
2021-01-03 19:00:44,515 INFO o.a.j.t.JMeterThread: Thread started: Thread Group - HM 1-80
2021-01-03 19:00:44,524 INFO o.a.j.t.JMeterThread: Thread started: Thread Group - HM 1-81
2021-01-03 19:00:44,533 INFO o.a.j.t.JMeterThread: Thread started: Thread Group - HM 1-82
2021-01-03 19:00:44,545 INFO o.a.j.t.JMeterThread: Thread started: Thread Group - HM 1-83
2021-01-03 19:00:44,555 INFO o.a.j.t.JMeterThread: Thread started: Thread Group - HM 1-84
2021-01-03 19:00:44,563 INFO o.a.j.t.JMeterThread: Thread started: Thread Group - HM 1-85
2021-01-03 19:00:44,573 INFO o.a.j.t.JMeterThread: Thread started: Thread Group - HM 1-86
2021-01-03 19:00:44,584 INFO o.a.j.t.JMeterThread: Thread started: Thread Group - HM 1-87
2021-01-03 19:00:44,595 INFO o.a.j.t.JMeterThread: Thread started: Thread Group - HM 1-88
2021-01-03 19:00:44,604 INFO o.a.j.t.JMeterThread: Thread started: Thread Group - HM 1-89
2021-01-03 19:00:44,613 INFO o.a.j.t.JMeterThread: Thread started: Thread Group - HM 1-90
2021-01-03 19:00:44,624 INFO o.a.j.t.JMeterThread: Thread started: Thread Group - HM 1-91
2021-01-03 19:00:44,635 INFO o.a.j.t.JMeterThread: Thread started: Thread Group - HM 1-92
2021-01-03 19:00:44,644 INFO o.a.j.t.JMeterThread: Thread started: Thread Group - HM 1-93
2021-01-03 19:00:44,653 INFO o.a.j.t.JMeterThread: Thread started: Thread Group - HM 1-94
2021-01-03 19:00:44,665 INFO o.a.j.t.JMeterThread: Thread started: Thread Group - HM 1-95
2021-01-03 19:00:44,675 INFO o.a.j.t.JMeterThread: Thread started: Thread Group - HM 1-96
2021-01-03 19:00:44,689 INFO o.a.j.t.JMeterThread: Thread started: Thread Group - HM 1-97
2021-01-03 19:00:44,693 INFO o.a.j.t.JMeterThread: Thread started: Thread Group - HM 1-98
2021-01-03 19:00:44,703 INFO o.a.j.t.JMeterThread: Thread started: Thread Group - HM 1-99
2021-01-03 19:00:44,715 INFO o.a.j.t.JMeterThread: Thread started: Thread Group - HM 1-100
2021-01-03 19:01:00,006 INFO o.a.j.r.Summariser: summary +   6014 in 00:00:16 =  369.1/s Avg:    30 Min:     0 Max:   547 Err:   307 (5.10%) Active: 100 Started: 100 Finished: 0
2021-01-03 19:01:30,000 INFO o.a.j.r.Summariser: summary +  11213 in 00:00:30 =  373.8/s Avg:    16 Min:     0 Max:   246 Err:   364 (3.25%) Active: 100 Started: 100 Finished: 0
2021-01-03 19:01:30,001 INFO o.a.j.r.Summariser: summary =  17227 in 00:00:46 =  372.2/s Avg:    21 Min:     0 Max:   547 Err:   671 (3.90%)
2021-01-03 19:01:43,483 INFO o.a.j.t.JMeterThread: Thread finished: Thread Group - HM 1-21
2021-01-03 19:01:43,488 INFO o.a.j.t.JMeterThread: Thread finished: Thread Group - HM 1-23
2021-01-03 19:01:43,491 INFO o.a.j.t.JMeterThread: Thread finished: Thread Group - HM 1-7
2021-01-03 19:01:43,494 INFO o.a.j.t.JMeterThread: Thread finished: Thread Group - HM 1-1
2021-01-03 19:01:43,497 INFO o.a.j.t.JMeterThread: Thread finished: Thread Group - HM 1-10
2021-01-03 19:01:43,500 INFO o.a.j.t.JMeterThread: Thread finished: Thread Group - HM 1-18
2021-01-03 19:01:43,504 INFO o.a.j.t.JMeterThread: Thread finished: Thread Group - HM 1-26
2021-01-03 19:01:43,508 INFO o.a.j.t.JMeterThread: Thread finished: Thread Group - HM 1-22
2021-01-03 19:01:43,510 INFO o.a.j.t.JMeterThread: Thread finished: Thread Group - HM 1-28
2021-01-03 19:01:43,513 INFO o.a.j.t.JMeterThread: Thread finished: Thread Group - HM 1-35
2021-01-03 19:01:43,515 INFO o.a.j.t.JMeterThread: Thread finished: Thread Group - HM 1-11
2021-01-03 19:01:43,517 INFO o.a.j.t.JMeterThread: Thread finished: Thread Group - HM 1-4
2021-01-03 19:01:43,519 INFO o.a.j.t.JMeterThread: Thread finished: Thread Group - HM 1-25
2021-01-03 19:01:43,530 INFO o.a.j.t.JMeterThread: Thread finished: Thread Group - HM 1-24
2021-01-03 19:01:43,563 INFO o.a.j.t.JMeterThread: Thread finished: Thread Group - HM 1-57
2021-01-03 19:01:43,563 INFO o.a.j.t.JMeterThread: Thread finished: Thread Group - HM 1-42
2021-01-03 19:01:43,567 INFO o.a.j.t.JMeterThread: Thread finished: Thread Group - HM 1-20
2021-01-03 19:01:43,581 INFO o.a.j.t.JMeterThread: Thread finished: Thread Group - HM 1-49
2021-01-03 19:01:43,585 INFO o.a.j.t.JMeterThread: Thread finished: Thread Group - HM 1-48
2021-01-03 19:01:43,585 INFO o.a.j.t.JMeterThread: Thread finished: Thread Group - HM 1-82
2021-01-03 19:01:43,590 INFO o.a.j.t.JMeterThread: Thread finished: Thread Group - HM 1-64
2021-01-03 19:01:43,591 INFO o.a.j.t.JMeterThread: Thread finished: Thread Group - HM 1-14
2021-01-03 19:01:43,592 INFO o.a.j.t.JMeterThread: Thread finished: Thread Group - HM 1-84
2021-01-03 19:01:43,594 INFO o.a.j.t.JMeterThread: Thread finished: Thread Group - HM 1-37
2021-01-03 19:01:43,596 INFO o.a.j.t.JMeterThread: Thread finished: Thread Group - HM 1-13
2021-01-03 19:01:43,598 INFO o.a.j.t.JMeterThread: Thread finished: Thread Group - HM 1-8
2021-01-03 19:01:43,599 INFO o.a.j.t.JMeterThread: Thread finished: Thread Group - HM 1-36
2021-01-03 19:01:43,602 INFO o.a.j.t.JMeterThread: Thread finished: Thread Group - HM 1-83
2021-01-03 19:01:43,604 INFO o.a.j.t.JMeterThread: Thread finished: Thread Group - HM 1-32
2021-01-03 19:01:43,607 INFO o.a.j.t.JMeterThread: Thread finished: Thread Group - HM 1-52
2021-01-03 19:01:43,609 INFO o.a.j.t.JMeterThread: Thread finished: Thread Group - HM 1-27
2021-01-03 19:01:43,611 INFO o.a.j.t.JMeterThread: Thread finished: Thread Group - HM 1-34
2021-01-03 19:01:43,613 INFO o.a.j.t.JMeterThread: Thread finished: Thread Group - HM 1-17
2021-01-03 19:01:43,615 INFO o.a.j.t.JMeterThread: Thread finished: Thread Group - HM 1-38
2021-01-03 19:01:43,617 INFO o.a.j.t.JMeterThread: Thread finished: Thread Group - HM 1-15
2021-01-03 19:01:43,618 INFO o.a.j.t.JMeterThread: Thread finished: Thread Group - HM 1-29
2021-01-03 19:01:43,623 INFO o.a.j.t.JMeterThread: Thread finished: Thread Group - HM 1-41
2021-01-03 19:01:43,627 INFO o.a.j.t.JMeterThread: Thread finished: Thread Group - HM 1-66
2021-01-03 19:01:43,629 INFO o.a.j.t.JMeterThread: Thread finished: Thread Group - HM 1-45
2021-01-03 19:01:43,632 INFO o.a.j.t.JMeterThread: Thread finished: Thread Group - HM 1-67
2021-01-03 19:01:43,663 INFO o.a.j.t.JMeterThread: Thread finished: Thread Group - HM 1-50
2021-01-03 19:01:43,666 INFO o.a.j.t.JMeterThread: Thread finished: Thread Group - HM 1-2
2021-01-03 19:01:43,668 INFO o.a.j.t.JMeterThread: Thread finished: Thread Group - HM 1-68
2021-01-03 19:01:43,670 INFO o.a.j.t.JMeterThread: Thread finished: Thread Group - HM 1-19
2021-01-03 19:01:43,672 INFO o.a.j.t.JMeterThread: Thread finished: Thread Group - HM 1-69
2021-01-03 19:01:43,673 INFO o.a.j.t.JMeterThread: Thread finished: Thread Group - HM 1-6
2021-01-03 19:01:43,675 INFO o.a.j.t.JMeterThread: Thread finished: Thread Group - HM 1-70
2021-01-03 19:01:43,677 INFO o.a.j.t.JMeterThread: Thread finished: Thread Group - HM 1-53
2021-01-03 19:01:43,679 INFO o.a.j.t.JMeterThread: Thread finished: Thread Group - HM 1-55
2021-01-03 19:01:43,681 INFO o.a.j.t.JMeterThread: Thread finished: Thread Group - HM 1-47
2021-01-03 19:01:43,683 INFO o.a.j.t.JMeterThread: Thread finished: Thread Group - HM 1-71
2021-01-03 19:01:43,685 INFO o.a.j.t.JMeterThread: Thread finished: Thread Group - HM 1-5
2021-01-03 19:01:43,687 INFO o.a.j.t.JMeterThread: Thread finished: Thread Group - HM 1-54
2021-01-03 19:01:43,688 INFO o.a.j.t.JMeterThread: Thread finished: Thread Group - HM 1-16
2021-01-03 19:01:43,690 INFO o.a.j.t.JMeterThread: Thread finished: Thread Group - HM 1-72
2021-01-03 19:01:43,692 INFO o.a.j.t.JMeterThread: Thread finished: Thread Group - HM 1-51
2021-01-03 19:01:43,698 INFO o.a.j.t.JMeterThread: Thread finished: Thread Group - HM 1-56
2021-01-03 19:01:43,700 INFO o.a.j.t.JMeterThread: Thread finished: Thread Group - HM 1-3
2021-01-03 19:01:43,704 INFO o.a.j.t.JMeterThread: Thread finished: Thread Group - HM 1-39
2021-01-03 19:01:43,708 INFO o.a.j.t.JMeterThread: Thread finished: Thread Group - HM 1-40
2021-01-03 19:01:43,710 INFO o.a.j.t.JMeterThread: Thread finished: Thread Group - HM 1-12
2021-01-03 19:01:43,712 INFO o.a.j.t.JMeterThread: Thread finished: Thread Group - HM 1-9
2021-01-03 19:01:43,714 INFO o.a.j.t.JMeterThread: Thread finished: Thread Group - HM 1-99
2021-01-03 19:01:43,716 INFO o.a.j.t.JMeterThread: Thread finished: Thread Group - HM 1-63
2021-01-03 19:01:43,718 INFO o.a.j.t.JMeterThread: Thread finished: Thread Group - HM 1-85
2021-01-03 19:01:43,719 INFO o.a.j.t.JMeterThread: Thread finished: Thread Group - HM 1-92
2021-01-03 19:01:43,721 INFO o.a.j.t.JMeterThread: Thread finished: Thread Group - HM 1-65
2021-01-03 19:01:43,723 INFO o.a.j.t.JMeterThread: Thread finished: Thread Group - HM 1-31
2021-01-03 19:01:43,725 INFO o.a.j.t.JMeterThread: Thread finished: Thread Group - HM 1-88
2021-01-03 19:01:43,726 INFO o.a.j.t.JMeterThread: Thread finished: Thread Group - HM 1-44
2021-01-03 19:01:43,728 INFO o.a.j.t.JMeterThread: Thread finished: Thread Group - HM 1-73
2021-01-03 19:01:43,730 INFO o.a.j.t.JMeterThread: Thread finished: Thread Group - HM 1-100
2021-01-03 19:01:43,732 INFO o.a.j.t.JMeterThread: Thread finished: Thread Group - HM 1-30
2021-01-03 19:01:43,734 INFO o.a.j.t.JMeterThread: Thread finished: Thread Group - HM 1-74
2021-01-03 19:01:43,736 INFO o.a.j.t.JMeterThread: Thread finished: Thread Group - HM 1-43
2021-01-03 19:01:43,738 INFO o.a.j.t.JMeterThread: Thread finished: Thread Group - HM 1-60
2021-01-03 19:01:43,740 INFO o.a.j.t.JMeterThread: Thread finished: Thread Group - HM 1-58
2021-01-03 19:01:43,742 INFO o.a.j.t.JMeterThread: Thread finished: Thread Group - HM 1-89
2021-01-03 19:01:43,744 INFO o.a.j.t.JMeterThread: Thread finished: Thread Group - HM 1-61
2021-01-03 19:01:43,746 INFO o.a.j.t.JMeterThread: Thread finished: Thread Group - HM 1-93
2021-01-03 19:01:43,748 INFO o.a.j.t.JMeterThread: Thread finished: Thread Group - HM 1-76
2021-01-03 19:01:43,750 INFO o.a.j.t.JMeterThread: Thread finished: Thread Group - HM 1-75
2021-01-03 19:01:43,752 INFO o.a.j.t.JMeterThread: Thread finished: Thread Group - HM 1-80
2021-01-03 19:01:43,754 INFO o.a.j.t.JMeterThread: Thread finished: Thread Group - HM 1-91
2021-01-03 19:01:43,756 INFO o.a.j.t.JMeterThread: Thread finished: Thread Group - HM 1-90
2021-01-03 19:01:43,758 INFO o.a.j.t.JMeterThread: Thread finished: Thread Group - HM 1-94
2021-01-03 19:01:43,760 INFO o.a.j.t.JMeterThread: Thread finished: Thread Group - HM 1-77
2021-01-03 19:01:43,762 INFO o.a.j.t.JMeterThread: Stopping because end time detected by thread: Thread Group - HM 1-79
2021-01-03 19:01:43,762 INFO o.a.j.t.JMeterThread: Thread finished: Thread Group - HM 1-79
2021-01-03 19:01:43,764 INFO o.a.j.t.JMeterThread: Stopping because end time detected by thread: Thread Group - HM 1-33
2021-01-03 19:01:43,764 INFO o.a.j.t.JMeterThread: Thread finished: Thread Group - HM 1-33
2021-01-03 19:01:43,769 INFO o.a.j.t.JMeterThread: Stopping because end time detected by thread: Thread Group - HM 1-78
2021-01-03 19:01:43,769 INFO o.a.j.t.JMeterThread: Thread finished: Thread Group - HM 1-78
2021-01-03 19:01:43,771 INFO o.a.j.t.JMeterThread: Stopping because end time detected by thread: Thread Group - HM 1-87
2021-01-03 19:01:43,772 INFO o.a.j.t.JMeterThread: Thread finished: Thread Group - HM 1-87
2021-01-03 19:01:43,776 INFO o.a.j.t.JMeterThread: Stopping because end time detected by thread: Thread Group - HM 1-86
2021-01-03 19:01:43,776 INFO o.a.j.t.JMeterThread: Thread finished: Thread Group - HM 1-86
2021-01-03 19:01:43,778 INFO o.a.j.t.JMeterThread: Stopping because end time detected by thread: Thread Group - HM 1-81
2021-01-03 19:01:43,778 INFO o.a.j.t.JMeterThread: Thread finished: Thread Group - HM 1-81
2021-01-03 19:01:43,779 INFO o.a.j.t.JMeterThread: Stopping because end time detected by thread: Thread Group - HM 1-59
2021-01-03 19:01:43,779 INFO o.a.j.t.JMeterThread: Thread finished: Thread Group - HM 1-59
2021-01-03 19:01:43,782 INFO o.a.j.t.JMeterThread: Stopping because end time detected by thread: Thread Group - HM 1-98
2021-01-03 19:01:43,782 INFO o.a.j.t.JMeterThread: Thread finished: Thread Group - HM 1-98
2021-01-03 19:01:43,785 INFO o.a.j.t.JMeterThread: Stopping because end time detected by thread: Thread Group - HM 1-97
2021-01-03 19:01:43,785 INFO o.a.j.t.JMeterThread: Thread finished: Thread Group - HM 1-97
2021-01-03 19:01:43,788 INFO o.a.j.t.JMeterThread: Stopping because end time detected by thread: Thread Group - HM 1-95
2021-01-03 19:01:43,788 INFO o.a.j.t.JMeterThread: Thread finished: Thread Group - HM 1-95
2021-01-03 19:01:43,789 INFO o.a.j.t.JMeterThread: Stopping because end time detected by thread: Thread Group - HM 1-62
2021-01-03 19:01:43,789 INFO o.a.j.t.JMeterThread: Thread finished: Thread Group - HM 1-62
2021-01-03 19:01:43,792 INFO o.a.j.t.JMeterThread: Stopping because end time detected by thread: Thread Group - HM 1-46
2021-01-03 19:01:43,792 INFO o.a.j.t.JMeterThread: Thread finished: Thread Group - HM 1-46
2021-01-03 19:01:43,794 INFO o.a.j.t.JMeterThread: Stopping because end time detected by thread: Thread Group - HM 1-96
2021-01-03 19:01:43,794 INFO o.a.j.t.JMeterThread: Thread finished: Thread Group - HM 1-96
2021-01-03 19:01:43,794 INFO o.a.j.e.StandardJMeterEngine: Notifying test listeners of end of test
2021-01-03 19:01:43,795 INFO o.a.j.r.Summariser: summary +   5199 in 00:00:14 =  376.9/s Avg:    18 Min:     0 Max:   270 Err:   245 (4.71%) Active: 0 Started: 100 Finished: 100
2021-01-03 19:01:43,796 INFO o.a.j.r.Summariser: summary =  22426 in 00:01:00 =  373.2/s Avg:    20 Min:     0 Max:   547 Err:   916 (4.08%)
