2021-01-03 19:02:08,055 INFO o.a.j.u.JMeterUtils: Setting Locale to en_EN
2021-01-03 19:02:08,074 INFO o.a.j.JMeter: Loading user properties from: user.properties
2021-01-03 19:02:08,075 INFO o.a.j.JMeter: Loading system properties from: system.properties
2021-01-03 19:02:08,076 INFO o.a.j.JMeter: Copyright (c) 1998-2020 The Apache Software Foundation
2021-01-03 19:02:08,076 INFO o.a.j.JMeter: Version 5.3
2021-01-03 19:02:08,077 INFO o.a.j.JMeter: java.version=11.0.8
2021-01-03 19:02:08,077 INFO o.a.j.JMeter: java.vm.name=Java HotSpot(TM) 64-Bit Server VM
2021-01-03 19:02:08,077 INFO o.a.j.JMeter: os.name=Windows 10
2021-01-03 19:02:08,078 INFO o.a.j.JMeter: os.arch=amd64
2021-01-03 19:02:08,078 INFO o.a.j.JMeter: os.version=10.0
2021-01-03 19:02:08,078 INFO o.a.j.JMeter: file.encoding=Cp1252
2021-01-03 19:02:08,078 INFO o.a.j.JMeter: java.awt.headless=true
2021-01-03 19:02:08,078 INFO o.a.j.JMeter: Max memory     =1073741824
2021-01-03 19:02:08,078 INFO o.a.j.JMeter: Available Processors =8
2021-01-03 19:02:08,087 INFO o.a.j.JMeter: Default Locale=English (EN)
2021-01-03 19:02:08,087 INFO o.a.j.JMeter: JMeter  Locale=English (EN)
2021-01-03 19:02:08,087 INFO o.a.j.JMeter: JMeterHome=C:\Users\fabio\Documents\Fabio\Università\Magistrale\2°anno\1°semestre\Impianti di Elaborazione\apache-jmeter-5.3
2021-01-03 19:02:08,087 INFO o.a.j.JMeter: user.dir  =C:\Users\fabio\Documents\Fabio\Università\Magistrale\2°anno\1°semestre\Impianti di Elaborazione\apache-jmeter-5.3\bin
2021-01-03 19:02:08,088 INFO o.a.j.JMeter: PWD       =C:\Users\fabio\Documents\Fabio\Università\Magistrale\2°anno\1°semestre\Impianti di Elaborazione\apache-jmeter-5.3\bin
2021-01-03 19:02:08,093 INFO o.a.j.JMeter: IP: 192.168.56.1 Name: LAPTOP-DSVV6SSR FullName: 192.168.56.1
2021-01-03 19:02:08,099 INFO o.a.j.s.FileServer: Default base='C:\Users\fabio\Documents\Fabio\Università\Magistrale\2°anno\1°semestre\Impianti di Elaborazione\apache-jmeter-5.3\bin'
2021-01-03 19:02:08,100 INFO o.a.j.s.FileServer: Set new base='C:\Users\fabio\Documents\Fabio\Università\Magistrale\2°anno\1°semestre\Impianti di Elaborazione\apache-jmeter-5.3\bin'
2021-01-03 19:02:08,222 INFO o.a.j.s.SaveService: Testplan (JMX) version: 2.2. Testlog (JTL) version: 2.2
2021-01-03 19:02:08,242 INFO o.a.j.s.SaveService: Using SaveService properties version 5.0
2021-01-03 19:02:08,245 INFO o.a.j.s.SaveService: Using SaveService properties file encoding UTF-8
2021-01-03 19:02:08,249 INFO o.a.j.s.SaveService: Loading file: DesignofExperiment.jmx
2021-01-03 19:02:08,309 INFO o.a.j.p.h.s.HTTPSamplerBase: Parser for text/html is org.apache.jmeter.protocol.http.parser.LagartoBasedHtmlParser
2021-01-03 19:02:08,309 INFO o.a.j.p.h.s.HTTPSamplerBase: Parser for application/xhtml+xml is org.apache.jmeter.protocol.http.parser.LagartoBasedHtmlParser
2021-01-03 19:02:08,309 INFO o.a.j.p.h.s.HTTPSamplerBase: Parser for application/xml is org.apache.jmeter.protocol.http.parser.LagartoBasedHtmlParser
2021-01-03 19:02:08,309 INFO o.a.j.p.h.s.HTTPSamplerBase: Parser for text/xml is org.apache.jmeter.protocol.http.parser.LagartoBasedHtmlParser
2021-01-03 19:02:08,309 INFO o.a.j.p.h.s.HTTPSamplerBase: Parser for text/vnd.wap.wml is org.apache.jmeter.protocol.http.parser.RegexpHTMLParser
2021-01-03 19:02:08,309 INFO o.a.j.p.h.s.HTTPSamplerBase: Parser for text/css is org.apache.jmeter.protocol.http.parser.CssParser
2021-01-03 19:02:08,334 INFO o.a.j.JMeter: Creating summariser <summary>
2021-01-03 19:02:08,340 INFO o.a.j.e.StandardJMeterEngine: Running the test!
2021-01-03 19:02:08,340 INFO o.a.j.s.SampleEvent: List of sample_variables: []
2021-01-03 19:02:08,341 INFO o.a.j.s.SampleEvent: List of sample_variables: []
2021-01-03 19:02:08,351 INFO o.a.j.e.u.CompoundVariable: Note: Function class names must contain the string: '.functions.'
2021-01-03 19:02:08,351 INFO o.a.j.e.u.CompoundVariable: Note: Function class names must not contain the string: '.gui.'
2021-01-03 19:02:08,647 INFO o.a.j.JMeter: Running test (1609696928647)
2021-01-03 19:02:08,661 INFO o.a.j.e.StandardJMeterEngine: Starting ThreadGroup: 1 : Thread Group - HM
2021-01-03 19:02:08,661 INFO o.a.j.e.StandardJMeterEngine: Starting 100 threads for group Thread Group - HM.
2021-01-03 19:02:08,661 INFO o.a.j.e.StandardJMeterEngine: Thread will continue on error
2021-01-03 19:02:08,661 INFO o.a.j.t.ThreadGroup: Starting thread group... number=1 threads=100 ramp-up=1 delayedStart=false
2021-01-03 19:02:08,671 INFO o.a.j.t.JMeterThread: Thread started: Thread Group - HM 1-1
2021-01-03 19:02:08,678 INFO o.a.j.t.JMeterThread: Thread started: Thread Group - HM 1-2
2021-01-03 19:02:08,687 INFO o.a.j.t.JMeterThread: Thread started: Thread Group - HM 1-3
2021-01-03 19:02:08,694 INFO o.a.j.t.JMeterThread: Thread started: Thread Group - HM 1-4
2021-01-03 19:02:08,703 INFO o.a.j.t.JMeterThread: Thread started: Thread Group - HM 1-5
2021-01-03 19:02:08,707 INFO o.a.j.p.h.s.HTTPHCAbstractImpl: Local host = LAPTOP-DSVV6SSR
2021-01-03 19:02:08,708 INFO o.a.j.t.ThreadGroup: Started thread group number 1
2021-01-03 19:02:08,708 INFO o.a.j.e.StandardJMeterEngine: All thread groups have been started
2021-01-03 19:02:08,715 INFO o.a.j.p.h.s.HTTPHC4Impl: HTTP request retry count = 0
2021-01-03 19:02:08,717 INFO o.a.j.s.SampleResult: Note: Sample TimeStamps are START times
2021-01-03 19:02:08,717 INFO o.a.j.s.SampleResult: sampleresult.default.encoding is set to ISO-8859-1
2021-01-03 19:02:08,717 INFO o.a.j.t.JMeterThread: Thread started: Thread Group - HM 1-6
2021-01-03 19:02:08,717 INFO o.a.j.s.SampleResult: sampleresult.useNanoTime=true
2021-01-03 19:02:08,717 INFO o.a.j.s.SampleResult: sampleresult.nanoThreadSleep=5000
2021-01-03 19:02:08,726 INFO o.a.j.t.JMeterThread: Thread started: Thread Group - HM 1-7
2021-01-03 19:02:08,735 INFO o.a.j.t.JMeterThread: Thread started: Thread Group - HM 1-8
2021-01-03 19:02:08,742 INFO o.a.j.t.JMeterThread: Thread started: Thread Group - HM 1-9
2021-01-03 19:02:08,752 INFO o.a.j.t.JMeterThread: Thread started: Thread Group - HM 1-10
2021-01-03 19:02:08,763 INFO o.a.j.t.JMeterThread: Thread started: Thread Group - HM 1-11
2021-01-03 19:02:08,773 INFO o.a.j.t.JMeterThread: Thread started: Thread Group - HM 1-12
2021-01-03 19:02:08,782 INFO o.a.j.t.JMeterThread: Thread started: Thread Group - HM 1-13
2021-01-03 19:02:08,792 INFO o.a.j.t.JMeterThread: Thread started: Thread Group - HM 1-14
2021-01-03 19:02:08,803 INFO o.a.j.t.JMeterThread: Thread started: Thread Group - HM 1-15
2021-01-03 19:02:08,812 INFO o.a.j.t.JMeterThread: Thread started: Thread Group - HM 1-16
2021-01-03 19:02:08,822 INFO o.a.j.t.JMeterThread: Thread started: Thread Group - HM 1-17
2021-01-03 19:02:08,832 INFO o.a.j.t.JMeterThread: Thread started: Thread Group - HM 1-18
2021-01-03 19:02:08,841 INFO o.a.j.t.JMeterThread: Thread started: Thread Group - HM 1-19
2021-01-03 19:02:08,853 INFO o.a.j.t.JMeterThread: Thread started: Thread Group - HM 1-20
2021-01-03 19:02:08,862 INFO o.a.j.t.JMeterThread: Thread started: Thread Group - HM 1-21
2021-01-03 19:02:08,872 INFO o.a.j.t.JMeterThread: Thread started: Thread Group - HM 1-22
2021-01-03 19:02:08,886 INFO o.a.j.t.JMeterThread: Thread started: Thread Group - HM 1-23
2021-01-03 19:02:08,893 INFO o.a.j.t.JMeterThread: Thread started: Thread Group - HM 1-24
2021-01-03 19:02:08,903 INFO o.a.j.t.JMeterThread: Thread started: Thread Group - HM 1-25
2021-01-03 19:02:08,912 INFO o.a.j.t.JMeterThread: Thread started: Thread Group - HM 1-26
2021-01-03 19:02:08,922 INFO o.a.j.t.JMeterThread: Thread started: Thread Group - HM 1-27
2021-01-03 19:02:08,933 INFO o.a.j.t.JMeterThread: Thread started: Thread Group - HM 1-28
2021-01-03 19:02:08,942 INFO o.a.j.t.JMeterThread: Thread started: Thread Group - HM 1-29
2021-01-03 19:02:08,951 INFO o.a.j.t.JMeterThread: Thread started: Thread Group - HM 1-30
2021-01-03 19:02:08,962 INFO o.a.j.t.JMeterThread: Thread started: Thread Group - HM 1-31
2021-01-03 19:02:08,971 INFO o.a.j.t.JMeterThread: Thread started: Thread Group - HM 1-32
2021-01-03 19:02:08,982 INFO o.a.j.t.JMeterThread: Thread started: Thread Group - HM 1-33
2021-01-03 19:02:08,992 INFO o.a.j.t.JMeterThread: Thread started: Thread Group - HM 1-34
2021-01-03 19:02:09,001 INFO o.a.j.t.JMeterThread: Thread started: Thread Group - HM 1-35
2021-01-03 19:02:09,012 INFO o.a.j.t.JMeterThread: Thread started: Thread Group - HM 1-36
2021-01-03 19:02:09,022 INFO o.a.j.t.JMeterThread: Thread started: Thread Group - HM 1-37
2021-01-03 19:02:09,032 INFO o.a.j.t.JMeterThread: Thread started: Thread Group - HM 1-38
2021-01-03 19:02:09,041 INFO o.a.j.t.JMeterThread: Thread started: Thread Group - HM 1-39
2021-01-03 19:02:09,051 INFO o.a.j.t.JMeterThread: Thread started: Thread Group - HM 1-40
2021-01-03 19:02:09,062 INFO o.a.j.t.JMeterThread: Thread started: Thread Group - HM 1-41
2021-01-03 19:02:09,072 INFO o.a.j.t.JMeterThread: Thread started: Thread Group - HM 1-42
2021-01-03 19:02:09,086 INFO o.a.j.t.JMeterThread: Thread started: Thread Group - HM 1-43
2021-01-03 19:02:09,092 INFO o.a.j.t.JMeterThread: Thread started: Thread Group - HM 1-44
2021-01-03 19:02:09,102 INFO o.a.j.t.JMeterThread: Thread started: Thread Group - HM 1-45
2021-01-03 19:02:09,111 INFO o.a.j.t.JMeterThread: Thread started: Thread Group - HM 1-46
2021-01-03 19:02:09,122 INFO o.a.j.t.JMeterThread: Thread started: Thread Group - HM 1-47
2021-01-03 19:02:09,133 INFO o.a.j.t.JMeterThread: Thread started: Thread Group - HM 1-48
2021-01-03 19:02:09,141 INFO o.a.j.t.JMeterThread: Thread started: Thread Group - HM 1-49
2021-01-03 19:02:09,152 INFO o.a.j.t.JMeterThread: Thread started: Thread Group - HM 1-50
2021-01-03 19:02:09,161 INFO o.a.j.t.JMeterThread: Thread started: Thread Group - HM 1-51
2021-01-03 19:02:09,172 INFO o.a.j.t.JMeterThread: Thread started: Thread Group - HM 1-52
2021-01-03 19:02:09,182 INFO o.a.j.t.JMeterThread: Thread started: Thread Group - HM 1-53
2021-01-03 19:02:09,192 INFO o.a.j.t.JMeterThread: Thread started: Thread Group - HM 1-54
2021-01-03 19:02:09,202 INFO o.a.j.t.JMeterThread: Thread started: Thread Group - HM 1-55
2021-01-03 19:02:09,213 INFO o.a.j.t.JMeterThread: Thread started: Thread Group - HM 1-56
2021-01-03 19:02:09,222 INFO o.a.j.t.JMeterThread: Thread started: Thread Group - HM 1-57
2021-01-03 19:02:09,232 INFO o.a.j.t.JMeterThread: Thread started: Thread Group - HM 1-58
2021-01-03 19:02:09,244 INFO o.a.j.t.JMeterThread: Thread started: Thread Group - HM 1-59
2021-01-03 19:02:09,253 INFO o.a.j.t.JMeterThread: Thread started: Thread Group - HM 1-60
2021-01-03 19:02:09,262 INFO o.a.j.t.JMeterThread: Thread started: Thread Group - HM 1-61
2021-01-03 19:02:09,273 INFO o.a.j.t.JMeterThread: Thread started: Thread Group - HM 1-62
2021-01-03 19:02:09,282 INFO o.a.j.t.JMeterThread: Thread started: Thread Group - HM 1-63
2021-01-03 19:02:09,293 INFO o.a.j.t.JMeterThread: Thread started: Thread Group - HM 1-64
2021-01-03 19:02:09,303 INFO o.a.j.t.JMeterThread: Thread started: Thread Group - HM 1-65
2021-01-03 19:02:09,312 INFO o.a.j.t.JMeterThread: Thread started: Thread Group - HM 1-66
2021-01-03 19:02:09,322 INFO o.a.j.t.JMeterThread: Thread started: Thread Group - HM 1-67
2021-01-03 19:02:09,333 INFO o.a.j.t.JMeterThread: Thread started: Thread Group - HM 1-68
2021-01-03 19:02:09,343 INFO o.a.j.t.JMeterThread: Thread started: Thread Group - HM 1-69
2021-01-03 19:02:09,353 INFO o.a.j.t.JMeterThread: Thread started: Thread Group - HM 1-70
2021-01-03 19:02:09,363 INFO o.a.j.t.JMeterThread: Thread started: Thread Group - HM 1-71
2021-01-03 19:02:09,372 INFO o.a.j.t.JMeterThread: Thread started: Thread Group - HM 1-72
2021-01-03 19:02:09,383 INFO o.a.j.t.JMeterThread: Thread started: Thread Group - HM 1-73
2021-01-03 19:02:09,392 INFO o.a.j.t.JMeterThread: Thread started: Thread Group - HM 1-74
2021-01-03 19:02:09,402 INFO o.a.j.t.JMeterThread: Thread started: Thread Group - HM 1-75
2021-01-03 19:02:09,412 INFO o.a.j.t.JMeterThread: Thread started: Thread Group - HM 1-76
2021-01-03 19:02:09,423 INFO o.a.j.t.JMeterThread: Thread started: Thread Group - HM 1-77
2021-01-03 19:02:09,431 INFO o.a.j.t.JMeterThread: Thread started: Thread Group - HM 1-78
2021-01-03 19:02:09,442 INFO o.a.j.t.JMeterThread: Thread started: Thread Group - HM 1-79
2021-01-03 19:02:09,457 INFO o.a.j.t.JMeterThread: Thread started: Thread Group - HM 1-80
2021-01-03 19:02:09,463 INFO o.a.j.t.JMeterThread: Thread started: Thread Group - HM 1-81
2021-01-03 19:02:09,472 INFO o.a.j.t.JMeterThread: Thread started: Thread Group - HM 1-82
2021-01-03 19:02:09,483 INFO o.a.j.t.JMeterThread: Thread started: Thread Group - HM 1-83
2021-01-03 19:02:09,493 INFO o.a.j.t.JMeterThread: Thread started: Thread Group - HM 1-84
2021-01-03 19:02:09,502 INFO o.a.j.t.JMeterThread: Thread started: Thread Group - HM 1-85
2021-01-03 19:02:09,512 INFO o.a.j.t.JMeterThread: Thread started: Thread Group - HM 1-86
2021-01-03 19:02:09,523 INFO o.a.j.t.JMeterThread: Thread started: Thread Group - HM 1-87
2021-01-03 19:02:09,533 INFO o.a.j.t.JMeterThread: Thread started: Thread Group - HM 1-88
2021-01-03 19:02:09,542 INFO o.a.j.t.JMeterThread: Thread started: Thread Group - HM 1-89
2021-01-03 19:02:09,551 INFO o.a.j.t.JMeterThread: Thread started: Thread Group - HM 1-90
2021-01-03 19:02:09,563 INFO o.a.j.t.JMeterThread: Thread started: Thread Group - HM 1-91
2021-01-03 19:02:09,573 INFO o.a.j.t.JMeterThread: Thread started: Thread Group - HM 1-92
2021-01-03 19:02:09,582 INFO o.a.j.t.JMeterThread: Thread started: Thread Group - HM 1-93
2021-01-03 19:02:09,591 INFO o.a.j.t.JMeterThread: Thread started: Thread Group - HM 1-94
2021-01-03 19:02:09,603 INFO o.a.j.t.JMeterThread: Thread started: Thread Group - HM 1-95
2021-01-03 19:02:09,613 INFO o.a.j.t.JMeterThread: Thread started: Thread Group - HM 1-96
2021-01-03 19:02:09,622 INFO o.a.j.t.JMeterThread: Thread started: Thread Group - HM 1-97
2021-01-03 19:02:09,631 INFO o.a.j.t.JMeterThread: Thread started: Thread Group - HM 1-98
2021-01-03 19:02:09,642 INFO o.a.j.t.JMeterThread: Thread started: Thread Group - HM 1-99
2021-01-03 19:02:09,659 INFO o.a.j.t.JMeterThread: Thread started: Thread Group - HM 1-100
2021-01-03 19:02:30,014 INFO o.a.j.r.Summariser: summary +   7892 in 00:00:21 =  369.4/s Avg:    18 Min:     0 Max:   974 Err:    25 (0.32%) Active: 100 Started: 100 Finished: 0
2021-01-03 19:03:00,002 INFO o.a.j.r.Summariser: summary +  11225 in 00:00:30 =  374.3/s Avg:     8 Min:     0 Max:   183 Err:    68 (0.61%) Active: 100 Started: 100 Finished: 0
2021-01-03 19:03:00,003 INFO o.a.j.r.Summariser: summary =  19117 in 00:00:51 =  372.3/s Avg:    12 Min:     0 Max:   974 Err:    93 (0.49%)
2021-01-03 19:03:08,426 INFO o.a.j.t.JMeterThread: Thread finished: Thread Group - HM 1-14
2021-01-03 19:03:08,443 INFO o.a.j.t.JMeterThread: Thread finished: Thread Group - HM 1-6
2021-01-03 19:03:08,457 INFO o.a.j.t.JMeterThread: Thread finished: Thread Group - HM 1-67
2021-01-03 19:03:08,460 INFO o.a.j.t.JMeterThread: Thread finished: Thread Group - HM 1-58
2021-01-03 19:03:08,462 INFO o.a.j.t.JMeterThread: Thread finished: Thread Group - HM 1-45
2021-01-03 19:03:08,464 INFO o.a.j.t.JMeterThread: Thread finished: Thread Group - HM 1-22
2021-01-03 19:03:08,467 INFO o.a.j.t.JMeterThread: Thread finished: Thread Group - HM 1-86
2021-01-03 19:03:08,470 INFO o.a.j.t.JMeterThread: Thread finished: Thread Group - HM 1-46
2021-01-03 19:03:08,474 INFO o.a.j.t.JMeterThread: Thread finished: Thread Group - HM 1-59
2021-01-03 19:03:08,478 INFO o.a.j.t.JMeterThread: Thread finished: Thread Group - HM 1-50
2021-01-03 19:03:08,480 INFO o.a.j.t.JMeterThread: Thread finished: Thread Group - HM 1-34
2021-01-03 19:03:08,489 INFO o.a.j.t.JMeterThread: Thread finished: Thread Group - HM 1-69
2021-01-03 19:03:08,491 INFO o.a.j.t.JMeterThread: Thread finished: Thread Group - HM 1-88
2021-01-03 19:03:08,495 INFO o.a.j.t.JMeterThread: Thread finished: Thread Group - HM 1-20
2021-01-03 19:03:08,498 INFO o.a.j.t.JMeterThread: Thread finished: Thread Group - HM 1-90
2021-01-03 19:03:08,505 INFO o.a.j.t.JMeterThread: Thread finished: Thread Group - HM 1-3
2021-01-03 19:03:08,507 INFO o.a.j.t.JMeterThread: Thread finished: Thread Group - HM 1-7
2021-01-03 19:03:08,509 INFO o.a.j.t.JMeterThread: Thread finished: Thread Group - HM 1-35
2021-01-03 19:03:08,512 INFO o.a.j.t.JMeterThread: Thread finished: Thread Group - HM 1-42
2021-01-03 19:03:08,513 INFO o.a.j.t.JMeterThread: Thread finished: Thread Group - HM 1-89
2021-01-03 19:03:08,515 INFO o.a.j.t.JMeterThread: Thread finished: Thread Group - HM 1-4
2021-01-03 19:03:08,517 INFO o.a.j.t.JMeterThread: Thread finished: Thread Group - HM 1-12
2021-01-03 19:03:08,519 INFO o.a.j.t.JMeterThread: Thread finished: Thread Group - HM 1-36
2021-01-03 19:03:08,521 INFO o.a.j.t.JMeterThread: Thread finished: Thread Group - HM 1-70
2021-01-03 19:03:08,523 INFO o.a.j.t.JMeterThread: Thread finished: Thread Group - HM 1-48
2021-01-03 19:03:08,524 INFO o.a.j.t.JMeterThread: Thread finished: Thread Group - HM 1-72
2021-01-03 19:03:08,527 INFO o.a.j.t.JMeterThread: Thread finished: Thread Group - HM 1-49
2021-01-03 19:03:08,529 INFO o.a.j.t.JMeterThread: Thread finished: Thread Group - HM 1-71
2021-01-03 19:03:08,532 INFO o.a.j.t.JMeterThread: Thread finished: Thread Group - HM 1-37
2021-01-03 19:03:08,533 INFO o.a.j.t.JMeterThread: Thread finished: Thread Group - HM 1-11
2021-01-03 19:03:08,535 INFO o.a.j.t.JMeterThread: Thread finished: Thread Group - HM 1-92
2021-01-03 19:03:08,538 INFO o.a.j.t.JMeterThread: Thread finished: Thread Group - HM 1-100
2021-01-03 19:03:08,539 INFO o.a.j.t.JMeterThread: Thread finished: Thread Group - HM 1-29
2021-01-03 19:03:08,541 INFO o.a.j.t.JMeterThread: Thread finished: Thread Group - HM 1-73
2021-01-03 19:03:08,543 INFO o.a.j.t.JMeterThread: Thread finished: Thread Group - HM 1-60
2021-01-03 19:03:08,544 INFO o.a.j.t.JMeterThread: Thread finished: Thread Group - HM 1-24
2021-01-03 19:03:08,546 INFO o.a.j.t.JMeterThread: Thread finished: Thread Group - HM 1-74
2021-01-03 19:03:08,547 INFO o.a.j.t.JMeterThread: Thread finished: Thread Group - HM 1-10
2021-01-03 19:03:08,552 INFO o.a.j.t.JMeterThread: Thread finished: Thread Group - HM 1-17
2021-01-03 19:03:08,554 INFO o.a.j.t.JMeterThread: Thread finished: Thread Group - HM 1-28
2021-01-03 19:03:08,556 INFO o.a.j.t.JMeterThread: Thread finished: Thread Group - HM 1-68
2021-01-03 19:03:08,563 INFO o.a.j.t.JMeterThread: Thread finished: Thread Group - HM 1-38
2021-01-03 19:03:08,566 INFO o.a.j.t.JMeterThread: Thread finished: Thread Group - HM 1-30
2021-01-03 19:03:08,566 INFO o.a.j.t.JMeterThread: Thread finished: Thread Group - HM 1-62
2021-01-03 19:03:08,571 INFO o.a.j.t.JMeterThread: Thread finished: Thread Group - HM 1-51
2021-01-03 19:03:08,573 INFO o.a.j.t.JMeterThread: Thread finished: Thread Group - HM 1-61
2021-01-03 19:03:08,575 INFO o.a.j.t.JMeterThread: Thread finished: Thread Group - HM 1-13
2021-01-03 19:03:08,577 INFO o.a.j.t.JMeterThread: Thread finished: Thread Group - HM 1-75
2021-01-03 19:03:08,579 INFO o.a.j.t.JMeterThread: Thread finished: Thread Group - HM 1-39
2021-01-03 19:03:08,581 INFO o.a.j.t.JMeterThread: Thread finished: Thread Group - HM 1-18
2021-01-03 19:03:08,583 INFO o.a.j.t.JMeterThread: Thread finished: Thread Group - HM 1-5
2021-01-03 19:03:08,584 INFO o.a.j.t.JMeterThread: Thread finished: Thread Group - HM 1-63
2021-01-03 19:03:08,586 INFO o.a.j.t.JMeterThread: Thread finished: Thread Group - HM 1-8
2021-01-03 19:03:08,588 INFO o.a.j.t.JMeterThread: Thread finished: Thread Group - HM 1-93
2021-01-03 19:03:08,589 INFO o.a.j.t.JMeterThread: Thread finished: Thread Group - HM 1-53
2021-01-03 19:03:08,591 INFO o.a.j.t.JMeterThread: Thread finished: Thread Group - HM 1-1
2021-01-03 19:03:08,593 INFO o.a.j.t.JMeterThread: Thread finished: Thread Group - HM 1-76
2021-01-03 19:03:08,602 INFO o.a.j.t.JMeterThread: Thread finished: Thread Group - HM 1-94
2021-01-03 19:03:08,604 INFO o.a.j.t.JMeterThread: Thread finished: Thread Group - HM 1-96
2021-01-03 19:03:08,605 INFO o.a.j.t.JMeterThread: Thread finished: Thread Group - HM 1-9
2021-01-03 19:03:08,608 INFO o.a.j.t.JMeterThread: Thread finished: Thread Group - HM 1-97
2021-01-03 19:03:08,610 INFO o.a.j.t.JMeterThread: Thread finished: Thread Group - HM 1-25
2021-01-03 19:03:08,613 INFO o.a.j.t.JMeterThread: Thread finished: Thread Group - HM 1-41
2021-01-03 19:03:08,615 INFO o.a.j.t.JMeterThread: Thread finished: Thread Group - HM 1-40
2021-01-03 19:03:08,617 INFO o.a.j.t.JMeterThread: Thread finished: Thread Group - HM 1-77
2021-01-03 19:03:08,620 INFO o.a.j.t.JMeterThread: Thread finished: Thread Group - HM 1-31
2021-01-03 19:03:08,622 INFO o.a.j.t.JMeterThread: Thread finished: Thread Group - HM 1-27
2021-01-03 19:03:08,624 INFO o.a.j.t.JMeterThread: Thread finished: Thread Group - HM 1-32
2021-01-03 19:03:08,631 INFO o.a.j.t.JMeterThread: Thread finished: Thread Group - HM 1-16
2021-01-03 19:03:08,633 INFO o.a.j.t.JMeterThread: Thread finished: Thread Group - HM 1-21
2021-01-03 19:03:08,635 INFO o.a.j.t.JMeterThread: Thread finished: Thread Group - HM 1-23
2021-01-03 19:03:08,638 INFO o.a.j.t.JMeterThread: Thread finished: Thread Group - HM 1-98
2021-01-03 19:03:08,643 INFO o.a.j.t.JMeterThread: Thread finished: Thread Group - HM 1-78
2021-01-03 19:03:08,644 INFO o.a.j.t.JMeterThread: Thread finished: Thread Group - HM 1-87
2021-01-03 19:03:08,646 INFO o.a.j.t.JMeterThread: Thread finished: Thread Group - HM 1-79
2021-01-03 19:03:08,648 INFO o.a.j.t.JMeterThread: Thread finished: Thread Group - HM 1-52
2021-01-03 19:03:08,651 INFO o.a.j.t.JMeterThread: Thread finished: Thread Group - HM 1-91
2021-01-03 19:03:08,653 INFO o.a.j.t.JMeterThread: Thread finished: Thread Group - HM 1-99
2021-01-03 19:03:08,654 INFO o.a.j.t.JMeterThread: Thread finished: Thread Group - HM 1-47
2021-01-03 19:03:08,656 INFO o.a.j.t.JMeterThread: Thread finished: Thread Group - HM 1-95
2021-01-03 19:03:08,659 INFO o.a.j.t.JMeterThread: Thread finished: Thread Group - HM 1-2
2021-01-03 19:03:08,661 INFO o.a.j.t.JMeterThread: Thread finished: Thread Group - HM 1-43
2021-01-03 19:03:08,663 INFO o.a.j.t.JMeterThread: Thread finished: Thread Group - HM 1-80
2021-01-03 19:03:08,665 INFO o.a.j.t.JMeterThread: Thread finished: Thread Group - HM 1-54
2021-01-03 19:03:08,667 INFO o.a.j.t.JMeterThread: Thread finished: Thread Group - HM 1-19
2021-01-03 19:03:08,668 INFO o.a.j.t.JMeterThread: Thread finished: Thread Group - HM 1-64
2021-01-03 19:03:08,672 INFO o.a.j.t.JMeterThread: Thread finished: Thread Group - HM 1-33
2021-01-03 19:03:08,675 INFO o.a.j.t.JMeterThread: Thread finished: Thread Group - HM 1-15
2021-01-03 19:03:08,677 INFO o.a.j.t.JMeterThread: Thread finished: Thread Group - HM 1-65
2021-01-03 19:03:08,679 INFO o.a.j.t.JMeterThread: Thread finished: Thread Group - HM 1-81
2021-01-03 19:03:08,681 INFO o.a.j.t.JMeterThread: Thread finished: Thread Group - HM 1-26
2021-01-03 19:03:08,685 INFO o.a.j.t.JMeterThread: Thread finished: Thread Group - HM 1-44
2021-01-03 19:03:08,687 INFO o.a.j.t.JMeterThread: Thread finished: Thread Group - HM 1-56
2021-01-03 19:03:08,691 INFO o.a.j.t.JMeterThread: Thread finished: Thread Group - HM 1-57
2021-01-03 19:03:08,693 INFO o.a.j.t.JMeterThread: Thread finished: Thread Group - HM 1-55
2021-01-03 19:03:08,697 INFO o.a.j.t.JMeterThread: Thread finished: Thread Group - HM 1-66
2021-01-03 19:03:08,701 INFO o.a.j.t.JMeterThread: Thread finished: Thread Group - HM 1-85
2021-01-03 19:03:08,708 INFO o.a.j.t.JMeterThread: Stopping because end time detected by thread: Thread Group - HM 1-82
2021-01-03 19:03:08,708 INFO o.a.j.t.JMeterThread: Thread finished: Thread Group - HM 1-82
2021-01-03 19:03:08,710 INFO o.a.j.t.JMeterThread: Stopping because end time detected by thread: Thread Group - HM 1-84
2021-01-03 19:03:08,710 INFO o.a.j.t.JMeterThread: Thread finished: Thread Group - HM 1-84
2021-01-03 19:03:08,711 INFO o.a.j.t.JMeterThread: Stopping because end time detected by thread: Thread Group - HM 1-83
2021-01-03 19:03:08,711 INFO o.a.j.t.JMeterThread: Thread finished: Thread Group - HM 1-83
2021-01-03 19:03:08,711 INFO o.a.j.e.StandardJMeterEngine: Notifying test listeners of end of test
2021-01-03 19:03:08,712 INFO o.a.j.r.Summariser: summary +   3274 in 00:00:09 =  375.9/s Avg:     9 Min:     0 Max:   173 Err:    33 (1.01%) Active: 0 Started: 100 Finished: 100
2021-01-03 19:03:08,713 INFO o.a.j.r.Summariser: summary =  22391 in 00:01:00 =  372.8/s Avg:    12 Min:     0 Max:   974 Err:   126 (0.56%)
