2021-01-03 18:20:16,341 INFO o.a.j.u.JMeterUtils: Setting Locale to en_EN
2021-01-03 18:20:16,361 INFO o.a.j.JMeter: Loading user properties from: user.properties
2021-01-03 18:20:16,362 INFO o.a.j.JMeter: Loading system properties from: system.properties
2021-01-03 18:20:16,364 INFO o.a.j.JMeter: Copyright (c) 1998-2020 The Apache Software Foundation
2021-01-03 18:20:16,364 INFO o.a.j.JMeter: Version 5.3
2021-01-03 18:20:16,364 INFO o.a.j.JMeter: java.version=11.0.8
2021-01-03 18:20:16,364 INFO o.a.j.JMeter: java.vm.name=Java HotSpot(TM) 64-Bit Server VM
2021-01-03 18:20:16,364 INFO o.a.j.JMeter: os.name=Windows 10
2021-01-03 18:20:16,364 INFO o.a.j.JMeter: os.arch=amd64
2021-01-03 18:20:16,364 INFO o.a.j.JMeter: os.version=10.0
2021-01-03 18:20:16,364 INFO o.a.j.JMeter: file.encoding=Cp1252
2021-01-03 18:20:16,365 INFO o.a.j.JMeter: java.awt.headless=true
2021-01-03 18:20:16,365 INFO o.a.j.JMeter: Max memory     =1073741824
2021-01-03 18:20:16,365 INFO o.a.j.JMeter: Available Processors =8
2021-01-03 18:20:16,374 INFO o.a.j.JMeter: Default Locale=English (EN)
2021-01-03 18:20:16,374 INFO o.a.j.JMeter: JMeter  Locale=English (EN)
2021-01-03 18:20:16,374 INFO o.a.j.JMeter: JMeterHome=C:\Users\fabio\Documents\Fabio\Università\Magistrale\2°anno\1°semestre\Impianti di Elaborazione\apache-jmeter-5.3
2021-01-03 18:20:16,374 INFO o.a.j.JMeter: user.dir  =C:\Users\fabio\Documents\Fabio\Università\Magistrale\2°anno\1°semestre\Impianti di Elaborazione\apache-jmeter-5.3\bin
2021-01-03 18:20:16,375 INFO o.a.j.JMeter: PWD       =C:\Users\fabio\Documents\Fabio\Università\Magistrale\2°anno\1°semestre\Impianti di Elaborazione\apache-jmeter-5.3\bin
2021-01-03 18:20:16,379 INFO o.a.j.JMeter: IP: 192.168.56.1 Name: LAPTOP-DSVV6SSR FullName: 192.168.56.1
2021-01-03 18:20:16,385 INFO o.a.j.s.FileServer: Default base='C:\Users\fabio\Documents\Fabio\Università\Magistrale\2°anno\1°semestre\Impianti di Elaborazione\apache-jmeter-5.3\bin'
2021-01-03 18:20:16,386 INFO o.a.j.s.FileServer: Set new base='C:\Users\fabio\Documents\Fabio\Università\Magistrale\2°anno\1°semestre\Impianti di Elaborazione\apache-jmeter-5.3\bin'
2021-01-03 18:20:16,507 INFO o.a.j.s.SaveService: Testplan (JMX) version: 2.2. Testlog (JTL) version: 2.2
2021-01-03 18:20:16,527 INFO o.a.j.s.SaveService: Using SaveService properties version 5.0
2021-01-03 18:20:16,530 INFO o.a.j.s.SaveService: Using SaveService properties file encoding UTF-8
2021-01-03 18:20:16,534 INFO o.a.j.s.SaveService: Loading file: DesignofExperiment.jmx
2021-01-03 18:20:16,592 INFO o.a.j.p.h.s.HTTPSamplerBase: Parser for text/html is org.apache.jmeter.protocol.http.parser.LagartoBasedHtmlParser
2021-01-03 18:20:16,592 INFO o.a.j.p.h.s.HTTPSamplerBase: Parser for application/xhtml+xml is org.apache.jmeter.protocol.http.parser.LagartoBasedHtmlParser
2021-01-03 18:20:16,592 INFO o.a.j.p.h.s.HTTPSamplerBase: Parser for application/xml is org.apache.jmeter.protocol.http.parser.LagartoBasedHtmlParser
2021-01-03 18:20:16,592 INFO o.a.j.p.h.s.HTTPSamplerBase: Parser for text/xml is org.apache.jmeter.protocol.http.parser.LagartoBasedHtmlParser
2021-01-03 18:20:16,592 INFO o.a.j.p.h.s.HTTPSamplerBase: Parser for text/vnd.wap.wml is org.apache.jmeter.protocol.http.parser.RegexpHTMLParser
2021-01-03 18:20:16,592 INFO o.a.j.p.h.s.HTTPSamplerBase: Parser for text/css is org.apache.jmeter.protocol.http.parser.CssParser
2021-01-03 18:20:16,619 INFO o.a.j.JMeter: Creating summariser <summary>
2021-01-03 18:20:16,624 INFO o.a.j.e.StandardJMeterEngine: Running the test!
2021-01-03 18:20:16,625 INFO o.a.j.s.SampleEvent: List of sample_variables: []
2021-01-03 18:20:16,625 INFO o.a.j.s.SampleEvent: List of sample_variables: []
2021-01-03 18:20:16,634 INFO o.a.j.e.u.CompoundVariable: Note: Function class names must contain the string: '.functions.'
2021-01-03 18:20:16,634 INFO o.a.j.e.u.CompoundVariable: Note: Function class names must not contain the string: '.gui.'
2021-01-03 18:20:16,920 INFO o.a.j.JMeter: Running test (1609694416920)
2021-01-03 18:20:16,934 INFO o.a.j.e.StandardJMeterEngine: Starting ThreadGroup: 1 : Thread Group - LH
2021-01-03 18:20:16,934 INFO o.a.j.e.StandardJMeterEngine: Starting 100 threads for group Thread Group - LH.
2021-01-03 18:20:16,934 INFO o.a.j.e.StandardJMeterEngine: Thread will continue on error
2021-01-03 18:20:16,935 INFO o.a.j.t.ThreadGroup: Starting thread group... number=1 threads=100 ramp-up=1 delayedStart=false
2021-01-03 18:20:16,944 INFO o.a.j.t.JMeterThread: Thread started: Thread Group - LH 1-1
2021-01-03 18:20:16,952 INFO o.a.j.t.JMeterThread: Thread started: Thread Group - LH 1-2
2021-01-03 18:20:16,962 INFO o.a.j.t.JMeterThread: Thread started: Thread Group - LH 1-3
2021-01-03 18:20:16,969 INFO o.a.j.t.JMeterThread: Thread started: Thread Group - LH 1-4
2021-01-03 18:20:16,978 INFO o.a.j.t.JMeterThread: Thread started: Thread Group - LH 1-5
2021-01-03 18:20:16,978 INFO o.a.j.p.h.s.HTTPHCAbstractImpl: Local host = LAPTOP-DSVV6SSR
2021-01-03 18:20:16,980 INFO o.a.j.t.ThreadGroup: Started thread group number 1
2021-01-03 18:20:16,980 INFO o.a.j.e.StandardJMeterEngine: All thread groups have been started
2021-01-03 18:20:16,985 INFO o.a.j.p.h.s.HTTPHC4Impl: HTTP request retry count = 0
2021-01-03 18:20:16,987 INFO o.a.j.s.SampleResult: Note: Sample TimeStamps are START times
2021-01-03 18:20:16,987 INFO o.a.j.s.SampleResult: sampleresult.default.encoding is set to ISO-8859-1
2021-01-03 18:20:16,987 INFO o.a.j.s.SampleResult: sampleresult.useNanoTime=true
2021-01-03 18:20:16,988 INFO o.a.j.s.SampleResult: sampleresult.nanoThreadSleep=5000
2021-01-03 18:20:16,990 INFO o.a.j.t.JMeterThread: Thread started: Thread Group - LH 1-6
2021-01-03 18:20:17,000 INFO o.a.j.t.JMeterThread: Thread started: Thread Group - LH 1-7
2021-01-03 18:20:17,008 INFO o.a.j.t.JMeterThread: Thread started: Thread Group - LH 1-8
2021-01-03 18:20:17,017 INFO o.a.j.t.JMeterThread: Thread started: Thread Group - LH 1-9
2021-01-03 18:20:17,026 INFO o.a.j.t.JMeterThread: Thread started: Thread Group - LH 1-10
2021-01-03 18:20:17,037 INFO o.a.j.t.JMeterThread: Thread started: Thread Group - LH 1-11
2021-01-03 18:20:17,047 INFO o.a.j.t.JMeterThread: Thread started: Thread Group - LH 1-12
2021-01-03 18:20:17,056 INFO o.a.j.t.JMeterThread: Thread started: Thread Group - LH 1-13
2021-01-03 18:20:17,066 INFO o.a.j.t.JMeterThread: Thread started: Thread Group - LH 1-14
2021-01-03 18:20:17,077 INFO o.a.j.t.JMeterThread: Thread started: Thread Group - LH 1-15
2021-01-03 18:20:17,086 INFO o.a.j.t.JMeterThread: Thread started: Thread Group - LH 1-16
2021-01-03 18:20:17,097 INFO o.a.j.t.JMeterThread: Thread started: Thread Group - LH 1-17
2021-01-03 18:20:17,106 INFO o.a.j.t.JMeterThread: Thread started: Thread Group - LH 1-18
2021-01-03 18:20:17,115 INFO o.a.j.t.JMeterThread: Thread started: Thread Group - LH 1-19
2021-01-03 18:20:17,127 INFO o.a.j.t.JMeterThread: Thread started: Thread Group - LH 1-20
2021-01-03 18:20:17,138 INFO o.a.j.t.JMeterThread: Thread started: Thread Group - LH 1-21
2021-01-03 18:20:17,146 INFO o.a.j.t.JMeterThread: Thread started: Thread Group - LH 1-22
2021-01-03 18:20:17,156 INFO o.a.j.t.JMeterThread: Thread started: Thread Group - LH 1-23
2021-01-03 18:20:17,167 INFO o.a.j.t.JMeterThread: Thread started: Thread Group - LH 1-24
2021-01-03 18:20:17,177 INFO o.a.j.t.JMeterThread: Thread started: Thread Group - LH 1-25
2021-01-03 18:20:17,186 INFO o.a.j.t.JMeterThread: Thread started: Thread Group - LH 1-26
2021-01-03 18:20:17,196 INFO o.a.j.t.JMeterThread: Thread started: Thread Group - LH 1-27
2021-01-03 18:20:17,207 INFO o.a.j.t.JMeterThread: Thread started: Thread Group - LH 1-28
2021-01-03 18:20:17,217 INFO o.a.j.t.JMeterThread: Thread started: Thread Group - LH 1-29
2021-01-03 18:20:17,226 INFO o.a.j.t.JMeterThread: Thread started: Thread Group - LH 1-30
2021-01-03 18:20:17,235 INFO o.a.j.t.JMeterThread: Thread started: Thread Group - LH 1-31
2021-01-03 18:20:17,247 INFO o.a.j.t.JMeterThread: Thread started: Thread Group - LH 1-32
2021-01-03 18:20:17,257 INFO o.a.j.t.JMeterThread: Thread started: Thread Group - LH 1-33
2021-01-03 18:20:17,265 INFO o.a.j.t.JMeterThread: Thread started: Thread Group - LH 1-34
2021-01-03 18:20:17,276 INFO o.a.j.t.JMeterThread: Thread started: Thread Group - LH 1-35
2021-01-03 18:20:17,289 INFO o.a.j.t.JMeterThread: Thread started: Thread Group - LH 1-36
2021-01-03 18:20:17,297 INFO o.a.j.t.JMeterThread: Thread started: Thread Group - LH 1-37
2021-01-03 18:20:17,307 INFO o.a.j.t.JMeterThread: Thread started: Thread Group - LH 1-38
2021-01-03 18:20:17,316 INFO o.a.j.t.JMeterThread: Thread started: Thread Group - LH 1-39
2021-01-03 18:20:17,326 INFO o.a.j.t.JMeterThread: Thread started: Thread Group - LH 1-40
2021-01-03 18:20:17,338 INFO o.a.j.t.JMeterThread: Thread started: Thread Group - LH 1-41
2021-01-03 18:20:17,345 INFO o.a.j.t.JMeterThread: Thread started: Thread Group - LH 1-42
2021-01-03 18:20:17,356 INFO o.a.j.t.JMeterThread: Thread started: Thread Group - LH 1-43
2021-01-03 18:20:17,366 INFO o.a.j.t.JMeterThread: Thread started: Thread Group - LH 1-44
2021-01-03 18:20:17,376 INFO o.a.j.t.JMeterThread: Thread started: Thread Group - LH 1-45
2021-01-03 18:20:17,386 INFO o.a.j.t.JMeterThread: Thread started: Thread Group - LH 1-46
2021-01-03 18:20:17,396 INFO o.a.j.t.JMeterThread: Thread started: Thread Group - LH 1-47
2021-01-03 18:20:17,405 INFO o.a.j.t.JMeterThread: Thread started: Thread Group - LH 1-48
2021-01-03 18:20:17,417 INFO o.a.j.t.JMeterThread: Thread started: Thread Group - LH 1-49
2021-01-03 18:20:17,426 INFO o.a.j.t.JMeterThread: Thread started: Thread Group - LH 1-50
2021-01-03 18:20:17,435 INFO o.a.j.t.JMeterThread: Thread started: Thread Group - LH 1-51
2021-01-03 18:20:17,445 INFO o.a.j.t.JMeterThread: Thread started: Thread Group - LH 1-52
2021-01-03 18:20:17,457 INFO o.a.j.t.JMeterThread: Thread started: Thread Group - LH 1-53
2021-01-03 18:20:17,466 INFO o.a.j.t.JMeterThread: Thread started: Thread Group - LH 1-54
2021-01-03 18:20:17,475 INFO o.a.j.t.JMeterThread: Thread started: Thread Group - LH 1-55
2021-01-03 18:20:17,486 INFO o.a.j.t.JMeterThread: Thread started: Thread Group - LH 1-56
2021-01-03 18:20:17,496 INFO o.a.j.t.JMeterThread: Thread started: Thread Group - LH 1-57
2021-01-03 18:20:17,506 INFO o.a.j.t.JMeterThread: Thread started: Thread Group - LH 1-58
2021-01-03 18:20:17,516 INFO o.a.j.t.JMeterThread: Thread started: Thread Group - LH 1-59
2021-01-03 18:20:17,526 INFO o.a.j.t.JMeterThread: Thread started: Thread Group - LH 1-60
2021-01-03 18:20:17,535 INFO o.a.j.t.JMeterThread: Thread started: Thread Group - LH 1-61
2021-01-03 18:20:17,547 INFO o.a.j.t.JMeterThread: Thread started: Thread Group - LH 1-62
2021-01-03 18:20:17,556 INFO o.a.j.t.JMeterThread: Thread started: Thread Group - LH 1-63
2021-01-03 18:20:17,565 INFO o.a.j.t.JMeterThread: Thread started: Thread Group - LH 1-64
2021-01-03 18:20:17,576 INFO o.a.j.t.JMeterThread: Thread started: Thread Group - LH 1-65
2021-01-03 18:20:17,587 INFO o.a.j.t.JMeterThread: Thread started: Thread Group - LH 1-66
2021-01-03 18:20:17,595 INFO o.a.j.t.JMeterThread: Thread started: Thread Group - LH 1-67
2021-01-03 18:20:17,605 INFO o.a.j.t.JMeterThread: Thread started: Thread Group - LH 1-68
2021-01-03 18:20:17,616 INFO o.a.j.t.JMeterThread: Thread started: Thread Group - LH 1-69
2021-01-03 18:20:17,627 INFO o.a.j.t.JMeterThread: Thread started: Thread Group - LH 1-70
2021-01-03 18:20:17,635 INFO o.a.j.t.JMeterThread: Thread started: Thread Group - LH 1-71
2021-01-03 18:20:17,646 INFO o.a.j.t.JMeterThread: Thread started: Thread Group - LH 1-72
2021-01-03 18:20:17,656 INFO o.a.j.t.JMeterThread: Thread started: Thread Group - LH 1-73
2021-01-03 18:20:17,666 INFO o.a.j.t.JMeterThread: Thread started: Thread Group - LH 1-74
2021-01-03 18:20:17,676 INFO o.a.j.t.JMeterThread: Thread started: Thread Group - LH 1-75
2021-01-03 18:20:17,686 INFO o.a.j.t.JMeterThread: Thread started: Thread Group - LH 1-76
2021-01-03 18:20:17,696 INFO o.a.j.t.JMeterThread: Thread started: Thread Group - LH 1-77
2021-01-03 18:20:17,708 INFO o.a.j.t.JMeterThread: Thread started: Thread Group - LH 1-78
2021-01-03 18:20:17,716 INFO o.a.j.t.JMeterThread: Thread started: Thread Group - LH 1-79
2021-01-03 18:20:17,725 INFO o.a.j.t.JMeterThread: Thread started: Thread Group - LH 1-80
2021-01-03 18:20:17,735 INFO o.a.j.t.JMeterThread: Thread started: Thread Group - LH 1-81
2021-01-03 18:20:17,746 INFO o.a.j.t.JMeterThread: Thread started: Thread Group - LH 1-82
2021-01-03 18:20:17,756 INFO o.a.j.t.JMeterThread: Thread started: Thread Group - LH 1-83
2021-01-03 18:20:17,765 INFO o.a.j.t.JMeterThread: Thread started: Thread Group - LH 1-84
2021-01-03 18:20:17,776 INFO o.a.j.t.JMeterThread: Thread started: Thread Group - LH 1-85
2021-01-03 18:20:17,786 INFO o.a.j.t.JMeterThread: Thread started: Thread Group - LH 1-86
2021-01-03 18:20:17,795 INFO o.a.j.t.JMeterThread: Thread started: Thread Group - LH 1-87
2021-01-03 18:20:17,805 INFO o.a.j.t.JMeterThread: Thread started: Thread Group - LH 1-88
2021-01-03 18:20:17,816 INFO o.a.j.t.JMeterThread: Thread started: Thread Group - LH 1-89
2021-01-03 18:20:17,826 INFO o.a.j.t.JMeterThread: Thread started: Thread Group - LH 1-90
2021-01-03 18:20:17,835 INFO o.a.j.t.JMeterThread: Thread started: Thread Group - LH 1-91
2021-01-03 18:20:17,845 INFO o.a.j.t.JMeterThread: Thread started: Thread Group - LH 1-92
2021-01-03 18:20:17,856 INFO o.a.j.t.JMeterThread: Thread started: Thread Group - LH 1-93
2021-01-03 18:20:17,866 INFO o.a.j.t.JMeterThread: Thread started: Thread Group - LH 1-94
2021-01-03 18:20:17,876 INFO o.a.j.t.JMeterThread: Thread started: Thread Group - LH 1-95
2021-01-03 18:20:17,887 INFO o.a.j.t.JMeterThread: Thread started: Thread Group - LH 1-96
2021-01-03 18:20:17,896 INFO o.a.j.t.JMeterThread: Thread started: Thread Group - LH 1-97
2021-01-03 18:20:17,906 INFO o.a.j.t.JMeterThread: Thread started: Thread Group - LH 1-98
2021-01-03 18:20:17,917 INFO o.a.j.t.JMeterThread: Thread started: Thread Group - LH 1-99
2021-01-03 18:20:17,927 INFO o.a.j.t.JMeterThread: Thread started: Thread Group - LH 1-100
2021-01-03 18:20:30,001 INFO o.a.j.r.Summariser: summary +   1651 in 00:00:13 =  126.2/s Avg:    40 Min:     0 Max:   693 Err:    28 (1.70%) Active: 100 Started: 100 Finished: 0
2021-01-03 18:21:00,003 INFO o.a.j.r.Summariser: summary +   3743 in 00:00:30 =  124.8/s Avg:    13 Min:     4 Max:   109 Err:     0 (0.00%) Active: 100 Started: 100 Finished: 0
2021-01-03 18:21:00,004 INFO o.a.j.r.Summariser: summary =   5394 in 00:00:43 =  125.2/s Avg:    21 Min:     0 Max:   693 Err:    28 (0.52%)
2021-01-03 18:21:16,186 INFO o.a.j.t.JMeterThread: Thread finished: Thread Group - LH 1-7
2021-01-03 18:21:16,202 INFO o.a.j.t.JMeterThread: Thread finished: Thread Group - LH 1-86
2021-01-03 18:21:16,205 INFO o.a.j.t.JMeterThread: Thread finished: Thread Group - LH 1-87
2021-01-03 18:21:16,209 INFO o.a.j.t.JMeterThread: Thread finished: Thread Group - LH 1-35
2021-01-03 18:21:16,221 INFO o.a.j.t.JMeterThread: Thread finished: Thread Group - LH 1-89
2021-01-03 18:21:16,231 INFO o.a.j.t.JMeterThread: Thread finished: Thread Group - LH 1-90
2021-01-03 18:21:16,240 INFO o.a.j.t.JMeterThread: Thread finished: Thread Group - LH 1-91
2021-01-03 18:21:16,251 INFO o.a.j.t.JMeterThread: Thread finished: Thread Group - LH 1-92
2021-01-03 18:21:16,271 INFO o.a.j.t.JMeterThread: Thread finished: Thread Group - LH 1-93
2021-01-03 18:21:16,278 INFO o.a.j.t.JMeterThread: Thread finished: Thread Group - LH 1-94
2021-01-03 18:21:16,279 INFO o.a.j.t.JMeterThread: Thread finished: Thread Group - LH 1-11
2021-01-03 18:21:16,284 INFO o.a.j.t.JMeterThread: Thread finished: Thread Group - LH 1-36
2021-01-03 18:21:16,287 INFO o.a.j.t.JMeterThread: Thread finished: Thread Group - LH 1-95
2021-01-03 18:21:16,292 INFO o.a.j.t.JMeterThread: Thread finished: Thread Group - LH 1-96
2021-01-03 18:21:16,302 INFO o.a.j.t.JMeterThread: Thread finished: Thread Group - LH 1-97
2021-01-03 18:21:16,309 INFO o.a.j.t.JMeterThread: Thread finished: Thread Group - LH 1-37
2021-01-03 18:21:16,310 INFO o.a.j.t.JMeterThread: Thread finished: Thread Group - LH 1-38
2021-01-03 18:21:16,322 INFO o.a.j.t.JMeterThread: Thread finished: Thread Group - LH 1-99
2021-01-03 18:21:16,329 INFO o.a.j.t.JMeterThread: Thread finished: Thread Group - LH 1-39
2021-01-03 18:21:16,337 INFO o.a.j.t.JMeterThread: Thread finished: Thread Group - LH 1-12
2021-01-03 18:21:16,340 INFO o.a.j.t.JMeterThread: Thread finished: Thread Group - LH 1-16
2021-01-03 18:21:16,346 INFO o.a.j.t.JMeterThread: Thread finished: Thread Group - LH 1-40
2021-01-03 18:21:16,350 INFO o.a.j.t.JMeterThread: Thread finished: Thread Group - LH 1-10
2021-01-03 18:21:16,388 INFO o.a.j.t.JMeterThread: Thread finished: Thread Group - LH 1-41
2021-01-03 18:21:16,404 INFO o.a.j.t.JMeterThread: Thread finished: Thread Group - LH 1-42
2021-01-03 18:21:16,410 INFO o.a.j.t.JMeterThread: Thread finished: Thread Group - LH 1-19
2021-01-03 18:21:16,417 INFO o.a.j.t.JMeterThread: Thread finished: Thread Group - LH 1-1
2021-01-03 18:21:16,418 INFO o.a.j.t.JMeterThread: Thread finished: Thread Group - LH 1-2
2021-01-03 18:21:16,423 INFO o.a.j.t.JMeterThread: Thread finished: Thread Group - LH 1-43
2021-01-03 18:21:16,424 INFO o.a.j.t.JMeterThread: Thread finished: Thread Group - LH 1-21
2021-01-03 18:21:16,445 INFO o.a.j.t.JMeterThread: Thread finished: Thread Group - LH 1-9
2021-01-03 18:21:16,453 INFO o.a.j.t.JMeterThread: Thread finished: Thread Group - LH 1-45
2021-01-03 18:21:16,465 INFO o.a.j.t.JMeterThread: Thread finished: Thread Group - LH 1-23
2021-01-03 18:21:16,469 INFO o.a.j.t.JMeterThread: Thread finished: Thread Group - LH 1-44
2021-01-03 18:21:16,511 INFO o.a.j.t.JMeterThread: Thread finished: Thread Group - LH 1-15
2021-01-03 18:21:16,520 INFO o.a.j.t.JMeterThread: Thread finished: Thread Group - LH 1-14
2021-01-03 18:21:16,526 INFO o.a.j.t.JMeterThread: Thread finished: Thread Group - LH 1-17
2021-01-03 18:21:16,538 INFO o.a.j.t.JMeterThread: Thread finished: Thread Group - LH 1-48
2021-01-03 18:21:16,541 INFO o.a.j.t.JMeterThread: Thread finished: Thread Group - LH 1-3
2021-01-03 18:21:16,541 INFO o.a.j.t.JMeterThread: Thread finished: Thread Group - LH 1-47
2021-01-03 18:21:16,550 INFO o.a.j.t.JMeterThread: Thread finished: Thread Group - LH 1-6
2021-01-03 18:21:16,554 INFO o.a.j.t.JMeterThread: Thread finished: Thread Group - LH 1-49
2021-01-03 18:21:16,558 INFO o.a.j.t.JMeterThread: Thread finished: Thread Group - LH 1-50
2021-01-03 18:21:16,562 INFO o.a.j.t.JMeterThread: Thread finished: Thread Group - LH 1-4
2021-01-03 18:21:16,568 INFO o.a.j.t.JMeterThread: Thread finished: Thread Group - LH 1-51
2021-01-03 18:21:16,578 INFO o.a.j.t.JMeterThread: Thread finished: Thread Group - LH 1-52
2021-01-03 18:21:16,607 INFO o.a.j.t.JMeterThread: Thread finished: Thread Group - LH 1-13
2021-01-03 18:21:16,610 INFO o.a.j.t.JMeterThread: Thread finished: Thread Group - LH 1-46
2021-01-03 18:21:16,614 INFO o.a.j.t.JMeterThread: Thread finished: Thread Group - LH 1-24
2021-01-03 18:21:16,650 INFO o.a.j.t.JMeterThread: Thread finished: Thread Group - LH 1-54
2021-01-03 18:21:16,655 INFO o.a.j.t.JMeterThread: Thread finished: Thread Group - LH 1-55
2021-01-03 18:21:16,662 INFO o.a.j.t.JMeterThread: Thread finished: Thread Group - LH 1-26
2021-01-03 18:21:16,667 INFO o.a.j.t.JMeterThread: Thread finished: Thread Group - LH 1-56
2021-01-03 18:21:16,677 INFO o.a.j.t.JMeterThread: Thread finished: Thread Group - LH 1-8
2021-01-03 18:21:16,685 INFO o.a.j.t.JMeterThread: Thread finished: Thread Group - LH 1-53
2021-01-03 18:21:16,687 INFO o.a.j.t.JMeterThread: Thread finished: Thread Group - LH 1-57
2021-01-03 18:21:16,689 INFO o.a.j.t.JMeterThread: Thread finished: Thread Group - LH 1-20
2021-01-03 18:21:16,692 INFO o.a.j.t.JMeterThread: Thread finished: Thread Group - LH 1-58
2021-01-03 18:21:16,697 INFO o.a.j.t.JMeterThread: Thread finished: Thread Group - LH 1-59
2021-01-03 18:21:16,709 INFO o.a.j.t.JMeterThread: Thread finished: Thread Group - LH 1-28
2021-01-03 18:21:16,731 INFO o.a.j.t.JMeterThread: Thread finished: Thread Group - LH 1-60
2021-01-03 18:21:16,735 INFO o.a.j.t.JMeterThread: Thread finished: Thread Group - LH 1-61
2021-01-03 18:21:16,739 INFO o.a.j.t.JMeterThread: Thread finished: Thread Group - LH 1-27
2021-01-03 18:21:16,754 INFO o.a.j.t.JMeterThread: Thread finished: Thread Group - LH 1-62
2021-01-03 18:21:16,759 INFO o.a.j.t.JMeterThread: Thread finished: Thread Group - LH 1-29
2021-01-03 18:21:16,763 INFO o.a.j.t.JMeterThread: Thread finished: Thread Group - LH 1-63
2021-01-03 18:21:16,770 INFO o.a.j.t.JMeterThread: Thread finished: Thread Group - LH 1-64
2021-01-03 18:21:16,791 INFO o.a.j.t.JMeterThread: Thread finished: Thread Group - LH 1-65
2021-01-03 18:21:16,797 INFO o.a.j.t.JMeterThread: Thread finished: Thread Group - LH 1-66
2021-01-03 18:21:16,801 INFO o.a.j.t.JMeterThread: Thread finished: Thread Group - LH 1-22
2021-01-03 18:21:16,804 INFO o.a.j.t.JMeterThread: Thread finished: Thread Group - LH 1-67
2021-01-03 18:21:16,810 INFO o.a.j.t.JMeterThread: Thread finished: Thread Group - LH 1-5
2021-01-03 18:21:16,814 INFO o.a.j.t.JMeterThread: Thread finished: Thread Group - LH 1-68
2021-01-03 18:21:16,821 INFO o.a.j.t.JMeterThread: Thread finished: Thread Group - LH 1-69
2021-01-03 18:21:16,826 INFO o.a.j.t.JMeterThread: Thread finished: Thread Group - LH 1-30
2021-01-03 18:21:16,831 INFO o.a.j.t.JMeterThread: Thread finished: Thread Group - LH 1-70
2021-01-03 18:21:16,840 INFO o.a.j.t.JMeterThread: Thread finished: Thread Group - LH 1-71
2021-01-03 18:21:16,844 INFO o.a.j.t.JMeterThread: Thread finished: Thread Group - LH 1-31
2021-01-03 18:21:16,852 INFO o.a.j.t.JMeterThread: Thread finished: Thread Group - LH 1-72
2021-01-03 18:21:16,856 INFO o.a.j.t.JMeterThread: Thread finished: Thread Group - LH 1-25
2021-01-03 18:21:16,860 INFO o.a.j.t.JMeterThread: Thread finished: Thread Group - LH 1-73
2021-01-03 18:21:16,873 INFO o.a.j.t.JMeterThread: Thread finished: Thread Group - LH 1-74
2021-01-03 18:21:16,881 INFO o.a.j.t.JMeterThread: Thread finished: Thread Group - LH 1-75
2021-01-03 18:21:16,885 INFO o.a.j.t.JMeterThread: Thread finished: Thread Group - LH 1-32
2021-01-03 18:21:16,889 INFO o.a.j.t.JMeterThread: Thread finished: Thread Group - LH 1-33
2021-01-03 18:21:16,893 INFO o.a.j.t.JMeterThread: Thread finished: Thread Group - LH 1-76
2021-01-03 18:21:16,901 INFO o.a.j.t.JMeterThread: Thread finished: Thread Group - LH 1-77
2021-01-03 18:21:16,923 INFO o.a.j.t.JMeterThread: Thread finished: Thread Group - LH 1-78
2021-01-03 18:21:16,927 INFO o.a.j.t.JMeterThread: Thread finished: Thread Group - LH 1-79
2021-01-03 18:21:16,931 INFO o.a.j.t.JMeterThread: Thread finished: Thread Group - LH 1-80
2021-01-03 18:21:16,935 INFO o.a.j.t.JMeterThread: Thread finished: Thread Group - LH 1-34
2021-01-03 18:21:16,940 INFO o.a.j.t.JMeterThread: Thread finished: Thread Group - LH 1-81
2021-01-03 18:21:16,951 INFO o.a.j.t.JMeterThread: Thread finished: Thread Group - LH 1-82
2021-01-03 18:21:16,955 INFO o.a.j.t.JMeterThread: Thread finished: Thread Group - LH 1-83
2021-01-03 18:21:16,960 INFO o.a.j.t.JMeterThread: Stopping because end time detected by thread: Thread Group - LH 1-18
2021-01-03 18:21:16,960 INFO o.a.j.t.JMeterThread: Thread finished: Thread Group - LH 1-18
2021-01-03 18:21:16,973 INFO o.a.j.t.JMeterThread: Thread finished: Thread Group - LH 1-84
2021-01-03 18:21:16,977 INFO o.a.j.t.JMeterThread: Stopping because end time detected by thread: Thread Group - LH 1-85
2021-01-03 18:21:16,978 INFO o.a.j.t.JMeterThread: Thread finished: Thread Group - LH 1-85
2021-01-03 18:21:16,985 INFO o.a.j.t.JMeterThread: Stopping because end time detected by thread: Thread Group - LH 1-100
2021-01-03 18:21:16,985 INFO o.a.j.t.JMeterThread: Thread finished: Thread Group - LH 1-100
2021-01-03 18:21:16,989 INFO o.a.j.t.JMeterThread: Stopping because end time detected by thread: Thread Group - LH 1-88
2021-01-03 18:21:16,989 INFO o.a.j.t.JMeterThread: Thread finished: Thread Group - LH 1-88
2021-01-03 18:21:16,989 INFO o.a.j.t.JMeterThread: Stopping because end time detected by thread: Thread Group - LH 1-98
2021-01-03 18:21:16,989 INFO o.a.j.t.JMeterThread: Thread finished: Thread Group - LH 1-98
2021-01-03 18:21:16,989 INFO o.a.j.e.StandardJMeterEngine: Notifying test listeners of end of test
2021-01-03 18:21:16,990 INFO o.a.j.r.Summariser: summary +   2129 in 00:00:17 =  125.3/s Avg:    11 Min:     4 Max:    94 Err:     0 (0.00%) Active: 0 Started: 100 Finished: 100
2021-01-03 18:21:16,991 INFO o.a.j.r.Summariser: summary =   7523 in 00:01:00 =  125.2/s Avg:    18 Min:     0 Max:   693 Err:    28 (0.37%)
