2021-01-03 18:24:10,987 INFO o.a.j.u.JMeterUtils: Setting Locale to en_EN
2021-01-03 18:24:11,005 INFO o.a.j.JMeter: Loading user properties from: user.properties
2021-01-03 18:24:11,005 INFO o.a.j.JMeter: Loading system properties from: system.properties
2021-01-03 18:24:11,007 INFO o.a.j.JMeter: Copyright (c) 1998-2020 The Apache Software Foundation
2021-01-03 18:24:11,007 INFO o.a.j.JMeter: Version 5.3
2021-01-03 18:24:11,007 INFO o.a.j.JMeter: java.version=11.0.8
2021-01-03 18:24:11,007 INFO o.a.j.JMeter: java.vm.name=Java HotSpot(TM) 64-Bit Server VM
2021-01-03 18:24:11,007 INFO o.a.j.JMeter: os.name=Windows 10
2021-01-03 18:24:11,007 INFO o.a.j.JMeter: os.arch=amd64
2021-01-03 18:24:11,007 INFO o.a.j.JMeter: os.version=10.0
2021-01-03 18:24:11,008 INFO o.a.j.JMeter: file.encoding=Cp1252
2021-01-03 18:24:11,008 INFO o.a.j.JMeter: java.awt.headless=true
2021-01-03 18:24:11,008 INFO o.a.j.JMeter: Max memory     =1073741824
2021-01-03 18:24:11,008 INFO o.a.j.JMeter: Available Processors =8
2021-01-03 18:24:11,016 INFO o.a.j.JMeter: Default Locale=English (EN)
2021-01-03 18:24:11,016 INFO o.a.j.JMeter: JMeter  Locale=English (EN)
2021-01-03 18:24:11,016 INFO o.a.j.JMeter: JMeterHome=C:\Users\fabio\Documents\Fabio\Università\Magistrale\2°anno\1°semestre\Impianti di Elaborazione\apache-jmeter-5.3
2021-01-03 18:24:11,016 INFO o.a.j.JMeter: user.dir  =C:\Users\fabio\Documents\Fabio\Università\Magistrale\2°anno\1°semestre\Impianti di Elaborazione\apache-jmeter-5.3\bin
2021-01-03 18:24:11,017 INFO o.a.j.JMeter: PWD       =C:\Users\fabio\Documents\Fabio\Università\Magistrale\2°anno\1°semestre\Impianti di Elaborazione\apache-jmeter-5.3\bin
2021-01-03 18:24:11,022 INFO o.a.j.JMeter: IP: 192.168.56.1 Name: LAPTOP-DSVV6SSR FullName: 192.168.56.1
2021-01-03 18:24:11,027 INFO o.a.j.s.FileServer: Default base='C:\Users\fabio\Documents\Fabio\Università\Magistrale\2°anno\1°semestre\Impianti di Elaborazione\apache-jmeter-5.3\bin'
2021-01-03 18:24:11,028 INFO o.a.j.s.FileServer: Set new base='C:\Users\fabio\Documents\Fabio\Università\Magistrale\2°anno\1°semestre\Impianti di Elaborazione\apache-jmeter-5.3\bin'
2021-01-03 18:24:11,153 INFO o.a.j.s.SaveService: Testplan (JMX) version: 2.2. Testlog (JTL) version: 2.2
2021-01-03 18:24:11,171 INFO o.a.j.s.SaveService: Using SaveService properties version 5.0
2021-01-03 18:24:11,175 INFO o.a.j.s.SaveService: Using SaveService properties file encoding UTF-8
2021-01-03 18:24:11,178 INFO o.a.j.s.SaveService: Loading file: DesignofExperiment.jmx
2021-01-03 18:24:11,236 INFO o.a.j.p.h.s.HTTPSamplerBase: Parser for text/html is org.apache.jmeter.protocol.http.parser.LagartoBasedHtmlParser
2021-01-03 18:24:11,236 INFO o.a.j.p.h.s.HTTPSamplerBase: Parser for application/xhtml+xml is org.apache.jmeter.protocol.http.parser.LagartoBasedHtmlParser
2021-01-03 18:24:11,237 INFO o.a.j.p.h.s.HTTPSamplerBase: Parser for application/xml is org.apache.jmeter.protocol.http.parser.LagartoBasedHtmlParser
2021-01-03 18:24:11,237 INFO o.a.j.p.h.s.HTTPSamplerBase: Parser for text/xml is org.apache.jmeter.protocol.http.parser.LagartoBasedHtmlParser
2021-01-03 18:24:11,237 INFO o.a.j.p.h.s.HTTPSamplerBase: Parser for text/vnd.wap.wml is org.apache.jmeter.protocol.http.parser.RegexpHTMLParser
2021-01-03 18:24:11,237 INFO o.a.j.p.h.s.HTTPSamplerBase: Parser for text/css is org.apache.jmeter.protocol.http.parser.CssParser
2021-01-03 18:24:11,265 INFO o.a.j.JMeter: Creating summariser <summary>
2021-01-03 18:24:11,270 INFO o.a.j.e.StandardJMeterEngine: Running the test!
2021-01-03 18:24:11,271 INFO o.a.j.s.SampleEvent: List of sample_variables: []
2021-01-03 18:24:11,271 INFO o.a.j.s.SampleEvent: List of sample_variables: []
2021-01-03 18:24:11,280 INFO o.a.j.e.u.CompoundVariable: Note: Function class names must contain the string: '.functions.'
2021-01-03 18:24:11,280 INFO o.a.j.e.u.CompoundVariable: Note: Function class names must not contain the string: '.gui.'
2021-01-03 18:24:11,557 INFO o.a.j.JMeter: Running test (1609694651557)
2021-01-03 18:24:11,570 INFO o.a.j.e.StandardJMeterEngine: Starting ThreadGroup: 1 : Thread Group - LH
2021-01-03 18:24:11,570 INFO o.a.j.e.StandardJMeterEngine: Starting 100 threads for group Thread Group - LH.
2021-01-03 18:24:11,570 INFO o.a.j.e.StandardJMeterEngine: Thread will continue on error
2021-01-03 18:24:11,570 INFO o.a.j.t.ThreadGroup: Starting thread group... number=1 threads=100 ramp-up=1 delayedStart=false
2021-01-03 18:24:11,579 INFO o.a.j.t.JMeterThread: Thread started: Thread Group - LH 1-1
2021-01-03 18:24:11,586 INFO o.a.j.t.JMeterThread: Thread started: Thread Group - LH 1-2
2021-01-03 18:24:11,596 INFO o.a.j.t.JMeterThread: Thread started: Thread Group - LH 1-3
2021-01-03 18:24:11,603 INFO o.a.j.t.JMeterThread: Thread started: Thread Group - LH 1-4
2021-01-03 18:24:11,612 INFO o.a.j.t.JMeterThread: Thread started: Thread Group - LH 1-5
2021-01-03 18:24:11,613 INFO o.a.j.p.h.s.HTTPHCAbstractImpl: Local host = LAPTOP-DSVV6SSR
2021-01-03 18:24:11,615 INFO o.a.j.t.ThreadGroup: Started thread group number 1
2021-01-03 18:24:11,615 INFO o.a.j.e.StandardJMeterEngine: All thread groups have been started
2021-01-03 18:24:11,622 INFO o.a.j.p.h.s.HTTPHC4Impl: HTTP request retry count = 0
2021-01-03 18:24:11,624 INFO o.a.j.s.SampleResult: Note: Sample TimeStamps are START times
2021-01-03 18:24:11,624 INFO o.a.j.s.SampleResult: sampleresult.default.encoding is set to ISO-8859-1
2021-01-03 18:24:11,624 INFO o.a.j.s.SampleResult: sampleresult.useNanoTime=true
2021-01-03 18:24:11,624 INFO o.a.j.s.SampleResult: sampleresult.nanoThreadSleep=5000
2021-01-03 18:24:11,625 INFO o.a.j.t.JMeterThread: Thread started: Thread Group - LH 1-6
2021-01-03 18:24:11,634 INFO o.a.j.t.JMeterThread: Thread started: Thread Group - LH 1-7
2021-01-03 18:24:11,642 INFO o.a.j.t.JMeterThread: Thread started: Thread Group - LH 1-8
2021-01-03 18:24:11,652 INFO o.a.j.t.JMeterThread: Thread started: Thread Group - LH 1-9
2021-01-03 18:24:11,660 INFO o.a.j.t.JMeterThread: Thread started: Thread Group - LH 1-10
2021-01-03 18:24:11,672 INFO o.a.j.t.JMeterThread: Thread started: Thread Group - LH 1-11
2021-01-03 18:24:11,680 INFO o.a.j.t.JMeterThread: Thread started: Thread Group - LH 1-12
2021-01-03 18:24:11,691 INFO o.a.j.t.JMeterThread: Thread started: Thread Group - LH 1-13
2021-01-03 18:24:11,701 INFO o.a.j.t.JMeterThread: Thread started: Thread Group - LH 1-14
2021-01-03 18:24:11,712 INFO o.a.j.t.JMeterThread: Thread started: Thread Group - LH 1-15
2021-01-03 18:24:11,720 INFO o.a.j.t.JMeterThread: Thread started: Thread Group - LH 1-16
2021-01-03 18:24:11,730 INFO o.a.j.t.JMeterThread: Thread started: Thread Group - LH 1-17
2021-01-03 18:24:11,742 INFO o.a.j.t.JMeterThread: Thread started: Thread Group - LH 1-18
2021-01-03 18:24:11,751 INFO o.a.j.t.JMeterThread: Thread started: Thread Group - LH 1-19
2021-01-03 18:24:11,761 INFO o.a.j.t.JMeterThread: Thread started: Thread Group - LH 1-20
2021-01-03 18:24:11,777 INFO o.a.j.t.JMeterThread: Thread started: Thread Group - LH 1-21
2021-01-03 18:24:11,782 INFO o.a.j.t.JMeterThread: Thread started: Thread Group - LH 1-22
2021-01-03 18:24:11,790 INFO o.a.j.t.JMeterThread: Thread started: Thread Group - LH 1-23
2021-01-03 18:24:11,801 INFO o.a.j.t.JMeterThread: Thread started: Thread Group - LH 1-24
2021-01-03 18:24:11,811 INFO o.a.j.t.JMeterThread: Thread started: Thread Group - LH 1-25
2021-01-03 18:24:11,821 INFO o.a.j.t.JMeterThread: Thread started: Thread Group - LH 1-26
2021-01-03 18:24:11,830 INFO o.a.j.t.JMeterThread: Thread started: Thread Group - LH 1-27
2021-01-03 18:24:11,842 INFO o.a.j.t.JMeterThread: Thread started: Thread Group - LH 1-28
2021-01-03 18:24:11,853 INFO o.a.j.t.JMeterThread: Thread started: Thread Group - LH 1-29
2021-01-03 18:24:11,862 INFO o.a.j.t.JMeterThread: Thread started: Thread Group - LH 1-30
2021-01-03 18:24:11,870 INFO o.a.j.t.JMeterThread: Thread started: Thread Group - LH 1-31
2021-01-03 18:24:11,882 INFO o.a.j.t.JMeterThread: Thread started: Thread Group - LH 1-32
2021-01-03 18:24:11,891 INFO o.a.j.t.JMeterThread: Thread started: Thread Group - LH 1-33
2021-01-03 18:24:11,900 INFO o.a.j.t.JMeterThread: Thread started: Thread Group - LH 1-34
2021-01-03 18:24:11,911 INFO o.a.j.t.JMeterThread: Thread started: Thread Group - LH 1-35
2021-01-03 18:24:11,921 INFO o.a.j.t.JMeterThread: Thread started: Thread Group - LH 1-36
2021-01-03 18:24:11,930 INFO o.a.j.t.JMeterThread: Thread started: Thread Group - LH 1-37
2021-01-03 18:24:11,941 INFO o.a.j.t.JMeterThread: Thread started: Thread Group - LH 1-38
2021-01-03 18:24:11,951 INFO o.a.j.t.JMeterThread: Thread started: Thread Group - LH 1-39
2021-01-03 18:24:11,960 INFO o.a.j.t.JMeterThread: Thread started: Thread Group - LH 1-40
2021-01-03 18:24:11,970 INFO o.a.j.t.JMeterThread: Thread started: Thread Group - LH 1-41
2021-01-03 18:24:11,981 INFO o.a.j.t.JMeterThread: Thread started: Thread Group - LH 1-42
2021-01-03 18:24:11,990 INFO o.a.j.t.JMeterThread: Thread started: Thread Group - LH 1-43
2021-01-03 18:24:12,000 INFO o.a.j.t.JMeterThread: Thread started: Thread Group - LH 1-44
2021-01-03 18:24:12,011 INFO o.a.j.t.JMeterThread: Thread started: Thread Group - LH 1-45
2021-01-03 18:24:12,022 INFO o.a.j.t.JMeterThread: Thread started: Thread Group - LH 1-46
2021-01-03 18:24:12,032 INFO o.a.j.t.JMeterThread: Thread started: Thread Group - LH 1-47
2021-01-03 18:24:12,041 INFO o.a.j.t.JMeterThread: Thread started: Thread Group - LH 1-48
2021-01-03 18:24:12,052 INFO o.a.j.t.JMeterThread: Thread started: Thread Group - LH 1-49
2021-01-03 18:24:12,062 INFO o.a.j.t.JMeterThread: Thread started: Thread Group - LH 1-50
2021-01-03 18:24:12,071 INFO o.a.j.t.JMeterThread: Thread started: Thread Group - LH 1-51
2021-01-03 18:24:12,081 INFO o.a.j.t.JMeterThread: Thread started: Thread Group - LH 1-52
2021-01-03 18:24:12,092 INFO o.a.j.t.JMeterThread: Thread started: Thread Group - LH 1-53
2021-01-03 18:24:12,101 INFO o.a.j.t.JMeterThread: Thread started: Thread Group - LH 1-54
2021-01-03 18:24:12,111 INFO o.a.j.t.JMeterThread: Thread started: Thread Group - LH 1-55
2021-01-03 18:24:12,122 INFO o.a.j.t.JMeterThread: Thread started: Thread Group - LH 1-56
2021-01-03 18:24:12,132 INFO o.a.j.t.JMeterThread: Thread started: Thread Group - LH 1-57
2021-01-03 18:24:12,141 INFO o.a.j.t.JMeterThread: Thread started: Thread Group - LH 1-58
2021-01-03 18:24:12,152 INFO o.a.j.t.JMeterThread: Thread started: Thread Group - LH 1-59
2021-01-03 18:24:12,162 INFO o.a.j.t.JMeterThread: Thread started: Thread Group - LH 1-60
2021-01-03 18:24:12,170 INFO o.a.j.t.JMeterThread: Thread started: Thread Group - LH 1-61
2021-01-03 18:24:12,182 INFO o.a.j.t.JMeterThread: Thread started: Thread Group - LH 1-62
2021-01-03 18:24:12,192 INFO o.a.j.t.JMeterThread: Thread started: Thread Group - LH 1-63
2021-01-03 18:24:12,201 INFO o.a.j.t.JMeterThread: Thread started: Thread Group - LH 1-64
2021-01-03 18:24:12,210 INFO o.a.j.t.JMeterThread: Thread started: Thread Group - LH 1-65
2021-01-03 18:24:12,222 INFO o.a.j.t.JMeterThread: Thread started: Thread Group - LH 1-66
2021-01-03 18:24:12,232 INFO o.a.j.t.JMeterThread: Thread started: Thread Group - LH 1-67
2021-01-03 18:24:12,242 INFO o.a.j.t.JMeterThread: Thread started: Thread Group - LH 1-68
2021-01-03 18:24:12,250 INFO o.a.j.t.JMeterThread: Thread started: Thread Group - LH 1-69
2021-01-03 18:24:12,261 INFO o.a.j.t.JMeterThread: Thread started: Thread Group - LH 1-70
2021-01-03 18:24:12,272 INFO o.a.j.t.JMeterThread: Thread started: Thread Group - LH 1-71
2021-01-03 18:24:12,282 INFO o.a.j.t.JMeterThread: Thread started: Thread Group - LH 1-72
2021-01-03 18:24:12,290 INFO o.a.j.t.JMeterThread: Thread started: Thread Group - LH 1-73
2021-01-03 18:24:12,301 INFO o.a.j.t.JMeterThread: Thread started: Thread Group - LH 1-74
2021-01-03 18:24:12,311 INFO o.a.j.t.JMeterThread: Thread started: Thread Group - LH 1-75
2021-01-03 18:24:12,322 INFO o.a.j.t.JMeterThread: Thread started: Thread Group - LH 1-76
2021-01-03 18:24:12,331 INFO o.a.j.t.JMeterThread: Thread started: Thread Group - LH 1-77
2021-01-03 18:24:12,340 INFO o.a.j.t.JMeterThread: Thread started: Thread Group - LH 1-78
2021-01-03 18:24:12,351 INFO o.a.j.t.JMeterThread: Thread started: Thread Group - LH 1-79
2021-01-03 18:24:12,362 INFO o.a.j.t.JMeterThread: Thread started: Thread Group - LH 1-80
2021-01-03 18:24:12,370 INFO o.a.j.t.JMeterThread: Thread started: Thread Group - LH 1-81
2021-01-03 18:24:12,380 INFO o.a.j.t.JMeterThread: Thread started: Thread Group - LH 1-82
2021-01-03 18:24:12,391 INFO o.a.j.t.JMeterThread: Thread started: Thread Group - LH 1-83
2021-01-03 18:24:12,402 INFO o.a.j.t.JMeterThread: Thread started: Thread Group - LH 1-84
2021-01-03 18:24:12,411 INFO o.a.j.t.JMeterThread: Thread started: Thread Group - LH 1-85
2021-01-03 18:24:12,420 INFO o.a.j.t.JMeterThread: Thread started: Thread Group - LH 1-86
2021-01-03 18:24:12,432 INFO o.a.j.t.JMeterThread: Thread started: Thread Group - LH 1-87
2021-01-03 18:24:12,442 INFO o.a.j.t.JMeterThread: Thread started: Thread Group - LH 1-88
2021-01-03 18:24:12,451 INFO o.a.j.t.JMeterThread: Thread started: Thread Group - LH 1-89
2021-01-03 18:24:12,460 INFO o.a.j.t.JMeterThread: Thread started: Thread Group - LH 1-90
2021-01-03 18:24:12,472 INFO o.a.j.t.JMeterThread: Thread started: Thread Group - LH 1-91
2021-01-03 18:24:12,482 INFO o.a.j.t.JMeterThread: Thread started: Thread Group - LH 1-92
2021-01-03 18:24:12,491 INFO o.a.j.t.JMeterThread: Thread started: Thread Group - LH 1-93
2021-01-03 18:24:12,500 INFO o.a.j.t.JMeterThread: Thread started: Thread Group - LH 1-94
2021-01-03 18:24:12,512 INFO o.a.j.t.JMeterThread: Thread started: Thread Group - LH 1-95
2021-01-03 18:24:12,522 INFO o.a.j.t.JMeterThread: Thread started: Thread Group - LH 1-96
2021-01-03 18:24:12,531 INFO o.a.j.t.JMeterThread: Thread started: Thread Group - LH 1-97
2021-01-03 18:24:12,540 INFO o.a.j.t.JMeterThread: Thread started: Thread Group - LH 1-98
2021-01-03 18:24:12,552 INFO o.a.j.t.JMeterThread: Thread started: Thread Group - LH 1-99
2021-01-03 18:24:12,561 INFO o.a.j.t.JMeterThread: Thread started: Thread Group - LH 1-100
2021-01-03 18:24:30,009 INFO o.a.j.r.Summariser: summary +   2317 in 00:00:18 =  125.6/s Avg:    38 Min:     0 Max:   878 Err:    90 (3.88%) Active: 100 Started: 100 Finished: 0
2021-01-03 18:25:00,003 INFO o.a.j.r.Summariser: summary +   3739 in 00:00:30 =  124.7/s Avg:    14 Min:     4 Max:   195 Err:     0 (0.00%) Active: 100 Started: 100 Finished: 0
2021-01-03 18:25:00,004 INFO o.a.j.r.Summariser: summary =   6056 in 00:00:48 =  125.0/s Avg:    23 Min:     0 Max:   878 Err:    90 (1.49%)
2021-01-03 18:25:10,811 INFO o.a.j.t.JMeterThread: Thread finished: Thread Group - LH 1-34
2021-01-03 18:25:10,820 INFO o.a.j.t.JMeterThread: Thread finished: Thread Group - LH 1-11
2021-01-03 18:25:10,838 INFO o.a.j.t.JMeterThread: Thread finished: Thread Group - LH 1-87
2021-01-03 18:25:10,845 INFO o.a.j.t.JMeterThread: Thread finished: Thread Group - LH 1-35
2021-01-03 18:25:10,849 INFO o.a.j.t.JMeterThread: Thread finished: Thread Group - LH 1-12
2021-01-03 18:25:10,868 INFO o.a.j.t.JMeterThread: Thread finished: Thread Group - LH 1-90
2021-01-03 18:25:10,872 INFO o.a.j.t.JMeterThread: Thread finished: Thread Group - LH 1-36
2021-01-03 18:25:10,877 INFO o.a.j.t.JMeterThread: Thread finished: Thread Group - LH 1-91
2021-01-03 18:25:10,887 INFO o.a.j.t.JMeterThread: Thread finished: Thread Group - LH 1-92
2021-01-03 18:25:10,896 INFO o.a.j.t.JMeterThread: Thread finished: Thread Group - LH 1-93
2021-01-03 18:25:10,905 INFO o.a.j.t.JMeterThread: Thread finished: Thread Group - LH 1-94
2021-01-03 18:25:10,913 INFO o.a.j.t.JMeterThread: Thread finished: Thread Group - LH 1-37
2021-01-03 18:25:10,918 INFO o.a.j.t.JMeterThread: Thread finished: Thread Group - LH 1-95
2021-01-03 18:25:10,920 INFO o.a.j.t.JMeterThread: Thread finished: Thread Group - LH 1-8
2021-01-03 18:25:10,936 INFO o.a.j.t.JMeterThread: Thread finished: Thread Group - LH 1-97
2021-01-03 18:25:10,945 INFO o.a.j.t.JMeterThread: Thread finished: Thread Group - LH 1-98
2021-01-03 18:25:10,956 INFO o.a.j.t.JMeterThread: Thread finished: Thread Group - LH 1-99
2021-01-03 18:25:10,966 INFO o.a.j.t.JMeterThread: Thread finished: Thread Group - LH 1-100
2021-01-03 18:25:10,971 INFO o.a.j.t.JMeterThread: Thread finished: Thread Group - LH 1-38
2021-01-03 18:25:10,980 INFO o.a.j.t.JMeterThread: Thread finished: Thread Group - LH 1-39
2021-01-03 18:25:10,990 INFO o.a.j.t.JMeterThread: Thread finished: Thread Group - LH 1-40
2021-01-03 18:25:11,023 INFO o.a.j.t.JMeterThread: Thread finished: Thread Group - LH 1-41
2021-01-03 18:25:11,053 INFO o.a.j.t.JMeterThread: Thread finished: Thread Group - LH 1-1
2021-01-03 18:25:11,070 INFO o.a.j.t.JMeterThread: Thread finished: Thread Group - LH 1-42
2021-01-03 18:25:11,078 INFO o.a.j.t.JMeterThread: Thread finished: Thread Group - LH 1-43
2021-01-03 18:25:11,084 INFO o.a.j.t.JMeterThread: Thread finished: Thread Group - LH 1-2
2021-01-03 18:25:11,089 INFO o.a.j.t.JMeterThread: Thread finished: Thread Group - LH 1-44
2021-01-03 18:25:11,102 INFO o.a.j.t.JMeterThread: Thread finished: Thread Group - LH 1-45
2021-01-03 18:25:11,127 INFO o.a.j.t.JMeterThread: Thread finished: Thread Group - LH 1-28
2021-01-03 18:25:11,132 INFO o.a.j.t.JMeterThread: Thread finished: Thread Group - LH 1-46
2021-01-03 18:25:11,145 INFO o.a.j.t.JMeterThread: Thread finished: Thread Group - LH 1-3
2021-01-03 18:25:11,177 INFO o.a.j.t.JMeterThread: Thread finished: Thread Group - LH 1-47
2021-01-03 18:25:11,196 INFO o.a.j.t.JMeterThread: Thread finished: Thread Group - LH 1-48
2021-01-03 18:25:11,197 INFO o.a.j.t.JMeterThread: Thread finished: Thread Group - LH 1-10
2021-01-03 18:25:11,198 INFO o.a.j.t.JMeterThread: Thread finished: Thread Group - LH 1-16
2021-01-03 18:25:11,204 INFO o.a.j.t.JMeterThread: Thread finished: Thread Group - LH 1-50
2021-01-03 18:25:11,212 INFO o.a.j.t.JMeterThread: Thread finished: Thread Group - LH 1-23
2021-01-03 18:25:11,255 INFO o.a.j.t.JMeterThread: Thread finished: Thread Group - LH 1-19
2021-01-03 18:25:11,282 INFO o.a.j.t.JMeterThread: Thread finished: Thread Group - LH 1-52
2021-01-03 18:25:11,288 INFO o.a.j.t.JMeterThread: Thread finished: Thread Group - LH 1-49
2021-01-03 18:25:11,290 INFO o.a.j.t.JMeterThread: Thread finished: Thread Group - LH 1-14
2021-01-03 18:25:11,305 INFO o.a.j.t.JMeterThread: Thread finished: Thread Group - LH 1-51
2021-01-03 18:25:11,310 INFO o.a.j.t.JMeterThread: Thread finished: Thread Group - LH 1-13
2021-01-03 18:25:11,325 INFO o.a.j.t.JMeterThread: Thread finished: Thread Group - LH 1-5
2021-01-03 18:25:11,330 INFO o.a.j.t.JMeterThread: Thread finished: Thread Group - LH 1-53
2021-01-03 18:25:11,332 INFO o.a.j.t.JMeterThread: Thread finished: Thread Group - LH 1-15
2021-01-03 18:25:11,335 INFO o.a.j.t.JMeterThread: Thread finished: Thread Group - LH 1-6
2021-01-03 18:25:11,340 INFO o.a.j.t.JMeterThread: Thread finished: Thread Group - LH 1-9
2021-01-03 18:25:11,343 INFO o.a.j.t.JMeterThread: Thread finished: Thread Group - LH 1-17
2021-01-03 18:25:11,348 INFO o.a.j.t.JMeterThread: Thread finished: Thread Group - LH 1-22
2021-01-03 18:25:11,348 INFO o.a.j.t.JMeterThread: Thread finished: Thread Group - LH 1-56
2021-01-03 18:25:11,349 INFO o.a.j.t.JMeterThread: Thread finished: Thread Group - LH 1-55
2021-01-03 18:25:11,349 INFO o.a.j.t.JMeterThread: Thread finished: Thread Group - LH 1-54
2021-01-03 18:25:11,357 INFO o.a.j.t.JMeterThread: Thread finished: Thread Group - LH 1-58
2021-01-03 18:25:11,357 INFO o.a.j.t.JMeterThread: Thread finished: Thread Group - LH 1-4
2021-01-03 18:25:11,362 INFO o.a.j.t.JMeterThread: Thread finished: Thread Group - LH 1-25
2021-01-03 18:25:11,371 INFO o.a.j.t.JMeterThread: Thread finished: Thread Group - LH 1-59
2021-01-03 18:25:11,372 INFO o.a.j.t.JMeterThread: Thread finished: Thread Group - LH 1-18
2021-01-03 18:25:11,372 INFO o.a.j.t.JMeterThread: Thread finished: Thread Group - LH 1-24
2021-01-03 18:25:11,377 INFO o.a.j.t.JMeterThread: Thread finished: Thread Group - LH 1-26
2021-01-03 18:25:11,383 INFO o.a.j.t.JMeterThread: Thread finished: Thread Group - LH 1-61
2021-01-03 18:25:11,386 INFO o.a.j.t.JMeterThread: Thread finished: Thread Group - LH 1-60
2021-01-03 18:25:11,390 INFO o.a.j.t.JMeterThread: Thread finished: Thread Group - LH 1-20
2021-01-03 18:25:11,395 INFO o.a.j.t.JMeterThread: Thread finished: Thread Group - LH 1-21
2021-01-03 18:25:11,415 INFO o.a.j.t.JMeterThread: Thread finished: Thread Group - LH 1-62
2021-01-03 18:25:11,416 INFO o.a.j.t.JMeterThread: Thread finished: Thread Group - LH 1-57
2021-01-03 18:25:11,417 INFO o.a.j.t.JMeterThread: Thread finished: Thread Group - LH 1-7
2021-01-03 18:25:11,420 INFO o.a.j.t.JMeterThread: Thread finished: Thread Group - LH 1-27
2021-01-03 18:25:11,425 INFO o.a.j.t.JMeterThread: Thread finished: Thread Group - LH 1-29
2021-01-03 18:25:11,429 INFO o.a.j.t.JMeterThread: Thread finished: Thread Group - LH 1-64
2021-01-03 18:25:11,432 INFO o.a.j.t.JMeterThread: Thread finished: Thread Group - LH 1-65
2021-01-03 18:25:11,435 INFO o.a.j.t.JMeterThread: Thread finished: Thread Group - LH 1-30
2021-01-03 18:25:11,439 INFO o.a.j.t.JMeterThread: Thread finished: Thread Group - LH 1-66
2021-01-03 18:25:11,444 INFO o.a.j.t.JMeterThread: Thread finished: Thread Group - LH 1-67
2021-01-03 18:25:11,448 INFO o.a.j.t.JMeterThread: Thread finished: Thread Group - LH 1-68
2021-01-03 18:25:11,456 INFO o.a.j.t.JMeterThread: Thread finished: Thread Group - LH 1-69
2021-01-03 18:25:11,465 INFO o.a.j.t.JMeterThread: Thread finished: Thread Group - LH 1-70
2021-01-03 18:25:11,476 INFO o.a.j.t.JMeterThread: Thread finished: Thread Group - LH 1-71
2021-01-03 18:25:11,487 INFO o.a.j.t.JMeterThread: Thread finished: Thread Group - LH 1-72
2021-01-03 18:25:11,509 INFO o.a.j.t.JMeterThread: Thread finished: Thread Group - LH 1-73
2021-01-03 18:25:11,523 INFO o.a.j.t.JMeterThread: Thread finished: Thread Group - LH 1-31
2021-01-03 18:25:11,535 INFO o.a.j.t.JMeterThread: Thread finished: Thread Group - LH 1-74
2021-01-03 18:25:11,539 INFO o.a.j.t.JMeterThread: Thread finished: Thread Group - LH 1-75
2021-01-03 18:25:11,545 INFO o.a.j.t.JMeterThread: Thread finished: Thread Group - LH 1-77
2021-01-03 18:25:11,551 INFO o.a.j.t.JMeterThread: Thread finished: Thread Group - LH 1-76
2021-01-03 18:25:11,555 INFO o.a.j.t.JMeterThread: Thread finished: Thread Group - LH 1-78
2021-01-03 18:25:11,558 INFO o.a.j.t.JMeterThread: Thread finished: Thread Group - LH 1-32
2021-01-03 18:25:11,562 INFO o.a.j.t.JMeterThread: Thread finished: Thread Group - LH 1-79
2021-01-03 18:25:11,567 INFO o.a.j.t.JMeterThread: Thread finished: Thread Group - LH 1-80
2021-01-03 18:25:11,571 INFO o.a.j.t.JMeterThread: Thread finished: Thread Group - LH 1-33
2021-01-03 18:25:11,576 INFO o.a.j.t.JMeterThread: Thread finished: Thread Group - LH 1-81
2021-01-03 18:25:11,585 INFO o.a.j.t.JMeterThread: Thread finished: Thread Group - LH 1-82
2021-01-03 18:25:11,603 INFO o.a.j.t.JMeterThread: Stopping because end time detected by thread: Thread Group - LH 1-63
2021-01-03 18:25:11,603 INFO o.a.j.t.JMeterThread: Thread finished: Thread Group - LH 1-63
2021-01-03 18:25:11,607 INFO o.a.j.t.JMeterThread: Thread finished: Thread Group - LH 1-83
2021-01-03 18:25:11,611 INFO o.a.j.t.JMeterThread: Stopping because end time detected by thread: Thread Group - LH 1-86
2021-01-03 18:25:11,611 INFO o.a.j.t.JMeterThread: Thread finished: Thread Group - LH 1-86
2021-01-03 18:25:11,617 INFO o.a.j.t.JMeterThread: Stopping because end time detected by thread: Thread Group - LH 1-89
2021-01-03 18:25:11,617 INFO o.a.j.t.JMeterThread: Thread finished: Thread Group - LH 1-89
2021-01-03 18:25:11,623 INFO o.a.j.t.JMeterThread: Stopping because end time detected by thread: Thread Group - LH 1-96
2021-01-03 18:25:11,623 INFO o.a.j.t.JMeterThread: Thread finished: Thread Group - LH 1-96
2021-01-03 18:25:11,627 INFO o.a.j.t.JMeterThread: Stopping because end time detected by thread: Thread Group - LH 1-85
2021-01-03 18:25:11,627 INFO o.a.j.t.JMeterThread: Thread finished: Thread Group - LH 1-85
2021-01-03 18:25:11,631 INFO o.a.j.t.JMeterThread: Stopping because end time detected by thread: Thread Group - LH 1-84
2021-01-03 18:25:11,631 INFO o.a.j.t.JMeterThread: Thread finished: Thread Group - LH 1-84
2021-01-03 18:25:11,631 INFO o.a.j.t.JMeterThread: Stopping because end time detected by thread: Thread Group - LH 1-88
2021-01-03 18:25:11,632 INFO o.a.j.t.JMeterThread: Thread finished: Thread Group - LH 1-88
2021-01-03 18:25:11,632 INFO o.a.j.e.StandardJMeterEngine: Notifying test listeners of end of test
2021-01-03 18:25:11,632 INFO o.a.j.r.Summariser: summary +   1467 in 00:00:12 =  126.1/s Avg:    18 Min:     4 Max:   148 Err:     0 (0.00%) Active: 0 Started: 100 Finished: 100
2021-01-03 18:25:11,633 INFO o.a.j.r.Summariser: summary =   7523 in 00:01:00 =  125.2/s Avg:    22 Min:     0 Max:   878 Err:    90 (1.20%)
