2021-01-03 18:26:57,847 INFO o.a.j.u.JMeterUtils: Setting Locale to en_EN
2021-01-03 18:26:57,867 INFO o.a.j.JMeter: Loading user properties from: user.properties
2021-01-03 18:26:57,867 INFO o.a.j.JMeter: Loading system properties from: system.properties
2021-01-03 18:26:57,869 INFO o.a.j.JMeter: Copyright (c) 1998-2020 The Apache Software Foundation
2021-01-03 18:26:57,869 INFO o.a.j.JMeter: Version 5.3
2021-01-03 18:26:57,869 INFO o.a.j.JMeter: java.version=11.0.8
2021-01-03 18:26:57,869 INFO o.a.j.JMeter: java.vm.name=Java HotSpot(TM) 64-Bit Server VM
2021-01-03 18:26:57,869 INFO o.a.j.JMeter: os.name=Windows 10
2021-01-03 18:26:57,869 INFO o.a.j.JMeter: os.arch=amd64
2021-01-03 18:26:57,870 INFO o.a.j.JMeter: os.version=10.0
2021-01-03 18:26:57,870 INFO o.a.j.JMeter: file.encoding=Cp1252
2021-01-03 18:26:57,870 INFO o.a.j.JMeter: java.awt.headless=true
2021-01-03 18:26:57,870 INFO o.a.j.JMeter: Max memory     =1073741824
2021-01-03 18:26:57,870 INFO o.a.j.JMeter: Available Processors =8
2021-01-03 18:26:57,877 INFO o.a.j.JMeter: Default Locale=English (EN)
2021-01-03 18:26:57,877 INFO o.a.j.JMeter: JMeter  Locale=English (EN)
2021-01-03 18:26:57,878 INFO o.a.j.JMeter: JMeterHome=C:\Users\fabio\Documents\Fabio\Università\Magistrale\2°anno\1°semestre\Impianti di Elaborazione\apache-jmeter-5.3
2021-01-03 18:26:57,878 INFO o.a.j.JMeter: user.dir  =C:\Users\fabio\Documents\Fabio\Università\Magistrale\2°anno\1°semestre\Impianti di Elaborazione\apache-jmeter-5.3\bin
2021-01-03 18:26:57,879 INFO o.a.j.JMeter: PWD       =C:\Users\fabio\Documents\Fabio\Università\Magistrale\2°anno\1°semestre\Impianti di Elaborazione\apache-jmeter-5.3\bin
2021-01-03 18:26:57,885 INFO o.a.j.JMeter: IP: 192.168.56.1 Name: LAPTOP-DSVV6SSR FullName: 192.168.56.1
2021-01-03 18:26:57,891 INFO o.a.j.s.FileServer: Default base='C:\Users\fabio\Documents\Fabio\Università\Magistrale\2°anno\1°semestre\Impianti di Elaborazione\apache-jmeter-5.3\bin'
2021-01-03 18:26:57,893 INFO o.a.j.s.FileServer: Set new base='C:\Users\fabio\Documents\Fabio\Università\Magistrale\2°anno\1°semestre\Impianti di Elaborazione\apache-jmeter-5.3\bin'
2021-01-03 18:26:58,015 INFO o.a.j.s.SaveService: Testplan (JMX) version: 2.2. Testlog (JTL) version: 2.2
2021-01-03 18:26:58,033 INFO o.a.j.s.SaveService: Using SaveService properties version 5.0
2021-01-03 18:26:58,037 INFO o.a.j.s.SaveService: Using SaveService properties file encoding UTF-8
2021-01-03 18:26:58,039 INFO o.a.j.s.SaveService: Loading file: DesignofExperiment.jmx
2021-01-03 18:26:58,096 INFO o.a.j.p.h.s.HTTPSamplerBase: Parser for text/html is org.apache.jmeter.protocol.http.parser.LagartoBasedHtmlParser
2021-01-03 18:26:58,096 INFO o.a.j.p.h.s.HTTPSamplerBase: Parser for application/xhtml+xml is org.apache.jmeter.protocol.http.parser.LagartoBasedHtmlParser
2021-01-03 18:26:58,096 INFO o.a.j.p.h.s.HTTPSamplerBase: Parser for application/xml is org.apache.jmeter.protocol.http.parser.LagartoBasedHtmlParser
2021-01-03 18:26:58,096 INFO o.a.j.p.h.s.HTTPSamplerBase: Parser for text/xml is org.apache.jmeter.protocol.http.parser.LagartoBasedHtmlParser
2021-01-03 18:26:58,096 INFO o.a.j.p.h.s.HTTPSamplerBase: Parser for text/vnd.wap.wml is org.apache.jmeter.protocol.http.parser.RegexpHTMLParser
2021-01-03 18:26:58,096 INFO o.a.j.p.h.s.HTTPSamplerBase: Parser for text/css is org.apache.jmeter.protocol.http.parser.CssParser
2021-01-03 18:26:58,120 INFO o.a.j.JMeter: Creating summariser <summary>
2021-01-03 18:26:58,125 INFO o.a.j.e.StandardJMeterEngine: Running the test!
2021-01-03 18:26:58,125 INFO o.a.j.s.SampleEvent: List of sample_variables: []
2021-01-03 18:26:58,125 INFO o.a.j.s.SampleEvent: List of sample_variables: []
2021-01-03 18:26:58,134 INFO o.a.j.e.u.CompoundVariable: Note: Function class names must contain the string: '.functions.'
2021-01-03 18:26:58,134 INFO o.a.j.e.u.CompoundVariable: Note: Function class names must not contain the string: '.gui.'
2021-01-03 18:26:58,405 INFO o.a.j.JMeter: Running test (1609694818405)
2021-01-03 18:26:58,418 INFO o.a.j.e.StandardJMeterEngine: Starting ThreadGroup: 1 : Thread Group - LH
2021-01-03 18:26:58,419 INFO o.a.j.e.StandardJMeterEngine: Starting 100 threads for group Thread Group - LH.
2021-01-03 18:26:58,419 INFO o.a.j.e.StandardJMeterEngine: Thread will continue on error
2021-01-03 18:26:58,419 INFO o.a.j.t.ThreadGroup: Starting thread group... number=1 threads=100 ramp-up=1 delayedStart=false
2021-01-03 18:26:58,426 INFO o.a.j.t.JMeterThread: Thread started: Thread Group - LH 1-1
2021-01-03 18:26:58,434 INFO o.a.j.t.JMeterThread: Thread started: Thread Group - LH 1-2
2021-01-03 18:26:58,444 INFO o.a.j.t.JMeterThread: Thread started: Thread Group - LH 1-3
2021-01-03 18:26:58,451 INFO o.a.j.t.JMeterThread: Thread started: Thread Group - LH 1-4
2021-01-03 18:26:58,455 INFO o.a.j.p.h.s.HTTPHCAbstractImpl: Local host = LAPTOP-DSVV6SSR
2021-01-03 18:26:58,460 INFO o.a.j.t.JMeterThread: Thread started: Thread Group - LH 1-5
2021-01-03 18:26:58,460 INFO o.a.j.t.ThreadGroup: Started thread group number 1
2021-01-03 18:26:58,460 INFO o.a.j.e.StandardJMeterEngine: All thread groups have been started
2021-01-03 18:26:58,463 INFO o.a.j.p.h.s.HTTPHC4Impl: HTTP request retry count = 0
2021-01-03 18:26:58,464 INFO o.a.j.s.SampleResult: Note: Sample TimeStamps are START times
2021-01-03 18:26:58,465 INFO o.a.j.s.SampleResult: sampleresult.default.encoding is set to ISO-8859-1
2021-01-03 18:26:58,465 INFO o.a.j.s.SampleResult: sampleresult.useNanoTime=true
2021-01-03 18:26:58,465 INFO o.a.j.s.SampleResult: sampleresult.nanoThreadSleep=5000
2021-01-03 18:26:58,474 INFO o.a.j.t.JMeterThread: Thread started: Thread Group - LH 1-6
2021-01-03 18:26:58,483 INFO o.a.j.t.JMeterThread: Thread started: Thread Group - LH 1-7
2021-01-03 18:26:58,491 INFO o.a.j.t.JMeterThread: Thread started: Thread Group - LH 1-8
2021-01-03 18:26:58,500 INFO o.a.j.t.JMeterThread: Thread started: Thread Group - LH 1-9
2021-01-03 18:26:58,510 INFO o.a.j.t.JMeterThread: Thread started: Thread Group - LH 1-10
2021-01-03 18:26:58,521 INFO o.a.j.t.JMeterThread: Thread started: Thread Group - LH 1-11
2021-01-03 18:26:58,530 INFO o.a.j.t.JMeterThread: Thread started: Thread Group - LH 1-12
2021-01-03 18:26:58,540 INFO o.a.j.t.JMeterThread: Thread started: Thread Group - LH 1-13
2021-01-03 18:26:58,550 INFO o.a.j.t.JMeterThread: Thread started: Thread Group - LH 1-14
2021-01-03 18:26:58,561 INFO o.a.j.t.JMeterThread: Thread started: Thread Group - LH 1-15
2021-01-03 18:26:58,570 INFO o.a.j.t.JMeterThread: Thread started: Thread Group - LH 1-16
2021-01-03 18:26:58,579 INFO o.a.j.t.JMeterThread: Thread started: Thread Group - LH 1-17
2021-01-03 18:26:58,590 INFO o.a.j.t.JMeterThread: Thread started: Thread Group - LH 1-18
2021-01-03 18:26:58,601 INFO o.a.j.t.JMeterThread: Thread started: Thread Group - LH 1-19
2021-01-03 18:26:58,609 INFO o.a.j.t.JMeterThread: Thread started: Thread Group - LH 1-20
2021-01-03 18:26:58,620 INFO o.a.j.t.JMeterThread: Thread started: Thread Group - LH 1-21
2021-01-03 18:26:58,630 INFO o.a.j.t.JMeterThread: Thread started: Thread Group - LH 1-22
2021-01-03 18:26:58,640 INFO o.a.j.t.JMeterThread: Thread started: Thread Group - LH 1-23
2021-01-03 18:26:58,655 INFO o.a.j.t.JMeterThread: Thread started: Thread Group - LH 1-24
2021-01-03 18:26:58,660 INFO o.a.j.t.JMeterThread: Thread started: Thread Group - LH 1-25
2021-01-03 18:26:58,670 INFO o.a.j.t.JMeterThread: Thread started: Thread Group - LH 1-26
2021-01-03 18:26:58,680 INFO o.a.j.t.JMeterThread: Thread started: Thread Group - LH 1-27
2021-01-03 18:26:58,690 INFO o.a.j.t.JMeterThread: Thread started: Thread Group - LH 1-28
2021-01-03 18:26:58,700 INFO o.a.j.t.JMeterThread: Thread started: Thread Group - LH 1-29
2021-01-03 18:26:58,709 INFO o.a.j.t.JMeterThread: Thread started: Thread Group - LH 1-30
2021-01-03 18:26:58,719 INFO o.a.j.t.JMeterThread: Thread started: Thread Group - LH 1-31
2021-01-03 18:26:58,730 INFO o.a.j.t.JMeterThread: Thread started: Thread Group - LH 1-32
2021-01-03 18:26:58,739 INFO o.a.j.t.JMeterThread: Thread started: Thread Group - LH 1-33
2021-01-03 18:26:58,750 INFO o.a.j.t.JMeterThread: Thread started: Thread Group - LH 1-34
2021-01-03 18:26:58,760 INFO o.a.j.t.JMeterThread: Thread started: Thread Group - LH 1-35
2021-01-03 18:26:58,770 INFO o.a.j.t.JMeterThread: Thread started: Thread Group - LH 1-36
2021-01-03 18:26:58,782 INFO o.a.j.t.JMeterThread: Thread started: Thread Group - LH 1-37
2021-01-03 18:26:58,790 INFO o.a.j.t.JMeterThread: Thread started: Thread Group - LH 1-38
2021-01-03 18:26:58,799 INFO o.a.j.t.JMeterThread: Thread started: Thread Group - LH 1-39
2021-01-03 18:26:58,809 INFO o.a.j.t.JMeterThread: Thread started: Thread Group - LH 1-40
2021-01-03 18:26:58,820 INFO o.a.j.t.JMeterThread: Thread started: Thread Group - LH 1-41
2021-01-03 18:26:58,829 INFO o.a.j.t.JMeterThread: Thread started: Thread Group - LH 1-42
2021-01-03 18:26:58,840 INFO o.a.j.t.JMeterThread: Thread started: Thread Group - LH 1-43
2021-01-03 18:26:58,850 INFO o.a.j.t.JMeterThread: Thread started: Thread Group - LH 1-44
2021-01-03 18:26:58,859 INFO o.a.j.t.JMeterThread: Thread started: Thread Group - LH 1-45
2021-01-03 18:26:58,869 INFO o.a.j.t.JMeterThread: Thread started: Thread Group - LH 1-46
2021-01-03 18:26:58,880 INFO o.a.j.t.JMeterThread: Thread started: Thread Group - LH 1-47
2021-01-03 18:26:58,890 INFO o.a.j.t.JMeterThread: Thread started: Thread Group - LH 1-48
2021-01-03 18:26:58,900 INFO o.a.j.t.JMeterThread: Thread started: Thread Group - LH 1-49
2021-01-03 18:26:58,910 INFO o.a.j.t.JMeterThread: Thread started: Thread Group - LH 1-50
2021-01-03 18:26:58,920 INFO o.a.j.t.JMeterThread: Thread started: Thread Group - LH 1-51
2021-01-03 18:26:58,931 INFO o.a.j.t.JMeterThread: Thread started: Thread Group - LH 1-52
2021-01-03 18:26:58,941 INFO o.a.j.t.JMeterThread: Thread started: Thread Group - LH 1-53
2021-01-03 18:26:58,950 INFO o.a.j.t.JMeterThread: Thread started: Thread Group - LH 1-54
2021-01-03 18:26:58,960 INFO o.a.j.t.JMeterThread: Thread started: Thread Group - LH 1-55
2021-01-03 18:26:58,971 INFO o.a.j.t.JMeterThread: Thread started: Thread Group - LH 1-56
2021-01-03 18:26:58,980 INFO o.a.j.t.JMeterThread: Thread started: Thread Group - LH 1-57
2021-01-03 18:26:58,991 INFO o.a.j.t.JMeterThread: Thread started: Thread Group - LH 1-58
2021-01-03 18:26:59,001 INFO o.a.j.t.JMeterThread: Thread started: Thread Group - LH 1-59
2021-01-03 18:26:59,010 INFO o.a.j.t.JMeterThread: Thread started: Thread Group - LH 1-60
2021-01-03 18:26:59,020 INFO o.a.j.t.JMeterThread: Thread started: Thread Group - LH 1-61
2021-01-03 18:26:59,031 INFO o.a.j.t.JMeterThread: Thread started: Thread Group - LH 1-62
2021-01-03 18:26:59,041 INFO o.a.j.t.JMeterThread: Thread started: Thread Group - LH 1-63
2021-01-03 18:26:59,050 INFO o.a.j.t.JMeterThread: Thread started: Thread Group - LH 1-64
2021-01-03 18:26:59,060 INFO o.a.j.t.JMeterThread: Thread started: Thread Group - LH 1-65
2021-01-03 18:26:59,071 INFO o.a.j.t.JMeterThread: Thread started: Thread Group - LH 1-66
2021-01-03 18:26:59,081 INFO o.a.j.t.JMeterThread: Thread started: Thread Group - LH 1-67
2021-01-03 18:26:59,091 INFO o.a.j.t.JMeterThread: Thread started: Thread Group - LH 1-68
2021-01-03 18:26:59,100 INFO o.a.j.t.JMeterThread: Thread started: Thread Group - LH 1-69
2021-01-03 18:26:59,110 INFO o.a.j.t.JMeterThread: Thread started: Thread Group - LH 1-70
2021-01-03 18:26:59,121 INFO o.a.j.t.JMeterThread: Thread started: Thread Group - LH 1-71
2021-01-03 18:26:59,131 INFO o.a.j.t.JMeterThread: Thread started: Thread Group - LH 1-72
2021-01-03 18:26:59,140 INFO o.a.j.t.JMeterThread: Thread started: Thread Group - LH 1-73
2021-01-03 18:26:59,150 INFO o.a.j.t.JMeterThread: Thread started: Thread Group - LH 1-74
2021-01-03 18:26:59,161 INFO o.a.j.t.JMeterThread: Thread started: Thread Group - LH 1-75
2021-01-03 18:26:59,171 INFO o.a.j.t.JMeterThread: Thread started: Thread Group - LH 1-76
2021-01-03 18:26:59,179 INFO o.a.j.t.JMeterThread: Thread started: Thread Group - LH 1-77
2021-01-03 18:26:59,190 INFO o.a.j.t.JMeterThread: Thread started: Thread Group - LH 1-78
2021-01-03 18:26:59,201 INFO o.a.j.t.JMeterThread: Thread started: Thread Group - LH 1-79
2021-01-03 18:26:59,211 INFO o.a.j.t.JMeterThread: Thread started: Thread Group - LH 1-80
2021-01-03 18:26:59,219 INFO o.a.j.t.JMeterThread: Thread started: Thread Group - LH 1-81
2021-01-03 18:26:59,230 INFO o.a.j.t.JMeterThread: Thread started: Thread Group - LH 1-82
2021-01-03 18:26:59,241 INFO o.a.j.t.JMeterThread: Thread started: Thread Group - LH 1-83
2021-01-03 18:26:59,251 INFO o.a.j.t.JMeterThread: Thread started: Thread Group - LH 1-84
2021-01-03 18:26:59,259 INFO o.a.j.t.JMeterThread: Thread started: Thread Group - LH 1-85
2021-01-03 18:26:59,270 INFO o.a.j.t.JMeterThread: Thread started: Thread Group - LH 1-86
2021-01-03 18:26:59,281 INFO o.a.j.t.JMeterThread: Thread started: Thread Group - LH 1-87
2021-01-03 18:26:59,291 INFO o.a.j.t.JMeterThread: Thread started: Thread Group - LH 1-88
2021-01-03 18:26:59,299 INFO o.a.j.t.JMeterThread: Thread started: Thread Group - LH 1-89
2021-01-03 18:26:59,310 INFO o.a.j.t.JMeterThread: Thread started: Thread Group - LH 1-90
2021-01-03 18:26:59,321 INFO o.a.j.t.JMeterThread: Thread started: Thread Group - LH 1-91
2021-01-03 18:26:59,330 INFO o.a.j.t.JMeterThread: Thread started: Thread Group - LH 1-92
2021-01-03 18:26:59,340 INFO o.a.j.t.JMeterThread: Thread started: Thread Group - LH 1-93
2021-01-03 18:26:59,350 INFO o.a.j.t.JMeterThread: Thread started: Thread Group - LH 1-94
2021-01-03 18:26:59,361 INFO o.a.j.t.JMeterThread: Thread started: Thread Group - LH 1-95
2021-01-03 18:26:59,370 INFO o.a.j.t.JMeterThread: Thread started: Thread Group - LH 1-96
2021-01-03 18:26:59,380 INFO o.a.j.t.JMeterThread: Thread started: Thread Group - LH 1-97
2021-01-03 18:26:59,390 INFO o.a.j.t.JMeterThread: Thread started: Thread Group - LH 1-98
2021-01-03 18:26:59,401 INFO o.a.j.t.JMeterThread: Thread started: Thread Group - LH 1-99
2021-01-03 18:26:59,410 INFO o.a.j.t.JMeterThread: Thread started: Thread Group - LH 1-100
2021-01-03 18:27:00,001 INFO o.a.j.r.Summariser: summary +    209 in 00:00:02 =  131.0/s Avg:   227 Min:     0 Max:   700 Err:    50 (23.92%) Active: 100 Started: 100 Finished: 0
2021-01-03 18:27:30,014 INFO o.a.j.r.Summariser: summary +   3746 in 00:00:30 =  124.8/s Avg:    13 Min:     4 Max:   117 Err:     0 (0.00%) Active: 100 Started: 100 Finished: 0
2021-01-03 18:27:30,015 INFO o.a.j.r.Summariser: summary =   3955 in 00:00:32 =  125.1/s Avg:    24 Min:     0 Max:   700 Err:    50 (1.26%)
2021-01-03 18:27:57,644 INFO o.a.j.t.JMeterThread: Thread finished: Thread Group - LH 1-10
2021-01-03 18:27:57,661 INFO o.a.j.t.JMeterThread: Thread finished: Thread Group - LH 1-30
2021-01-03 18:27:57,671 INFO o.a.j.t.JMeterThread: Thread finished: Thread Group - LH 1-36
2021-01-03 18:27:57,689 INFO o.a.j.t.JMeterThread: Thread finished: Thread Group - LH 1-87
2021-01-03 18:27:57,696 INFO o.a.j.t.JMeterThread: Thread finished: Thread Group - LH 1-88
2021-01-03 18:27:57,711 INFO o.a.j.t.JMeterThread: Thread finished: Thread Group - LH 1-89
2021-01-03 18:27:57,716 INFO o.a.j.t.JMeterThread: Thread finished: Thread Group - LH 1-14
2021-01-03 18:27:57,726 INFO o.a.j.t.JMeterThread: Thread finished: Thread Group - LH 1-91
2021-01-03 18:27:57,731 INFO o.a.j.t.JMeterThread: Thread finished: Thread Group - LH 1-37
2021-01-03 18:27:57,745 INFO o.a.j.t.JMeterThread: Thread finished: Thread Group - LH 1-93
2021-01-03 18:27:57,750 INFO o.a.j.t.JMeterThread: Thread finished: Thread Group - LH 1-38
2021-01-03 18:27:57,754 INFO o.a.j.t.JMeterThread: Thread finished: Thread Group - LH 1-94
2021-01-03 18:27:57,764 INFO o.a.j.t.JMeterThread: Thread finished: Thread Group - LH 1-39
2021-01-03 18:27:57,774 INFO o.a.j.t.JMeterThread: Thread finished: Thread Group - LH 1-96
2021-01-03 18:27:57,785 INFO o.a.j.t.JMeterThread: Thread finished: Thread Group - LH 1-97
2021-01-03 18:27:57,795 INFO o.a.j.t.JMeterThread: Thread finished: Thread Group - LH 1-98
2021-01-03 18:27:57,807 INFO o.a.j.t.JMeterThread: Thread finished: Thread Group - LH 1-99
2021-01-03 18:27:57,816 INFO o.a.j.t.JMeterThread: Thread finished: Thread Group - LH 1-100
2021-01-03 18:27:57,822 INFO o.a.j.t.JMeterThread: Thread finished: Thread Group - LH 1-12
2021-01-03 18:27:57,830 INFO o.a.j.t.JMeterThread: Thread finished: Thread Group - LH 1-40
2021-01-03 18:27:57,842 INFO o.a.j.t.JMeterThread: Thread finished: Thread Group - LH 1-41
2021-01-03 18:27:57,867 INFO o.a.j.t.JMeterThread: Thread finished: Thread Group - LH 1-42
2021-01-03 18:27:57,879 INFO o.a.j.t.JMeterThread: Thread finished: Thread Group - LH 1-15
2021-01-03 18:27:57,884 INFO o.a.j.t.JMeterThread: Thread finished: Thread Group - LH 1-43
2021-01-03 18:27:57,888 INFO o.a.j.t.JMeterThread: Thread finished: Thread Group - LH 1-8
2021-01-03 18:27:57,911 INFO o.a.j.t.JMeterThread: Thread finished: Thread Group - LH 1-44
2021-01-03 18:27:57,920 INFO o.a.j.t.JMeterThread: Thread finished: Thread Group - LH 1-45
2021-01-03 18:27:57,959 INFO o.a.j.t.JMeterThread: Thread finished: Thread Group - LH 1-46
2021-01-03 18:27:58,017 INFO o.a.j.t.JMeterThread: Thread finished: Thread Group - LH 1-9
2021-01-03 18:27:58,022 INFO o.a.j.t.JMeterThread: Thread finished: Thread Group - LH 1-2
2021-01-03 18:27:58,027 INFO o.a.j.t.JMeterThread: Thread finished: Thread Group - LH 1-49
2021-01-03 18:27:58,038 INFO o.a.j.t.JMeterThread: Thread finished: Thread Group - LH 1-4
2021-01-03 18:27:58,043 INFO o.a.j.t.JMeterThread: Thread finished: Thread Group - LH 1-26
2021-01-03 18:27:58,068 INFO o.a.j.t.JMeterThread: Thread finished: Thread Group - LH 1-50
2021-01-03 18:27:58,089 INFO o.a.j.t.JMeterThread: Thread finished: Thread Group - LH 1-51
2021-01-03 18:27:58,096 INFO o.a.j.t.JMeterThread: Thread finished: Thread Group - LH 1-47
2021-01-03 18:27:58,099 INFO o.a.j.t.JMeterThread: Thread finished: Thread Group - LH 1-25
2021-01-03 18:27:58,102 INFO o.a.j.t.JMeterThread: Thread finished: Thread Group - LH 1-48
2021-01-03 18:27:58,107 INFO o.a.j.t.JMeterThread: Thread finished: Thread Group - LH 1-13
2021-01-03 18:27:58,113 INFO o.a.j.t.JMeterThread: Thread finished: Thread Group - LH 1-17
2021-01-03 18:27:58,118 INFO o.a.j.t.JMeterThread: Thread finished: Thread Group - LH 1-27
2021-01-03 18:27:58,122 INFO o.a.j.t.JMeterThread: Thread finished: Thread Group - LH 1-1
2021-01-03 18:27:58,127 INFO o.a.j.t.JMeterThread: Thread finished: Thread Group - LH 1-53
2021-01-03 18:27:58,131 INFO o.a.j.t.JMeterThread: Thread finished: Thread Group - LH 1-11
2021-01-03 18:27:58,139 INFO o.a.j.t.JMeterThread: Thread finished: Thread Group - LH 1-52
2021-01-03 18:27:58,156 INFO o.a.j.t.JMeterThread: Thread finished: Thread Group - LH 1-19
2021-01-03 18:27:58,162 INFO o.a.j.t.JMeterThread: Thread finished: Thread Group - LH 1-54
2021-01-03 18:27:58,167 INFO o.a.j.t.JMeterThread: Thread finished: Thread Group - LH 1-55
2021-01-03 18:27:58,172 INFO o.a.j.t.JMeterThread: Thread finished: Thread Group - LH 1-22
2021-01-03 18:27:58,177 INFO o.a.j.t.JMeterThread: Thread finished: Thread Group - LH 1-56
2021-01-03 18:27:58,187 INFO o.a.j.t.JMeterThread: Thread finished: Thread Group - LH 1-57
2021-01-03 18:27:58,190 INFO o.a.j.t.JMeterThread: Thread finished: Thread Group - LH 1-20
2021-01-03 18:27:58,194 INFO o.a.j.t.JMeterThread: Thread finished: Thread Group - LH 1-16
2021-01-03 18:27:58,198 INFO o.a.j.t.JMeterThread: Thread finished: Thread Group - LH 1-58
2021-01-03 18:27:58,207 INFO o.a.j.t.JMeterThread: Thread finished: Thread Group - LH 1-59
2021-01-03 18:27:58,211 INFO o.a.j.t.JMeterThread: Thread finished: Thread Group - LH 1-29
2021-01-03 18:27:58,216 INFO o.a.j.t.JMeterThread: Thread finished: Thread Group - LH 1-60
2021-01-03 18:27:58,230 INFO o.a.j.t.JMeterThread: Thread finished: Thread Group - LH 1-61
2021-01-03 18:27:58,235 INFO o.a.j.t.JMeterThread: Thread finished: Thread Group - LH 1-31
2021-01-03 18:27:58,238 INFO o.a.j.t.JMeterThread: Thread finished: Thread Group - LH 1-21
2021-01-03 18:27:58,241 INFO o.a.j.t.JMeterThread: Thread finished: Thread Group - LH 1-62
2021-01-03 18:27:58,246 INFO o.a.j.t.JMeterThread: Thread finished: Thread Group - LH 1-63
2021-01-03 18:27:58,256 INFO o.a.j.t.JMeterThread: Thread finished: Thread Group - LH 1-64
2021-01-03 18:27:58,262 INFO o.a.j.t.JMeterThread: Thread finished: Thread Group - LH 1-23
2021-01-03 18:27:58,267 INFO o.a.j.t.JMeterThread: Thread finished: Thread Group - LH 1-65
2021-01-03 18:27:58,271 INFO o.a.j.t.JMeterThread: Thread finished: Thread Group - LH 1-24
2021-01-03 18:27:58,278 INFO o.a.j.t.JMeterThread: Thread finished: Thread Group - LH 1-66
2021-01-03 18:27:58,287 INFO o.a.j.t.JMeterThread: Thread finished: Thread Group - LH 1-67
2021-01-03 18:27:58,297 INFO o.a.j.t.JMeterThread: Thread finished: Thread Group - LH 1-68
2021-01-03 18:27:58,305 INFO o.a.j.t.JMeterThread: Thread finished: Thread Group - LH 1-69
2021-01-03 18:27:58,312 INFO o.a.j.t.JMeterThread: Thread finished: Thread Group - LH 1-32
2021-01-03 18:27:58,316 INFO o.a.j.t.JMeterThread: Thread finished: Thread Group - LH 1-70
2021-01-03 18:27:58,326 INFO o.a.j.t.JMeterThread: Thread finished: Thread Group - LH 1-71
2021-01-03 18:27:58,330 INFO o.a.j.t.JMeterThread: Thread finished: Thread Group - LH 1-33
2021-01-03 18:27:58,334 INFO o.a.j.t.JMeterThread: Thread finished: Thread Group - LH 1-5
2021-01-03 18:27:58,339 INFO o.a.j.t.JMeterThread: Thread finished: Thread Group - LH 1-72
2021-01-03 18:27:58,344 INFO o.a.j.t.JMeterThread: Thread finished: Thread Group - LH 1-3
2021-01-03 18:27:58,349 INFO o.a.j.t.JMeterThread: Thread finished: Thread Group - LH 1-73
2021-01-03 18:27:58,352 INFO o.a.j.t.JMeterThread: Thread finished: Thread Group - LH 1-6
2021-01-03 18:27:58,357 INFO o.a.j.t.JMeterThread: Thread finished: Thread Group - LH 1-74
2021-01-03 18:27:58,366 INFO o.a.j.t.JMeterThread: Thread finished: Thread Group - LH 1-75
2021-01-03 18:27:58,385 INFO o.a.j.t.JMeterThread: Thread finished: Thread Group - LH 1-76
2021-01-03 18:27:58,388 INFO o.a.j.t.JMeterThread: Thread finished: Thread Group - LH 1-77
2021-01-03 18:27:58,396 INFO o.a.j.t.JMeterThread: Thread finished: Thread Group - LH 1-78
2021-01-03 18:27:58,403 INFO o.a.j.t.JMeterThread: Thread finished: Thread Group - LH 1-34
2021-01-03 18:27:58,407 INFO o.a.j.t.JMeterThread: Thread finished: Thread Group - LH 1-79
2021-01-03 18:27:58,418 INFO o.a.j.t.JMeterThread: Thread finished: Thread Group - LH 1-7
2021-01-03 18:27:58,422 INFO o.a.j.t.JMeterThread: Thread finished: Thread Group - LH 1-80
2021-01-03 18:27:58,432 INFO o.a.j.t.JMeterThread: Thread finished: Thread Group - LH 1-18
2021-01-03 18:27:58,435 INFO o.a.j.t.JMeterThread: Thread finished: Thread Group - LH 1-81
2021-01-03 18:27:58,439 INFO o.a.j.t.JMeterThread: Thread finished: Thread Group - LH 1-83
2021-01-03 18:27:58,443 INFO o.a.j.t.JMeterThread: Stopping because end time detected by thread: Thread Group - LH 1-28
2021-01-03 18:27:58,443 INFO o.a.j.t.JMeterThread: Thread finished: Thread Group - LH 1-28
2021-01-03 18:27:58,447 INFO o.a.j.t.JMeterThread: Thread finished: Thread Group - LH 1-82
2021-01-03 18:27:58,451 INFO o.a.j.t.JMeterThread: Thread finished: Thread Group - LH 1-84
2021-01-03 18:27:58,455 INFO o.a.j.t.JMeterThread: Thread finished: Thread Group - LH 1-85
2021-01-03 18:27:58,459 INFO o.a.j.t.JMeterThread: Stopping because end time detected by thread: Thread Group - LH 1-35
2021-01-03 18:27:58,459 INFO o.a.j.t.JMeterThread: Thread finished: Thread Group - LH 1-35
2021-01-03 18:27:58,467 INFO o.a.j.t.JMeterThread: Stopping because end time detected by thread: Thread Group - LH 1-90
2021-01-03 18:27:58,467 INFO o.a.j.t.JMeterThread: Thread finished: Thread Group - LH 1-90
2021-01-03 18:27:58,471 INFO o.a.j.t.JMeterThread: Stopping because end time detected by thread: Thread Group - LH 1-92
2021-01-03 18:27:58,471 INFO o.a.j.t.JMeterThread: Thread finished: Thread Group - LH 1-92
2021-01-03 18:27:58,479 INFO o.a.j.t.JMeterThread: Stopping because end time detected by thread: Thread Group - LH 1-95
2021-01-03 18:27:58,479 INFO o.a.j.t.JMeterThread: Thread finished: Thread Group - LH 1-95
2021-01-03 18:27:58,481 INFO o.a.j.t.JMeterThread: Stopping because end time detected by thread: Thread Group - LH 1-86
2021-01-03 18:27:58,482 INFO o.a.j.t.JMeterThread: Thread finished: Thread Group - LH 1-86
2021-01-03 18:27:58,482 INFO o.a.j.e.StandardJMeterEngine: Notifying test listeners of end of test
2021-01-03 18:27:58,483 INFO o.a.j.r.Summariser: summary +   3571 in 00:00:28 =  125.4/s Avg:    10 Min:     4 Max:    93 Err:     0 (0.00%) Active: 0 Started: 100 Finished: 100
2021-01-03 18:27:58,483 INFO o.a.j.r.Summariser: summary =   7526 in 00:01:00 =  125.3/s Avg:    17 Min:     0 Max:   700 Err:    50 (0.66%)
