2021-01-03 18:05:22,708 INFO o.a.j.u.JMeterUtils: Setting Locale to en_EN
2021-01-03 18:05:22,727 INFO o.a.j.JMeter: Loading user properties from: user.properties
2021-01-03 18:05:22,728 INFO o.a.j.JMeter: Loading system properties from: system.properties
2021-01-03 18:05:22,729 INFO o.a.j.JMeter: Copyright (c) 1998-2020 The Apache Software Foundation
2021-01-03 18:05:22,729 INFO o.a.j.JMeter: Version 5.3
2021-01-03 18:05:22,729 INFO o.a.j.JMeter: java.version=11.0.8
2021-01-03 18:05:22,729 INFO o.a.j.JMeter: java.vm.name=Java HotSpot(TM) 64-Bit Server VM
2021-01-03 18:05:22,730 INFO o.a.j.JMeter: os.name=Windows 10
2021-01-03 18:05:22,730 INFO o.a.j.JMeter: os.arch=amd64
2021-01-03 18:05:22,730 INFO o.a.j.JMeter: os.version=10.0
2021-01-03 18:05:22,730 INFO o.a.j.JMeter: file.encoding=Cp1252
2021-01-03 18:05:22,730 INFO o.a.j.JMeter: java.awt.headless=true
2021-01-03 18:05:22,731 INFO o.a.j.JMeter: Max memory     =1073741824
2021-01-03 18:05:22,731 INFO o.a.j.JMeter: Available Processors =8
2021-01-03 18:05:22,743 INFO o.a.j.JMeter: Default Locale=English (EN)
2021-01-03 18:05:22,743 INFO o.a.j.JMeter: JMeter  Locale=English (EN)
2021-01-03 18:05:22,744 INFO o.a.j.JMeter: JMeterHome=C:\Users\fabio\Documents\Fabio\Università\Magistrale\2°anno\1°semestre\Impianti di Elaborazione\apache-jmeter-5.3
2021-01-03 18:05:22,744 INFO o.a.j.JMeter: user.dir  =C:\Users\fabio\Documents\Fabio\Università\Magistrale\2°anno\1°semestre\Impianti di Elaborazione\apache-jmeter-5.3\bin
2021-01-03 18:05:22,745 INFO o.a.j.JMeter: PWD       =C:\Users\fabio\Documents\Fabio\Università\Magistrale\2°anno\1°semestre\Impianti di Elaborazione\apache-jmeter-5.3\bin
2021-01-03 18:05:22,750 INFO o.a.j.JMeter: IP: 192.168.56.1 Name: LAPTOP-DSVV6SSR FullName: 192.168.56.1
2021-01-03 18:05:22,755 INFO o.a.j.s.FileServer: Default base='C:\Users\fabio\Documents\Fabio\Università\Magistrale\2°anno\1°semestre\Impianti di Elaborazione\apache-jmeter-5.3\bin'
2021-01-03 18:05:22,757 INFO o.a.j.s.FileServer: Set new base='C:\Users\fabio\Documents\Fabio\Università\Magistrale\2°anno\1°semestre\Impianti di Elaborazione\apache-jmeter-5.3\bin'
2021-01-03 18:05:22,881 INFO o.a.j.s.SaveService: Testplan (JMX) version: 2.2. Testlog (JTL) version: 2.2
2021-01-03 18:05:22,900 INFO o.a.j.s.SaveService: Using SaveService properties version 5.0
2021-01-03 18:05:22,903 INFO o.a.j.s.SaveService: Using SaveService properties file encoding UTF-8
2021-01-03 18:05:22,906 INFO o.a.j.s.SaveService: Loading file: DesignofExperiment.jmx
2021-01-03 18:05:22,966 INFO o.a.j.p.h.s.HTTPSamplerBase: Parser for text/html is org.apache.jmeter.protocol.http.parser.LagartoBasedHtmlParser
2021-01-03 18:05:22,966 INFO o.a.j.p.h.s.HTTPSamplerBase: Parser for application/xhtml+xml is org.apache.jmeter.protocol.http.parser.LagartoBasedHtmlParser
2021-01-03 18:05:22,966 INFO o.a.j.p.h.s.HTTPSamplerBase: Parser for application/xml is org.apache.jmeter.protocol.http.parser.LagartoBasedHtmlParser
2021-01-03 18:05:22,967 INFO o.a.j.p.h.s.HTTPSamplerBase: Parser for text/xml is org.apache.jmeter.protocol.http.parser.LagartoBasedHtmlParser
2021-01-03 18:05:22,967 INFO o.a.j.p.h.s.HTTPSamplerBase: Parser for text/vnd.wap.wml is org.apache.jmeter.protocol.http.parser.RegexpHTMLParser
2021-01-03 18:05:22,967 INFO o.a.j.p.h.s.HTTPSamplerBase: Parser for text/css is org.apache.jmeter.protocol.http.parser.CssParser
2021-01-03 18:05:22,990 INFO o.a.j.JMeter: Creating summariser <summary>
2021-01-03 18:05:22,997 INFO o.a.j.e.StandardJMeterEngine: Running the test!
2021-01-03 18:05:22,998 INFO o.a.j.s.SampleEvent: List of sample_variables: []
2021-01-03 18:05:22,998 INFO o.a.j.s.SampleEvent: List of sample_variables: []
2021-01-03 18:05:23,008 INFO o.a.j.e.u.CompoundVariable: Note: Function class names must contain the string: '.functions.'
2021-01-03 18:05:23,008 INFO o.a.j.e.u.CompoundVariable: Note: Function class names must not contain the string: '.gui.'
2021-01-03 18:05:23,307 INFO o.a.j.JMeter: Running test (1609693523307)
2021-01-03 18:05:23,324 INFO o.a.j.e.StandardJMeterEngine: Starting ThreadGroup: 1 : Thread Group - LL
2021-01-03 18:05:23,324 INFO o.a.j.e.StandardJMeterEngine: Starting 100 threads for group Thread Group - LL.
2021-01-03 18:05:23,324 INFO o.a.j.e.StandardJMeterEngine: Thread will continue on error
2021-01-03 18:05:23,325 INFO o.a.j.t.ThreadGroup: Starting thread group... number=1 threads=100 ramp-up=1 delayedStart=false
2021-01-03 18:05:23,333 INFO o.a.j.t.JMeterThread: Thread started: Thread Group - LL 1-1
2021-01-03 18:05:23,341 INFO o.a.j.t.JMeterThread: Thread started: Thread Group - LL 1-2
2021-01-03 18:05:23,349 INFO o.a.j.t.JMeterThread: Thread started: Thread Group - LL 1-3
2021-01-03 18:05:23,358 INFO o.a.j.t.JMeterThread: Thread started: Thread Group - LL 1-4
2021-01-03 18:05:23,368 INFO o.a.j.t.JMeterThread: Thread started: Thread Group - LL 1-5
2021-01-03 18:05:23,370 INFO o.a.j.p.h.s.HTTPHCAbstractImpl: Local host = LAPTOP-DSVV6SSR
2021-01-03 18:05:23,371 INFO o.a.j.t.ThreadGroup: Started thread group number 1
2021-01-03 18:05:23,371 INFO o.a.j.e.StandardJMeterEngine: All thread groups have been started
2021-01-03 18:05:23,377 INFO o.a.j.p.h.s.HTTPHC4Impl: HTTP request retry count = 0
2021-01-03 18:05:23,379 INFO o.a.j.s.SampleResult: Note: Sample TimeStamps are START times
2021-01-03 18:05:23,379 INFO o.a.j.s.SampleResult: sampleresult.default.encoding is set to ISO-8859-1
2021-01-03 18:05:23,379 INFO o.a.j.s.SampleResult: sampleresult.useNanoTime=true
2021-01-03 18:05:23,379 INFO o.a.j.s.SampleResult: sampleresult.nanoThreadSleep=5000
2021-01-03 18:05:23,380 INFO o.a.j.t.JMeterThread: Thread started: Thread Group - LL 1-6
2021-01-03 18:05:23,390 INFO o.a.j.t.JMeterThread: Thread started: Thread Group - LL 1-7
2021-01-03 18:05:23,399 INFO o.a.j.t.JMeterThread: Thread started: Thread Group - LL 1-8
2021-01-03 18:05:23,407 INFO o.a.j.t.JMeterThread: Thread started: Thread Group - LL 1-9
2021-01-03 18:05:23,416 INFO o.a.j.t.JMeterThread: Thread started: Thread Group - LL 1-10
2021-01-03 18:05:23,427 INFO o.a.j.t.JMeterThread: Thread started: Thread Group - LL 1-11
2021-01-03 18:05:23,437 INFO o.a.j.t.JMeterThread: Thread started: Thread Group - LL 1-12
2021-01-03 18:05:23,448 INFO o.a.j.t.JMeterThread: Thread started: Thread Group - LL 1-13
2021-01-03 18:05:23,456 INFO o.a.j.t.JMeterThread: Thread started: Thread Group - LL 1-14
2021-01-03 18:05:23,466 INFO o.a.j.t.JMeterThread: Thread started: Thread Group - LL 1-15
2021-01-03 18:05:23,477 INFO o.a.j.t.JMeterThread: Thread started: Thread Group - LL 1-16
2021-01-03 18:05:23,487 INFO o.a.j.t.JMeterThread: Thread started: Thread Group - LL 1-17
2021-01-03 18:05:23,495 INFO o.a.j.t.JMeterThread: Thread started: Thread Group - LL 1-18
2021-01-03 18:05:23,506 INFO o.a.j.t.JMeterThread: Thread started: Thread Group - LL 1-19
2021-01-03 18:05:23,517 INFO o.a.j.t.JMeterThread: Thread started: Thread Group - LL 1-20
2021-01-03 18:05:23,526 INFO o.a.j.t.JMeterThread: Thread started: Thread Group - LL 1-21
2021-01-03 18:05:23,536 INFO o.a.j.t.JMeterThread: Thread started: Thread Group - LL 1-22
2021-01-03 18:05:23,547 INFO o.a.j.t.JMeterThread: Thread started: Thread Group - LL 1-23
2021-01-03 18:05:23,558 INFO o.a.j.t.JMeterThread: Thread started: Thread Group - LL 1-24
2021-01-03 18:05:23,567 INFO o.a.j.t.JMeterThread: Thread started: Thread Group - LL 1-25
2021-01-03 18:05:23,576 INFO o.a.j.t.JMeterThread: Thread started: Thread Group - LL 1-26
2021-01-03 18:05:23,586 INFO o.a.j.t.JMeterThread: Thread started: Thread Group - LL 1-27
2021-01-03 18:05:23,597 INFO o.a.j.t.JMeterThread: Thread started: Thread Group - LL 1-28
2021-01-03 18:05:23,607 INFO o.a.j.t.JMeterThread: Thread started: Thread Group - LL 1-29
2021-01-03 18:05:23,615 INFO o.a.j.t.JMeterThread: Thread started: Thread Group - LL 1-30
2021-01-03 18:05:23,625 INFO o.a.j.t.JMeterThread: Thread started: Thread Group - LL 1-31
2021-01-03 18:05:23,637 INFO o.a.j.t.JMeterThread: Thread started: Thread Group - LL 1-32
2021-01-03 18:05:23,646 INFO o.a.j.t.JMeterThread: Thread started: Thread Group - LL 1-33
2021-01-03 18:05:23,655 INFO o.a.j.t.JMeterThread: Thread started: Thread Group - LL 1-34
2021-01-03 18:05:23,666 INFO o.a.j.t.JMeterThread: Thread started: Thread Group - LL 1-35
2021-01-03 18:05:23,675 INFO o.a.j.t.JMeterThread: Thread started: Thread Group - LL 1-36
2021-01-03 18:05:23,686 INFO o.a.j.t.JMeterThread: Thread started: Thread Group - LL 1-37
2021-01-03 18:05:23,696 INFO o.a.j.t.JMeterThread: Thread started: Thread Group - LL 1-38
2021-01-03 18:05:23,706 INFO o.a.j.t.JMeterThread: Thread started: Thread Group - LL 1-39
2021-01-03 18:05:23,715 INFO o.a.j.t.JMeterThread: Thread started: Thread Group - LL 1-40
2021-01-03 18:05:23,727 INFO o.a.j.t.JMeterThread: Thread started: Thread Group - LL 1-41
2021-01-03 18:05:23,736 INFO o.a.j.t.JMeterThread: Thread started: Thread Group - LL 1-42
2021-01-03 18:05:23,746 INFO o.a.j.t.JMeterThread: Thread started: Thread Group - LL 1-43
2021-01-03 18:05:23,757 INFO o.a.j.t.JMeterThread: Thread started: Thread Group - LL 1-44
2021-01-03 18:05:23,766 INFO o.a.j.t.JMeterThread: Thread started: Thread Group - LL 1-45
2021-01-03 18:05:23,776 INFO o.a.j.t.JMeterThread: Thread started: Thread Group - LL 1-46
2021-01-03 18:05:23,785 INFO o.a.j.t.JMeterThread: Thread started: Thread Group - LL 1-47
2021-01-03 18:05:23,796 INFO o.a.j.t.JMeterThread: Thread started: Thread Group - LL 1-48
2021-01-03 18:05:23,805 INFO o.a.j.t.JMeterThread: Thread started: Thread Group - LL 1-49
2021-01-03 18:05:23,816 INFO o.a.j.t.JMeterThread: Thread started: Thread Group - LL 1-50
2021-01-03 18:05:23,826 INFO o.a.j.t.JMeterThread: Thread started: Thread Group - LL 1-51
2021-01-03 18:05:23,836 INFO o.a.j.t.JMeterThread: Thread started: Thread Group - LL 1-52
2021-01-03 18:05:23,845 INFO o.a.j.t.JMeterThread: Thread started: Thread Group - LL 1-53
2021-01-03 18:05:23,857 INFO o.a.j.t.JMeterThread: Thread started: Thread Group - LL 1-54
2021-01-03 18:05:23,866 INFO o.a.j.t.JMeterThread: Thread started: Thread Group - LL 1-55
2021-01-03 18:05:23,875 INFO o.a.j.t.JMeterThread: Thread started: Thread Group - LL 1-56
2021-01-03 18:05:23,886 INFO o.a.j.t.JMeterThread: Thread started: Thread Group - LL 1-57
2021-01-03 18:05:23,897 INFO o.a.j.t.JMeterThread: Thread started: Thread Group - LL 1-58
2021-01-03 18:05:23,906 INFO o.a.j.t.JMeterThread: Thread started: Thread Group - LL 1-59
2021-01-03 18:05:23,916 INFO o.a.j.t.JMeterThread: Thread started: Thread Group - LL 1-60
2021-01-03 18:05:23,926 INFO o.a.j.t.JMeterThread: Thread started: Thread Group - LL 1-61
2021-01-03 18:05:23,935 INFO o.a.j.t.JMeterThread: Thread started: Thread Group - LL 1-62
2021-01-03 18:05:23,946 INFO o.a.j.t.JMeterThread: Thread started: Thread Group - LL 1-63
2021-01-03 18:05:23,956 INFO o.a.j.t.JMeterThread: Thread started: Thread Group - LL 1-64
2021-01-03 18:05:23,966 INFO o.a.j.t.JMeterThread: Thread started: Thread Group - LL 1-65
2021-01-03 18:05:23,977 INFO o.a.j.t.JMeterThread: Thread started: Thread Group - LL 1-66
2021-01-03 18:05:23,987 INFO o.a.j.t.JMeterThread: Thread started: Thread Group - LL 1-67
2021-01-03 18:05:23,995 INFO o.a.j.t.JMeterThread: Thread started: Thread Group - LL 1-68
2021-01-03 18:05:24,005 INFO o.a.j.t.JMeterThread: Thread started: Thread Group - LL 1-69
2021-01-03 18:05:24,016 INFO o.a.j.t.JMeterThread: Thread started: Thread Group - LL 1-70
2021-01-03 18:05:24,027 INFO o.a.j.t.JMeterThread: Thread started: Thread Group - LL 1-71
2021-01-03 18:05:24,036 INFO o.a.j.t.JMeterThread: Thread started: Thread Group - LL 1-72
2021-01-03 18:05:24,046 INFO o.a.j.t.JMeterThread: Thread started: Thread Group - LL 1-73
2021-01-03 18:05:24,055 INFO o.a.j.t.JMeterThread: Thread started: Thread Group - LL 1-74
2021-01-03 18:05:24,066 INFO o.a.j.t.JMeterThread: Thread started: Thread Group - LL 1-75
2021-01-03 18:05:24,076 INFO o.a.j.t.JMeterThread: Thread started: Thread Group - LL 1-76
2021-01-03 18:05:24,086 INFO o.a.j.t.JMeterThread: Thread started: Thread Group - LL 1-77
2021-01-03 18:05:24,095 INFO o.a.j.t.JMeterThread: Thread started: Thread Group - LL 1-78
2021-01-03 18:05:24,106 INFO o.a.j.t.JMeterThread: Thread started: Thread Group - LL 1-79
2021-01-03 18:05:24,116 INFO o.a.j.t.JMeterThread: Thread started: Thread Group - LL 1-80
2021-01-03 18:05:24,125 INFO o.a.j.t.JMeterThread: Thread started: Thread Group - LL 1-81
2021-01-03 18:05:24,135 INFO o.a.j.t.JMeterThread: Thread started: Thread Group - LL 1-82
2021-01-03 18:05:24,146 INFO o.a.j.t.JMeterThread: Thread started: Thread Group - LL 1-83
2021-01-03 18:05:24,157 INFO o.a.j.t.JMeterThread: Thread started: Thread Group - LL 1-84
2021-01-03 18:05:24,166 INFO o.a.j.t.JMeterThread: Thread started: Thread Group - LL 1-85
2021-01-03 18:05:24,178 INFO o.a.j.t.JMeterThread: Thread started: Thread Group - LL 1-86
2021-01-03 18:05:24,187 INFO o.a.j.t.JMeterThread: Thread started: Thread Group - LL 1-87
2021-01-03 18:05:24,197 INFO o.a.j.t.JMeterThread: Thread started: Thread Group - LL 1-88
2021-01-03 18:05:24,205 INFO o.a.j.t.JMeterThread: Thread started: Thread Group - LL 1-89
2021-01-03 18:05:24,217 INFO o.a.j.t.JMeterThread: Thread started: Thread Group - LL 1-90
2021-01-03 18:05:24,227 INFO o.a.j.t.JMeterThread: Thread started: Thread Group - LL 1-91
2021-01-03 18:05:24,236 INFO o.a.j.t.JMeterThread: Thread started: Thread Group - LL 1-92
2021-01-03 18:05:24,245 INFO o.a.j.t.JMeterThread: Thread started: Thread Group - LL 1-93
2021-01-03 18:05:24,257 INFO o.a.j.t.JMeterThread: Thread started: Thread Group - LL 1-94
2021-01-03 18:05:24,266 INFO o.a.j.t.JMeterThread: Thread started: Thread Group - LL 1-95
2021-01-03 18:05:24,277 INFO o.a.j.t.JMeterThread: Thread started: Thread Group - LL 1-96
2021-01-03 18:05:24,288 INFO o.a.j.t.JMeterThread: Thread started: Thread Group - LL 1-97
2021-01-03 18:05:24,297 INFO o.a.j.t.JMeterThread: Thread started: Thread Group - LL 1-98
2021-01-03 18:05:24,307 INFO o.a.j.t.JMeterThread: Thread started: Thread Group - LL 1-99
2021-01-03 18:05:24,317 INFO o.a.j.t.JMeterThread: Thread started: Thread Group - LL 1-100
2021-01-03 18:05:30,018 INFO o.a.j.r.Summariser: summary +    911 in 00:00:07 =  135.8/s Avg:     3 Min:     1 Max:    79 Err:     0 (0.00%) Active: 100 Started: 100 Finished: 0
2021-01-03 18:06:00,017 INFO o.a.j.r.Summariser: summary +   3750 in 00:00:30 =  125.0/s Avg:     2 Min:     0 Max:    29 Err:     0 (0.00%) Active: 100 Started: 100 Finished: 0
2021-01-03 18:06:00,018 INFO o.a.j.r.Summariser: summary =   4661 in 00:00:37 =  127.0/s Avg:     2 Min:     0 Max:    79 Err:     0 (0.00%)
2021-01-03 18:06:22,559 INFO o.a.j.t.JMeterThread: Thread finished: Thread Group - LL 1-12
2021-01-03 18:06:22,572 INFO o.a.j.t.JMeterThread: Thread finished: Thread Group - LL 1-51
2021-01-03 18:06:22,592 INFO o.a.j.t.JMeterThread: Thread finished: Thread Group - LL 1-93
2021-01-03 18:06:22,597 INFO o.a.j.t.JMeterThread: Thread finished: Thread Group - LL 1-52
2021-01-03 18:06:22,601 INFO o.a.j.t.JMeterThread: Thread finished: Thread Group - LL 1-29
2021-01-03 18:06:22,627 INFO o.a.j.t.JMeterThread: Thread finished: Thread Group - LL 1-95
2021-01-03 18:06:22,631 INFO o.a.j.t.JMeterThread: Thread finished: Thread Group - LL 1-53
2021-01-03 18:06:22,646 INFO o.a.j.t.JMeterThread: Thread finished: Thread Group - LL 1-96
2021-01-03 18:06:22,664 INFO o.a.j.t.JMeterThread: Thread finished: Thread Group - LL 1-30
2021-01-03 18:06:22,665 INFO o.a.j.t.JMeterThread: Thread finished: Thread Group - LL 1-97
2021-01-03 18:06:22,666 INFO o.a.j.t.JMeterThread: Thread finished: Thread Group - LL 1-54
2021-01-03 18:06:22,682 INFO o.a.j.t.JMeterThread: Thread finished: Thread Group - LL 1-98
2021-01-03 18:06:22,701 INFO o.a.j.t.JMeterThread: Thread finished: Thread Group - LL 1-55
2021-01-03 18:06:22,702 INFO o.a.j.t.JMeterThread: Thread finished: Thread Group - LL 1-99
2021-01-03 18:06:22,714 INFO o.a.j.t.JMeterThread: Thread finished: Thread Group - LL 1-13
2021-01-03 18:06:22,715 INFO o.a.j.t.JMeterThread: Thread finished: Thread Group - LL 1-14
2021-01-03 18:06:22,718 INFO o.a.j.t.JMeterThread: Thread finished: Thread Group - LL 1-100
2021-01-03 18:06:22,722 INFO o.a.j.t.JMeterThread: Thread finished: Thread Group - LL 1-31
2021-01-03 18:06:22,725 INFO o.a.j.t.JMeterThread: Thread finished: Thread Group - LL 1-56
2021-01-03 18:06:22,726 INFO o.a.j.t.JMeterThread: Thread finished: Thread Group - LL 1-15
2021-01-03 18:06:22,744 INFO o.a.j.t.JMeterThread: Thread finished: Thread Group - LL 1-57
2021-01-03 18:06:22,750 INFO o.a.j.t.JMeterThread: Thread finished: Thread Group - LL 1-32
2021-01-03 18:06:22,763 INFO o.a.j.t.JMeterThread: Thread finished: Thread Group - LL 1-58
2021-01-03 18:06:22,780 INFO o.a.j.t.JMeterThread: Thread finished: Thread Group - LL 1-59
2021-01-03 18:06:22,784 INFO o.a.j.t.JMeterThread: Thread finished: Thread Group - LL 1-33
2021-01-03 18:06:22,785 INFO o.a.j.t.JMeterThread: Thread finished: Thread Group - LL 1-17
2021-01-03 18:06:22,798 INFO o.a.j.t.JMeterThread: Thread finished: Thread Group - LL 1-60
2021-01-03 18:06:22,799 INFO o.a.j.t.JMeterThread: Thread finished: Thread Group - LL 1-16
2021-01-03 18:06:22,816 INFO o.a.j.t.JMeterThread: Thread finished: Thread Group - LL 1-61
2021-01-03 18:06:22,817 INFO o.a.j.t.JMeterThread: Thread finished: Thread Group - LL 1-18
2021-01-03 18:06:22,818 INFO o.a.j.t.JMeterThread: Thread finished: Thread Group - LL 1-34
2021-01-03 18:06:22,834 INFO o.a.j.t.JMeterThread: Thread finished: Thread Group - LL 1-62
2021-01-03 18:06:22,853 INFO o.a.j.t.JMeterThread: Thread finished: Thread Group - LL 1-63
2021-01-03 18:06:22,856 INFO o.a.j.t.JMeterThread: Thread finished: Thread Group - LL 1-35
2021-01-03 18:06:22,871 INFO o.a.j.t.JMeterThread: Thread finished: Thread Group - LL 1-64
2021-01-03 18:06:22,878 INFO o.a.j.t.JMeterThread: Thread finished: Thread Group - LL 1-19
2021-01-03 18:06:22,881 INFO o.a.j.t.JMeterThread: Thread finished: Thread Group - LL 1-36
2021-01-03 18:06:22,888 INFO o.a.j.t.JMeterThread: Thread finished: Thread Group - LL 1-65
2021-01-03 18:06:22,908 INFO o.a.j.t.JMeterThread: Thread finished: Thread Group - LL 1-66
2021-01-03 18:06:22,912 INFO o.a.j.t.JMeterThread: Thread finished: Thread Group - LL 1-37
2021-01-03 18:06:22,914 INFO o.a.j.t.JMeterThread: Thread finished: Thread Group - LL 1-4
2021-01-03 18:06:22,921 INFO o.a.j.t.JMeterThread: Thread finished: Thread Group - LL 1-20
2021-01-03 18:06:22,921 INFO o.a.j.t.JMeterThread: Thread finished: Thread Group - LL 1-1
2021-01-03 18:06:22,925 INFO o.a.j.t.JMeterThread: Thread finished: Thread Group - LL 1-3
2021-01-03 18:06:22,925 INFO o.a.j.t.JMeterThread: Thread finished: Thread Group - LL 1-67
2021-01-03 18:06:22,927 INFO o.a.j.t.JMeterThread: Thread finished: Thread Group - LL 1-21
2021-01-03 18:06:22,941 INFO o.a.j.t.JMeterThread: Thread finished: Thread Group - LL 1-68
2021-01-03 18:06:22,945 INFO o.a.j.t.JMeterThread: Thread finished: Thread Group - LL 1-38
2021-01-03 18:06:22,959 INFO o.a.j.t.JMeterThread: Thread finished: Thread Group - LL 1-69
2021-01-03 18:06:22,978 INFO o.a.j.t.JMeterThread: Thread finished: Thread Group - LL 1-70
2021-01-03 18:06:22,979 INFO o.a.j.t.JMeterThread: Thread finished: Thread Group - LL 1-39
2021-01-03 18:06:22,985 INFO o.a.j.t.JMeterThread: Thread finished: Thread Group - LL 1-5
2021-01-03 18:06:22,997 INFO o.a.j.t.JMeterThread: Thread finished: Thread Group - LL 1-71
2021-01-03 18:06:23,003 INFO o.a.j.t.JMeterThread: Thread finished: Thread Group - LL 1-22
2021-01-03 18:06:23,010 INFO o.a.j.t.JMeterThread: Thread finished: Thread Group - LL 1-2
2021-01-03 18:06:23,012 INFO o.a.j.t.JMeterThread: Thread finished: Thread Group - LL 1-40
2021-01-03 18:06:23,033 INFO o.a.j.t.JMeterThread: Thread finished: Thread Group - LL 1-73
2021-01-03 18:06:23,050 INFO o.a.j.t.JMeterThread: Thread finished: Thread Group - LL 1-74
2021-01-03 18:06:23,051 INFO o.a.j.t.JMeterThread: Thread finished: Thread Group - LL 1-41
2021-01-03 18:06:23,053 INFO o.a.j.t.JMeterThread: Thread finished: Thread Group - LL 1-23
2021-01-03 18:06:23,055 INFO o.a.j.t.JMeterThread: Thread finished: Thread Group - LL 1-6
2021-01-03 18:06:23,068 INFO o.a.j.t.JMeterThread: Thread finished: Thread Group - LL 1-75
2021-01-03 18:06:23,073 INFO o.a.j.t.JMeterThread: Thread finished: Thread Group - LL 1-42
2021-01-03 18:06:23,085 INFO o.a.j.t.JMeterThread: Thread finished: Thread Group - LL 1-76
2021-01-03 18:06:23,112 INFO o.a.j.t.JMeterThread: Thread finished: Thread Group - LL 1-77
2021-01-03 18:06:23,115 INFO o.a.j.t.JMeterThread: Thread finished: Thread Group - LL 1-43
2021-01-03 18:06:23,119 INFO o.a.j.t.JMeterThread: Thread finished: Thread Group - LL 1-78
2021-01-03 18:06:23,127 INFO o.a.j.t.JMeterThread: Thread finished: Thread Group - LL 1-24
2021-01-03 18:06:23,128 INFO o.a.j.t.JMeterThread: Thread finished: Thread Group - LL 1-8
2021-01-03 18:06:23,139 INFO o.a.j.t.JMeterThread: Thread finished: Thread Group - LL 1-79
2021-01-03 18:06:23,157 INFO o.a.j.t.JMeterThread: Thread finished: Thread Group - LL 1-80
2021-01-03 18:06:23,160 INFO o.a.j.t.JMeterThread: Thread finished: Thread Group - LL 1-44
2021-01-03 18:06:23,177 INFO o.a.j.t.JMeterThread: Thread finished: Thread Group - LL 1-81
2021-01-03 18:06:23,181 INFO o.a.j.t.JMeterThread: Thread finished: Thread Group - LL 1-7
2021-01-03 18:06:23,183 INFO o.a.j.t.JMeterThread: Thread finished: Thread Group - LL 1-25
2021-01-03 18:06:23,194 INFO o.a.j.t.JMeterThread: Thread finished: Thread Group - LL 1-82
2021-01-03 18:06:23,197 INFO o.a.j.t.JMeterThread: Thread finished: Thread Group - LL 1-45
2021-01-03 18:06:23,220 INFO o.a.j.t.JMeterThread: Thread finished: Thread Group - LL 1-46
2021-01-03 18:06:23,221 INFO o.a.j.t.JMeterThread: Thread finished: Thread Group - LL 1-83
2021-01-03 18:06:23,232 INFO o.a.j.t.JMeterThread: Thread finished: Thread Group - LL 1-84
2021-01-03 18:06:23,234 INFO o.a.j.t.JMeterThread: Thread finished: Thread Group - LL 1-9
2021-01-03 18:06:23,236 INFO o.a.j.t.JMeterThread: Thread finished: Thread Group - LL 1-10
2021-01-03 18:06:23,238 INFO o.a.j.t.JMeterThread: Thread finished: Thread Group - LL 1-26
2021-01-03 18:06:23,243 INFO o.a.j.t.JMeterThread: Thread finished: Thread Group - LL 1-47
2021-01-03 18:06:23,247 INFO o.a.j.t.JMeterThread: Thread finished: Thread Group - LL 1-85
2021-01-03 18:06:23,267 INFO o.a.j.t.JMeterThread: Thread finished: Thread Group - LL 1-86
2021-01-03 18:06:23,269 INFO o.a.j.t.JMeterThread: Thread finished: Thread Group - LL 1-48
2021-01-03 18:06:23,284 INFO o.a.j.t.JMeterThread: Thread finished: Thread Group - LL 1-27
2021-01-03 18:06:23,287 INFO o.a.j.t.JMeterThread: Thread finished: Thread Group - LL 1-87
2021-01-03 18:06:23,301 INFO o.a.j.t.JMeterThread: Thread finished: Thread Group - LL 1-11
2021-01-03 18:06:23,303 INFO o.a.j.t.JMeterThread: Thread finished: Thread Group - LL 1-88
2021-01-03 18:06:23,303 INFO o.a.j.t.JMeterThread: Thread finished: Thread Group - LL 1-49
2021-01-03 18:06:23,319 INFO o.a.j.t.JMeterThread: Thread finished: Thread Group - LL 1-89
2021-01-03 18:06:23,337 INFO o.a.j.t.JMeterThread: Thread finished: Thread Group - LL 1-50
2021-01-03 18:06:23,338 INFO o.a.j.t.JMeterThread: Thread finished: Thread Group - LL 1-90
2021-01-03 18:06:23,342 INFO o.a.j.t.JMeterThread: Thread finished: Thread Group - LL 1-28
2021-01-03 18:06:23,356 INFO o.a.j.t.JMeterThread: Thread finished: Thread Group - LL 1-91
2021-01-03 18:06:23,358 INFO o.a.j.t.JMeterThread: Thread finished: Thread Group - LL 1-92
2021-01-03 18:06:23,367 INFO o.a.j.t.JMeterThread: Stopping because end time detected by thread: Thread Group - LL 1-72
2021-01-03 18:06:23,368 INFO o.a.j.t.JMeterThread: Thread finished: Thread Group - LL 1-72
2021-01-03 18:06:23,372 INFO o.a.j.t.JMeterThread: Stopping because end time detected by thread: Thread Group - LL 1-94
2021-01-03 18:06:23,373 INFO o.a.j.t.JMeterThread: Thread finished: Thread Group - LL 1-94
2021-01-03 18:06:23,374 INFO o.a.j.e.StandardJMeterEngine: Notifying test listeners of end of test
2021-01-03 18:06:23,377 INFO o.a.j.r.Summariser: summary +   2922 in 00:00:23 =  125.1/s Avg:     2 Min:     0 Max:    31 Err:     0 (0.00%) Active: 0 Started: 100 Finished: 100
2021-01-03 18:06:25,037 INFO o.a.j.r.Summariser: summary =   7583 in 00:01:02 =  122.8/s Avg:     2 Min:     0 Max:    79 Err:     0 (0.00%)
