2021-01-03 18:07:56,297 INFO o.a.j.u.JMeterUtils: Setting Locale to en_EN
2021-01-03 18:07:56,316 INFO o.a.j.JMeter: Loading user properties from: user.properties
2021-01-03 18:07:56,316 INFO o.a.j.JMeter: Loading system properties from: system.properties
2021-01-03 18:07:56,317 INFO o.a.j.JMeter: Copyright (c) 1998-2020 The Apache Software Foundation
2021-01-03 18:07:56,318 INFO o.a.j.JMeter: Version 5.3
2021-01-03 18:07:56,318 INFO o.a.j.JMeter: java.version=11.0.8
2021-01-03 18:07:56,318 INFO o.a.j.JMeter: java.vm.name=Java HotSpot(TM) 64-Bit Server VM
2021-01-03 18:07:56,318 INFO o.a.j.JMeter: os.name=Windows 10
2021-01-03 18:07:56,318 INFO o.a.j.JMeter: os.arch=amd64
2021-01-03 18:07:56,318 INFO o.a.j.JMeter: os.version=10.0
2021-01-03 18:07:56,318 INFO o.a.j.JMeter: file.encoding=Cp1252
2021-01-03 18:07:56,318 INFO o.a.j.JMeter: java.awt.headless=true
2021-01-03 18:07:56,319 INFO o.a.j.JMeter: Max memory     =1073741824
2021-01-03 18:07:56,319 INFO o.a.j.JMeter: Available Processors =8
2021-01-03 18:07:56,327 INFO o.a.j.JMeter: Default Locale=English (EN)
2021-01-03 18:07:56,327 INFO o.a.j.JMeter: JMeter  Locale=English (EN)
2021-01-03 18:07:56,327 INFO o.a.j.JMeter: JMeterHome=C:\Users\fabio\Documents\Fabio\Università\Magistrale\2°anno\1°semestre\Impianti di Elaborazione\apache-jmeter-5.3
2021-01-03 18:07:56,327 INFO o.a.j.JMeter: user.dir  =C:\Users\fabio\Documents\Fabio\Università\Magistrale\2°anno\1°semestre\Impianti di Elaborazione\apache-jmeter-5.3\bin
2021-01-03 18:07:56,328 INFO o.a.j.JMeter: PWD       =C:\Users\fabio\Documents\Fabio\Università\Magistrale\2°anno\1°semestre\Impianti di Elaborazione\apache-jmeter-5.3\bin
2021-01-03 18:07:56,333 INFO o.a.j.JMeter: IP: 192.168.56.1 Name: LAPTOP-DSVV6SSR FullName: 192.168.56.1
2021-01-03 18:07:56,339 INFO o.a.j.s.FileServer: Default base='C:\Users\fabio\Documents\Fabio\Università\Magistrale\2°anno\1°semestre\Impianti di Elaborazione\apache-jmeter-5.3\bin'
2021-01-03 18:07:56,340 INFO o.a.j.s.FileServer: Set new base='C:\Users\fabio\Documents\Fabio\Università\Magistrale\2°anno\1°semestre\Impianti di Elaborazione\apache-jmeter-5.3\bin'
2021-01-03 18:07:56,470 INFO o.a.j.s.SaveService: Testplan (JMX) version: 2.2. Testlog (JTL) version: 2.2
2021-01-03 18:07:56,490 INFO o.a.j.s.SaveService: Using SaveService properties version 5.0
2021-01-03 18:07:56,493 INFO o.a.j.s.SaveService: Using SaveService properties file encoding UTF-8
2021-01-03 18:07:56,497 INFO o.a.j.s.SaveService: Loading file: DesignofExperiment.jmx
2021-01-03 18:07:56,556 INFO o.a.j.p.h.s.HTTPSamplerBase: Parser for text/html is org.apache.jmeter.protocol.http.parser.LagartoBasedHtmlParser
2021-01-03 18:07:56,556 INFO o.a.j.p.h.s.HTTPSamplerBase: Parser for application/xhtml+xml is org.apache.jmeter.protocol.http.parser.LagartoBasedHtmlParser
2021-01-03 18:07:56,557 INFO o.a.j.p.h.s.HTTPSamplerBase: Parser for application/xml is org.apache.jmeter.protocol.http.parser.LagartoBasedHtmlParser
2021-01-03 18:07:56,557 INFO o.a.j.p.h.s.HTTPSamplerBase: Parser for text/xml is org.apache.jmeter.protocol.http.parser.LagartoBasedHtmlParser
2021-01-03 18:07:56,557 INFO o.a.j.p.h.s.HTTPSamplerBase: Parser for text/vnd.wap.wml is org.apache.jmeter.protocol.http.parser.RegexpHTMLParser
2021-01-03 18:07:56,557 INFO o.a.j.p.h.s.HTTPSamplerBase: Parser for text/css is org.apache.jmeter.protocol.http.parser.CssParser
2021-01-03 18:07:56,582 INFO o.a.j.JMeter: Creating summariser <summary>
2021-01-03 18:07:56,588 INFO o.a.j.e.StandardJMeterEngine: Running the test!
2021-01-03 18:07:56,588 INFO o.a.j.s.SampleEvent: List of sample_variables: []
2021-01-03 18:07:56,588 INFO o.a.j.s.SampleEvent: List of sample_variables: []
2021-01-03 18:07:56,598 INFO o.a.j.e.u.CompoundVariable: Note: Function class names must contain the string: '.functions.'
2021-01-03 18:07:56,598 INFO o.a.j.e.u.CompoundVariable: Note: Function class names must not contain the string: '.gui.'
2021-01-03 18:07:56,877 INFO o.a.j.JMeter: Running test (1609693676877)
2021-01-03 18:07:56,890 INFO o.a.j.e.StandardJMeterEngine: Starting ThreadGroup: 1 : Thread Group - LL
2021-01-03 18:07:56,890 INFO o.a.j.e.StandardJMeterEngine: Starting 100 threads for group Thread Group - LL.
2021-01-03 18:07:56,890 INFO o.a.j.e.StandardJMeterEngine: Thread will continue on error
2021-01-03 18:07:56,890 INFO o.a.j.t.ThreadGroup: Starting thread group... number=1 threads=100 ramp-up=1 delayedStart=false
2021-01-03 18:07:56,898 INFO o.a.j.t.JMeterThread: Thread started: Thread Group - LL 1-1
2021-01-03 18:07:56,907 INFO o.a.j.t.JMeterThread: Thread started: Thread Group - LL 1-2
2021-01-03 18:07:56,917 INFO o.a.j.t.JMeterThread: Thread started: Thread Group - LL 1-3
2021-01-03 18:07:56,924 INFO o.a.j.t.JMeterThread: Thread started: Thread Group - LL 1-4
2021-01-03 18:07:56,934 INFO o.a.j.p.h.s.HTTPHCAbstractImpl: Local host = LAPTOP-DSVV6SSR
2021-01-03 18:07:56,934 INFO o.a.j.t.JMeterThread: Thread started: Thread Group - LL 1-5
2021-01-03 18:07:56,935 INFO o.a.j.t.ThreadGroup: Started thread group number 1
2021-01-03 18:07:56,935 INFO o.a.j.e.StandardJMeterEngine: All thread groups have been started
2021-01-03 18:07:56,939 INFO o.a.j.p.h.s.HTTPHC4Impl: HTTP request retry count = 0
2021-01-03 18:07:56,941 INFO o.a.j.s.SampleResult: Note: Sample TimeStamps are START times
2021-01-03 18:07:56,941 INFO o.a.j.s.SampleResult: sampleresult.default.encoding is set to ISO-8859-1
2021-01-03 18:07:56,941 INFO o.a.j.s.SampleResult: sampleresult.useNanoTime=true
2021-01-03 18:07:56,941 INFO o.a.j.s.SampleResult: sampleresult.nanoThreadSleep=5000
2021-01-03 18:07:56,945 INFO o.a.j.t.JMeterThread: Thread started: Thread Group - LL 1-6
2021-01-03 18:07:56,955 INFO o.a.j.t.JMeterThread: Thread started: Thread Group - LL 1-7
2021-01-03 18:07:56,964 INFO o.a.j.t.JMeterThread: Thread started: Thread Group - LL 1-8
2021-01-03 18:07:56,973 INFO o.a.j.t.JMeterThread: Thread started: Thread Group - LL 1-9
2021-01-03 18:07:56,982 INFO o.a.j.t.JMeterThread: Thread started: Thread Group - LL 1-10
2021-01-03 18:07:56,992 INFO o.a.j.t.JMeterThread: Thread started: Thread Group - LL 1-11
2021-01-03 18:07:57,003 INFO o.a.j.t.JMeterThread: Thread started: Thread Group - LL 1-12
2021-01-03 18:07:57,012 INFO o.a.j.t.JMeterThread: Thread started: Thread Group - LL 1-13
2021-01-03 18:07:57,022 INFO o.a.j.t.JMeterThread: Thread started: Thread Group - LL 1-14
2021-01-03 18:07:57,032 INFO o.a.j.t.JMeterThread: Thread started: Thread Group - LL 1-15
2021-01-03 18:07:57,043 INFO o.a.j.t.JMeterThread: Thread started: Thread Group - LL 1-16
2021-01-03 18:07:57,052 INFO o.a.j.t.JMeterThread: Thread started: Thread Group - LL 1-17
2021-01-03 18:07:57,062 INFO o.a.j.t.JMeterThread: Thread started: Thread Group - LL 1-18
2021-01-03 18:07:57,073 INFO o.a.j.t.JMeterThread: Thread started: Thread Group - LL 1-19
2021-01-03 18:07:57,083 INFO o.a.j.t.JMeterThread: Thread started: Thread Group - LL 1-20
2021-01-03 18:07:57,092 INFO o.a.j.t.JMeterThread: Thread started: Thread Group - LL 1-21
2021-01-03 18:07:57,102 INFO o.a.j.t.JMeterThread: Thread started: Thread Group - LL 1-22
2021-01-03 18:07:57,113 INFO o.a.j.t.JMeterThread: Thread started: Thread Group - LL 1-23
2021-01-03 18:07:57,122 INFO o.a.j.t.JMeterThread: Thread started: Thread Group - LL 1-24
2021-01-03 18:07:57,133 INFO o.a.j.t.JMeterThread: Thread started: Thread Group - LL 1-25
2021-01-03 18:07:57,143 INFO o.a.j.t.JMeterThread: Thread started: Thread Group - LL 1-26
2021-01-03 18:07:57,152 INFO o.a.j.t.JMeterThread: Thread started: Thread Group - LL 1-27
2021-01-03 18:07:57,164 INFO o.a.j.t.JMeterThread: Thread started: Thread Group - LL 1-28
2021-01-03 18:07:57,174 INFO o.a.j.t.JMeterThread: Thread started: Thread Group - LL 1-29
2021-01-03 18:07:57,182 INFO o.a.j.t.JMeterThread: Thread started: Thread Group - LL 1-30
2021-01-03 18:07:57,192 INFO o.a.j.t.JMeterThread: Thread started: Thread Group - LL 1-31
2021-01-03 18:07:57,203 INFO o.a.j.t.JMeterThread: Thread started: Thread Group - LL 1-32
2021-01-03 18:07:57,212 INFO o.a.j.t.JMeterThread: Thread started: Thread Group - LL 1-33
2021-01-03 18:07:57,222 INFO o.a.j.t.JMeterThread: Thread started: Thread Group - LL 1-34
2021-01-03 18:07:57,231 INFO o.a.j.t.JMeterThread: Thread started: Thread Group - LL 1-35
2021-01-03 18:07:57,242 INFO o.a.j.t.JMeterThread: Thread started: Thread Group - LL 1-36
2021-01-03 18:07:57,254 INFO o.a.j.t.JMeterThread: Thread started: Thread Group - LL 1-37
2021-01-03 18:07:57,261 INFO o.a.j.t.JMeterThread: Thread started: Thread Group - LL 1-38
2021-01-03 18:07:57,272 INFO o.a.j.t.JMeterThread: Thread started: Thread Group - LL 1-39
2021-01-03 18:07:57,282 INFO o.a.j.t.JMeterThread: Thread started: Thread Group - LL 1-40
2021-01-03 18:07:57,292 INFO o.a.j.t.JMeterThread: Thread started: Thread Group - LL 1-41
2021-01-03 18:07:57,302 INFO o.a.j.t.JMeterThread: Thread started: Thread Group - LL 1-42
2021-01-03 18:07:57,312 INFO o.a.j.t.JMeterThread: Thread started: Thread Group - LL 1-43
2021-01-03 18:07:57,321 INFO o.a.j.t.JMeterThread: Thread started: Thread Group - LL 1-44
2021-01-03 18:07:57,334 INFO o.a.j.t.JMeterThread: Thread started: Thread Group - LL 1-45
2021-01-03 18:07:57,343 INFO o.a.j.t.JMeterThread: Thread started: Thread Group - LL 1-46
2021-01-03 18:07:57,352 INFO o.a.j.t.JMeterThread: Thread started: Thread Group - LL 1-47
2021-01-03 18:07:57,362 INFO o.a.j.t.JMeterThread: Thread started: Thread Group - LL 1-48
2021-01-03 18:07:57,372 INFO o.a.j.t.JMeterThread: Thread started: Thread Group - LL 1-49
2021-01-03 18:07:57,383 INFO o.a.j.t.JMeterThread: Thread started: Thread Group - LL 1-50
2021-01-03 18:07:57,392 INFO o.a.j.t.JMeterThread: Thread started: Thread Group - LL 1-51
2021-01-03 18:07:57,401 INFO o.a.j.t.JMeterThread: Thread started: Thread Group - LL 1-52
2021-01-03 18:07:57,411 INFO o.a.j.t.JMeterThread: Thread started: Thread Group - LL 1-53
2021-01-03 18:07:57,423 INFO o.a.j.t.JMeterThread: Thread started: Thread Group - LL 1-54
2021-01-03 18:07:57,432 INFO o.a.j.t.JMeterThread: Thread started: Thread Group - LL 1-55
2021-01-03 18:07:57,441 INFO o.a.j.t.JMeterThread: Thread started: Thread Group - LL 1-56
2021-01-03 18:07:57,452 INFO o.a.j.t.JMeterThread: Thread started: Thread Group - LL 1-57
2021-01-03 18:07:57,463 INFO o.a.j.t.JMeterThread: Thread started: Thread Group - LL 1-58
2021-01-03 18:07:57,471 INFO o.a.j.t.JMeterThread: Thread started: Thread Group - LL 1-59
2021-01-03 18:07:57,482 INFO o.a.j.t.JMeterThread: Thread started: Thread Group - LL 1-60
2021-01-03 18:07:57,492 INFO o.a.j.t.JMeterThread: Thread started: Thread Group - LL 1-61
2021-01-03 18:07:57,501 INFO o.a.j.t.JMeterThread: Thread started: Thread Group - LL 1-62
2021-01-03 18:07:57,511 INFO o.a.j.t.JMeterThread: Thread started: Thread Group - LL 1-63
2021-01-03 18:07:57,522 INFO o.a.j.t.JMeterThread: Thread started: Thread Group - LL 1-64
2021-01-03 18:07:57,531 INFO o.a.j.t.JMeterThread: Thread started: Thread Group - LL 1-65
2021-01-03 18:07:57,542 INFO o.a.j.t.JMeterThread: Thread started: Thread Group - LL 1-66
2021-01-03 18:07:57,552 INFO o.a.j.t.JMeterThread: Thread started: Thread Group - LL 1-67
2021-01-03 18:07:57,562 INFO o.a.j.t.JMeterThread: Thread started: Thread Group - LL 1-68
2021-01-03 18:07:57,572 INFO o.a.j.t.JMeterThread: Thread started: Thread Group - LL 1-69
2021-01-03 18:07:57,582 INFO o.a.j.t.JMeterThread: Thread started: Thread Group - LL 1-70
2021-01-03 18:07:57,591 INFO o.a.j.t.JMeterThread: Thread started: Thread Group - LL 1-71
2021-01-03 18:07:57,602 INFO o.a.j.t.JMeterThread: Thread started: Thread Group - LL 1-72
2021-01-03 18:07:57,612 INFO o.a.j.t.JMeterThread: Thread started: Thread Group - LL 1-73
2021-01-03 18:07:57,622 INFO o.a.j.t.JMeterThread: Thread started: Thread Group - LL 1-74
2021-01-03 18:07:57,631 INFO o.a.j.t.JMeterThread: Thread started: Thread Group - LL 1-75
2021-01-03 18:07:57,642 INFO o.a.j.t.JMeterThread: Thread started: Thread Group - LL 1-76
2021-01-03 18:07:57,652 INFO o.a.j.t.JMeterThread: Thread started: Thread Group - LL 1-77
2021-01-03 18:07:57,662 INFO o.a.j.t.JMeterThread: Thread started: Thread Group - LL 1-78
2021-01-03 18:07:57,671 INFO o.a.j.t.JMeterThread: Thread started: Thread Group - LL 1-79
2021-01-03 18:07:57,682 INFO o.a.j.t.JMeterThread: Thread started: Thread Group - LL 1-80
2021-01-03 18:07:57,692 INFO o.a.j.t.JMeterThread: Thread started: Thread Group - LL 1-81
2021-01-03 18:07:57,702 INFO o.a.j.t.JMeterThread: Thread started: Thread Group - LL 1-82
2021-01-03 18:07:57,711 INFO o.a.j.t.JMeterThread: Thread started: Thread Group - LL 1-83
2021-01-03 18:07:57,721 INFO o.a.j.t.JMeterThread: Thread started: Thread Group - LL 1-84
2021-01-03 18:07:57,732 INFO o.a.j.t.JMeterThread: Thread started: Thread Group - LL 1-85
2021-01-03 18:07:57,742 INFO o.a.j.t.JMeterThread: Thread started: Thread Group - LL 1-86
2021-01-03 18:07:57,751 INFO o.a.j.t.JMeterThread: Thread started: Thread Group - LL 1-87
2021-01-03 18:07:57,762 INFO o.a.j.t.JMeterThread: Thread started: Thread Group - LL 1-88
2021-01-03 18:07:57,772 INFO o.a.j.t.JMeterThread: Thread started: Thread Group - LL 1-89
2021-01-03 18:07:57,781 INFO o.a.j.t.JMeterThread: Thread started: Thread Group - LL 1-90
2021-01-03 18:07:57,791 INFO o.a.j.t.JMeterThread: Thread started: Thread Group - LL 1-91
2021-01-03 18:07:57,802 INFO o.a.j.t.JMeterThread: Thread started: Thread Group - LL 1-92
2021-01-03 18:07:57,812 INFO o.a.j.t.JMeterThread: Thread started: Thread Group - LL 1-93
2021-01-03 18:07:57,821 INFO o.a.j.t.JMeterThread: Thread started: Thread Group - LL 1-94
2021-01-03 18:07:57,831 INFO o.a.j.t.JMeterThread: Thread started: Thread Group - LL 1-95
2021-01-03 18:07:57,842 INFO o.a.j.t.JMeterThread: Thread started: Thread Group - LL 1-96
2021-01-03 18:07:57,852 INFO o.a.j.t.JMeterThread: Thread started: Thread Group - LL 1-97
2021-01-03 18:07:57,862 INFO o.a.j.t.JMeterThread: Thread started: Thread Group - LL 1-98
2021-01-03 18:07:57,872 INFO o.a.j.t.JMeterThread: Thread started: Thread Group - LL 1-99
2021-01-03 18:07:57,883 INFO o.a.j.t.JMeterThread: Thread started: Thread Group - LL 1-100
2021-01-03 18:08:00,006 INFO o.a.j.r.Summariser: summary +    466 in 00:00:03 =  149.0/s Avg:     5 Min:     1 Max:    73 Err:     0 (0.00%) Active: 100 Started: 100 Finished: 0
2021-01-03 18:08:30,002 INFO o.a.j.r.Summariser: summary +   3748 in 00:00:30 =  124.9/s Avg:     2 Min:     0 Max:    61 Err:     0 (0.00%) Active: 100 Started: 100 Finished: 0
2021-01-03 18:08:30,004 INFO o.a.j.r.Summariser: summary =   4214 in 00:00:33 =  127.2/s Avg:     3 Min:     0 Max:    73 Err:     0 (0.00%)
2021-01-03 18:08:56,109 INFO o.a.j.t.JMeterThread: Thread finished: Thread Group - LL 1-12
2021-01-03 18:08:56,138 INFO o.a.j.t.JMeterThread: Thread finished: Thread Group - LL 1-51
2021-01-03 18:08:56,160 INFO o.a.j.t.JMeterThread: Thread finished: Thread Group - LL 1-93
2021-01-03 18:08:56,170 INFO o.a.j.t.JMeterThread: Thread finished: Thread Group - LL 1-52
2021-01-03 18:08:56,177 INFO o.a.j.t.JMeterThread: Thread finished: Thread Group - LL 1-14
2021-01-03 18:08:56,183 INFO o.a.j.t.JMeterThread: Thread finished: Thread Group - LL 1-29
2021-01-03 18:08:56,184 INFO o.a.j.t.JMeterThread: Thread finished: Thread Group - LL 1-94
2021-01-03 18:08:56,196 INFO o.a.j.t.JMeterThread: Thread finished: Thread Group - LL 1-15
2021-01-03 18:08:56,208 INFO o.a.j.t.JMeterThread: Thread finished: Thread Group - LL 1-95
2021-01-03 18:08:56,209 INFO o.a.j.t.JMeterThread: Thread finished: Thread Group - LL 1-53
2021-01-03 18:08:56,231 INFO o.a.j.t.JMeterThread: Thread finished: Thread Group - LL 1-97
2021-01-03 18:08:56,232 INFO o.a.j.t.JMeterThread: Thread finished: Thread Group - LL 1-30
2021-01-03 18:08:56,233 INFO o.a.j.t.JMeterThread: Thread finished: Thread Group - LL 1-54
2021-01-03 18:08:56,245 INFO o.a.j.t.JMeterThread: Thread finished: Thread Group - LL 1-16
2021-01-03 18:08:56,266 INFO o.a.j.t.JMeterThread: Thread finished: Thread Group - LL 1-99
2021-01-03 18:08:56,266 INFO o.a.j.t.JMeterThread: Thread finished: Thread Group - LL 1-55
2021-01-03 18:08:56,284 INFO o.a.j.t.JMeterThread: Thread finished: Thread Group - LL 1-100
2021-01-03 18:08:56,290 INFO o.a.j.t.JMeterThread: Thread finished: Thread Group - LL 1-31
2021-01-03 18:08:56,293 INFO o.a.j.t.JMeterThread: Thread finished: Thread Group - LL 1-56
2021-01-03 18:08:56,309 INFO o.a.j.t.JMeterThread: Thread finished: Thread Group - LL 1-57
2021-01-03 18:08:56,319 INFO o.a.j.t.JMeterThread: Thread finished: Thread Group - LL 1-32
2021-01-03 18:08:56,330 INFO o.a.j.t.JMeterThread: Thread finished: Thread Group - LL 1-58
2021-01-03 18:08:56,345 INFO o.a.j.t.JMeterThread: Thread finished: Thread Group - LL 1-59
2021-01-03 18:08:56,350 INFO o.a.j.t.JMeterThread: Thread finished: Thread Group - LL 1-17
2021-01-03 18:08:56,351 INFO o.a.j.t.JMeterThread: Thread finished: Thread Group - LL 1-33
2021-01-03 18:08:56,363 INFO o.a.j.t.JMeterThread: Thread finished: Thread Group - LL 1-60
2021-01-03 18:08:56,382 INFO o.a.j.t.JMeterThread: Thread finished: Thread Group - LL 1-61
2021-01-03 18:08:56,384 INFO o.a.j.t.JMeterThread: Thread finished: Thread Group - LL 1-34
2021-01-03 18:08:56,385 INFO o.a.j.t.JMeterThread: Thread finished: Thread Group - LL 1-18
2021-01-03 18:08:56,404 INFO o.a.j.t.JMeterThread: Thread finished: Thread Group - LL 1-62
2021-01-03 18:08:56,418 INFO o.a.j.t.JMeterThread: Thread finished: Thread Group - LL 1-63
2021-01-03 18:08:56,420 INFO o.a.j.t.JMeterThread: Thread finished: Thread Group - LL 1-35
2021-01-03 18:08:56,437 INFO o.a.j.t.JMeterThread: Thread finished: Thread Group - LL 1-64
2021-01-03 18:08:56,444 INFO o.a.j.t.JMeterThread: Thread finished: Thread Group - LL 1-19
2021-01-03 18:08:56,454 INFO o.a.j.t.JMeterThread: Thread finished: Thread Group - LL 1-36
2021-01-03 18:08:56,456 INFO o.a.j.t.JMeterThread: Thread finished: Thread Group - LL 1-65
2021-01-03 18:08:56,458 INFO o.a.j.t.JMeterThread: Thread finished: Thread Group - LL 1-2
2021-01-03 18:08:56,460 INFO o.a.j.t.JMeterThread: Thread finished: Thread Group - LL 1-5
2021-01-03 18:08:56,471 INFO o.a.j.t.JMeterThread: Thread finished: Thread Group - LL 1-20
2021-01-03 18:08:56,472 INFO o.a.j.t.JMeterThread: Thread finished: Thread Group - LL 1-66
2021-01-03 18:08:56,479 INFO o.a.j.t.JMeterThread: Thread finished: Thread Group - LL 1-37
2021-01-03 18:08:56,489 INFO o.a.j.t.JMeterThread: Thread finished: Thread Group - LL 1-67
2021-01-03 18:08:56,507 INFO o.a.j.t.JMeterThread: Thread finished: Thread Group - LL 1-68
2021-01-03 18:08:56,509 INFO o.a.j.t.JMeterThread: Thread finished: Thread Group - LL 1-1
2021-01-03 18:08:56,510 INFO o.a.j.t.JMeterThread: Thread finished: Thread Group - LL 1-21
2021-01-03 18:08:56,512 INFO o.a.j.t.JMeterThread: Thread finished: Thread Group - LL 1-38
2021-01-03 18:08:56,513 INFO o.a.j.t.JMeterThread: Thread finished: Thread Group - LL 1-4
2021-01-03 18:08:56,516 INFO o.a.j.t.JMeterThread: Thread finished: Thread Group - LL 1-3
2021-01-03 18:08:56,534 INFO o.a.j.t.JMeterThread: Thread finished: Thread Group - LL 1-69
2021-01-03 18:08:56,552 INFO o.a.j.t.JMeterThread: Thread finished: Thread Group - LL 1-70
2021-01-03 18:08:56,554 INFO o.a.j.t.JMeterThread: Thread finished: Thread Group - LL 1-39
2021-01-03 18:08:56,595 INFO o.a.j.t.JMeterThread: Thread finished: Thread Group - LL 1-71
2021-01-03 18:08:56,597 INFO o.a.j.t.JMeterThread: Thread finished: Thread Group - LL 1-40
2021-01-03 18:08:56,602 INFO o.a.j.t.JMeterThread: Thread finished: Thread Group - LL 1-22
2021-01-03 18:08:56,605 INFO o.a.j.t.JMeterThread: Thread finished: Thread Group - LL 1-6
2021-01-03 18:08:56,608 INFO o.a.j.t.JMeterThread: Thread finished: Thread Group - LL 1-72
2021-01-03 18:08:56,615 INFO o.a.j.t.JMeterThread: Thread finished: Thread Group - LL 1-8
2021-01-03 18:08:56,616 INFO o.a.j.t.JMeterThread: Thread finished: Thread Group - LL 1-73
2021-01-03 18:08:56,623 INFO o.a.j.t.JMeterThread: Thread finished: Thread Group - LL 1-41
2021-01-03 18:08:56,624 INFO o.a.j.t.JMeterThread: Thread finished: Thread Group - LL 1-74
2021-01-03 18:08:56,627 INFO o.a.j.t.JMeterThread: Thread finished: Thread Group - LL 1-23
2021-01-03 18:08:56,629 INFO o.a.j.t.JMeterThread: Thread finished: Thread Group - LL 1-7
2021-01-03 18:08:56,632 INFO o.a.j.t.JMeterThread: Thread finished: Thread Group - LL 1-75
2021-01-03 18:08:56,639 INFO o.a.j.t.JMeterThread: Thread finished: Thread Group - LL 1-42
2021-01-03 18:08:56,652 INFO o.a.j.t.JMeterThread: Thread finished: Thread Group - LL 1-76
2021-01-03 18:08:56,654 INFO o.a.j.t.JMeterThread: Thread finished: Thread Group - LL 1-9
2021-01-03 18:08:56,670 INFO o.a.j.t.JMeterThread: Thread finished: Thread Group - LL 1-77
2021-01-03 18:08:56,690 INFO o.a.j.t.JMeterThread: Thread finished: Thread Group - LL 1-43
2021-01-03 18:08:56,692 INFO o.a.j.t.JMeterThread: Thread finished: Thread Group - LL 1-24
2021-01-03 18:08:56,696 INFO o.a.j.t.JMeterThread: Thread finished: Thread Group - LL 1-10
2021-01-03 18:08:56,696 INFO o.a.j.t.JMeterThread: Thread finished: Thread Group - LL 1-78
2021-01-03 18:08:56,704 INFO o.a.j.t.JMeterThread: Thread finished: Thread Group - LL 1-79
2021-01-03 18:08:56,716 INFO o.a.j.t.JMeterThread: Thread finished: Thread Group - LL 1-44
2021-01-03 18:08:56,727 INFO o.a.j.t.JMeterThread: Thread finished: Thread Group - LL 1-80
2021-01-03 18:08:56,741 INFO o.a.j.t.JMeterThread: Thread finished: Thread Group - LL 1-81
2021-01-03 18:08:56,743 INFO o.a.j.t.JMeterThread: Thread finished: Thread Group - LL 1-25
2021-01-03 18:08:56,744 INFO o.a.j.t.JMeterThread: Thread finished: Thread Group - LL 1-45
2021-01-03 18:08:56,759 INFO o.a.j.t.JMeterThread: Thread finished: Thread Group - LL 1-82
2021-01-03 18:08:56,777 INFO o.a.j.t.JMeterThread: Thread finished: Thread Group - LL 1-46
2021-01-03 18:08:56,778 INFO o.a.j.t.JMeterThread: Thread finished: Thread Group - LL 1-83
2021-01-03 18:08:56,796 INFO o.a.j.t.JMeterThread: Thread finished: Thread Group - LL 1-84
2021-01-03 18:08:56,801 INFO o.a.j.t.JMeterThread: Thread finished: Thread Group - LL 1-26
2021-01-03 18:08:56,803 INFO o.a.j.t.JMeterThread: Thread finished: Thread Group - LL 1-47
2021-01-03 18:08:56,813 INFO o.a.j.t.JMeterThread: Thread finished: Thread Group - LL 1-85
2021-01-03 18:08:56,832 INFO o.a.j.t.JMeterThread: Thread finished: Thread Group - LL 1-86
2021-01-03 18:08:56,835 INFO o.a.j.t.JMeterThread: Thread finished: Thread Group - LL 1-48
2021-01-03 18:08:56,848 INFO o.a.j.t.JMeterThread: Thread finished: Thread Group - LL 1-87
2021-01-03 18:08:56,850 INFO o.a.j.t.JMeterThread: Thread finished: Thread Group - LL 1-11
2021-01-03 18:08:56,851 INFO o.a.j.t.JMeterThread: Thread finished: Thread Group - LL 1-27
2021-01-03 18:08:56,867 INFO o.a.j.t.JMeterThread: Thread finished: Thread Group - LL 1-88
2021-01-03 18:08:56,869 INFO o.a.j.t.JMeterThread: Thread finished: Thread Group - LL 1-13
2021-01-03 18:08:56,870 INFO o.a.j.t.JMeterThread: Thread finished: Thread Group - LL 1-49
2021-01-03 18:08:56,887 INFO o.a.j.t.JMeterThread: Thread finished: Thread Group - LL 1-89
2021-01-03 18:08:56,902 INFO o.a.j.t.JMeterThread: Thread finished: Thread Group - LL 1-90
2021-01-03 18:08:56,904 INFO o.a.j.t.JMeterThread: Thread finished: Thread Group - LL 1-50
2021-01-03 18:08:56,909 INFO o.a.j.t.JMeterThread: Thread finished: Thread Group - LL 1-28
2021-01-03 18:08:56,914 INFO o.a.j.t.JMeterThread: Thread finished: Thread Group - LL 1-91
2021-01-03 18:08:56,924 INFO o.a.j.t.JMeterThread: Thread finished: Thread Group - LL 1-92
2021-01-03 18:08:56,933 INFO o.a.j.t.JMeterThread: Thread finished: Thread Group - LL 1-96
2021-01-03 18:08:56,935 INFO o.a.j.t.JMeterThread: Stopping because end time detected by thread: Thread Group - LL 1-98
2021-01-03 18:08:56,935 INFO o.a.j.t.JMeterThread: Thread finished: Thread Group - LL 1-98
2021-01-03 18:08:56,936 INFO o.a.j.e.StandardJMeterEngine: Notifying test listeners of end of test
2021-01-03 18:08:56,937 INFO o.a.j.r.Summariser: summary +   3370 in 00:00:27 =  125.1/s Avg:     2 Min:     0 Max:    29 Err:     0 (0.00%) Active: 0 Started: 100 Finished: 100
2021-01-03 18:08:56,938 INFO o.a.j.r.Summariser: summary =   7584 in 00:01:00 =  126.3/s Avg:     2 Min:     0 Max:    73 Err:     0 (0.00%)
