2021-01-03 18:14:24,818 INFO o.a.j.u.JMeterUtils: Setting Locale to en_EN
2021-01-03 18:14:24,838 INFO o.a.j.JMeter: Loading user properties from: user.properties
2021-01-03 18:14:24,839 INFO o.a.j.JMeter: Loading system properties from: system.properties
2021-01-03 18:14:24,840 INFO o.a.j.JMeter: Copyright (c) 1998-2020 The Apache Software Foundation
2021-01-03 18:14:24,840 INFO o.a.j.JMeter: Version 5.3
2021-01-03 18:14:24,841 INFO o.a.j.JMeter: java.version=11.0.8
2021-01-03 18:14:24,841 INFO o.a.j.JMeter: java.vm.name=Java HotSpot(TM) 64-Bit Server VM
2021-01-03 18:14:24,841 INFO o.a.j.JMeter: os.name=Windows 10
2021-01-03 18:14:24,841 INFO o.a.j.JMeter: os.arch=amd64
2021-01-03 18:14:24,841 INFO o.a.j.JMeter: os.version=10.0
2021-01-03 18:14:24,841 INFO o.a.j.JMeter: file.encoding=Cp1252
2021-01-03 18:14:24,841 INFO o.a.j.JMeter: java.awt.headless=true
2021-01-03 18:14:24,842 INFO o.a.j.JMeter: Max memory     =1073741824
2021-01-03 18:14:24,842 INFO o.a.j.JMeter: Available Processors =8
2021-01-03 18:14:24,851 INFO o.a.j.JMeter: Default Locale=English (EN)
2021-01-03 18:14:24,852 INFO o.a.j.JMeter: JMeter  Locale=English (EN)
2021-01-03 18:14:24,852 INFO o.a.j.JMeter: JMeterHome=C:\Users\fabio\Documents\Fabio\Università\Magistrale\2°anno\1°semestre\Impianti di Elaborazione\apache-jmeter-5.3
2021-01-03 18:14:24,852 INFO o.a.j.JMeter: user.dir  =C:\Users\fabio\Documents\Fabio\Università\Magistrale\2°anno\1°semestre\Impianti di Elaborazione\apache-jmeter-5.3\bin
2021-01-03 18:14:24,853 INFO o.a.j.JMeter: PWD       =C:\Users\fabio\Documents\Fabio\Università\Magistrale\2°anno\1°semestre\Impianti di Elaborazione\apache-jmeter-5.3\bin
2021-01-03 18:14:24,859 INFO o.a.j.JMeter: IP: 192.168.56.1 Name: LAPTOP-DSVV6SSR FullName: 192.168.56.1
2021-01-03 18:14:24,867 INFO o.a.j.s.FileServer: Default base='C:\Users\fabio\Documents\Fabio\Università\Magistrale\2°anno\1°semestre\Impianti di Elaborazione\apache-jmeter-5.3\bin'
2021-01-03 18:14:24,868 INFO o.a.j.s.FileServer: Set new base='C:\Users\fabio\Documents\Fabio\Università\Magistrale\2°anno\1°semestre\Impianti di Elaborazione\apache-jmeter-5.3\bin'
2021-01-03 18:14:24,990 INFO o.a.j.s.SaveService: Testplan (JMX) version: 2.2. Testlog (JTL) version: 2.2
2021-01-03 18:14:25,011 INFO o.a.j.s.SaveService: Using SaveService properties version 5.0
2021-01-03 18:14:25,015 INFO o.a.j.s.SaveService: Using SaveService properties file encoding UTF-8
2021-01-03 18:14:25,018 INFO o.a.j.s.SaveService: Loading file: DesignofExperiment.jmx
2021-01-03 18:14:25,079 INFO o.a.j.p.h.s.HTTPSamplerBase: Parser for text/html is org.apache.jmeter.protocol.http.parser.LagartoBasedHtmlParser
2021-01-03 18:14:25,080 INFO o.a.j.p.h.s.HTTPSamplerBase: Parser for application/xhtml+xml is org.apache.jmeter.protocol.http.parser.LagartoBasedHtmlParser
2021-01-03 18:14:25,080 INFO o.a.j.p.h.s.HTTPSamplerBase: Parser for application/xml is org.apache.jmeter.protocol.http.parser.LagartoBasedHtmlParser
2021-01-03 18:14:25,080 INFO o.a.j.p.h.s.HTTPSamplerBase: Parser for text/xml is org.apache.jmeter.protocol.http.parser.LagartoBasedHtmlParser
2021-01-03 18:14:25,080 INFO o.a.j.p.h.s.HTTPSamplerBase: Parser for text/vnd.wap.wml is org.apache.jmeter.protocol.http.parser.RegexpHTMLParser
2021-01-03 18:14:25,080 INFO o.a.j.p.h.s.HTTPSamplerBase: Parser for text/css is org.apache.jmeter.protocol.http.parser.CssParser
2021-01-03 18:14:25,106 INFO o.a.j.JMeter: Creating summariser <summary>
2021-01-03 18:14:25,112 INFO o.a.j.e.StandardJMeterEngine: Running the test!
2021-01-03 18:14:25,113 INFO o.a.j.s.SampleEvent: List of sample_variables: []
2021-01-03 18:14:25,113 INFO o.a.j.s.SampleEvent: List of sample_variables: []
2021-01-03 18:14:25,123 INFO o.a.j.e.u.CompoundVariable: Note: Function class names must contain the string: '.functions.'
2021-01-03 18:14:25,123 INFO o.a.j.e.u.CompoundVariable: Note: Function class names must not contain the string: '.gui.'
2021-01-03 18:14:25,417 INFO o.a.j.JMeter: Running test (1609694065417)
2021-01-03 18:14:25,431 INFO o.a.j.e.StandardJMeterEngine: Starting ThreadGroup: 1 : Thread Group - LM
2021-01-03 18:14:25,431 INFO o.a.j.e.StandardJMeterEngine: Starting 100 threads for group Thread Group - LM.
2021-01-03 18:14:25,431 INFO o.a.j.e.StandardJMeterEngine: Thread will continue on error
2021-01-03 18:14:25,431 INFO o.a.j.t.ThreadGroup: Starting thread group... number=1 threads=100 ramp-up=1 delayedStart=false
2021-01-03 18:14:25,441 INFO o.a.j.t.JMeterThread: Thread started: Thread Group - LM 1-1
2021-01-03 18:14:25,449 INFO o.a.j.t.JMeterThread: Thread started: Thread Group - LM 1-2
2021-01-03 18:14:25,455 INFO o.a.j.t.JMeterThread: Thread started: Thread Group - LM 1-3
2021-01-03 18:14:25,464 INFO o.a.j.t.JMeterThread: Thread started: Thread Group - LM 1-4
2021-01-03 18:14:25,473 INFO o.a.j.t.JMeterThread: Thread started: Thread Group - LM 1-5
2021-01-03 18:14:25,476 INFO o.a.j.p.h.s.HTTPHCAbstractImpl: Local host = LAPTOP-DSVV6SSR
2021-01-03 18:14:25,479 INFO o.a.j.t.ThreadGroup: Started thread group number 1
2021-01-03 18:14:25,479 INFO o.a.j.e.StandardJMeterEngine: All thread groups have been started
2021-01-03 18:14:25,485 INFO o.a.j.p.h.s.HTTPHC4Impl: HTTP request retry count = 0
2021-01-03 18:14:25,486 INFO o.a.j.s.SampleResult: Note: Sample TimeStamps are START times
2021-01-03 18:14:25,486 INFO o.a.j.s.SampleResult: sampleresult.default.encoding is set to ISO-8859-1
2021-01-03 18:14:25,486 INFO o.a.j.s.SampleResult: sampleresult.useNanoTime=true
2021-01-03 18:14:25,487 INFO o.a.j.s.SampleResult: sampleresult.nanoThreadSleep=5000
2021-01-03 18:14:25,487 INFO o.a.j.t.JMeterThread: Thread started: Thread Group - LM 1-6
2021-01-03 18:14:25,498 INFO o.a.j.t.JMeterThread: Thread started: Thread Group - LM 1-7
2021-01-03 18:14:25,505 INFO o.a.j.t.JMeterThread: Thread started: Thread Group - LM 1-8
2021-01-03 18:14:25,514 INFO o.a.j.t.JMeterThread: Thread started: Thread Group - LM 1-9
2021-01-03 18:14:25,523 INFO o.a.j.t.JMeterThread: Thread started: Thread Group - LM 1-10
2021-01-03 18:14:25,534 INFO o.a.j.t.JMeterThread: Thread started: Thread Group - LM 1-11
2021-01-03 18:14:25,543 INFO o.a.j.t.JMeterThread: Thread started: Thread Group - LM 1-12
2021-01-03 18:14:25,552 INFO o.a.j.t.JMeterThread: Thread started: Thread Group - LM 1-13
2021-01-03 18:14:25,563 INFO o.a.j.t.JMeterThread: Thread started: Thread Group - LM 1-14
2021-01-03 18:14:25,573 INFO o.a.j.t.JMeterThread: Thread started: Thread Group - LM 1-15
2021-01-03 18:14:25,583 INFO o.a.j.t.JMeterThread: Thread started: Thread Group - LM 1-16
2021-01-03 18:14:25,592 INFO o.a.j.t.JMeterThread: Thread started: Thread Group - LM 1-17
2021-01-03 18:14:25,603 INFO o.a.j.t.JMeterThread: Thread started: Thread Group - LM 1-18
2021-01-03 18:14:25,613 INFO o.a.j.t.JMeterThread: Thread started: Thread Group - LM 1-19
2021-01-03 18:14:25,623 INFO o.a.j.t.JMeterThread: Thread started: Thread Group - LM 1-20
2021-01-03 18:14:25,638 INFO o.a.j.t.JMeterThread: Thread started: Thread Group - LM 1-21
2021-01-03 18:14:25,643 INFO o.a.j.t.JMeterThread: Thread started: Thread Group - LM 1-22
2021-01-03 18:14:25,653 INFO o.a.j.t.JMeterThread: Thread started: Thread Group - LM 1-23
2021-01-03 18:14:25,664 INFO o.a.j.t.JMeterThread: Thread started: Thread Group - LM 1-24
2021-01-03 18:14:25,673 INFO o.a.j.t.JMeterThread: Thread started: Thread Group - LM 1-25
2021-01-03 18:14:25,684 INFO o.a.j.t.JMeterThread: Thread started: Thread Group - LM 1-26
2021-01-03 18:14:25,693 INFO o.a.j.t.JMeterThread: Thread started: Thread Group - LM 1-27
2021-01-03 18:14:25,703 INFO o.a.j.t.JMeterThread: Thread started: Thread Group - LM 1-28
2021-01-03 18:14:25,713 INFO o.a.j.t.JMeterThread: Thread started: Thread Group - LM 1-29
2021-01-03 18:14:25,723 INFO o.a.j.t.JMeterThread: Thread started: Thread Group - LM 1-30
2021-01-03 18:14:25,735 INFO o.a.j.t.JMeterThread: Thread started: Thread Group - LM 1-31
2021-01-03 18:14:25,744 INFO o.a.j.t.JMeterThread: Thread started: Thread Group - LM 1-32
2021-01-03 18:14:25,753 INFO o.a.j.t.JMeterThread: Thread started: Thread Group - LM 1-33
2021-01-03 18:14:25,764 INFO o.a.j.t.JMeterThread: Thread started: Thread Group - LM 1-34
2021-01-03 18:14:25,777 INFO o.a.j.t.JMeterThread: Thread started: Thread Group - LM 1-35
2021-01-03 18:14:25,783 INFO o.a.j.t.JMeterThread: Thread started: Thread Group - LM 1-36
2021-01-03 18:14:25,794 INFO o.a.j.t.JMeterThread: Thread started: Thread Group - LM 1-37
2021-01-03 18:14:25,804 INFO o.a.j.t.JMeterThread: Thread started: Thread Group - LM 1-38
2021-01-03 18:14:25,813 INFO o.a.j.t.JMeterThread: Thread started: Thread Group - LM 1-39
2021-01-03 18:14:25,823 INFO o.a.j.t.JMeterThread: Thread started: Thread Group - LM 1-40
2021-01-03 18:14:25,834 INFO o.a.j.t.JMeterThread: Thread started: Thread Group - LM 1-41
2021-01-03 18:14:25,843 INFO o.a.j.t.JMeterThread: Thread started: Thread Group - LM 1-42
2021-01-03 18:14:25,854 INFO o.a.j.t.JMeterThread: Thread started: Thread Group - LM 1-43
2021-01-03 18:14:25,864 INFO o.a.j.t.JMeterThread: Thread started: Thread Group - LM 1-44
2021-01-03 18:14:25,873 INFO o.a.j.t.JMeterThread: Thread started: Thread Group - LM 1-45
2021-01-03 18:14:25,884 INFO o.a.j.t.JMeterThread: Thread started: Thread Group - LM 1-46
2021-01-03 18:14:25,899 INFO o.a.j.t.JMeterThread: Thread started: Thread Group - LM 1-47
2021-01-03 18:14:25,903 INFO o.a.j.t.JMeterThread: Thread started: Thread Group - LM 1-48
2021-01-03 18:14:25,914 INFO o.a.j.t.JMeterThread: Thread started: Thread Group - LM 1-49
2021-01-03 18:14:25,924 INFO o.a.j.t.JMeterThread: Thread started: Thread Group - LM 1-50
2021-01-03 18:14:25,933 INFO o.a.j.t.JMeterThread: Thread started: Thread Group - LM 1-51
2021-01-03 18:14:25,943 INFO o.a.j.t.JMeterThread: Thread started: Thread Group - LM 1-52
2021-01-03 18:14:25,954 INFO o.a.j.t.JMeterThread: Thread started: Thread Group - LM 1-53
2021-01-03 18:14:25,964 INFO o.a.j.t.JMeterThread: Thread started: Thread Group - LM 1-54
2021-01-03 18:14:25,973 INFO o.a.j.t.JMeterThread: Thread started: Thread Group - LM 1-55
2021-01-03 18:14:25,984 INFO o.a.j.t.JMeterThread: Thread started: Thread Group - LM 1-56
2021-01-03 18:14:25,993 INFO o.a.j.t.JMeterThread: Thread started: Thread Group - LM 1-57
2021-01-03 18:14:26,003 INFO o.a.j.t.JMeterThread: Thread started: Thread Group - LM 1-58
2021-01-03 18:14:26,014 INFO o.a.j.t.JMeterThread: Thread started: Thread Group - LM 1-59
2021-01-03 18:14:26,024 INFO o.a.j.t.JMeterThread: Thread started: Thread Group - LM 1-60
2021-01-03 18:14:26,032 INFO o.a.j.t.JMeterThread: Thread started: Thread Group - LM 1-61
2021-01-03 18:14:26,044 INFO o.a.j.t.JMeterThread: Thread started: Thread Group - LM 1-62
2021-01-03 18:14:26,054 INFO o.a.j.t.JMeterThread: Thread started: Thread Group - LM 1-63
2021-01-03 18:14:26,063 INFO o.a.j.t.JMeterThread: Thread started: Thread Group - LM 1-64
2021-01-03 18:14:26,073 INFO o.a.j.t.JMeterThread: Thread started: Thread Group - LM 1-65
2021-01-03 18:14:26,084 INFO o.a.j.t.JMeterThread: Thread started: Thread Group - LM 1-66
2021-01-03 18:14:26,093 INFO o.a.j.t.JMeterThread: Thread started: Thread Group - LM 1-67
2021-01-03 18:14:26,104 INFO o.a.j.t.JMeterThread: Thread started: Thread Group - LM 1-68
2021-01-03 18:14:26,113 INFO o.a.j.t.JMeterThread: Thread started: Thread Group - LM 1-69
2021-01-03 18:14:26,123 INFO o.a.j.t.JMeterThread: Thread started: Thread Group - LM 1-70
2021-01-03 18:14:26,134 INFO o.a.j.t.JMeterThread: Thread started: Thread Group - LM 1-71
2021-01-03 18:14:26,145 INFO o.a.j.t.JMeterThread: Thread started: Thread Group - LM 1-72
2021-01-03 18:14:26,153 INFO o.a.j.t.JMeterThread: Thread started: Thread Group - LM 1-73
2021-01-03 18:14:26,163 INFO o.a.j.t.JMeterThread: Thread started: Thread Group - LM 1-74
2021-01-03 18:14:26,174 INFO o.a.j.t.JMeterThread: Thread started: Thread Group - LM 1-75
2021-01-03 18:14:26,183 INFO o.a.j.t.JMeterThread: Thread started: Thread Group - LM 1-76
2021-01-03 18:14:26,193 INFO o.a.j.t.JMeterThread: Thread started: Thread Group - LM 1-77
2021-01-03 18:14:26,203 INFO o.a.j.t.JMeterThread: Thread started: Thread Group - LM 1-78
2021-01-03 18:14:26,213 INFO o.a.j.t.JMeterThread: Thread started: Thread Group - LM 1-79
2021-01-03 18:14:26,224 INFO o.a.j.t.JMeterThread: Thread started: Thread Group - LM 1-80
2021-01-03 18:14:26,233 INFO o.a.j.t.JMeterThread: Thread started: Thread Group - LM 1-81
2021-01-03 18:14:26,242 INFO o.a.j.t.JMeterThread: Thread started: Thread Group - LM 1-82
2021-01-03 18:14:26,253 INFO o.a.j.t.JMeterThread: Thread started: Thread Group - LM 1-83
2021-01-03 18:14:26,264 INFO o.a.j.t.JMeterThread: Thread started: Thread Group - LM 1-84
2021-01-03 18:14:26,273 INFO o.a.j.t.JMeterThread: Thread started: Thread Group - LM 1-85
2021-01-03 18:14:26,282 INFO o.a.j.t.JMeterThread: Thread started: Thread Group - LM 1-86
2021-01-03 18:14:26,293 INFO o.a.j.t.JMeterThread: Thread started: Thread Group - LM 1-87
2021-01-03 18:14:26,304 INFO o.a.j.t.JMeterThread: Thread started: Thread Group - LM 1-88
2021-01-03 18:14:26,312 INFO o.a.j.t.JMeterThread: Thread started: Thread Group - LM 1-89
2021-01-03 18:14:26,322 INFO o.a.j.t.JMeterThread: Thread started: Thread Group - LM 1-90
2021-01-03 18:14:26,334 INFO o.a.j.t.JMeterThread: Thread started: Thread Group - LM 1-91
2021-01-03 18:14:26,344 INFO o.a.j.t.JMeterThread: Thread started: Thread Group - LM 1-92
2021-01-03 18:14:26,352 INFO o.a.j.t.JMeterThread: Thread started: Thread Group - LM 1-93
2021-01-03 18:14:26,363 INFO o.a.j.t.JMeterThread: Thread started: Thread Group - LM 1-94
2021-01-03 18:14:26,372 INFO o.a.j.t.JMeterThread: Thread started: Thread Group - LM 1-95
2021-01-03 18:14:26,385 INFO o.a.j.t.JMeterThread: Thread started: Thread Group - LM 1-96
2021-01-03 18:14:26,393 INFO o.a.j.t.JMeterThread: Thread started: Thread Group - LM 1-97
2021-01-03 18:14:26,402 INFO o.a.j.t.JMeterThread: Thread started: Thread Group - LM 1-98
2021-01-03 18:14:26,412 INFO o.a.j.t.JMeterThread: Thread started: Thread Group - LM 1-99
2021-01-03 18:14:26,423 INFO o.a.j.t.JMeterThread: Thread started: Thread Group - LM 1-100
2021-01-03 18:14:30,003 INFO o.a.j.r.Summariser: summary +    630 in 00:00:05 =  137.4/s Avg:    24 Min:     2 Max:   381 Err:     0 (0.00%) Active: 100 Started: 100 Finished: 0
2021-01-03 18:15:00,000 INFO o.a.j.r.Summariser: summary +   3744 in 00:00:30 =  124.8/s Avg:     7 Min:     1 Max:    50 Err:     0 (0.00%) Active: 100 Started: 100 Finished: 0
2021-01-03 18:15:00,001 INFO o.a.j.r.Summariser: summary =   4374 in 00:00:35 =  126.5/s Avg:    10 Min:     1 Max:   381 Err:     0 (0.00%)
2021-01-03 18:15:24,679 INFO o.a.j.t.JMeterThread: Thread finished: Thread Group - LM 1-1
2021-01-03 18:15:24,700 INFO o.a.j.t.JMeterThread: Thread finished: Thread Group - LM 1-48
2021-01-03 18:15:24,707 INFO o.a.j.t.JMeterThread: Thread finished: Thread Group - LM 1-91
2021-01-03 18:15:24,720 INFO o.a.j.t.JMeterThread: Thread finished: Thread Group - LM 1-93
2021-01-03 18:15:24,730 INFO o.a.j.t.JMeterThread: Thread finished: Thread Group - LM 1-20
2021-01-03 18:15:24,732 INFO o.a.j.t.JMeterThread: Thread finished: Thread Group - LM 1-94
2021-01-03 18:15:24,742 INFO o.a.j.t.JMeterThread: Thread finished: Thread Group - LM 1-7
2021-01-03 18:15:24,744 INFO o.a.j.t.JMeterThread: Thread finished: Thread Group - LM 1-51
2021-01-03 18:15:24,750 INFO o.a.j.t.JMeterThread: Thread finished: Thread Group - LM 1-95
2021-01-03 18:15:24,758 INFO o.a.j.t.JMeterThread: Thread finished: Thread Group - LM 1-49
2021-01-03 18:15:24,778 INFO o.a.j.t.JMeterThread: Thread finished: Thread Group - LM 1-96
2021-01-03 18:15:24,790 INFO o.a.j.t.JMeterThread: Thread finished: Thread Group - LM 1-97
2021-01-03 18:15:24,807 INFO o.a.j.t.JMeterThread: Thread finished: Thread Group - LM 1-26
2021-01-03 18:15:24,808 INFO o.a.j.t.JMeterThread: Thread finished: Thread Group - LM 1-52
2021-01-03 18:15:24,813 INFO o.a.j.t.JMeterThread: Thread finished: Thread Group - LM 1-10
2021-01-03 18:15:24,815 INFO o.a.j.t.JMeterThread: Thread finished: Thread Group - LM 1-24
2021-01-03 18:15:24,817 INFO o.a.j.t.JMeterThread: Thread finished: Thread Group - LM 1-25
2021-01-03 18:15:24,819 INFO o.a.j.t.JMeterThread: Thread finished: Thread Group - LM 1-53
2021-01-03 18:15:24,830 INFO o.a.j.t.JMeterThread: Thread finished: Thread Group - LM 1-54
2021-01-03 18:15:24,864 INFO o.a.j.t.JMeterThread: Thread finished: Thread Group - LM 1-55
2021-01-03 18:15:24,879 INFO o.a.j.t.JMeterThread: Thread finished: Thread Group - LM 1-50
2021-01-03 18:15:24,889 INFO o.a.j.t.JMeterThread: Thread finished: Thread Group - LM 1-29
2021-01-03 18:15:24,908 INFO o.a.j.t.JMeterThread: Thread finished: Thread Group - LM 1-31
2021-01-03 18:15:24,914 INFO o.a.j.t.JMeterThread: Thread finished: Thread Group - LM 1-56
2021-01-03 18:15:24,918 INFO o.a.j.t.JMeterThread: Thread finished: Thread Group - LM 1-13
2021-01-03 18:15:24,920 INFO o.a.j.t.JMeterThread: Thread finished: Thread Group - LM 1-30
2021-01-03 18:15:24,922 INFO o.a.j.t.JMeterThread: Thread finished: Thread Group - LM 1-60
2021-01-03 18:15:24,925 INFO o.a.j.t.JMeterThread: Thread finished: Thread Group - LM 1-57
2021-01-03 18:15:24,927 INFO o.a.j.t.JMeterThread: Thread finished: Thread Group - LM 1-18
2021-01-03 18:15:24,929 INFO o.a.j.t.JMeterThread: Thread finished: Thread Group - LM 1-58
2021-01-03 18:15:24,942 INFO o.a.j.t.JMeterThread: Thread finished: Thread Group - LM 1-61
2021-01-03 18:15:24,947 INFO o.a.j.t.JMeterThread: Thread finished: Thread Group - LM 1-59
2021-01-03 18:15:24,949 INFO o.a.j.t.JMeterThread: Thread finished: Thread Group - LM 1-32
2021-01-03 18:15:24,957 INFO o.a.j.t.JMeterThread: Thread finished: Thread Group - LM 1-9
2021-01-03 18:15:24,958 INFO o.a.j.t.JMeterThread: Thread finished: Thread Group - LM 1-33
2021-01-03 18:15:24,960 INFO o.a.j.t.JMeterThread: Thread finished: Thread Group - LM 1-27
2021-01-03 18:15:24,966 INFO o.a.j.t.JMeterThread: Thread finished: Thread Group - LM 1-62
2021-01-03 18:15:24,969 INFO o.a.j.t.JMeterThread: Thread finished: Thread Group - LM 1-28
2021-01-03 18:15:24,971 INFO o.a.j.t.JMeterThread: Thread finished: Thread Group - LM 1-21
2021-01-03 18:15:24,974 INFO o.a.j.t.JMeterThread: Thread finished: Thread Group - LM 1-2
2021-01-03 18:15:24,977 INFO o.a.j.t.JMeterThread: Thread finished: Thread Group - LM 1-3
2021-01-03 18:15:24,992 INFO o.a.j.t.JMeterThread: Thread finished: Thread Group - LM 1-34
2021-01-03 18:15:25,016 INFO o.a.j.t.JMeterThread: Thread finished: Thread Group - LM 1-64
2021-01-03 18:15:25,037 INFO o.a.j.t.JMeterThread: Thread finished: Thread Group - LM 1-65
2021-01-03 18:15:25,045 INFO o.a.j.t.JMeterThread: Thread finished: Thread Group - LM 1-66
2021-01-03 18:15:25,051 INFO o.a.j.t.JMeterThread: Thread finished: Thread Group - LM 1-11
2021-01-03 18:15:25,051 INFO o.a.j.t.JMeterThread: Thread finished: Thread Group - LM 1-6
2021-01-03 18:15:25,055 INFO o.a.j.t.JMeterThread: Thread finished: Thread Group - LM 1-5
2021-01-03 18:15:25,060 INFO o.a.j.t.JMeterThread: Thread finished: Thread Group - LM 1-4
2021-01-03 18:15:25,062 INFO o.a.j.t.JMeterThread: Thread finished: Thread Group - LM 1-37
2021-01-03 18:15:25,089 INFO o.a.j.t.JMeterThread: Thread finished: Thread Group - LM 1-69
2021-01-03 18:15:25,098 INFO o.a.j.t.JMeterThread: Thread finished: Thread Group - LM 1-12
2021-01-03 18:15:25,107 INFO o.a.j.t.JMeterThread: Thread finished: Thread Group - LM 1-70
2021-01-03 18:15:25,111 INFO o.a.j.t.JMeterThread: Thread finished: Thread Group - LM 1-71
2021-01-03 18:15:25,127 INFO o.a.j.t.JMeterThread: Thread finished: Thread Group - LM 1-36
2021-01-03 18:15:25,137 INFO o.a.j.t.JMeterThread: Thread finished: Thread Group - LM 1-14
2021-01-03 18:15:25,144 INFO o.a.j.t.JMeterThread: Thread finished: Thread Group - LM 1-72
2021-01-03 18:15:25,148 INFO o.a.j.t.JMeterThread: Thread finished: Thread Group - LM 1-73
2021-01-03 18:15:25,159 INFO o.a.j.t.JMeterThread: Thread finished: Thread Group - LM 1-74
2021-01-03 18:15:25,160 INFO o.a.j.t.JMeterThread: Thread finished: Thread Group - LM 1-38
2021-01-03 18:15:25,179 INFO o.a.j.t.JMeterThread: Thread finished: Thread Group - LM 1-41
2021-01-03 18:15:25,185 INFO o.a.j.t.JMeterThread: Thread finished: Thread Group - LM 1-15
2021-01-03 18:15:25,193 INFO o.a.j.t.JMeterThread: Thread finished: Thread Group - LM 1-75
2021-01-03 18:15:25,198 INFO o.a.j.t.JMeterThread: Thread finished: Thread Group - LM 1-39
2021-01-03 18:15:25,200 INFO o.a.j.t.JMeterThread: Thread finished: Thread Group - LM 1-8
2021-01-03 18:15:25,201 INFO o.a.j.t.JMeterThread: Thread finished: Thread Group - LM 1-76
2021-01-03 18:15:25,213 INFO o.a.j.t.JMeterThread: Thread finished: Thread Group - LM 1-77
2021-01-03 18:15:25,227 INFO o.a.j.t.JMeterThread: Thread finished: Thread Group - LM 1-17
2021-01-03 18:15:25,229 INFO o.a.j.t.JMeterThread: Thread finished: Thread Group - LM 1-42
2021-01-03 18:15:25,243 INFO o.a.j.t.JMeterThread: Thread finished: Thread Group - LM 1-78
2021-01-03 18:15:25,253 INFO o.a.j.t.JMeterThread: Thread finished: Thread Group - LM 1-79
2021-01-03 18:15:25,271 INFO o.a.j.t.JMeterThread: Thread finished: Thread Group - LM 1-40
2021-01-03 18:15:25,277 INFO o.a.j.t.JMeterThread: Thread finished: Thread Group - LM 1-80
2021-01-03 18:15:25,289 INFO o.a.j.t.JMeterThread: Thread finished: Thread Group - LM 1-81
2021-01-03 18:15:25,303 INFO o.a.j.t.JMeterThread: Thread finished: Thread Group - LM 1-43
2021-01-03 18:15:25,310 INFO o.a.j.t.JMeterThread: Thread finished: Thread Group - LM 1-82
2021-01-03 18:15:25,325 INFO o.a.j.t.JMeterThread: Thread finished: Thread Group - LM 1-83
2021-01-03 18:15:25,344 INFO o.a.j.t.JMeterThread: Thread finished: Thread Group - LM 1-84
2021-01-03 18:15:25,349 INFO o.a.j.t.JMeterThread: Thread finished: Thread Group - LM 1-44
2021-01-03 18:15:25,365 INFO o.a.j.t.JMeterThread: Thread finished: Thread Group - LM 1-85
2021-01-03 18:15:25,374 INFO o.a.j.t.JMeterThread: Thread finished: Thread Group - LM 1-19
2021-01-03 18:15:25,381 INFO o.a.j.t.JMeterThread: Thread finished: Thread Group - LM 1-45
2021-01-03 18:15:25,389 INFO o.a.j.t.JMeterThread: Thread finished: Thread Group - LM 1-86
2021-01-03 18:15:25,404 INFO o.a.j.t.JMeterThread: Thread finished: Thread Group - LM 1-87
2021-01-03 18:15:25,420 INFO o.a.j.t.JMeterThread: Thread finished: Thread Group - LM 1-88
2021-01-03 18:15:25,427 INFO o.a.j.t.JMeterThread: Thread finished: Thread Group - LM 1-16
2021-01-03 18:15:25,438 INFO o.a.j.t.JMeterThread: Thread finished: Thread Group - LM 1-22
2021-01-03 18:15:25,439 INFO o.a.j.t.JMeterThread: Thread finished: Thread Group - LM 1-46
2021-01-03 18:15:25,465 INFO o.a.j.t.JMeterThread: Stopping because end time detected by thread: Thread Group - LM 1-23
2021-01-03 18:15:25,465 INFO o.a.j.t.JMeterThread: Thread finished: Thread Group - LM 1-23
2021-01-03 18:15:25,473 INFO o.a.j.t.JMeterThread: Stopping because end time detected by thread: Thread Group - LM 1-47
2021-01-03 18:15:25,473 INFO o.a.j.t.JMeterThread: Thread finished: Thread Group - LM 1-47
2021-01-03 18:15:25,479 INFO o.a.j.t.JMeterThread: Stopping because end time detected by thread: Thread Group - LM 1-90
2021-01-03 18:15:25,479 INFO o.a.j.t.JMeterThread: Thread finished: Thread Group - LM 1-90
2021-01-03 18:15:25,480 INFO o.a.j.t.JMeterThread: Stopping because end time detected by thread: Thread Group - LM 1-67
2021-01-03 18:15:25,480 INFO o.a.j.t.JMeterThread: Thread finished: Thread Group - LM 1-67
2021-01-03 18:15:25,483 INFO o.a.j.t.JMeterThread: Stopping because end time detected by thread: Thread Group - LM 1-92
2021-01-03 18:15:25,483 INFO o.a.j.t.JMeterThread: Stopping because end time detected by thread: Thread Group - LM 1-35
2021-01-03 18:15:25,483 INFO o.a.j.t.JMeterThread: Thread finished: Thread Group - LM 1-92
2021-01-03 18:15:25,483 INFO o.a.j.t.JMeterThread: Thread finished: Thread Group - LM 1-35
2021-01-03 18:15:25,485 INFO o.a.j.t.JMeterThread: Stopping because end time detected by thread: Thread Group - LM 1-98
2021-01-03 18:15:25,485 INFO o.a.j.t.JMeterThread: Thread finished: Thread Group - LM 1-98
2021-01-03 18:15:25,485 INFO o.a.j.t.JMeterThread: Stopping because end time detected by thread: Thread Group - LM 1-63
2021-01-03 18:15:25,485 INFO o.a.j.t.JMeterThread: Thread finished: Thread Group - LM 1-63
2021-01-03 18:15:25,487 INFO o.a.j.t.JMeterThread: Stopping because end time detected by thread: Thread Group - LM 1-68
2021-01-03 18:15:25,487 INFO o.a.j.t.JMeterThread: Thread finished: Thread Group - LM 1-68
2021-01-03 18:15:25,491 INFO o.a.j.t.JMeterThread: Stopping because end time detected by thread: Thread Group - LM 1-99
2021-01-03 18:15:25,492 INFO o.a.j.t.JMeterThread: Thread finished: Thread Group - LM 1-99
2021-01-03 18:15:25,494 INFO o.a.j.t.JMeterThread: Stopping because end time detected by thread: Thread Group - LM 1-89
2021-01-03 18:15:25,494 INFO o.a.j.t.JMeterThread: Thread finished: Thread Group - LM 1-89
2021-01-03 18:15:25,496 INFO o.a.j.t.JMeterThread: Stopping because end time detected by thread: Thread Group - LM 1-100
2021-01-03 18:15:25,496 INFO o.a.j.t.JMeterThread: Thread finished: Thread Group - LM 1-100
2021-01-03 18:15:25,497 INFO o.a.j.e.StandardJMeterEngine: Notifying test listeners of end of test
2021-01-03 18:15:25,497 INFO o.a.j.r.Summariser: summary +   3190 in 00:00:25 =  125.1/s Avg:     7 Min:     2 Max:    64 Err:     0 (0.00%) Active: 0 Started: 100 Finished: 100
2021-01-03 18:15:25,498 INFO o.a.j.r.Summariser: summary =   7564 in 00:01:00 =  125.9/s Avg:     8 Min:     1 Max:   381 Err:     0 (0.00%)
