2021-01-03 18:18:10,242 INFO o.a.j.u.JMeterUtils: Setting Locale to en_EN
2021-01-03 18:18:10,262 INFO o.a.j.JMeter: Loading user properties from: user.properties
2021-01-03 18:18:10,263 INFO o.a.j.JMeter: Loading system properties from: system.properties
2021-01-03 18:18:10,264 INFO o.a.j.JMeter: Copyright (c) 1998-2020 The Apache Software Foundation
2021-01-03 18:18:10,264 INFO o.a.j.JMeter: Version 5.3
2021-01-03 18:18:10,264 INFO o.a.j.JMeter: java.version=11.0.8
2021-01-03 18:18:10,264 INFO o.a.j.JMeter: java.vm.name=Java HotSpot(TM) 64-Bit Server VM
2021-01-03 18:18:10,265 INFO o.a.j.JMeter: os.name=Windows 10
2021-01-03 18:18:10,265 INFO o.a.j.JMeter: os.arch=amd64
2021-01-03 18:18:10,265 INFO o.a.j.JMeter: os.version=10.0
2021-01-03 18:18:10,265 INFO o.a.j.JMeter: file.encoding=Cp1252
2021-01-03 18:18:10,265 INFO o.a.j.JMeter: java.awt.headless=true
2021-01-03 18:18:10,265 INFO o.a.j.JMeter: Max memory     =1073741824
2021-01-03 18:18:10,266 INFO o.a.j.JMeter: Available Processors =8
2021-01-03 18:18:10,273 INFO o.a.j.JMeter: Default Locale=English (EN)
2021-01-03 18:18:10,273 INFO o.a.j.JMeter: JMeter  Locale=English (EN)
2021-01-03 18:18:10,273 INFO o.a.j.JMeter: JMeterHome=C:\Users\fabio\Documents\Fabio\Università\Magistrale\2°anno\1°semestre\Impianti di Elaborazione\apache-jmeter-5.3
2021-01-03 18:18:10,273 INFO o.a.j.JMeter: user.dir  =C:\Users\fabio\Documents\Fabio\Università\Magistrale\2°anno\1°semestre\Impianti di Elaborazione\apache-jmeter-5.3\bin
2021-01-03 18:18:10,274 INFO o.a.j.JMeter: PWD       =C:\Users\fabio\Documents\Fabio\Università\Magistrale\2°anno\1°semestre\Impianti di Elaborazione\apache-jmeter-5.3\bin
2021-01-03 18:18:10,278 INFO o.a.j.JMeter: IP: 192.168.56.1 Name: LAPTOP-DSVV6SSR FullName: 192.168.56.1
2021-01-03 18:18:10,284 INFO o.a.j.s.FileServer: Default base='C:\Users\fabio\Documents\Fabio\Università\Magistrale\2°anno\1°semestre\Impianti di Elaborazione\apache-jmeter-5.3\bin'
2021-01-03 18:18:10,285 INFO o.a.j.s.FileServer: Set new base='C:\Users\fabio\Documents\Fabio\Università\Magistrale\2°anno\1°semestre\Impianti di Elaborazione\apache-jmeter-5.3\bin'
2021-01-03 18:18:10,407 INFO o.a.j.s.SaveService: Testplan (JMX) version: 2.2. Testlog (JTL) version: 2.2
2021-01-03 18:18:10,428 INFO o.a.j.s.SaveService: Using SaveService properties version 5.0
2021-01-03 18:18:10,432 INFO o.a.j.s.SaveService: Using SaveService properties file encoding UTF-8
2021-01-03 18:18:10,434 INFO o.a.j.s.SaveService: Loading file: DesignofExperiment.jmx
2021-01-03 18:18:10,493 INFO o.a.j.p.h.s.HTTPSamplerBase: Parser for text/html is org.apache.jmeter.protocol.http.parser.LagartoBasedHtmlParser
2021-01-03 18:18:10,493 INFO o.a.j.p.h.s.HTTPSamplerBase: Parser for application/xhtml+xml is org.apache.jmeter.protocol.http.parser.LagartoBasedHtmlParser
2021-01-03 18:18:10,493 INFO o.a.j.p.h.s.HTTPSamplerBase: Parser for application/xml is org.apache.jmeter.protocol.http.parser.LagartoBasedHtmlParser
2021-01-03 18:18:10,493 INFO o.a.j.p.h.s.HTTPSamplerBase: Parser for text/xml is org.apache.jmeter.protocol.http.parser.LagartoBasedHtmlParser
2021-01-03 18:18:10,493 INFO o.a.j.p.h.s.HTTPSamplerBase: Parser for text/vnd.wap.wml is org.apache.jmeter.protocol.http.parser.RegexpHTMLParser
2021-01-03 18:18:10,494 INFO o.a.j.p.h.s.HTTPSamplerBase: Parser for text/css is org.apache.jmeter.protocol.http.parser.CssParser
2021-01-03 18:18:10,520 INFO o.a.j.JMeter: Creating summariser <summary>
2021-01-03 18:18:10,525 INFO o.a.j.e.StandardJMeterEngine: Running the test!
2021-01-03 18:18:10,526 INFO o.a.j.s.SampleEvent: List of sample_variables: []
2021-01-03 18:18:10,526 INFO o.a.j.s.SampleEvent: List of sample_variables: []
2021-01-03 18:18:10,536 INFO o.a.j.e.u.CompoundVariable: Note: Function class names must contain the string: '.functions.'
2021-01-03 18:18:10,536 INFO o.a.j.e.u.CompoundVariable: Note: Function class names must not contain the string: '.gui.'
2021-01-03 18:18:10,827 INFO o.a.j.JMeter: Running test (1609694290827)
2021-01-03 18:18:10,842 INFO o.a.j.e.StandardJMeterEngine: Starting ThreadGroup: 1 : Thread Group - LM
2021-01-03 18:18:10,842 INFO o.a.j.e.StandardJMeterEngine: Starting 100 threads for group Thread Group - LM.
2021-01-03 18:18:10,842 INFO o.a.j.e.StandardJMeterEngine: Thread will continue on error
2021-01-03 18:18:10,842 INFO o.a.j.t.ThreadGroup: Starting thread group... number=1 threads=100 ramp-up=1 delayedStart=false
2021-01-03 18:18:10,850 INFO o.a.j.t.JMeterThread: Thread started: Thread Group - LM 1-1
2021-01-03 18:18:10,858 INFO o.a.j.t.JMeterThread: Thread started: Thread Group - LM 1-2
2021-01-03 18:18:10,868 INFO o.a.j.t.JMeterThread: Thread started: Thread Group - LM 1-3
2021-01-03 18:18:10,875 INFO o.a.j.t.JMeterThread: Thread started: Thread Group - LM 1-4
2021-01-03 18:18:10,884 INFO o.a.j.t.JMeterThread: Thread started: Thread Group - LM 1-5
2021-01-03 18:18:10,885 INFO o.a.j.p.h.s.HTTPHCAbstractImpl: Local host = LAPTOP-DSVV6SSR
2021-01-03 18:18:10,887 INFO o.a.j.t.ThreadGroup: Started thread group number 1
2021-01-03 18:18:10,887 INFO o.a.j.e.StandardJMeterEngine: All thread groups have been started
2021-01-03 18:18:10,892 INFO o.a.j.p.h.s.HTTPHC4Impl: HTTP request retry count = 0
2021-01-03 18:18:10,894 INFO o.a.j.s.SampleResult: Note: Sample TimeStamps are START times
2021-01-03 18:18:10,894 INFO o.a.j.s.SampleResult: sampleresult.default.encoding is set to ISO-8859-1
2021-01-03 18:18:10,894 INFO o.a.j.s.SampleResult: sampleresult.useNanoTime=true
2021-01-03 18:18:10,894 INFO o.a.j.s.SampleResult: sampleresult.nanoThreadSleep=5000
2021-01-03 18:18:10,897 INFO o.a.j.t.JMeterThread: Thread started: Thread Group - LM 1-6
2021-01-03 18:18:10,906 INFO o.a.j.t.JMeterThread: Thread started: Thread Group - LM 1-7
2021-01-03 18:18:10,916 INFO o.a.j.t.JMeterThread: Thread started: Thread Group - LM 1-8
2021-01-03 18:18:10,923 INFO o.a.j.t.JMeterThread: Thread started: Thread Group - LM 1-9
2021-01-03 18:18:10,933 INFO o.a.j.t.JMeterThread: Thread started: Thread Group - LM 1-10
2021-01-03 18:18:10,944 INFO o.a.j.t.JMeterThread: Thread started: Thread Group - LM 1-11
2021-01-03 18:18:10,954 INFO o.a.j.t.JMeterThread: Thread started: Thread Group - LM 1-12
2021-01-03 18:18:10,964 INFO o.a.j.t.JMeterThread: Thread started: Thread Group - LM 1-13
2021-01-03 18:18:10,973 INFO o.a.j.t.JMeterThread: Thread started: Thread Group - LM 1-14
2021-01-03 18:18:10,984 INFO o.a.j.t.JMeterThread: Thread started: Thread Group - LM 1-15
2021-01-03 18:18:10,993 INFO o.a.j.t.JMeterThread: Thread started: Thread Group - LM 1-16
2021-01-03 18:18:11,004 INFO o.a.j.t.JMeterThread: Thread started: Thread Group - LM 1-17
2021-01-03 18:18:11,013 INFO o.a.j.t.JMeterThread: Thread started: Thread Group - LM 1-18
2021-01-03 18:18:11,023 INFO o.a.j.t.JMeterThread: Thread started: Thread Group - LM 1-19
2021-01-03 18:18:11,034 INFO o.a.j.t.JMeterThread: Thread started: Thread Group - LM 1-20
2021-01-03 18:18:11,044 INFO o.a.j.t.JMeterThread: Thread started: Thread Group - LM 1-21
2021-01-03 18:18:11,056 INFO o.a.j.t.JMeterThread: Thread started: Thread Group - LM 1-22
2021-01-03 18:18:11,063 INFO o.a.j.t.JMeterThread: Thread started: Thread Group - LM 1-23
2021-01-03 18:18:11,075 INFO o.a.j.t.JMeterThread: Thread started: Thread Group - LM 1-24
2021-01-03 18:18:11,084 INFO o.a.j.t.JMeterThread: Thread started: Thread Group - LM 1-25
2021-01-03 18:18:11,093 INFO o.a.j.t.JMeterThread: Thread started: Thread Group - LM 1-26
2021-01-03 18:18:11,104 INFO o.a.j.t.JMeterThread: Thread started: Thread Group - LM 1-27
2021-01-03 18:18:11,114 INFO o.a.j.t.JMeterThread: Thread started: Thread Group - LM 1-28
2021-01-03 18:18:11,123 INFO o.a.j.t.JMeterThread: Thread started: Thread Group - LM 1-29
2021-01-03 18:18:11,133 INFO o.a.j.t.JMeterThread: Thread started: Thread Group - LM 1-30
2021-01-03 18:18:11,143 INFO o.a.j.t.JMeterThread: Thread started: Thread Group - LM 1-31
2021-01-03 18:18:11,153 INFO o.a.j.t.JMeterThread: Thread started: Thread Group - LM 1-32
2021-01-03 18:18:11,164 INFO o.a.j.t.JMeterThread: Thread started: Thread Group - LM 1-33
2021-01-03 18:18:11,173 INFO o.a.j.t.JMeterThread: Thread started: Thread Group - LM 1-34
2021-01-03 18:18:11,182 INFO o.a.j.t.JMeterThread: Thread started: Thread Group - LM 1-35
2021-01-03 18:18:11,193 INFO o.a.j.t.JMeterThread: Thread started: Thread Group - LM 1-36
2021-01-03 18:18:11,204 INFO o.a.j.t.JMeterThread: Thread started: Thread Group - LM 1-37
2021-01-03 18:18:11,213 INFO o.a.j.t.JMeterThread: Thread started: Thread Group - LM 1-38
2021-01-03 18:18:11,222 INFO o.a.j.t.JMeterThread: Thread started: Thread Group - LM 1-39
2021-01-03 18:18:11,233 INFO o.a.j.t.JMeterThread: Thread started: Thread Group - LM 1-40
2021-01-03 18:18:11,243 INFO o.a.j.t.JMeterThread: Thread started: Thread Group - LM 1-41
2021-01-03 18:18:11,253 INFO o.a.j.t.JMeterThread: Thread started: Thread Group - LM 1-42
2021-01-03 18:18:11,267 INFO o.a.j.t.JMeterThread: Thread started: Thread Group - LM 1-43
2021-01-03 18:18:11,272 INFO o.a.j.t.JMeterThread: Thread started: Thread Group - LM 1-44
2021-01-03 18:18:11,284 INFO o.a.j.t.JMeterThread: Thread started: Thread Group - LM 1-45
2021-01-03 18:18:11,295 INFO o.a.j.t.JMeterThread: Thread started: Thread Group - LM 1-46
2021-01-03 18:18:11,302 INFO o.a.j.t.JMeterThread: Thread started: Thread Group - LM 1-47
2021-01-03 18:18:11,313 INFO o.a.j.t.JMeterThread: Thread started: Thread Group - LM 1-48
2021-01-03 18:18:11,324 INFO o.a.j.t.JMeterThread: Thread started: Thread Group - LM 1-49
2021-01-03 18:18:11,332 INFO o.a.j.t.JMeterThread: Thread started: Thread Group - LM 1-50
2021-01-03 18:18:11,342 INFO o.a.j.t.JMeterThread: Thread started: Thread Group - LM 1-51
2021-01-03 18:18:11,353 INFO o.a.j.t.JMeterThread: Thread started: Thread Group - LM 1-52
2021-01-03 18:18:11,363 INFO o.a.j.t.JMeterThread: Thread started: Thread Group - LM 1-53
2021-01-03 18:18:11,372 INFO o.a.j.t.JMeterThread: Thread started: Thread Group - LM 1-54
2021-01-03 18:18:11,383 INFO o.a.j.t.JMeterThread: Thread started: Thread Group - LM 1-55
2021-01-03 18:18:11,393 INFO o.a.j.t.JMeterThread: Thread started: Thread Group - LM 1-56
2021-01-03 18:18:11,402 INFO o.a.j.t.JMeterThread: Thread started: Thread Group - LM 1-57
2021-01-03 18:18:11,413 INFO o.a.j.t.JMeterThread: Thread started: Thread Group - LM 1-58
2021-01-03 18:18:11,423 INFO o.a.j.t.JMeterThread: Thread started: Thread Group - LM 1-59
2021-01-03 18:18:11,432 INFO o.a.j.t.JMeterThread: Thread started: Thread Group - LM 1-60
2021-01-03 18:18:11,443 INFO o.a.j.t.JMeterThread: Thread started: Thread Group - LM 1-61
2021-01-03 18:18:11,453 INFO o.a.j.t.JMeterThread: Thread started: Thread Group - LM 1-62
2021-01-03 18:18:11,462 INFO o.a.j.t.JMeterThread: Thread started: Thread Group - LM 1-63
2021-01-03 18:18:11,473 INFO o.a.j.t.JMeterThread: Thread started: Thread Group - LM 1-64
2021-01-03 18:18:11,483 INFO o.a.j.t.JMeterThread: Thread started: Thread Group - LM 1-65
2021-01-03 18:18:11,492 INFO o.a.j.t.JMeterThread: Thread started: Thread Group - LM 1-66
2021-01-03 18:18:11,502 INFO o.a.j.t.JMeterThread: Thread started: Thread Group - LM 1-67
2021-01-03 18:18:11,513 INFO o.a.j.t.JMeterThread: Thread started: Thread Group - LM 1-68
2021-01-03 18:18:11,522 INFO o.a.j.t.JMeterThread: Thread started: Thread Group - LM 1-69
2021-01-03 18:18:11,533 INFO o.a.j.t.JMeterThread: Thread started: Thread Group - LM 1-70
2021-01-03 18:18:11,543 INFO o.a.j.t.JMeterThread: Thread started: Thread Group - LM 1-71
2021-01-03 18:18:11,553 INFO o.a.j.t.JMeterThread: Thread started: Thread Group - LM 1-72
2021-01-03 18:18:11,562 INFO o.a.j.t.JMeterThread: Thread started: Thread Group - LM 1-73
2021-01-03 18:18:11,574 INFO o.a.j.t.JMeterThread: Thread started: Thread Group - LM 1-74
2021-01-03 18:18:11,583 INFO o.a.j.t.JMeterThread: Thread started: Thread Group - LM 1-75
2021-01-03 18:18:11,592 INFO o.a.j.t.JMeterThread: Thread started: Thread Group - LM 1-76
2021-01-03 18:18:11,603 INFO o.a.j.t.JMeterThread: Thread started: Thread Group - LM 1-77
2021-01-03 18:18:11,613 INFO o.a.j.t.JMeterThread: Thread started: Thread Group - LM 1-78
2021-01-03 18:18:11,623 INFO o.a.j.t.JMeterThread: Thread started: Thread Group - LM 1-79
2021-01-03 18:18:11,633 INFO o.a.j.t.JMeterThread: Thread started: Thread Group - LM 1-80
2021-01-03 18:18:11,643 INFO o.a.j.t.JMeterThread: Thread started: Thread Group - LM 1-81
2021-01-03 18:18:11,653 INFO o.a.j.t.JMeterThread: Thread started: Thread Group - LM 1-82
2021-01-03 18:18:11,663 INFO o.a.j.t.JMeterThread: Thread started: Thread Group - LM 1-83
2021-01-03 18:18:11,674 INFO o.a.j.t.JMeterThread: Thread started: Thread Group - LM 1-84
2021-01-03 18:18:11,684 INFO o.a.j.t.JMeterThread: Thread started: Thread Group - LM 1-85
2021-01-03 18:18:11,693 INFO o.a.j.t.JMeterThread: Thread started: Thread Group - LM 1-86
2021-01-03 18:18:11,703 INFO o.a.j.t.JMeterThread: Thread started: Thread Group - LM 1-87
2021-01-03 18:18:11,714 INFO o.a.j.t.JMeterThread: Thread started: Thread Group - LM 1-88
2021-01-03 18:18:11,725 INFO o.a.j.t.JMeterThread: Thread started: Thread Group - LM 1-89
2021-01-03 18:18:11,733 INFO o.a.j.t.JMeterThread: Thread started: Thread Group - LM 1-90
2021-01-03 18:18:11,744 INFO o.a.j.t.JMeterThread: Thread started: Thread Group - LM 1-91
2021-01-03 18:18:11,754 INFO o.a.j.t.JMeterThread: Thread started: Thread Group - LM 1-92
2021-01-03 18:18:11,763 INFO o.a.j.t.JMeterThread: Thread started: Thread Group - LM 1-93
2021-01-03 18:18:11,774 INFO o.a.j.t.JMeterThread: Thread started: Thread Group - LM 1-94
2021-01-03 18:18:11,784 INFO o.a.j.t.JMeterThread: Thread started: Thread Group - LM 1-95
2021-01-03 18:18:11,794 INFO o.a.j.t.JMeterThread: Thread started: Thread Group - LM 1-96
2021-01-03 18:18:11,803 INFO o.a.j.t.JMeterThread: Thread started: Thread Group - LM 1-97
2021-01-03 18:18:11,814 INFO o.a.j.t.JMeterThread: Thread started: Thread Group - LM 1-98
2021-01-03 18:18:11,824 INFO o.a.j.t.JMeterThread: Thread started: Thread Group - LM 1-99
2021-01-03 18:18:11,833 INFO o.a.j.t.JMeterThread: Thread started: Thread Group - LM 1-100
2021-01-03 18:18:30,003 INFO o.a.j.r.Summariser: summary +   2460 in 00:00:19 =  128.3/s Avg:    10 Min:     2 Max:   164 Err:     0 (0.00%) Active: 100 Started: 100 Finished: 0
2021-01-03 18:19:00,007 INFO o.a.j.r.Summariser: summary +   3748 in 00:00:30 =  124.9/s Avg:     7 Min:     2 Max:    64 Err:     0 (0.00%) Active: 100 Started: 100 Finished: 0
2021-01-03 18:19:00,010 INFO o.a.j.r.Summariser: summary =   6208 in 00:00:49 =  126.2/s Avg:     8 Min:     2 Max:   164 Err:     0 (0.00%)
2021-01-03 18:19:10,092 INFO o.a.j.t.JMeterThread: Thread finished: Thread Group - LM 1-92
2021-01-03 18:19:10,096 INFO o.a.j.t.JMeterThread: Thread finished: Thread Group - LM 1-2
2021-01-03 18:19:10,110 INFO o.a.j.t.JMeterThread: Thread finished: Thread Group - LM 1-93
2021-01-03 18:19:10,145 INFO o.a.j.t.JMeterThread: Thread finished: Thread Group - LM 1-94
2021-01-03 18:19:10,148 INFO o.a.j.t.JMeterThread: Thread finished: Thread Group - LM 1-52
2021-01-03 18:19:10,160 INFO o.a.j.t.JMeterThread: Thread finished: Thread Group - LM 1-26
2021-01-03 18:19:10,178 INFO o.a.j.t.JMeterThread: Thread finished: Thread Group - LM 1-96
2021-01-03 18:19:10,208 INFO o.a.j.t.JMeterThread: Thread finished: Thread Group - LM 1-97
2021-01-03 18:19:10,213 INFO o.a.j.t.JMeterThread: Thread finished: Thread Group - LM 1-6
2021-01-03 18:19:10,216 INFO o.a.j.t.JMeterThread: Thread finished: Thread Group - LM 1-53
2021-01-03 18:19:10,220 INFO o.a.j.t.JMeterThread: Thread finished: Thread Group - LM 1-4
2021-01-03 18:19:10,222 INFO o.a.j.t.JMeterThread: Thread finished: Thread Group - LM 1-8
2021-01-03 18:19:10,224 INFO o.a.j.t.JMeterThread: Thread finished: Thread Group - LM 1-51
2021-01-03 18:19:10,226 INFO o.a.j.t.JMeterThread: Thread finished: Thread Group - LM 1-95
2021-01-03 18:19:10,229 INFO o.a.j.t.JMeterThread: Thread finished: Thread Group - LM 1-98
2021-01-03 18:19:10,231 INFO o.a.j.t.JMeterThread: Thread finished: Thread Group - LM 1-27
2021-01-03 18:19:10,234 INFO o.a.j.t.JMeterThread: Thread finished: Thread Group - LM 1-54
2021-01-03 18:19:10,237 INFO o.a.j.t.JMeterThread: Thread finished: Thread Group - LM 1-100
2021-01-03 18:19:10,243 INFO o.a.j.t.JMeterThread: Thread finished: Thread Group - LM 1-55
2021-01-03 18:19:10,253 INFO o.a.j.t.JMeterThread: Thread finished: Thread Group - LM 1-56
2021-01-03 18:19:10,254 INFO o.a.j.t.JMeterThread: Thread finished: Thread Group - LM 1-28
2021-01-03 18:19:10,277 INFO o.a.j.t.JMeterThread: Thread finished: Thread Group - LM 1-29
2021-01-03 18:19:10,279 INFO o.a.j.t.JMeterThread: Thread finished: Thread Group - LM 1-3
2021-01-03 18:19:10,284 INFO o.a.j.t.JMeterThread: Thread finished: Thread Group - LM 1-15
2021-01-03 18:19:10,286 INFO o.a.j.t.JMeterThread: Thread finished: Thread Group - LM 1-57
2021-01-03 18:19:10,305 INFO o.a.j.t.JMeterThread: Thread finished: Thread Group - LM 1-58
2021-01-03 18:19:10,307 INFO o.a.j.t.JMeterThread: Thread finished: Thread Group - LM 1-59
2021-01-03 18:19:10,318 INFO o.a.j.t.JMeterThread: Thread finished: Thread Group - LM 1-9
2021-01-03 18:19:10,323 INFO o.a.j.t.JMeterThread: Thread finished: Thread Group - LM 1-60
2021-01-03 18:19:10,336 INFO o.a.j.t.JMeterThread: Thread finished: Thread Group - LM 1-31
2021-01-03 18:19:10,340 INFO o.a.j.t.JMeterThread: Thread finished: Thread Group - LM 1-30
2021-01-03 18:19:10,343 INFO o.a.j.t.JMeterThread: Thread finished: Thread Group - LM 1-12
2021-01-03 18:19:10,344 INFO o.a.j.t.JMeterThread: Thread finished: Thread Group - LM 1-61
2021-01-03 18:19:10,352 INFO o.a.j.t.JMeterThread: Thread finished: Thread Group - LM 1-13
2021-01-03 18:19:10,361 INFO o.a.j.t.JMeterThread: Thread finished: Thread Group - LM 1-62
2021-01-03 18:19:10,370 INFO o.a.j.t.JMeterThread: Thread finished: Thread Group - LM 1-63
2021-01-03 18:19:10,390 INFO o.a.j.t.JMeterThread: Thread finished: Thread Group - LM 1-64
2021-01-03 18:19:10,392 INFO o.a.j.t.JMeterThread: Thread finished: Thread Group - LM 1-34
2021-01-03 18:19:10,394 INFO o.a.j.t.JMeterThread: Thread finished: Thread Group - LM 1-19
2021-01-03 18:19:10,406 INFO o.a.j.t.JMeterThread: Thread finished: Thread Group - LM 1-65
2021-01-03 18:19:10,408 INFO o.a.j.t.JMeterThread: Thread finished: Thread Group - LM 1-35
2021-01-03 18:19:10,425 INFO o.a.j.t.JMeterThread: Thread finished: Thread Group - LM 1-66
2021-01-03 18:19:10,438 INFO o.a.j.t.JMeterThread: Thread finished: Thread Group - LM 1-33
2021-01-03 18:19:10,441 INFO o.a.j.t.JMeterThread: Thread finished: Thread Group - LM 1-10
2021-01-03 18:19:10,443 INFO o.a.j.t.JMeterThread: Thread finished: Thread Group - LM 1-67
2021-01-03 18:19:10,450 INFO o.a.j.t.JMeterThread: Thread finished: Thread Group - LM 1-14
2021-01-03 18:19:10,454 INFO o.a.j.t.JMeterThread: Thread finished: Thread Group - LM 1-11
2021-01-03 18:19:10,460 INFO o.a.j.t.JMeterThread: Thread finished: Thread Group - LM 1-32
2021-01-03 18:19:10,476 INFO o.a.j.t.JMeterThread: Thread finished: Thread Group - LM 1-69
2021-01-03 18:19:10,497 INFO o.a.j.t.JMeterThread: Thread finished: Thread Group - LM 1-36
2021-01-03 18:19:10,507 INFO o.a.j.t.JMeterThread: Thread finished: Thread Group - LM 1-17
2021-01-03 18:19:10,513 INFO o.a.j.t.JMeterThread: Thread finished: Thread Group - LM 1-18
2021-01-03 18:19:10,521 INFO o.a.j.t.JMeterThread: Thread finished: Thread Group - LM 1-70
2021-01-03 18:19:10,530 INFO o.a.j.t.JMeterThread: Thread finished: Thread Group - LM 1-71
2021-01-03 18:19:10,532 INFO o.a.j.t.JMeterThread: Thread finished: Thread Group - LM 1-16
2021-01-03 18:19:10,533 INFO o.a.j.t.JMeterThread: Thread finished: Thread Group - LM 1-37
2021-01-03 18:19:10,541 INFO o.a.j.t.JMeterThread: Thread finished: Thread Group - LM 1-72
2021-01-03 18:19:10,550 INFO o.a.j.t.JMeterThread: Thread finished: Thread Group - LM 1-20
2021-01-03 18:19:10,552 INFO o.a.j.t.JMeterThread: Thread finished: Thread Group - LM 1-73
2021-01-03 18:19:10,569 INFO o.a.j.t.JMeterThread: Thread finished: Thread Group - LM 1-74
2021-01-03 18:19:10,578 INFO o.a.j.t.JMeterThread: Thread finished: Thread Group - LM 1-38
2021-01-03 18:19:10,583 INFO o.a.j.t.JMeterThread: Thread finished: Thread Group - LM 1-21
2021-01-03 18:19:10,584 INFO o.a.j.t.JMeterThread: Thread finished: Thread Group - LM 1-39
2021-01-03 18:19:10,611 INFO o.a.j.t.JMeterThread: Thread finished: Thread Group - LM 1-76
2021-01-03 18:19:10,614 INFO o.a.j.t.JMeterThread: Thread finished: Thread Group - LM 1-40
2021-01-03 18:19:10,630 INFO o.a.j.t.JMeterThread: Thread finished: Thread Group - LM 1-41
2021-01-03 18:19:10,639 INFO o.a.j.t.JMeterThread: Thread finished: Thread Group - LM 1-77
2021-01-03 18:19:10,641 INFO o.a.j.t.JMeterThread: Thread finished: Thread Group - LM 1-42
2021-01-03 18:19:10,657 INFO o.a.j.t.JMeterThread: Thread finished: Thread Group - LM 1-78
2021-01-03 18:19:10,661 INFO o.a.j.t.JMeterThread: Thread finished: Thread Group - LM 1-5
2021-01-03 18:19:10,668 INFO o.a.j.t.JMeterThread: Thread finished: Thread Group - LM 1-79
2021-01-03 18:19:10,677 INFO o.a.j.t.JMeterThread: Thread finished: Thread Group - LM 1-80
2021-01-03 18:19:10,695 INFO o.a.j.t.JMeterThread: Thread finished: Thread Group - LM 1-81
2021-01-03 18:19:10,697 INFO o.a.j.t.JMeterThread: Thread finished: Thread Group - LM 1-43
2021-01-03 18:19:10,710 INFO o.a.j.t.JMeterThread: Thread finished: Thread Group - LM 1-44
2021-01-03 18:19:10,719 INFO o.a.j.t.JMeterThread: Thread finished: Thread Group - LM 1-82
2021-01-03 18:19:10,735 INFO o.a.j.t.JMeterThread: Thread finished: Thread Group - LM 1-45
2021-01-03 18:19:10,750 INFO o.a.j.t.JMeterThread: Thread finished: Thread Group - LM 1-83
2021-01-03 18:19:10,753 INFO o.a.j.t.JMeterThread: Thread finished: Thread Group - LM 1-22
2021-01-03 18:19:10,759 INFO o.a.j.t.JMeterThread: Thread finished: Thread Group - LM 1-23
2021-01-03 18:19:10,761 INFO o.a.j.t.JMeterThread: Thread finished: Thread Group - LM 1-84
2021-01-03 18:19:10,767 INFO o.a.j.t.JMeterThread: Thread finished: Thread Group - LM 1-46
2021-01-03 18:19:10,769 INFO o.a.j.t.JMeterThread: Thread finished: Thread Group - LM 1-85
2021-01-03 18:19:10,777 INFO o.a.j.t.JMeterThread: Thread finished: Thread Group - LM 1-47
2021-01-03 18:19:10,781 INFO o.a.j.t.JMeterThread: Thread finished: Thread Group - LM 1-1
2021-01-03 18:19:10,783 INFO o.a.j.t.JMeterThread: Thread finished: Thread Group - LM 1-24
2021-01-03 18:19:10,792 INFO o.a.j.t.JMeterThread: Thread finished: Thread Group - LM 1-86
2021-01-03 18:19:10,807 INFO o.a.j.t.JMeterThread: Thread finished: Thread Group - LM 1-87
2021-01-03 18:19:10,814 INFO o.a.j.t.JMeterThread: Thread finished: Thread Group - LM 1-48
2021-01-03 18:19:10,821 INFO o.a.j.t.JMeterThread: Thread finished: Thread Group - LM 1-25
2021-01-03 18:19:10,829 INFO o.a.j.t.JMeterThread: Thread finished: Thread Group - LM 1-88
2021-01-03 18:19:10,835 INFO o.a.j.t.JMeterThread: Thread finished: Thread Group - LM 1-7
2021-01-03 18:19:10,842 INFO o.a.j.t.JMeterThread: Thread finished: Thread Group - LM 1-49
2021-01-03 18:19:10,844 INFO o.a.j.t.JMeterThread: Thread finished: Thread Group - LM 1-89
2021-01-03 18:19:10,856 INFO o.a.j.t.JMeterThread: Thread finished: Thread Group - LM 1-50
2021-01-03 18:19:10,857 INFO o.a.j.t.JMeterThread: Thread finished: Thread Group - LM 1-90
2021-01-03 18:19:10,883 INFO o.a.j.t.JMeterThread: Thread finished: Thread Group - LM 1-91
2021-01-03 18:19:10,892 INFO o.a.j.t.JMeterThread: Stopping because end time detected by thread: Thread Group - LM 1-99
2021-01-03 18:19:10,892 INFO o.a.j.t.JMeterThread: Thread finished: Thread Group - LM 1-99
2021-01-03 18:19:10,900 INFO o.a.j.t.JMeterThread: Stopping because end time detected by thread: Thread Group - LM 1-75
2021-01-03 18:19:10,901 INFO o.a.j.t.JMeterThread: Thread finished: Thread Group - LM 1-75
2021-01-03 18:19:10,905 INFO o.a.j.t.JMeterThread: Stopping because end time detected by thread: Thread Group - LM 1-68
2021-01-03 18:19:10,905 INFO o.a.j.t.JMeterThread: Thread finished: Thread Group - LM 1-68
2021-01-03 18:19:10,906 INFO o.a.j.e.StandardJMeterEngine: Notifying test listeners of end of test
2021-01-03 18:19:10,908 INFO o.a.j.r.Summariser: summary +   1364 in 00:00:11 =  125.1/s Avg:     6 Min:     2 Max:    50 Err:     0 (0.00%) Active: 0 Started: 100 Finished: 100
2021-01-03 18:19:10,909 INFO o.a.j.r.Summariser: summary =   7572 in 00:01:00 =  126.0/s Avg:     8 Min:     2 Max:   164 Err:     0 (0.00%)
