2021-01-03 18:13:04,791 INFO o.a.j.u.JMeterUtils: Setting Locale to en_EN
2021-01-03 18:13:04,810 INFO o.a.j.JMeter: Loading user properties from: user.properties
2021-01-03 18:13:04,811 INFO o.a.j.JMeter: Loading system properties from: system.properties
2021-01-03 18:13:04,813 INFO o.a.j.JMeter: Copyright (c) 1998-2020 The Apache Software Foundation
2021-01-03 18:13:04,813 INFO o.a.j.JMeter: Version 5.3
2021-01-03 18:13:04,813 INFO o.a.j.JMeter: java.version=11.0.8
2021-01-03 18:13:04,814 INFO o.a.j.JMeter: java.vm.name=Java HotSpot(TM) 64-Bit Server VM
2021-01-03 18:13:04,814 INFO o.a.j.JMeter: os.name=Windows 10
2021-01-03 18:13:04,814 INFO o.a.j.JMeter: os.arch=amd64
2021-01-03 18:13:04,814 INFO o.a.j.JMeter: os.version=10.0
2021-01-03 18:13:04,814 INFO o.a.j.JMeter: file.encoding=Cp1252
2021-01-03 18:13:04,814 INFO o.a.j.JMeter: java.awt.headless=true
2021-01-03 18:13:04,814 INFO o.a.j.JMeter: Max memory     =1073741824
2021-01-03 18:13:04,815 INFO o.a.j.JMeter: Available Processors =8
2021-01-03 18:13:04,824 INFO o.a.j.JMeter: Default Locale=English (EN)
2021-01-03 18:13:04,824 INFO o.a.j.JMeter: JMeter  Locale=English (EN)
2021-01-03 18:13:04,825 INFO o.a.j.JMeter: JMeterHome=C:\Users\fabio\Documents\Fabio\Università\Magistrale\2°anno\1°semestre\Impianti di Elaborazione\apache-jmeter-5.3
2021-01-03 18:13:04,825 INFO o.a.j.JMeter: user.dir  =C:\Users\fabio\Documents\Fabio\Università\Magistrale\2°anno\1°semestre\Impianti di Elaborazione\apache-jmeter-5.3\bin
2021-01-03 18:13:04,825 INFO o.a.j.JMeter: PWD       =C:\Users\fabio\Documents\Fabio\Università\Magistrale\2°anno\1°semestre\Impianti di Elaborazione\apache-jmeter-5.3\bin
2021-01-03 18:13:04,832 INFO o.a.j.JMeter: IP: 192.168.56.1 Name: LAPTOP-DSVV6SSR FullName: 192.168.56.1
2021-01-03 18:13:04,837 INFO o.a.j.s.FileServer: Default base='C:\Users\fabio\Documents\Fabio\Università\Magistrale\2°anno\1°semestre\Impianti di Elaborazione\apache-jmeter-5.3\bin'
2021-01-03 18:13:04,838 INFO o.a.j.s.FileServer: Set new base='C:\Users\fabio\Documents\Fabio\Università\Magistrale\2°anno\1°semestre\Impianti di Elaborazione\apache-jmeter-5.3\bin'
2021-01-03 18:13:04,962 INFO o.a.j.s.SaveService: Testplan (JMX) version: 2.2. Testlog (JTL) version: 2.2
2021-01-03 18:13:04,982 INFO o.a.j.s.SaveService: Using SaveService properties version 5.0
2021-01-03 18:13:04,987 INFO o.a.j.s.SaveService: Using SaveService properties file encoding UTF-8
2021-01-03 18:13:04,989 INFO o.a.j.s.SaveService: Loading file: DesignofExperiment.jmx
2021-01-03 18:13:05,048 INFO o.a.j.p.h.s.HTTPSamplerBase: Parser for text/html is org.apache.jmeter.protocol.http.parser.LagartoBasedHtmlParser
2021-01-03 18:13:05,048 INFO o.a.j.p.h.s.HTTPSamplerBase: Parser for application/xhtml+xml is org.apache.jmeter.protocol.http.parser.LagartoBasedHtmlParser
2021-01-03 18:13:05,048 INFO o.a.j.p.h.s.HTTPSamplerBase: Parser for application/xml is org.apache.jmeter.protocol.http.parser.LagartoBasedHtmlParser
2021-01-03 18:13:05,048 INFO o.a.j.p.h.s.HTTPSamplerBase: Parser for text/xml is org.apache.jmeter.protocol.http.parser.LagartoBasedHtmlParser
2021-01-03 18:13:05,048 INFO o.a.j.p.h.s.HTTPSamplerBase: Parser for text/vnd.wap.wml is org.apache.jmeter.protocol.http.parser.RegexpHTMLParser
2021-01-03 18:13:05,048 INFO o.a.j.p.h.s.HTTPSamplerBase: Parser for text/css is org.apache.jmeter.protocol.http.parser.CssParser
2021-01-03 18:13:05,074 INFO o.a.j.JMeter: Creating summariser <summary>
2021-01-03 18:13:05,080 INFO o.a.j.e.StandardJMeterEngine: Running the test!
2021-01-03 18:13:05,081 INFO o.a.j.s.SampleEvent: List of sample_variables: []
2021-01-03 18:13:05,081 INFO o.a.j.s.SampleEvent: List of sample_variables: []
2021-01-03 18:13:05,090 INFO o.a.j.e.u.CompoundVariable: Note: Function class names must contain the string: '.functions.'
2021-01-03 18:13:05,090 INFO o.a.j.e.u.CompoundVariable: Note: Function class names must not contain the string: '.gui.'
2021-01-03 18:13:05,377 INFO o.a.j.JMeter: Running test (1609693985377)
2021-01-03 18:13:05,391 INFO o.a.j.e.StandardJMeterEngine: Starting ThreadGroup: 1 : Thread Group - LM
2021-01-03 18:13:05,391 INFO o.a.j.e.StandardJMeterEngine: Starting 100 threads for group Thread Group - LM.
2021-01-03 18:13:05,391 INFO o.a.j.e.StandardJMeterEngine: Thread will continue on error
2021-01-03 18:13:05,392 INFO o.a.j.t.ThreadGroup: Starting thread group... number=1 threads=100 ramp-up=1 delayedStart=false
2021-01-03 18:13:05,400 INFO o.a.j.t.JMeterThread: Thread started: Thread Group - LM 1-1
2021-01-03 18:13:05,409 INFO o.a.j.t.JMeterThread: Thread started: Thread Group - LM 1-2
2021-01-03 18:13:05,418 INFO o.a.j.t.JMeterThread: Thread started: Thread Group - LM 1-3
2021-01-03 18:13:05,426 INFO o.a.j.t.JMeterThread: Thread started: Thread Group - LM 1-4
2021-01-03 18:13:05,435 INFO o.a.j.t.JMeterThread: Thread started: Thread Group - LM 1-5
2021-01-03 18:13:05,436 INFO o.a.j.p.h.s.HTTPHCAbstractImpl: Local host = LAPTOP-DSVV6SSR
2021-01-03 18:13:05,436 INFO o.a.j.t.ThreadGroup: Started thread group number 1
2021-01-03 18:13:05,436 INFO o.a.j.e.StandardJMeterEngine: All thread groups have been started
2021-01-03 18:13:05,442 INFO o.a.j.p.h.s.HTTPHC4Impl: HTTP request retry count = 0
2021-01-03 18:13:05,443 INFO o.a.j.s.SampleResult: Note: Sample TimeStamps are START times
2021-01-03 18:13:05,443 INFO o.a.j.s.SampleResult: sampleresult.default.encoding is set to ISO-8859-1
2021-01-03 18:13:05,443 INFO o.a.j.s.SampleResult: sampleresult.useNanoTime=true
2021-01-03 18:13:05,444 INFO o.a.j.s.SampleResult: sampleresult.nanoThreadSleep=5000
2021-01-03 18:13:05,449 INFO o.a.j.t.JMeterThread: Thread started: Thread Group - LM 1-6
2021-01-03 18:13:05,458 INFO o.a.j.t.JMeterThread: Thread started: Thread Group - LM 1-7
2021-01-03 18:13:05,467 INFO o.a.j.t.JMeterThread: Thread started: Thread Group - LM 1-8
2021-01-03 18:13:05,476 INFO o.a.j.t.JMeterThread: Thread started: Thread Group - LM 1-9
2021-01-03 18:13:05,484 INFO o.a.j.t.JMeterThread: Thread started: Thread Group - LM 1-10
2021-01-03 18:13:05,494 INFO o.a.j.t.JMeterThread: Thread started: Thread Group - LM 1-11
2021-01-03 18:13:05,504 INFO o.a.j.t.JMeterThread: Thread started: Thread Group - LM 1-12
2021-01-03 18:13:05,514 INFO o.a.j.t.JMeterThread: Thread started: Thread Group - LM 1-13
2021-01-03 18:13:05,524 INFO o.a.j.t.JMeterThread: Thread started: Thread Group - LM 1-14
2021-01-03 18:13:05,534 INFO o.a.j.t.JMeterThread: Thread started: Thread Group - LM 1-15
2021-01-03 18:13:05,543 INFO o.a.j.t.JMeterThread: Thread started: Thread Group - LM 1-16
2021-01-03 18:13:05,554 INFO o.a.j.t.JMeterThread: Thread started: Thread Group - LM 1-17
2021-01-03 18:13:05,563 INFO o.a.j.t.JMeterThread: Thread started: Thread Group - LM 1-18
2021-01-03 18:13:05,573 INFO o.a.j.t.JMeterThread: Thread started: Thread Group - LM 1-19
2021-01-03 18:13:05,582 INFO o.a.j.r.Summariser: summary +      1 in 00:00:00 =    4.9/s Avg:    49 Min:    49 Max:    49 Err:     0 (0.00%) Active: 19 Started: 19 Finished: 0
2021-01-03 18:13:05,583 INFO o.a.j.t.JMeterThread: Thread started: Thread Group - LM 1-20
2021-01-03 18:13:05,594 INFO o.a.j.t.JMeterThread: Thread started: Thread Group - LM 1-21
2021-01-03 18:13:05,607 INFO o.a.j.t.JMeterThread: Thread started: Thread Group - LM 1-22
2021-01-03 18:13:05,612 INFO o.a.j.t.JMeterThread: Thread started: Thread Group - LM 1-23
2021-01-03 18:13:05,624 INFO o.a.j.t.JMeterThread: Thread started: Thread Group - LM 1-24
2021-01-03 18:13:05,633 INFO o.a.j.t.JMeterThread: Thread started: Thread Group - LM 1-25
2021-01-03 18:13:05,643 INFO o.a.j.t.JMeterThread: Thread started: Thread Group - LM 1-26
2021-01-03 18:13:05,654 INFO o.a.j.t.JMeterThread: Thread started: Thread Group - LM 1-27
2021-01-03 18:13:05,664 INFO o.a.j.t.JMeterThread: Thread started: Thread Group - LM 1-28
2021-01-03 18:13:05,674 INFO o.a.j.t.JMeterThread: Thread started: Thread Group - LM 1-29
2021-01-03 18:13:05,683 INFO o.a.j.t.JMeterThread: Thread started: Thread Group - LM 1-30
2021-01-03 18:13:05,693 INFO o.a.j.t.JMeterThread: Thread started: Thread Group - LM 1-31
2021-01-03 18:13:05,704 INFO o.a.j.t.JMeterThread: Thread started: Thread Group - LM 1-32
2021-01-03 18:13:05,713 INFO o.a.j.t.JMeterThread: Thread started: Thread Group - LM 1-33
2021-01-03 18:13:05,723 INFO o.a.j.t.JMeterThread: Thread started: Thread Group - LM 1-34
2021-01-03 18:13:05,733 INFO o.a.j.t.JMeterThread: Thread started: Thread Group - LM 1-35
2021-01-03 18:13:05,744 INFO o.a.j.t.JMeterThread: Thread started: Thread Group - LM 1-36
2021-01-03 18:13:05,754 INFO o.a.j.t.JMeterThread: Thread started: Thread Group - LM 1-37
2021-01-03 18:13:05,763 INFO o.a.j.t.JMeterThread: Thread started: Thread Group - LM 1-38
2021-01-03 18:13:05,774 INFO o.a.j.t.JMeterThread: Thread started: Thread Group - LM 1-39
2021-01-03 18:13:05,782 INFO o.a.j.t.JMeterThread: Thread started: Thread Group - LM 1-40
2021-01-03 18:13:05,794 INFO o.a.j.t.JMeterThread: Thread started: Thread Group - LM 1-41
2021-01-03 18:13:05,803 INFO o.a.j.t.JMeterThread: Thread started: Thread Group - LM 1-42
2021-01-03 18:13:05,812 INFO o.a.j.t.JMeterThread: Thread started: Thread Group - LM 1-43
2021-01-03 18:13:05,822 INFO o.a.j.t.JMeterThread: Thread started: Thread Group - LM 1-44
2021-01-03 18:13:05,834 INFO o.a.j.t.JMeterThread: Thread started: Thread Group - LM 1-45
2021-01-03 18:13:05,843 INFO o.a.j.t.JMeterThread: Thread started: Thread Group - LM 1-46
2021-01-03 18:13:05,853 INFO o.a.j.t.JMeterThread: Thread started: Thread Group - LM 1-47
2021-01-03 18:13:05,863 INFO o.a.j.t.JMeterThread: Thread started: Thread Group - LM 1-48
2021-01-03 18:13:05,874 INFO o.a.j.t.JMeterThread: Thread started: Thread Group - LM 1-49
2021-01-03 18:13:05,884 INFO o.a.j.t.JMeterThread: Thread started: Thread Group - LM 1-50
2021-01-03 18:13:05,893 INFO o.a.j.t.JMeterThread: Thread started: Thread Group - LM 1-51
2021-01-03 18:13:05,903 INFO o.a.j.t.JMeterThread: Thread started: Thread Group - LM 1-52
2021-01-03 18:13:05,914 INFO o.a.j.t.JMeterThread: Thread started: Thread Group - LM 1-53
2021-01-03 18:13:05,923 INFO o.a.j.t.JMeterThread: Thread started: Thread Group - LM 1-54
2021-01-03 18:13:05,933 INFO o.a.j.t.JMeterThread: Thread started: Thread Group - LM 1-55
2021-01-03 18:13:05,943 INFO o.a.j.t.JMeterThread: Thread started: Thread Group - LM 1-56
2021-01-03 18:13:05,952 INFO o.a.j.t.JMeterThread: Thread started: Thread Group - LM 1-57
2021-01-03 18:13:05,963 INFO o.a.j.t.JMeterThread: Thread started: Thread Group - LM 1-58
2021-01-03 18:13:05,973 INFO o.a.j.t.JMeterThread: Thread started: Thread Group - LM 1-59
2021-01-03 18:13:05,983 INFO o.a.j.t.JMeterThread: Thread started: Thread Group - LM 1-60
2021-01-03 18:13:05,992 INFO o.a.j.t.JMeterThread: Thread started: Thread Group - LM 1-61
2021-01-03 18:13:06,004 INFO o.a.j.t.JMeterThread: Thread started: Thread Group - LM 1-62
2021-01-03 18:13:06,013 INFO o.a.j.t.JMeterThread: Thread started: Thread Group - LM 1-63
2021-01-03 18:13:06,023 INFO o.a.j.t.JMeterThread: Thread started: Thread Group - LM 1-64
2021-01-03 18:13:06,033 INFO o.a.j.t.JMeterThread: Thread started: Thread Group - LM 1-65
2021-01-03 18:13:06,044 INFO o.a.j.t.JMeterThread: Thread started: Thread Group - LM 1-66
2021-01-03 18:13:06,052 INFO o.a.j.t.JMeterThread: Thread started: Thread Group - LM 1-67
2021-01-03 18:13:06,063 INFO o.a.j.t.JMeterThread: Thread started: Thread Group - LM 1-68
2021-01-03 18:13:06,073 INFO o.a.j.t.JMeterThread: Thread started: Thread Group - LM 1-69
2021-01-03 18:13:06,083 INFO o.a.j.t.JMeterThread: Thread started: Thread Group - LM 1-70
2021-01-03 18:13:06,092 INFO o.a.j.t.JMeterThread: Thread started: Thread Group - LM 1-71
2021-01-03 18:13:06,103 INFO o.a.j.t.JMeterThread: Thread started: Thread Group - LM 1-72
2021-01-03 18:13:06,112 INFO o.a.j.t.JMeterThread: Thread started: Thread Group - LM 1-73
2021-01-03 18:13:06,123 INFO o.a.j.t.JMeterThread: Thread started: Thread Group - LM 1-74
2021-01-03 18:13:06,133 INFO o.a.j.t.JMeterThread: Thread started: Thread Group - LM 1-75
2021-01-03 18:13:06,143 INFO o.a.j.t.JMeterThread: Thread started: Thread Group - LM 1-76
2021-01-03 18:13:06,152 INFO o.a.j.t.JMeterThread: Thread started: Thread Group - LM 1-77
2021-01-03 18:13:06,163 INFO o.a.j.t.JMeterThread: Thread started: Thread Group - LM 1-78
2021-01-03 18:13:06,173 INFO o.a.j.t.JMeterThread: Thread started: Thread Group - LM 1-79
2021-01-03 18:13:06,182 INFO o.a.j.t.JMeterThread: Thread started: Thread Group - LM 1-80
2021-01-03 18:13:06,192 INFO o.a.j.t.JMeterThread: Thread started: Thread Group - LM 1-81
2021-01-03 18:13:06,203 INFO o.a.j.t.JMeterThread: Thread started: Thread Group - LM 1-82
2021-01-03 18:13:06,213 INFO o.a.j.t.JMeterThread: Thread started: Thread Group - LM 1-83
2021-01-03 18:13:06,222 INFO o.a.j.t.JMeterThread: Thread started: Thread Group - LM 1-84
2021-01-03 18:13:06,233 INFO o.a.j.t.JMeterThread: Thread started: Thread Group - LM 1-85
2021-01-03 18:13:06,243 INFO o.a.j.t.JMeterThread: Thread started: Thread Group - LM 1-86
2021-01-03 18:13:06,252 INFO o.a.j.t.JMeterThread: Thread started: Thread Group - LM 1-87
2021-01-03 18:13:06,262 INFO o.a.j.t.JMeterThread: Thread started: Thread Group - LM 1-88
2021-01-03 18:13:06,273 INFO o.a.j.t.JMeterThread: Thread started: Thread Group - LM 1-89
2021-01-03 18:13:06,283 INFO o.a.j.t.JMeterThread: Thread started: Thread Group - LM 1-90
2021-01-03 18:13:06,295 INFO o.a.j.t.JMeterThread: Thread started: Thread Group - LM 1-91
2021-01-03 18:13:06,303 INFO o.a.j.t.JMeterThread: Thread started: Thread Group - LM 1-92
2021-01-03 18:13:06,313 INFO o.a.j.t.JMeterThread: Thread started: Thread Group - LM 1-93
2021-01-03 18:13:06,322 INFO o.a.j.t.JMeterThread: Thread started: Thread Group - LM 1-94
2021-01-03 18:13:06,333 INFO o.a.j.t.JMeterThread: Thread started: Thread Group - LM 1-95
2021-01-03 18:13:06,343 INFO o.a.j.t.JMeterThread: Thread started: Thread Group - LM 1-96
2021-01-03 18:13:06,352 INFO o.a.j.t.JMeterThread: Thread started: Thread Group - LM 1-97
2021-01-03 18:13:06,362 INFO o.a.j.t.JMeterThread: Thread started: Thread Group - LM 1-98
2021-01-03 18:13:06,373 INFO o.a.j.t.JMeterThread: Thread started: Thread Group - LM 1-99
2021-01-03 18:13:06,383 INFO o.a.j.t.JMeterThread: Thread started: Thread Group - LM 1-100
2021-01-03 18:13:30,010 INFO o.a.j.r.Summariser: summary +   3139 in 00:00:24 =  128.5/s Avg:     9 Min:     2 Max:   307 Err:     0 (0.00%) Active: 100 Started: 100 Finished: 0
2021-01-03 18:13:30,011 INFO o.a.j.r.Summariser: summary =   3140 in 00:00:25 =  127.5/s Avg:     9 Min:     2 Max:   307 Err:     0 (0.00%)
2021-01-03 18:14:00,023 INFO o.a.j.r.Summariser: summary +   3752 in 00:00:30 =  125.0/s Avg:     6 Min:     2 Max:    48 Err:     0 (0.00%) Active: 100 Started: 100 Finished: 0
2021-01-03 18:14:00,747 INFO o.a.j.r.Summariser: summary =   6892 in 00:00:55 =  126.1/s Avg:     8 Min:     2 Max:   307 Err:     0 (0.00%)
2021-01-03 18:14:04,622 INFO o.a.j.t.JMeterThread: Thread finished: Thread Group - LM 1-7
2021-01-03 18:14:04,648 INFO o.a.j.t.JMeterThread: Thread finished: Thread Group - LM 1-51
2021-01-03 18:14:04,659 INFO o.a.j.t.JMeterThread: Thread finished: Thread Group - LM 1-24
2021-01-03 18:14:04,663 INFO o.a.j.t.JMeterThread: Thread finished: Thread Group - LM 1-9
2021-01-03 18:14:04,675 INFO o.a.j.t.JMeterThread: Thread finished: Thread Group - LM 1-22
2021-01-03 18:14:04,683 INFO o.a.j.t.JMeterThread: Thread finished: Thread Group - LM 1-52
2021-01-03 18:14:04,696 INFO o.a.j.t.JMeterThread: Thread finished: Thread Group - LM 1-10
2021-01-03 18:14:04,698 INFO o.a.j.t.JMeterThread: Thread finished: Thread Group - LM 1-95
2021-01-03 18:14:04,701 INFO o.a.j.t.JMeterThread: Thread finished: Thread Group - LM 1-53
2021-01-03 18:14:04,714 INFO o.a.j.t.JMeterThread: Thread finished: Thread Group - LM 1-96
2021-01-03 18:14:04,737 INFO o.a.j.t.JMeterThread: Thread finished: Thread Group - LM 1-97
2021-01-03 18:14:04,744 INFO o.a.j.t.JMeterThread: Thread finished: Thread Group - LM 1-26
2021-01-03 18:14:04,755 INFO o.a.j.t.JMeterThread: Thread finished: Thread Group - LM 1-98
2021-01-03 18:14:04,762 INFO o.a.j.t.JMeterThread: Thread finished: Thread Group - LM 1-54
2021-01-03 18:14:04,769 INFO o.a.j.t.JMeterThread: Thread finished: Thread Group - LM 1-19
2021-01-03 18:14:04,777 INFO o.a.j.t.JMeterThread: Thread finished: Thread Group - LM 1-27
2021-01-03 18:14:04,786 INFO o.a.j.t.JMeterThread: Thread finished: Thread Group - LM 1-99
2021-01-03 18:14:04,790 INFO o.a.j.t.JMeterThread: Thread finished: Thread Group - LM 1-100
2021-01-03 18:14:04,792 INFO o.a.j.t.JMeterThread: Thread finished: Thread Group - LM 1-25
2021-01-03 18:14:04,795 INFO o.a.j.t.JMeterThread: Thread finished: Thread Group - LM 1-56
2021-01-03 18:14:04,811 INFO o.a.j.t.JMeterThread: Thread finished: Thread Group - LM 1-57
2021-01-03 18:14:04,813 INFO o.a.j.t.JMeterThread: Thread finished: Thread Group - LM 1-12
2021-01-03 18:14:04,828 INFO o.a.j.t.JMeterThread: Thread finished: Thread Group - LM 1-28
2021-01-03 18:14:04,830 INFO o.a.j.t.JMeterThread: Thread finished: Thread Group - LM 1-58
2021-01-03 18:14:04,849 INFO o.a.j.t.JMeterThread: Thread finished: Thread Group - LM 1-59
2021-01-03 18:14:04,866 INFO o.a.j.t.JMeterThread: Thread finished: Thread Group - LM 1-60
2021-01-03 18:14:04,868 INFO o.a.j.t.JMeterThread: Thread finished: Thread Group - LM 1-29
2021-01-03 18:14:04,882 INFO o.a.j.t.JMeterThread: Thread finished: Thread Group - LM 1-31
2021-01-03 18:14:04,884 INFO o.a.j.t.JMeterThread: Thread finished: Thread Group - LM 1-61
2021-01-03 18:14:04,905 INFO o.a.j.t.JMeterThread: Thread finished: Thread Group - LM 1-62
2021-01-03 18:14:04,907 INFO o.a.j.t.JMeterThread: Thread finished: Thread Group - LM 1-14
2021-01-03 18:14:04,918 INFO o.a.j.t.JMeterThread: Thread finished: Thread Group - LM 1-8
2021-01-03 18:14:04,928 INFO o.a.j.t.JMeterThread: Thread finished: Thread Group - LM 1-30
2021-01-03 18:14:04,930 INFO o.a.j.t.JMeterThread: Thread finished: Thread Group - LM 1-63
2021-01-03 18:14:04,931 INFO o.a.j.t.JMeterThread: Thread finished: Thread Group - LM 1-15
2021-01-03 18:14:04,937 INFO o.a.j.t.JMeterThread: Thread finished: Thread Group - LM 1-11
2021-01-03 18:14:04,939 INFO o.a.j.t.JMeterThread: Thread finished: Thread Group - LM 1-64
2021-01-03 18:14:04,954 INFO o.a.j.t.JMeterThread: Thread finished: Thread Group - LM 1-16
2021-01-03 18:14:04,956 INFO o.a.j.t.JMeterThread: Thread finished: Thread Group - LM 1-32
2021-01-03 18:14:04,964 INFO o.a.j.t.JMeterThread: Thread finished: Thread Group - LM 1-65
2021-01-03 18:14:04,966 INFO o.a.j.t.JMeterThread: Thread finished: Thread Group - LM 1-13
2021-01-03 18:14:04,968 INFO o.a.j.t.JMeterThread: Thread finished: Thread Group - LM 1-33
2021-01-03 18:14:04,983 INFO o.a.j.t.JMeterThread: Thread finished: Thread Group - LM 1-66
2021-01-03 18:14:04,985 INFO o.a.j.t.JMeterThread: Thread finished: Thread Group - LM 1-34
2021-01-03 18:14:04,992 INFO o.a.j.t.JMeterThread: Thread finished: Thread Group - LM 1-67
2021-01-03 18:14:05,010 INFO o.a.j.t.JMeterThread: Thread finished: Thread Group - LM 1-68
2021-01-03 18:14:05,016 INFO o.a.j.t.JMeterThread: Thread finished: Thread Group - LM 1-35
2021-01-03 18:14:05,028 INFO o.a.j.t.JMeterThread: Thread finished: Thread Group - LM 1-36
2021-01-03 18:14:05,031 INFO o.a.j.t.JMeterThread: Thread finished: Thread Group - LM 1-69
2021-01-03 18:14:05,045 INFO o.a.j.t.JMeterThread: Thread finished: Thread Group - LM 1-37
2021-01-03 18:14:05,047 INFO o.a.j.t.JMeterThread: Thread finished: Thread Group - LM 1-70
2021-01-03 18:14:05,063 INFO o.a.j.t.JMeterThread: Thread finished: Thread Group - LM 1-71
2021-01-03 18:14:05,079 INFO o.a.j.t.JMeterThread: Thread finished: Thread Group - LM 1-38
2021-01-03 18:14:05,082 INFO o.a.j.t.JMeterThread: Thread finished: Thread Group - LM 1-72
2021-01-03 18:14:05,099 INFO o.a.j.t.JMeterThread: Thread finished: Thread Group - LM 1-73
2021-01-03 18:14:05,123 INFO o.a.j.t.JMeterThread: Thread finished: Thread Group - LM 1-4
2021-01-03 18:14:05,125 INFO o.a.j.t.JMeterThread: Thread finished: Thread Group - LM 1-74
2021-01-03 18:14:05,128 INFO o.a.j.t.JMeterThread: Thread finished: Thread Group - LM 1-18
2021-01-03 18:14:05,130 INFO o.a.j.t.JMeterThread: Thread finished: Thread Group - LM 1-39
2021-01-03 18:14:05,142 INFO o.a.j.t.JMeterThread: Thread finished: Thread Group - LM 1-17
2021-01-03 18:14:05,144 INFO o.a.j.t.JMeterThread: Thread finished: Thread Group - LM 1-40
2021-01-03 18:14:05,149 INFO o.a.j.t.JMeterThread: Thread finished: Thread Group - LM 1-5
2021-01-03 18:14:05,153 INFO o.a.j.t.JMeterThread: Thread finished: Thread Group - LM 1-75
2021-01-03 18:14:05,180 INFO o.a.j.t.JMeterThread: Thread finished: Thread Group - LM 1-76
2021-01-03 18:14:05,185 INFO o.a.j.t.JMeterThread: Thread finished: Thread Group - LM 1-41
2021-01-03 18:14:05,188 INFO o.a.j.t.JMeterThread: Thread finished: Thread Group - LM 1-77
2021-01-03 18:14:05,190 INFO o.a.j.t.JMeterThread: Thread finished: Thread Group - LM 1-78
2021-01-03 18:14:05,193 INFO o.a.j.t.JMeterThread: Thread finished: Thread Group - LM 1-42
2021-01-03 18:14:05,210 INFO o.a.j.t.JMeterThread: Thread finished: Thread Group - LM 1-79
2021-01-03 18:14:05,221 INFO o.a.j.t.JMeterThread: Thread finished: Thread Group - LM 1-6
2021-01-03 18:14:05,223 INFO o.a.j.t.JMeterThread: Thread finished: Thread Group - LM 1-43
2021-01-03 18:14:05,226 INFO o.a.j.t.JMeterThread: Thread finished: Thread Group - LM 1-80
2021-01-03 18:14:05,243 INFO o.a.j.t.JMeterThread: Thread finished: Thread Group - LM 1-44
2021-01-03 18:14:05,245 INFO o.a.j.t.JMeterThread: Thread finished: Thread Group - LM 1-81
2021-01-03 18:14:05,264 INFO o.a.j.t.JMeterThread: Thread finished: Thread Group - LM 1-82
2021-01-03 18:14:05,266 INFO o.a.j.t.JMeterThread: Thread finished: Thread Group - LM 1-3
2021-01-03 18:14:05,277 INFO o.a.j.t.JMeterThread: Thread finished: Thread Group - LM 1-45
2021-01-03 18:14:05,282 INFO o.a.j.t.JMeterThread: Thread finished: Thread Group - LM 1-20
2021-01-03 18:14:05,287 INFO o.a.j.t.JMeterThread: Thread finished: Thread Group - LM 1-83
2021-01-03 18:14:05,294 INFO o.a.j.t.JMeterThread: Thread finished: Thread Group - LM 1-46
2021-01-03 18:14:05,296 INFO o.a.j.t.JMeterThread: Thread finished: Thread Group - LM 1-84
2021-01-03 18:14:05,312 INFO o.a.j.t.JMeterThread: Thread finished: Thread Group - LM 1-47
2021-01-03 18:14:05,316 INFO o.a.j.t.JMeterThread: Thread finished: Thread Group - LM 1-85
2021-01-03 18:14:05,334 INFO o.a.j.t.JMeterThread: Thread finished: Thread Group - LM 1-86
2021-01-03 18:14:05,338 INFO o.a.j.t.JMeterThread: Thread finished: Thread Group - LM 1-48
2021-01-03 18:14:05,346 INFO o.a.j.t.JMeterThread: Thread finished: Thread Group - LM 1-2
2021-01-03 18:14:05,361 INFO o.a.j.t.JMeterThread: Thread finished: Thread Group - LM 1-87
2021-01-03 18:14:05,370 INFO o.a.j.t.JMeterThread: Thread finished: Thread Group - LM 1-88
2021-01-03 18:14:05,376 INFO o.a.j.t.JMeterThread: Thread finished: Thread Group - LM 1-23
2021-01-03 18:14:05,388 INFO o.a.j.t.JMeterThread: Thread finished: Thread Group - LM 1-89
2021-01-03 18:14:05,390 INFO o.a.j.t.JMeterThread: Thread finished: Thread Group - LM 1-49
2021-01-03 18:14:05,392 INFO o.a.j.t.JMeterThread: Stopping because end time detected by thread: Thread Group - LM 1-1
2021-01-03 18:14:05,392 INFO o.a.j.t.JMeterThread: Thread finished: Thread Group - LM 1-1
2021-01-03 18:14:05,405 INFO o.a.j.t.JMeterThread: Thread finished: Thread Group - LM 1-21
2021-01-03 18:14:05,414 INFO o.a.j.t.JMeterThread: Thread finished: Thread Group - LM 1-90
2021-01-03 18:14:05,417 INFO o.a.j.t.JMeterThread: Thread finished: Thread Group - LM 1-55
2021-01-03 18:14:05,419 INFO o.a.j.t.JMeterThread: Thread finished: Thread Group - LM 1-50
2021-01-03 18:14:05,427 INFO o.a.j.t.JMeterThread: Thread finished: Thread Group - LM 1-91
2021-01-03 18:14:05,435 INFO o.a.j.t.JMeterThread: Stopping because end time detected by thread: Thread Group - LM 1-92
2021-01-03 18:14:05,435 INFO o.a.j.t.JMeterThread: Thread finished: Thread Group - LM 1-92
2021-01-03 18:14:05,437 INFO o.a.j.t.JMeterThread: Stopping because end time detected by thread: Thread Group - LM 1-93
2021-01-03 18:14:05,437 INFO o.a.j.t.JMeterThread: Thread finished: Thread Group - LM 1-93
2021-01-03 18:14:05,440 INFO o.a.j.t.JMeterThread: Stopping because end time detected by thread: Thread Group - LM 1-94
2021-01-03 18:14:05,440 INFO o.a.j.t.JMeterThread: Thread finished: Thread Group - LM 1-94
2021-01-03 18:14:05,441 INFO o.a.j.e.StandardJMeterEngine: Notifying test listeners of end of test
2021-01-03 18:14:05,442 INFO o.a.j.r.Summariser: summary +    679 in 00:00:05 =  125.3/s Avg:     7 Min:     1 Max:    37 Err:     0 (0.00%) Active: 0 Started: 100 Finished: 100
2021-01-03 18:14:05,442 INFO o.a.j.r.Summariser: summary =   7571 in 00:01:00 =  126.0/s Avg:     8 Min:     1 Max:   307 Err:     0 (0.00%)
