2021-01-03 18:43:49,230 INFO o.a.j.u.JMeterUtils: Setting Locale to en_EN
2021-01-03 18:43:49,249 INFO o.a.j.JMeter: Loading user properties from: user.properties
2021-01-03 18:43:49,250 INFO o.a.j.JMeter: Loading system properties from: system.properties
2021-01-03 18:43:49,251 INFO o.a.j.JMeter: Copyright (c) 1998-2020 The Apache Software Foundation
2021-01-03 18:43:49,251 INFO o.a.j.JMeter: Version 5.3
2021-01-03 18:43:49,251 INFO o.a.j.JMeter: java.version=11.0.8
2021-01-03 18:43:49,251 INFO o.a.j.JMeter: java.vm.name=Java HotSpot(TM) 64-Bit Server VM
2021-01-03 18:43:49,251 INFO o.a.j.JMeter: os.name=Windows 10
2021-01-03 18:43:49,252 INFO o.a.j.JMeter: os.arch=amd64
2021-01-03 18:43:49,252 INFO o.a.j.JMeter: os.version=10.0
2021-01-03 18:43:49,252 INFO o.a.j.JMeter: file.encoding=Cp1252
2021-01-03 18:43:49,252 INFO o.a.j.JMeter: java.awt.headless=true
2021-01-03 18:43:49,252 INFO o.a.j.JMeter: Max memory     =1073741824
2021-01-03 18:43:49,252 INFO o.a.j.JMeter: Available Processors =8
2021-01-03 18:43:49,263 INFO o.a.j.JMeter: Default Locale=English (EN)
2021-01-03 18:43:49,264 INFO o.a.j.JMeter: JMeter  Locale=English (EN)
2021-01-03 18:43:49,264 INFO o.a.j.JMeter: JMeterHome=C:\Users\fabio\Documents\Fabio\Università\Magistrale\2°anno\1°semestre\Impianti di Elaborazione\apache-jmeter-5.3
2021-01-03 18:43:49,264 INFO o.a.j.JMeter: user.dir  =C:\Users\fabio\Documents\Fabio\Università\Magistrale\2°anno\1°semestre\Impianti di Elaborazione\apache-jmeter-5.3\bin
2021-01-03 18:43:49,265 INFO o.a.j.JMeter: PWD       =C:\Users\fabio\Documents\Fabio\Università\Magistrale\2°anno\1°semestre\Impianti di Elaborazione\apache-jmeter-5.3\bin
2021-01-03 18:43:49,269 INFO o.a.j.JMeter: IP: 192.168.56.1 Name: LAPTOP-DSVV6SSR FullName: 192.168.56.1
2021-01-03 18:43:49,276 INFO o.a.j.s.FileServer: Default base='C:\Users\fabio\Documents\Fabio\Università\Magistrale\2°anno\1°semestre\Impianti di Elaborazione\apache-jmeter-5.3\bin'
2021-01-03 18:43:49,277 INFO o.a.j.s.FileServer: Set new base='C:\Users\fabio\Documents\Fabio\Università\Magistrale\2°anno\1°semestre\Impianti di Elaborazione\apache-jmeter-5.3\bin'
2021-01-03 18:43:49,410 INFO o.a.j.s.SaveService: Testplan (JMX) version: 2.2. Testlog (JTL) version: 2.2
2021-01-03 18:43:49,434 INFO o.a.j.s.SaveService: Using SaveService properties version 5.0
2021-01-03 18:43:49,438 INFO o.a.j.s.SaveService: Using SaveService properties file encoding UTF-8
2021-01-03 18:43:49,441 INFO o.a.j.s.SaveService: Loading file: DesignofExperiment.jmx
2021-01-03 18:43:49,500 INFO o.a.j.p.h.s.HTTPSamplerBase: Parser for text/html is org.apache.jmeter.protocol.http.parser.LagartoBasedHtmlParser
2021-01-03 18:43:49,500 INFO o.a.j.p.h.s.HTTPSamplerBase: Parser for application/xhtml+xml is org.apache.jmeter.protocol.http.parser.LagartoBasedHtmlParser
2021-01-03 18:43:49,500 INFO o.a.j.p.h.s.HTTPSamplerBase: Parser for application/xml is org.apache.jmeter.protocol.http.parser.LagartoBasedHtmlParser
2021-01-03 18:43:49,501 INFO o.a.j.p.h.s.HTTPSamplerBase: Parser for text/xml is org.apache.jmeter.protocol.http.parser.LagartoBasedHtmlParser
2021-01-03 18:43:49,501 INFO o.a.j.p.h.s.HTTPSamplerBase: Parser for text/vnd.wap.wml is org.apache.jmeter.protocol.http.parser.RegexpHTMLParser
2021-01-03 18:43:49,501 INFO o.a.j.p.h.s.HTTPSamplerBase: Parser for text/css is org.apache.jmeter.protocol.http.parser.CssParser
2021-01-03 18:43:49,532 INFO o.a.j.JMeter: Creating summariser <summary>
2021-01-03 18:43:49,538 INFO o.a.j.e.StandardJMeterEngine: Running the test!
2021-01-03 18:43:49,539 INFO o.a.j.s.SampleEvent: List of sample_variables: []
2021-01-03 18:43:49,539 INFO o.a.j.s.SampleEvent: List of sample_variables: []
2021-01-03 18:43:49,547 INFO o.a.j.e.u.CompoundVariable: Note: Function class names must contain the string: '.functions.'
2021-01-03 18:43:49,547 INFO o.a.j.e.u.CompoundVariable: Note: Function class names must not contain the string: '.gui.'
2021-01-03 18:43:49,846 INFO o.a.j.JMeter: Running test (1609695829846)
2021-01-03 18:43:49,860 INFO o.a.j.e.StandardJMeterEngine: Starting ThreadGroup: 1 : Thread Group - MH
2021-01-03 18:43:49,860 INFO o.a.j.e.StandardJMeterEngine: Starting 100 threads for group Thread Group - MH.
2021-01-03 18:43:49,860 INFO o.a.j.e.StandardJMeterEngine: Thread will continue on error
2021-01-03 18:43:49,860 INFO o.a.j.t.ThreadGroup: Starting thread group... number=1 threads=100 ramp-up=1 delayedStart=false
2021-01-03 18:43:49,870 INFO o.a.j.t.JMeterThread: Thread started: Thread Group - MH 1-1
2021-01-03 18:43:49,878 INFO o.a.j.t.JMeterThread: Thread started: Thread Group - MH 1-2
2021-01-03 18:43:49,883 INFO o.a.j.t.JMeterThread: Thread started: Thread Group - MH 1-3
2021-01-03 18:43:49,892 INFO o.a.j.t.JMeterThread: Thread started: Thread Group - MH 1-4
2021-01-03 18:43:49,902 INFO o.a.j.t.JMeterThread: Thread started: Thread Group - MH 1-5
2021-01-03 18:43:49,907 INFO o.a.j.p.h.s.HTTPHCAbstractImpl: Local host = LAPTOP-DSVV6SSR
2021-01-03 18:43:49,909 INFO o.a.j.t.ThreadGroup: Started thread group number 1
2021-01-03 18:43:49,910 INFO o.a.j.e.StandardJMeterEngine: All thread groups have been started
2021-01-03 18:43:49,915 INFO o.a.j.t.JMeterThread: Thread started: Thread Group - MH 1-6
2021-01-03 18:43:49,916 INFO o.a.j.p.h.s.HTTPHC4Impl: HTTP request retry count = 0
2021-01-03 18:43:49,918 INFO o.a.j.s.SampleResult: Note: Sample TimeStamps are START times
2021-01-03 18:43:49,918 INFO o.a.j.s.SampleResult: sampleresult.default.encoding is set to ISO-8859-1
2021-01-03 18:43:49,918 INFO o.a.j.s.SampleResult: sampleresult.useNanoTime=true
2021-01-03 18:43:49,918 INFO o.a.j.s.SampleResult: sampleresult.nanoThreadSleep=5000
2021-01-03 18:43:49,925 INFO o.a.j.t.JMeterThread: Thread started: Thread Group - MH 1-7
2021-01-03 18:43:49,933 INFO o.a.j.t.JMeterThread: Thread started: Thread Group - MH 1-8
2021-01-03 18:43:49,942 INFO o.a.j.t.JMeterThread: Thread started: Thread Group - MH 1-9
2021-01-03 18:43:49,952 INFO o.a.j.t.JMeterThread: Thread started: Thread Group - MH 1-10
2021-01-03 18:43:49,961 INFO o.a.j.t.JMeterThread: Thread started: Thread Group - MH 1-11
2021-01-03 18:43:49,971 INFO o.a.j.t.JMeterThread: Thread started: Thread Group - MH 1-12
2021-01-03 18:43:49,981 INFO o.a.j.t.JMeterThread: Thread started: Thread Group - MH 1-13
2021-01-03 18:43:49,991 INFO o.a.j.t.JMeterThread: Thread started: Thread Group - MH 1-14
2021-01-03 18:43:50,001 INFO o.a.j.t.JMeterThread: Thread started: Thread Group - MH 1-15
2021-01-03 18:43:50,011 INFO o.a.j.t.JMeterThread: Thread started: Thread Group - MH 1-16
2021-01-03 18:43:50,021 INFO o.a.j.t.JMeterThread: Thread started: Thread Group - MH 1-17
2021-01-03 18:43:50,032 INFO o.a.j.t.JMeterThread: Thread started: Thread Group - MH 1-18
2021-01-03 18:43:50,041 INFO o.a.j.t.JMeterThread: Thread started: Thread Group - MH 1-19
2021-01-03 18:43:50,052 INFO o.a.j.t.JMeterThread: Thread started: Thread Group - MH 1-20
2021-01-03 18:43:50,062 INFO o.a.j.t.JMeterThread: Thread started: Thread Group - MH 1-21
2021-01-03 18:43:50,071 INFO o.a.j.t.JMeterThread: Thread started: Thread Group - MH 1-22
2021-01-03 18:43:50,081 INFO o.a.j.t.JMeterThread: Thread started: Thread Group - MH 1-23
2021-01-03 18:43:50,092 INFO o.a.j.t.JMeterThread: Thread started: Thread Group - MH 1-24
2021-01-03 18:43:50,102 INFO o.a.j.t.JMeterThread: Thread started: Thread Group - MH 1-25
2021-01-03 18:43:50,113 INFO o.a.j.t.JMeterThread: Thread started: Thread Group - MH 1-26
2021-01-03 18:43:50,122 INFO o.a.j.t.JMeterThread: Thread started: Thread Group - MH 1-27
2021-01-03 18:43:50,132 INFO o.a.j.t.JMeterThread: Thread started: Thread Group - MH 1-28
2021-01-03 18:43:50,143 INFO o.a.j.t.JMeterThread: Thread started: Thread Group - MH 1-29
2021-01-03 18:43:50,153 INFO o.a.j.t.JMeterThread: Thread started: Thread Group - MH 1-30
2021-01-03 18:43:50,161 INFO o.a.j.t.JMeterThread: Thread started: Thread Group - MH 1-31
2021-01-03 18:43:50,171 INFO o.a.j.t.JMeterThread: Thread started: Thread Group - MH 1-32
2021-01-03 18:43:50,182 INFO o.a.j.t.JMeterThread: Thread started: Thread Group - MH 1-33
2021-01-03 18:43:50,192 INFO o.a.j.t.JMeterThread: Thread started: Thread Group - MH 1-34
2021-01-03 18:43:50,202 INFO o.a.j.t.JMeterThread: Thread started: Thread Group - MH 1-35
2021-01-03 18:43:50,211 INFO o.a.j.t.JMeterThread: Thread started: Thread Group - MH 1-36
2021-01-03 18:43:50,222 INFO o.a.j.t.JMeterThread: Thread started: Thread Group - MH 1-37
2021-01-03 18:43:50,231 INFO o.a.j.t.JMeterThread: Thread started: Thread Group - MH 1-38
2021-01-03 18:43:50,241 INFO o.a.j.t.JMeterThread: Thread started: Thread Group - MH 1-39
2021-01-03 18:43:50,251 INFO o.a.j.t.JMeterThread: Thread started: Thread Group - MH 1-40
2021-01-03 18:43:50,262 INFO o.a.j.t.JMeterThread: Thread started: Thread Group - MH 1-41
2021-01-03 18:43:50,271 INFO o.a.j.t.JMeterThread: Thread started: Thread Group - MH 1-42
2021-01-03 18:43:50,282 INFO o.a.j.t.JMeterThread: Thread started: Thread Group - MH 1-43
2021-01-03 18:43:50,291 INFO o.a.j.t.JMeterThread: Thread started: Thread Group - MH 1-44
2021-01-03 18:43:50,302 INFO o.a.j.t.JMeterThread: Thread started: Thread Group - MH 1-45
2021-01-03 18:43:50,311 INFO o.a.j.t.JMeterThread: Thread started: Thread Group - MH 1-46
2021-01-03 18:43:50,322 INFO o.a.j.t.JMeterThread: Thread started: Thread Group - MH 1-47
2021-01-03 18:43:50,331 INFO o.a.j.t.JMeterThread: Thread started: Thread Group - MH 1-48
2021-01-03 18:43:50,340 INFO o.a.j.t.JMeterThread: Thread started: Thread Group - MH 1-49
2021-01-03 18:43:50,352 INFO o.a.j.t.JMeterThread: Thread started: Thread Group - MH 1-50
2021-01-03 18:43:50,362 INFO o.a.j.t.JMeterThread: Thread started: Thread Group - MH 1-51
2021-01-03 18:43:50,370 INFO o.a.j.t.JMeterThread: Thread started: Thread Group - MH 1-52
2021-01-03 18:43:50,381 INFO o.a.j.t.JMeterThread: Thread started: Thread Group - MH 1-53
2021-01-03 18:43:50,392 INFO o.a.j.t.JMeterThread: Thread started: Thread Group - MH 1-54
2021-01-03 18:43:50,401 INFO o.a.j.t.JMeterThread: Thread started: Thread Group - MH 1-55
2021-01-03 18:43:50,410 INFO o.a.j.t.JMeterThread: Thread started: Thread Group - MH 1-56
2021-01-03 18:43:50,421 INFO o.a.j.t.JMeterThread: Thread started: Thread Group - MH 1-57
2021-01-03 18:43:50,432 INFO o.a.j.t.JMeterThread: Thread started: Thread Group - MH 1-58
2021-01-03 18:43:50,441 INFO o.a.j.t.JMeterThread: Thread started: Thread Group - MH 1-59
2021-01-03 18:43:50,451 INFO o.a.j.t.JMeterThread: Thread started: Thread Group - MH 1-60
2021-01-03 18:43:50,461 INFO o.a.j.t.JMeterThread: Thread started: Thread Group - MH 1-61
2021-01-03 18:43:50,471 INFO o.a.j.t.JMeterThread: Thread started: Thread Group - MH 1-62
2021-01-03 18:43:50,482 INFO o.a.j.t.JMeterThread: Thread started: Thread Group - MH 1-63
2021-01-03 18:43:50,491 INFO o.a.j.t.JMeterThread: Thread started: Thread Group - MH 1-64
2021-01-03 18:43:50,500 INFO o.a.j.t.JMeterThread: Thread started: Thread Group - MH 1-65
2021-01-03 18:43:50,512 INFO o.a.j.t.JMeterThread: Thread started: Thread Group - MH 1-66
2021-01-03 18:43:50,522 INFO o.a.j.t.JMeterThread: Thread started: Thread Group - MH 1-67
2021-01-03 18:43:50,530 INFO o.a.j.t.JMeterThread: Thread started: Thread Group - MH 1-68
2021-01-03 18:43:50,541 INFO o.a.j.t.JMeterThread: Thread started: Thread Group - MH 1-69
2021-01-03 18:43:50,551 INFO o.a.j.t.JMeterThread: Thread started: Thread Group - MH 1-70
2021-01-03 18:43:50,561 INFO o.a.j.t.JMeterThread: Thread started: Thread Group - MH 1-71
2021-01-03 18:43:50,572 INFO o.a.j.t.JMeterThread: Thread started: Thread Group - MH 1-72
2021-01-03 18:43:50,582 INFO o.a.j.t.JMeterThread: Thread started: Thread Group - MH 1-73
2021-01-03 18:43:50,590 INFO o.a.j.t.JMeterThread: Thread started: Thread Group - MH 1-74
2021-01-03 18:43:50,602 INFO o.a.j.t.JMeterThread: Thread started: Thread Group - MH 1-75
2021-01-03 18:43:50,611 INFO o.a.j.t.JMeterThread: Thread started: Thread Group - MH 1-76
2021-01-03 18:43:50,620 INFO o.a.j.t.JMeterThread: Thread started: Thread Group - MH 1-77
2021-01-03 18:43:50,631 INFO o.a.j.t.JMeterThread: Thread started: Thread Group - MH 1-78
2021-01-03 18:43:50,642 INFO o.a.j.t.JMeterThread: Thread started: Thread Group - MH 1-79
2021-01-03 18:43:50,651 INFO o.a.j.t.JMeterThread: Thread started: Thread Group - MH 1-80
2021-01-03 18:43:50,660 INFO o.a.j.t.JMeterThread: Thread started: Thread Group - MH 1-81
2021-01-03 18:43:50,671 INFO o.a.j.t.JMeterThread: Thread started: Thread Group - MH 1-82
2021-01-03 18:43:50,682 INFO o.a.j.t.JMeterThread: Thread started: Thread Group - MH 1-83
2021-01-03 18:43:50,691 INFO o.a.j.t.JMeterThread: Thread started: Thread Group - MH 1-84
2021-01-03 18:43:50,700 INFO o.a.j.t.JMeterThread: Thread started: Thread Group - MH 1-85
2021-01-03 18:43:50,711 INFO o.a.j.t.JMeterThread: Thread started: Thread Group - MH 1-86
2021-01-03 18:43:50,722 INFO o.a.j.t.JMeterThread: Thread started: Thread Group - MH 1-87
2021-01-03 18:43:50,731 INFO o.a.j.t.JMeterThread: Thread started: Thread Group - MH 1-88
2021-01-03 18:43:50,740 INFO o.a.j.t.JMeterThread: Thread started: Thread Group - MH 1-89
2021-01-03 18:43:50,753 INFO o.a.j.t.JMeterThread: Thread started: Thread Group - MH 1-90
2021-01-03 18:43:50,762 INFO o.a.j.t.JMeterThread: Thread started: Thread Group - MH 1-91
2021-01-03 18:43:50,771 INFO o.a.j.t.JMeterThread: Thread started: Thread Group - MH 1-92
2021-01-03 18:43:50,780 INFO o.a.j.t.JMeterThread: Thread started: Thread Group - MH 1-93
2021-01-03 18:43:50,791 INFO o.a.j.t.JMeterThread: Thread started: Thread Group - MH 1-94
2021-01-03 18:43:50,801 INFO o.a.j.t.JMeterThread: Thread started: Thread Group - MH 1-95
2021-01-03 18:43:50,811 INFO o.a.j.t.JMeterThread: Thread started: Thread Group - MH 1-96
2021-01-03 18:43:50,821 INFO o.a.j.t.JMeterThread: Thread started: Thread Group - MH 1-97
2021-01-03 18:43:50,831 INFO o.a.j.t.JMeterThread: Thread started: Thread Group - MH 1-98
2021-01-03 18:43:50,840 INFO o.a.j.t.JMeterThread: Thread started: Thread Group - MH 1-99
2021-01-03 18:43:50,852 INFO o.a.j.t.JMeterThread: Thread started: Thread Group - MH 1-100
2021-01-03 18:44:00,006 INFO o.a.j.r.Summariser: summary +   2270 in 00:00:10 =  223.5/s Avg:   228 Min:     0 Max:  1345 Err:   744 (32.78%) Active: 100 Started: 100 Finished: 0
2021-01-03 18:44:30,004 INFO o.a.j.r.Summariser: summary +   7480 in 00:00:30 =  249.3/s Avg:    93 Min:     0 Max:   868 Err:  2039 (27.26%) Active: 100 Started: 100 Finished: 0
2021-01-03 18:44:30,005 INFO o.a.j.r.Summariser: summary =   9750 in 00:00:40 =  242.8/s Avg:   125 Min:     0 Max:  1345 Err:  2783 (28.54%)
2021-01-03 18:44:49,615 INFO o.a.j.t.JMeterThread: Thread finished: Thread Group - MH 1-57
2021-01-03 18:44:49,615 INFO o.a.j.t.JMeterThread: Thread finished: Thread Group - MH 1-24
2021-01-03 18:44:49,617 INFO o.a.j.t.JMeterThread: Thread finished: Thread Group - MH 1-18
2021-01-03 18:44:49,619 INFO o.a.j.t.JMeterThread: Thread finished: Thread Group - MH 1-6
2021-01-03 18:44:49,629 INFO o.a.j.t.JMeterThread: Thread finished: Thread Group - MH 1-52
2021-01-03 18:44:49,636 INFO o.a.j.t.JMeterThread: Thread finished: Thread Group - MH 1-2
2021-01-03 18:44:49,651 INFO o.a.j.t.JMeterThread: Thread finished: Thread Group - MH 1-22
2021-01-03 18:44:49,666 INFO o.a.j.t.JMeterThread: Thread finished: Thread Group - MH 1-27
2021-01-03 18:44:49,667 INFO o.a.j.t.JMeterThread: Thread finished: Thread Group - MH 1-64
2021-01-03 18:44:49,668 INFO o.a.j.t.JMeterThread: Thread finished: Thread Group - MH 1-21
2021-01-03 18:44:49,672 INFO o.a.j.t.JMeterThread: Thread finished: Thread Group - MH 1-54
2021-01-03 18:44:49,673 INFO o.a.j.t.JMeterThread: Thread finished: Thread Group - MH 1-4
2021-01-03 18:44:49,697 INFO o.a.j.t.JMeterThread: Thread finished: Thread Group - MH 1-39
2021-01-03 18:44:49,698 INFO o.a.j.t.JMeterThread: Thread finished: Thread Group - MH 1-38
2021-01-03 18:44:49,708 INFO o.a.j.t.JMeterThread: Thread finished: Thread Group - MH 1-59
2021-01-03 18:44:49,708 INFO o.a.j.t.JMeterThread: Thread finished: Thread Group - MH 1-75
2021-01-03 18:44:49,716 INFO o.a.j.t.JMeterThread: Thread finished: Thread Group - MH 1-1
2021-01-03 18:44:49,724 INFO o.a.j.t.JMeterThread: Thread finished: Thread Group - MH 1-66
2021-01-03 18:44:49,731 INFO o.a.j.t.JMeterThread: Thread finished: Thread Group - MH 1-61
2021-01-03 18:44:49,736 INFO o.a.j.t.JMeterThread: Thread finished: Thread Group - MH 1-46
2021-01-03 18:44:49,736 INFO o.a.j.t.JMeterThread: Thread finished: Thread Group - MH 1-62
2021-01-03 18:44:49,737 INFO o.a.j.t.JMeterThread: Thread finished: Thread Group - MH 1-34
2021-01-03 18:44:49,743 INFO o.a.j.t.JMeterThread: Thread finished: Thread Group - MH 1-86
2021-01-03 18:44:49,750 INFO o.a.j.t.JMeterThread: Thread finished: Thread Group - MH 1-41
2021-01-03 18:44:49,752 INFO o.a.j.t.JMeterThread: Thread finished: Thread Group - MH 1-32
2021-01-03 18:44:49,755 INFO o.a.j.t.JMeterThread: Thread finished: Thread Group - MH 1-48
2021-01-03 18:44:49,759 INFO o.a.j.t.JMeterThread: Thread finished: Thread Group - MH 1-28
2021-01-03 18:44:49,761 INFO o.a.j.t.JMeterThread: Thread finished: Thread Group - MH 1-71
2021-01-03 18:44:49,775 INFO o.a.j.t.JMeterThread: Thread finished: Thread Group - MH 1-94
2021-01-03 18:44:49,779 INFO o.a.j.t.JMeterThread: Thread finished: Thread Group - MH 1-40
2021-01-03 18:44:49,786 INFO o.a.j.t.JMeterThread: Thread finished: Thread Group - MH 1-56
2021-01-03 18:44:49,787 INFO o.a.j.t.JMeterThread: Thread finished: Thread Group - MH 1-3
2021-01-03 18:44:49,793 INFO o.a.j.t.JMeterThread: Thread finished: Thread Group - MH 1-37
2021-01-03 18:44:49,796 INFO o.a.j.t.JMeterThread: Thread finished: Thread Group - MH 1-9
2021-01-03 18:44:49,804 INFO o.a.j.t.JMeterThread: Thread finished: Thread Group - MH 1-49
2021-01-03 18:44:49,813 INFO o.a.j.t.JMeterThread: Thread finished: Thread Group - MH 1-70
2021-01-03 18:44:49,815 INFO o.a.j.t.JMeterThread: Thread finished: Thread Group - MH 1-55
2021-01-03 18:44:49,815 INFO o.a.j.t.JMeterThread: Thread finished: Thread Group - MH 1-98
2021-01-03 18:44:49,817 INFO o.a.j.t.JMeterThread: Thread finished: Thread Group - MH 1-5
2021-01-03 18:44:49,831 INFO o.a.j.t.JMeterThread: Thread finished: Thread Group - MH 1-72
2021-01-03 18:44:49,840 INFO o.a.j.t.JMeterThread: Thread finished: Thread Group - MH 1-81
2021-01-03 18:44:49,841 INFO o.a.j.t.JMeterThread: Thread finished: Thread Group - MH 1-14
2021-01-03 18:44:49,851 INFO o.a.j.t.JMeterThread: Thread finished: Thread Group - MH 1-12
2021-01-03 18:44:49,854 INFO o.a.j.t.JMeterThread: Thread finished: Thread Group - MH 1-10
2021-01-03 18:44:49,855 INFO o.a.j.t.JMeterThread: Thread finished: Thread Group - MH 1-60
2021-01-03 18:44:49,856 INFO o.a.j.t.JMeterThread: Thread finished: Thread Group - MH 1-8
2021-01-03 18:44:49,868 INFO o.a.j.t.JMeterThread: Thread finished: Thread Group - MH 1-85
2021-01-03 18:44:49,872 INFO o.a.j.t.JMeterThread: Thread finished: Thread Group - MH 1-13
2021-01-03 18:44:49,884 INFO o.a.j.t.JMeterThread: Thread finished: Thread Group - MH 1-97
2021-01-03 18:44:49,889 INFO o.a.j.t.JMeterThread: Stopping because end time detected by thread: Thread Group - MH 1-33
2021-01-03 18:44:49,889 INFO o.a.j.t.JMeterThread: Thread finished: Thread Group - MH 1-33
2021-01-03 18:44:49,898 INFO o.a.j.t.JMeterThread: Thread finished: Thread Group - MH 1-84
2021-01-03 18:44:49,899 INFO o.a.j.t.JMeterThread: Thread finished: Thread Group - MH 1-91
2021-01-03 18:44:49,905 INFO o.a.j.t.JMeterThread: Stopping because end time detected by thread: Thread Group - MH 1-58
2021-01-03 18:44:49,905 INFO o.a.j.t.JMeterThread: Thread finished: Thread Group - MH 1-58
2021-01-03 18:44:49,912 INFO o.a.j.t.JMeterThread: Stopping because end time detected by thread: Thread Group - MH 1-15
2021-01-03 18:44:49,912 INFO o.a.j.t.JMeterThread: Thread finished: Thread Group - MH 1-15
2021-01-03 18:44:49,914 INFO o.a.j.t.JMeterThread: Stopping because end time detected by thread: Thread Group - MH 1-63
2021-01-03 18:44:49,914 INFO o.a.j.t.JMeterThread: Thread finished: Thread Group - MH 1-63
2021-01-03 18:44:49,915 INFO o.a.j.t.JMeterThread: Stopping because end time detected by thread: Thread Group - MH 1-44
2021-01-03 18:44:49,915 INFO o.a.j.t.JMeterThread: Thread finished: Thread Group - MH 1-44
2021-01-03 18:44:49,924 INFO o.a.j.t.JMeterThread: Stopping because end time detected by thread: Thread Group - MH 1-79
2021-01-03 18:44:49,924 INFO o.a.j.t.JMeterThread: Thread finished: Thread Group - MH 1-79
2021-01-03 18:44:49,927 INFO o.a.j.t.JMeterThread: Stopping because end time detected by thread: Thread Group - MH 1-95
2021-01-03 18:44:49,927 INFO o.a.j.t.JMeterThread: Thread finished: Thread Group - MH 1-95
2021-01-03 18:44:49,927 INFO o.a.j.t.JMeterThread: Stopping because end time detected by thread: Thread Group - MH 1-82
2021-01-03 18:44:49,927 INFO o.a.j.t.JMeterThread: Thread finished: Thread Group - MH 1-82
2021-01-03 18:44:49,928 INFO o.a.j.t.JMeterThread: Stopping because end time detected by thread: Thread Group - MH 1-96
2021-01-03 18:44:49,928 INFO o.a.j.t.JMeterThread: Thread finished: Thread Group - MH 1-96
2021-01-03 18:44:49,942 INFO o.a.j.t.JMeterThread: Stopping because end time detected by thread: Thread Group - MH 1-88
2021-01-03 18:44:49,942 INFO o.a.j.t.JMeterThread: Thread finished: Thread Group - MH 1-88
2021-01-03 18:44:49,951 INFO o.a.j.t.JMeterThread: Stopping because end time detected by thread: Thread Group - MH 1-51
2021-01-03 18:44:49,951 INFO o.a.j.t.JMeterThread: Stopping because end time detected by thread: Thread Group - MH 1-42
2021-01-03 18:44:49,951 INFO o.a.j.t.JMeterThread: Thread finished: Thread Group - MH 1-51
2021-01-03 18:44:49,951 INFO o.a.j.t.JMeterThread: Thread finished: Thread Group - MH 1-42
2021-01-03 18:44:49,954 INFO o.a.j.t.JMeterThread: Stopping because end time detected by thread: Thread Group - MH 1-77
2021-01-03 18:44:49,954 INFO o.a.j.t.JMeterThread: Thread finished: Thread Group - MH 1-77
2021-01-03 18:44:49,957 INFO o.a.j.t.JMeterThread: Stopping because end time detected by thread: Thread Group - MH 1-17
2021-01-03 18:44:49,957 INFO o.a.j.t.JMeterThread: Thread finished: Thread Group - MH 1-17
2021-01-03 18:44:49,963 INFO o.a.j.t.JMeterThread: Stopping because end time detected by thread: Thread Group - MH 1-68
2021-01-03 18:44:49,963 INFO o.a.j.t.JMeterThread: Thread finished: Thread Group - MH 1-68
2021-01-03 18:44:49,975 INFO o.a.j.t.JMeterThread: Stopping because end time detected by thread: Thread Group - MH 1-26
2021-01-03 18:44:49,975 INFO o.a.j.t.JMeterThread: Thread finished: Thread Group - MH 1-26
2021-01-03 18:44:50,005 INFO o.a.j.t.JMeterThread: Stopping because end time detected by thread: Thread Group - MH 1-99
2021-01-03 18:44:50,005 INFO o.a.j.t.JMeterThread: Thread finished: Thread Group - MH 1-99
2021-01-03 18:44:50,008 INFO o.a.j.t.JMeterThread: Stopping because end time detected by thread: Thread Group - MH 1-87
2021-01-03 18:44:50,008 INFO o.a.j.t.JMeterThread: Thread finished: Thread Group - MH 1-87
2021-01-03 18:44:50,008 INFO o.a.j.t.JMeterThread: Stopping because end time detected by thread: Thread Group - MH 1-69
2021-01-03 18:44:50,008 INFO o.a.j.t.JMeterThread: Thread finished: Thread Group - MH 1-69
2021-01-03 18:44:50,009 INFO o.a.j.t.JMeterThread: Stopping because end time detected by thread: Thread Group - MH 1-67
2021-01-03 18:44:50,009 INFO o.a.j.t.JMeterThread: Thread finished: Thread Group - MH 1-67
2021-01-03 18:44:50,012 INFO o.a.j.t.JMeterThread: Stopping because end time detected by thread: Thread Group - MH 1-19
2021-01-03 18:44:50,012 INFO o.a.j.t.JMeterThread: Thread finished: Thread Group - MH 1-19
2021-01-03 18:44:50,021 INFO o.a.j.t.JMeterThread: Stopping because end time detected by thread: Thread Group - MH 1-65
2021-01-03 18:44:50,021 INFO o.a.j.t.JMeterThread: Thread finished: Thread Group - MH 1-65
2021-01-03 18:44:50,030 INFO o.a.j.t.JMeterThread: Stopping because end time detected by thread: Thread Group - MH 1-25
2021-01-03 18:44:50,030 INFO o.a.j.t.JMeterThread: Thread finished: Thread Group - MH 1-25
2021-01-03 18:44:50,030 INFO o.a.j.t.JMeterThread: Stopping because end time detected by thread: Thread Group - MH 1-20
2021-01-03 18:44:50,030 INFO o.a.j.t.JMeterThread: Thread finished: Thread Group - MH 1-20
2021-01-03 18:44:50,036 INFO o.a.j.t.JMeterThread: Stopping because end time detected by thread: Thread Group - MH 1-30
2021-01-03 18:44:50,036 INFO o.a.j.t.JMeterThread: Thread finished: Thread Group - MH 1-30
2021-01-03 18:44:50,042 INFO o.a.j.t.JMeterThread: Stopping because end time detected by thread: Thread Group - MH 1-93
2021-01-03 18:44:50,042 INFO o.a.j.t.JMeterThread: Thread finished: Thread Group - MH 1-93
2021-01-03 18:44:50,044 INFO o.a.j.t.JMeterThread: Stopping because end time detected by thread: Thread Group - MH 1-43
2021-01-03 18:44:50,044 INFO o.a.j.t.JMeterThread: Thread finished: Thread Group - MH 1-43
2021-01-03 18:44:50,045 INFO o.a.j.t.JMeterThread: Stopping because end time detected by thread: Thread Group - MH 1-53
2021-01-03 18:44:50,046 INFO o.a.j.t.JMeterThread: Thread finished: Thread Group - MH 1-53
2021-01-03 18:44:50,063 INFO o.a.j.t.JMeterThread: Stopping because end time detected by thread: Thread Group - MH 1-23
2021-01-03 18:44:50,063 INFO o.a.j.t.JMeterThread: Thread finished: Thread Group - MH 1-23
2021-01-03 18:44:50,069 INFO o.a.j.t.JMeterThread: Stopping because end time detected by thread: Thread Group - MH 1-11
2021-01-03 18:44:50,069 INFO o.a.j.t.JMeterThread: Thread finished: Thread Group - MH 1-11
2021-01-03 18:44:50,078 INFO o.a.j.t.JMeterThread: Stopping because end time detected by thread: Thread Group - MH 1-16
2021-01-03 18:44:50,078 INFO o.a.j.t.JMeterThread: Thread finished: Thread Group - MH 1-16
2021-01-03 18:44:50,087 INFO o.a.j.t.JMeterThread: Stopping because end time detected by thread: Thread Group - MH 1-78
2021-01-03 18:44:50,087 INFO o.a.j.t.JMeterThread: Thread finished: Thread Group - MH 1-78
2021-01-03 18:44:50,090 INFO o.a.j.t.JMeterThread: Stopping because end time detected by thread: Thread Group - MH 1-45
2021-01-03 18:44:50,090 INFO o.a.j.t.JMeterThread: Thread finished: Thread Group - MH 1-45
2021-01-03 18:44:50,095 INFO o.a.j.t.JMeterThread: Stopping because end time detected by thread: Thread Group - MH 1-47
2021-01-03 18:44:50,095 INFO o.a.j.t.JMeterThread: Thread finished: Thread Group - MH 1-47
2021-01-03 18:44:50,095 INFO o.a.j.t.JMeterThread: Stopping because end time detected by thread: Thread Group - MH 1-76
2021-01-03 18:44:50,095 INFO o.a.j.t.JMeterThread: Thread finished: Thread Group - MH 1-76
2021-01-03 18:44:50,096 INFO o.a.j.t.JMeterThread: Stopping because end time detected by thread: Thread Group - MH 1-83
2021-01-03 18:44:50,096 INFO o.a.j.t.JMeterThread: Stopping because end time detected by thread: Thread Group - MH 1-50
2021-01-03 18:44:50,096 INFO o.a.j.t.JMeterThread: Thread finished: Thread Group - MH 1-83
2021-01-03 18:44:50,096 INFO o.a.j.t.JMeterThread: Thread finished: Thread Group - MH 1-50
2021-01-03 18:44:50,097 INFO o.a.j.t.JMeterThread: Stopping because end time detected by thread: Thread Group - MH 1-90
2021-01-03 18:44:50,097 INFO o.a.j.t.JMeterThread: Thread finished: Thread Group - MH 1-90
2021-01-03 18:44:50,099 INFO o.a.j.t.JMeterThread: Stopping because end time detected by thread: Thread Group - MH 1-80
2021-01-03 18:44:50,099 INFO o.a.j.t.JMeterThread: Thread finished: Thread Group - MH 1-80
2021-01-03 18:44:50,099 INFO o.a.j.t.JMeterThread: Stopping because end time detected by thread: Thread Group - MH 1-92
2021-01-03 18:44:50,099 INFO o.a.j.t.JMeterThread: Thread finished: Thread Group - MH 1-92
2021-01-03 18:44:50,099 INFO o.a.j.t.JMeterThread: Stopping because end time detected by thread: Thread Group - MH 1-73
2021-01-03 18:44:50,099 INFO o.a.j.t.JMeterThread: Thread finished: Thread Group - MH 1-73
2021-01-03 18:44:50,101 INFO o.a.j.t.JMeterThread: Stopping because end time detected by thread: Thread Group - MH 1-100
2021-01-03 18:44:50,101 INFO o.a.j.t.JMeterThread: Thread finished: Thread Group - MH 1-100
2021-01-03 18:44:50,109 INFO o.a.j.t.JMeterThread: Stopping because end time detected by thread: Thread Group - MH 1-74
2021-01-03 18:44:50,109 INFO o.a.j.t.JMeterThread: Thread finished: Thread Group - MH 1-74
2021-01-03 18:44:50,113 INFO o.a.j.t.JMeterThread: Stopping because end time detected by thread: Thread Group - MH 1-36
2021-01-03 18:44:50,113 INFO o.a.j.t.JMeterThread: Thread finished: Thread Group - MH 1-36
2021-01-03 18:44:50,116 INFO o.a.j.t.JMeterThread: Stopping because end time detected by thread: Thread Group - MH 1-7
2021-01-03 18:44:50,116 INFO o.a.j.t.JMeterThread: Thread finished: Thread Group - MH 1-7
2021-01-03 18:44:50,116 INFO o.a.j.t.JMeterThread: Stopping because end time detected by thread: Thread Group - MH 1-29
2021-01-03 18:44:50,116 INFO o.a.j.t.JMeterThread: Thread finished: Thread Group - MH 1-29
2021-01-03 18:44:50,117 INFO o.a.j.t.JMeterThread: Stopping because end time detected by thread: Thread Group - MH 1-35
2021-01-03 18:44:50,117 INFO o.a.j.t.JMeterThread: Thread finished: Thread Group - MH 1-35
2021-01-03 18:44:50,117 INFO o.a.j.t.JMeterThread: Stopping because end time detected by thread: Thread Group - MH 1-31
2021-01-03 18:44:50,117 INFO o.a.j.t.JMeterThread: Thread finished: Thread Group - MH 1-31
2021-01-03 18:44:50,122 INFO o.a.j.t.JMeterThread: Stopping because end time detected by thread: Thread Group - MH 1-89
2021-01-03 18:44:50,122 INFO o.a.j.t.JMeterThread: Thread finished: Thread Group - MH 1-89
2021-01-03 18:44:50,122 INFO o.a.j.e.StandardJMeterEngine: Notifying test listeners of end of test
2021-01-03 18:44:50,123 INFO o.a.j.r.Summariser: summary +   4999 in 00:00:20 =  248.5/s Avg:    80 Min:     0 Max:   686 Err:  1236 (24.72%) Active: 0 Started: 100 Finished: 100
2021-01-03 18:44:50,124 INFO o.a.j.r.Summariser: summary =  14749 in 00:01:00 =  244.7/s Avg:   110 Min:     0 Max:  1345 Err:  4019 (27.25%)
