2021-01-03 18:46:04,508 INFO o.a.j.u.JMeterUtils: Setting Locale to en_EN
2021-01-03 18:46:04,526 INFO o.a.j.JMeter: Loading user properties from: user.properties
2021-01-03 18:46:04,527 INFO o.a.j.JMeter: Loading system properties from: system.properties
2021-01-03 18:46:04,529 INFO o.a.j.JMeter: Copyright (c) 1998-2020 The Apache Software Foundation
2021-01-03 18:46:04,529 INFO o.a.j.JMeter: Version 5.3
2021-01-03 18:46:04,529 INFO o.a.j.JMeter: java.version=11.0.8
2021-01-03 18:46:04,529 INFO o.a.j.JMeter: java.vm.name=Java HotSpot(TM) 64-Bit Server VM
2021-01-03 18:46:04,529 INFO o.a.j.JMeter: os.name=Windows 10
2021-01-03 18:46:04,530 INFO o.a.j.JMeter: os.arch=amd64
2021-01-03 18:46:04,530 INFO o.a.j.JMeter: os.version=10.0
2021-01-03 18:46:04,530 INFO o.a.j.JMeter: file.encoding=Cp1252
2021-01-03 18:46:04,530 INFO o.a.j.JMeter: java.awt.headless=true
2021-01-03 18:46:04,530 INFO o.a.j.JMeter: Max memory     =1073741824
2021-01-03 18:46:04,530 INFO o.a.j.JMeter: Available Processors =8
2021-01-03 18:46:04,538 INFO o.a.j.JMeter: Default Locale=English (EN)
2021-01-03 18:46:04,539 INFO o.a.j.JMeter: JMeter  Locale=English (EN)
2021-01-03 18:46:04,539 INFO o.a.j.JMeter: JMeterHome=C:\Users\fabio\Documents\Fabio\Università\Magistrale\2°anno\1°semestre\Impianti di Elaborazione\apache-jmeter-5.3
2021-01-03 18:46:04,539 INFO o.a.j.JMeter: user.dir  =C:\Users\fabio\Documents\Fabio\Università\Magistrale\2°anno\1°semestre\Impianti di Elaborazione\apache-jmeter-5.3\bin
2021-01-03 18:46:04,539 INFO o.a.j.JMeter: PWD       =C:\Users\fabio\Documents\Fabio\Università\Magistrale\2°anno\1°semestre\Impianti di Elaborazione\apache-jmeter-5.3\bin
2021-01-03 18:46:04,547 INFO o.a.j.JMeter: IP: 192.168.56.1 Name: LAPTOP-DSVV6SSR FullName: 192.168.56.1
2021-01-03 18:46:04,553 INFO o.a.j.s.FileServer: Default base='C:\Users\fabio\Documents\Fabio\Università\Magistrale\2°anno\1°semestre\Impianti di Elaborazione\apache-jmeter-5.3\bin'
2021-01-03 18:46:04,554 INFO o.a.j.s.FileServer: Set new base='C:\Users\fabio\Documents\Fabio\Università\Magistrale\2°anno\1°semestre\Impianti di Elaborazione\apache-jmeter-5.3\bin'
2021-01-03 18:46:04,690 INFO o.a.j.s.SaveService: Testplan (JMX) version: 2.2. Testlog (JTL) version: 2.2
2021-01-03 18:46:04,712 INFO o.a.j.s.SaveService: Using SaveService properties version 5.0
2021-01-03 18:46:04,716 INFO o.a.j.s.SaveService: Using SaveService properties file encoding UTF-8
2021-01-03 18:46:04,720 INFO o.a.j.s.SaveService: Loading file: DesignofExperiment.jmx
2021-01-03 18:46:04,783 INFO o.a.j.p.h.s.HTTPSamplerBase: Parser for text/html is org.apache.jmeter.protocol.http.parser.LagartoBasedHtmlParser
2021-01-03 18:46:04,783 INFO o.a.j.p.h.s.HTTPSamplerBase: Parser for application/xhtml+xml is org.apache.jmeter.protocol.http.parser.LagartoBasedHtmlParser
2021-01-03 18:46:04,783 INFO o.a.j.p.h.s.HTTPSamplerBase: Parser for application/xml is org.apache.jmeter.protocol.http.parser.LagartoBasedHtmlParser
2021-01-03 18:46:04,783 INFO o.a.j.p.h.s.HTTPSamplerBase: Parser for text/xml is org.apache.jmeter.protocol.http.parser.LagartoBasedHtmlParser
2021-01-03 18:46:04,783 INFO o.a.j.p.h.s.HTTPSamplerBase: Parser for text/vnd.wap.wml is org.apache.jmeter.protocol.http.parser.RegexpHTMLParser
2021-01-03 18:46:04,784 INFO o.a.j.p.h.s.HTTPSamplerBase: Parser for text/css is org.apache.jmeter.protocol.http.parser.CssParser
2021-01-03 18:46:04,811 INFO o.a.j.JMeter: Creating summariser <summary>
2021-01-03 18:46:04,817 INFO o.a.j.e.StandardJMeterEngine: Running the test!
2021-01-03 18:46:04,818 INFO o.a.j.s.SampleEvent: List of sample_variables: []
2021-01-03 18:46:04,818 INFO o.a.j.s.SampleEvent: List of sample_variables: []
2021-01-03 18:46:04,827 INFO o.a.j.e.u.CompoundVariable: Note: Function class names must contain the string: '.functions.'
2021-01-03 18:46:04,827 INFO o.a.j.e.u.CompoundVariable: Note: Function class names must not contain the string: '.gui.'
2021-01-03 18:46:05,133 INFO o.a.j.JMeter: Running test (1609695965133)
2021-01-03 18:46:05,146 INFO o.a.j.e.StandardJMeterEngine: Starting ThreadGroup: 1 : Thread Group - MH
2021-01-03 18:46:05,146 INFO o.a.j.e.StandardJMeterEngine: Starting 100 threads for group Thread Group - MH.
2021-01-03 18:46:05,146 INFO o.a.j.e.StandardJMeterEngine: Thread will continue on error
2021-01-03 18:46:05,147 INFO o.a.j.t.ThreadGroup: Starting thread group... number=1 threads=100 ramp-up=1 delayedStart=false
2021-01-03 18:46:05,156 INFO o.a.j.t.JMeterThread: Thread started: Thread Group - MH 1-1
2021-01-03 18:46:05,164 INFO o.a.j.t.JMeterThread: Thread started: Thread Group - MH 1-2
2021-01-03 18:46:05,174 INFO o.a.j.t.JMeterThread: Thread started: Thread Group - MH 1-3
2021-01-03 18:46:05,180 INFO o.a.j.t.JMeterThread: Thread started: Thread Group - MH 1-4
2021-01-03 18:46:05,189 INFO o.a.j.t.JMeterThread: Thread started: Thread Group - MH 1-5
2021-01-03 18:46:05,196 INFO o.a.j.p.h.s.HTTPHCAbstractImpl: Local host = LAPTOP-DSVV6SSR
2021-01-03 18:46:05,198 INFO o.a.j.t.ThreadGroup: Started thread group number 1
2021-01-03 18:46:05,199 INFO o.a.j.e.StandardJMeterEngine: All thread groups have been started
2021-01-03 18:46:05,202 INFO o.a.j.t.JMeterThread: Thread started: Thread Group - MH 1-6
2021-01-03 18:46:05,207 INFO o.a.j.p.h.s.HTTPHC4Impl: HTTP request retry count = 0
2021-01-03 18:46:05,209 INFO o.a.j.s.SampleResult: Note: Sample TimeStamps are START times
2021-01-03 18:46:05,209 INFO o.a.j.s.SampleResult: sampleresult.default.encoding is set to ISO-8859-1
2021-01-03 18:46:05,209 INFO o.a.j.s.SampleResult: sampleresult.useNanoTime=true
2021-01-03 18:46:05,209 INFO o.a.j.s.SampleResult: sampleresult.nanoThreadSleep=5000
2021-01-03 18:46:05,212 INFO o.a.j.t.JMeterThread: Thread started: Thread Group - MH 1-7
2021-01-03 18:46:05,220 INFO o.a.j.t.JMeterThread: Thread started: Thread Group - MH 1-8
2021-01-03 18:46:05,228 INFO o.a.j.t.JMeterThread: Thread started: Thread Group - MH 1-9
2021-01-03 18:46:05,238 INFO o.a.j.t.JMeterThread: Thread started: Thread Group - MH 1-10
2021-01-03 18:46:05,249 INFO o.a.j.t.JMeterThread: Thread started: Thread Group - MH 1-11
2021-01-03 18:46:05,258 INFO o.a.j.t.JMeterThread: Thread started: Thread Group - MH 1-12
2021-01-03 18:46:05,268 INFO o.a.j.t.JMeterThread: Thread started: Thread Group - MH 1-13
2021-01-03 18:46:05,279 INFO o.a.j.t.JMeterThread: Thread started: Thread Group - MH 1-14
2021-01-03 18:46:05,289 INFO o.a.j.t.JMeterThread: Thread started: Thread Group - MH 1-15
2021-01-03 18:46:05,299 INFO o.a.j.t.JMeterThread: Thread started: Thread Group - MH 1-16
2021-01-03 18:46:05,307 INFO o.a.j.t.JMeterThread: Thread started: Thread Group - MH 1-17
2021-01-03 18:46:05,318 INFO o.a.j.t.JMeterThread: Thread started: Thread Group - MH 1-18
2021-01-03 18:46:05,328 INFO o.a.j.t.JMeterThread: Thread started: Thread Group - MH 1-19
2021-01-03 18:46:05,338 INFO o.a.j.t.JMeterThread: Thread started: Thread Group - MH 1-20
2021-01-03 18:46:05,351 INFO o.a.j.t.JMeterThread: Thread started: Thread Group - MH 1-21
2021-01-03 18:46:05,358 INFO o.a.j.t.JMeterThread: Thread started: Thread Group - MH 1-22
2021-01-03 18:46:05,369 INFO o.a.j.t.JMeterThread: Thread started: Thread Group - MH 1-23
2021-01-03 18:46:05,386 INFO o.a.j.t.JMeterThread: Thread started: Thread Group - MH 1-24
2021-01-03 18:46:05,389 INFO o.a.j.t.JMeterThread: Thread started: Thread Group - MH 1-25
2021-01-03 18:46:05,398 INFO o.a.j.t.JMeterThread: Thread started: Thread Group - MH 1-26
2021-01-03 18:46:05,407 INFO o.a.j.t.JMeterThread: Thread started: Thread Group - MH 1-27
2021-01-03 18:46:05,419 INFO o.a.j.t.JMeterThread: Thread started: Thread Group - MH 1-28
2021-01-03 18:46:05,429 INFO o.a.j.t.JMeterThread: Thread started: Thread Group - MH 1-29
2021-01-03 18:46:05,442 INFO o.a.j.t.JMeterThread: Thread started: Thread Group - MH 1-30
2021-01-03 18:46:05,449 INFO o.a.j.t.JMeterThread: Thread started: Thread Group - MH 1-31
2021-01-03 18:46:05,460 INFO o.a.j.t.JMeterThread: Thread started: Thread Group - MH 1-32
2021-01-03 18:46:05,468 INFO o.a.j.t.JMeterThread: Thread started: Thread Group - MH 1-33
2021-01-03 18:46:05,479 INFO o.a.j.t.JMeterThread: Thread started: Thread Group - MH 1-34
2021-01-03 18:46:05,488 INFO o.a.j.t.JMeterThread: Thread started: Thread Group - MH 1-35
2021-01-03 18:46:05,498 INFO o.a.j.t.JMeterThread: Thread started: Thread Group - MH 1-36
2021-01-03 18:46:05,508 INFO o.a.j.t.JMeterThread: Thread started: Thread Group - MH 1-37
2021-01-03 18:46:05,518 INFO o.a.j.t.JMeterThread: Thread started: Thread Group - MH 1-38
2021-01-03 18:46:05,528 INFO o.a.j.t.JMeterThread: Thread started: Thread Group - MH 1-39
2021-01-03 18:46:05,537 INFO o.a.j.t.JMeterThread: Thread started: Thread Group - MH 1-40
2021-01-03 18:46:05,548 INFO o.a.j.t.JMeterThread: Thread started: Thread Group - MH 1-41
2021-01-03 18:46:05,558 INFO o.a.j.t.JMeterThread: Thread started: Thread Group - MH 1-42
2021-01-03 18:46:05,568 INFO o.a.j.r.Summariser: summary +      1 in 00:00:00 =    2.3/s Avg:   263 Min:   263 Max:   263 Err:     0 (0.00%) Active: 42 Started: 42 Finished: 0
2021-01-03 18:46:05,569 INFO o.a.j.t.JMeterThread: Thread started: Thread Group - MH 1-43
2021-01-03 18:46:05,578 INFO o.a.j.t.JMeterThread: Thread started: Thread Group - MH 1-44
2021-01-03 18:46:05,589 INFO o.a.j.t.JMeterThread: Thread started: Thread Group - MH 1-45
2021-01-03 18:46:05,599 INFO o.a.j.t.JMeterThread: Thread started: Thread Group - MH 1-46
2021-01-03 18:46:05,608 INFO o.a.j.t.JMeterThread: Thread started: Thread Group - MH 1-47
2021-01-03 18:46:05,620 INFO o.a.j.t.JMeterThread: Thread started: Thread Group - MH 1-48
2021-01-03 18:46:05,628 INFO o.a.j.t.JMeterThread: Thread started: Thread Group - MH 1-49
2021-01-03 18:46:05,639 INFO o.a.j.t.JMeterThread: Thread started: Thread Group - MH 1-50
2021-01-03 18:46:05,650 INFO o.a.j.t.JMeterThread: Thread started: Thread Group - MH 1-51
2021-01-03 18:46:05,658 INFO o.a.j.t.JMeterThread: Thread started: Thread Group - MH 1-52
2021-01-03 18:46:05,669 INFO o.a.j.t.JMeterThread: Thread started: Thread Group - MH 1-53
2021-01-03 18:46:05,679 INFO o.a.j.t.JMeterThread: Thread started: Thread Group - MH 1-54
2021-01-03 18:46:05,689 INFO o.a.j.t.JMeterThread: Thread started: Thread Group - MH 1-55
2021-01-03 18:46:05,699 INFO o.a.j.t.JMeterThread: Thread started: Thread Group - MH 1-56
2021-01-03 18:46:05,708 INFO o.a.j.t.JMeterThread: Thread started: Thread Group - MH 1-57
2021-01-03 18:46:05,718 INFO o.a.j.t.JMeterThread: Thread started: Thread Group - MH 1-58
2021-01-03 18:46:05,728 INFO o.a.j.t.JMeterThread: Thread started: Thread Group - MH 1-59
2021-01-03 18:46:05,739 INFO o.a.j.t.JMeterThread: Thread started: Thread Group - MH 1-60
2021-01-03 18:46:05,748 INFO o.a.j.t.JMeterThread: Thread started: Thread Group - MH 1-61
2021-01-03 18:46:05,758 INFO o.a.j.t.JMeterThread: Thread started: Thread Group - MH 1-62
2021-01-03 18:46:05,769 INFO o.a.j.t.JMeterThread: Thread started: Thread Group - MH 1-63
2021-01-03 18:46:05,779 INFO o.a.j.t.JMeterThread: Thread started: Thread Group - MH 1-64
2021-01-03 18:46:05,787 INFO o.a.j.t.JMeterThread: Thread started: Thread Group - MH 1-65
2021-01-03 18:46:05,799 INFO o.a.j.t.JMeterThread: Thread started: Thread Group - MH 1-66
2021-01-03 18:46:05,809 INFO o.a.j.t.JMeterThread: Thread started: Thread Group - MH 1-67
2021-01-03 18:46:05,819 INFO o.a.j.t.JMeterThread: Thread started: Thread Group - MH 1-68
2021-01-03 18:46:05,828 INFO o.a.j.t.JMeterThread: Thread started: Thread Group - MH 1-69
2021-01-03 18:46:05,838 INFO o.a.j.t.JMeterThread: Thread started: Thread Group - MH 1-70
2021-01-03 18:46:05,849 INFO o.a.j.t.JMeterThread: Thread started: Thread Group - MH 1-71
2021-01-03 18:46:05,858 INFO o.a.j.t.JMeterThread: Thread started: Thread Group - MH 1-72
2021-01-03 18:46:05,868 INFO o.a.j.t.JMeterThread: Thread started: Thread Group - MH 1-73
2021-01-03 18:46:05,879 INFO o.a.j.t.JMeterThread: Thread started: Thread Group - MH 1-74
2021-01-03 18:46:05,889 INFO o.a.j.t.JMeterThread: Thread started: Thread Group - MH 1-75
2021-01-03 18:46:05,900 INFO o.a.j.t.JMeterThread: Thread started: Thread Group - MH 1-76
2021-01-03 18:46:05,909 INFO o.a.j.t.JMeterThread: Thread started: Thread Group - MH 1-77
2021-01-03 18:46:05,919 INFO o.a.j.t.JMeterThread: Thread started: Thread Group - MH 1-78
2021-01-03 18:46:05,930 INFO o.a.j.t.JMeterThread: Thread started: Thread Group - MH 1-79
2021-01-03 18:46:05,940 INFO o.a.j.t.JMeterThread: Thread started: Thread Group - MH 1-80
2021-01-03 18:46:05,949 INFO o.a.j.t.JMeterThread: Thread started: Thread Group - MH 1-81
2021-01-03 18:46:05,958 INFO o.a.j.t.JMeterThread: Thread started: Thread Group - MH 1-82
2021-01-03 18:46:05,969 INFO o.a.j.t.JMeterThread: Thread started: Thread Group - MH 1-83
2021-01-03 18:46:05,979 INFO o.a.j.t.JMeterThread: Thread started: Thread Group - MH 1-84
2021-01-03 18:46:05,989 INFO o.a.j.t.JMeterThread: Thread started: Thread Group - MH 1-85
2021-01-03 18:46:05,998 INFO o.a.j.t.JMeterThread: Thread started: Thread Group - MH 1-86
2021-01-03 18:46:06,008 INFO o.a.j.t.JMeterThread: Thread started: Thread Group - MH 1-87
2021-01-03 18:46:06,019 INFO o.a.j.t.JMeterThread: Thread started: Thread Group - MH 1-88
2021-01-03 18:46:06,029 INFO o.a.j.t.JMeterThread: Thread started: Thread Group - MH 1-89
2021-01-03 18:46:06,039 INFO o.a.j.t.JMeterThread: Thread started: Thread Group - MH 1-90
2021-01-03 18:46:06,048 INFO o.a.j.t.JMeterThread: Thread started: Thread Group - MH 1-91
2021-01-03 18:46:06,058 INFO o.a.j.t.JMeterThread: Thread started: Thread Group - MH 1-92
2021-01-03 18:46:06,069 INFO o.a.j.t.JMeterThread: Thread started: Thread Group - MH 1-93
2021-01-03 18:46:06,078 INFO o.a.j.t.JMeterThread: Thread started: Thread Group - MH 1-94
2021-01-03 18:46:06,087 INFO o.a.j.t.JMeterThread: Thread started: Thread Group - MH 1-95
2021-01-03 18:46:06,099 INFO o.a.j.t.JMeterThread: Thread started: Thread Group - MH 1-96
2021-01-03 18:46:06,109 INFO o.a.j.t.JMeterThread: Thread started: Thread Group - MH 1-97
2021-01-03 18:46:06,119 INFO o.a.j.t.JMeterThread: Thread started: Thread Group - MH 1-98
2021-01-03 18:46:06,128 INFO o.a.j.t.JMeterThread: Thread started: Thread Group - MH 1-99
2021-01-03 18:46:06,139 INFO o.a.j.t.JMeterThread: Thread started: Thread Group - MH 1-100
2021-01-03 18:46:30,006 INFO o.a.j.r.Summariser: summary +   6036 in 00:00:24 =  247.0/s Avg:   115 Min:     0 Max:  1093 Err:  1814 (30.05%) Active: 100 Started: 100 Finished: 0
2021-01-03 18:46:30,007 INFO o.a.j.r.Summariser: summary =   6037 in 00:00:25 =  242.7/s Avg:   115 Min:     0 Max:  1093 Err:  1814 (30.05%)
2021-01-03 18:47:00,001 INFO o.a.j.r.Summariser: summary +   7513 in 00:00:30 =  250.5/s Avg:    94 Min:     0 Max:   846 Err:  1985 (26.42%) Active: 100 Started: 100 Finished: 0
2021-01-03 18:47:04,922 INFO o.a.j.t.JMeterThread: Thread finished: Thread Group - MH 1-75
2021-01-03 18:47:04,944 INFO o.a.j.t.JMeterThread: Thread finished: Thread Group - MH 1-45
2021-01-03 18:47:04,952 INFO o.a.j.t.JMeterThread: Thread finished: Thread Group - MH 1-71
2021-01-03 18:47:04,965 INFO o.a.j.t.JMeterThread: Thread finished: Thread Group - MH 1-83
2021-01-03 18:47:04,970 INFO o.a.j.t.JMeterThread: Thread finished: Thread Group - MH 1-63
2021-01-03 18:47:04,973 INFO o.a.j.t.JMeterThread: Thread finished: Thread Group - MH 1-70
2021-01-03 18:47:04,983 INFO o.a.j.t.JMeterThread: Thread finished: Thread Group - MH 1-35
2021-01-03 18:47:04,984 INFO o.a.j.t.JMeterThread: Thread finished: Thread Group - MH 1-9
2021-01-03 18:47:04,987 INFO o.a.j.t.JMeterThread: Thread finished: Thread Group - MH 1-50
2021-01-03 18:47:04,994 INFO o.a.j.t.JMeterThread: Thread finished: Thread Group - MH 1-5
2021-01-03 18:47:04,995 INFO o.a.j.t.JMeterThread: Thread finished: Thread Group - MH 1-79
2021-01-03 18:47:05,001 INFO o.a.j.t.JMeterThread: Thread finished: Thread Group - MH 1-47
2021-01-03 18:47:05,012 INFO o.a.j.t.JMeterThread: Thread finished: Thread Group - MH 1-11
2021-01-03 18:47:05,020 INFO o.a.j.t.JMeterThread: Thread finished: Thread Group - MH 1-4
2021-01-03 18:47:05,028 INFO o.a.j.t.JMeterThread: Thread finished: Thread Group - MH 1-64
2021-01-03 18:47:05,030 INFO o.a.j.t.JMeterThread: Thread finished: Thread Group - MH 1-39
2021-01-03 18:47:05,040 INFO o.a.j.t.JMeterThread: Thread finished: Thread Group - MH 1-77
2021-01-03 18:47:05,041 INFO o.a.j.t.JMeterThread: Thread finished: Thread Group - MH 1-8
2021-01-03 18:47:05,045 INFO o.a.j.t.JMeterThread: Thread finished: Thread Group - MH 1-51
2021-01-03 18:47:05,045 INFO o.a.j.t.JMeterThread: Thread finished: Thread Group - MH 1-37
2021-01-03 18:47:05,050 INFO o.a.j.t.JMeterThread: Thread finished: Thread Group - MH 1-54
2021-01-03 18:47:05,050 INFO o.a.j.t.JMeterThread: Thread finished: Thread Group - MH 1-95
2021-01-03 18:47:05,053 INFO o.a.j.t.JMeterThread: Thread finished: Thread Group - MH 1-23
2021-01-03 18:47:05,054 INFO o.a.j.t.JMeterThread: Thread finished: Thread Group - MH 1-84
2021-01-03 18:47:05,055 INFO o.a.j.t.JMeterThread: Thread finished: Thread Group - MH 1-56
2021-01-03 18:47:05,068 INFO o.a.j.t.JMeterThread: Thread finished: Thread Group - MH 1-41
2021-01-03 18:47:05,068 INFO o.a.j.t.JMeterThread: Thread finished: Thread Group - MH 1-76
2021-01-03 18:47:05,068 INFO o.a.j.t.JMeterThread: Thread finished: Thread Group - MH 1-87
2021-01-03 18:47:05,071 INFO o.a.j.t.JMeterThread: Thread finished: Thread Group - MH 1-62
2021-01-03 18:47:05,071 INFO o.a.j.t.JMeterThread: Thread finished: Thread Group - MH 1-72
2021-01-03 18:47:05,080 INFO o.a.j.t.JMeterThread: Thread finished: Thread Group - MH 1-7
2021-01-03 18:47:05,094 INFO o.a.j.t.JMeterThread: Thread finished: Thread Group - MH 1-48
2021-01-03 18:47:05,096 INFO o.a.j.t.JMeterThread: Thread finished: Thread Group - MH 1-94
2021-01-03 18:47:05,099 INFO o.a.j.t.JMeterThread: Thread finished: Thread Group - MH 1-52
2021-01-03 18:47:05,101 INFO o.a.j.t.JMeterThread: Thread finished: Thread Group - MH 1-85
2021-01-03 18:47:05,104 INFO o.a.j.t.JMeterThread: Thread finished: Thread Group - MH 1-3
2021-01-03 18:47:05,108 INFO o.a.j.t.JMeterThread: Thread finished: Thread Group - MH 1-86
2021-01-03 18:47:05,109 INFO o.a.j.t.JMeterThread: Thread finished: Thread Group - MH 1-57
2021-01-03 18:47:05,110 INFO o.a.j.t.JMeterThread: Thread finished: Thread Group - MH 1-19
2021-01-03 18:47:05,111 INFO o.a.j.t.JMeterThread: Thread finished: Thread Group - MH 1-1
2021-01-03 18:47:05,113 INFO o.a.j.t.JMeterThread: Thread finished: Thread Group - MH 1-46
2021-01-03 18:47:05,114 INFO o.a.j.t.JMeterThread: Thread finished: Thread Group - MH 1-49
2021-01-03 18:47:05,117 INFO o.a.j.t.JMeterThread: Thread finished: Thread Group - MH 1-21
2021-01-03 18:47:05,118 INFO o.a.j.t.JMeterThread: Thread finished: Thread Group - MH 1-91
2021-01-03 18:47:05,119 INFO o.a.j.t.JMeterThread: Thread finished: Thread Group - MH 1-93
2021-01-03 18:47:05,124 INFO o.a.j.t.JMeterThread: Thread finished: Thread Group - MH 1-43
2021-01-03 18:47:05,127 INFO o.a.j.t.JMeterThread: Thread finished: Thread Group - MH 1-90
2021-01-03 18:47:05,128 INFO o.a.j.t.JMeterThread: Thread finished: Thread Group - MH 1-24
2021-01-03 18:47:05,129 INFO o.a.j.t.JMeterThread: Thread finished: Thread Group - MH 1-65
2021-01-03 18:47:05,132 INFO o.a.j.t.JMeterThread: Thread finished: Thread Group - MH 1-15
2021-01-03 18:47:05,133 INFO o.a.j.t.JMeterThread: Thread finished: Thread Group - MH 1-58
2021-01-03 18:47:05,134 INFO o.a.j.t.JMeterThread: Thread finished: Thread Group - MH 1-31
2021-01-03 18:47:05,135 INFO o.a.j.t.JMeterThread: Thread finished: Thread Group - MH 1-89
2021-01-03 18:47:05,143 INFO o.a.j.t.JMeterThread: Thread finished: Thread Group - MH 1-88
2021-01-03 18:47:05,144 INFO o.a.j.t.JMeterThread: Thread finished: Thread Group - MH 1-42
2021-01-03 18:47:05,149 INFO o.a.j.t.JMeterThread: Thread finished: Thread Group - MH 1-97
2021-01-03 18:47:05,150 INFO o.a.j.t.JMeterThread: Thread finished: Thread Group - MH 1-28
2021-01-03 18:47:05,152 INFO o.a.j.t.JMeterThread: Thread finished: Thread Group - MH 1-17
2021-01-03 18:47:05,159 INFO o.a.j.t.JMeterThread: Thread finished: Thread Group - MH 1-53
2021-01-03 18:47:05,160 INFO o.a.j.t.JMeterThread: Thread finished: Thread Group - MH 1-12
2021-01-03 18:47:05,183 INFO o.a.j.t.JMeterThread: Stopping because end time detected by thread: Thread Group - MH 1-26
2021-01-03 18:47:05,183 INFO o.a.j.t.JMeterThread: Thread finished: Thread Group - MH 1-26
2021-01-03 18:47:05,186 INFO o.a.j.t.JMeterThread: Stopping because end time detected by thread: Thread Group - MH 1-13
2021-01-03 18:47:05,186 INFO o.a.j.t.JMeterThread: Thread finished: Thread Group - MH 1-13
2021-01-03 18:47:05,194 INFO o.a.j.t.JMeterThread: Stopping because end time detected by thread: Thread Group - MH 1-59
2021-01-03 18:47:05,195 INFO o.a.j.t.JMeterThread: Thread finished: Thread Group - MH 1-59
2021-01-03 18:47:05,195 INFO o.a.j.t.JMeterThread: Stopping because end time detected by thread: Thread Group - MH 1-6
2021-01-03 18:47:05,195 INFO o.a.j.t.JMeterThread: Thread finished: Thread Group - MH 1-6
2021-01-03 18:47:05,197 INFO o.a.j.t.JMeterThread: Stopping because end time detected by thread: Thread Group - MH 1-80
2021-01-03 18:47:05,197 INFO o.a.j.t.JMeterThread: Thread finished: Thread Group - MH 1-80
2021-01-03 18:47:05,198 INFO o.a.j.t.JMeterThread: Stopping because end time detected by thread: Thread Group - MH 1-40
2021-01-03 18:47:05,198 INFO o.a.j.t.JMeterThread: Thread finished: Thread Group - MH 1-40
2021-01-03 18:47:05,212 INFO o.a.j.t.JMeterThread: Stopping because end time detected by thread: Thread Group - MH 1-34
2021-01-03 18:47:05,212 INFO o.a.j.t.JMeterThread: Thread finished: Thread Group - MH 1-34
2021-01-03 18:47:05,213 INFO o.a.j.t.JMeterThread: Stopping because end time detected by thread: Thread Group - MH 1-100
2021-01-03 18:47:05,213 INFO o.a.j.t.JMeterThread: Thread finished: Thread Group - MH 1-100
2021-01-03 18:47:05,216 INFO o.a.j.t.JMeterThread: Stopping because end time detected by thread: Thread Group - MH 1-44
2021-01-03 18:47:05,216 INFO o.a.j.t.JMeterThread: Thread finished: Thread Group - MH 1-44
2021-01-03 18:47:05,216 INFO o.a.j.t.JMeterThread: Stopping because end time detected by thread: Thread Group - MH 1-33
2021-01-03 18:47:05,216 INFO o.a.j.t.JMeterThread: Thread finished: Thread Group - MH 1-33
2021-01-03 18:47:05,220 INFO o.a.j.t.JMeterThread: Stopping because end time detected by thread: Thread Group - MH 1-81
2021-01-03 18:47:05,220 INFO o.a.j.t.JMeterThread: Thread finished: Thread Group - MH 1-81
2021-01-03 18:47:05,222 INFO o.a.j.t.JMeterThread: Stopping because end time detected by thread: Thread Group - MH 1-36
2021-01-03 18:47:05,222 INFO o.a.j.t.JMeterThread: Thread finished: Thread Group - MH 1-36
2021-01-03 18:47:05,222 INFO o.a.j.t.JMeterThread: Stopping because end time detected by thread: Thread Group - MH 1-96
2021-01-03 18:47:05,222 INFO o.a.j.t.JMeterThread: Thread finished: Thread Group - MH 1-96
2021-01-03 18:47:05,228 INFO o.a.j.t.JMeterThread: Stopping because end time detected by thread: Thread Group - MH 1-99
2021-01-03 18:47:05,228 INFO o.a.j.t.JMeterThread: Stopping because end time detected by thread: Thread Group - MH 1-10
2021-01-03 18:47:05,228 INFO o.a.j.t.JMeterThread: Thread finished: Thread Group - MH 1-99
2021-01-03 18:47:05,228 INFO o.a.j.t.JMeterThread: Thread finished: Thread Group - MH 1-10
2021-01-03 18:47:05,233 INFO o.a.j.t.JMeterThread: Stopping because end time detected by thread: Thread Group - MH 1-27
2021-01-03 18:47:05,233 INFO o.a.j.t.JMeterThread: Thread finished: Thread Group - MH 1-27
2021-01-03 18:47:05,234 INFO o.a.j.t.JMeterThread: Stopping because end time detected by thread: Thread Group - MH 1-16
2021-01-03 18:47:05,234 INFO o.a.j.t.JMeterThread: Thread finished: Thread Group - MH 1-16
2021-01-03 18:47:05,247 INFO o.a.j.t.JMeterThread: Stopping because end time detected by thread: Thread Group - MH 1-14
2021-01-03 18:47:05,247 INFO o.a.j.t.JMeterThread: Thread finished: Thread Group - MH 1-14
2021-01-03 18:47:05,252 INFO o.a.j.t.JMeterThread: Stopping because end time detected by thread: Thread Group - MH 1-20
2021-01-03 18:47:05,252 INFO o.a.j.t.JMeterThread: Thread finished: Thread Group - MH 1-20
2021-01-03 18:47:05,256 INFO o.a.j.t.JMeterThread: Stopping because end time detected by thread: Thread Group - MH 1-32
2021-01-03 18:47:05,256 INFO o.a.j.t.JMeterThread: Thread finished: Thread Group - MH 1-32
2021-01-03 18:47:05,257 INFO o.a.j.t.JMeterThread: Stopping because end time detected by thread: Thread Group - MH 1-68
2021-01-03 18:47:05,257 INFO o.a.j.t.JMeterThread: Thread finished: Thread Group - MH 1-68
2021-01-03 18:47:05,257 INFO o.a.j.t.JMeterThread: Stopping because end time detected by thread: Thread Group - MH 1-61
2021-01-03 18:47:05,257 INFO o.a.j.t.JMeterThread: Thread finished: Thread Group - MH 1-61
2021-01-03 18:47:05,261 INFO o.a.j.t.JMeterThread: Stopping because end time detected by thread: Thread Group - MH 1-73
2021-01-03 18:47:05,261 INFO o.a.j.t.JMeterThread: Thread finished: Thread Group - MH 1-73
2021-01-03 18:47:05,263 INFO o.a.j.t.JMeterThread: Stopping because end time detected by thread: Thread Group - MH 1-69
2021-01-03 18:47:05,263 INFO o.a.j.t.JMeterThread: Stopping because end time detected by thread: Thread Group - MH 1-38
2021-01-03 18:47:05,263 INFO o.a.j.t.JMeterThread: Thread finished: Thread Group - MH 1-69
2021-01-03 18:47:05,263 INFO o.a.j.t.JMeterThread: Thread finished: Thread Group - MH 1-38
2021-01-03 18:47:05,264 INFO o.a.j.t.JMeterThread: Stopping because end time detected by thread: Thread Group - MH 1-55
2021-01-03 18:47:05,264 INFO o.a.j.t.JMeterThread: Thread finished: Thread Group - MH 1-55
2021-01-03 18:47:05,267 INFO o.a.j.t.JMeterThread: Stopping because end time detected by thread: Thread Group - MH 1-2
2021-01-03 18:47:05,267 INFO o.a.j.t.JMeterThread: Thread finished: Thread Group - MH 1-2
2021-01-03 18:47:05,269 INFO o.a.j.t.JMeterThread: Stopping because end time detected by thread: Thread Group - MH 1-60
2021-01-03 18:47:05,269 INFO o.a.j.t.JMeterThread: Thread finished: Thread Group - MH 1-60
2021-01-03 18:47:05,270 INFO o.a.j.t.JMeterThread: Stopping because end time detected by thread: Thread Group - MH 1-92
2021-01-03 18:47:05,270 INFO o.a.j.t.JMeterThread: Thread finished: Thread Group - MH 1-92
2021-01-03 18:47:05,270 INFO o.a.j.t.JMeterThread: Stopping because end time detected by thread: Thread Group - MH 1-67
2021-01-03 18:47:05,270 INFO o.a.j.t.JMeterThread: Thread finished: Thread Group - MH 1-67
2021-01-03 18:47:05,272 INFO o.a.j.t.JMeterThread: Stopping because end time detected by thread: Thread Group - MH 1-74
2021-01-03 18:47:05,272 INFO o.a.j.t.JMeterThread: Thread finished: Thread Group - MH 1-74
2021-01-03 18:47:05,273 INFO o.a.j.t.JMeterThread: Stopping because end time detected by thread: Thread Group - MH 1-29
2021-01-03 18:47:05,274 INFO o.a.j.t.JMeterThread: Thread finished: Thread Group - MH 1-29
2021-01-03 18:47:05,277 INFO o.a.j.t.JMeterThread: Stopping because end time detected by thread: Thread Group - MH 1-25
2021-01-03 18:47:05,277 INFO o.a.j.t.JMeterThread: Thread finished: Thread Group - MH 1-25
2021-01-03 18:47:05,283 INFO o.a.j.t.JMeterThread: Stopping because end time detected by thread: Thread Group - MH 1-82
2021-01-03 18:47:05,283 INFO o.a.j.t.JMeterThread: Thread finished: Thread Group - MH 1-82
2021-01-03 18:47:05,294 INFO o.a.j.t.JMeterThread: Stopping because end time detected by thread: Thread Group - MH 1-66
2021-01-03 18:47:05,294 INFO o.a.j.t.JMeterThread: Thread finished: Thread Group - MH 1-66
2021-01-03 18:47:05,294 INFO o.a.j.t.JMeterThread: Stopping because end time detected by thread: Thread Group - MH 1-18
2021-01-03 18:47:05,294 INFO o.a.j.t.JMeterThread: Thread finished: Thread Group - MH 1-18
2021-01-03 18:47:05,294 INFO o.a.j.t.JMeterThread: Stopping because end time detected by thread: Thread Group - MH 1-98
2021-01-03 18:47:05,294 INFO o.a.j.t.JMeterThread: Thread finished: Thread Group - MH 1-98
2021-01-03 18:47:05,297 INFO o.a.j.t.JMeterThread: Stopping because end time detected by thread: Thread Group - MH 1-30
2021-01-03 18:47:05,297 INFO o.a.j.t.JMeterThread: Thread finished: Thread Group - MH 1-30
2021-01-03 18:47:05,298 INFO o.a.j.t.JMeterThread: Stopping because end time detected by thread: Thread Group - MH 1-78
2021-01-03 18:47:05,298 INFO o.a.j.t.JMeterThread: Thread finished: Thread Group - MH 1-78
2021-01-03 18:47:16,410 INFO o.a.j.r.Summariser: summary =  13550 in 00:00:55 =  247.0/s Avg:   104 Min:     0 Max:  1093 Err:  3799 (28.04%)
2021-01-03 18:47:16,411 INFO o.a.j.t.JMeterThread: Stopping because end time detected by thread: Thread Group - MH 1-22
2021-01-03 18:47:16,411 INFO o.a.j.t.JMeterThread: Thread finished: Thread Group - MH 1-22
2021-01-03 18:47:16,412 INFO o.a.j.e.StandardJMeterEngine: Notifying test listeners of end of test
2021-01-03 18:47:16,415 INFO o.a.j.r.Summariser: summary +   1321 in 00:00:16 =   80.5/s Avg:    84 Min:     0 Max:   803 Err:   353 (26.72%) Active: 0 Started: 100 Finished: 100
2021-01-03 18:47:16,416 INFO o.a.j.r.Summariser: summary =  14871 in 00:01:11 =  208.6/s Avg:   102 Min:     0 Max:  1093 Err:  4152 (27.92%)
