2021-01-03 18:30:21,794 INFO o.a.j.u.JMeterUtils: Setting Locale to en_EN
2021-01-03 18:30:21,829 INFO o.a.j.JMeter: Loading user properties from: user.properties
2021-01-03 18:30:21,829 INFO o.a.j.JMeter: Loading system properties from: system.properties
2021-01-03 18:30:21,831 INFO o.a.j.JMeter: Copyright (c) 1998-2020 The Apache Software Foundation
2021-01-03 18:30:21,832 INFO o.a.j.JMeter: Version 5.3
2021-01-03 18:30:21,833 INFO o.a.j.JMeter: java.version=11.0.8
2021-01-03 18:30:21,833 INFO o.a.j.JMeter: java.vm.name=Java HotSpot(TM) 64-Bit Server VM
2021-01-03 18:30:21,833 INFO o.a.j.JMeter: os.name=Windows 10
2021-01-03 18:30:21,833 INFO o.a.j.JMeter: os.arch=amd64
2021-01-03 18:30:21,833 INFO o.a.j.JMeter: os.version=10.0
2021-01-03 18:30:21,833 INFO o.a.j.JMeter: file.encoding=Cp1252
2021-01-03 18:30:21,833 INFO o.a.j.JMeter: java.awt.headless=true
2021-01-03 18:30:21,834 INFO o.a.j.JMeter: Max memory     =1073741824
2021-01-03 18:30:21,834 INFO o.a.j.JMeter: Available Processors =8
2021-01-03 18:30:21,845 INFO o.a.j.JMeter: Default Locale=English (EN)
2021-01-03 18:30:21,846 INFO o.a.j.JMeter: JMeter  Locale=English (EN)
2021-01-03 18:30:21,846 INFO o.a.j.JMeter: JMeterHome=C:\Users\fabio\Documents\Fabio\Università\Magistrale\2°anno\1°semestre\Impianti di Elaborazione\apache-jmeter-5.3
2021-01-03 18:30:21,846 INFO o.a.j.JMeter: user.dir  =C:\Users\fabio\Documents\Fabio\Università\Magistrale\2°anno\1°semestre\Impianti di Elaborazione\apache-jmeter-5.3\bin
2021-01-03 18:30:21,847 INFO o.a.j.JMeter: PWD       =C:\Users\fabio\Documents\Fabio\Università\Magistrale\2°anno\1°semestre\Impianti di Elaborazione\apache-jmeter-5.3\bin
2021-01-03 18:30:21,851 INFO o.a.j.JMeter: IP: 192.168.56.1 Name: LAPTOP-DSVV6SSR FullName: 192.168.56.1
2021-01-03 18:30:21,859 INFO o.a.j.s.FileServer: Default base='C:\Users\fabio\Documents\Fabio\Università\Magistrale\2°anno\1°semestre\Impianti di Elaborazione\apache-jmeter-5.3\bin'
2021-01-03 18:30:21,861 INFO o.a.j.s.FileServer: Set new base='C:\Users\fabio\Documents\Fabio\Università\Magistrale\2°anno\1°semestre\Impianti di Elaborazione\apache-jmeter-5.3\bin'
2021-01-03 18:30:21,987 INFO o.a.j.s.SaveService: Testplan (JMX) version: 2.2. Testlog (JTL) version: 2.2
2021-01-03 18:30:22,007 INFO o.a.j.s.SaveService: Using SaveService properties version 5.0
2021-01-03 18:30:22,011 INFO o.a.j.s.SaveService: Using SaveService properties file encoding UTF-8
2021-01-03 18:30:22,015 INFO o.a.j.s.SaveService: Loading file: DesignofExperiment.jmx
2021-01-03 18:30:22,074 INFO o.a.j.p.h.s.HTTPSamplerBase: Parser for text/html is org.apache.jmeter.protocol.http.parser.LagartoBasedHtmlParser
2021-01-03 18:30:22,075 INFO o.a.j.p.h.s.HTTPSamplerBase: Parser for application/xhtml+xml is org.apache.jmeter.protocol.http.parser.LagartoBasedHtmlParser
2021-01-03 18:30:22,075 INFO o.a.j.p.h.s.HTTPSamplerBase: Parser for application/xml is org.apache.jmeter.protocol.http.parser.LagartoBasedHtmlParser
2021-01-03 18:30:22,075 INFO o.a.j.p.h.s.HTTPSamplerBase: Parser for text/xml is org.apache.jmeter.protocol.http.parser.LagartoBasedHtmlParser
2021-01-03 18:30:22,075 INFO o.a.j.p.h.s.HTTPSamplerBase: Parser for text/vnd.wap.wml is org.apache.jmeter.protocol.http.parser.RegexpHTMLParser
2021-01-03 18:30:22,075 INFO o.a.j.p.h.s.HTTPSamplerBase: Parser for text/css is org.apache.jmeter.protocol.http.parser.CssParser
2021-01-03 18:30:22,100 INFO o.a.j.JMeter: Creating summariser <summary>
2021-01-03 18:30:22,104 INFO o.a.j.e.StandardJMeterEngine: Running the test!
2021-01-03 18:30:22,105 INFO o.a.j.s.SampleEvent: List of sample_variables: []
2021-01-03 18:30:22,105 INFO o.a.j.s.SampleEvent: List of sample_variables: []
2021-01-03 18:30:22,114 INFO o.a.j.e.u.CompoundVariable: Note: Function class names must contain the string: '.functions.'
2021-01-03 18:30:22,115 INFO o.a.j.e.u.CompoundVariable: Note: Function class names must not contain the string: '.gui.'
2021-01-03 18:30:22,427 INFO o.a.j.JMeter: Running test (1609695022427)
2021-01-03 18:30:22,440 INFO o.a.j.e.StandardJMeterEngine: Starting ThreadGroup: 1 : Thread Group - ML
2021-01-03 18:30:22,440 INFO o.a.j.e.StandardJMeterEngine: Starting 100 threads for group Thread Group - ML.
2021-01-03 18:30:22,440 INFO o.a.j.e.StandardJMeterEngine: Thread will continue on error
2021-01-03 18:30:22,440 INFO o.a.j.t.ThreadGroup: Starting thread group... number=1 threads=100 ramp-up=1 delayedStart=false
2021-01-03 18:30:22,451 INFO o.a.j.t.JMeterThread: Thread started: Thread Group - ML 1-1
2021-01-03 18:30:22,457 INFO o.a.j.t.JMeterThread: Thread started: Thread Group - ML 1-2
2021-01-03 18:30:22,465 INFO o.a.j.t.JMeterThread: Thread started: Thread Group - ML 1-3
2021-01-03 18:30:22,474 INFO o.a.j.t.JMeterThread: Thread started: Thread Group - ML 1-4
2021-01-03 18:30:22,482 INFO o.a.j.t.JMeterThread: Thread started: Thread Group - ML 1-5
2021-01-03 18:30:22,488 INFO o.a.j.t.ThreadGroup: Started thread group number 1
2021-01-03 18:30:22,488 INFO o.a.j.e.StandardJMeterEngine: All thread groups have been started
2021-01-03 18:30:22,489 INFO o.a.j.p.h.s.HTTPHCAbstractImpl: Local host = LAPTOP-DSVV6SSR
2021-01-03 18:30:22,496 INFO o.a.j.p.h.s.HTTPHC4Impl: HTTP request retry count = 0
2021-01-03 18:30:22,497 INFO o.a.j.t.JMeterThread: Thread started: Thread Group - ML 1-6
2021-01-03 18:30:22,498 INFO o.a.j.s.SampleResult: Note: Sample TimeStamps are START times
2021-01-03 18:30:22,498 INFO o.a.j.s.SampleResult: sampleresult.default.encoding is set to ISO-8859-1
2021-01-03 18:30:22,498 INFO o.a.j.s.SampleResult: sampleresult.useNanoTime=true
2021-01-03 18:30:22,499 INFO o.a.j.s.SampleResult: sampleresult.nanoThreadSleep=5000
2021-01-03 18:30:22,505 INFO o.a.j.t.JMeterThread: Thread started: Thread Group - ML 1-7
2021-01-03 18:30:22,515 INFO o.a.j.t.JMeterThread: Thread started: Thread Group - ML 1-8
2021-01-03 18:30:22,524 INFO o.a.j.t.JMeterThread: Thread started: Thread Group - ML 1-9
2021-01-03 18:30:22,531 INFO o.a.j.t.JMeterThread: Thread started: Thread Group - ML 1-10
2021-01-03 18:30:22,542 INFO o.a.j.t.JMeterThread: Thread started: Thread Group - ML 1-11
2021-01-03 18:30:22,552 INFO o.a.j.t.JMeterThread: Thread started: Thread Group - ML 1-12
2021-01-03 18:30:22,561 INFO o.a.j.t.JMeterThread: Thread started: Thread Group - ML 1-13
2021-01-03 18:30:22,571 INFO o.a.j.t.JMeterThread: Thread started: Thread Group - ML 1-14
2021-01-03 18:30:22,581 INFO o.a.j.t.JMeterThread: Thread started: Thread Group - ML 1-15
2021-01-03 18:30:22,593 INFO o.a.j.t.JMeterThread: Thread started: Thread Group - ML 1-16
2021-01-03 18:30:22,601 INFO o.a.j.t.JMeterThread: Thread started: Thread Group - ML 1-17
2021-01-03 18:30:22,611 INFO o.a.j.t.JMeterThread: Thread started: Thread Group - ML 1-18
2021-01-03 18:30:22,620 INFO o.a.j.t.JMeterThread: Thread started: Thread Group - ML 1-19
2021-01-03 18:30:22,633 INFO o.a.j.t.JMeterThread: Thread started: Thread Group - ML 1-20
2021-01-03 18:30:22,641 INFO o.a.j.t.JMeterThread: Thread started: Thread Group - ML 1-21
2021-01-03 18:30:22,650 INFO o.a.j.t.JMeterThread: Thread started: Thread Group - ML 1-22
2021-01-03 18:30:22,661 INFO o.a.j.t.JMeterThread: Thread started: Thread Group - ML 1-23
2021-01-03 18:30:22,672 INFO o.a.j.t.JMeterThread: Thread started: Thread Group - ML 1-24
2021-01-03 18:30:22,681 INFO o.a.j.t.JMeterThread: Thread started: Thread Group - ML 1-25
2021-01-03 18:30:22,692 INFO o.a.j.t.JMeterThread: Thread started: Thread Group - ML 1-26
2021-01-03 18:30:22,702 INFO o.a.j.t.JMeterThread: Thread started: Thread Group - ML 1-27
2021-01-03 18:30:22,714 INFO o.a.j.t.JMeterThread: Thread started: Thread Group - ML 1-28
2021-01-03 18:30:22,722 INFO o.a.j.t.JMeterThread: Thread started: Thread Group - ML 1-29
2021-01-03 18:30:22,732 INFO o.a.j.t.JMeterThread: Thread started: Thread Group - ML 1-30
2021-01-03 18:30:22,741 INFO o.a.j.t.JMeterThread: Thread started: Thread Group - ML 1-31
2021-01-03 18:30:22,751 INFO o.a.j.t.JMeterThread: Thread started: Thread Group - ML 1-32
2021-01-03 18:30:22,762 INFO o.a.j.t.JMeterThread: Thread started: Thread Group - ML 1-33
2021-01-03 18:30:22,771 INFO o.a.j.t.JMeterThread: Thread started: Thread Group - ML 1-34
2021-01-03 18:30:22,781 INFO o.a.j.t.JMeterThread: Thread started: Thread Group - ML 1-35
2021-01-03 18:30:22,791 INFO o.a.j.t.JMeterThread: Thread started: Thread Group - ML 1-36
2021-01-03 18:30:22,801 INFO o.a.j.t.JMeterThread: Thread started: Thread Group - ML 1-37
2021-01-03 18:30:22,811 INFO o.a.j.t.JMeterThread: Thread started: Thread Group - ML 1-38
2021-01-03 18:30:22,820 INFO o.a.j.t.JMeterThread: Thread started: Thread Group - ML 1-39
2021-01-03 18:30:22,831 INFO o.a.j.t.JMeterThread: Thread started: Thread Group - ML 1-40
2021-01-03 18:30:22,842 INFO o.a.j.t.JMeterThread: Thread started: Thread Group - ML 1-41
2021-01-03 18:30:22,850 INFO o.a.j.t.JMeterThread: Thread started: Thread Group - ML 1-42
2021-01-03 18:30:22,860 INFO o.a.j.t.JMeterThread: Thread started: Thread Group - ML 1-43
2021-01-03 18:30:22,871 INFO o.a.j.t.JMeterThread: Thread started: Thread Group - ML 1-44
2021-01-03 18:30:22,881 INFO o.a.j.t.JMeterThread: Thread started: Thread Group - ML 1-45
2021-01-03 18:30:22,891 INFO o.a.j.t.JMeterThread: Thread started: Thread Group - ML 1-46
2021-01-03 18:30:22,901 INFO o.a.j.t.JMeterThread: Thread started: Thread Group - ML 1-47
2021-01-03 18:30:22,910 INFO o.a.j.t.JMeterThread: Thread started: Thread Group - ML 1-48
2021-01-03 18:30:22,921 INFO o.a.j.t.JMeterThread: Thread started: Thread Group - ML 1-49
2021-01-03 18:30:22,931 INFO o.a.j.t.JMeterThread: Thread started: Thread Group - ML 1-50
2021-01-03 18:30:22,940 INFO o.a.j.t.JMeterThread: Thread started: Thread Group - ML 1-51
2021-01-03 18:30:22,951 INFO o.a.j.t.JMeterThread: Thread started: Thread Group - ML 1-52
2021-01-03 18:30:22,961 INFO o.a.j.t.JMeterThread: Thread started: Thread Group - ML 1-53
2021-01-03 18:30:22,970 INFO o.a.j.t.JMeterThread: Thread started: Thread Group - ML 1-54
2021-01-03 18:30:22,980 INFO o.a.j.t.JMeterThread: Thread started: Thread Group - ML 1-55
2021-01-03 18:30:22,991 INFO o.a.j.t.JMeterThread: Thread started: Thread Group - ML 1-56
2021-01-03 18:30:23,000 INFO o.a.j.t.JMeterThread: Thread started: Thread Group - ML 1-57
2021-01-03 18:30:23,010 INFO o.a.j.t.JMeterThread: Thread started: Thread Group - ML 1-58
2021-01-03 18:30:23,021 INFO o.a.j.t.JMeterThread: Thread started: Thread Group - ML 1-59
2021-01-03 18:30:23,031 INFO o.a.j.t.JMeterThread: Thread started: Thread Group - ML 1-60
2021-01-03 18:30:23,040 INFO o.a.j.t.JMeterThread: Thread started: Thread Group - ML 1-61
2021-01-03 18:30:23,051 INFO o.a.j.t.JMeterThread: Thread started: Thread Group - ML 1-62
2021-01-03 18:30:23,061 INFO o.a.j.t.JMeterThread: Thread started: Thread Group - ML 1-63
2021-01-03 18:30:23,071 INFO o.a.j.t.JMeterThread: Thread started: Thread Group - ML 1-64
2021-01-03 18:30:23,082 INFO o.a.j.t.JMeterThread: Thread started: Thread Group - ML 1-65
2021-01-03 18:30:23,092 INFO o.a.j.t.JMeterThread: Thread started: Thread Group - ML 1-66
2021-01-03 18:30:23,101 INFO o.a.j.t.JMeterThread: Thread started: Thread Group - ML 1-67
2021-01-03 18:30:23,111 INFO o.a.j.t.JMeterThread: Thread started: Thread Group - ML 1-68
2021-01-03 18:30:23,122 INFO o.a.j.t.JMeterThread: Thread started: Thread Group - ML 1-69
2021-01-03 18:30:23,132 INFO o.a.j.t.JMeterThread: Thread started: Thread Group - ML 1-70
2021-01-03 18:30:23,141 INFO o.a.j.t.JMeterThread: Thread started: Thread Group - ML 1-71
2021-01-03 18:30:23,152 INFO o.a.j.t.JMeterThread: Thread started: Thread Group - ML 1-72
2021-01-03 18:30:23,162 INFO o.a.j.t.JMeterThread: Thread started: Thread Group - ML 1-73
2021-01-03 18:30:23,170 INFO o.a.j.t.JMeterThread: Thread started: Thread Group - ML 1-74
2021-01-03 18:30:23,182 INFO o.a.j.t.JMeterThread: Thread started: Thread Group - ML 1-75
2021-01-03 18:30:23,192 INFO o.a.j.t.JMeterThread: Thread started: Thread Group - ML 1-76
2021-01-03 18:30:23,202 INFO o.a.j.t.JMeterThread: Thread started: Thread Group - ML 1-77
2021-01-03 18:30:23,211 INFO o.a.j.t.JMeterThread: Thread started: Thread Group - ML 1-78
2021-01-03 18:30:23,221 INFO o.a.j.t.JMeterThread: Thread started: Thread Group - ML 1-79
2021-01-03 18:30:23,231 INFO o.a.j.t.JMeterThread: Thread started: Thread Group - ML 1-80
2021-01-03 18:30:23,242 INFO o.a.j.t.JMeterThread: Thread started: Thread Group - ML 1-81
2021-01-03 18:30:23,251 INFO o.a.j.t.JMeterThread: Thread started: Thread Group - ML 1-82
2021-01-03 18:30:23,261 INFO o.a.j.t.JMeterThread: Thread started: Thread Group - ML 1-83
2021-01-03 18:30:23,271 INFO o.a.j.t.JMeterThread: Thread started: Thread Group - ML 1-84
2021-01-03 18:30:23,282 INFO o.a.j.t.JMeterThread: Thread started: Thread Group - ML 1-85
2021-01-03 18:30:23,292 INFO o.a.j.t.JMeterThread: Thread started: Thread Group - ML 1-86
2021-01-03 18:30:23,301 INFO o.a.j.t.JMeterThread: Thread started: Thread Group - ML 1-87
2021-01-03 18:30:23,312 INFO o.a.j.t.JMeterThread: Thread started: Thread Group - ML 1-88
2021-01-03 18:30:23,322 INFO o.a.j.t.JMeterThread: Thread started: Thread Group - ML 1-89
2021-01-03 18:30:23,331 INFO o.a.j.t.JMeterThread: Thread started: Thread Group - ML 1-90
2021-01-03 18:30:23,341 INFO o.a.j.t.JMeterThread: Thread started: Thread Group - ML 1-91
2021-01-03 18:30:23,352 INFO o.a.j.t.JMeterThread: Thread started: Thread Group - ML 1-92
2021-01-03 18:30:23,362 INFO o.a.j.t.JMeterThread: Thread started: Thread Group - ML 1-93
2021-01-03 18:30:23,371 INFO o.a.j.t.JMeterThread: Thread started: Thread Group - ML 1-94
2021-01-03 18:30:23,380 INFO o.a.j.t.JMeterThread: Thread started: Thread Group - ML 1-95
2021-01-03 18:30:23,392 INFO o.a.j.t.JMeterThread: Thread started: Thread Group - ML 1-96
2021-01-03 18:30:23,401 INFO o.a.j.t.JMeterThread: Thread started: Thread Group - ML 1-97
2021-01-03 18:30:23,411 INFO o.a.j.t.JMeterThread: Thread started: Thread Group - ML 1-98
2021-01-03 18:30:23,421 INFO o.a.j.t.JMeterThread: Thread started: Thread Group - ML 1-99
2021-01-03 18:30:23,432 INFO o.a.j.t.JMeterThread: Thread started: Thread Group - ML 1-100
2021-01-03 18:30:30,010 INFO o.a.j.r.Summariser: summary +   1932 in 00:00:08 =  254.8/s Avg:     4 Min:     0 Max:   139 Err:     0 (0.00%) Active: 100 Started: 100 Finished: 0
2021-01-03 18:31:00,009 INFO o.a.j.r.Summariser: summary +   7500 in 00:00:30 =  250.0/s Avg:     2 Min:     0 Max:    49 Err:     0 (0.00%) Active: 100 Started: 100 Finished: 0
2021-01-03 18:31:00,010 INFO o.a.j.r.Summariser: summary =   9432 in 00:00:38 =  251.0/s Avg:     2 Min:     0 Max:   139 Err:     0 (0.00%)
2021-01-03 18:31:22,064 INFO o.a.j.t.JMeterThread: Thread finished: Thread Group - ML 1-12
2021-01-03 18:31:22,089 INFO o.a.j.t.JMeterThread: Thread finished: Thread Group - ML 1-64
2021-01-03 18:31:22,093 INFO o.a.j.t.JMeterThread: Thread finished: Thread Group - ML 1-46
2021-01-03 18:31:22,096 INFO o.a.j.t.JMeterThread: Thread finished: Thread Group - ML 1-20
2021-01-03 18:31:22,096 INFO o.a.j.t.JMeterThread: Thread finished: Thread Group - ML 1-33
2021-01-03 18:31:22,106 INFO o.a.j.t.JMeterThread: Thread finished: Thread Group - ML 1-65
2021-01-03 18:31:22,114 INFO o.a.j.t.JMeterThread: Thread finished: Thread Group - ML 1-47
2021-01-03 18:31:22,122 INFO o.a.j.t.JMeterThread: Thread finished: Thread Group - ML 1-92
2021-01-03 18:31:22,125 INFO o.a.j.t.JMeterThread: Thread finished: Thread Group - ML 1-66
2021-01-03 18:31:22,128 INFO o.a.j.t.JMeterThread: Thread finished: Thread Group - ML 1-34
2021-01-03 18:31:22,136 INFO o.a.j.t.JMeterThread: Thread finished: Thread Group - ML 1-93
2021-01-03 18:31:22,146 INFO o.a.j.t.JMeterThread: Thread finished: Thread Group - ML 1-67
2021-01-03 18:31:22,148 INFO o.a.j.t.JMeterThread: Thread finished: Thread Group - ML 1-94
2021-01-03 18:31:22,148 INFO o.a.j.t.JMeterThread: Thread finished: Thread Group - ML 1-48
2021-01-03 18:31:22,151 INFO o.a.j.t.JMeterThread: Thread finished: Thread Group - ML 1-23
2021-01-03 18:31:22,162 INFO o.a.j.t.JMeterThread: Thread finished: Thread Group - ML 1-95
2021-01-03 18:31:22,165 INFO o.a.j.t.JMeterThread: Thread finished: Thread Group - ML 1-68
2021-01-03 18:31:22,169 INFO o.a.j.t.JMeterThread: Thread finished: Thread Group - ML 1-7
2021-01-03 18:31:22,170 INFO o.a.j.t.JMeterThread: Thread finished: Thread Group - ML 1-13
2021-01-03 18:31:22,170 INFO o.a.j.t.JMeterThread: Thread finished: Thread Group - ML 1-49
2021-01-03 18:31:22,171 INFO o.a.j.t.JMeterThread: Thread finished: Thread Group - ML 1-35
2021-01-03 18:31:22,177 INFO o.a.j.t.JMeterThread: Thread finished: Thread Group - ML 1-96
2021-01-03 18:31:22,181 INFO o.a.j.t.JMeterThread: Thread finished: Thread Group - ML 1-8
2021-01-03 18:31:22,181 INFO o.a.j.t.JMeterThread: Thread finished: Thread Group - ML 1-6
2021-01-03 18:31:22,182 INFO o.a.j.t.JMeterThread: Thread finished: Thread Group - ML 1-1
2021-01-03 18:31:22,183 INFO o.a.j.t.JMeterThread: Thread finished: Thread Group - ML 1-69
2021-01-03 18:31:22,188 INFO o.a.j.t.JMeterThread: Thread finished: Thread Group - ML 1-10
2021-01-03 18:31:22,205 INFO o.a.j.t.JMeterThread: Thread finished: Thread Group - ML 1-50
2021-01-03 18:31:22,205 INFO o.a.j.t.JMeterThread: Thread finished: Thread Group - ML 1-98
2021-01-03 18:31:22,206 INFO o.a.j.t.JMeterThread: Thread finished: Thread Group - ML 1-70
2021-01-03 18:31:22,219 INFO o.a.j.t.JMeterThread: Thread finished: Thread Group - ML 1-99
2021-01-03 18:31:22,222 INFO o.a.j.t.JMeterThread: Thread finished: Thread Group - ML 1-71
2021-01-03 18:31:22,225 INFO o.a.j.t.JMeterThread: Thread finished: Thread Group - ML 1-51
2021-01-03 18:31:22,225 INFO o.a.j.t.JMeterThread: Thread finished: Thread Group - ML 1-36
2021-01-03 18:31:22,226 INFO o.a.j.t.JMeterThread: Thread finished: Thread Group - ML 1-3
2021-01-03 18:31:22,226 INFO o.a.j.t.JMeterThread: Thread finished: Thread Group - ML 1-24
2021-01-03 18:31:22,240 INFO o.a.j.t.JMeterThread: Thread finished: Thread Group - ML 1-100
2021-01-03 18:31:22,241 INFO o.a.j.t.JMeterThread: Thread finished: Thread Group - ML 1-25
2021-01-03 18:31:22,242 INFO o.a.j.t.JMeterThread: Thread finished: Thread Group - ML 1-72
2021-01-03 18:31:22,246 INFO o.a.j.t.JMeterThread: Thread finished: Thread Group - ML 1-37
2021-01-03 18:31:22,249 INFO o.a.j.t.JMeterThread: Thread finished: Thread Group - ML 1-52
2021-01-03 18:31:22,255 INFO o.a.j.t.JMeterThread: Thread finished: Thread Group - ML 1-14
2021-01-03 18:31:22,255 INFO o.a.j.t.JMeterThread: Thread finished: Thread Group - ML 1-73
2021-01-03 18:31:22,257 INFO o.a.j.t.JMeterThread: Thread finished: Thread Group - ML 1-2
2021-01-03 18:31:22,259 INFO o.a.j.t.JMeterThread: Thread finished: Thread Group - ML 1-15
2021-01-03 18:31:22,259 INFO o.a.j.t.JMeterThread: Thread finished: Thread Group - ML 1-9
2021-01-03 18:31:22,267 INFO o.a.j.t.JMeterThread: Thread finished: Thread Group - ML 1-74
2021-01-03 18:31:22,270 INFO o.a.j.t.JMeterThread: Thread finished: Thread Group - ML 1-53
2021-01-03 18:31:22,273 INFO o.a.j.t.JMeterThread: Thread finished: Thread Group - ML 1-38
2021-01-03 18:31:22,274 INFO o.a.j.t.JMeterThread: Thread finished: Thread Group - ML 1-11
2021-01-03 18:31:22,276 INFO o.a.j.t.JMeterThread: Thread finished: Thread Group - ML 1-5
2021-01-03 18:31:22,287 INFO o.a.j.t.JMeterThread: Thread finished: Thread Group - ML 1-54
2021-01-03 18:31:22,297 INFO o.a.j.t.JMeterThread: Thread finished: Thread Group - ML 1-76
2021-01-03 18:31:22,298 INFO o.a.j.t.JMeterThread: Thread finished: Thread Group - ML 1-26
2021-01-03 18:31:22,298 INFO o.a.j.t.JMeterThread: Thread finished: Thread Group - ML 1-39
2021-01-03 18:31:22,309 INFO o.a.j.t.JMeterThread: Thread finished: Thread Group - ML 1-18
2021-01-03 18:31:22,310 INFO o.a.j.t.JMeterThread: Thread finished: Thread Group - ML 1-55
2021-01-03 18:31:22,312 INFO o.a.j.t.JMeterThread: Thread finished: Thread Group - ML 1-77
2021-01-03 18:31:22,313 INFO o.a.j.t.JMeterThread: Thread finished: Thread Group - ML 1-27
2021-01-03 18:31:22,325 INFO o.a.j.t.JMeterThread: Thread finished: Thread Group - ML 1-78
2021-01-03 18:31:22,328 INFO o.a.j.t.JMeterThread: Thread finished: Thread Group - ML 1-40
2021-01-03 18:31:22,328 INFO o.a.j.t.JMeterThread: Thread finished: Thread Group - ML 1-56
2021-01-03 18:31:22,330 INFO o.a.j.t.JMeterThread: Thread finished: Thread Group - ML 1-17
2021-01-03 18:31:22,331 INFO o.a.j.t.JMeterThread: Thread finished: Thread Group - ML 1-4
2021-01-03 18:31:22,332 INFO o.a.j.t.JMeterThread: Thread finished: Thread Group - ML 1-16
2021-01-03 18:31:22,345 INFO o.a.j.t.JMeterThread: Thread finished: Thread Group - ML 1-28
2021-01-03 18:31:22,346 INFO o.a.j.t.JMeterThread: Thread finished: Thread Group - ML 1-57
2021-01-03 18:31:22,354 INFO o.a.j.t.JMeterThread: Thread finished: Thread Group - ML 1-80
2021-01-03 18:31:22,357 INFO o.a.j.t.JMeterThread: Thread finished: Thread Group - ML 1-29
2021-01-03 18:31:22,357 INFO o.a.j.t.JMeterThread: Thread finished: Thread Group - ML 1-41
2021-01-03 18:31:22,367 INFO o.a.j.t.JMeterThread: Thread finished: Thread Group - ML 1-81
2021-01-03 18:31:22,367 INFO o.a.j.t.JMeterThread: Thread finished: Thread Group - ML 1-58
2021-01-03 18:31:22,380 INFO o.a.j.t.JMeterThread: Thread finished: Thread Group - ML 1-82
2021-01-03 18:31:22,380 INFO o.a.j.t.JMeterThread: Thread finished: Thread Group - ML 1-42
2021-01-03 18:31:22,386 INFO o.a.j.t.JMeterThread: Thread finished: Thread Group - ML 1-59
2021-01-03 18:31:22,394 INFO o.a.j.t.JMeterThread: Thread finished: Thread Group - ML 1-83
2021-01-03 18:31:22,395 INFO o.a.j.t.JMeterThread: Thread finished: Thread Group - ML 1-19
2021-01-03 18:31:22,408 INFO o.a.j.t.JMeterThread: Thread finished: Thread Group - ML 1-84
2021-01-03 18:31:22,410 INFO o.a.j.t.JMeterThread: Thread finished: Thread Group - ML 1-30
2021-01-03 18:31:22,411 INFO o.a.j.t.JMeterThread: Thread finished: Thread Group - ML 1-60
2021-01-03 18:31:22,424 INFO o.a.j.t.JMeterThread: Thread finished: Thread Group - ML 1-85
2021-01-03 18:31:22,428 INFO o.a.j.t.JMeterThread: Thread finished: Thread Group - ML 1-43
2021-01-03 18:31:22,428 INFO o.a.j.t.JMeterThread: Thread finished: Thread Group - ML 1-61
2021-01-03 18:31:22,437 INFO o.a.j.t.JMeterThread: Thread finished: Thread Group - ML 1-86
2021-01-03 18:31:22,438 INFO o.a.j.t.JMeterThread: Thread finished: Thread Group - ML 1-31
2021-01-03 18:31:22,447 INFO o.a.j.t.JMeterThread: Thread finished: Thread Group - ML 1-21
2021-01-03 18:31:22,447 INFO o.a.j.t.JMeterThread: Thread finished: Thread Group - ML 1-44
2021-01-03 18:31:22,448 INFO o.a.j.t.JMeterThread: Thread finished: Thread Group - ML 1-62
2021-01-03 18:31:22,449 INFO o.a.j.t.JMeterThread: Thread finished: Thread Group - ML 1-87
2021-01-03 18:31:22,452 INFO o.a.j.t.JMeterThread: Thread finished: Thread Group - ML 1-22
2021-01-03 18:31:22,465 INFO o.a.j.t.JMeterThread: Thread finished: Thread Group - ML 1-32
2021-01-03 18:31:22,470 INFO o.a.j.t.JMeterThread: Thread finished: Thread Group - ML 1-88
2021-01-03 18:31:22,471 INFO o.a.j.t.JMeterThread: Thread finished: Thread Group - ML 1-45
2021-01-03 18:31:22,471 INFO o.a.j.t.JMeterThread: Thread finished: Thread Group - ML 1-63
2021-01-03 18:31:22,478 INFO o.a.j.t.JMeterThread: Thread finished: Thread Group - ML 1-79
2021-01-03 18:31:22,479 INFO o.a.j.t.JMeterThread: Thread finished: Thread Group - ML 1-75
2021-01-03 18:31:22,479 INFO o.a.j.t.JMeterThread: Thread finished: Thread Group - ML 1-89
2021-01-03 18:31:22,481 INFO o.a.j.t.JMeterThread: Thread finished: Thread Group - ML 1-90
2021-01-03 18:31:22,482 INFO o.a.j.t.JMeterThread: Thread finished: Thread Group - ML 1-97
2021-01-03 18:31:22,487 INFO o.a.j.t.JMeterThread: Stopping because end time detected by thread: Thread Group - ML 1-91
2021-01-03 18:31:22,487 INFO o.a.j.t.JMeterThread: Thread finished: Thread Group - ML 1-91
2021-01-03 18:31:22,487 INFO o.a.j.e.StandardJMeterEngine: Notifying test listeners of end of test
2021-01-03 18:31:22,488 INFO o.a.j.r.Summariser: summary +   5622 in 00:00:22 =  250.1/s Avg:     2 Min:     0 Max:    34 Err:     0 (0.00%) Active: 0 Started: 100 Finished: 100
2021-01-03 18:31:32,243 INFO o.a.j.r.Summariser: summary =  15054 in 00:01:10 =  215.6/s Avg:     2 Min:     0 Max:   139 Err:     0 (0.00%)
