2021-01-03 18:33:34,726 INFO o.a.j.u.JMeterUtils: Setting Locale to en_EN
2021-01-03 18:33:34,748 INFO o.a.j.JMeter: Loading user properties from: user.properties
2021-01-03 18:33:34,748 INFO o.a.j.JMeter: Loading system properties from: system.properties
2021-01-03 18:33:34,749 INFO o.a.j.JMeter: Copyright (c) 1998-2020 The Apache Software Foundation
2021-01-03 18:33:34,750 INFO o.a.j.JMeter: Version 5.3
2021-01-03 18:33:34,750 INFO o.a.j.JMeter: java.version=11.0.8
2021-01-03 18:33:34,750 INFO o.a.j.JMeter: java.vm.name=Java HotSpot(TM) 64-Bit Server VM
2021-01-03 18:33:34,750 INFO o.a.j.JMeter: os.name=Windows 10
2021-01-03 18:33:34,750 INFO o.a.j.JMeter: os.arch=amd64
2021-01-03 18:33:34,750 INFO o.a.j.JMeter: os.version=10.0
2021-01-03 18:33:34,751 INFO o.a.j.JMeter: file.encoding=Cp1252
2021-01-03 18:33:34,751 INFO o.a.j.JMeter: java.awt.headless=true
2021-01-03 18:33:34,751 INFO o.a.j.JMeter: Max memory     =1073741824
2021-01-03 18:33:34,751 INFO o.a.j.JMeter: Available Processors =8
2021-01-03 18:33:34,759 INFO o.a.j.JMeter: Default Locale=English (EN)
2021-01-03 18:33:34,759 INFO o.a.j.JMeter: JMeter  Locale=English (EN)
2021-01-03 18:33:34,759 INFO o.a.j.JMeter: JMeterHome=C:\Users\fabio\Documents\Fabio\Università\Magistrale\2°anno\1°semestre\Impianti di Elaborazione\apache-jmeter-5.3
2021-01-03 18:33:34,759 INFO o.a.j.JMeter: user.dir  =C:\Users\fabio\Documents\Fabio\Università\Magistrale\2°anno\1°semestre\Impianti di Elaborazione\apache-jmeter-5.3\bin
2021-01-03 18:33:34,759 INFO o.a.j.JMeter: PWD       =C:\Users\fabio\Documents\Fabio\Università\Magistrale\2°anno\1°semestre\Impianti di Elaborazione\apache-jmeter-5.3\bin
2021-01-03 18:33:35,465 INFO o.a.j.JMeter: IP: 192.168.56.1 Name: LAPTOP-DSVV6SSR FullName: 192.168.56.1
2021-01-03 18:33:35,473 INFO o.a.j.s.FileServer: Default base='C:\Users\fabio\Documents\Fabio\Università\Magistrale\2°anno\1°semestre\Impianti di Elaborazione\apache-jmeter-5.3\bin'
2021-01-03 18:33:35,475 INFO o.a.j.s.FileServer: Set new base='C:\Users\fabio\Documents\Fabio\Università\Magistrale\2°anno\1°semestre\Impianti di Elaborazione\apache-jmeter-5.3\bin'
2021-01-03 18:33:35,596 INFO o.a.j.s.SaveService: Testplan (JMX) version: 2.2. Testlog (JTL) version: 2.2
2021-01-03 18:33:35,615 INFO o.a.j.s.SaveService: Using SaveService properties version 5.0
2021-01-03 18:33:35,619 INFO o.a.j.s.SaveService: Using SaveService properties file encoding UTF-8
2021-01-03 18:33:35,623 INFO o.a.j.s.SaveService: Loading file: DesignofExperiment.jmx
2021-01-03 18:33:35,683 INFO o.a.j.p.h.s.HTTPSamplerBase: Parser for text/html is org.apache.jmeter.protocol.http.parser.LagartoBasedHtmlParser
2021-01-03 18:33:35,684 INFO o.a.j.p.h.s.HTTPSamplerBase: Parser for application/xhtml+xml is org.apache.jmeter.protocol.http.parser.LagartoBasedHtmlParser
2021-01-03 18:33:35,684 INFO o.a.j.p.h.s.HTTPSamplerBase: Parser for application/xml is org.apache.jmeter.protocol.http.parser.LagartoBasedHtmlParser
2021-01-03 18:33:35,684 INFO o.a.j.p.h.s.HTTPSamplerBase: Parser for text/xml is org.apache.jmeter.protocol.http.parser.LagartoBasedHtmlParser
2021-01-03 18:33:35,684 INFO o.a.j.p.h.s.HTTPSamplerBase: Parser for text/vnd.wap.wml is org.apache.jmeter.protocol.http.parser.RegexpHTMLParser
2021-01-03 18:33:35,684 INFO o.a.j.p.h.s.HTTPSamplerBase: Parser for text/css is org.apache.jmeter.protocol.http.parser.CssParser
2021-01-03 18:33:35,708 INFO o.a.j.JMeter: Creating summariser <summary>
2021-01-03 18:33:35,715 INFO o.a.j.e.StandardJMeterEngine: Running the test!
2021-01-03 18:33:35,715 INFO o.a.j.s.SampleEvent: List of sample_variables: []
2021-01-03 18:33:35,716 INFO o.a.j.s.SampleEvent: List of sample_variables: []
2021-01-03 18:33:35,725 INFO o.a.j.e.u.CompoundVariable: Note: Function class names must contain the string: '.functions.'
2021-01-03 18:33:35,725 INFO o.a.j.e.u.CompoundVariable: Note: Function class names must not contain the string: '.gui.'
2021-01-03 18:33:35,994 INFO o.a.j.JMeter: Running test (1609695215994)
2021-01-03 18:33:36,008 INFO o.a.j.e.StandardJMeterEngine: Starting ThreadGroup: 1 : Thread Group - ML
2021-01-03 18:33:36,008 INFO o.a.j.e.StandardJMeterEngine: Starting 100 threads for group Thread Group - ML.
2021-01-03 18:33:36,008 INFO o.a.j.e.StandardJMeterEngine: Thread will continue on error
2021-01-03 18:33:36,009 INFO o.a.j.t.ThreadGroup: Starting thread group... number=1 threads=100 ramp-up=1 delayedStart=false
2021-01-03 18:33:36,016 INFO o.a.j.t.JMeterThread: Thread started: Thread Group - ML 1-1
2021-01-03 18:33:36,024 INFO o.a.j.t.JMeterThread: Thread started: Thread Group - ML 1-2
2021-01-03 18:33:36,034 INFO o.a.j.t.JMeterThread: Thread started: Thread Group - ML 1-3
2021-01-03 18:33:36,042 INFO o.a.j.t.JMeterThread: Thread started: Thread Group - ML 1-4
2021-01-03 18:33:36,047 INFO o.a.j.p.h.s.HTTPHCAbstractImpl: Local host = LAPTOP-DSVV6SSR
2021-01-03 18:33:36,052 INFO o.a.j.t.ThreadGroup: Started thread group number 1
2021-01-03 18:33:36,052 INFO o.a.j.e.StandardJMeterEngine: All thread groups have been started
2021-01-03 18:33:36,052 INFO o.a.j.t.JMeterThread: Thread started: Thread Group - ML 1-5
2021-01-03 18:33:36,055 INFO o.a.j.p.h.s.HTTPHC4Impl: HTTP request retry count = 0
2021-01-03 18:33:36,055 INFO o.a.j.s.SampleResult: Note: Sample TimeStamps are START times
2021-01-03 18:33:36,055 INFO o.a.j.s.SampleResult: sampleresult.default.encoding is set to ISO-8859-1
2021-01-03 18:33:36,055 INFO o.a.j.s.SampleResult: sampleresult.useNanoTime=true
2021-01-03 18:33:36,055 INFO o.a.j.s.SampleResult: sampleresult.nanoThreadSleep=5000
2021-01-03 18:33:36,064 INFO o.a.j.t.JMeterThread: Thread started: Thread Group - ML 1-6
2021-01-03 18:33:36,073 INFO o.a.j.t.JMeterThread: Thread started: Thread Group - ML 1-7
2021-01-03 18:33:36,083 INFO o.a.j.t.JMeterThread: Thread started: Thread Group - ML 1-8
2021-01-03 18:33:36,091 INFO o.a.j.t.JMeterThread: Thread started: Thread Group - ML 1-9
2021-01-03 18:33:36,099 INFO o.a.j.t.JMeterThread: Thread started: Thread Group - ML 1-10
2021-01-03 18:33:36,111 INFO o.a.j.t.JMeterThread: Thread started: Thread Group - ML 1-11
2021-01-03 18:33:36,121 INFO o.a.j.t.JMeterThread: Thread started: Thread Group - ML 1-12
2021-01-03 18:33:36,131 INFO o.a.j.t.JMeterThread: Thread started: Thread Group - ML 1-13
2021-01-03 18:33:36,140 INFO o.a.j.t.JMeterThread: Thread started: Thread Group - ML 1-14
2021-01-03 18:33:36,151 INFO o.a.j.t.JMeterThread: Thread started: Thread Group - ML 1-15
2021-01-03 18:33:36,163 INFO o.a.j.t.JMeterThread: Thread started: Thread Group - ML 1-16
2021-01-03 18:33:36,170 INFO o.a.j.t.JMeterThread: Thread started: Thread Group - ML 1-17
2021-01-03 18:33:36,179 INFO o.a.j.t.JMeterThread: Thread started: Thread Group - ML 1-18
2021-01-03 18:33:36,191 INFO o.a.j.t.JMeterThread: Thread started: Thread Group - ML 1-19
2021-01-03 18:33:36,200 INFO o.a.j.t.JMeterThread: Thread started: Thread Group - ML 1-20
2021-01-03 18:33:36,212 INFO o.a.j.t.JMeterThread: Thread started: Thread Group - ML 1-21
2021-01-03 18:33:36,220 INFO o.a.j.t.JMeterThread: Thread started: Thread Group - ML 1-22
2021-01-03 18:33:36,231 INFO o.a.j.t.JMeterThread: Thread started: Thread Group - ML 1-23
2021-01-03 18:33:36,241 INFO o.a.j.t.JMeterThread: Thread started: Thread Group - ML 1-24
2021-01-03 18:33:36,255 INFO o.a.j.t.JMeterThread: Thread started: Thread Group - ML 1-25
2021-01-03 18:33:36,261 INFO o.a.j.t.JMeterThread: Thread started: Thread Group - ML 1-26
2021-01-03 18:33:36,271 INFO o.a.j.t.JMeterThread: Thread started: Thread Group - ML 1-27
2021-01-03 18:33:36,281 INFO o.a.j.t.JMeterThread: Thread started: Thread Group - ML 1-28
2021-01-03 18:33:36,291 INFO o.a.j.t.JMeterThread: Thread started: Thread Group - ML 1-29
2021-01-03 18:33:36,300 INFO o.a.j.t.JMeterThread: Thread started: Thread Group - ML 1-30
2021-01-03 18:33:36,310 INFO o.a.j.t.JMeterThread: Thread started: Thread Group - ML 1-31
2021-01-03 18:33:36,321 INFO o.a.j.t.JMeterThread: Thread started: Thread Group - ML 1-32
2021-01-03 18:33:36,330 INFO o.a.j.t.JMeterThread: Thread started: Thread Group - ML 1-33
2021-01-03 18:33:36,340 INFO o.a.j.t.JMeterThread: Thread started: Thread Group - ML 1-34
2021-01-03 18:33:36,350 INFO o.a.j.t.JMeterThread: Thread started: Thread Group - ML 1-35
2021-01-03 18:33:36,360 INFO o.a.j.t.JMeterThread: Thread started: Thread Group - ML 1-36
2021-01-03 18:33:36,371 INFO o.a.j.t.JMeterThread: Thread started: Thread Group - ML 1-37
2021-01-03 18:33:36,380 INFO o.a.j.t.JMeterThread: Thread started: Thread Group - ML 1-38
2021-01-03 18:33:36,390 INFO o.a.j.t.JMeterThread: Thread started: Thread Group - ML 1-39
2021-01-03 18:33:36,400 INFO o.a.j.t.JMeterThread: Thread started: Thread Group - ML 1-40
2021-01-03 18:33:36,411 INFO o.a.j.t.JMeterThread: Thread started: Thread Group - ML 1-41
2021-01-03 18:33:36,420 INFO o.a.j.t.JMeterThread: Thread started: Thread Group - ML 1-42
2021-01-03 18:33:36,429 INFO o.a.j.t.JMeterThread: Thread started: Thread Group - ML 1-43
2021-01-03 18:33:36,440 INFO o.a.j.t.JMeterThread: Thread started: Thread Group - ML 1-44
2021-01-03 18:33:36,451 INFO o.a.j.t.JMeterThread: Thread started: Thread Group - ML 1-45
2021-01-03 18:33:36,460 INFO o.a.j.t.JMeterThread: Thread started: Thread Group - ML 1-46
2021-01-03 18:33:36,470 INFO o.a.j.t.JMeterThread: Thread started: Thread Group - ML 1-47
2021-01-03 18:33:36,481 INFO o.a.j.t.JMeterThread: Thread started: Thread Group - ML 1-48
2021-01-03 18:33:36,491 INFO o.a.j.t.JMeterThread: Thread started: Thread Group - ML 1-49
2021-01-03 18:33:36,500 INFO o.a.j.t.JMeterThread: Thread started: Thread Group - ML 1-50
2021-01-03 18:33:36,510 INFO o.a.j.t.JMeterThread: Thread started: Thread Group - ML 1-51
2021-01-03 18:33:36,520 INFO o.a.j.t.JMeterThread: Thread started: Thread Group - ML 1-52
2021-01-03 18:33:36,530 INFO o.a.j.t.JMeterThread: Thread started: Thread Group - ML 1-53
2021-01-03 18:33:36,541 INFO o.a.j.t.JMeterThread: Thread started: Thread Group - ML 1-54
2021-01-03 18:33:36,550 INFO o.a.j.t.JMeterThread: Thread started: Thread Group - ML 1-55
2021-01-03 18:33:36,559 INFO o.a.j.t.JMeterThread: Thread started: Thread Group - ML 1-56
2021-01-03 18:33:36,571 INFO o.a.j.t.JMeterThread: Thread started: Thread Group - ML 1-57
2021-01-03 18:33:36,581 INFO o.a.j.t.JMeterThread: Thread started: Thread Group - ML 1-58
2021-01-03 18:33:36,589 INFO o.a.j.t.JMeterThread: Thread started: Thread Group - ML 1-59
2021-01-03 18:33:36,599 INFO o.a.j.t.JMeterThread: Thread started: Thread Group - ML 1-60
2021-01-03 18:33:36,611 INFO o.a.j.t.JMeterThread: Thread started: Thread Group - ML 1-61
2021-01-03 18:33:36,621 INFO o.a.j.t.JMeterThread: Thread started: Thread Group - ML 1-62
2021-01-03 18:33:36,630 INFO o.a.j.t.JMeterThread: Thread started: Thread Group - ML 1-63
2021-01-03 18:33:36,640 INFO o.a.j.t.JMeterThread: Thread started: Thread Group - ML 1-64
2021-01-03 18:33:36,649 INFO o.a.j.t.JMeterThread: Thread started: Thread Group - ML 1-65
2021-01-03 18:33:36,661 INFO o.a.j.t.JMeterThread: Thread started: Thread Group - ML 1-66
2021-01-03 18:33:36,671 INFO o.a.j.t.JMeterThread: Thread started: Thread Group - ML 1-67
2021-01-03 18:33:36,680 INFO o.a.j.t.JMeterThread: Thread started: Thread Group - ML 1-68
2021-01-03 18:33:36,690 INFO o.a.j.t.JMeterThread: Thread started: Thread Group - ML 1-69
2021-01-03 18:33:36,701 INFO o.a.j.t.JMeterThread: Thread started: Thread Group - ML 1-70
2021-01-03 18:33:36,709 INFO o.a.j.t.JMeterThread: Thread started: Thread Group - ML 1-71
2021-01-03 18:33:36,720 INFO o.a.j.t.JMeterThread: Thread started: Thread Group - ML 1-72
2021-01-03 18:33:36,730 INFO o.a.j.t.JMeterThread: Thread started: Thread Group - ML 1-73
2021-01-03 18:33:36,740 INFO o.a.j.t.JMeterThread: Thread started: Thread Group - ML 1-74
2021-01-03 18:33:36,750 INFO o.a.j.t.JMeterThread: Thread started: Thread Group - ML 1-75
2021-01-03 18:33:36,760 INFO o.a.j.t.JMeterThread: Thread started: Thread Group - ML 1-76
2021-01-03 18:33:36,769 INFO o.a.j.t.JMeterThread: Thread started: Thread Group - ML 1-77
2021-01-03 18:33:36,780 INFO o.a.j.t.JMeterThread: Thread started: Thread Group - ML 1-78
2021-01-03 18:33:36,790 INFO o.a.j.t.JMeterThread: Thread started: Thread Group - ML 1-79
2021-01-03 18:33:36,799 INFO o.a.j.t.JMeterThread: Thread started: Thread Group - ML 1-80
2021-01-03 18:33:36,809 INFO o.a.j.t.JMeterThread: Thread started: Thread Group - ML 1-81
2021-01-03 18:33:36,821 INFO o.a.j.t.JMeterThread: Thread started: Thread Group - ML 1-82
2021-01-03 18:33:36,830 INFO o.a.j.t.JMeterThread: Thread started: Thread Group - ML 1-83
2021-01-03 18:33:36,839 INFO o.a.j.t.JMeterThread: Thread started: Thread Group - ML 1-84
2021-01-03 18:33:36,849 INFO o.a.j.t.JMeterThread: Thread started: Thread Group - ML 1-85
2021-01-03 18:33:36,860 INFO o.a.j.t.JMeterThread: Thread started: Thread Group - ML 1-86
2021-01-03 18:33:36,870 INFO o.a.j.t.JMeterThread: Thread started: Thread Group - ML 1-87
2021-01-03 18:33:36,879 INFO o.a.j.t.JMeterThread: Thread started: Thread Group - ML 1-88
2021-01-03 18:33:36,889 INFO o.a.j.t.JMeterThread: Thread started: Thread Group - ML 1-89
2021-01-03 18:33:36,900 INFO o.a.j.t.JMeterThread: Thread started: Thread Group - ML 1-90
2021-01-03 18:33:36,910 INFO o.a.j.t.JMeterThread: Thread started: Thread Group - ML 1-91
2021-01-03 18:33:36,919 INFO o.a.j.t.JMeterThread: Thread started: Thread Group - ML 1-92
2021-01-03 18:33:36,930 INFO o.a.j.t.JMeterThread: Thread started: Thread Group - ML 1-93
2021-01-03 18:33:36,940 INFO o.a.j.t.JMeterThread: Thread started: Thread Group - ML 1-94
2021-01-03 18:33:36,949 INFO o.a.j.t.JMeterThread: Thread started: Thread Group - ML 1-95
2021-01-03 18:33:36,960 INFO o.a.j.t.JMeterThread: Thread started: Thread Group - ML 1-96
2021-01-03 18:33:36,970 INFO o.a.j.t.JMeterThread: Thread started: Thread Group - ML 1-97
2021-01-03 18:33:36,979 INFO o.a.j.t.JMeterThread: Thread started: Thread Group - ML 1-98
2021-01-03 18:33:36,990 INFO o.a.j.t.JMeterThread: Thread started: Thread Group - ML 1-99
2021-01-03 18:33:37,000 INFO o.a.j.t.JMeterThread: Thread started: Thread Group - ML 1-100
2021-01-03 18:34:00,007 INFO o.a.j.r.Summariser: summary +   6051 in 00:00:24 =  252.0/s Avg:     2 Min:     0 Max:   112 Err:     0 (0.00%) Active: 100 Started: 100 Finished: 0
2021-01-03 18:34:30,008 INFO o.a.j.r.Summariser: summary +   7500 in 00:00:30 =  250.0/s Avg:     2 Min:     0 Max:    41 Err:     0 (0.00%) Active: 100 Started: 100 Finished: 0
2021-01-03 18:34:30,008 INFO o.a.j.r.Summariser: summary =  13551 in 00:00:54 =  250.9/s Avg:     2 Min:     0 Max:   112 Err:     0 (0.00%)
2021-01-03 18:34:35,628 INFO o.a.j.t.JMeterThread: Thread finished: Thread Group - ML 1-14
2021-01-03 18:34:35,647 INFO o.a.j.t.JMeterThread: Thread finished: Thread Group - ML 1-32
2021-01-03 18:34:35,651 INFO o.a.j.t.JMeterThread: Thread finished: Thread Group - ML 1-10
2021-01-03 18:34:35,651 INFO o.a.j.t.JMeterThread: Thread finished: Thread Group - ML 1-13
2021-01-03 18:34:35,652 INFO o.a.j.t.JMeterThread: Thread finished: Thread Group - ML 1-23
2021-01-03 18:34:35,661 INFO o.a.j.t.JMeterThread: Thread finished: Thread Group - ML 1-46
2021-01-03 18:34:35,668 INFO o.a.j.t.JMeterThread: Thread finished: Thread Group - ML 1-33
2021-01-03 18:34:35,669 INFO o.a.j.t.JMeterThread: Thread finished: Thread Group - ML 1-15
2021-01-03 18:34:35,675 INFO o.a.j.t.JMeterThread: Thread finished: Thread Group - ML 1-65
2021-01-03 18:34:35,688 INFO o.a.j.t.JMeterThread: Thread finished: Thread Group - ML 1-24
2021-01-03 18:34:35,688 INFO o.a.j.t.JMeterThread: Thread finished: Thread Group - ML 1-47
2021-01-03 18:34:35,695 INFO o.a.j.t.JMeterThread: Thread finished: Thread Group - ML 1-66
2021-01-03 18:34:35,700 INFO o.a.j.t.JMeterThread: Thread finished: Thread Group - ML 1-34
2021-01-03 18:34:35,703 INFO o.a.j.t.JMeterThread: Thread finished: Thread Group - ML 1-93
2021-01-03 18:34:35,717 INFO o.a.j.t.JMeterThread: Thread finished: Thread Group - ML 1-67
2021-01-03 18:34:35,718 INFO o.a.j.t.JMeterThread: Thread finished: Thread Group - ML 1-94
2021-01-03 18:34:35,718 INFO o.a.j.t.JMeterThread: Thread finished: Thread Group - ML 1-48
2021-01-03 18:34:35,731 INFO o.a.j.t.JMeterThread: Thread finished: Thread Group - ML 1-95
2021-01-03 18:34:35,733 INFO o.a.j.t.JMeterThread: Thread finished: Thread Group - ML 1-68
2021-01-03 18:34:35,743 INFO o.a.j.t.JMeterThread: Thread finished: Thread Group - ML 1-49
2021-01-03 18:34:35,745 INFO o.a.j.t.JMeterThread: Thread finished: Thread Group - ML 1-96
2021-01-03 18:34:35,752 INFO o.a.j.t.JMeterThread: Thread finished: Thread Group - ML 1-17
2021-01-03 18:34:35,752 INFO o.a.j.t.JMeterThread: Thread finished: Thread Group - ML 1-69
2021-01-03 18:34:35,753 INFO o.a.j.t.JMeterThread: Thread finished: Thread Group - ML 1-16
2021-01-03 18:34:35,756 INFO o.a.j.t.JMeterThread: Thread finished: Thread Group - ML 1-35
2021-01-03 18:34:35,760 INFO o.a.j.t.JMeterThread: Thread finished: Thread Group - ML 1-97
2021-01-03 18:34:35,774 INFO o.a.j.t.JMeterThread: Thread finished: Thread Group - ML 1-25
2021-01-03 18:34:35,775 INFO o.a.j.t.JMeterThread: Thread finished: Thread Group - ML 1-50
2021-01-03 18:34:35,776 INFO o.a.j.t.JMeterThread: Thread finished: Thread Group - ML 1-98
2021-01-03 18:34:35,777 INFO o.a.j.t.JMeterThread: Thread finished: Thread Group - ML 1-70
2021-01-03 18:34:35,778 INFO o.a.j.t.JMeterThread: Thread finished: Thread Group - ML 1-36
2021-01-03 18:34:35,779 INFO o.a.j.t.JMeterThread: Thread finished: Thread Group - ML 1-18
2021-01-03 18:34:35,788 INFO o.a.j.t.JMeterThread: Thread finished: Thread Group - ML 1-99
2021-01-03 18:34:35,790 INFO o.a.j.t.JMeterThread: Thread finished: Thread Group - ML 1-71
2021-01-03 18:34:35,799 INFO o.a.j.t.JMeterThread: Thread finished: Thread Group - ML 1-51
2021-01-03 18:34:35,800 INFO o.a.j.t.JMeterThread: Thread finished: Thread Group - ML 1-26
2021-01-03 18:34:35,801 INFO o.a.j.t.JMeterThread: Thread finished: Thread Group - ML 1-12
2021-01-03 18:34:35,802 INFO o.a.j.t.JMeterThread: Thread finished: Thread Group - ML 1-100
2021-01-03 18:34:35,810 INFO o.a.j.t.JMeterThread: Thread finished: Thread Group - ML 1-72
2021-01-03 18:34:35,821 INFO o.a.j.t.JMeterThread: Thread finished: Thread Group - ML 1-52
2021-01-03 18:34:35,823 INFO o.a.j.t.JMeterThread: Thread finished: Thread Group - ML 1-73
2021-01-03 18:34:35,823 INFO o.a.j.t.JMeterThread: Thread finished: Thread Group - ML 1-37
2021-01-03 18:34:35,838 INFO o.a.j.t.JMeterThread: Thread finished: Thread Group - ML 1-74
2021-01-03 18:34:35,840 INFO o.a.j.t.JMeterThread: Thread finished: Thread Group - ML 1-53
2021-01-03 18:34:35,842 INFO o.a.j.t.JMeterThread: Thread finished: Thread Group - ML 1-27
2021-01-03 18:34:35,851 INFO o.a.j.t.JMeterThread: Thread finished: Thread Group - ML 1-75
2021-01-03 18:34:35,853 INFO o.a.j.t.JMeterThread: Thread finished: Thread Group - ML 1-38
2021-01-03 18:34:35,865 INFO o.a.j.t.JMeterThread: Thread finished: Thread Group - ML 1-76
2021-01-03 18:34:35,866 INFO o.a.j.t.JMeterThread: Thread finished: Thread Group - ML 1-54
2021-01-03 18:34:35,871 INFO o.a.j.t.JMeterThread: Thread finished: Thread Group - ML 1-39
2021-01-03 18:34:35,876 INFO o.a.j.t.JMeterThread: Thread finished: Thread Group - ML 1-19
2021-01-03 18:34:35,879 INFO o.a.j.t.JMeterThread: Thread finished: Thread Group - ML 1-28
2021-01-03 18:34:35,880 INFO o.a.j.t.JMeterThread: Thread finished: Thread Group - ML 1-77
2021-01-03 18:34:35,880 INFO o.a.j.t.JMeterThread: Thread finished: Thread Group - ML 1-55
2021-01-03 18:34:35,893 INFO o.a.j.t.JMeterThread: Thread finished: Thread Group - ML 1-78
2021-01-03 18:34:35,896 INFO o.a.j.t.JMeterThread: Thread finished: Thread Group - ML 1-56
2021-01-03 18:34:35,897 INFO o.a.j.t.JMeterThread: Thread finished: Thread Group - ML 1-40
2021-01-03 18:34:35,900 INFO o.a.j.t.JMeterThread: Thread finished: Thread Group - ML 1-20
2021-01-03 18:34:35,907 INFO o.a.j.t.JMeterThread: Thread finished: Thread Group - ML 1-79
2021-01-03 18:34:35,921 INFO o.a.j.t.JMeterThread: Thread finished: Thread Group - ML 1-57
2021-01-03 18:34:35,921 INFO o.a.j.t.JMeterThread: Thread finished: Thread Group - ML 1-80
2021-01-03 18:34:35,925 INFO o.a.j.t.JMeterThread: Thread finished: Thread Group - ML 1-41
2021-01-03 18:34:35,925 INFO o.a.j.t.JMeterThread: Thread finished: Thread Group - ML 1-29
2021-01-03 18:34:35,934 INFO o.a.j.t.JMeterThread: Thread finished: Thread Group - ML 1-81
2021-01-03 18:34:35,937 INFO o.a.j.t.JMeterThread: Thread finished: Thread Group - ML 1-2
2021-01-03 18:34:35,939 INFO o.a.j.t.JMeterThread: Thread finished: Thread Group - ML 1-58
2021-01-03 18:34:35,951 INFO o.a.j.t.JMeterThread: Thread finished: Thread Group - ML 1-82
2021-01-03 18:34:35,954 INFO o.a.j.t.JMeterThread: Thread finished: Thread Group - ML 1-42
2021-01-03 18:34:35,954 INFO o.a.j.t.JMeterThread: Thread finished: Thread Group - ML 1-8
2021-01-03 18:34:35,955 INFO o.a.j.t.JMeterThread: Thread finished: Thread Group - ML 1-30
2021-01-03 18:34:35,962 INFO o.a.j.t.JMeterThread: Thread finished: Thread Group - ML 1-9
2021-01-03 18:34:35,963 INFO o.a.j.t.JMeterThread: Thread finished: Thread Group - ML 1-4
2021-01-03 18:34:35,964 INFO o.a.j.t.JMeterThread: Thread finished: Thread Group - ML 1-3
2021-01-03 18:34:35,965 INFO o.a.j.t.JMeterThread: Thread finished: Thread Group - ML 1-59
2021-01-03 18:34:35,965 INFO o.a.j.t.JMeterThread: Thread finished: Thread Group - ML 1-5
2021-01-03 18:34:35,967 INFO o.a.j.t.JMeterThread: Thread finished: Thread Group - ML 1-83
2021-01-03 18:34:35,967 INFO o.a.j.t.JMeterThread: Thread finished: Thread Group - ML 1-21
2021-01-03 18:34:35,976 INFO o.a.j.t.JMeterThread: Thread finished: Thread Group - ML 1-60
2021-01-03 18:34:35,977 INFO o.a.j.t.JMeterThread: Thread finished: Thread Group - ML 1-84
2021-01-03 18:34:35,978 INFO o.a.j.t.JMeterThread: Thread finished: Thread Group - ML 1-11
2021-01-03 18:34:35,979 INFO o.a.j.t.JMeterThread: Thread finished: Thread Group - ML 1-43
2021-01-03 18:34:35,983 INFO o.a.j.t.JMeterThread: Thread finished: Thread Group - ML 1-1
2021-01-03 18:34:35,992 INFO o.a.j.t.JMeterThread: Thread finished: Thread Group - ML 1-31
2021-01-03 18:34:35,993 INFO o.a.j.t.JMeterThread: Thread finished: Thread Group - ML 1-85
2021-01-03 18:34:35,994 INFO o.a.j.t.JMeterThread: Thread finished: Thread Group - ML 1-7
2021-01-03 18:34:35,995 INFO o.a.j.t.JMeterThread: Thread finished: Thread Group - ML 1-22
2021-01-03 18:34:36,006 INFO o.a.j.t.JMeterThread: Thread finished: Thread Group - ML 1-61
2021-01-03 18:34:36,006 INFO o.a.j.t.JMeterThread: Thread finished: Thread Group - ML 1-44
2021-01-03 18:34:36,007 INFO o.a.j.t.JMeterThread: Thread finished: Thread Group - ML 1-86
2021-01-03 18:34:36,012 INFO o.a.j.t.JMeterThread: Thread finished: Thread Group - ML 1-6
2021-01-03 18:34:36,018 INFO o.a.j.t.JMeterThread: Thread finished: Thread Group - ML 1-62
2021-01-03 18:34:36,026 INFO o.a.j.t.JMeterThread: Thread finished: Thread Group - ML 1-89
2021-01-03 18:34:36,027 INFO o.a.j.t.JMeterThread: Thread finished: Thread Group - ML 1-87
2021-01-03 18:34:36,028 INFO o.a.j.t.JMeterThread: Thread finished: Thread Group - ML 1-88
2021-01-03 18:34:36,031 INFO o.a.j.t.JMeterThread: Thread finished: Thread Group - ML 1-63
2021-01-03 18:34:36,033 INFO o.a.j.t.JMeterThread: Stopping because end time detected by thread: Thread Group - ML 1-45
2021-01-03 18:34:36,033 INFO o.a.j.t.JMeterThread: Thread finished: Thread Group - ML 1-45
2021-01-03 18:34:36,037 INFO o.a.j.t.JMeterThread: Thread finished: Thread Group - ML 1-64
2021-01-03 18:34:36,040 INFO o.a.j.t.JMeterThread: Thread finished: Thread Group - ML 1-91
2021-01-03 18:34:36,045 INFO o.a.j.t.JMeterThread: Thread finished: Thread Group - ML 1-92
2021-01-03 18:34:36,049 INFO o.a.j.t.JMeterThread: Stopping because end time detected by thread: Thread Group - ML 1-90
2021-01-03 18:34:36,049 INFO o.a.j.t.JMeterThread: Thread finished: Thread Group - ML 1-90
2021-01-03 18:34:36,049 INFO o.a.j.e.StandardJMeterEngine: Notifying test listeners of end of test
2021-01-03 18:34:36,050 INFO o.a.j.r.Summariser: summary +   1514 in 00:00:06 =  250.5/s Avg:     2 Min:     0 Max:    63 Err:     0 (0.00%) Active: 0 Started: 100 Finished: 100
2021-01-03 18:34:36,051 INFO o.a.j.r.Summariser: summary =  15065 in 00:01:00 =  250.8/s Avg:     2 Min:     0 Max:   112 Err:     0 (0.00%)
