2021-01-03 18:36:38,667 INFO o.a.j.u.JMeterUtils: Setting Locale to en_EN
2021-01-03 18:36:38,686 INFO o.a.j.JMeter: Loading user properties from: user.properties
2021-01-03 18:36:38,687 INFO o.a.j.JMeter: Loading system properties from: system.properties
2021-01-03 18:36:38,688 INFO o.a.j.JMeter: Copyright (c) 1998-2020 The Apache Software Foundation
2021-01-03 18:36:38,688 INFO o.a.j.JMeter: Version 5.3
2021-01-03 18:36:38,688 INFO o.a.j.JMeter: java.version=11.0.8
2021-01-03 18:36:38,689 INFO o.a.j.JMeter: java.vm.name=Java HotSpot(TM) 64-Bit Server VM
2021-01-03 18:36:38,689 INFO o.a.j.JMeter: os.name=Windows 10
2021-01-03 18:36:38,689 INFO o.a.j.JMeter: os.arch=amd64
2021-01-03 18:36:38,689 INFO o.a.j.JMeter: os.version=10.0
2021-01-03 18:36:38,689 INFO o.a.j.JMeter: file.encoding=Cp1252
2021-01-03 18:36:38,689 INFO o.a.j.JMeter: java.awt.headless=true
2021-01-03 18:36:38,689 INFO o.a.j.JMeter: Max memory     =1073741824
2021-01-03 18:36:38,689 INFO o.a.j.JMeter: Available Processors =8
2021-01-03 18:36:38,698 INFO o.a.j.JMeter: Default Locale=English (EN)
2021-01-03 18:36:38,698 INFO o.a.j.JMeter: JMeter  Locale=English (EN)
2021-01-03 18:36:38,698 INFO o.a.j.JMeter: JMeterHome=C:\Users\fabio\Documents\Fabio\Università\Magistrale\2°anno\1°semestre\Impianti di Elaborazione\apache-jmeter-5.3
2021-01-03 18:36:38,698 INFO o.a.j.JMeter: user.dir  =C:\Users\fabio\Documents\Fabio\Università\Magistrale\2°anno\1°semestre\Impianti di Elaborazione\apache-jmeter-5.3\bin
2021-01-03 18:36:38,699 INFO o.a.j.JMeter: PWD       =C:\Users\fabio\Documents\Fabio\Università\Magistrale\2°anno\1°semestre\Impianti di Elaborazione\apache-jmeter-5.3\bin
2021-01-03 18:36:38,702 INFO o.a.j.JMeter: IP: 192.168.56.1 Name: LAPTOP-DSVV6SSR FullName: 192.168.56.1
2021-01-03 18:36:38,708 INFO o.a.j.s.FileServer: Default base='C:\Users\fabio\Documents\Fabio\Università\Magistrale\2°anno\1°semestre\Impianti di Elaborazione\apache-jmeter-5.3\bin'
2021-01-03 18:36:38,709 INFO o.a.j.s.FileServer: Set new base='C:\Users\fabio\Documents\Fabio\Università\Magistrale\2°anno\1°semestre\Impianti di Elaborazione\apache-jmeter-5.3\bin'
2021-01-03 18:36:38,833 INFO o.a.j.s.SaveService: Testplan (JMX) version: 2.2. Testlog (JTL) version: 2.2
2021-01-03 18:36:38,854 INFO o.a.j.s.SaveService: Using SaveService properties version 5.0
2021-01-03 18:36:38,858 INFO o.a.j.s.SaveService: Using SaveService properties file encoding UTF-8
2021-01-03 18:36:38,861 INFO o.a.j.s.SaveService: Loading file: DesignofExperiment.jmx
2021-01-03 18:36:38,919 INFO o.a.j.p.h.s.HTTPSamplerBase: Parser for text/html is org.apache.jmeter.protocol.http.parser.LagartoBasedHtmlParser
2021-01-03 18:36:38,919 INFO o.a.j.p.h.s.HTTPSamplerBase: Parser for application/xhtml+xml is org.apache.jmeter.protocol.http.parser.LagartoBasedHtmlParser
2021-01-03 18:36:38,919 INFO o.a.j.p.h.s.HTTPSamplerBase: Parser for application/xml is org.apache.jmeter.protocol.http.parser.LagartoBasedHtmlParser
2021-01-03 18:36:38,919 INFO o.a.j.p.h.s.HTTPSamplerBase: Parser for text/xml is org.apache.jmeter.protocol.http.parser.LagartoBasedHtmlParser
2021-01-03 18:36:38,919 INFO o.a.j.p.h.s.HTTPSamplerBase: Parser for text/vnd.wap.wml is org.apache.jmeter.protocol.http.parser.RegexpHTMLParser
2021-01-03 18:36:38,919 INFO o.a.j.p.h.s.HTTPSamplerBase: Parser for text/css is org.apache.jmeter.protocol.http.parser.CssParser
2021-01-03 18:36:38,945 INFO o.a.j.JMeter: Creating summariser <summary>
2021-01-03 18:36:38,951 INFO o.a.j.e.StandardJMeterEngine: Running the test!
2021-01-03 18:36:38,952 INFO o.a.j.s.SampleEvent: List of sample_variables: []
2021-01-03 18:36:38,952 INFO o.a.j.s.SampleEvent: List of sample_variables: []
2021-01-03 18:36:38,961 INFO o.a.j.e.u.CompoundVariable: Note: Function class names must contain the string: '.functions.'
2021-01-03 18:36:38,961 INFO o.a.j.e.u.CompoundVariable: Note: Function class names must not contain the string: '.gui.'
2021-01-03 18:36:39,245 INFO o.a.j.JMeter: Running test (1609695399245)
2021-01-03 18:36:39,260 INFO o.a.j.e.StandardJMeterEngine: Starting ThreadGroup: 1 : Thread Group - MM
2021-01-03 18:36:39,260 INFO o.a.j.e.StandardJMeterEngine: Starting 100 threads for group Thread Group - MM.
2021-01-03 18:36:39,260 INFO o.a.j.e.StandardJMeterEngine: Thread will continue on error
2021-01-03 18:36:39,260 INFO o.a.j.t.ThreadGroup: Starting thread group... number=1 threads=100 ramp-up=1 delayedStart=false
2021-01-03 18:36:39,269 INFO o.a.j.t.JMeterThread: Thread started: Thread Group - MM 1-1
2021-01-03 18:36:39,276 INFO o.a.j.t.JMeterThread: Thread started: Thread Group - MM 1-2
2021-01-03 18:36:39,286 INFO o.a.j.t.JMeterThread: Thread started: Thread Group - MM 1-3
2021-01-03 18:36:39,293 INFO o.a.j.t.JMeterThread: Thread started: Thread Group - MM 1-4
2021-01-03 18:36:39,303 INFO o.a.j.t.JMeterThread: Thread started: Thread Group - MM 1-5
2021-01-03 18:36:39,304 INFO o.a.j.p.h.s.HTTPHCAbstractImpl: Local host = LAPTOP-DSVV6SSR
2021-01-03 18:36:39,305 INFO o.a.j.t.ThreadGroup: Started thread group number 1
2021-01-03 18:36:39,306 INFO o.a.j.e.StandardJMeterEngine: All thread groups have been started
2021-01-03 18:36:39,310 INFO o.a.j.p.h.s.HTTPHC4Impl: HTTP request retry count = 0
2021-01-03 18:36:39,312 INFO o.a.j.s.SampleResult: Note: Sample TimeStamps are START times
2021-01-03 18:36:39,312 INFO o.a.j.s.SampleResult: sampleresult.default.encoding is set to ISO-8859-1
2021-01-03 18:36:39,313 INFO o.a.j.s.SampleResult: sampleresult.useNanoTime=true
2021-01-03 18:36:39,313 INFO o.a.j.s.SampleResult: sampleresult.nanoThreadSleep=5000
2021-01-03 18:36:39,314 INFO o.a.j.t.JMeterThread: Thread started: Thread Group - MM 1-6
2021-01-03 18:36:39,324 INFO o.a.j.t.JMeterThread: Thread started: Thread Group - MM 1-7
2021-01-03 18:36:39,333 INFO o.a.j.t.JMeterThread: Thread started: Thread Group - MM 1-8
2021-01-03 18:36:39,343 INFO o.a.j.t.JMeterThread: Thread started: Thread Group - MM 1-9
2021-01-03 18:36:39,351 INFO o.a.j.t.JMeterThread: Thread started: Thread Group - MM 1-10
2021-01-03 18:36:39,362 INFO o.a.j.t.JMeterThread: Thread started: Thread Group - MM 1-11
2021-01-03 18:36:39,372 INFO o.a.j.t.JMeterThread: Thread started: Thread Group - MM 1-12
2021-01-03 18:36:39,382 INFO o.a.j.t.JMeterThread: Thread started: Thread Group - MM 1-13
2021-01-03 18:36:39,392 INFO o.a.j.t.JMeterThread: Thread started: Thread Group - MM 1-14
2021-01-03 18:36:39,402 INFO o.a.j.t.JMeterThread: Thread started: Thread Group - MM 1-15
2021-01-03 18:36:39,411 INFO o.a.j.t.JMeterThread: Thread started: Thread Group - MM 1-16
2021-01-03 18:36:39,422 INFO o.a.j.t.JMeterThread: Thread started: Thread Group - MM 1-17
2021-01-03 18:36:39,431 INFO o.a.j.t.JMeterThread: Thread started: Thread Group - MM 1-18
2021-01-03 18:36:39,440 INFO o.a.j.t.JMeterThread: Thread started: Thread Group - MM 1-19
2021-01-03 18:36:39,452 INFO o.a.j.t.JMeterThread: Thread started: Thread Group - MM 1-20
2021-01-03 18:36:39,462 INFO o.a.j.t.JMeterThread: Thread started: Thread Group - MM 1-21
2021-01-03 18:36:39,471 INFO o.a.j.t.JMeterThread: Thread started: Thread Group - MM 1-22
2021-01-03 18:36:39,481 INFO o.a.j.t.JMeterThread: Thread started: Thread Group - MM 1-23
2021-01-03 18:36:39,492 INFO o.a.j.t.JMeterThread: Thread started: Thread Group - MM 1-24
2021-01-03 18:36:39,502 INFO o.a.j.t.JMeterThread: Thread started: Thread Group - MM 1-25
2021-01-03 18:36:39,513 INFO o.a.j.t.JMeterThread: Thread started: Thread Group - MM 1-26
2021-01-03 18:36:39,522 INFO o.a.j.t.JMeterThread: Thread started: Thread Group - MM 1-27
2021-01-03 18:36:39,532 INFO o.a.j.t.JMeterThread: Thread started: Thread Group - MM 1-28
2021-01-03 18:36:39,542 INFO o.a.j.t.JMeterThread: Thread started: Thread Group - MM 1-29
2021-01-03 18:36:39,552 INFO o.a.j.t.JMeterThread: Thread started: Thread Group - MM 1-30
2021-01-03 18:36:39,561 INFO o.a.j.t.JMeterThread: Thread started: Thread Group - MM 1-31
2021-01-03 18:36:39,571 INFO o.a.j.t.JMeterThread: Thread started: Thread Group - MM 1-32
2021-01-03 18:36:39,582 INFO o.a.j.t.JMeterThread: Thread started: Thread Group - MM 1-33
2021-01-03 18:36:39,592 INFO o.a.j.t.JMeterThread: Thread started: Thread Group - MM 1-34
2021-01-03 18:36:39,600 INFO o.a.j.t.JMeterThread: Thread started: Thread Group - MM 1-35
2021-01-03 18:36:39,611 INFO o.a.j.t.JMeterThread: Thread started: Thread Group - MM 1-36
2021-01-03 18:36:39,622 INFO o.a.j.t.JMeterThread: Thread started: Thread Group - MM 1-37
2021-01-03 18:36:39,631 INFO o.a.j.t.JMeterThread: Thread started: Thread Group - MM 1-38
2021-01-03 18:36:39,641 INFO o.a.j.t.JMeterThread: Thread started: Thread Group - MM 1-39
2021-01-03 18:36:39,651 INFO o.a.j.t.JMeterThread: Thread started: Thread Group - MM 1-40
2021-01-03 18:36:39,661 INFO o.a.j.t.JMeterThread: Thread started: Thread Group - MM 1-41
2021-01-03 18:36:39,672 INFO o.a.j.t.JMeterThread: Thread started: Thread Group - MM 1-42
2021-01-03 18:36:39,681 INFO o.a.j.t.JMeterThread: Thread started: Thread Group - MM 1-43
2021-01-03 18:36:39,693 INFO o.a.j.t.JMeterThread: Thread started: Thread Group - MM 1-44
2021-01-03 18:36:39,702 INFO o.a.j.t.JMeterThread: Thread started: Thread Group - MM 1-45
2021-01-03 18:36:39,712 INFO o.a.j.t.JMeterThread: Thread started: Thread Group - MM 1-46
2021-01-03 18:36:39,720 INFO o.a.j.t.JMeterThread: Thread started: Thread Group - MM 1-47
2021-01-03 18:36:39,730 INFO o.a.j.t.JMeterThread: Thread started: Thread Group - MM 1-48
2021-01-03 18:36:39,741 INFO o.a.j.t.JMeterThread: Thread started: Thread Group - MM 1-49
2021-01-03 18:36:39,752 INFO o.a.j.t.JMeterThread: Thread started: Thread Group - MM 1-50
2021-01-03 18:36:39,760 INFO o.a.j.t.JMeterThread: Thread started: Thread Group - MM 1-51
2021-01-03 18:36:39,770 INFO o.a.j.t.JMeterThread: Thread started: Thread Group - MM 1-52
2021-01-03 18:36:39,782 INFO o.a.j.t.JMeterThread: Thread started: Thread Group - MM 1-53
2021-01-03 18:36:39,792 INFO o.a.j.t.JMeterThread: Thread started: Thread Group - MM 1-54
2021-01-03 18:36:39,800 INFO o.a.j.t.JMeterThread: Thread started: Thread Group - MM 1-55
2021-01-03 18:36:39,811 INFO o.a.j.t.JMeterThread: Thread started: Thread Group - MM 1-56
2021-01-03 18:36:39,821 INFO o.a.j.t.JMeterThread: Thread started: Thread Group - MM 1-57
2021-01-03 18:36:39,831 INFO o.a.j.t.JMeterThread: Thread started: Thread Group - MM 1-58
2021-01-03 18:36:39,841 INFO o.a.j.t.JMeterThread: Thread started: Thread Group - MM 1-59
2021-01-03 18:36:39,855 INFO o.a.j.t.JMeterThread: Thread started: Thread Group - MM 1-60
2021-01-03 18:36:39,860 INFO o.a.j.t.JMeterThread: Thread started: Thread Group - MM 1-61
2021-01-03 18:36:39,872 INFO o.a.j.t.JMeterThread: Thread started: Thread Group - MM 1-62
2021-01-03 18:36:39,881 INFO o.a.j.t.JMeterThread: Thread started: Thread Group - MM 1-63
2021-01-03 18:36:39,890 INFO o.a.j.t.JMeterThread: Thread started: Thread Group - MM 1-64
2021-01-03 18:36:39,901 INFO o.a.j.t.JMeterThread: Thread started: Thread Group - MM 1-65
2021-01-03 18:36:39,912 INFO o.a.j.t.JMeterThread: Thread started: Thread Group - MM 1-66
2021-01-03 18:36:39,920 INFO o.a.j.t.JMeterThread: Thread started: Thread Group - MM 1-67
2021-01-03 18:36:39,930 INFO o.a.j.t.JMeterThread: Thread started: Thread Group - MM 1-68
2021-01-03 18:36:39,941 INFO o.a.j.t.JMeterThread: Thread started: Thread Group - MM 1-69
2021-01-03 18:36:39,952 INFO o.a.j.t.JMeterThread: Thread started: Thread Group - MM 1-70
2021-01-03 18:36:39,960 INFO o.a.j.t.JMeterThread: Thread started: Thread Group - MM 1-71
2021-01-03 18:36:39,971 INFO o.a.j.t.JMeterThread: Thread started: Thread Group - MM 1-72
2021-01-03 18:36:39,981 INFO o.a.j.t.JMeterThread: Thread started: Thread Group - MM 1-73
2021-01-03 18:36:39,991 INFO o.a.j.t.JMeterThread: Thread started: Thread Group - MM 1-74
2021-01-03 18:36:40,001 INFO o.a.j.t.JMeterThread: Thread started: Thread Group - MM 1-75
2021-01-03 18:36:40,011 INFO o.a.j.t.JMeterThread: Thread started: Thread Group - MM 1-76
2021-01-03 18:36:40,020 INFO o.a.j.t.JMeterThread: Thread started: Thread Group - MM 1-77
2021-01-03 18:36:40,030 INFO o.a.j.t.JMeterThread: Thread started: Thread Group - MM 1-78
2021-01-03 18:36:40,043 INFO o.a.j.t.JMeterThread: Thread started: Thread Group - MM 1-79
2021-01-03 18:36:40,051 INFO o.a.j.t.JMeterThread: Thread started: Thread Group - MM 1-80
2021-01-03 18:36:40,060 INFO o.a.j.t.JMeterThread: Thread started: Thread Group - MM 1-81
2021-01-03 18:36:40,071 INFO o.a.j.t.JMeterThread: Thread started: Thread Group - MM 1-82
2021-01-03 18:36:40,082 INFO o.a.j.t.JMeterThread: Thread started: Thread Group - MM 1-83
2021-01-03 18:36:40,090 INFO o.a.j.t.JMeterThread: Thread started: Thread Group - MM 1-84
2021-01-03 18:36:40,100 INFO o.a.j.t.JMeterThread: Thread started: Thread Group - MM 1-85
2021-01-03 18:36:40,111 INFO o.a.j.t.JMeterThread: Thread started: Thread Group - MM 1-86
2021-01-03 18:36:40,122 INFO o.a.j.t.JMeterThread: Thread started: Thread Group - MM 1-87
2021-01-03 18:36:40,130 INFO o.a.j.t.JMeterThread: Thread started: Thread Group - MM 1-88
2021-01-03 18:36:40,141 INFO o.a.j.t.JMeterThread: Thread started: Thread Group - MM 1-89
2021-01-03 18:36:40,151 INFO o.a.j.t.JMeterThread: Thread started: Thread Group - MM 1-90
2021-01-03 18:36:40,161 INFO o.a.j.t.JMeterThread: Thread started: Thread Group - MM 1-91
2021-01-03 18:36:40,170 INFO o.a.j.t.JMeterThread: Thread started: Thread Group - MM 1-92
2021-01-03 18:36:40,181 INFO o.a.j.t.JMeterThread: Thread started: Thread Group - MM 1-93
2021-01-03 18:36:40,191 INFO o.a.j.t.JMeterThread: Thread started: Thread Group - MM 1-94
2021-01-03 18:36:40,201 INFO o.a.j.t.JMeterThread: Thread started: Thread Group - MM 1-95
2021-01-03 18:36:40,210 INFO o.a.j.t.JMeterThread: Thread started: Thread Group - MM 1-96
2021-01-03 18:36:40,221 INFO o.a.j.t.JMeterThread: Thread started: Thread Group - MM 1-97
2021-01-03 18:36:40,231 INFO o.a.j.t.JMeterThread: Thread started: Thread Group - MM 1-98
2021-01-03 18:36:40,240 INFO o.a.j.t.JMeterThread: Thread started: Thread Group - MM 1-99
2021-01-03 18:36:40,251 INFO o.a.j.t.JMeterThread: Thread started: Thread Group - MM 1-100
2021-01-03 18:37:00,003 INFO o.a.j.r.Summariser: summary +   5190 in 00:00:21 =  250.0/s Avg:    14 Min:     0 Max:   393 Err:    28 (0.54%) Active: 100 Started: 100 Finished: 0
2021-01-03 18:37:30,001 INFO o.a.j.r.Summariser: summary +   7496 in 00:00:30 =  249.9/s Avg:    10 Min:     0 Max:   129 Err:    47 (0.63%) Active: 100 Started: 100 Finished: 0
2021-01-03 18:37:30,001 INFO o.a.j.r.Summariser: summary =  12686 in 00:00:51 =  249.9/s Avg:    12 Min:     0 Max:   393 Err:    75 (0.59%)
2021-01-03 18:37:38,893 INFO o.a.j.t.JMeterThread: Thread finished: Thread Group - MM 1-8
2021-01-03 18:37:38,899 INFO o.a.j.t.JMeterThread: Thread finished: Thread Group - MM 1-49
2021-01-03 18:37:38,906 INFO o.a.j.t.JMeterThread: Thread finished: Thread Group - MM 1-34
2021-01-03 18:37:38,908 INFO o.a.j.t.JMeterThread: Thread finished: Thread Group - MM 1-14
2021-01-03 18:37:38,911 INFO o.a.j.t.JMeterThread: Thread finished: Thread Group - MM 1-21
2021-01-03 18:37:38,913 INFO o.a.j.t.JMeterThread: Thread finished: Thread Group - MM 1-24
2021-01-03 18:37:38,918 INFO o.a.j.t.JMeterThread: Thread finished: Thread Group - MM 1-2
2021-01-03 18:37:38,924 INFO o.a.j.t.JMeterThread: Thread finished: Thread Group - MM 1-26
2021-01-03 18:37:38,930 INFO o.a.j.t.JMeterThread: Thread finished: Thread Group - MM 1-7
2021-01-03 18:37:38,941 INFO o.a.j.t.JMeterThread: Thread finished: Thread Group - MM 1-44
2021-01-03 18:37:38,943 INFO o.a.j.t.JMeterThread: Thread finished: Thread Group - MM 1-62
2021-01-03 18:37:38,950 INFO o.a.j.t.JMeterThread: Thread finished: Thread Group - MM 1-27
2021-01-03 18:37:38,952 INFO o.a.j.t.JMeterThread: Thread finished: Thread Group - MM 1-37
2021-01-03 18:37:38,956 INFO o.a.j.t.JMeterThread: Thread finished: Thread Group - MM 1-45
2021-01-03 18:37:38,959 INFO o.a.j.t.JMeterThread: Thread finished: Thread Group - MM 1-60
2021-01-03 18:37:38,963 INFO o.a.j.t.JMeterThread: Thread finished: Thread Group - MM 1-20
2021-01-03 18:37:38,978 INFO o.a.j.t.JMeterThread: Thread finished: Thread Group - MM 1-64
2021-01-03 18:37:38,984 INFO o.a.j.t.JMeterThread: Thread finished: Thread Group - MM 1-36
2021-01-03 18:37:38,987 INFO o.a.j.t.JMeterThread: Thread finished: Thread Group - MM 1-94
2021-01-03 18:37:38,990 INFO o.a.j.t.JMeterThread: Thread finished: Thread Group - MM 1-66
2021-01-03 18:37:38,990 INFO o.a.j.t.JMeterThread: Thread finished: Thread Group - MM 1-65
2021-01-03 18:37:38,993 INFO o.a.j.t.JMeterThread: Thread finished: Thread Group - MM 1-9
2021-01-03 18:37:38,996 INFO o.a.j.t.JMeterThread: Thread finished: Thread Group - MM 1-46
2021-01-03 18:37:38,998 INFO o.a.j.t.JMeterThread: Thread finished: Thread Group - MM 1-11
2021-01-03 18:37:39,003 INFO o.a.j.t.JMeterThread: Thread finished: Thread Group - MM 1-47
2021-01-03 18:37:39,007 INFO o.a.j.t.JMeterThread: Thread finished: Thread Group - MM 1-67
2021-01-03 18:37:39,013 INFO o.a.j.t.JMeterThread: Thread finished: Thread Group - MM 1-18
2021-01-03 18:37:39,014 INFO o.a.j.t.JMeterThread: Thread finished: Thread Group - MM 1-68
2021-01-03 18:37:39,016 INFO o.a.j.t.JMeterThread: Thread finished: Thread Group - MM 1-28
2021-01-03 18:37:39,018 INFO o.a.j.t.JMeterThread: Thread finished: Thread Group - MM 1-35
2021-01-03 18:37:39,020 INFO o.a.j.t.JMeterThread: Thread finished: Thread Group - MM 1-69
2021-01-03 18:37:39,025 INFO o.a.j.t.JMeterThread: Thread finished: Thread Group - MM 1-29
2021-01-03 18:37:39,037 INFO o.a.j.t.JMeterThread: Thread finished: Thread Group - MM 1-19
2021-01-03 18:37:39,043 INFO o.a.j.t.JMeterThread: Thread finished: Thread Group - MM 1-99
2021-01-03 18:37:39,045 INFO o.a.j.t.JMeterThread: Thread finished: Thread Group - MM 1-48
2021-01-03 18:37:39,047 INFO o.a.j.t.JMeterThread: Thread finished: Thread Group - MM 1-70
2021-01-03 18:37:39,050 INFO o.a.j.t.JMeterThread: Thread finished: Thread Group - MM 1-31
2021-01-03 18:37:39,057 INFO o.a.j.t.JMeterThread: Thread finished: Thread Group - MM 1-71
2021-01-03 18:37:39,060 INFO o.a.j.t.JMeterThread: Thread finished: Thread Group - MM 1-1
2021-01-03 18:37:39,063 INFO o.a.j.t.JMeterThread: Thread finished: Thread Group - MM 1-30
2021-01-03 18:37:39,072 INFO o.a.j.t.JMeterThread: Thread finished: Thread Group - MM 1-5
2021-01-03 18:37:39,073 INFO o.a.j.t.JMeterThread: Thread finished: Thread Group - MM 1-16
2021-01-03 18:37:39,075 INFO o.a.j.t.JMeterThread: Thread finished: Thread Group - MM 1-72
2021-01-03 18:37:39,083 INFO o.a.j.t.JMeterThread: Thread finished: Thread Group - MM 1-51
2021-01-03 18:37:39,085 INFO o.a.j.t.JMeterThread: Thread finished: Thread Group - MM 1-73
2021-01-03 18:37:39,088 INFO o.a.j.t.JMeterThread: Thread finished: Thread Group - MM 1-50
2021-01-03 18:37:39,095 INFO o.a.j.t.JMeterThread: Thread finished: Thread Group - MM 1-74
2021-01-03 18:37:39,106 INFO o.a.j.t.JMeterThread: Thread finished: Thread Group - MM 1-10
2021-01-03 18:37:39,127 INFO o.a.j.t.JMeterThread: Thread finished: Thread Group - MM 1-4
2021-01-03 18:37:39,130 INFO o.a.j.t.JMeterThread: Thread finished: Thread Group - MM 1-76
2021-01-03 18:37:39,133 INFO o.a.j.t.JMeterThread: Thread finished: Thread Group - MM 1-52
2021-01-03 18:37:39,141 INFO o.a.j.t.JMeterThread: Thread finished: Thread Group - MM 1-32
2021-01-03 18:37:39,150 INFO o.a.j.t.JMeterThread: Thread finished: Thread Group - MM 1-38
2021-01-03 18:37:39,162 INFO o.a.j.t.JMeterThread: Thread finished: Thread Group - MM 1-77
2021-01-03 18:37:39,164 INFO o.a.j.t.JMeterThread: Thread finished: Thread Group - MM 1-55
2021-01-03 18:37:39,167 INFO o.a.j.t.JMeterThread: Thread finished: Thread Group - MM 1-53
2021-01-03 18:37:39,169 INFO o.a.j.t.JMeterThread: Thread finished: Thread Group - MM 1-54
2021-01-03 18:37:39,170 INFO o.a.j.t.JMeterThread: Thread finished: Thread Group - MM 1-39
2021-01-03 18:37:39,172 INFO o.a.j.t.JMeterThread: Thread finished: Thread Group - MM 1-56
2021-01-03 18:37:39,176 INFO o.a.j.t.JMeterThread: Thread finished: Thread Group - MM 1-79
2021-01-03 18:37:39,178 INFO o.a.j.t.JMeterThread: Thread finished: Thread Group - MM 1-78
2021-01-03 18:37:39,181 INFO o.a.j.t.JMeterThread: Thread finished: Thread Group - MM 1-75
2021-01-03 18:37:39,183 INFO o.a.j.t.JMeterThread: Thread finished: Thread Group - MM 1-57
2021-01-03 18:37:39,198 INFO o.a.j.t.JMeterThread: Thread finished: Thread Group - MM 1-80
2021-01-03 18:37:39,201 INFO o.a.j.t.JMeterThread: Thread finished: Thread Group - MM 1-17
2021-01-03 18:37:39,203 INFO o.a.j.t.JMeterThread: Thread finished: Thread Group - MM 1-3
2021-01-03 18:37:39,207 INFO o.a.j.t.JMeterThread: Thread finished: Thread Group - MM 1-41
2021-01-03 18:37:39,209 INFO o.a.j.t.JMeterThread: Thread finished: Thread Group - MM 1-33
2021-01-03 18:37:39,212 INFO o.a.j.t.JMeterThread: Thread finished: Thread Group - MM 1-82
2021-01-03 18:37:39,214 INFO o.a.j.t.JMeterThread: Thread finished: Thread Group - MM 1-81
2021-01-03 18:37:39,218 INFO o.a.j.t.JMeterThread: Thread finished: Thread Group - MM 1-23
2021-01-03 18:37:39,220 INFO o.a.j.t.JMeterThread: Thread finished: Thread Group - MM 1-22
2021-01-03 18:37:39,223 INFO o.a.j.t.JMeterThread: Thread finished: Thread Group - MM 1-58
2021-01-03 18:37:39,225 INFO o.a.j.t.JMeterThread: Thread finished: Thread Group - MM 1-83
2021-01-03 18:37:39,232 INFO o.a.j.t.JMeterThread: Thread finished: Thread Group - MM 1-13
2021-01-03 18:37:39,240 INFO o.a.j.t.JMeterThread: Thread finished: Thread Group - MM 1-6
2021-01-03 18:37:39,246 INFO o.a.j.t.JMeterThread: Thread finished: Thread Group - MM 1-40
2021-01-03 18:37:39,261 INFO o.a.j.t.JMeterThread: Thread finished: Thread Group - MM 1-84
2021-01-03 18:37:39,269 INFO o.a.j.t.JMeterThread: Thread finished: Thread Group - MM 1-15
2021-01-03 18:37:39,277 INFO o.a.j.t.JMeterThread: Thread finished: Thread Group - MM 1-86
2021-01-03 18:37:39,284 INFO o.a.j.t.JMeterThread: Stopping because end time detected by thread: Thread Group - MM 1-12
2021-01-03 18:37:39,284 INFO o.a.j.t.JMeterThread: Thread finished: Thread Group - MM 1-12
2021-01-03 18:37:39,291 INFO o.a.j.t.JMeterThread: Thread finished: Thread Group - MM 1-87
2021-01-03 18:37:39,293 INFO o.a.j.t.JMeterThread: Thread finished: Thread Group - MM 1-88
2021-01-03 18:37:39,295 INFO o.a.j.t.JMeterThread: Stopping because end time detected by thread: Thread Group - MM 1-63
2021-01-03 18:37:39,295 INFO o.a.j.t.JMeterThread: Thread finished: Thread Group - MM 1-63
2021-01-03 18:37:39,297 INFO o.a.j.t.JMeterThread: Thread finished: Thread Group - MM 1-97
2021-01-03 18:37:39,299 INFO o.a.j.t.JMeterThread: Thread finished: Thread Group - MM 1-93
2021-01-03 18:37:39,301 INFO o.a.j.t.JMeterThread: Stopping because end time detected by thread: Thread Group - MM 1-25
2021-01-03 18:37:39,301 INFO o.a.j.t.JMeterThread: Thread finished: Thread Group - MM 1-25
2021-01-03 18:37:39,303 INFO o.a.j.t.JMeterThread: Stopping because end time detected by thread: Thread Group - MM 1-42
2021-01-03 18:37:39,303 INFO o.a.j.t.JMeterThread: Thread finished: Thread Group - MM 1-42
2021-01-03 18:37:39,305 INFO o.a.j.t.JMeterThread: Stopping because end time detected by thread: Thread Group - MM 1-89
2021-01-03 18:37:39,305 INFO o.a.j.t.JMeterThread: Thread finished: Thread Group - MM 1-89
2021-01-03 18:37:39,307 INFO o.a.j.t.JMeterThread: Stopping because end time detected by thread: Thread Group - MM 1-61
2021-01-03 18:37:39,307 INFO o.a.j.t.JMeterThread: Thread finished: Thread Group - MM 1-61
2021-01-03 18:37:39,309 INFO o.a.j.t.JMeterThread: Stopping because end time detected by thread: Thread Group - MM 1-85
2021-01-03 18:37:39,310 INFO o.a.j.t.JMeterThread: Thread finished: Thread Group - MM 1-85
2021-01-03 18:37:39,312 INFO o.a.j.t.JMeterThread: Stopping because end time detected by thread: Thread Group - MM 1-91
2021-01-03 18:37:39,312 INFO o.a.j.t.JMeterThread: Thread finished: Thread Group - MM 1-91
2021-01-03 18:37:39,314 INFO o.a.j.t.JMeterThread: Stopping because end time detected by thread: Thread Group - MM 1-90
2021-01-03 18:37:39,314 INFO o.a.j.t.JMeterThread: Thread finished: Thread Group - MM 1-90
2021-01-03 18:37:39,315 INFO o.a.j.t.JMeterThread: Stopping because end time detected by thread: Thread Group - MM 1-59
2021-01-03 18:37:39,315 INFO o.a.j.t.JMeterThread: Thread finished: Thread Group - MM 1-59
2021-01-03 18:37:39,317 INFO o.a.j.t.JMeterThread: Stopping because end time detected by thread: Thread Group - MM 1-92
2021-01-03 18:37:39,317 INFO o.a.j.t.JMeterThread: Thread finished: Thread Group - MM 1-92
2021-01-03 18:37:39,320 INFO o.a.j.t.JMeterThread: Stopping because end time detected by thread: Thread Group - MM 1-100
2021-01-03 18:37:39,320 INFO o.a.j.t.JMeterThread: Thread finished: Thread Group - MM 1-100
2021-01-03 18:37:39,322 INFO o.a.j.t.JMeterThread: Stopping because end time detected by thread: Thread Group - MM 1-98
2021-01-03 18:37:39,322 INFO o.a.j.t.JMeterThread: Thread finished: Thread Group - MM 1-98
2021-01-03 18:37:39,325 INFO o.a.j.t.JMeterThread: Stopping because end time detected by thread: Thread Group - MM 1-95
2021-01-03 18:37:39,325 INFO o.a.j.t.JMeterThread: Thread finished: Thread Group - MM 1-95
2021-01-03 18:37:39,326 INFO o.a.j.t.JMeterThread: Stopping because end time detected by thread: Thread Group - MM 1-96
2021-01-03 18:37:39,327 INFO o.a.j.t.JMeterThread: Thread finished: Thread Group - MM 1-96
2021-01-03 18:37:39,329 INFO o.a.j.t.JMeterThread: Stopping because end time detected by thread: Thread Group - MM 1-43
2021-01-03 18:37:39,329 INFO o.a.j.t.JMeterThread: Thread finished: Thread Group - MM 1-43
2021-01-03 18:37:39,329 INFO o.a.j.e.StandardJMeterEngine: Notifying test listeners of end of test
2021-01-03 18:37:39,330 INFO o.a.j.r.Summariser: summary +   2339 in 00:00:09 =  250.7/s Avg:     9 Min:     1 Max:    87 Err:     0 (0.00%) Active: 0 Started: 100 Finished: 100
2021-01-03 18:37:39,331 INFO o.a.j.r.Summariser: summary =  15025 in 00:01:00 =  250.1/s Avg:    11 Min:     0 Max:   393 Err:    75 (0.50%)
