2021-01-03 18:38:00,064 INFO o.a.j.u.JMeterUtils: Setting Locale to en_EN
2021-01-03 18:38:00,087 INFO o.a.j.JMeter: Loading user properties from: user.properties
2021-01-03 18:38:00,088 INFO o.a.j.JMeter: Loading system properties from: system.properties
2021-01-03 18:38:00,090 INFO o.a.j.JMeter: Copyright (c) 1998-2020 The Apache Software Foundation
2021-01-03 18:38:00,090 INFO o.a.j.JMeter: Version 5.3
2021-01-03 18:38:00,090 INFO o.a.j.JMeter: java.version=11.0.8
2021-01-03 18:38:00,090 INFO o.a.j.JMeter: java.vm.name=Java HotSpot(TM) 64-Bit Server VM
2021-01-03 18:38:00,090 INFO o.a.j.JMeter: os.name=Windows 10
2021-01-03 18:38:00,091 INFO o.a.j.JMeter: os.arch=amd64
2021-01-03 18:38:00,091 INFO o.a.j.JMeter: os.version=10.0
2021-01-03 18:38:00,091 INFO o.a.j.JMeter: file.encoding=Cp1252
2021-01-03 18:38:00,091 INFO o.a.j.JMeter: java.awt.headless=true
2021-01-03 18:38:00,091 INFO o.a.j.JMeter: Max memory     =1073741824
2021-01-03 18:38:00,091 INFO o.a.j.JMeter: Available Processors =8
2021-01-03 18:38:00,101 INFO o.a.j.JMeter: Default Locale=English (EN)
2021-01-03 18:38:00,101 INFO o.a.j.JMeter: JMeter  Locale=English (EN)
2021-01-03 18:38:00,101 INFO o.a.j.JMeter: JMeterHome=C:\Users\fabio\Documents\Fabio\Università\Magistrale\2°anno\1°semestre\Impianti di Elaborazione\apache-jmeter-5.3
2021-01-03 18:38:00,101 INFO o.a.j.JMeter: user.dir  =C:\Users\fabio\Documents\Fabio\Università\Magistrale\2°anno\1°semestre\Impianti di Elaborazione\apache-jmeter-5.3\bin
2021-01-03 18:38:00,102 INFO o.a.j.JMeter: PWD       =C:\Users\fabio\Documents\Fabio\Università\Magistrale\2°anno\1°semestre\Impianti di Elaborazione\apache-jmeter-5.3\bin
2021-01-03 18:38:00,111 INFO o.a.j.JMeter: IP: 192.168.56.1 Name: LAPTOP-DSVV6SSR FullName: 192.168.56.1
2021-01-03 18:38:00,117 INFO o.a.j.s.FileServer: Default base='C:\Users\fabio\Documents\Fabio\Università\Magistrale\2°anno\1°semestre\Impianti di Elaborazione\apache-jmeter-5.3\bin'
2021-01-03 18:38:00,119 INFO o.a.j.s.FileServer: Set new base='C:\Users\fabio\Documents\Fabio\Università\Magistrale\2°anno\1°semestre\Impianti di Elaborazione\apache-jmeter-5.3\bin'
2021-01-03 18:38:00,243 INFO o.a.j.s.SaveService: Testplan (JMX) version: 2.2. Testlog (JTL) version: 2.2
2021-01-03 18:38:00,265 INFO o.a.j.s.SaveService: Using SaveService properties version 5.0
2021-01-03 18:38:00,269 INFO o.a.j.s.SaveService: Using SaveService properties file encoding UTF-8
2021-01-03 18:38:00,272 INFO o.a.j.s.SaveService: Loading file: DesignofExperiment.jmx
2021-01-03 18:38:00,332 INFO o.a.j.p.h.s.HTTPSamplerBase: Parser for text/html is org.apache.jmeter.protocol.http.parser.LagartoBasedHtmlParser
2021-01-03 18:38:00,332 INFO o.a.j.p.h.s.HTTPSamplerBase: Parser for application/xhtml+xml is org.apache.jmeter.protocol.http.parser.LagartoBasedHtmlParser
2021-01-03 18:38:00,332 INFO o.a.j.p.h.s.HTTPSamplerBase: Parser for application/xml is org.apache.jmeter.protocol.http.parser.LagartoBasedHtmlParser
2021-01-03 18:38:00,332 INFO o.a.j.p.h.s.HTTPSamplerBase: Parser for text/xml is org.apache.jmeter.protocol.http.parser.LagartoBasedHtmlParser
2021-01-03 18:38:00,333 INFO o.a.j.p.h.s.HTTPSamplerBase: Parser for text/vnd.wap.wml is org.apache.jmeter.protocol.http.parser.RegexpHTMLParser
2021-01-03 18:38:00,333 INFO o.a.j.p.h.s.HTTPSamplerBase: Parser for text/css is org.apache.jmeter.protocol.http.parser.CssParser
2021-01-03 18:38:00,359 INFO o.a.j.JMeter: Creating summariser <summary>
2021-01-03 18:38:00,364 INFO o.a.j.e.StandardJMeterEngine: Running the test!
2021-01-03 18:38:00,365 INFO o.a.j.s.SampleEvent: List of sample_variables: []
2021-01-03 18:38:00,365 INFO o.a.j.s.SampleEvent: List of sample_variables: []
2021-01-03 18:38:00,374 INFO o.a.j.e.u.CompoundVariable: Note: Function class names must contain the string: '.functions.'
2021-01-03 18:38:00,374 INFO o.a.j.e.u.CompoundVariable: Note: Function class names must not contain the string: '.gui.'
2021-01-03 18:38:00,667 INFO o.a.j.JMeter: Running test (1609695480667)
2021-01-03 18:38:00,682 INFO o.a.j.e.StandardJMeterEngine: Starting ThreadGroup: 1 : Thread Group - MM
2021-01-03 18:38:00,682 INFO o.a.j.e.StandardJMeterEngine: Starting 100 threads for group Thread Group - MM.
2021-01-03 18:38:00,682 INFO o.a.j.e.StandardJMeterEngine: Thread will continue on error
2021-01-03 18:38:00,683 INFO o.a.j.t.ThreadGroup: Starting thread group... number=1 threads=100 ramp-up=1 delayedStart=false
2021-01-03 18:38:00,693 INFO o.a.j.t.JMeterThread: Thread started: Thread Group - MM 1-1
2021-01-03 18:38:00,700 INFO o.a.j.t.JMeterThread: Thread started: Thread Group - MM 1-2
2021-01-03 18:38:00,709 INFO o.a.j.t.JMeterThread: Thread started: Thread Group - MM 1-3
2021-01-03 18:38:00,717 INFO o.a.j.t.JMeterThread: Thread started: Thread Group - MM 1-4
2021-01-03 18:38:00,726 INFO o.a.j.t.JMeterThread: Thread started: Thread Group - MM 1-5
2021-01-03 18:38:00,731 INFO o.a.j.p.h.s.HTTPHCAbstractImpl: Local host = LAPTOP-DSVV6SSR
2021-01-03 18:38:00,734 INFO o.a.j.t.ThreadGroup: Started thread group number 1
2021-01-03 18:38:00,734 INFO o.a.j.e.StandardJMeterEngine: All thread groups have been started
2021-01-03 18:38:00,738 INFO o.a.j.t.JMeterThread: Thread started: Thread Group - MM 1-6
2021-01-03 18:38:00,740 INFO o.a.j.p.h.s.HTTPHC4Impl: HTTP request retry count = 0
2021-01-03 18:38:00,742 INFO o.a.j.s.SampleResult: Note: Sample TimeStamps are START times
2021-01-03 18:38:00,742 INFO o.a.j.s.SampleResult: sampleresult.default.encoding is set to ISO-8859-1
2021-01-03 18:38:00,742 INFO o.a.j.s.SampleResult: sampleresult.useNanoTime=true
2021-01-03 18:38:00,742 INFO o.a.j.s.SampleResult: sampleresult.nanoThreadSleep=5000
2021-01-03 18:38:00,748 INFO o.a.j.t.JMeterThread: Thread started: Thread Group - MM 1-7
2021-01-03 18:38:00,757 INFO o.a.j.t.JMeterThread: Thread started: Thread Group - MM 1-8
2021-01-03 18:38:00,766 INFO o.a.j.t.JMeterThread: Thread started: Thread Group - MM 1-9
2021-01-03 18:38:00,774 INFO o.a.j.t.JMeterThread: Thread started: Thread Group - MM 1-10
2021-01-03 18:38:00,785 INFO o.a.j.t.JMeterThread: Thread started: Thread Group - MM 1-11
2021-01-03 18:38:00,795 INFO o.a.j.t.JMeterThread: Thread started: Thread Group - MM 1-12
2021-01-03 18:38:00,805 INFO o.a.j.t.JMeterThread: Thread started: Thread Group - MM 1-13
2021-01-03 18:38:00,814 INFO o.a.j.t.JMeterThread: Thread started: Thread Group - MM 1-14
2021-01-03 18:38:00,824 INFO o.a.j.t.JMeterThread: Thread started: Thread Group - MM 1-15
2021-01-03 18:38:00,835 INFO o.a.j.t.JMeterThread: Thread started: Thread Group - MM 1-16
2021-01-03 18:38:00,845 INFO o.a.j.t.JMeterThread: Thread started: Thread Group - MM 1-17
2021-01-03 18:38:00,854 INFO o.a.j.t.JMeterThread: Thread started: Thread Group - MM 1-18
2021-01-03 18:38:00,865 INFO o.a.j.t.JMeterThread: Thread started: Thread Group - MM 1-19
2021-01-03 18:38:00,875 INFO o.a.j.t.JMeterThread: Thread started: Thread Group - MM 1-20
2021-01-03 18:38:00,885 INFO o.a.j.t.JMeterThread: Thread started: Thread Group - MM 1-21
2021-01-03 18:38:00,889 INFO o.a.j.r.Summariser: summary +      1 in 00:00:00 =    4.5/s Avg:    57 Min:    57 Max:    57 Err:     0 (0.00%) Active: 21 Started: 21 Finished: 0
2021-01-03 18:38:00,894 INFO o.a.j.t.JMeterThread: Thread started: Thread Group - MM 1-22
2021-01-03 18:38:00,904 INFO o.a.j.t.JMeterThread: Thread started: Thread Group - MM 1-23
2021-01-03 18:38:00,918 INFO o.a.j.t.JMeterThread: Thread started: Thread Group - MM 1-24
2021-01-03 18:38:00,925 INFO o.a.j.t.JMeterThread: Thread started: Thread Group - MM 1-25
2021-01-03 18:38:00,935 INFO o.a.j.t.JMeterThread: Thread started: Thread Group - MM 1-26
2021-01-03 18:38:00,955 INFO o.a.j.t.JMeterThread: Thread started: Thread Group - MM 1-28
2021-01-03 18:38:00,955 INFO o.a.j.t.JMeterThread: Thread started: Thread Group - MM 1-27
2021-01-03 18:38:00,966 INFO o.a.j.t.JMeterThread: Thread started: Thread Group - MM 1-29
2021-01-03 18:38:00,975 INFO o.a.j.t.JMeterThread: Thread started: Thread Group - MM 1-30
2021-01-03 18:38:00,984 INFO o.a.j.t.JMeterThread: Thread started: Thread Group - MM 1-31
2021-01-03 18:38:00,993 INFO o.a.j.t.JMeterThread: Thread started: Thread Group - MM 1-32
2021-01-03 18:38:01,005 INFO o.a.j.t.JMeterThread: Thread started: Thread Group - MM 1-33
2021-01-03 18:38:01,014 INFO o.a.j.t.JMeterThread: Thread started: Thread Group - MM 1-34
2021-01-03 18:38:01,023 INFO o.a.j.t.JMeterThread: Thread started: Thread Group - MM 1-35
2021-01-03 18:38:01,034 INFO o.a.j.t.JMeterThread: Thread started: Thread Group - MM 1-36
2021-01-03 18:38:01,045 INFO o.a.j.t.JMeterThread: Thread started: Thread Group - MM 1-37
2021-01-03 18:38:01,053 INFO o.a.j.t.JMeterThread: Thread started: Thread Group - MM 1-38
2021-01-03 18:38:01,064 INFO o.a.j.t.JMeterThread: Thread started: Thread Group - MM 1-39
2021-01-03 18:38:01,074 INFO o.a.j.t.JMeterThread: Thread started: Thread Group - MM 1-40
2021-01-03 18:38:01,084 INFO o.a.j.t.JMeterThread: Thread started: Thread Group - MM 1-41
2021-01-03 18:38:01,093 INFO o.a.j.t.JMeterThread: Thread started: Thread Group - MM 1-42
2021-01-03 18:38:01,104 INFO o.a.j.t.JMeterThread: Thread started: Thread Group - MM 1-43
2021-01-03 18:38:01,115 INFO o.a.j.t.JMeterThread: Thread started: Thread Group - MM 1-44
2021-01-03 18:38:01,126 INFO o.a.j.t.JMeterThread: Thread started: Thread Group - MM 1-45
2021-01-03 18:38:01,134 INFO o.a.j.t.JMeterThread: Thread started: Thread Group - MM 1-46
2021-01-03 18:38:01,144 INFO o.a.j.t.JMeterThread: Thread started: Thread Group - MM 1-47
2021-01-03 18:38:01,154 INFO o.a.j.t.JMeterThread: Thread started: Thread Group - MM 1-48
2021-01-03 18:38:01,163 INFO o.a.j.t.JMeterThread: Thread started: Thread Group - MM 1-49
2021-01-03 18:38:01,173 INFO o.a.j.t.JMeterThread: Thread started: Thread Group - MM 1-50
2021-01-03 18:38:01,184 INFO o.a.j.t.JMeterThread: Thread started: Thread Group - MM 1-51
2021-01-03 18:38:01,193 INFO o.a.j.t.JMeterThread: Thread started: Thread Group - MM 1-52
2021-01-03 18:38:01,204 INFO o.a.j.t.JMeterThread: Thread started: Thread Group - MM 1-53
2021-01-03 18:38:01,214 INFO o.a.j.t.JMeterThread: Thread started: Thread Group - MM 1-54
2021-01-03 18:38:01,223 INFO o.a.j.t.JMeterThread: Thread started: Thread Group - MM 1-55
2021-01-03 18:38:01,233 INFO o.a.j.t.JMeterThread: Thread started: Thread Group - MM 1-56
2021-01-03 18:38:01,244 INFO o.a.j.t.JMeterThread: Thread started: Thread Group - MM 1-57
2021-01-03 18:38:01,255 INFO o.a.j.t.JMeterThread: Thread started: Thread Group - MM 1-58
2021-01-03 18:38:01,264 INFO o.a.j.t.JMeterThread: Thread started: Thread Group - MM 1-59
2021-01-03 18:38:01,274 INFO o.a.j.t.JMeterThread: Thread started: Thread Group - MM 1-60
2021-01-03 18:38:01,284 INFO o.a.j.t.JMeterThread: Thread started: Thread Group - MM 1-61
2021-01-03 18:38:01,294 INFO o.a.j.t.JMeterThread: Thread started: Thread Group - MM 1-62
2021-01-03 18:38:01,304 INFO o.a.j.t.JMeterThread: Thread started: Thread Group - MM 1-63
2021-01-03 18:38:01,315 INFO o.a.j.t.JMeterThread: Thread started: Thread Group - MM 1-64
2021-01-03 18:38:01,324 INFO o.a.j.t.JMeterThread: Thread started: Thread Group - MM 1-65
2021-01-03 18:38:01,335 INFO o.a.j.t.JMeterThread: Thread started: Thread Group - MM 1-66
2021-01-03 18:38:01,345 INFO o.a.j.t.JMeterThread: Thread started: Thread Group - MM 1-67
2021-01-03 18:38:01,353 INFO o.a.j.t.JMeterThread: Thread started: Thread Group - MM 1-68
2021-01-03 18:38:01,364 INFO o.a.j.t.JMeterThread: Thread started: Thread Group - MM 1-69
2021-01-03 18:38:01,374 INFO o.a.j.t.JMeterThread: Thread started: Thread Group - MM 1-70
2021-01-03 18:38:01,383 INFO o.a.j.t.JMeterThread: Thread started: Thread Group - MM 1-71
2021-01-03 18:38:01,394 INFO o.a.j.t.JMeterThread: Thread started: Thread Group - MM 1-72
2021-01-03 18:38:01,404 INFO o.a.j.t.JMeterThread: Thread started: Thread Group - MM 1-73
2021-01-03 18:38:01,414 INFO o.a.j.t.JMeterThread: Thread started: Thread Group - MM 1-74
2021-01-03 18:38:01,423 INFO o.a.j.t.JMeterThread: Thread started: Thread Group - MM 1-75
2021-01-03 18:38:01,435 INFO o.a.j.t.JMeterThread: Thread started: Thread Group - MM 1-76
2021-01-03 18:38:01,445 INFO o.a.j.t.JMeterThread: Thread started: Thread Group - MM 1-77
2021-01-03 18:38:01,455 INFO o.a.j.t.JMeterThread: Thread started: Thread Group - MM 1-78
2021-01-03 18:38:01,465 INFO o.a.j.t.JMeterThread: Thread started: Thread Group - MM 1-79
2021-01-03 18:38:01,474 INFO o.a.j.t.JMeterThread: Thread started: Thread Group - MM 1-80
2021-01-03 18:38:01,484 INFO o.a.j.t.JMeterThread: Thread started: Thread Group - MM 1-81
2021-01-03 18:38:01,496 INFO o.a.j.t.JMeterThread: Thread started: Thread Group - MM 1-82
2021-01-03 18:38:01,506 INFO o.a.j.t.JMeterThread: Thread started: Thread Group - MM 1-83
2021-01-03 18:38:01,518 INFO o.a.j.t.JMeterThread: Thread started: Thread Group - MM 1-84
2021-01-03 18:38:01,525 INFO o.a.j.t.JMeterThread: Thread started: Thread Group - MM 1-85
2021-01-03 18:38:01,535 INFO o.a.j.t.JMeterThread: Thread started: Thread Group - MM 1-86
2021-01-03 18:38:01,545 INFO o.a.j.t.JMeterThread: Thread started: Thread Group - MM 1-87
2021-01-03 18:38:01,555 INFO o.a.j.t.JMeterThread: Thread started: Thread Group - MM 1-88
2021-01-03 18:38:01,564 INFO o.a.j.t.JMeterThread: Thread started: Thread Group - MM 1-89
2021-01-03 18:38:01,575 INFO o.a.j.t.JMeterThread: Thread started: Thread Group - MM 1-90
2021-01-03 18:38:01,584 INFO o.a.j.t.JMeterThread: Thread started: Thread Group - MM 1-91
2021-01-03 18:38:01,595 INFO o.a.j.t.JMeterThread: Thread started: Thread Group - MM 1-92
2021-01-03 18:38:01,604 INFO o.a.j.t.JMeterThread: Thread started: Thread Group - MM 1-93
2021-01-03 18:38:01,615 INFO o.a.j.t.JMeterThread: Thread started: Thread Group - MM 1-94
2021-01-03 18:38:01,624 INFO o.a.j.t.JMeterThread: Thread started: Thread Group - MM 1-95
2021-01-03 18:38:01,635 INFO o.a.j.t.JMeterThread: Thread started: Thread Group - MM 1-96
2021-01-03 18:38:01,645 INFO o.a.j.t.JMeterThread: Thread started: Thread Group - MM 1-97
2021-01-03 18:38:01,655 INFO o.a.j.t.JMeterThread: Thread started: Thread Group - MM 1-98
2021-01-03 18:38:01,664 INFO o.a.j.t.JMeterThread: Thread started: Thread Group - MM 1-99
2021-01-03 18:38:01,675 INFO o.a.j.t.JMeterThread: Thread started: Thread Group - MM 1-100
2021-01-03 18:38:30,002 INFO o.a.j.r.Summariser: summary +   7321 in 00:00:29 =  251.5/s Avg:    12 Min:     0 Max:   524 Err:    59 (0.81%) Active: 100 Started: 100 Finished: 0
2021-01-03 18:39:00,005 INFO o.a.j.r.Summariser: summary +   7428 in 00:00:30 =  247.6/s Avg:     8 Min:     1 Max:   145 Err:     0 (0.00%) Active: 100 Started: 100 Finished: 0
2021-01-03 18:39:00,291 INFO o.a.j.t.JMeterThread: Thread finished: Thread Group - MM 1-3
2021-01-03 18:39:00,349 INFO o.a.j.t.JMeterThread: Thread finished: Thread Group - MM 1-86
2021-01-03 18:39:00,353 INFO o.a.j.t.JMeterThread: Thread finished: Thread Group - MM 1-87
2021-01-03 18:39:00,359 INFO o.a.j.t.JMeterThread: Thread finished: Thread Group - MM 1-58
2021-01-03 18:39:00,360 INFO o.a.j.t.JMeterThread: Thread finished: Thread Group - MM 1-59
2021-01-03 18:39:00,373 INFO o.a.j.t.JMeterThread: Thread finished: Thread Group - MM 1-40
2021-01-03 18:39:00,376 INFO o.a.j.t.JMeterThread: Thread finished: Thread Group - MM 1-6
2021-01-03 18:39:00,380 INFO o.a.j.t.JMeterThread: Thread finished: Thread Group - MM 1-21
2021-01-03 18:39:00,380 INFO o.a.j.t.JMeterThread: Thread finished: Thread Group - MM 1-17
2021-01-03 18:39:00,397 INFO o.a.j.t.JMeterThread: Thread finished: Thread Group - MM 1-60
2021-01-03 18:39:00,413 INFO o.a.j.t.JMeterThread: Thread finished: Thread Group - MM 1-14
2021-01-03 18:39:00,416 INFO o.a.j.t.JMeterThread: Thread finished: Thread Group - MM 1-25
2021-01-03 18:39:00,417 INFO o.a.j.t.JMeterThread: Thread finished: Thread Group - MM 1-42
2021-01-03 18:39:00,421 INFO o.a.j.t.JMeterThread: Thread finished: Thread Group - MM 1-61
2021-01-03 18:39:00,425 INFO o.a.j.t.JMeterThread: Thread finished: Thread Group - MM 1-62
2021-01-03 18:39:00,427 INFO o.a.j.t.JMeterThread: Thread finished: Thread Group - MM 1-92
2021-01-03 18:39:00,429 INFO o.a.j.t.JMeterThread: Thread finished: Thread Group - MM 1-93
2021-01-03 18:39:00,432 INFO o.a.j.t.JMeterThread: Thread finished: Thread Group - MM 1-64
2021-01-03 18:39:00,433 INFO o.a.j.t.JMeterThread: Thread finished: Thread Group - MM 1-94
2021-01-03 18:39:00,436 INFO o.a.j.t.JMeterThread: Thread finished: Thread Group - MM 1-95
2021-01-03 18:39:00,439 INFO o.a.j.t.JMeterThread: Thread finished: Thread Group - MM 1-65
2021-01-03 18:39:00,441 INFO o.a.j.t.JMeterThread: Thread finished: Thread Group - MM 1-96
2021-01-03 18:39:00,443 INFO o.a.j.t.JMeterThread: Thread finished: Thread Group - MM 1-66
2021-01-03 18:39:00,447 INFO o.a.j.t.JMeterThread: Thread finished: Thread Group - MM 1-43
2021-01-03 18:39:00,448 INFO o.a.j.t.JMeterThread: Thread finished: Thread Group - MM 1-97
2021-01-03 18:39:00,457 INFO o.a.j.t.JMeterThread: Thread finished: Thread Group - MM 1-27
2021-01-03 18:39:00,461 INFO o.a.j.t.JMeterThread: Thread finished: Thread Group - MM 1-67
2021-01-03 18:39:00,462 INFO o.a.j.t.JMeterThread: Thread finished: Thread Group - MM 1-98
2021-01-03 18:39:00,464 INFO o.a.j.t.JMeterThread: Thread finished: Thread Group - MM 1-28
2021-01-03 18:39:00,472 INFO o.a.j.t.JMeterThread: Thread finished: Thread Group - MM 1-99
2021-01-03 18:39:00,473 INFO o.a.j.t.JMeterThread: Thread finished: Thread Group - MM 1-16
2021-01-03 18:39:00,477 INFO o.a.j.t.JMeterThread: Thread finished: Thread Group - MM 1-29
2021-01-03 18:39:00,479 INFO o.a.j.t.JMeterThread: Thread finished: Thread Group - MM 1-100
2021-01-03 18:39:00,481 INFO o.a.j.t.JMeterThread: Thread finished: Thread Group - MM 1-1
2021-01-03 18:39:00,484 INFO o.a.j.t.JMeterThread: Thread finished: Thread Group - MM 1-69
2021-01-03 18:39:00,486 INFO o.a.j.t.JMeterThread: Thread finished: Thread Group - MM 1-45
2021-01-03 18:39:00,490 INFO o.a.j.t.JMeterThread: Thread finished: Thread Group - MM 1-30
2021-01-03 18:39:00,504 INFO o.a.j.t.JMeterThread: Thread finished: Thread Group - MM 1-44
2021-01-03 18:39:00,507 INFO o.a.j.t.JMeterThread: Thread finished: Thread Group - MM 1-70
2021-01-03 18:39:00,509 INFO o.a.j.t.JMeterThread: Thread finished: Thread Group - MM 1-31
2021-01-03 18:39:00,511 INFO o.a.j.t.JMeterThread: Thread finished: Thread Group - MM 1-71
2021-01-03 18:39:00,514 INFO o.a.j.t.JMeterThread: Thread finished: Thread Group - MM 1-46
2021-01-03 18:39:00,516 INFO o.a.j.t.JMeterThread: Thread finished: Thread Group - MM 1-9
2021-01-03 18:39:00,518 INFO o.a.j.t.JMeterThread: Thread finished: Thread Group - MM 1-32
2021-01-03 18:39:00,524 INFO o.a.j.t.JMeterThread: Thread finished: Thread Group - MM 1-5
2021-01-03 18:39:00,526 INFO o.a.j.t.JMeterThread: Thread finished: Thread Group - MM 1-48
2021-01-03 18:39:00,537 INFO o.a.j.t.JMeterThread: Thread finished: Thread Group - MM 1-49
2021-01-03 18:39:00,541 INFO o.a.j.t.JMeterThread: Thread finished: Thread Group - MM 1-72
2021-01-03 18:39:00,552 INFO o.a.j.t.JMeterThread: Thread finished: Thread Group - MM 1-33
2021-01-03 18:39:00,556 INFO o.a.j.t.JMeterThread: Thread finished: Thread Group - MM 1-50
2021-01-03 18:39:00,558 INFO o.a.j.t.JMeterThread: Thread finished: Thread Group - MM 1-74
2021-01-03 18:39:00,569 INFO o.a.j.t.JMeterThread: Thread finished: Thread Group - MM 1-75
2021-01-03 18:39:00,571 INFO o.a.j.t.JMeterThread: Thread finished: Thread Group - MM 1-23
2021-01-03 18:39:00,574 INFO o.a.j.t.JMeterThread: Thread finished: Thread Group - MM 1-10
2021-01-03 18:39:00,574 INFO o.a.j.t.JMeterThread: Thread finished: Thread Group - MM 1-73
2021-01-03 18:39:00,576 INFO o.a.j.t.JMeterThread: Thread finished: Thread Group - MM 1-15
2021-01-03 18:39:00,583 INFO o.a.j.t.JMeterThread: Thread finished: Thread Group - MM 1-12
2021-01-03 18:39:00,586 INFO o.a.j.t.JMeterThread: Thread finished: Thread Group - MM 1-76
2021-01-03 18:39:00,591 INFO o.a.j.t.JMeterThread: Thread finished: Thread Group - MM 1-34
2021-01-03 18:39:00,592 INFO o.a.j.t.JMeterThread: Thread finished: Thread Group - MM 1-47
2021-01-03 18:39:00,595 INFO o.a.j.t.JMeterThread: Thread finished: Thread Group - MM 1-51
2021-01-03 18:39:00,598 INFO o.a.j.t.JMeterThread: Thread finished: Thread Group - MM 1-7
2021-01-03 18:39:00,601 INFO o.a.j.t.JMeterThread: Thread finished: Thread Group - MM 1-24
2021-01-03 18:39:00,618 INFO o.a.j.t.JMeterThread: Thread finished: Thread Group - MM 1-52
2021-01-03 18:39:00,625 INFO o.a.j.t.JMeterThread: Thread finished: Thread Group - MM 1-2
2021-01-03 18:39:00,626 INFO o.a.j.t.JMeterThread: Thread finished: Thread Group - MM 1-35
2021-01-03 18:39:00,629 INFO o.a.j.t.JMeterThread: Thread finished: Thread Group - MM 1-4
2021-01-03 18:39:00,630 INFO o.a.j.t.JMeterThread: Thread finished: Thread Group - MM 1-78
2021-01-03 18:39:00,632 INFO o.a.j.t.JMeterThread: Thread finished: Thread Group - MM 1-77
2021-01-03 18:39:00,637 INFO o.a.j.t.JMeterThread: Thread finished: Thread Group - MM 1-79
2021-01-03 18:39:00,639 INFO o.a.j.t.JMeterThread: Thread finished: Thread Group - MM 1-53
2021-01-03 18:39:00,645 INFO o.a.j.t.JMeterThread: Thread finished: Thread Group - MM 1-80
2021-01-03 18:39:00,653 INFO o.a.j.t.JMeterThread: Thread finished: Thread Group - MM 1-18
2021-01-03 18:39:00,661 INFO o.a.j.t.JMeterThread: Thread finished: Thread Group - MM 1-36
2021-01-03 18:39:00,663 INFO o.a.j.t.JMeterThread: Thread finished: Thread Group - MM 1-13
2021-01-03 18:39:00,665 INFO o.a.j.t.JMeterThread: Thread finished: Thread Group - MM 1-54
2021-01-03 18:39:00,667 INFO o.a.j.t.JMeterThread: Thread finished: Thread Group - MM 1-8
2021-01-03 18:39:00,671 INFO o.a.j.t.JMeterThread: Thread finished: Thread Group - MM 1-19
2021-01-03 18:39:00,680 INFO o.a.j.t.JMeterThread: Thread finished: Thread Group - MM 1-37
2021-01-03 18:39:00,682 INFO o.a.j.t.JMeterThread: Thread finished: Thread Group - MM 1-81
2021-01-03 18:39:00,683 INFO o.a.j.t.JMeterThread: Thread finished: Thread Group - MM 1-55
2021-01-03 18:39:00,685 INFO o.a.j.t.JMeterThread: Thread finished: Thread Group - MM 1-20
2021-01-03 18:39:00,694 INFO o.a.j.t.JMeterThread: Thread finished: Thread Group - MM 1-11
2021-01-03 18:39:00,696 INFO o.a.j.t.JMeterThread: Thread finished: Thread Group - MM 1-22
2021-01-03 18:39:00,698 INFO o.a.j.t.JMeterThread: Thread finished: Thread Group - MM 1-82
2021-01-03 18:39:00,711 INFO o.a.j.t.JMeterThread: Thread finished: Thread Group - MM 1-38
2021-01-03 18:39:00,721 INFO o.a.j.t.JMeterThread: Stopping because end time detected by thread: Thread Group - MM 1-56
2021-01-03 18:39:00,721 INFO o.a.j.t.JMeterThread: Thread finished: Thread Group - MM 1-56
2021-01-03 18:39:00,722 INFO o.a.j.t.JMeterThread: Thread finished: Thread Group - MM 1-85
2021-01-03 18:39:00,724 INFO o.a.j.t.JMeterThread: Thread finished: Thread Group - MM 1-84
2021-01-03 18:39:00,726 INFO o.a.j.t.JMeterThread: Thread finished: Thread Group - MM 1-88
2021-01-03 18:39:00,726 INFO o.a.j.t.JMeterThread: Stopping because end time detected by thread: Thread Group - MM 1-41
2021-01-03 18:39:00,726 INFO o.a.j.t.JMeterThread: Thread finished: Thread Group - MM 1-41
2021-01-03 18:39:00,728 INFO o.a.j.t.JMeterThread: Stopping because end time detected by thread: Thread Group - MM 1-39
2021-01-03 18:39:00,728 INFO o.a.j.t.JMeterThread: Thread finished: Thread Group - MM 1-39
2021-01-03 18:39:00,730 INFO o.a.j.t.JMeterThread: Stopping because end time detected by thread: Thread Group - MM 1-83
2021-01-03 18:39:00,730 INFO o.a.j.t.JMeterThread: Thread finished: Thread Group - MM 1-83
2021-01-03 18:39:00,732 INFO o.a.j.t.JMeterThread: Stopping because end time detected by thread: Thread Group - MM 1-68
2021-01-03 18:39:00,732 INFO o.a.j.t.JMeterThread: Thread finished: Thread Group - MM 1-68
2021-01-03 18:39:00,733 INFO o.a.j.t.JMeterThread: Stopping because end time detected by thread: Thread Group - MM 1-57
2021-01-03 18:39:00,734 INFO o.a.j.t.JMeterThread: Thread finished: Thread Group - MM 1-57
2021-01-03 18:39:00,736 INFO o.a.j.t.JMeterThread: Stopping because end time detected by thread: Thread Group - MM 1-89
2021-01-03 18:39:00,736 INFO o.a.j.t.JMeterThread: Thread finished: Thread Group - MM 1-89
2021-01-03 18:39:00,738 INFO o.a.j.t.JMeterThread: Stopping because end time detected by thread: Thread Group - MM 1-90
2021-01-03 18:39:00,739 INFO o.a.j.t.JMeterThread: Thread finished: Thread Group - MM 1-90
2021-01-03 18:39:00,740 INFO o.a.j.t.JMeterThread: Stopping because end time detected by thread: Thread Group - MM 1-91
2021-01-03 18:39:00,740 INFO o.a.j.t.JMeterThread: Thread finished: Thread Group - MM 1-91
2021-01-03 18:39:03,136 INFO o.a.j.r.Summariser: summary =   7322 in 00:00:29 =  249.6/s Avg:    12 Min:     0 Max:   524 Err:    59 (0.81%)
2021-01-03 18:39:03,137 INFO o.a.j.r.Summariser: summary =  14750 in 00:00:59 =  248.6/s Avg:    10 Min:     0 Max:   524 Err:    59 (0.40%)
2021-01-03 18:39:03,137 INFO o.a.j.t.JMeterThread: Stopping because end time detected by thread: Thread Group - MM 1-26
2021-01-03 18:39:03,137 INFO o.a.j.t.JMeterThread: Thread finished: Thread Group - MM 1-26
2021-01-03 18:39:03,137 INFO o.a.j.t.JMeterThread: Stopping because end time detected by thread: Thread Group - MM 1-63
2021-01-03 18:39:03,137 INFO o.a.j.t.JMeterThread: Thread finished: Thread Group - MM 1-63
2021-01-03 18:39:03,137 INFO o.a.j.e.StandardJMeterEngine: Notifying test listeners of end of test
2021-01-03 18:39:03,138 INFO o.a.j.r.Summariser: summary +    181 in 00:00:03 =   57.8/s Avg:    12 Min:     1 Max:    86 Err:     0 (0.00%) Active: 0 Started: 100 Finished: 100
2021-01-03 18:39:03,139 INFO o.a.j.r.Summariser: summary =  14931 in 00:01:02 =  239.0/s Avg:    10 Min:     0 Max:   524 Err:    59 (0.40%)
