2021-01-14 12:13:35,878 INFO o.a.j.u.JMeterUtils: Setting Locale to en_EN
2021-01-14 12:13:35,896 INFO o.a.j.JMeter: Loading user properties from: user.properties
2021-01-14 12:13:35,897 INFO o.a.j.JMeter: Loading system properties from: system.properties
2021-01-14 12:13:35,898 INFO o.a.j.JMeter: Copyright (c) 1998-2020 The Apache Software Foundation
2021-01-14 12:13:35,898 INFO o.a.j.JMeter: Version 5.3
2021-01-14 12:13:35,898 INFO o.a.j.JMeter: java.version=11.0.8
2021-01-14 12:13:35,898 INFO o.a.j.JMeter: java.vm.name=Java HotSpot(TM) 64-Bit Server VM
2021-01-14 12:13:35,912 INFO o.a.j.JMeter: os.name=Windows 10
2021-01-14 12:13:35,913 INFO o.a.j.JMeter: os.arch=amd64
2021-01-14 12:13:35,913 INFO o.a.j.JMeter: os.version=10.0
2021-01-14 12:13:35,913 INFO o.a.j.JMeter: file.encoding=Cp1252
2021-01-14 12:13:35,913 INFO o.a.j.JMeter: java.awt.headless=true
2021-01-14 12:13:35,913 INFO o.a.j.JMeter: Max memory     =1073741824
2021-01-14 12:13:35,913 INFO o.a.j.JMeter: Available Processors =8
2021-01-14 12:13:35,922 INFO o.a.j.JMeter: Default Locale=English (EN)
2021-01-14 12:13:35,922 INFO o.a.j.JMeter: JMeter  Locale=English (EN)
2021-01-14 12:13:35,922 INFO o.a.j.JMeter: JMeterHome=C:\Users\fabio\Documents\Fabio\Università\Magistrale\2°anno\1°semestre\Impianti di Elaborazione\apache-jmeter-5.3
2021-01-14 12:13:35,922 INFO o.a.j.JMeter: user.dir  =C:\Users\fabio\Documents\Fabio\Università\Magistrale\2°anno\1°semestre\Impianti di Elaborazione\apache-jmeter-5.3\bin
2021-01-14 12:13:35,923 INFO o.a.j.JMeter: PWD       =C:\Users\fabio\Documents\Fabio\Università\Magistrale\2°anno\1°semestre\Impianti di Elaborazione\apache-jmeter-5.3\bin
2021-01-14 12:13:35,924 INFO o.a.j.JMeter: IP: 192.168.56.1 Name: LAPTOP-DSVV6SSR FullName: LAPTOP-DSVV6SSR
2021-01-14 12:13:35,929 INFO o.a.j.s.FileServer: Default base='C:\Users\fabio\Documents\Fabio\Università\Magistrale\2°anno\1°semestre\Impianti di Elaborazione\apache-jmeter-5.3\bin'
2021-01-14 12:13:35,931 INFO o.a.j.s.FileServer: Set new base='C:\Users\fabio\Documents\Fabio\Università\Magistrale\2°anno\1°semestre\Impianti di Elaborazione\apache-jmeter-5.3\bin'
2021-01-14 12:13:36,057 INFO o.a.j.s.SaveService: Testplan (JMX) version: 2.2. Testlog (JTL) version: 2.2
2021-01-14 12:13:36,077 INFO o.a.j.s.SaveService: Using SaveService properties version 5.0
2021-01-14 12:13:36,081 INFO o.a.j.s.SaveService: Using SaveService properties file encoding UTF-8
2021-01-14 12:13:36,084 INFO o.a.j.s.SaveService: Loading file: WorkloadCharacterization.jmx
2021-01-14 12:13:36,151 INFO o.a.j.p.h.s.HTTPSamplerBase: Parser for text/html is org.apache.jmeter.protocol.http.parser.LagartoBasedHtmlParser
2021-01-14 12:13:36,151 INFO o.a.j.p.h.s.HTTPSamplerBase: Parser for application/xhtml+xml is org.apache.jmeter.protocol.http.parser.LagartoBasedHtmlParser
2021-01-14 12:13:36,152 INFO o.a.j.p.h.s.HTTPSamplerBase: Parser for application/xml is org.apache.jmeter.protocol.http.parser.LagartoBasedHtmlParser
2021-01-14 12:13:36,152 INFO o.a.j.p.h.s.HTTPSamplerBase: Parser for text/xml is org.apache.jmeter.protocol.http.parser.LagartoBasedHtmlParser
2021-01-14 12:13:36,152 INFO o.a.j.p.h.s.HTTPSamplerBase: Parser for text/vnd.wap.wml is org.apache.jmeter.protocol.http.parser.RegexpHTMLParser
2021-01-14 12:13:36,152 INFO o.a.j.p.h.s.HTTPSamplerBase: Parser for text/css is org.apache.jmeter.protocol.http.parser.CssParser
2021-01-14 12:13:36,197 INFO o.a.j.JMeter: Creating summariser <summary>
2021-01-14 12:13:36,204 INFO o.a.j.e.StandardJMeterEngine: Running the test!
2021-01-14 12:13:36,205 INFO o.a.j.s.SampleEvent: List of sample_variables: []
2021-01-14 12:13:36,205 INFO o.a.j.s.SampleEvent: List of sample_variables: []
2021-01-14 12:13:36,217 INFO o.a.j.e.u.CompoundVariable: Note: Function class names must contain the string: '.functions.'
2021-01-14 12:13:36,217 INFO o.a.j.e.u.CompoundVariable: Note: Function class names must not contain the string: '.gui.'
2021-01-14 12:13:36,528 INFO o.a.j.JMeter: Running test (1610622816528)
2021-01-14 12:13:36,543 INFO o.a.j.e.StandardJMeterEngine: Starting ThreadGroup: 1 : Thread Group - Slow High
2021-01-14 12:13:36,543 INFO o.a.j.e.StandardJMeterEngine: Starting 20 threads for group Thread Group - Slow High.
2021-01-14 12:13:36,544 INFO o.a.j.e.StandardJMeterEngine: Thread will continue on error
2021-01-14 12:13:36,544 INFO o.a.j.t.ThreadGroup: Starting thread group... number=1 threads=20 ramp-up=10 delayedStart=false
2021-01-14 12:13:36,557 INFO o.a.j.t.JMeterThread: Thread started: Thread Group - Slow High 1-1
2021-01-14 12:13:36,571 INFO o.a.j.t.ThreadGroup: Started thread group number 1
2021-01-14 12:13:36,572 INFO o.a.j.e.StandardJMeterEngine: Starting ThreadGroup: 2 : Thread Group - Slow Low
2021-01-14 12:13:36,572 INFO o.a.j.e.StandardJMeterEngine: Starting 10 threads for group Thread Group - Slow Low.
2021-01-14 12:13:36,572 INFO o.a.j.e.StandardJMeterEngine: Thread will continue on error
2021-01-14 12:13:36,572 INFO o.a.j.t.ThreadGroup: Starting thread group... number=2 threads=10 ramp-up=5 delayedStart=false
2021-01-14 12:13:36,574 INFO o.a.j.t.JMeterThread: Thread started: Thread Group - Slow Low 2-1
2021-01-14 12:13:36,581 INFO o.a.j.t.ThreadGroup: Started thread group number 2
2021-01-14 12:13:36,581 INFO o.a.j.e.StandardJMeterEngine: Starting ThreadGroup: 3 : Thread Group - Fast High
2021-01-14 12:13:36,581 INFO o.a.j.e.StandardJMeterEngine: Starting 20 threads for group Thread Group - Fast High.
2021-01-14 12:13:36,581 INFO o.a.j.e.StandardJMeterEngine: Thread will continue on error
2021-01-14 12:13:36,582 INFO o.a.j.t.ThreadGroup: Starting thread group... number=3 threads=20 ramp-up=10 delayedStart=false
2021-01-14 12:13:36,583 INFO o.a.j.t.JMeterThread: Thread started: Thread Group - Fast High 3-1
2021-01-14 12:13:36,593 INFO o.a.j.t.ThreadGroup: Started thread group number 3
2021-01-14 12:13:36,593 INFO o.a.j.e.StandardJMeterEngine: Starting ThreadGroup: 4 : Thread Group - Fast Low
2021-01-14 12:13:36,593 INFO o.a.j.e.StandardJMeterEngine: Starting 10 threads for group Thread Group - Fast Low.
2021-01-14 12:13:36,593 INFO o.a.j.e.StandardJMeterEngine: Thread will continue on error
2021-01-14 12:13:36,593 INFO o.a.j.t.ThreadGroup: Starting thread group... number=4 threads=10 ramp-up=5 delayedStart=false
2021-01-14 12:13:36,595 INFO o.a.j.t.JMeterThread: Thread started: Thread Group - Fast Low 4-1
2021-01-14 12:13:36,599 INFO o.a.j.t.ThreadGroup: Started thread group number 4
2021-01-14 12:13:36,600 INFO o.a.j.e.StandardJMeterEngine: All thread groups have been started
2021-01-14 12:13:36,676 INFO o.a.j.p.h.s.HTTPHCAbstractImpl: Local host = LAPTOP-DSVV6SSR
2021-01-14 12:13:36,682 INFO o.a.j.p.h.s.HTTPHC4Impl: HTTP request retry count = 0
2021-01-14 12:13:36,684 INFO o.a.j.s.SampleResult: Note: Sample TimeStamps are START times
2021-01-14 12:13:36,684 INFO o.a.j.s.SampleResult: sampleresult.default.encoding is set to ISO-8859-1
2021-01-14 12:13:36,684 INFO o.a.j.s.SampleResult: sampleresult.useNanoTime=true
2021-01-14 12:13:36,684 INFO o.a.j.s.SampleResult: sampleresult.nanoThreadSleep=5000
2021-01-14 12:13:37,055 INFO o.a.j.t.JMeterThread: Thread started: Thread Group - Slow High 1-2
2021-01-14 12:13:37,075 INFO o.a.j.t.JMeterThread: Thread started: Thread Group - Slow Low 2-2
2021-01-14 12:13:37,083 INFO o.a.j.t.JMeterThread: Thread started: Thread Group - Fast High 3-2
2021-01-14 12:13:37,095 INFO o.a.j.t.JMeterThread: Thread started: Thread Group - Fast Low 4-2
2021-01-14 12:13:37,550 INFO o.a.j.t.JMeterThread: Thread started: Thread Group - Slow High 1-3
2021-01-14 12:13:37,575 INFO o.a.j.t.JMeterThread: Thread started: Thread Group - Slow Low 2-3
2021-01-14 12:13:37,583 INFO o.a.j.t.JMeterThread: Thread started: Thread Group - Fast High 3-3
2021-01-14 12:13:37,595 INFO o.a.j.t.JMeterThread: Thread started: Thread Group - Fast Low 4-3
2021-01-14 12:13:38,049 INFO o.a.j.t.JMeterThread: Thread started: Thread Group - Slow High 1-4
2021-01-14 12:13:38,075 INFO o.a.j.t.JMeterThread: Thread started: Thread Group - Slow Low 2-4
2021-01-14 12:13:38,083 INFO o.a.j.t.JMeterThread: Thread started: Thread Group - Fast High 3-4
2021-01-14 12:13:38,094 INFO o.a.j.t.JMeterThread: Thread started: Thread Group - Fast Low 4-4
2021-01-14 12:13:38,547 INFO o.a.j.t.JMeterThread: Thread started: Thread Group - Slow High 1-5
2021-01-14 12:13:38,575 INFO o.a.j.t.JMeterThread: Thread started: Thread Group - Slow Low 2-5
2021-01-14 12:13:38,584 INFO o.a.j.t.JMeterThread: Thread started: Thread Group - Fast High 3-5
2021-01-14 12:13:38,595 INFO o.a.j.t.JMeterThread: Thread started: Thread Group - Fast Low 4-5
2021-01-14 12:13:39,047 INFO o.a.j.t.JMeterThread: Thread started: Thread Group - Slow High 1-6
2021-01-14 12:13:39,075 INFO o.a.j.t.JMeterThread: Thread started: Thread Group - Slow Low 2-6
2021-01-14 12:13:39,083 INFO o.a.j.t.JMeterThread: Thread started: Thread Group - Fast High 3-6
2021-01-14 12:13:39,095 INFO o.a.j.t.JMeterThread: Thread started: Thread Group - Fast Low 4-6
2021-01-14 12:13:39,548 INFO o.a.j.t.JMeterThread: Thread started: Thread Group - Slow High 1-7
2021-01-14 12:13:39,575 INFO o.a.j.t.JMeterThread: Thread started: Thread Group - Slow Low 2-7
2021-01-14 12:13:39,583 INFO o.a.j.t.JMeterThread: Thread started: Thread Group - Fast High 3-7
2021-01-14 12:13:39,594 INFO o.a.j.t.JMeterThread: Thread started: Thread Group - Fast Low 4-7
2021-01-14 12:13:40,048 INFO o.a.j.t.JMeterThread: Thread started: Thread Group - Slow High 1-8
2021-01-14 12:13:40,075 INFO o.a.j.t.JMeterThread: Thread started: Thread Group - Slow Low 2-8
2021-01-14 12:13:40,084 INFO o.a.j.t.JMeterThread: Thread started: Thread Group - Fast High 3-8
2021-01-14 12:13:40,095 INFO o.a.j.t.JMeterThread: Thread started: Thread Group - Fast Low 4-8
2021-01-14 12:13:40,547 INFO o.a.j.t.JMeterThread: Thread started: Thread Group - Slow High 1-9
2021-01-14 12:13:40,574 INFO o.a.j.t.JMeterThread: Thread started: Thread Group - Slow Low 2-9
2021-01-14 12:13:40,583 INFO o.a.j.t.JMeterThread: Thread started: Thread Group - Fast High 3-9
2021-01-14 12:13:40,594 INFO o.a.j.t.JMeterThread: Thread started: Thread Group - Fast Low 4-9
2021-01-14 12:13:41,045 INFO o.a.j.t.JMeterThread: Thread started: Thread Group - Slow High 1-10
2021-01-14 12:13:41,080 INFO o.a.j.t.JMeterThread: Thread started: Thread Group - Slow Low 2-10
2021-01-14 12:13:41,084 INFO o.a.j.t.JMeterThread: Thread started: Thread Group - Fast High 3-10
2021-01-14 12:13:41,094 INFO o.a.j.t.JMeterThread: Thread started: Thread Group - Fast Low 4-10
2021-01-14 12:13:41,546 INFO o.a.j.t.JMeterThread: Thread started: Thread Group - Slow High 1-11
2021-01-14 12:13:41,585 INFO o.a.j.t.JMeterThread: Thread started: Thread Group - Fast High 3-11
2021-01-14 12:13:42,045 INFO o.a.j.t.JMeterThread: Thread started: Thread Group - Slow High 1-12
2021-01-14 12:13:42,084 INFO o.a.j.t.JMeterThread: Thread started: Thread Group - Fast High 3-12
2021-01-14 12:13:42,546 INFO o.a.j.t.JMeterThread: Thread started: Thread Group - Slow High 1-13
2021-01-14 12:13:42,584 INFO o.a.j.t.JMeterThread: Thread started: Thread Group - Fast High 3-13
2021-01-14 12:13:43,047 INFO o.a.j.t.JMeterThread: Thread started: Thread Group - Slow High 1-14
2021-01-14 12:13:43,083 INFO o.a.j.t.JMeterThread: Thread started: Thread Group - Fast High 3-14
2021-01-14 12:13:43,546 INFO o.a.j.t.JMeterThread: Thread started: Thread Group - Slow High 1-15
2021-01-14 12:13:43,584 INFO o.a.j.t.JMeterThread: Thread started: Thread Group - Fast High 3-15
2021-01-14 12:13:44,045 INFO o.a.j.t.JMeterThread: Thread started: Thread Group - Slow High 1-16
2021-01-14 12:13:44,083 INFO o.a.j.t.JMeterThread: Thread started: Thread Group - Fast High 3-16
2021-01-14 12:13:44,545 INFO o.a.j.t.JMeterThread: Thread started: Thread Group - Slow High 1-17
2021-01-14 12:13:44,584 INFO o.a.j.t.JMeterThread: Thread started: Thread Group - Fast High 3-17
2021-01-14 12:13:45,045 INFO o.a.j.t.JMeterThread: Thread started: Thread Group - Slow High 1-18
2021-01-14 12:13:45,083 INFO o.a.j.t.JMeterThread: Thread started: Thread Group - Fast High 3-18
2021-01-14 12:13:45,546 INFO o.a.j.t.JMeterThread: Thread started: Thread Group - Slow High 1-19
2021-01-14 12:13:45,582 INFO o.a.j.t.JMeterThread: Thread started: Thread Group - Fast High 3-19
2021-01-14 12:13:46,045 INFO o.a.j.t.JMeterThread: Thread started: Thread Group - Slow High 1-20
2021-01-14 12:13:46,083 INFO o.a.j.t.JMeterThread: Thread started: Thread Group - Fast High 3-20
2021-01-14 12:14:00,191 INFO o.a.j.r.Summariser: summary +    320 in 00:00:24 =   13.5/s Avg:    41 Min:     2 Max:   145 Err:     0 (0.00%) Active: 60 Started: 60 Finished: 0
2021-01-14 12:14:30,146 INFO o.a.j.r.Summariser: summary +    450 in 00:00:30 =   15.0/s Avg:    40 Min:     1 Max:   174 Err:     0 (0.00%) Active: 60 Started: 60 Finished: 0
2021-01-14 12:14:30,147 INFO o.a.j.r.Summariser: summary =    770 in 00:00:54 =   14.4/s Avg:    41 Min:     1 Max:   174 Err:     0 (0.00%)
2021-01-14 12:15:00,162 INFO o.a.j.r.Summariser: summary +    450 in 00:00:30 =   15.0/s Avg:    45 Min:     1 Max:   193 Err:     0 (0.00%) Active: 60 Started: 60 Finished: 0
2021-01-14 12:15:00,162 INFO o.a.j.r.Summariser: summary =   1220 in 00:01:24 =   14.6/s Avg:    42 Min:     1 Max:   193 Err:     0 (0.00%)
2021-01-14 12:15:30,164 INFO o.a.j.r.Summariser: summary +    450 in 00:00:30 =   15.0/s Avg:    45 Min:     1 Max:   170 Err:     0 (0.00%) Active: 60 Started: 60 Finished: 0
2021-01-14 12:15:30,165 INFO o.a.j.r.Summariser: summary =   1670 in 00:01:54 =   14.7/s Avg:    43 Min:     1 Max:   193 Err:     0 (0.00%)
2021-01-14 12:16:00,165 INFO o.a.j.r.Summariser: summary +    450 in 00:00:30 =   15.0/s Avg:    35 Min:     1 Max:   149 Err:     0 (0.00%) Active: 60 Started: 60 Finished: 0
2021-01-14 12:16:00,166 INFO o.a.j.r.Summariser: summary =   2120 in 00:02:24 =   14.8/s Avg:    41 Min:     1 Max:   193 Err:     0 (0.00%)
2021-01-14 12:16:30,190 INFO o.a.j.r.Summariser: summary +    450 in 00:00:30 =   15.0/s Avg:    39 Min:     1 Max:   195 Err:     0 (0.00%) Active: 60 Started: 60 Finished: 0
2021-01-14 12:16:30,191 INFO o.a.j.r.Summariser: summary =   2570 in 00:02:54 =   14.8/s Avg:    41 Min:     1 Max:   195 Err:     0 (0.00%)
2021-01-14 12:17:00,178 INFO o.a.j.r.Summariser: summary +    450 in 00:00:30 =   15.0/s Avg:    39 Min:     1 Max:   146 Err:     0 (0.00%) Active: 60 Started: 60 Finished: 0
2021-01-14 12:17:00,179 INFO o.a.j.r.Summariser: summary =   3020 in 00:03:24 =   14.8/s Avg:    41 Min:     1 Max:   195 Err:     0 (0.00%)
2021-01-14 12:17:30,204 INFO o.a.j.r.Summariser: summary +    450 in 00:00:30 =   15.0/s Avg:    43 Min:     1 Max:   155 Err:     0 (0.00%) Active: 60 Started: 60 Finished: 0
2021-01-14 12:17:30,204 INFO o.a.j.r.Summariser: summary =   3470 in 00:03:54 =   14.8/s Avg:    41 Min:     1 Max:   195 Err:     0 (0.00%)
2021-01-14 12:18:00,165 INFO o.a.j.r.Summariser: summary +    450 in 00:00:30 =   15.0/s Avg:    39 Min:     1 Max:   163 Err:     0 (0.00%) Active: 60 Started: 60 Finished: 0
2021-01-14 12:18:00,166 INFO o.a.j.r.Summariser: summary =   3920 in 00:04:24 =   14.9/s Avg:    41 Min:     1 Max:   195 Err:     0 (0.00%)
2021-01-14 12:18:30,167 INFO o.a.j.r.Summariser: summary +    450 in 00:00:30 =   15.0/s Avg:    35 Min:     1 Max:   153 Err:     0 (0.00%) Active: 60 Started: 60 Finished: 0
2021-01-14 12:18:30,168 INFO o.a.j.r.Summariser: summary =   4370 in 00:04:54 =   14.9/s Avg:    40 Min:     1 Max:   195 Err:     0 (0.00%)
2021-01-14 12:18:30,709 INFO o.a.j.t.JMeterThread: Thread finished: Thread Group - Slow High 1-1
2021-01-14 12:18:30,716 INFO o.a.j.t.JMeterThread: Thread finished: Thread Group - Slow Low 2-1
2021-01-14 12:18:30,724 INFO o.a.j.t.JMeterThread: Thread finished: Thread Group - Slow High 1-13
2021-01-14 12:18:31,189 INFO o.a.j.t.JMeterThread: Thread finished: Thread Group - Slow High 1-14
2021-01-14 12:18:31,282 INFO o.a.j.t.JMeterThread: Thread finished: Thread Group - Slow High 1-2
2021-01-14 12:18:31,292 INFO o.a.j.t.JMeterThread: Thread finished: Thread Group - Slow Low 2-2
2021-01-14 12:18:31,680 INFO o.a.j.t.JMeterThread: Thread finished: Thread Group - Slow High 1-15
2021-01-14 12:18:31,707 INFO o.a.j.t.JMeterThread: Thread finished: Thread Group - Slow Low 2-3
2021-01-14 12:18:31,741 INFO o.a.j.t.JMeterThread: Thread finished: Thread Group - Slow High 1-3
2021-01-14 12:18:32,166 INFO o.a.j.t.JMeterThread: Thread finished: Thread Group - Slow High 1-4
2021-01-14 12:18:32,178 INFO o.a.j.t.JMeterThread: Thread finished: Thread Group - Slow High 1-16
2021-01-14 12:18:32,196 INFO o.a.j.t.JMeterThread: Thread finished: Thread Group - Slow Low 2-4
2021-01-14 12:18:32,639 INFO o.a.j.t.JMeterThread: Thread finished: Thread Group - Slow High 1-5
2021-01-14 12:18:32,646 INFO o.a.j.t.JMeterThread: Thread finished: Thread Group - Slow High 1-17
2021-01-14 12:18:32,709 INFO o.a.j.t.JMeterThread: Thread finished: Thread Group - Slow Low 2-5
2021-01-14 12:18:33,177 INFO o.a.j.t.JMeterThread: Thread finished: Thread Group - Slow High 1-6
2021-01-14 12:18:33,180 INFO o.a.j.t.JMeterThread: Thread finished: Thread Group - Slow High 1-18
2021-01-14 12:18:33,251 INFO o.a.j.t.JMeterThread: Thread finished: Thread Group - Slow Low 2-6
2021-01-14 12:18:33,687 INFO o.a.j.t.JMeterThread: Thread finished: Thread Group - Slow High 1-19
2021-01-14 12:18:33,688 INFO o.a.j.t.JMeterThread: Thread finished: Thread Group - Fast High 3-13
2021-01-14 12:18:33,700 INFO o.a.j.t.JMeterThread: Thread finished: Thread Group - Slow High 1-7
2021-01-14 12:18:33,711 INFO o.a.j.t.JMeterThread: Thread finished: Thread Group - Fast High 3-19
2021-01-14 12:18:33,727 INFO o.a.j.t.JMeterThread: Thread finished: Thread Group - Fast High 3-7
2021-01-14 12:18:33,734 INFO o.a.j.t.JMeterThread: Thread finished: Thread Group - Fast Low 4-1
2021-01-14 12:18:33,748 INFO o.a.j.t.JMeterThread: Thread finished: Thread Group - Fast High 3-1
2021-01-14 12:18:33,771 INFO o.a.j.t.JMeterThread: Thread finished: Thread Group - Slow Low 2-7
2021-01-14 12:18:33,775 INFO o.a.j.t.JMeterThread: Thread finished: Thread Group - Fast Low 4-7
2021-01-14 12:18:34,156 INFO o.a.j.t.JMeterThread: Thread finished: Thread Group - Slow High 1-8
2021-01-14 12:18:34,169 INFO o.a.j.t.JMeterThread: Thread finished: Thread Group - Slow High 1-20
2021-01-14 12:18:34,188 INFO o.a.j.t.JMeterThread: Thread finished: Thread Group - Fast High 3-8
2021-01-14 12:18:34,190 INFO o.a.j.t.JMeterThread: Thread finished: Thread Group - Slow Low 2-8
2021-01-14 12:18:34,199 INFO o.a.j.t.JMeterThread: Thread finished: Thread Group - Fast High 3-20
2021-01-14 12:18:34,200 INFO o.a.j.t.JMeterThread: Thread finished: Thread Group - Fast High 3-14
2021-01-14 12:18:34,202 INFO o.a.j.t.JMeterThread: Thread finished: Thread Group - Fast High 3-2
2021-01-14 12:18:34,227 INFO o.a.j.t.JMeterThread: Thread finished: Thread Group - Fast Low 4-8
2021-01-14 12:18:34,251 INFO o.a.j.t.JMeterThread: Thread finished: Thread Group - Fast Low 4-2
2021-01-14 12:18:34,647 INFO o.a.j.t.JMeterThread: Thread finished: Thread Group - Slow High 1-9
2021-01-14 12:18:34,688 INFO o.a.j.t.JMeterThread: Thread finished: Thread Group - Fast High 3-15
2021-01-14 12:18:34,708 INFO o.a.j.t.JMeterThread: Thread finished: Thread Group - Fast High 3-3
2021-01-14 12:18:34,718 INFO o.a.j.t.JMeterThread: Thread finished: Thread Group - Fast High 3-9
2021-01-14 12:18:34,725 INFO o.a.j.t.JMeterThread: Thread finished: Thread Group - Fast Low 4-3
2021-01-14 12:18:34,730 INFO o.a.j.t.JMeterThread: Thread finished: Thread Group - Slow Low 2-9
2021-01-14 12:18:34,747 INFO o.a.j.t.JMeterThread: Thread finished: Thread Group - Fast Low 4-9
2021-01-14 12:18:35,183 INFO o.a.j.t.JMeterThread: Thread finished: Thread Group - Slow High 1-10
2021-01-14 12:18:35,194 INFO o.a.j.t.JMeterThread: Thread finished: Thread Group - Fast High 3-4
2021-01-14 12:18:35,245 INFO o.a.j.t.JMeterThread: Thread finished: Thread Group - Fast High 3-10
2021-01-14 12:18:35,257 INFO o.a.j.t.JMeterThread: Thread finished: Thread Group - Fast Low 4-4
2021-01-14 12:18:35,290 INFO o.a.j.t.JMeterThread: Thread finished: Thread Group - Fast High 3-16
2021-01-14 12:18:35,295 INFO o.a.j.t.JMeterThread: Thread finished: Thread Group - Fast Low 4-10
2021-01-14 12:18:35,309 INFO o.a.j.t.JMeterThread: Thread finished: Thread Group - Slow Low 2-10
2021-01-14 12:18:35,710 INFO o.a.j.t.JMeterThread: Thread finished: Thread Group - Fast High 3-11
2021-01-14 12:18:35,760 INFO o.a.j.t.JMeterThread: Thread finished: Thread Group - Fast Low 4-5
2021-01-14 12:18:35,787 INFO o.a.j.t.JMeterThread: Thread finished: Thread Group - Slow High 1-11
2021-01-14 12:18:35,788 INFO o.a.j.t.JMeterThread: Thread finished: Thread Group - Fast High 3-5
2021-01-14 12:18:35,800 INFO o.a.j.t.JMeterThread: Thread finished: Thread Group - Fast High 3-17
2021-01-14 12:18:36,168 INFO o.a.j.t.JMeterThread: Thread finished: Thread Group - Slow High 1-12
2021-01-14 12:18:36,195 INFO o.a.j.t.JMeterThread: Thread finished: Thread Group - Fast High 3-18
2021-01-14 12:18:36,198 INFO o.a.j.t.JMeterThread: Thread finished: Thread Group - Fast High 3-12
2021-01-14 12:18:36,206 INFO o.a.j.t.JMeterThread: Thread finished: Thread Group - Fast High 3-6
2021-01-14 12:18:36,206 INFO o.a.j.t.JMeterThread: Thread finished: Thread Group - Fast Low 4-6
2021-01-14 12:18:36,207 INFO o.a.j.e.StandardJMeterEngine: Notifying test listeners of end of test
2021-01-14 12:18:36,208 INFO o.a.j.r.Summariser: summary +     94 in 00:00:06 =   15.6/s Avg:    41 Min:     1 Max:   130 Err:     0 (0.00%) Active: 0 Started: 60 Finished: 60
2021-01-14 12:18:36,208 INFO o.a.j.r.Summariser: summary =   4464 in 00:05:00 =   14.9/s Avg:    40 Min:     1 Max:   195 Err:     0 (0.00%)
