2021-01-03 18:56:10,591 INFO o.a.j.u.JMeterUtils: Setting Locale to en_EN
2021-01-03 18:56:10,610 INFO o.a.j.JMeter: Loading user properties from: user.properties
2021-01-03 18:56:10,611 INFO o.a.j.JMeter: Loading system properties from: system.properties
2021-01-03 18:56:10,612 INFO o.a.j.JMeter: Copyright (c) 1998-2020 The Apache Software Foundation
2021-01-03 18:56:10,612 INFO o.a.j.JMeter: Version 5.3
2021-01-03 18:56:10,612 INFO o.a.j.JMeter: java.version=11.0.8
2021-01-03 18:56:10,612 INFO o.a.j.JMeter: java.vm.name=Java HotSpot(TM) 64-Bit Server VM
2021-01-03 18:56:10,613 INFO o.a.j.JMeter: os.name=Windows 10
2021-01-03 18:56:10,613 INFO o.a.j.JMeter: os.arch=amd64
2021-01-03 18:56:10,613 INFO o.a.j.JMeter: os.version=10.0
2021-01-03 18:56:10,613 INFO o.a.j.JMeter: file.encoding=Cp1252
2021-01-03 18:56:10,613 INFO o.a.j.JMeter: java.awt.headless=true
2021-01-03 18:56:10,614 INFO o.a.j.JMeter: Max memory     =1073741824
2021-01-03 18:56:10,614 INFO o.a.j.JMeter: Available Processors =8
2021-01-03 18:56:10,621 INFO o.a.j.JMeter: Default Locale=English (EN)
2021-01-03 18:56:10,622 INFO o.a.j.JMeter: JMeter  Locale=English (EN)
2021-01-03 18:56:10,622 INFO o.a.j.JMeter: JMeterHome=C:\Users\fabio\Documents\Fabio\Università\Magistrale\2°anno\1°semestre\Impianti di Elaborazione\apache-jmeter-5.3
2021-01-03 18:56:10,622 INFO o.a.j.JMeter: user.dir  =C:\Users\fabio\Documents\Fabio\Università\Magistrale\2°anno\1°semestre\Impianti di Elaborazione\apache-jmeter-5.3\bin
2021-01-03 18:56:10,623 INFO o.a.j.JMeter: PWD       =C:\Users\fabio\Documents\Fabio\Università\Magistrale\2°anno\1°semestre\Impianti di Elaborazione\apache-jmeter-5.3\bin
2021-01-03 18:56:10,629 INFO o.a.j.JMeter: IP: 192.168.56.1 Name: LAPTOP-DSVV6SSR FullName: 192.168.56.1
2021-01-03 18:56:10,635 INFO o.a.j.s.FileServer: Default base='C:\Users\fabio\Documents\Fabio\Università\Magistrale\2°anno\1°semestre\Impianti di Elaborazione\apache-jmeter-5.3\bin'
2021-01-03 18:56:10,637 INFO o.a.j.s.FileServer: Set new base='C:\Users\fabio\Documents\Fabio\Università\Magistrale\2°anno\1°semestre\Impianti di Elaborazione\apache-jmeter-5.3\bin'
2021-01-03 18:56:10,764 INFO o.a.j.s.SaveService: Testplan (JMX) version: 2.2. Testlog (JTL) version: 2.2
2021-01-03 18:56:10,785 INFO o.a.j.s.SaveService: Using SaveService properties version 5.0
2021-01-03 18:56:10,790 INFO o.a.j.s.SaveService: Using SaveService properties file encoding UTF-8
2021-01-03 18:56:10,793 INFO o.a.j.s.SaveService: Loading file: DesignofExperiment.jmx
2021-01-03 18:56:10,855 INFO o.a.j.p.h.s.HTTPSamplerBase: Parser for text/html is org.apache.jmeter.protocol.http.parser.LagartoBasedHtmlParser
2021-01-03 18:56:10,855 INFO o.a.j.p.h.s.HTTPSamplerBase: Parser for application/xhtml+xml is org.apache.jmeter.protocol.http.parser.LagartoBasedHtmlParser
2021-01-03 18:56:10,855 INFO o.a.j.p.h.s.HTTPSamplerBase: Parser for application/xml is org.apache.jmeter.protocol.http.parser.LagartoBasedHtmlParser
2021-01-03 18:56:10,855 INFO o.a.j.p.h.s.HTTPSamplerBase: Parser for text/xml is org.apache.jmeter.protocol.http.parser.LagartoBasedHtmlParser
2021-01-03 18:56:10,855 INFO o.a.j.p.h.s.HTTPSamplerBase: Parser for text/vnd.wap.wml is org.apache.jmeter.protocol.http.parser.RegexpHTMLParser
2021-01-03 18:56:10,855 INFO o.a.j.p.h.s.HTTPSamplerBase: Parser for text/css is org.apache.jmeter.protocol.http.parser.CssParser
2021-01-03 18:56:10,883 INFO o.a.j.JMeter: Creating summariser <summary>
2021-01-03 18:56:10,888 INFO o.a.j.e.StandardJMeterEngine: Running the test!
2021-01-03 18:56:10,890 INFO o.a.j.s.SampleEvent: List of sample_variables: []
2021-01-03 18:56:10,890 INFO o.a.j.s.SampleEvent: List of sample_variables: []
2021-01-03 18:56:10,898 INFO o.a.j.e.u.CompoundVariable: Note: Function class names must contain the string: '.functions.'
2021-01-03 18:56:10,898 INFO o.a.j.e.u.CompoundVariable: Note: Function class names must not contain the string: '.gui.'
2021-01-03 18:56:11,189 INFO o.a.j.JMeter: Running test (1609696571189)
2021-01-03 18:56:11,203 INFO o.a.j.e.StandardJMeterEngine: Starting ThreadGroup: 1 : Thread Group - HL
2021-01-03 18:56:11,203 INFO o.a.j.e.StandardJMeterEngine: Starting 100 threads for group Thread Group - HL.
2021-01-03 18:56:11,203 INFO o.a.j.e.StandardJMeterEngine: Thread will continue on error
2021-01-03 18:56:11,203 INFO o.a.j.t.ThreadGroup: Starting thread group... number=1 threads=100 ramp-up=1 delayedStart=false
2021-01-03 18:56:11,213 INFO o.a.j.t.JMeterThread: Thread started: Thread Group - HL 1-1
2021-01-03 18:56:11,221 INFO o.a.j.t.JMeterThread: Thread started: Thread Group - HL 1-2
2021-01-03 18:56:11,231 INFO o.a.j.t.JMeterThread: Thread started: Thread Group - HL 1-3
2021-01-03 18:56:11,236 INFO o.a.j.t.JMeterThread: Thread started: Thread Group - HL 1-4
2021-01-03 18:56:11,246 INFO o.a.j.t.JMeterThread: Thread started: Thread Group - HL 1-5
2021-01-03 18:56:11,251 INFO o.a.j.p.h.s.HTTPHCAbstractImpl: Local host = LAPTOP-DSVV6SSR
2021-01-03 18:56:11,253 INFO o.a.j.t.ThreadGroup: Started thread group number 1
2021-01-03 18:56:11,253 INFO o.a.j.e.StandardJMeterEngine: All thread groups have been started
2021-01-03 18:56:11,259 INFO o.a.j.p.h.s.HTTPHC4Impl: HTTP request retry count = 0
2021-01-03 18:56:11,260 INFO o.a.j.t.JMeterThread: Thread started: Thread Group - HL 1-6
2021-01-03 18:56:11,260 INFO o.a.j.s.SampleResult: Note: Sample TimeStamps are START times
2021-01-03 18:56:11,260 INFO o.a.j.s.SampleResult: sampleresult.default.encoding is set to ISO-8859-1
2021-01-03 18:56:11,260 INFO o.a.j.s.SampleResult: sampleresult.useNanoTime=true
2021-01-03 18:56:11,260 INFO o.a.j.s.SampleResult: sampleresult.nanoThreadSleep=5000
2021-01-03 18:56:11,269 INFO o.a.j.t.JMeterThread: Thread started: Thread Group - HL 1-7
2021-01-03 18:56:11,278 INFO o.a.j.t.JMeterThread: Thread started: Thread Group - HL 1-8
2021-01-03 18:56:11,285 INFO o.a.j.t.JMeterThread: Thread started: Thread Group - HL 1-9
2021-01-03 18:56:11,296 INFO o.a.j.t.JMeterThread: Thread started: Thread Group - HL 1-10
2021-01-03 18:56:11,306 INFO o.a.j.t.JMeterThread: Thread started: Thread Group - HL 1-11
2021-01-03 18:56:11,316 INFO o.a.j.t.JMeterThread: Thread started: Thread Group - HL 1-12
2021-01-03 18:56:11,325 INFO o.a.j.t.JMeterThread: Thread started: Thread Group - HL 1-13
2021-01-03 18:56:11,335 INFO o.a.j.t.JMeterThread: Thread started: Thread Group - HL 1-14
2021-01-03 18:56:11,345 INFO o.a.j.t.JMeterThread: Thread started: Thread Group - HL 1-15
2021-01-03 18:56:11,356 INFO o.a.j.t.JMeterThread: Thread started: Thread Group - HL 1-16
2021-01-03 18:56:11,365 INFO o.a.j.t.JMeterThread: Thread started: Thread Group - HL 1-17
2021-01-03 18:56:11,374 INFO o.a.j.t.JMeterThread: Thread started: Thread Group - HL 1-18
2021-01-03 18:56:11,385 INFO o.a.j.t.JMeterThread: Thread started: Thread Group - HL 1-19
2021-01-03 18:56:11,396 INFO o.a.j.t.JMeterThread: Thread started: Thread Group - HL 1-20
2021-01-03 18:56:11,405 INFO o.a.j.t.JMeterThread: Thread started: Thread Group - HL 1-21
2021-01-03 18:56:11,416 INFO o.a.j.t.JMeterThread: Thread started: Thread Group - HL 1-22
2021-01-03 18:56:11,425 INFO o.a.j.t.JMeterThread: Thread started: Thread Group - HL 1-23
2021-01-03 18:56:11,438 INFO o.a.j.t.JMeterThread: Thread started: Thread Group - HL 1-24
2021-01-03 18:56:11,445 INFO o.a.j.t.JMeterThread: Thread started: Thread Group - HL 1-25
2021-01-03 18:56:11,455 INFO o.a.j.t.JMeterThread: Thread started: Thread Group - HL 1-26
2021-01-03 18:56:11,466 INFO o.a.j.t.JMeterThread: Thread started: Thread Group - HL 1-27
2021-01-03 18:56:11,476 INFO o.a.j.t.JMeterThread: Thread started: Thread Group - HL 1-28
2021-01-03 18:56:11,485 INFO o.a.j.t.JMeterThread: Thread started: Thread Group - HL 1-29
2021-01-03 18:56:11,495 INFO o.a.j.t.JMeterThread: Thread started: Thread Group - HL 1-30
2021-01-03 18:56:11,505 INFO o.a.j.t.JMeterThread: Thread started: Thread Group - HL 1-31
2021-01-03 18:56:11,514 INFO o.a.j.t.JMeterThread: Thread started: Thread Group - HL 1-32
2021-01-03 18:56:11,526 INFO o.a.j.t.JMeterThread: Thread started: Thread Group - HL 1-33
2021-01-03 18:56:11,537 INFO o.a.j.t.JMeterThread: Thread started: Thread Group - HL 1-34
2021-01-03 18:56:11,546 INFO o.a.j.t.JMeterThread: Thread started: Thread Group - HL 1-35
2021-01-03 18:56:11,555 INFO o.a.j.t.JMeterThread: Thread started: Thread Group - HL 1-36
2021-01-03 18:56:11,565 INFO o.a.j.t.JMeterThread: Thread started: Thread Group - HL 1-37
2021-01-03 18:56:11,575 INFO o.a.j.t.JMeterThread: Thread started: Thread Group - HL 1-38
2021-01-03 18:56:11,585 INFO o.a.j.t.JMeterThread: Thread started: Thread Group - HL 1-39
2021-01-03 18:56:11,595 INFO o.a.j.t.JMeterThread: Thread started: Thread Group - HL 1-40
2021-01-03 18:56:11,605 INFO o.a.j.t.JMeterThread: Thread started: Thread Group - HL 1-41
2021-01-03 18:56:11,615 INFO o.a.j.t.JMeterThread: Thread started: Thread Group - HL 1-42
2021-01-03 18:56:11,625 INFO o.a.j.t.JMeterThread: Thread started: Thread Group - HL 1-43
2021-01-03 18:56:11,638 INFO o.a.j.t.JMeterThread: Thread started: Thread Group - HL 1-44
2021-01-03 18:56:11,647 INFO o.a.j.t.JMeterThread: Thread started: Thread Group - HL 1-45
2021-01-03 18:56:11,657 INFO o.a.j.t.JMeterThread: Thread started: Thread Group - HL 1-46
2021-01-03 18:56:11,666 INFO o.a.j.t.JMeterThread: Thread started: Thread Group - HL 1-47
2021-01-03 18:56:11,676 INFO o.a.j.t.JMeterThread: Thread started: Thread Group - HL 1-48
2021-01-03 18:56:11,684 INFO o.a.j.t.JMeterThread: Thread started: Thread Group - HL 1-49
2021-01-03 18:56:11,696 INFO o.a.j.t.JMeterThread: Thread started: Thread Group - HL 1-50
2021-01-03 18:56:11,706 INFO o.a.j.t.JMeterThread: Thread started: Thread Group - HL 1-51
2021-01-03 18:56:11,715 INFO o.a.j.t.JMeterThread: Thread started: Thread Group - HL 1-52
2021-01-03 18:56:11,724 INFO o.a.j.t.JMeterThread: Thread started: Thread Group - HL 1-53
2021-01-03 18:56:11,736 INFO o.a.j.t.JMeterThread: Thread started: Thread Group - HL 1-54
2021-01-03 18:56:11,746 INFO o.a.j.t.JMeterThread: Thread started: Thread Group - HL 1-55
2021-01-03 18:56:11,755 INFO o.a.j.t.JMeterThread: Thread started: Thread Group - HL 1-56
2021-01-03 18:56:11,765 INFO o.a.j.t.JMeterThread: Thread started: Thread Group - HL 1-57
2021-01-03 18:56:11,782 INFO o.a.j.t.JMeterThread: Thread started: Thread Group - HL 1-58
2021-01-03 18:56:11,786 INFO o.a.j.t.JMeterThread: Thread started: Thread Group - HL 1-59
2021-01-03 18:56:11,796 INFO o.a.j.t.JMeterThread: Thread started: Thread Group - HL 1-60
2021-01-03 18:56:11,806 INFO o.a.j.t.JMeterThread: Thread started: Thread Group - HL 1-61
2021-01-03 18:56:11,815 INFO o.a.j.t.JMeterThread: Thread started: Thread Group - HL 1-62
2021-01-03 18:56:11,826 INFO o.a.j.t.JMeterThread: Thread started: Thread Group - HL 1-63
2021-01-03 18:56:11,836 INFO o.a.j.t.JMeterThread: Thread started: Thread Group - HL 1-64
2021-01-03 18:56:11,844 INFO o.a.j.t.JMeterThread: Thread started: Thread Group - HL 1-65
2021-01-03 18:56:11,855 INFO o.a.j.t.JMeterThread: Thread started: Thread Group - HL 1-66
2021-01-03 18:56:11,866 INFO o.a.j.t.JMeterThread: Thread started: Thread Group - HL 1-67
2021-01-03 18:56:11,875 INFO o.a.j.t.JMeterThread: Thread started: Thread Group - HL 1-68
2021-01-03 18:56:11,885 INFO o.a.j.t.JMeterThread: Thread started: Thread Group - HL 1-69
2021-01-03 18:56:11,896 INFO o.a.j.t.JMeterThread: Thread started: Thread Group - HL 1-70
2021-01-03 18:56:11,906 INFO o.a.j.t.JMeterThread: Thread started: Thread Group - HL 1-71
2021-01-03 18:56:11,915 INFO o.a.j.t.JMeterThread: Thread started: Thread Group - HL 1-72
2021-01-03 18:56:11,926 INFO o.a.j.t.JMeterThread: Thread started: Thread Group - HL 1-73
2021-01-03 18:56:11,935 INFO o.a.j.t.JMeterThread: Thread started: Thread Group - HL 1-74
2021-01-03 18:56:11,945 INFO o.a.j.t.JMeterThread: Thread started: Thread Group - HL 1-75
2021-01-03 18:56:11,955 INFO o.a.j.t.JMeterThread: Thread started: Thread Group - HL 1-76
2021-01-03 18:56:11,966 INFO o.a.j.t.JMeterThread: Thread started: Thread Group - HL 1-77
2021-01-03 18:56:11,974 INFO o.a.j.t.JMeterThread: Thread started: Thread Group - HL 1-78
2021-01-03 18:56:11,986 INFO o.a.j.t.JMeterThread: Thread started: Thread Group - HL 1-79
2021-01-03 18:56:11,996 INFO o.a.j.t.JMeterThread: Thread started: Thread Group - HL 1-80
2021-01-03 18:56:12,005 INFO o.a.j.t.JMeterThread: Thread started: Thread Group - HL 1-81
2021-01-03 18:56:12,015 INFO o.a.j.t.JMeterThread: Thread started: Thread Group - HL 1-82
2021-01-03 18:56:12,026 INFO o.a.j.t.JMeterThread: Thread started: Thread Group - HL 1-83
2021-01-03 18:56:12,035 INFO o.a.j.t.JMeterThread: Thread started: Thread Group - HL 1-84
2021-01-03 18:56:12,046 INFO o.a.j.t.JMeterThread: Thread started: Thread Group - HL 1-85
2021-01-03 18:56:12,055 INFO o.a.j.t.JMeterThread: Thread started: Thread Group - HL 1-86
2021-01-03 18:56:12,065 INFO o.a.j.t.JMeterThread: Thread started: Thread Group - HL 1-87
2021-01-03 18:56:12,076 INFO o.a.j.t.JMeterThread: Thread started: Thread Group - HL 1-88
2021-01-03 18:56:12,086 INFO o.a.j.t.JMeterThread: Thread started: Thread Group - HL 1-89
2021-01-03 18:56:12,094 INFO o.a.j.t.JMeterThread: Thread started: Thread Group - HL 1-90
2021-01-03 18:56:12,105 INFO o.a.j.t.JMeterThread: Thread started: Thread Group - HL 1-91
2021-01-03 18:56:12,116 INFO o.a.j.t.JMeterThread: Thread started: Thread Group - HL 1-92
2021-01-03 18:56:12,125 INFO o.a.j.t.JMeterThread: Thread started: Thread Group - HL 1-93
2021-01-03 18:56:12,134 INFO o.a.j.t.JMeterThread: Thread started: Thread Group - HL 1-94
2021-01-03 18:56:12,145 INFO o.a.j.t.JMeterThread: Thread started: Thread Group - HL 1-95
2021-01-03 18:56:12,156 INFO o.a.j.t.JMeterThread: Thread started: Thread Group - HL 1-96
2021-01-03 18:56:12,165 INFO o.a.j.t.JMeterThread: Thread started: Thread Group - HL 1-97
2021-01-03 18:56:12,175 INFO o.a.j.t.JMeterThread: Thread started: Thread Group - HL 1-98
2021-01-03 18:56:12,184 INFO o.a.j.t.JMeterThread: Thread started: Thread Group - HL 1-99
2021-01-03 18:56:12,195 INFO o.a.j.t.JMeterThread: Thread started: Thread Group - HL 1-100
2021-01-03 18:56:30,001 INFO o.a.j.r.Summariser: summary +   7061 in 00:00:19 =  375.4/s Avg:     3 Min:     0 Max:   185 Err:     0 (0.00%) Active: 100 Started: 100 Finished: 0
2021-01-03 18:57:00,001 INFO o.a.j.r.Summariser: summary +  11236 in 00:00:30 =  374.5/s Avg:     2 Min:     0 Max:    56 Err:     0 (0.00%) Active: 100 Started: 100 Finished: 0
2021-01-03 18:57:00,002 INFO o.a.j.r.Summariser: summary =  18297 in 00:00:49 =  374.8/s Avg:     2 Min:     0 Max:   185 Err:     0 (0.00%)
2021-01-03 18:57:10,964 INFO o.a.j.t.JMeterThread: Thread finished: Thread Group - HL 1-25
2021-01-03 18:57:10,988 INFO o.a.j.t.JMeterThread: Thread finished: Thread Group - HL 1-41
2021-01-03 18:57:10,989 INFO o.a.j.t.JMeterThread: Thread finished: Thread Group - HL 1-83
2021-01-03 18:57:10,992 INFO o.a.j.t.JMeterThread: Thread finished: Thread Group - HL 1-52
2021-01-03 18:57:10,994 INFO o.a.j.t.JMeterThread: Thread finished: Thread Group - HL 1-66
2021-01-03 18:57:11,000 INFO o.a.j.t.JMeterThread: Thread finished: Thread Group - HL 1-32
2021-01-03 18:57:11,001 INFO o.a.j.t.JMeterThread: Thread finished: Thread Group - HL 1-84
2021-01-03 18:57:11,004 INFO o.a.j.t.JMeterThread: Thread finished: Thread Group - HL 1-14
2021-01-03 18:57:11,013 INFO o.a.j.t.JMeterThread: Thread finished: Thread Group - HL 1-53
2021-01-03 18:57:11,014 INFO o.a.j.t.JMeterThread: Thread finished: Thread Group - HL 1-67
2021-01-03 18:57:11,015 INFO o.a.j.t.JMeterThread: Thread finished: Thread Group - HL 1-33
2021-01-03 18:57:11,015 INFO o.a.j.t.JMeterThread: Thread finished: Thread Group - HL 1-85
2021-01-03 18:57:11,018 INFO o.a.j.t.JMeterThread: Thread finished: Thread Group - HL 1-42
2021-01-03 18:57:11,025 INFO o.a.j.t.JMeterThread: Thread finished: Thread Group - HL 1-20
2021-01-03 18:57:11,025 INFO o.a.j.t.JMeterThread: Thread finished: Thread Group - HL 1-86
2021-01-03 18:57:11,026 INFO o.a.j.t.JMeterThread: Thread finished: Thread Group - HL 1-68
2021-01-03 18:57:11,032 INFO o.a.j.t.JMeterThread: Thread finished: Thread Group - HL 1-54
2021-01-03 18:57:11,034 INFO o.a.j.t.JMeterThread: Thread finished: Thread Group - HL 1-26
2021-01-03 18:57:11,038 INFO o.a.j.t.JMeterThread: Thread finished: Thread Group - HL 1-87
2021-01-03 18:57:11,040 INFO o.a.j.t.JMeterThread: Thread finished: Thread Group - HL 1-43
2021-01-03 18:57:11,041 INFO o.a.j.t.JMeterThread: Thread finished: Thread Group - HL 1-10
2021-01-03 18:57:11,042 INFO o.a.j.t.JMeterThread: Thread finished: Thread Group - HL 1-69
2021-01-03 18:57:11,045 INFO o.a.j.t.JMeterThread: Thread finished: Thread Group - HL 1-27
2021-01-03 18:57:11,052 INFO o.a.j.t.JMeterThread: Thread finished: Thread Group - HL 1-88
2021-01-03 18:57:11,053 INFO o.a.j.t.JMeterThread: Thread finished: Thread Group - HL 1-17
2021-01-03 18:57:11,054 INFO o.a.j.t.JMeterThread: Thread finished: Thread Group - HL 1-19
2021-01-03 18:57:11,056 INFO o.a.j.t.JMeterThread: Thread finished: Thread Group - HL 1-34
2021-01-03 18:57:11,057 INFO o.a.j.t.JMeterThread: Thread finished: Thread Group - HL 1-55
2021-01-03 18:57:11,059 INFO o.a.j.t.JMeterThread: Thread finished: Thread Group - HL 1-70
2021-01-03 18:57:11,061 INFO o.a.j.t.JMeterThread: Thread finished: Thread Group - HL 1-13
2021-01-03 18:57:11,064 INFO o.a.j.t.JMeterThread: Thread finished: Thread Group - HL 1-89
2021-01-03 18:57:11,068 INFO o.a.j.t.JMeterThread: Thread finished: Thread Group - HL 1-21
2021-01-03 18:57:11,069 INFO o.a.j.t.JMeterThread: Thread finished: Thread Group - HL 1-8
2021-01-03 18:57:11,076 INFO o.a.j.t.JMeterThread: Thread finished: Thread Group - HL 1-56
2021-01-03 18:57:11,077 INFO o.a.j.t.JMeterThread: Thread finished: Thread Group - HL 1-44
2021-01-03 18:57:11,078 INFO o.a.j.t.JMeterThread: Thread finished: Thread Group - HL 1-71
2021-01-03 18:57:11,080 INFO o.a.j.t.JMeterThread: Thread finished: Thread Group - HL 1-2
2021-01-03 18:57:11,089 INFO o.a.j.t.JMeterThread: Thread finished: Thread Group - HL 1-12
2021-01-03 18:57:11,090 INFO o.a.j.t.JMeterThread: Thread finished: Thread Group - HL 1-91
2021-01-03 18:57:11,091 INFO o.a.j.t.JMeterThread: Thread finished: Thread Group - HL 1-9
2021-01-03 18:57:11,094 INFO o.a.j.t.JMeterThread: Thread finished: Thread Group - HL 1-72
2021-01-03 18:57:11,096 INFO o.a.j.t.JMeterThread: Thread finished: Thread Group - HL 1-15
2021-01-03 18:57:11,096 INFO o.a.j.t.JMeterThread: Thread finished: Thread Group - HL 1-57
2021-01-03 18:57:11,099 INFO o.a.j.t.JMeterThread: Thread finished: Thread Group - HL 1-4
2021-01-03 18:57:11,100 INFO o.a.j.t.JMeterThread: Thread finished: Thread Group - HL 1-45
2021-01-03 18:57:11,103 INFO o.a.j.t.JMeterThread: Thread finished: Thread Group - HL 1-7
2021-01-03 18:57:11,103 INFO o.a.j.t.JMeterThread: Thread finished: Thread Group - HL 1-1
2021-01-03 18:57:11,107 INFO o.a.j.t.JMeterThread: Thread finished: Thread Group - HL 1-35
2021-01-03 18:57:11,107 INFO o.a.j.t.JMeterThread: Thread finished: Thread Group - HL 1-73
2021-01-03 18:57:11,108 INFO o.a.j.t.JMeterThread: Thread finished: Thread Group - HL 1-36
2021-01-03 18:57:11,109 INFO o.a.j.t.JMeterThread: Thread finished: Thread Group - HL 1-11
2021-01-03 18:57:11,119 INFO o.a.j.t.JMeterThread: Thread finished: Thread Group - HL 1-46
2021-01-03 18:57:11,120 INFO o.a.j.t.JMeterThread: Thread finished: Thread Group - HL 1-28
2021-01-03 18:57:11,123 INFO o.a.j.t.JMeterThread: Thread finished: Thread Group - HL 1-74
2021-01-03 18:57:11,123 INFO o.a.j.t.JMeterThread: Thread finished: Thread Group - HL 1-5
2021-01-03 18:57:11,128 INFO o.a.j.t.JMeterThread: Thread finished: Thread Group - HL 1-6
2021-01-03 18:57:11,131 INFO o.a.j.t.JMeterThread: Thread finished: Thread Group - HL 1-16
2021-01-03 18:57:11,133 INFO o.a.j.t.JMeterThread: Thread finished: Thread Group - HL 1-29
2021-01-03 18:57:11,138 INFO o.a.j.t.JMeterThread: Thread finished: Thread Group - HL 1-59
2021-01-03 18:57:11,142 INFO o.a.j.t.JMeterThread: Thread finished: Thread Group - HL 1-58
2021-01-03 18:57:11,142 INFO o.a.j.t.JMeterThread: Thread finished: Thread Group - HL 1-75
2021-01-03 18:57:11,145 INFO o.a.j.t.JMeterThread: Thread finished: Thread Group - HL 1-47
2021-01-03 18:57:11,145 INFO o.a.j.t.JMeterThread: Thread finished: Thread Group - HL 1-37
2021-01-03 18:57:11,147 INFO o.a.j.t.JMeterThread: Thread finished: Thread Group - HL 1-22
2021-01-03 18:57:11,147 INFO o.a.j.t.JMeterThread: Thread finished: Thread Group - HL 1-3
2021-01-03 18:57:11,157 INFO o.a.j.t.JMeterThread: Thread finished: Thread Group - HL 1-76
2021-01-03 18:57:11,159 INFO o.a.j.t.JMeterThread: Thread finished: Thread Group - HL 1-60
2021-01-03 18:57:11,168 INFO o.a.j.t.JMeterThread: Thread finished: Thread Group - HL 1-48
2021-01-03 18:57:11,172 INFO o.a.j.t.JMeterThread: Thread finished: Thread Group - HL 1-77
2021-01-03 18:57:11,176 INFO o.a.j.t.JMeterThread: Thread finished: Thread Group - HL 1-18
2021-01-03 18:57:11,179 INFO o.a.j.t.JMeterThread: Thread finished: Thread Group - HL 1-61
2021-01-03 18:57:11,180 INFO o.a.j.t.JMeterThread: Thread finished: Thread Group - HL 1-23
2021-01-03 18:57:11,182 INFO o.a.j.t.JMeterThread: Thread finished: Thread Group - HL 1-38
2021-01-03 18:57:11,193 INFO o.a.j.t.JMeterThread: Thread finished: Thread Group - HL 1-98
2021-01-03 18:57:11,194 INFO o.a.j.t.JMeterThread: Thread finished: Thread Group - HL 1-78
2021-01-03 18:57:11,194 INFO o.a.j.t.JMeterThread: Thread finished: Thread Group - HL 1-99
2021-01-03 18:57:11,195 INFO o.a.j.t.JMeterThread: Thread finished: Thread Group - HL 1-30
2021-01-03 18:57:11,197 INFO o.a.j.t.JMeterThread: Thread finished: Thread Group - HL 1-49
2021-01-03 18:57:11,198 INFO o.a.j.t.JMeterThread: Thread finished: Thread Group - HL 1-62
2021-01-03 18:57:11,203 INFO o.a.j.t.JMeterThread: Thread finished: Thread Group - HL 1-100
2021-01-03 18:57:11,204 INFO o.a.j.t.JMeterThread: Thread finished: Thread Group - HL 1-39
2021-01-03 18:57:11,208 INFO o.a.j.t.JMeterThread: Thread finished: Thread Group - HL 1-79
2021-01-03 18:57:11,208 INFO o.a.j.t.JMeterThread: Thread finished: Thread Group - HL 1-24
2021-01-03 18:57:11,216 INFO o.a.j.t.JMeterThread: Thread finished: Thread Group - HL 1-63
2021-01-03 18:57:11,217 INFO o.a.j.t.JMeterThread: Thread finished: Thread Group - HL 1-80
2021-01-03 18:57:11,218 INFO o.a.j.t.JMeterThread: Thread finished: Thread Group - HL 1-50
2021-01-03 18:57:11,218 INFO o.a.j.t.JMeterThread: Thread finished: Thread Group - HL 1-31
2021-01-03 18:57:11,229 INFO o.a.j.t.JMeterThread: Thread finished: Thread Group - HL 1-81
2021-01-03 18:57:11,230 INFO o.a.j.t.JMeterThread: Thread finished: Thread Group - HL 1-40
2021-01-03 18:57:11,231 INFO o.a.j.t.JMeterThread: Thread finished: Thread Group - HL 1-64
2021-01-03 18:57:11,237 INFO o.a.j.t.JMeterThread: Stopping because end time detected by thread: Thread Group - HL 1-51
2021-01-03 18:57:11,238 INFO o.a.j.t.JMeterThread: Thread finished: Thread Group - HL 1-51
2021-01-03 18:57:11,238 INFO o.a.j.t.JMeterThread: Thread finished: Thread Group - HL 1-82
2021-01-03 18:57:11,240 INFO o.a.j.t.JMeterThread: Thread finished: Thread Group - HL 1-65
2021-01-03 18:57:11,245 INFO o.a.j.t.JMeterThread: Thread finished: Thread Group - HL 1-93
2021-01-03 18:57:11,246 INFO o.a.j.t.JMeterThread: Thread finished: Thread Group - HL 1-96
2021-01-03 18:57:11,246 INFO o.a.j.t.JMeterThread: Thread finished: Thread Group - HL 1-90
2021-01-03 18:57:11,246 INFO o.a.j.t.JMeterThread: Thread finished: Thread Group - HL 1-94
2021-01-03 18:57:11,247 INFO o.a.j.t.JMeterThread: Thread finished: Thread Group - HL 1-95
2021-01-03 18:57:11,248 INFO o.a.j.t.JMeterThread: Thread finished: Thread Group - HL 1-92
2021-01-03 18:57:11,252 INFO o.a.j.t.JMeterThread: Stopping because end time detected by thread: Thread Group - HL 1-97
2021-01-03 18:57:11,253 INFO o.a.j.t.JMeterThread: Thread finished: Thread Group - HL 1-97
2021-01-03 18:57:11,253 INFO o.a.j.e.StandardJMeterEngine: Notifying test listeners of end of test
2021-01-03 18:57:11,254 INFO o.a.j.r.Summariser: summary +   4216 in 00:00:11 =  374.7/s Avg:     2 Min:     0 Max:    47 Err:     0 (0.00%) Active: 0 Started: 100 Finished: 100
2021-01-03 18:57:11,255 INFO o.a.j.r.Summariser: summary =  22513 in 00:01:00 =  374.8/s Avg:     2 Min:     0 Max:   185 Err:     0 (0.00%)
