2021-01-03 19:06:53,545 INFO o.a.j.u.JMeterUtils: Setting Locale to en_EN
2021-01-03 19:06:53,566 INFO o.a.j.JMeter: Loading user properties from: user.properties
2021-01-03 19:06:53,567 INFO o.a.j.JMeter: Loading system properties from: system.properties
2021-01-03 19:06:53,568 INFO o.a.j.JMeter: Copyright (c) 1998-2020 The Apache Software Foundation
2021-01-03 19:06:53,568 INFO o.a.j.JMeter: Version 5.3
2021-01-03 19:06:53,569 INFO o.a.j.JMeter: java.version=11.0.8
2021-01-03 19:06:53,569 INFO o.a.j.JMeter: java.vm.name=Java HotSpot(TM) 64-Bit Server VM
2021-01-03 19:06:53,569 INFO o.a.j.JMeter: os.name=Windows 10
2021-01-03 19:06:53,606 INFO o.a.j.JMeter: os.arch=amd64
2021-01-03 19:06:53,606 INFO o.a.j.JMeter: os.version=10.0
2021-01-03 19:06:53,606 INFO o.a.j.JMeter: file.encoding=Cp1252
2021-01-03 19:06:53,606 INFO o.a.j.JMeter: java.awt.headless=true
2021-01-03 19:06:53,607 INFO o.a.j.JMeter: Max memory     =1073741824
2021-01-03 19:06:53,607 INFO o.a.j.JMeter: Available Processors =8
2021-01-03 19:06:53,615 INFO o.a.j.JMeter: Default Locale=English (EN)
2021-01-03 19:06:53,615 INFO o.a.j.JMeter: JMeter  Locale=English (EN)
2021-01-03 19:06:53,615 INFO o.a.j.JMeter: JMeterHome=C:\Users\fabio\Documents\Fabio\Università\Magistrale\2°anno\1°semestre\Impianti di Elaborazione\apache-jmeter-5.3
2021-01-03 19:06:53,615 INFO o.a.j.JMeter: user.dir  =C:\Users\fabio\Documents\Fabio\Università\Magistrale\2°anno\1°semestre\Impianti di Elaborazione\apache-jmeter-5.3\bin
2021-01-03 19:06:53,616 INFO o.a.j.JMeter: PWD       =C:\Users\fabio\Documents\Fabio\Università\Magistrale\2°anno\1°semestre\Impianti di Elaborazione\apache-jmeter-5.3\bin
2021-01-03 19:06:53,619 INFO o.a.j.JMeter: IP: 192.168.56.1 Name: LAPTOP-DSVV6SSR FullName: 192.168.56.1
2021-01-03 19:06:53,625 INFO o.a.j.s.FileServer: Default base='C:\Users\fabio\Documents\Fabio\Università\Magistrale\2°anno\1°semestre\Impianti di Elaborazione\apache-jmeter-5.3\bin'
2021-01-03 19:06:53,626 INFO o.a.j.s.FileServer: Set new base='C:\Users\fabio\Documents\Fabio\Università\Magistrale\2°anno\1°semestre\Impianti di Elaborazione\apache-jmeter-5.3\bin'
2021-01-03 19:06:53,752 INFO o.a.j.s.SaveService: Testplan (JMX) version: 2.2. Testlog (JTL) version: 2.2
2021-01-03 19:06:53,774 INFO o.a.j.s.SaveService: Using SaveService properties version 5.0
2021-01-03 19:06:53,778 INFO o.a.j.s.SaveService: Using SaveService properties file encoding UTF-8
2021-01-03 19:06:53,781 INFO o.a.j.s.SaveService: Loading file: DesignofExperiment.jmx
2021-01-03 19:06:53,840 INFO o.a.j.p.h.s.HTTPSamplerBase: Parser for text/html is org.apache.jmeter.protocol.http.parser.LagartoBasedHtmlParser
2021-01-03 19:06:53,840 INFO o.a.j.p.h.s.HTTPSamplerBase: Parser for application/xhtml+xml is org.apache.jmeter.protocol.http.parser.LagartoBasedHtmlParser
2021-01-03 19:06:53,840 INFO o.a.j.p.h.s.HTTPSamplerBase: Parser for application/xml is org.apache.jmeter.protocol.http.parser.LagartoBasedHtmlParser
2021-01-03 19:06:53,840 INFO o.a.j.p.h.s.HTTPSamplerBase: Parser for text/xml is org.apache.jmeter.protocol.http.parser.LagartoBasedHtmlParser
2021-01-03 19:06:53,840 INFO o.a.j.p.h.s.HTTPSamplerBase: Parser for text/vnd.wap.wml is org.apache.jmeter.protocol.http.parser.RegexpHTMLParser
2021-01-03 19:06:53,840 INFO o.a.j.p.h.s.HTTPSamplerBase: Parser for text/css is org.apache.jmeter.protocol.http.parser.CssParser
2021-01-03 19:06:53,868 INFO o.a.j.JMeter: Creating summariser <summary>
2021-01-03 19:06:53,873 INFO o.a.j.e.StandardJMeterEngine: Running the test!
2021-01-03 19:06:53,874 INFO o.a.j.s.SampleEvent: List of sample_variables: []
2021-01-03 19:06:53,874 INFO o.a.j.s.SampleEvent: List of sample_variables: []
2021-01-03 19:06:53,887 INFO o.a.j.e.u.CompoundVariable: Note: Function class names must contain the string: '.functions.'
2021-01-03 19:06:53,887 INFO o.a.j.e.u.CompoundVariable: Note: Function class names must not contain the string: '.gui.'
2021-01-03 19:06:54,170 INFO o.a.j.JMeter: Running test (1609697214170)
2021-01-03 19:06:54,183 INFO o.a.j.e.StandardJMeterEngine: Starting ThreadGroup: 1 : Thread Group - HM
2021-01-03 19:06:54,183 INFO o.a.j.e.StandardJMeterEngine: Starting 100 threads for group Thread Group - HM.
2021-01-03 19:06:54,184 INFO o.a.j.e.StandardJMeterEngine: Thread will continue on error
2021-01-03 19:06:54,184 INFO o.a.j.t.ThreadGroup: Starting thread group... number=1 threads=100 ramp-up=1 delayedStart=false
2021-01-03 19:06:54,193 INFO o.a.j.t.JMeterThread: Thread started: Thread Group - HM 1-1
2021-01-03 19:06:54,201 INFO o.a.j.t.JMeterThread: Thread started: Thread Group - HM 1-2
2021-01-03 19:06:54,210 INFO o.a.j.t.JMeterThread: Thread started: Thread Group - HM 1-3
2021-01-03 19:06:54,218 INFO o.a.j.t.JMeterThread: Thread started: Thread Group - HM 1-4
2021-01-03 19:06:54,226 INFO o.a.j.t.JMeterThread: Thread started: Thread Group - HM 1-5
2021-01-03 19:06:54,230 INFO o.a.j.p.h.s.HTTPHCAbstractImpl: Local host = LAPTOP-DSVV6SSR
2021-01-03 19:06:54,231 INFO o.a.j.t.ThreadGroup: Started thread group number 1
2021-01-03 19:06:54,232 INFO o.a.j.e.StandardJMeterEngine: All thread groups have been started
2021-01-03 19:06:54,239 INFO o.a.j.p.h.s.HTTPHC4Impl: HTTP request retry count = 0
2021-01-03 19:06:54,239 INFO o.a.j.t.JMeterThread: Thread started: Thread Group - HM 1-6
2021-01-03 19:06:54,241 INFO o.a.j.s.SampleResult: Note: Sample TimeStamps are START times
2021-01-03 19:06:54,241 INFO o.a.j.s.SampleResult: sampleresult.default.encoding is set to ISO-8859-1
2021-01-03 19:06:54,241 INFO o.a.j.s.SampleResult: sampleresult.useNanoTime=true
2021-01-03 19:06:54,241 INFO o.a.j.s.SampleResult: sampleresult.nanoThreadSleep=5000
2021-01-03 19:06:54,248 INFO o.a.j.t.JMeterThread: Thread started: Thread Group - HM 1-7
2021-01-03 19:06:54,257 INFO o.a.j.t.JMeterThread: Thread started: Thread Group - HM 1-8
2021-01-03 19:06:54,265 INFO o.a.j.t.JMeterThread: Thread started: Thread Group - HM 1-9
2021-01-03 19:06:54,275 INFO o.a.j.t.JMeterThread: Thread started: Thread Group - HM 1-10
2021-01-03 19:06:54,285 INFO o.a.j.t.JMeterThread: Thread started: Thread Group - HM 1-11
2021-01-03 19:06:54,296 INFO o.a.j.t.JMeterThread: Thread started: Thread Group - HM 1-12
2021-01-03 19:06:54,305 INFO o.a.j.t.JMeterThread: Thread started: Thread Group - HM 1-13
2021-01-03 19:06:54,315 INFO o.a.j.t.JMeterThread: Thread started: Thread Group - HM 1-14
2021-01-03 19:06:54,326 INFO o.a.j.t.JMeterThread: Thread started: Thread Group - HM 1-15
2021-01-03 19:06:54,335 INFO o.a.j.t.JMeterThread: Thread started: Thread Group - HM 1-16
2021-01-03 19:06:54,344 INFO o.a.j.t.JMeterThread: Thread started: Thread Group - HM 1-17
2021-01-03 19:06:54,355 INFO o.a.j.t.JMeterThread: Thread started: Thread Group - HM 1-18
2021-01-03 19:06:54,365 INFO o.a.j.t.JMeterThread: Thread started: Thread Group - HM 1-19
2021-01-03 19:06:54,376 INFO o.a.j.t.JMeterThread: Thread started: Thread Group - HM 1-20
2021-01-03 19:06:54,385 INFO o.a.j.t.JMeterThread: Thread started: Thread Group - HM 1-21
2021-01-03 19:06:54,394 INFO o.a.j.t.JMeterThread: Thread started: Thread Group - HM 1-22
2021-01-03 19:06:54,405 INFO o.a.j.t.JMeterThread: Thread started: Thread Group - HM 1-23
2021-01-03 19:06:54,421 INFO o.a.j.t.JMeterThread: Thread started: Thread Group - HM 1-24
2021-01-03 19:06:54,425 INFO o.a.j.t.JMeterThread: Thread started: Thread Group - HM 1-25
2021-01-03 19:06:54,438 INFO o.a.j.t.JMeterThread: Thread started: Thread Group - HM 1-26
2021-01-03 19:06:54,446 INFO o.a.j.t.JMeterThread: Thread started: Thread Group - HM 1-27
2021-01-03 19:06:54,456 INFO o.a.j.t.JMeterThread: Thread started: Thread Group - HM 1-28
2021-01-03 19:06:54,466 INFO o.a.j.t.JMeterThread: Thread started: Thread Group - HM 1-29
2021-01-03 19:06:54,475 INFO o.a.j.t.JMeterThread: Thread started: Thread Group - HM 1-30
2021-01-03 19:06:54,491 INFO o.a.j.t.JMeterThread: Thread started: Thread Group - HM 1-31
2021-01-03 19:06:54,507 INFO o.a.j.t.JMeterThread: Thread started: Thread Group - HM 1-33
2021-01-03 19:06:54,513 INFO o.a.j.t.JMeterThread: Thread started: Thread Group - HM 1-32
2021-01-03 19:06:54,517 INFO o.a.j.t.JMeterThread: Thread started: Thread Group - HM 1-34
2021-01-03 19:06:54,524 INFO o.a.j.t.JMeterThread: Thread started: Thread Group - HM 1-35
2021-01-03 19:06:54,536 INFO o.a.j.t.JMeterThread: Thread started: Thread Group - HM 1-36
2021-01-03 19:06:54,549 INFO o.a.j.t.JMeterThread: Thread started: Thread Group - HM 1-37
2021-01-03 19:06:54,557 INFO o.a.j.t.JMeterThread: Thread started: Thread Group - HM 1-38
2021-01-03 19:06:54,564 INFO o.a.j.t.JMeterThread: Thread started: Thread Group - HM 1-39
2021-01-03 19:06:54,575 INFO o.a.j.t.JMeterThread: Thread started: Thread Group - HM 1-40
2021-01-03 19:06:54,586 INFO o.a.j.t.JMeterThread: Thread started: Thread Group - HM 1-41
2021-01-03 19:06:54,594 INFO o.a.j.t.JMeterThread: Thread started: Thread Group - HM 1-42
2021-01-03 19:06:54,605 INFO o.a.j.t.JMeterThread: Thread started: Thread Group - HM 1-43
2021-01-03 19:06:54,614 INFO o.a.j.t.JMeterThread: Thread started: Thread Group - HM 1-44
2021-01-03 19:06:54,625 INFO o.a.j.t.JMeterThread: Thread started: Thread Group - HM 1-45
2021-01-03 19:06:54,635 INFO o.a.j.t.JMeterThread: Thread started: Thread Group - HM 1-46
2021-01-03 19:06:54,657 INFO o.a.j.t.JMeterThread: Thread started: Thread Group - HM 1-47
2021-01-03 19:06:54,657 INFO o.a.j.t.JMeterThread: Thread started: Thread Group - HM 1-48
2021-01-03 19:06:54,665 INFO o.a.j.t.JMeterThread: Thread started: Thread Group - HM 1-49
2021-01-03 19:06:54,675 INFO o.a.j.t.JMeterThread: Thread started: Thread Group - HM 1-50
2021-01-03 19:06:54,684 INFO o.a.j.t.JMeterThread: Thread started: Thread Group - HM 1-51
2021-01-03 19:06:54,699 INFO o.a.j.t.JMeterThread: Thread started: Thread Group - HM 1-52
2021-01-03 19:06:54,716 INFO o.a.j.t.JMeterThread: Thread started: Thread Group - HM 1-53
2021-01-03 19:06:54,716 INFO o.a.j.t.JMeterThread: Thread started: Thread Group - HM 1-54
2021-01-03 19:06:54,725 INFO o.a.j.t.JMeterThread: Thread started: Thread Group - HM 1-55
2021-01-03 19:06:54,735 INFO o.a.j.t.JMeterThread: Thread started: Thread Group - HM 1-56
2021-01-03 19:06:54,744 INFO o.a.j.t.JMeterThread: Thread started: Thread Group - HM 1-57
2021-01-03 19:06:54,755 INFO o.a.j.t.JMeterThread: Thread started: Thread Group - HM 1-58
2021-01-03 19:06:54,765 INFO o.a.j.t.JMeterThread: Thread started: Thread Group - HM 1-59
2021-01-03 19:06:54,774 INFO o.a.j.t.JMeterThread: Thread started: Thread Group - HM 1-60
2021-01-03 19:06:54,787 INFO o.a.j.t.JMeterThread: Thread started: Thread Group - HM 1-61
2021-01-03 19:06:54,795 INFO o.a.j.t.JMeterThread: Thread started: Thread Group - HM 1-62
2021-01-03 19:06:54,807 INFO o.a.j.t.JMeterThread: Thread started: Thread Group - HM 1-63
2021-01-03 19:06:54,815 INFO o.a.j.t.JMeterThread: Thread started: Thread Group - HM 1-64
2021-01-03 19:06:54,825 INFO o.a.j.t.JMeterThread: Thread started: Thread Group - HM 1-65
2021-01-03 19:06:54,838 INFO o.a.j.t.JMeterThread: Thread started: Thread Group - HM 1-66
2021-01-03 19:06:54,846 INFO o.a.j.t.JMeterThread: Thread started: Thread Group - HM 1-67
2021-01-03 19:06:54,856 INFO o.a.j.t.JMeterThread: Thread started: Thread Group - HM 1-68
2021-01-03 19:06:54,864 INFO o.a.j.t.JMeterThread: Thread started: Thread Group - HM 1-69
2021-01-03 19:06:54,875 INFO o.a.j.t.JMeterThread: Thread started: Thread Group - HM 1-70
2021-01-03 19:06:54,885 INFO o.a.j.t.JMeterThread: Thread started: Thread Group - HM 1-71
2021-01-03 19:06:54,894 INFO o.a.j.t.JMeterThread: Thread started: Thread Group - HM 1-72
2021-01-03 19:06:54,905 INFO o.a.j.t.JMeterThread: Thread started: Thread Group - HM 1-73
2021-01-03 19:06:54,915 INFO o.a.j.t.JMeterThread: Thread started: Thread Group - HM 1-74
2021-01-03 19:06:54,925 INFO o.a.j.t.JMeterThread: Thread started: Thread Group - HM 1-75
2021-01-03 19:06:54,936 INFO o.a.j.t.JMeterThread: Thread started: Thread Group - HM 1-76
2021-01-03 19:06:54,946 INFO o.a.j.t.JMeterThread: Thread started: Thread Group - HM 1-77
2021-01-03 19:06:54,954 INFO o.a.j.t.JMeterThread: Thread started: Thread Group - HM 1-78
2021-01-03 19:06:54,966 INFO o.a.j.t.JMeterThread: Thread started: Thread Group - HM 1-79
2021-01-03 19:06:54,976 INFO o.a.j.t.JMeterThread: Thread started: Thread Group - HM 1-80
2021-01-03 19:06:54,986 INFO o.a.j.t.JMeterThread: Thread started: Thread Group - HM 1-81
2021-01-03 19:06:54,995 INFO o.a.j.t.JMeterThread: Thread started: Thread Group - HM 1-82
2021-01-03 19:06:55,006 INFO o.a.j.t.JMeterThread: Thread started: Thread Group - HM 1-83
2021-01-03 19:06:55,015 INFO o.a.j.t.JMeterThread: Thread started: Thread Group - HM 1-84
2021-01-03 19:06:55,025 INFO o.a.j.t.JMeterThread: Thread started: Thread Group - HM 1-85
2021-01-03 19:06:55,035 INFO o.a.j.t.JMeterThread: Thread started: Thread Group - HM 1-86
2021-01-03 19:06:55,046 INFO o.a.j.t.JMeterThread: Thread started: Thread Group - HM 1-87
2021-01-03 19:06:55,055 INFO o.a.j.t.JMeterThread: Thread started: Thread Group - HM 1-88
2021-01-03 19:06:55,068 INFO o.a.j.t.JMeterThread: Thread started: Thread Group - HM 1-89
2021-01-03 19:06:55,075 INFO o.a.j.t.JMeterThread: Thread started: Thread Group - HM 1-90
2021-01-03 19:06:55,085 INFO o.a.j.t.JMeterThread: Thread started: Thread Group - HM 1-91
2021-01-03 19:06:55,096 INFO o.a.j.t.JMeterThread: Thread started: Thread Group - HM 1-92
2021-01-03 19:06:55,106 INFO o.a.j.t.JMeterThread: Thread started: Thread Group - HM 1-93
2021-01-03 19:06:55,115 INFO o.a.j.t.JMeterThread: Thread started: Thread Group - HM 1-94
2021-01-03 19:06:55,125 INFO o.a.j.t.JMeterThread: Thread started: Thread Group - HM 1-95
2021-01-03 19:06:55,136 INFO o.a.j.t.JMeterThread: Thread started: Thread Group - HM 1-96
2021-01-03 19:06:55,145 INFO o.a.j.t.JMeterThread: Thread started: Thread Group - HM 1-97
2021-01-03 19:06:55,156 INFO o.a.j.t.JMeterThread: Thread started: Thread Group - HM 1-98
2021-01-03 19:06:55,164 INFO o.a.j.t.JMeterThread: Thread started: Thread Group - HM 1-99
2021-01-03 19:06:55,176 INFO o.a.j.t.JMeterThread: Thread started: Thread Group - HM 1-100
2021-01-03 19:07:00,002 INFO o.a.j.r.Summariser: summary +   2066 in 00:00:06 =  354.4/s Avg:    39 Min:     0 Max:  1024 Err:    93 (4.50%) Active: 100 Started: 100 Finished: 0
2021-01-03 19:07:30,002 INFO o.a.j.r.Summariser: summary +  11244 in 00:00:30 =  374.8/s Avg:    13 Min:     0 Max:   203 Err:   208 (1.85%) Active: 100 Started: 100 Finished: 0
2021-01-03 19:07:30,003 INFO o.a.j.r.Summariser: summary =  13310 in 00:00:36 =  371.5/s Avg:    17 Min:     0 Max:  1024 Err:   301 (2.26%)
2021-01-03 19:07:53,949 INFO o.a.j.t.JMeterThread: Thread finished: Thread Group - HM 1-46
2021-01-03 19:07:53,951 INFO o.a.j.t.JMeterThread: Thread finished: Thread Group - HM 1-17
2021-01-03 19:07:53,953 INFO o.a.j.t.JMeterThread: Thread finished: Thread Group - HM 1-3
2021-01-03 19:07:53,959 INFO o.a.j.t.JMeterThread: Thread finished: Thread Group - HM 1-25
2021-01-03 19:07:53,961 INFO o.a.j.t.JMeterThread: Thread finished: Thread Group - HM 1-19
2021-01-03 19:07:53,964 INFO o.a.j.t.JMeterThread: Thread finished: Thread Group - HM 1-11
2021-01-03 19:07:53,968 INFO o.a.j.t.JMeterThread: Thread finished: Thread Group - HM 1-10
2021-01-03 19:07:53,969 INFO o.a.j.t.JMeterThread: Thread finished: Thread Group - HM 1-15
2021-01-03 19:07:53,972 INFO o.a.j.t.JMeterThread: Thread finished: Thread Group - HM 1-2
2021-01-03 19:07:53,973 INFO o.a.j.t.JMeterThread: Thread finished: Thread Group - HM 1-13
2021-01-03 19:07:53,974 INFO o.a.j.t.JMeterThread: Thread finished: Thread Group - HM 1-9
2021-01-03 19:07:53,977 INFO o.a.j.t.JMeterThread: Thread finished: Thread Group - HM 1-16
2021-01-03 19:07:53,984 INFO o.a.j.t.JMeterThread: Thread finished: Thread Group - HM 1-24
2021-01-03 19:07:53,989 INFO o.a.j.t.JMeterThread: Thread finished: Thread Group - HM 1-6
2021-01-03 19:07:54,013 INFO o.a.j.t.JMeterThread: Thread finished: Thread Group - HM 1-95
2021-01-03 19:07:54,020 INFO o.a.j.t.JMeterThread: Thread finished: Thread Group - HM 1-82
2021-01-03 19:07:54,037 INFO o.a.j.t.JMeterThread: Thread finished: Thread Group - HM 1-7
2021-01-03 19:07:54,040 INFO o.a.j.t.JMeterThread: Thread finished: Thread Group - HM 1-83
2021-01-03 19:07:54,049 INFO o.a.j.t.JMeterThread: Thread finished: Thread Group - HM 1-1
2021-01-03 19:07:54,049 INFO o.a.j.t.JMeterThread: Thread finished: Thread Group - HM 1-84
2021-01-03 19:07:54,050 INFO o.a.j.t.JMeterThread: Thread finished: Thread Group - HM 1-68
2021-01-03 19:07:54,051 INFO o.a.j.t.JMeterThread: Thread finished: Thread Group - HM 1-31
2021-01-03 19:07:54,053 INFO o.a.j.t.JMeterThread: Thread finished: Thread Group - HM 1-67
2021-01-03 19:07:54,055 INFO o.a.j.t.JMeterThread: Thread finished: Thread Group - HM 1-42
2021-01-03 19:07:54,057 INFO o.a.j.t.JMeterThread: Thread finished: Thread Group - HM 1-51
2021-01-03 19:07:54,059 INFO o.a.j.t.JMeterThread: Thread finished: Thread Group - HM 1-59
2021-01-03 19:07:54,061 INFO o.a.j.t.JMeterThread: Thread finished: Thread Group - HM 1-23
2021-01-03 19:07:54,065 INFO o.a.j.t.JMeterThread: Thread finished: Thread Group - HM 1-70
2021-01-03 19:07:54,067 INFO o.a.j.t.JMeterThread: Thread finished: Thread Group - HM 1-45
2021-01-03 19:07:54,070 INFO o.a.j.t.JMeterThread: Thread finished: Thread Group - HM 1-76
2021-01-03 19:07:54,072 INFO o.a.j.t.JMeterThread: Thread finished: Thread Group - HM 1-88
2021-01-03 19:07:54,074 INFO o.a.j.t.JMeterThread: Thread finished: Thread Group - HM 1-5
2021-01-03 19:07:54,075 INFO o.a.j.t.JMeterThread: Thread finished: Thread Group - HM 1-4
2021-01-03 19:07:54,077 INFO o.a.j.t.JMeterThread: Thread finished: Thread Group - HM 1-62
2021-01-03 19:07:54,084 INFO o.a.j.t.JMeterThread: Thread finished: Thread Group - HM 1-66
2021-01-03 19:07:54,087 INFO o.a.j.t.JMeterThread: Thread finished: Thread Group - HM 1-30
2021-01-03 19:07:54,087 INFO o.a.j.t.JMeterThread: Thread finished: Thread Group - HM 1-21
2021-01-03 19:07:54,090 INFO o.a.j.t.JMeterThread: Thread finished: Thread Group - HM 1-55
2021-01-03 19:07:54,093 INFO o.a.j.t.JMeterThread: Thread finished: Thread Group - HM 1-63
2021-01-03 19:07:54,095 INFO o.a.j.t.JMeterThread: Thread finished: Thread Group - HM 1-58
2021-01-03 19:07:54,095 INFO o.a.j.t.JMeterThread: Thread finished: Thread Group - HM 1-60
2021-01-03 19:07:54,096 INFO o.a.j.t.JMeterThread: Thread finished: Thread Group - HM 1-29
2021-01-03 19:07:54,098 INFO o.a.j.t.JMeterThread: Thread finished: Thread Group - HM 1-79
2021-01-03 19:07:54,101 INFO o.a.j.t.JMeterThread: Thread finished: Thread Group - HM 1-69
2021-01-03 19:07:54,102 INFO o.a.j.t.JMeterThread: Thread finished: Thread Group - HM 1-37
2021-01-03 19:07:54,104 INFO o.a.j.t.JMeterThread: Thread finished: Thread Group - HM 1-57
2021-01-03 19:07:54,106 INFO o.a.j.t.JMeterThread: Thread finished: Thread Group - HM 1-85
2021-01-03 19:07:54,107 INFO o.a.j.t.JMeterThread: Thread finished: Thread Group - HM 1-26
2021-01-03 19:07:54,110 INFO o.a.j.t.JMeterThread: Thread finished: Thread Group - HM 1-50
2021-01-03 19:07:54,112 INFO o.a.j.t.JMeterThread: Thread finished: Thread Group - HM 1-36
2021-01-03 19:07:54,115 INFO o.a.j.t.JMeterThread: Thread finished: Thread Group - HM 1-32
2021-01-03 19:07:54,117 INFO o.a.j.t.JMeterThread: Thread finished: Thread Group - HM 1-35
2021-01-03 19:07:54,121 INFO o.a.j.t.JMeterThread: Thread finished: Thread Group - HM 1-86
2021-01-03 19:07:54,124 INFO o.a.j.t.JMeterThread: Thread finished: Thread Group - HM 1-47
2021-01-03 19:07:54,126 INFO o.a.j.t.JMeterThread: Thread finished: Thread Group - HM 1-56
2021-01-03 19:07:54,128 INFO o.a.j.t.JMeterThread: Thread finished: Thread Group - HM 1-71
2021-01-03 19:07:54,133 INFO o.a.j.t.JMeterThread: Thread finished: Thread Group - HM 1-38
2021-01-03 19:07:54,135 INFO o.a.j.t.JMeterThread: Thread finished: Thread Group - HM 1-93
2021-01-03 19:07:54,137 INFO o.a.j.t.JMeterThread: Thread finished: Thread Group - HM 1-43
2021-01-03 19:07:54,139 INFO o.a.j.t.JMeterThread: Thread finished: Thread Group - HM 1-52
2021-01-03 19:07:54,141 INFO o.a.j.t.JMeterThread: Thread finished: Thread Group - HM 1-41
2021-01-03 19:07:54,149 INFO o.a.j.t.JMeterThread: Thread finished: Thread Group - HM 1-28
2021-01-03 19:07:54,151 INFO o.a.j.t.JMeterThread: Thread finished: Thread Group - HM 1-72
2021-01-03 19:07:54,153 INFO o.a.j.t.JMeterThread: Thread finished: Thread Group - HM 1-91
2021-01-03 19:07:54,155 INFO o.a.j.t.JMeterThread: Thread finished: Thread Group - HM 1-65
2021-01-03 19:07:54,157 INFO o.a.j.t.JMeterThread: Thread finished: Thread Group - HM 1-8
2021-01-03 19:07:54,160 INFO o.a.j.t.JMeterThread: Thread finished: Thread Group - HM 1-34
2021-01-03 19:07:54,161 INFO o.a.j.t.JMeterThread: Thread finished: Thread Group - HM 1-90
2021-01-03 19:07:54,163 INFO o.a.j.t.JMeterThread: Thread finished: Thread Group - HM 1-53
2021-01-03 19:07:54,166 INFO o.a.j.t.JMeterThread: Thread finished: Thread Group - HM 1-73
2021-01-03 19:07:54,169 INFO o.a.j.t.JMeterThread: Thread finished: Thread Group - HM 1-44
2021-01-03 19:07:54,171 INFO o.a.j.t.JMeterThread: Thread finished: Thread Group - HM 1-33
2021-01-03 19:07:54,173 INFO o.a.j.t.JMeterThread: Thread finished: Thread Group - HM 1-54
2021-01-03 19:07:54,173 INFO o.a.j.t.JMeterThread: Thread finished: Thread Group - HM 1-22
2021-01-03 19:07:54,175 INFO o.a.j.t.JMeterThread: Thread finished: Thread Group - HM 1-18
2021-01-03 19:07:54,176 INFO o.a.j.t.JMeterThread: Thread finished: Thread Group - HM 1-99
2021-01-03 19:07:54,184 INFO o.a.j.t.JMeterThread: Thread finished: Thread Group - HM 1-20
2021-01-03 19:07:54,186 INFO o.a.j.t.JMeterThread: Thread finished: Thread Group - HM 1-75
2021-01-03 19:07:54,189 INFO o.a.j.t.JMeterThread: Thread finished: Thread Group - HM 1-64
2021-01-03 19:07:54,192 INFO o.a.j.t.JMeterThread: Thread finished: Thread Group - HM 1-12
2021-01-03 19:07:54,193 INFO o.a.j.t.JMeterThread: Thread finished: Thread Group - HM 1-49
2021-01-03 19:07:54,196 INFO o.a.j.t.JMeterThread: Thread finished: Thread Group - HM 1-14
2021-01-03 19:07:54,198 INFO o.a.j.t.JMeterThread: Thread finished: Thread Group - HM 1-39
2021-01-03 19:07:54,200 INFO o.a.j.t.JMeterThread: Thread finished: Thread Group - HM 1-27
2021-01-03 19:07:54,202 INFO o.a.j.t.JMeterThread: Thread finished: Thread Group - HM 1-98
2021-01-03 19:07:54,204 INFO o.a.j.t.JMeterThread: Thread finished: Thread Group - HM 1-40
2021-01-03 19:07:54,208 INFO o.a.j.t.JMeterThread: Thread finished: Thread Group - HM 1-74
2021-01-03 19:07:54,211 INFO o.a.j.t.JMeterThread: Thread finished: Thread Group - HM 1-61
2021-01-03 19:07:54,215 INFO o.a.j.t.JMeterThread: Thread finished: Thread Group - HM 1-78
2021-01-03 19:07:54,217 INFO o.a.j.t.JMeterThread: Stopping because end time detected by thread: Thread Group - HM 1-48
2021-01-03 19:07:54,217 INFO o.a.j.t.JMeterThread: Thread finished: Thread Group - HM 1-48
2021-01-03 19:07:54,217 INFO o.a.j.t.JMeterThread: Thread finished: Thread Group - HM 1-77
2021-01-03 19:07:54,219 INFO o.a.j.t.JMeterThread: Thread finished: Thread Group - HM 1-97
2021-01-03 19:07:54,221 INFO o.a.j.t.JMeterThread: Thread finished: Thread Group - HM 1-80
2021-01-03 19:07:54,223 INFO o.a.j.t.JMeterThread: Thread finished: Thread Group - HM 1-92
2021-01-03 19:07:54,225 INFO o.a.j.t.JMeterThread: Thread finished: Thread Group - HM 1-100
2021-01-03 19:07:54,227 INFO o.a.j.t.JMeterThread: Stopping because end time detected by thread: Thread Group - HM 1-87
2021-01-03 19:07:54,227 INFO o.a.j.t.JMeterThread: Thread finished: Thread Group - HM 1-87
2021-01-03 19:07:54,229 INFO o.a.j.t.JMeterThread: Stopping because end time detected by thread: Thread Group - HM 1-94
2021-01-03 19:07:54,229 INFO o.a.j.t.JMeterThread: Thread finished: Thread Group - HM 1-94
2021-01-03 19:07:54,230 INFO o.a.j.t.JMeterThread: Stopping because end time detected by thread: Thread Group - HM 1-96
2021-01-03 19:07:54,231 INFO o.a.j.t.JMeterThread: Thread finished: Thread Group - HM 1-96
2021-01-03 19:07:54,232 INFO o.a.j.t.JMeterThread: Stopping because end time detected by thread: Thread Group - HM 1-89
2021-01-03 19:07:54,233 INFO o.a.j.t.JMeterThread: Thread finished: Thread Group - HM 1-89
2021-01-03 19:07:54,235 INFO o.a.j.t.JMeterThread: Stopping because end time detected by thread: Thread Group - HM 1-81
2021-01-03 19:07:54,235 INFO o.a.j.t.JMeterThread: Thread finished: Thread Group - HM 1-81
2021-01-03 19:07:54,235 INFO o.a.j.e.StandardJMeterEngine: Notifying test listeners of end of test
2021-01-03 19:07:54,236 INFO o.a.j.r.Summariser: summary +   9093 in 00:00:24 =  375.2/s Avg:    11 Min:     0 Max:   205 Err:   106 (1.17%) Active: 0 Started: 100 Finished: 100
2021-01-03 19:07:54,236 INFO o.a.j.r.Summariser: summary =  22403 in 00:01:00 =  373.0/s Avg:    14 Min:     0 Max:  1024 Err:   407 (1.82%)
