2021-01-03 19:05:23,671 INFO o.a.j.u.JMeterUtils: Setting Locale to en_EN
2021-01-03 19:05:23,693 INFO o.a.j.JMeter: Loading user properties from: user.properties
2021-01-03 19:05:23,693 INFO o.a.j.JMeter: Loading system properties from: system.properties
2021-01-03 19:05:23,695 INFO o.a.j.JMeter: Copyright (c) 1998-2020 The Apache Software Foundation
2021-01-03 19:05:23,695 INFO o.a.j.JMeter: Version 5.3
2021-01-03 19:05:23,695 INFO o.a.j.JMeter: java.version=11.0.8
2021-01-03 19:05:23,695 INFO o.a.j.JMeter: java.vm.name=Java HotSpot(TM) 64-Bit Server VM
2021-01-03 19:05:23,695 INFO o.a.j.JMeter: os.name=Windows 10
2021-01-03 19:05:23,696 INFO o.a.j.JMeter: os.arch=amd64
2021-01-03 19:05:23,696 INFO o.a.j.JMeter: os.version=10.0
2021-01-03 19:05:23,696 INFO o.a.j.JMeter: file.encoding=Cp1252
2021-01-03 19:05:23,696 INFO o.a.j.JMeter: java.awt.headless=true
2021-01-03 19:05:23,696 INFO o.a.j.JMeter: Max memory     =1073741824
2021-01-03 19:05:23,696 INFO o.a.j.JMeter: Available Processors =8
2021-01-03 19:05:23,705 INFO o.a.j.JMeter: Default Locale=English (EN)
2021-01-03 19:05:23,706 INFO o.a.j.JMeter: JMeter  Locale=English (EN)
2021-01-03 19:05:23,706 INFO o.a.j.JMeter: JMeterHome=C:\Users\fabio\Documents\Fabio\Università\Magistrale\2°anno\1°semestre\Impianti di Elaborazione\apache-jmeter-5.3
2021-01-03 19:05:23,706 INFO o.a.j.JMeter: user.dir  =C:\Users\fabio\Documents\Fabio\Università\Magistrale\2°anno\1°semestre\Impianti di Elaborazione\apache-jmeter-5.3\bin
2021-01-03 19:05:23,707 INFO o.a.j.JMeter: PWD       =C:\Users\fabio\Documents\Fabio\Università\Magistrale\2°anno\1°semestre\Impianti di Elaborazione\apache-jmeter-5.3\bin
2021-01-03 19:05:23,713 INFO o.a.j.JMeter: IP: 192.168.56.1 Name: LAPTOP-DSVV6SSR FullName: 192.168.56.1
2021-01-03 19:05:23,719 INFO o.a.j.s.FileServer: Default base='C:\Users\fabio\Documents\Fabio\Università\Magistrale\2°anno\1°semestre\Impianti di Elaborazione\apache-jmeter-5.3\bin'
2021-01-03 19:05:23,720 INFO o.a.j.s.FileServer: Set new base='C:\Users\fabio\Documents\Fabio\Università\Magistrale\2°anno\1°semestre\Impianti di Elaborazione\apache-jmeter-5.3\bin'
2021-01-03 19:05:23,843 INFO o.a.j.s.SaveService: Testplan (JMX) version: 2.2. Testlog (JTL) version: 2.2
2021-01-03 19:05:23,861 INFO o.a.j.s.SaveService: Using SaveService properties version 5.0
2021-01-03 19:05:23,865 INFO o.a.j.s.SaveService: Using SaveService properties file encoding UTF-8
2021-01-03 19:05:23,868 INFO o.a.j.s.SaveService: Loading file: DesignofExperiment.jmx
2021-01-03 19:05:23,928 INFO o.a.j.p.h.s.HTTPSamplerBase: Parser for text/html is org.apache.jmeter.protocol.http.parser.LagartoBasedHtmlParser
2021-01-03 19:05:23,928 INFO o.a.j.p.h.s.HTTPSamplerBase: Parser for application/xhtml+xml is org.apache.jmeter.protocol.http.parser.LagartoBasedHtmlParser
2021-01-03 19:05:23,928 INFO o.a.j.p.h.s.HTTPSamplerBase: Parser for application/xml is org.apache.jmeter.protocol.http.parser.LagartoBasedHtmlParser
2021-01-03 19:05:23,928 INFO o.a.j.p.h.s.HTTPSamplerBase: Parser for text/xml is org.apache.jmeter.protocol.http.parser.LagartoBasedHtmlParser
2021-01-03 19:05:23,928 INFO o.a.j.p.h.s.HTTPSamplerBase: Parser for text/vnd.wap.wml is org.apache.jmeter.protocol.http.parser.RegexpHTMLParser
2021-01-03 19:05:23,928 INFO o.a.j.p.h.s.HTTPSamplerBase: Parser for text/css is org.apache.jmeter.protocol.http.parser.CssParser
2021-01-03 19:05:23,954 INFO o.a.j.JMeter: Creating summariser <summary>
2021-01-03 19:05:23,960 INFO o.a.j.e.StandardJMeterEngine: Running the test!
2021-01-03 19:05:23,961 INFO o.a.j.s.SampleEvent: List of sample_variables: []
2021-01-03 19:05:23,961 INFO o.a.j.s.SampleEvent: List of sample_variables: []
2021-01-03 19:05:23,970 INFO o.a.j.e.u.CompoundVariable: Note: Function class names must contain the string: '.functions.'
2021-01-03 19:05:23,970 INFO o.a.j.e.u.CompoundVariable: Note: Function class names must not contain the string: '.gui.'
2021-01-03 19:05:24,256 INFO o.a.j.JMeter: Running test (1609697124256)
2021-01-03 19:05:24,269 INFO o.a.j.e.StandardJMeterEngine: Starting ThreadGroup: 1 : Thread Group - HM
2021-01-03 19:05:24,270 INFO o.a.j.e.StandardJMeterEngine: Starting 100 threads for group Thread Group - HM.
2021-01-03 19:05:24,270 INFO o.a.j.e.StandardJMeterEngine: Thread will continue on error
2021-01-03 19:05:24,270 INFO o.a.j.t.ThreadGroup: Starting thread group... number=1 threads=100 ramp-up=1 delayedStart=false
2021-01-03 19:05:24,281 INFO o.a.j.t.JMeterThread: Thread started: Thread Group - HM 1-1
2021-01-03 19:05:24,287 INFO o.a.j.t.JMeterThread: Thread started: Thread Group - HM 1-2
2021-01-03 19:05:24,296 INFO o.a.j.t.JMeterThread: Thread started: Thread Group - HM 1-3
2021-01-03 19:05:24,304 INFO o.a.j.t.JMeterThread: Thread started: Thread Group - HM 1-4
2021-01-03 19:05:24,312 INFO o.a.j.t.JMeterThread: Thread started: Thread Group - HM 1-5
2021-01-03 19:05:24,318 INFO o.a.j.p.h.s.HTTPHCAbstractImpl: Local host = LAPTOP-DSVV6SSR
2021-01-03 19:05:24,321 INFO o.a.j.t.ThreadGroup: Started thread group number 1
2021-01-03 19:05:24,321 INFO o.a.j.e.StandardJMeterEngine: All thread groups have been started
2021-01-03 19:05:24,325 INFO o.a.j.t.JMeterThread: Thread started: Thread Group - HM 1-6
2021-01-03 19:05:24,328 INFO o.a.j.p.h.s.HTTPHC4Impl: HTTP request retry count = 0
2021-01-03 19:05:24,330 INFO o.a.j.s.SampleResult: Note: Sample TimeStamps are START times
2021-01-03 19:05:24,330 INFO o.a.j.s.SampleResult: sampleresult.default.encoding is set to ISO-8859-1
2021-01-03 19:05:24,330 INFO o.a.j.s.SampleResult: sampleresult.useNanoTime=true
2021-01-03 19:05:24,330 INFO o.a.j.s.SampleResult: sampleresult.nanoThreadSleep=5000
2021-01-03 19:05:24,335 INFO o.a.j.t.JMeterThread: Thread started: Thread Group - HM 1-7
2021-01-03 19:05:24,344 INFO o.a.j.t.JMeterThread: Thread started: Thread Group - HM 1-8
2021-01-03 19:05:24,351 INFO o.a.j.t.JMeterThread: Thread started: Thread Group - HM 1-9
2021-01-03 19:05:24,361 INFO o.a.j.t.JMeterThread: Thread started: Thread Group - HM 1-10
2021-01-03 19:05:24,372 INFO o.a.j.t.JMeterThread: Thread started: Thread Group - HM 1-11
2021-01-03 19:05:24,382 INFO o.a.j.t.JMeterThread: Thread started: Thread Group - HM 1-12
2021-01-03 19:05:24,390 INFO o.a.j.t.JMeterThread: Thread started: Thread Group - HM 1-13
2021-01-03 19:05:24,401 INFO o.a.j.t.JMeterThread: Thread started: Thread Group - HM 1-14
2021-01-03 19:05:24,411 INFO o.a.j.t.JMeterThread: Thread started: Thread Group - HM 1-15
2021-01-03 19:05:24,422 INFO o.a.j.t.JMeterThread: Thread started: Thread Group - HM 1-16
2021-01-03 19:05:24,431 INFO o.a.j.t.JMeterThread: Thread started: Thread Group - HM 1-17
2021-01-03 19:05:24,441 INFO o.a.j.t.JMeterThread: Thread started: Thread Group - HM 1-18
2021-01-03 19:05:24,450 INFO o.a.j.t.JMeterThread: Thread started: Thread Group - HM 1-19
2021-01-03 19:05:24,462 INFO o.a.j.t.JMeterThread: Thread started: Thread Group - HM 1-20
2021-01-03 19:05:24,471 INFO o.a.j.t.JMeterThread: Thread started: Thread Group - HM 1-21
2021-01-03 19:05:24,480 INFO o.a.j.t.JMeterThread: Thread started: Thread Group - HM 1-22
2021-01-03 19:05:24,494 INFO o.a.j.t.JMeterThread: Thread started: Thread Group - HM 1-23
2021-01-03 19:05:24,503 INFO o.a.j.t.JMeterThread: Thread started: Thread Group - HM 1-24
2021-01-03 19:05:24,511 INFO o.a.j.t.JMeterThread: Thread started: Thread Group - HM 1-25
2021-01-03 19:05:24,521 INFO o.a.j.t.JMeterThread: Thread started: Thread Group - HM 1-26
2021-01-03 19:05:24,531 INFO o.a.j.t.JMeterThread: Thread started: Thread Group - HM 1-27
2021-01-03 19:05:24,542 INFO o.a.j.t.JMeterThread: Thread started: Thread Group - HM 1-28
2021-01-03 19:05:24,552 INFO o.a.j.t.JMeterThread: Thread started: Thread Group - HM 1-29
2021-01-03 19:05:24,562 INFO o.a.j.t.JMeterThread: Thread started: Thread Group - HM 1-30
2021-01-03 19:05:24,573 INFO o.a.j.t.JMeterThread: Thread started: Thread Group - HM 1-31
2021-01-03 19:05:24,581 INFO o.a.j.t.JMeterThread: Thread started: Thread Group - HM 1-32
2021-01-03 19:05:24,590 INFO o.a.j.t.JMeterThread: Thread started: Thread Group - HM 1-33
2021-01-03 19:05:24,601 INFO o.a.j.t.JMeterThread: Thread started: Thread Group - HM 1-34
2021-01-03 19:05:24,614 INFO o.a.j.t.JMeterThread: Thread started: Thread Group - HM 1-35
2021-01-03 19:05:24,621 INFO o.a.j.t.JMeterThread: Thread started: Thread Group - HM 1-36
2021-01-03 19:05:24,633 INFO o.a.j.t.JMeterThread: Thread started: Thread Group - HM 1-37
2021-01-03 19:05:24,641 INFO o.a.j.t.JMeterThread: Thread started: Thread Group - HM 1-38
2021-01-03 19:05:24,650 INFO o.a.j.t.JMeterThread: Thread started: Thread Group - HM 1-39
2021-01-03 19:05:24,661 INFO o.a.j.t.JMeterThread: Thread started: Thread Group - HM 1-40
2021-01-03 19:05:24,671 INFO o.a.j.t.JMeterThread: Thread started: Thread Group - HM 1-41
2021-01-03 19:05:24,680 INFO o.a.j.t.JMeterThread: Thread started: Thread Group - HM 1-42
2021-01-03 19:05:24,691 INFO o.a.j.t.JMeterThread: Thread started: Thread Group - HM 1-43
2021-01-03 19:05:24,701 INFO o.a.j.t.JMeterThread: Thread started: Thread Group - HM 1-44
2021-01-03 19:05:24,710 INFO o.a.j.t.JMeterThread: Thread started: Thread Group - HM 1-45
2021-01-03 19:05:24,722 INFO o.a.j.t.JMeterThread: Thread started: Thread Group - HM 1-46
2021-01-03 19:05:24,731 INFO o.a.j.t.JMeterThread: Thread started: Thread Group - HM 1-47
2021-01-03 19:05:24,742 INFO o.a.j.t.JMeterThread: Thread started: Thread Group - HM 1-48
2021-01-03 19:05:24,751 INFO o.a.j.t.JMeterThread: Thread started: Thread Group - HM 1-49
2021-01-03 19:05:24,761 INFO o.a.j.t.JMeterThread: Thread started: Thread Group - HM 1-50
2021-01-03 19:05:24,771 INFO o.a.j.t.JMeterThread: Thread started: Thread Group - HM 1-51
2021-01-03 19:05:24,782 INFO o.a.j.t.JMeterThread: Thread started: Thread Group - HM 1-52
2021-01-03 19:05:24,791 INFO o.a.j.t.JMeterThread: Thread started: Thread Group - HM 1-53
2021-01-03 19:05:24,801 INFO o.a.j.t.JMeterThread: Thread started: Thread Group - HM 1-54
2021-01-03 19:05:24,812 INFO o.a.j.t.JMeterThread: Thread started: Thread Group - HM 1-55
2021-01-03 19:05:24,822 INFO o.a.j.t.JMeterThread: Thread started: Thread Group - HM 1-56
2021-01-03 19:05:24,831 INFO o.a.j.t.JMeterThread: Thread started: Thread Group - HM 1-57
2021-01-03 19:05:24,842 INFO o.a.j.t.JMeterThread: Thread started: Thread Group - HM 1-58
2021-01-03 19:05:24,852 INFO o.a.j.t.JMeterThread: Thread started: Thread Group - HM 1-59
2021-01-03 19:05:24,861 INFO o.a.j.t.JMeterThread: Thread started: Thread Group - HM 1-60
2021-01-03 19:05:24,871 INFO o.a.j.t.JMeterThread: Thread started: Thread Group - HM 1-61
2021-01-03 19:05:24,882 INFO o.a.j.t.JMeterThread: Thread started: Thread Group - HM 1-62
2021-01-03 19:05:24,892 INFO o.a.j.t.JMeterThread: Thread started: Thread Group - HM 1-63
2021-01-03 19:05:24,901 INFO o.a.j.t.JMeterThread: Thread started: Thread Group - HM 1-64
2021-01-03 19:05:24,912 INFO o.a.j.t.JMeterThread: Thread started: Thread Group - HM 1-65
2021-01-03 19:05:24,922 INFO o.a.j.t.JMeterThread: Thread started: Thread Group - HM 1-66
2021-01-03 19:05:24,932 INFO o.a.j.t.JMeterThread: Thread started: Thread Group - HM 1-67
2021-01-03 19:05:24,942 INFO o.a.j.t.JMeterThread: Thread started: Thread Group - HM 1-68
2021-01-03 19:05:24,951 INFO o.a.j.t.JMeterThread: Thread started: Thread Group - HM 1-69
2021-01-03 19:05:24,961 INFO o.a.j.t.JMeterThread: Thread started: Thread Group - HM 1-70
2021-01-03 19:05:24,972 INFO o.a.j.t.JMeterThread: Thread started: Thread Group - HM 1-71
2021-01-03 19:05:24,981 INFO o.a.j.t.JMeterThread: Thread started: Thread Group - HM 1-72
2021-01-03 19:05:24,992 INFO o.a.j.t.JMeterThread: Thread started: Thread Group - HM 1-73
2021-01-03 19:05:25,001 INFO o.a.j.t.JMeterThread: Thread started: Thread Group - HM 1-74
2021-01-03 19:05:25,011 INFO o.a.j.t.JMeterThread: Thread started: Thread Group - HM 1-75
2021-01-03 19:05:25,022 INFO o.a.j.t.JMeterThread: Thread started: Thread Group - HM 1-76
2021-01-03 19:05:25,032 INFO o.a.j.t.JMeterThread: Thread started: Thread Group - HM 1-77
2021-01-03 19:05:25,044 INFO o.a.j.t.JMeterThread: Thread started: Thread Group - HM 1-78
2021-01-03 19:05:25,051 INFO o.a.j.t.JMeterThread: Thread started: Thread Group - HM 1-79
2021-01-03 19:05:25,062 INFO o.a.j.t.JMeterThread: Thread started: Thread Group - HM 1-80
2021-01-03 19:05:25,071 INFO o.a.j.t.JMeterThread: Thread started: Thread Group - HM 1-81
2021-01-03 19:05:25,080 INFO o.a.j.t.JMeterThread: Thread started: Thread Group - HM 1-82
2021-01-03 19:05:25,092 INFO o.a.j.t.JMeterThread: Thread started: Thread Group - HM 1-83
2021-01-03 19:05:25,102 INFO o.a.j.t.JMeterThread: Thread started: Thread Group - HM 1-84
2021-01-03 19:05:25,111 INFO o.a.j.t.JMeterThread: Thread started: Thread Group - HM 1-85
2021-01-03 19:05:25,121 INFO o.a.j.t.JMeterThread: Thread started: Thread Group - HM 1-86
2021-01-03 19:05:25,132 INFO o.a.j.t.JMeterThread: Thread started: Thread Group - HM 1-87
2021-01-03 19:05:25,141 INFO o.a.j.t.JMeterThread: Thread started: Thread Group - HM 1-88
2021-01-03 19:05:25,151 INFO o.a.j.t.JMeterThread: Thread started: Thread Group - HM 1-89
2021-01-03 19:05:25,161 INFO o.a.j.t.JMeterThread: Thread started: Thread Group - HM 1-90
2021-01-03 19:05:25,171 INFO o.a.j.t.JMeterThread: Thread started: Thread Group - HM 1-91
2021-01-03 19:05:25,181 INFO o.a.j.t.JMeterThread: Thread started: Thread Group - HM 1-92
2021-01-03 19:05:25,191 INFO o.a.j.t.JMeterThread: Thread started: Thread Group - HM 1-93
2021-01-03 19:05:25,201 INFO o.a.j.t.JMeterThread: Thread started: Thread Group - HM 1-94
2021-01-03 19:05:25,211 INFO o.a.j.t.JMeterThread: Thread started: Thread Group - HM 1-95
2021-01-03 19:05:25,223 INFO o.a.j.t.JMeterThread: Thread started: Thread Group - HM 1-96
2021-01-03 19:05:25,232 INFO o.a.j.t.JMeterThread: Thread started: Thread Group - HM 1-97
2021-01-03 19:05:25,241 INFO o.a.j.t.JMeterThread: Thread started: Thread Group - HM 1-98
2021-01-03 19:05:25,250 INFO o.a.j.t.JMeterThread: Thread started: Thread Group - HM 1-99
2021-01-03 19:05:25,262 INFO o.a.j.t.JMeterThread: Thread started: Thread Group - HM 1-100
2021-01-03 19:05:30,002 INFO o.a.j.r.Summariser: summary +   2037 in 00:00:06 =  354.6/s Avg:    53 Min:     0 Max:   655 Err:    23 (1.13%) Active: 100 Started: 100 Finished: 0
2021-01-03 19:06:00,003 INFO o.a.j.r.Summariser: summary +  11260 in 00:00:30 =  375.3/s Avg:    19 Min:     0 Max:   309 Err:   304 (2.70%) Active: 100 Started: 100 Finished: 0
2021-01-03 19:06:00,004 INFO o.a.j.r.Summariser: summary =  13297 in 00:00:36 =  372.0/s Avg:    24 Min:     0 Max:   655 Err:   327 (2.46%)
2021-01-03 19:06:24,031 INFO o.a.j.t.JMeterThread: Thread finished: Thread Group - HM 1-7
2021-01-03 19:06:24,040 INFO o.a.j.t.JMeterThread: Thread finished: Thread Group - HM 1-25
2021-01-03 19:06:24,042 INFO o.a.j.t.JMeterThread: Thread finished: Thread Group - HM 1-4
2021-01-03 19:06:24,073 INFO o.a.j.t.JMeterThread: Thread finished: Thread Group - HM 1-42
2021-01-03 19:06:24,084 INFO o.a.j.t.JMeterThread: Thread finished: Thread Group - HM 1-77
2021-01-03 19:06:24,086 INFO o.a.j.t.JMeterThread: Thread finished: Thread Group - HM 1-49
2021-01-03 19:06:24,094 INFO o.a.j.t.JMeterThread: Thread finished: Thread Group - HM 1-76
2021-01-03 19:06:24,099 INFO o.a.j.t.JMeterThread: Thread finished: Thread Group - HM 1-43
2021-01-03 19:06:24,102 INFO o.a.j.t.JMeterThread: Thread finished: Thread Group - HM 1-81
2021-01-03 19:06:24,103 INFO o.a.j.t.JMeterThread: Thread finished: Thread Group - HM 1-82
2021-01-03 19:06:24,105 INFO o.a.j.t.JMeterThread: Thread finished: Thread Group - HM 1-10
2021-01-03 19:06:24,107 INFO o.a.j.t.JMeterThread: Thread finished: Thread Group - HM 1-6
2021-01-03 19:06:24,109 INFO o.a.j.t.JMeterThread: Thread finished: Thread Group - HM 1-83
2021-01-03 19:06:24,114 INFO o.a.j.t.JMeterThread: Thread finished: Thread Group - HM 1-84
2021-01-03 19:06:24,116 INFO o.a.j.t.JMeterThread: Thread finished: Thread Group - HM 1-1
2021-01-03 19:06:24,118 INFO o.a.j.t.JMeterThread: Thread finished: Thread Group - HM 1-32
2021-01-03 19:06:24,120 INFO o.a.j.t.JMeterThread: Thread finished: Thread Group - HM 1-85
2021-01-03 19:06:24,133 INFO o.a.j.t.JMeterThread: Thread finished: Thread Group - HM 1-12
2021-01-03 19:06:24,136 INFO o.a.j.t.JMeterThread: Thread finished: Thread Group - HM 1-20
2021-01-03 19:06:24,139 INFO o.a.j.t.JMeterThread: Thread finished: Thread Group - HM 1-51
2021-01-03 19:06:24,142 INFO o.a.j.t.JMeterThread: Thread finished: Thread Group - HM 1-87
2021-01-03 19:06:24,145 INFO o.a.j.t.JMeterThread: Thread finished: Thread Group - HM 1-22
2021-01-03 19:06:24,147 INFO o.a.j.t.JMeterThread: Thread finished: Thread Group - HM 1-2
2021-01-03 19:06:24,150 INFO o.a.j.t.JMeterThread: Thread finished: Thread Group - HM 1-75
2021-01-03 19:06:24,152 INFO o.a.j.t.JMeterThread: Thread finished: Thread Group - HM 1-21
2021-01-03 19:06:24,153 INFO o.a.j.t.JMeterThread: Thread finished: Thread Group - HM 1-88
2021-01-03 19:06:24,155 INFO o.a.j.t.JMeterThread: Thread finished: Thread Group - HM 1-50
2021-01-03 19:06:24,159 INFO o.a.j.t.JMeterThread: Thread finished: Thread Group - HM 1-14
2021-01-03 19:06:24,161 INFO o.a.j.t.JMeterThread: Thread finished: Thread Group - HM 1-89
2021-01-03 19:06:24,162 INFO o.a.j.t.JMeterThread: Thread finished: Thread Group - HM 1-45
2021-01-03 19:06:24,167 INFO o.a.j.t.JMeterThread: Thread finished: Thread Group - HM 1-73
2021-01-03 19:06:24,169 INFO o.a.j.t.JMeterThread: Thread finished: Thread Group - HM 1-16
2021-01-03 19:06:24,170 INFO o.a.j.t.JMeterThread: Thread finished: Thread Group - HM 1-90
2021-01-03 19:06:24,172 INFO o.a.j.t.JMeterThread: Thread finished: Thread Group - HM 1-40
2021-01-03 19:06:24,176 INFO o.a.j.t.JMeterThread: Thread finished: Thread Group - HM 1-80
2021-01-03 19:06:24,178 INFO o.a.j.t.JMeterThread: Thread finished: Thread Group - HM 1-27
2021-01-03 19:06:24,180 INFO o.a.j.t.JMeterThread: Thread finished: Thread Group - HM 1-91
2021-01-03 19:06:24,183 INFO o.a.j.t.JMeterThread: Thread finished: Thread Group - HM 1-9
2021-01-03 19:06:24,185 INFO o.a.j.t.JMeterThread: Thread finished: Thread Group - HM 1-11
2021-01-03 19:06:24,193 INFO o.a.j.t.JMeterThread: Thread finished: Thread Group - HM 1-44
2021-01-03 19:06:24,195 INFO o.a.j.t.JMeterThread: Thread finished: Thread Group - HM 1-92
2021-01-03 19:06:24,197 INFO o.a.j.t.JMeterThread: Thread finished: Thread Group - HM 1-8
2021-01-03 19:06:24,200 INFO o.a.j.t.JMeterThread: Thread finished: Thread Group - HM 1-86
2021-01-03 19:06:24,201 INFO o.a.j.t.JMeterThread: Thread finished: Thread Group - HM 1-28
2021-01-03 19:06:24,203 INFO o.a.j.t.JMeterThread: Thread finished: Thread Group - HM 1-15
2021-01-03 19:06:24,205 INFO o.a.j.t.JMeterThread: Thread finished: Thread Group - HM 1-93
2021-01-03 19:06:24,207 INFO o.a.j.t.JMeterThread: Thread finished: Thread Group - HM 1-94
2021-01-03 19:06:24,210 INFO o.a.j.t.JMeterThread: Thread finished: Thread Group - HM 1-41
2021-01-03 19:06:24,212 INFO o.a.j.t.JMeterThread: Thread finished: Thread Group - HM 1-47
2021-01-03 19:06:24,214 INFO o.a.j.t.JMeterThread: Thread finished: Thread Group - HM 1-13
2021-01-03 19:06:24,217 INFO o.a.j.t.JMeterThread: Thread finished: Thread Group - HM 1-23
2021-01-03 19:06:24,219 INFO o.a.j.t.JMeterThread: Thread finished: Thread Group - HM 1-53
2021-01-03 19:06:24,221 INFO o.a.j.t.JMeterThread: Thread finished: Thread Group - HM 1-46
2021-01-03 19:06:24,223 INFO o.a.j.t.JMeterThread: Thread finished: Thread Group - HM 1-26
2021-01-03 19:06:24,225 INFO o.a.j.t.JMeterThread: Thread finished: Thread Group - HM 1-18
2021-01-03 19:06:24,234 INFO o.a.j.t.JMeterThread: Thread finished: Thread Group - HM 1-55
2021-01-03 19:06:24,236 INFO o.a.j.t.JMeterThread: Thread finished: Thread Group - HM 1-58
2021-01-03 19:06:24,238 INFO o.a.j.t.JMeterThread: Thread finished: Thread Group - HM 1-60
2021-01-03 19:06:24,240 INFO o.a.j.t.JMeterThread: Thread finished: Thread Group - HM 1-61
2021-01-03 19:06:24,242 INFO o.a.j.t.JMeterThread: Thread finished: Thread Group - HM 1-62
2021-01-03 19:06:24,244 INFO o.a.j.t.JMeterThread: Thread finished: Thread Group - HM 1-52
2021-01-03 19:06:24,270 INFO o.a.j.t.JMeterThread: Thread finished: Thread Group - HM 1-69
2021-01-03 19:06:24,273 INFO o.a.j.t.JMeterThread: Thread finished: Thread Group - HM 1-54
2021-01-03 19:06:24,275 INFO o.a.j.t.JMeterThread: Thread finished: Thread Group - HM 1-99
2021-01-03 19:06:24,277 INFO o.a.j.t.JMeterThread: Thread finished: Thread Group - HM 1-65
2021-01-03 19:06:24,278 INFO o.a.j.t.JMeterThread: Thread finished: Thread Group - HM 1-37
2021-01-03 19:06:24,282 INFO o.a.j.t.JMeterThread: Thread finished: Thread Group - HM 1-31
2021-01-03 19:06:24,285 INFO o.a.j.t.JMeterThread: Thread finished: Thread Group - HM 1-38
2021-01-03 19:06:24,286 INFO o.a.j.t.JMeterThread: Thread finished: Thread Group - HM 1-24
2021-01-03 19:06:24,287 INFO o.a.j.t.JMeterThread: Thread finished: Thread Group - HM 1-66
2021-01-03 19:06:24,288 INFO o.a.j.t.JMeterThread: Thread finished: Thread Group - HM 1-59
2021-01-03 19:06:24,290 INFO o.a.j.t.JMeterThread: Stopping because end time detected by thread: Thread Group - HM 1-17
2021-01-03 19:06:24,290 INFO o.a.j.t.JMeterThread: Thread finished: Thread Group - HM 1-17
2021-01-03 19:06:24,294 INFO o.a.j.t.JMeterThread: Thread finished: Thread Group - HM 1-39
2021-01-03 19:06:24,298 INFO o.a.j.t.JMeterThread: Thread finished: Thread Group - HM 1-74
2021-01-03 19:06:24,300 INFO o.a.j.t.JMeterThread: Stopping because end time detected by thread: Thread Group - HM 1-33
2021-01-03 19:06:24,300 INFO o.a.j.t.JMeterThread: Thread finished: Thread Group - HM 1-33
2021-01-03 19:06:24,302 INFO o.a.j.t.JMeterThread: Thread finished: Thread Group - HM 1-48
2021-01-03 19:06:24,303 INFO o.a.j.t.JMeterThread: Stopping because end time detected by thread: Thread Group - HM 1-3
2021-01-03 19:06:24,303 INFO o.a.j.t.JMeterThread: Thread finished: Thread Group - HM 1-3
2021-01-03 19:06:24,306 INFO o.a.j.t.JMeterThread: Thread finished: Thread Group - HM 1-79
2021-01-03 19:06:24,310 INFO o.a.j.t.JMeterThread: Stopping because end time detected by thread: Thread Group - HM 1-19
2021-01-03 19:06:24,310 INFO o.a.j.t.JMeterThread: Thread finished: Thread Group - HM 1-19
2021-01-03 19:06:24,312 INFO o.a.j.t.JMeterThread: Thread finished: Thread Group - HM 1-95
2021-01-03 19:06:24,315 INFO o.a.j.t.JMeterThread: Stopping because end time detected by thread: Thread Group - HM 1-29
2021-01-03 19:06:24,315 INFO o.a.j.t.JMeterThread: Thread finished: Thread Group - HM 1-29
2021-01-03 19:06:24,316 INFO o.a.j.t.JMeterThread: Stopping because end time detected by thread: Thread Group - HM 1-78
2021-01-03 19:06:24,316 INFO o.a.j.t.JMeterThread: Thread finished: Thread Group - HM 1-78
2021-01-03 19:06:24,320 INFO o.a.j.t.JMeterThread: Stopping because end time detected by thread: Thread Group - HM 1-5
2021-01-03 19:06:24,320 INFO o.a.j.t.JMeterThread: Thread finished: Thread Group - HM 1-5
2021-01-03 19:06:24,322 INFO o.a.j.t.JMeterThread: Stopping because end time detected by thread: Thread Group - HM 1-63
2021-01-03 19:06:24,322 INFO o.a.j.t.JMeterThread: Thread finished: Thread Group - HM 1-63
2021-01-03 19:06:24,324 INFO o.a.j.t.JMeterThread: Stopping because end time detected by thread: Thread Group - HM 1-57
2021-01-03 19:06:24,324 INFO o.a.j.t.JMeterThread: Thread finished: Thread Group - HM 1-57
2021-01-03 19:06:24,325 INFO o.a.j.t.JMeterThread: Stopping because end time detected by thread: Thread Group - HM 1-98
2021-01-03 19:06:24,325 INFO o.a.j.t.JMeterThread: Thread finished: Thread Group - HM 1-98
2021-01-03 19:06:24,327 INFO o.a.j.t.JMeterThread: Stopping because end time detected by thread: Thread Group - HM 1-56
2021-01-03 19:06:24,327 INFO o.a.j.t.JMeterThread: Thread finished: Thread Group - HM 1-56
2021-01-03 19:06:24,329 INFO o.a.j.t.JMeterThread: Stopping because end time detected by thread: Thread Group - HM 1-67
2021-01-03 19:06:24,329 INFO o.a.j.t.JMeterThread: Thread finished: Thread Group - HM 1-67
2021-01-03 19:06:24,331 INFO o.a.j.t.JMeterThread: Stopping because end time detected by thread: Thread Group - HM 1-30
2021-01-03 19:06:24,331 INFO o.a.j.t.JMeterThread: Thread finished: Thread Group - HM 1-30
2021-01-03 19:06:24,333 INFO o.a.j.t.JMeterThread: Stopping because end time detected by thread: Thread Group - HM 1-71
2021-01-03 19:06:24,334 INFO o.a.j.t.JMeterThread: Thread finished: Thread Group - HM 1-71
2021-01-03 19:06:24,335 INFO o.a.j.t.JMeterThread: Stopping because end time detected by thread: Thread Group - HM 1-34
2021-01-03 19:06:24,336 INFO o.a.j.t.JMeterThread: Thread finished: Thread Group - HM 1-34
2021-01-03 19:06:24,338 INFO o.a.j.t.JMeterThread: Stopping because end time detected by thread: Thread Group - HM 1-35
2021-01-03 19:06:24,338 INFO o.a.j.t.JMeterThread: Thread finished: Thread Group - HM 1-35
2021-01-03 19:06:24,340 INFO o.a.j.t.JMeterThread: Stopping because end time detected by thread: Thread Group - HM 1-72
2021-01-03 19:06:24,340 INFO o.a.j.t.JMeterThread: Thread finished: Thread Group - HM 1-72
2021-01-03 19:06:24,342 INFO o.a.j.t.JMeterThread: Stopping because end time detected by thread: Thread Group - HM 1-36
2021-01-03 19:06:24,342 INFO o.a.j.t.JMeterThread: Thread finished: Thread Group - HM 1-36
2021-01-03 19:06:24,343 INFO o.a.j.t.JMeterThread: Stopping because end time detected by thread: Thread Group - HM 1-70
2021-01-03 19:06:24,343 INFO o.a.j.t.JMeterThread: Thread finished: Thread Group - HM 1-70
2021-01-03 19:06:24,345 INFO o.a.j.t.JMeterThread: Stopping because end time detected by thread: Thread Group - HM 1-68
2021-01-03 19:06:24,345 INFO o.a.j.t.JMeterThread: Thread finished: Thread Group - HM 1-68
2021-01-03 19:06:24,347 INFO o.a.j.t.JMeterThread: Stopping because end time detected by thread: Thread Group - HM 1-96
2021-01-03 19:06:24,347 INFO o.a.j.t.JMeterThread: Thread finished: Thread Group - HM 1-96
2021-01-03 19:06:24,349 INFO o.a.j.t.JMeterThread: Stopping because end time detected by thread: Thread Group - HM 1-64
2021-01-03 19:06:24,349 INFO o.a.j.t.JMeterThread: Thread finished: Thread Group - HM 1-64
2021-01-03 19:06:24,350 INFO o.a.j.t.JMeterThread: Stopping because end time detected by thread: Thread Group - HM 1-100
2021-01-03 19:06:24,350 INFO o.a.j.t.JMeterThread: Thread finished: Thread Group - HM 1-100
2021-01-03 19:06:24,353 INFO o.a.j.t.JMeterThread: Stopping because end time detected by thread: Thread Group - HM 1-97
2021-01-03 19:06:24,353 INFO o.a.j.t.JMeterThread: Thread finished: Thread Group - HM 1-97
2021-01-03 19:06:24,353 INFO o.a.j.e.StandardJMeterEngine: Notifying test listeners of end of test
2021-01-03 19:06:24,354 INFO o.a.j.r.Summariser: summary +   9112 in 00:00:24 =  374.2/s Avg:    20 Min:     0 Max:   315 Err:   678 (7.44%) Active: 0 Started: 100 Finished: 100
2021-01-03 19:06:24,354 INFO o.a.j.r.Summariser: summary =  22409 in 00:01:00 =  372.9/s Avg:    22 Min:     0 Max:   655 Err:  1005 (4.48%)
