2021-01-03 18:11:44,312 INFO o.a.j.u.JMeterUtils: Setting Locale to en_EN
2021-01-03 18:11:44,332 INFO o.a.j.JMeter: Loading user properties from: user.properties
2021-01-03 18:11:44,332 INFO o.a.j.JMeter: Loading system properties from: system.properties
2021-01-03 18:11:44,333 INFO o.a.j.JMeter: Copyright (c) 1998-2020 The Apache Software Foundation
2021-01-03 18:11:44,334 INFO o.a.j.JMeter: Version 5.3
2021-01-03 18:11:44,334 INFO o.a.j.JMeter: java.version=11.0.8
2021-01-03 18:11:44,334 INFO o.a.j.JMeter: java.vm.name=Java HotSpot(TM) 64-Bit Server VM
2021-01-03 18:11:44,334 INFO o.a.j.JMeter: os.name=Windows 10
2021-01-03 18:11:44,334 INFO o.a.j.JMeter: os.arch=amd64
2021-01-03 18:11:44,334 INFO o.a.j.JMeter: os.version=10.0
2021-01-03 18:11:44,334 INFO o.a.j.JMeter: file.encoding=Cp1252
2021-01-03 18:11:44,334 INFO o.a.j.JMeter: java.awt.headless=true
2021-01-03 18:11:44,335 INFO o.a.j.JMeter: Max memory     =1073741824
2021-01-03 18:11:44,335 INFO o.a.j.JMeter: Available Processors =8
2021-01-03 18:11:44,344 INFO o.a.j.JMeter: Default Locale=English (EN)
2021-01-03 18:11:44,344 INFO o.a.j.JMeter: JMeter  Locale=English (EN)
2021-01-03 18:11:44,344 INFO o.a.j.JMeter: JMeterHome=C:\Users\fabio\Documents\Fabio\Università\Magistrale\2°anno\1°semestre\Impianti di Elaborazione\apache-jmeter-5.3
2021-01-03 18:11:44,345 INFO o.a.j.JMeter: user.dir  =C:\Users\fabio\Documents\Fabio\Università\Magistrale\2°anno\1°semestre\Impianti di Elaborazione\apache-jmeter-5.3\bin
2021-01-03 18:11:44,345 INFO o.a.j.JMeter: PWD       =C:\Users\fabio\Documents\Fabio\Università\Magistrale\2°anno\1°semestre\Impianti di Elaborazione\apache-jmeter-5.3\bin
2021-01-03 18:11:44,348 INFO o.a.j.JMeter: IP: 192.168.56.1 Name: LAPTOP-DSVV6SSR FullName: 192.168.56.1
2021-01-03 18:11:44,354 INFO o.a.j.s.FileServer: Default base='C:\Users\fabio\Documents\Fabio\Università\Magistrale\2°anno\1°semestre\Impianti di Elaborazione\apache-jmeter-5.3\bin'
2021-01-03 18:11:44,355 INFO o.a.j.s.FileServer: Set new base='C:\Users\fabio\Documents\Fabio\Università\Magistrale\2°anno\1°semestre\Impianti di Elaborazione\apache-jmeter-5.3\bin'
2021-01-03 18:11:44,479 INFO o.a.j.s.SaveService: Testplan (JMX) version: 2.2. Testlog (JTL) version: 2.2
2021-01-03 18:11:44,500 INFO o.a.j.s.SaveService: Using SaveService properties version 5.0
2021-01-03 18:11:44,504 INFO o.a.j.s.SaveService: Using SaveService properties file encoding UTF-8
2021-01-03 18:11:44,507 INFO o.a.j.s.SaveService: Loading file: DesignofExperiment.jmx
2021-01-03 18:11:44,564 INFO o.a.j.p.h.s.HTTPSamplerBase: Parser for text/html is org.apache.jmeter.protocol.http.parser.LagartoBasedHtmlParser
2021-01-03 18:11:44,564 INFO o.a.j.p.h.s.HTTPSamplerBase: Parser for application/xhtml+xml is org.apache.jmeter.protocol.http.parser.LagartoBasedHtmlParser
2021-01-03 18:11:44,565 INFO o.a.j.p.h.s.HTTPSamplerBase: Parser for application/xml is org.apache.jmeter.protocol.http.parser.LagartoBasedHtmlParser
2021-01-03 18:11:44,565 INFO o.a.j.p.h.s.HTTPSamplerBase: Parser for text/xml is org.apache.jmeter.protocol.http.parser.LagartoBasedHtmlParser
2021-01-03 18:11:44,565 INFO o.a.j.p.h.s.HTTPSamplerBase: Parser for text/vnd.wap.wml is org.apache.jmeter.protocol.http.parser.RegexpHTMLParser
2021-01-03 18:11:44,565 INFO o.a.j.p.h.s.HTTPSamplerBase: Parser for text/css is org.apache.jmeter.protocol.http.parser.CssParser
2021-01-03 18:11:44,591 INFO o.a.j.JMeter: Creating summariser <summary>
2021-01-03 18:11:44,596 INFO o.a.j.e.StandardJMeterEngine: Running the test!
2021-01-03 18:11:44,597 INFO o.a.j.s.SampleEvent: List of sample_variables: []
2021-01-03 18:11:44,597 INFO o.a.j.s.SampleEvent: List of sample_variables: []
2021-01-03 18:11:44,608 INFO o.a.j.e.u.CompoundVariable: Note: Function class names must contain the string: '.functions.'
2021-01-03 18:11:44,609 INFO o.a.j.e.u.CompoundVariable: Note: Function class names must not contain the string: '.gui.'
2021-01-03 18:11:44,896 INFO o.a.j.JMeter: Running test (1609693904896)
2021-01-03 18:11:44,911 INFO o.a.j.e.StandardJMeterEngine: Starting ThreadGroup: 1 : Thread Group - LM
2021-01-03 18:11:44,911 INFO o.a.j.e.StandardJMeterEngine: Starting 100 threads for group Thread Group - LM.
2021-01-03 18:11:44,911 INFO o.a.j.e.StandardJMeterEngine: Thread will continue on error
2021-01-03 18:11:44,912 INFO o.a.j.t.ThreadGroup: Starting thread group... number=1 threads=100 ramp-up=1 delayedStart=false
2021-01-03 18:11:44,920 INFO o.a.j.t.JMeterThread: Thread started: Thread Group - LM 1-1
2021-01-03 18:11:44,928 INFO o.a.j.t.JMeterThread: Thread started: Thread Group - LM 1-2
2021-01-03 18:11:44,937 INFO o.a.j.t.JMeterThread: Thread started: Thread Group - LM 1-3
2021-01-03 18:11:44,945 INFO o.a.j.t.JMeterThread: Thread started: Thread Group - LM 1-4
2021-01-03 18:11:44,955 INFO o.a.j.t.JMeterThread: Thread started: Thread Group - LM 1-5
2021-01-03 18:11:44,955 INFO o.a.j.p.h.s.HTTPHCAbstractImpl: Local host = LAPTOP-DSVV6SSR
2021-01-03 18:11:44,957 INFO o.a.j.t.ThreadGroup: Started thread group number 1
2021-01-03 18:11:44,957 INFO o.a.j.e.StandardJMeterEngine: All thread groups have been started
2021-01-03 18:11:44,962 INFO o.a.j.p.h.s.HTTPHC4Impl: HTTP request retry count = 0
2021-01-03 18:11:44,964 INFO o.a.j.s.SampleResult: Note: Sample TimeStamps are START times
2021-01-03 18:11:44,964 INFO o.a.j.s.SampleResult: sampleresult.default.encoding is set to ISO-8859-1
2021-01-03 18:11:44,964 INFO o.a.j.s.SampleResult: sampleresult.useNanoTime=true
2021-01-03 18:11:44,965 INFO o.a.j.s.SampleResult: sampleresult.nanoThreadSleep=5000
2021-01-03 18:11:44,967 INFO o.a.j.t.JMeterThread: Thread started: Thread Group - LM 1-6
2021-01-03 18:11:44,977 INFO o.a.j.t.JMeterThread: Thread started: Thread Group - LM 1-7
2021-01-03 18:11:44,985 INFO o.a.j.t.JMeterThread: Thread started: Thread Group - LM 1-8
2021-01-03 18:11:44,994 INFO o.a.j.t.JMeterThread: Thread started: Thread Group - LM 1-9
2021-01-03 18:11:45,003 INFO o.a.j.t.JMeterThread: Thread started: Thread Group - LM 1-10
2021-01-03 18:11:45,014 INFO o.a.j.t.JMeterThread: Thread started: Thread Group - LM 1-11
2021-01-03 18:11:45,024 INFO o.a.j.t.JMeterThread: Thread started: Thread Group - LM 1-12
2021-01-03 18:11:45,034 INFO o.a.j.t.JMeterThread: Thread started: Thread Group - LM 1-13
2021-01-03 18:11:45,043 INFO o.a.j.t.JMeterThread: Thread started: Thread Group - LM 1-14
2021-01-03 18:11:45,053 INFO o.a.j.t.JMeterThread: Thread started: Thread Group - LM 1-15
2021-01-03 18:11:45,064 INFO o.a.j.t.JMeterThread: Thread started: Thread Group - LM 1-16
2021-01-03 18:11:45,074 INFO o.a.j.t.JMeterThread: Thread started: Thread Group - LM 1-17
2021-01-03 18:11:45,082 INFO o.a.j.t.JMeterThread: Thread started: Thread Group - LM 1-18
2021-01-03 18:11:45,093 INFO o.a.j.t.JMeterThread: Thread started: Thread Group - LM 1-19
2021-01-03 18:11:45,106 INFO o.a.j.t.JMeterThread: Thread started: Thread Group - LM 1-20
2021-01-03 18:11:45,113 INFO o.a.j.t.JMeterThread: Thread started: Thread Group - LM 1-21
2021-01-03 18:11:45,136 INFO o.a.j.t.JMeterThread: Thread started: Thread Group - LM 1-23
2021-01-03 18:11:45,126 INFO o.a.j.t.JMeterThread: Thread started: Thread Group - LM 1-22
2021-01-03 18:11:45,144 INFO o.a.j.t.JMeterThread: Thread started: Thread Group - LM 1-24
2021-01-03 18:11:45,154 INFO o.a.j.t.JMeterThread: Thread started: Thread Group - LM 1-25
2021-01-03 18:11:45,163 INFO o.a.j.t.JMeterThread: Thread started: Thread Group - LM 1-26
2021-01-03 18:11:45,173 INFO o.a.j.t.JMeterThread: Thread started: Thread Group - LM 1-27
2021-01-03 18:11:45,185 INFO o.a.j.t.JMeterThread: Thread started: Thread Group - LM 1-28
2021-01-03 18:11:45,194 INFO o.a.j.t.JMeterThread: Thread started: Thread Group - LM 1-29
2021-01-03 18:11:45,202 INFO o.a.j.t.JMeterThread: Thread started: Thread Group - LM 1-30
2021-01-03 18:11:45,213 INFO o.a.j.t.JMeterThread: Thread started: Thread Group - LM 1-31
2021-01-03 18:11:45,224 INFO o.a.j.t.JMeterThread: Thread started: Thread Group - LM 1-32
2021-01-03 18:11:45,233 INFO o.a.j.t.JMeterThread: Thread started: Thread Group - LM 1-33
2021-01-03 18:11:45,243 INFO o.a.j.t.JMeterThread: Thread started: Thread Group - LM 1-34
2021-01-03 18:11:45,253 INFO o.a.j.t.JMeterThread: Thread started: Thread Group - LM 1-35
2021-01-03 18:11:45,262 INFO o.a.j.t.JMeterThread: Thread started: Thread Group - LM 1-36
2021-01-03 18:11:45,274 INFO o.a.j.t.JMeterThread: Thread started: Thread Group - LM 1-37
2021-01-03 18:11:45,283 INFO o.a.j.t.JMeterThread: Thread started: Thread Group - LM 1-38
2021-01-03 18:11:45,292 INFO o.a.j.t.JMeterThread: Thread started: Thread Group - LM 1-39
2021-01-03 18:11:45,302 INFO o.a.j.t.JMeterThread: Thread started: Thread Group - LM 1-40
2021-01-03 18:11:45,314 INFO o.a.j.t.JMeterThread: Thread started: Thread Group - LM 1-41
2021-01-03 18:11:45,324 INFO o.a.j.t.JMeterThread: Thread started: Thread Group - LM 1-42
2021-01-03 18:11:45,332 INFO o.a.j.t.JMeterThread: Thread started: Thread Group - LM 1-43
2021-01-03 18:11:45,346 INFO o.a.j.t.JMeterThread: Thread started: Thread Group - LM 1-44
2021-01-03 18:11:45,354 INFO o.a.j.t.JMeterThread: Thread started: Thread Group - LM 1-45
2021-01-03 18:11:45,363 INFO o.a.j.t.JMeterThread: Thread started: Thread Group - LM 1-46
2021-01-03 18:11:45,373 INFO o.a.j.t.JMeterThread: Thread started: Thread Group - LM 1-47
2021-01-03 18:11:45,383 INFO o.a.j.t.JMeterThread: Thread started: Thread Group - LM 1-48
2021-01-03 18:11:45,393 INFO o.a.j.t.JMeterThread: Thread started: Thread Group - LM 1-49
2021-01-03 18:11:45,404 INFO o.a.j.t.JMeterThread: Thread started: Thread Group - LM 1-50
2021-01-03 18:11:45,413 INFO o.a.j.t.JMeterThread: Thread started: Thread Group - LM 1-51
2021-01-03 18:11:45,422 INFO o.a.j.t.JMeterThread: Thread started: Thread Group - LM 1-52
2021-01-03 18:11:45,434 INFO o.a.j.t.JMeterThread: Thread started: Thread Group - LM 1-53
2021-01-03 18:11:45,444 INFO o.a.j.t.JMeterThread: Thread started: Thread Group - LM 1-54
2021-01-03 18:11:45,452 INFO o.a.j.t.JMeterThread: Thread started: Thread Group - LM 1-55
2021-01-03 18:11:45,462 INFO o.a.j.t.JMeterThread: Thread started: Thread Group - LM 1-56
2021-01-03 18:11:45,473 INFO o.a.j.t.JMeterThread: Thread started: Thread Group - LM 1-57
2021-01-03 18:11:45,483 INFO o.a.j.t.JMeterThread: Thread started: Thread Group - LM 1-58
2021-01-03 18:11:45,492 INFO o.a.j.t.JMeterThread: Thread started: Thread Group - LM 1-59
2021-01-03 18:11:45,503 INFO o.a.j.t.JMeterThread: Thread started: Thread Group - LM 1-60
2021-01-03 18:11:45,513 INFO o.a.j.t.JMeterThread: Thread started: Thread Group - LM 1-61
2021-01-03 18:11:45,523 INFO o.a.j.t.JMeterThread: Thread started: Thread Group - LM 1-62
2021-01-03 18:11:45,533 INFO o.a.j.t.JMeterThread: Thread started: Thread Group - LM 1-63
2021-01-03 18:11:45,543 INFO o.a.j.t.JMeterThread: Thread started: Thread Group - LM 1-64
2021-01-03 18:11:45,552 INFO o.a.j.t.JMeterThread: Thread started: Thread Group - LM 1-65
2021-01-03 18:11:45,564 INFO o.a.j.t.JMeterThread: Thread started: Thread Group - LM 1-66
2021-01-03 18:11:45,573 INFO o.a.j.t.JMeterThread: Thread started: Thread Group - LM 1-67
2021-01-03 18:11:45,582 INFO o.a.j.t.JMeterThread: Thread started: Thread Group - LM 1-68
2021-01-03 18:11:45,592 INFO o.a.j.t.JMeterThread: Thread started: Thread Group - LM 1-69
2021-01-03 18:11:45,604 INFO o.a.j.t.JMeterThread: Thread started: Thread Group - LM 1-70
2021-01-03 18:11:45,612 INFO o.a.j.t.JMeterThread: Thread started: Thread Group - LM 1-71
2021-01-03 18:11:45,622 INFO o.a.j.t.JMeterThread: Thread started: Thread Group - LM 1-72
2021-01-03 18:11:45,633 INFO o.a.j.t.JMeterThread: Thread started: Thread Group - LM 1-73
2021-01-03 18:11:45,644 INFO o.a.j.t.JMeterThread: Thread started: Thread Group - LM 1-74
2021-01-03 18:11:45,652 INFO o.a.j.t.JMeterThread: Thread started: Thread Group - LM 1-75
2021-01-03 18:11:45,662 INFO o.a.j.t.JMeterThread: Thread started: Thread Group - LM 1-76
2021-01-03 18:11:45,673 INFO o.a.j.t.JMeterThread: Thread started: Thread Group - LM 1-77
2021-01-03 18:11:45,684 INFO o.a.j.t.JMeterThread: Thread started: Thread Group - LM 1-78
2021-01-03 18:11:45,692 INFO o.a.j.t.JMeterThread: Thread started: Thread Group - LM 1-79
2021-01-03 18:11:45,703 INFO o.a.j.t.JMeterThread: Thread started: Thread Group - LM 1-80
2021-01-03 18:11:45,713 INFO o.a.j.t.JMeterThread: Thread started: Thread Group - LM 1-81
2021-01-03 18:11:45,722 INFO o.a.j.t.JMeterThread: Thread started: Thread Group - LM 1-82
2021-01-03 18:11:45,732 INFO o.a.j.t.JMeterThread: Thread started: Thread Group - LM 1-83
2021-01-03 18:11:45,743 INFO o.a.j.t.JMeterThread: Thread started: Thread Group - LM 1-84
2021-01-03 18:11:45,753 INFO o.a.j.t.JMeterThread: Thread started: Thread Group - LM 1-85
2021-01-03 18:11:45,762 INFO o.a.j.t.JMeterThread: Thread started: Thread Group - LM 1-86
2021-01-03 18:11:45,772 INFO o.a.j.t.JMeterThread: Thread started: Thread Group - LM 1-87
2021-01-03 18:11:45,783 INFO o.a.j.t.JMeterThread: Thread started: Thread Group - LM 1-88
2021-01-03 18:11:45,793 INFO o.a.j.t.JMeterThread: Thread started: Thread Group - LM 1-89
2021-01-03 18:11:45,802 INFO o.a.j.t.JMeterThread: Thread started: Thread Group - LM 1-90
2021-01-03 18:11:45,813 INFO o.a.j.t.JMeterThread: Thread started: Thread Group - LM 1-91
2021-01-03 18:11:45,823 INFO o.a.j.t.JMeterThread: Thread started: Thread Group - LM 1-92
2021-01-03 18:11:45,832 INFO o.a.j.t.JMeterThread: Thread started: Thread Group - LM 1-93
2021-01-03 18:11:45,842 INFO o.a.j.t.JMeterThread: Thread started: Thread Group - LM 1-94
2021-01-03 18:11:45,853 INFO o.a.j.t.JMeterThread: Thread started: Thread Group - LM 1-95
2021-01-03 18:11:45,862 INFO o.a.j.t.JMeterThread: Thread started: Thread Group - LM 1-96
2021-01-03 18:11:45,873 INFO o.a.j.t.JMeterThread: Thread started: Thread Group - LM 1-97
2021-01-03 18:11:45,883 INFO o.a.j.t.JMeterThread: Thread started: Thread Group - LM 1-98
2021-01-03 18:11:45,892 INFO o.a.j.t.JMeterThread: Thread started: Thread Group - LM 1-99
2021-01-03 18:11:45,902 INFO o.a.j.t.JMeterThread: Thread started: Thread Group - LM 1-100
2021-01-03 18:12:00,028 INFO o.a.j.r.Summariser: summary +   1947 in 00:00:15 =  128.7/s Avg:    10 Min:     2 Max:   203 Err:     0 (0.00%) Active: 100 Started: 100 Finished: 0
2021-01-03 18:12:30,022 INFO o.a.j.r.Summariser: summary +   3749 in 00:00:30 =  125.0/s Avg:     7 Min:     2 Max:    59 Err:     0 (0.00%) Active: 100 Started: 100 Finished: 0
2021-01-03 18:12:30,022 INFO o.a.j.r.Summariser: summary =   5696 in 00:00:45 =  126.2/s Avg:     8 Min:     2 Max:   203 Err:     0 (0.00%)
2021-01-03 18:12:44,140 INFO o.a.j.t.JMeterThread: Thread finished: Thread Group - LM 1-3
2021-01-03 18:12:44,149 INFO o.a.j.t.JMeterThread: Thread finished: Thread Group - LM 1-1
2021-01-03 18:12:44,186 INFO o.a.j.t.JMeterThread: Thread finished: Thread Group - LM 1-93
2021-01-03 18:12:44,194 INFO o.a.j.t.JMeterThread: Thread finished: Thread Group - LM 1-52
2021-01-03 18:12:44,210 INFO o.a.j.t.JMeterThread: Thread finished: Thread Group - LM 1-7
2021-01-03 18:12:44,229 INFO o.a.j.t.JMeterThread: Thread finished: Thread Group - LM 1-95
2021-01-03 18:12:44,242 INFO o.a.j.t.JMeterThread: Thread finished: Thread Group - LM 1-53
2021-01-03 18:12:44,249 INFO o.a.j.t.JMeterThread: Thread finished: Thread Group - LM 1-96
2021-01-03 18:12:44,267 INFO o.a.j.t.JMeterThread: Thread finished: Thread Group - LM 1-28
2021-01-03 18:12:44,275 INFO o.a.j.t.JMeterThread: Thread finished: Thread Group - LM 1-97
2021-01-03 18:12:44,282 INFO o.a.j.t.JMeterThread: Thread finished: Thread Group - LM 1-54
2021-01-03 18:12:44,286 INFO o.a.j.t.JMeterThread: Thread finished: Thread Group - LM 1-98
2021-01-03 18:12:44,288 INFO o.a.j.t.JMeterThread: Thread finished: Thread Group - LM 1-99
2021-01-03 18:12:44,290 INFO o.a.j.t.JMeterThread: Thread finished: Thread Group - LM 1-55
2021-01-03 18:12:44,310 INFO o.a.j.t.JMeterThread: Thread finished: Thread Group - LM 1-100
2021-01-03 18:12:44,317 INFO o.a.j.t.JMeterThread: Thread finished: Thread Group - LM 1-56
2021-01-03 18:12:44,319 INFO o.a.j.t.JMeterThread: Thread finished: Thread Group - LM 1-30
2021-01-03 18:12:44,322 INFO o.a.j.t.JMeterThread: Thread finished: Thread Group - LM 1-6
2021-01-03 18:12:44,332 INFO o.a.j.t.JMeterThread: Thread finished: Thread Group - LM 1-57
2021-01-03 18:12:44,334 INFO o.a.j.t.JMeterThread: Thread finished: Thread Group - LM 1-29
2021-01-03 18:12:44,357 INFO o.a.j.t.JMeterThread: Thread finished: Thread Group - LM 1-10
2021-01-03 18:12:44,364 INFO o.a.j.t.JMeterThread: Thread finished: Thread Group - LM 1-58
2021-01-03 18:12:44,372 INFO o.a.j.t.JMeterThread: Thread finished: Thread Group - LM 1-59
2021-01-03 18:12:44,383 INFO o.a.j.t.JMeterThread: Thread finished: Thread Group - LM 1-31
2021-01-03 18:12:44,401 INFO o.a.j.t.JMeterThread: Thread finished: Thread Group - LM 1-60
2021-01-03 18:12:44,414 INFO o.a.j.t.JMeterThread: Thread finished: Thread Group - LM 1-26
2021-01-03 18:12:44,427 INFO o.a.j.t.JMeterThread: Thread finished: Thread Group - LM 1-61
2021-01-03 18:12:44,436 INFO o.a.j.t.JMeterThread: Thread finished: Thread Group - LM 1-32
2021-01-03 18:12:44,442 INFO o.a.j.t.JMeterThread: Thread finished: Thread Group - LM 1-33
2021-01-03 18:12:44,447 INFO o.a.j.t.JMeterThread: Thread finished: Thread Group - LM 1-12
2021-01-03 18:12:44,452 INFO o.a.j.t.JMeterThread: Thread finished: Thread Group - LM 1-27
2021-01-03 18:12:44,455 INFO o.a.j.t.JMeterThread: Thread finished: Thread Group - LM 1-62
2021-01-03 18:12:44,455 INFO o.a.j.t.JMeterThread: Thread finished: Thread Group - LM 1-2
2021-01-03 18:12:44,457 INFO o.a.j.t.JMeterThread: Thread finished: Thread Group - LM 1-63
2021-01-03 18:12:44,465 INFO o.a.j.t.JMeterThread: Thread finished: Thread Group - LM 1-64
2021-01-03 18:12:44,475 INFO o.a.j.t.JMeterThread: Thread finished: Thread Group - LM 1-65
2021-01-03 18:12:44,497 INFO o.a.j.t.JMeterThread: Thread finished: Thread Group - LM 1-16
2021-01-03 18:12:44,504 INFO o.a.j.t.JMeterThread: Thread finished: Thread Group - LM 1-66
2021-01-03 18:12:44,513 INFO o.a.j.t.JMeterThread: Thread finished: Thread Group - LM 1-8
2021-01-03 18:12:44,519 INFO o.a.j.t.JMeterThread: Thread finished: Thread Group - LM 1-15
2021-01-03 18:12:44,527 INFO o.a.j.t.JMeterThread: Thread finished: Thread Group - LM 1-35
2021-01-03 18:12:44,529 INFO o.a.j.t.JMeterThread: Thread finished: Thread Group - LM 1-36
2021-01-03 18:12:44,531 INFO o.a.j.t.JMeterThread: Thread finished: Thread Group - LM 1-19
2021-01-03 18:12:44,532 INFO o.a.j.t.JMeterThread: Thread finished: Thread Group - LM 1-5
2021-01-03 18:12:44,532 INFO o.a.j.t.JMeterThread: Thread finished: Thread Group - LM 1-67
2021-01-03 18:12:44,535 INFO o.a.j.t.JMeterThread: Thread finished: Thread Group - LM 1-34
2021-01-03 18:12:44,545 INFO o.a.j.t.JMeterThread: Thread finished: Thread Group - LM 1-11
2021-01-03 18:12:44,549 INFO o.a.j.t.JMeterThread: Thread finished: Thread Group - LM 1-9
2021-01-03 18:12:44,562 INFO o.a.j.t.JMeterThread: Thread finished: Thread Group - LM 1-68
2021-01-03 18:12:44,565 INFO o.a.j.t.JMeterThread: Thread finished: Thread Group - LM 1-69
2021-01-03 18:12:44,567 INFO o.a.j.t.JMeterThread: Thread finished: Thread Group - LM 1-37
2021-01-03 18:12:44,569 INFO o.a.j.t.JMeterThread: Thread finished: Thread Group - LM 1-17
2021-01-03 18:12:44,575 INFO o.a.j.t.JMeterThread: Thread finished: Thread Group - LM 1-70
2021-01-03 18:12:44,590 INFO o.a.j.t.JMeterThread: Thread finished: Thread Group - LM 1-71
2021-01-03 18:12:44,593 INFO o.a.j.t.JMeterThread: Thread finished: Thread Group - LM 1-4
2021-01-03 18:12:44,596 INFO o.a.j.t.JMeterThread: Thread finished: Thread Group - LM 1-13
2021-01-03 18:12:44,600 INFO o.a.j.t.JMeterThread: Thread finished: Thread Group - LM 1-72
2021-01-03 18:12:44,623 INFO o.a.j.t.JMeterThread: Thread finished: Thread Group - LM 1-40
2021-01-03 18:12:44,633 INFO o.a.j.t.JMeterThread: Thread finished: Thread Group - LM 1-38
2021-01-03 18:12:44,639 INFO o.a.j.t.JMeterThread: Thread finished: Thread Group - LM 1-74
2021-01-03 18:12:44,652 INFO o.a.j.t.JMeterThread: Thread finished: Thread Group - LM 1-41
2021-01-03 18:12:44,662 INFO o.a.j.t.JMeterThread: Thread finished: Thread Group - LM 1-75
2021-01-03 18:12:44,679 INFO o.a.j.t.JMeterThread: Thread finished: Thread Group - LM 1-76
2021-01-03 18:12:44,685 INFO o.a.j.t.JMeterThread: Thread finished: Thread Group - LM 1-21
2021-01-03 18:12:44,697 INFO o.a.j.t.JMeterThread: Thread finished: Thread Group - LM 1-77
2021-01-03 18:12:44,706 INFO o.a.j.t.JMeterThread: Thread finished: Thread Group - LM 1-20
2021-01-03 18:12:44,718 INFO o.a.j.t.JMeterThread: Thread finished: Thread Group - LM 1-42
2021-01-03 18:12:44,720 INFO o.a.j.t.JMeterThread: Thread finished: Thread Group - LM 1-39
2021-01-03 18:12:44,723 INFO o.a.j.t.JMeterThread: Thread finished: Thread Group - LM 1-78
2021-01-03 18:12:44,724 INFO o.a.j.t.JMeterThread: Thread finished: Thread Group - LM 1-14
2021-01-03 18:12:44,727 INFO o.a.j.t.JMeterThread: Thread finished: Thread Group - LM 1-43
2021-01-03 18:12:44,728 INFO o.a.j.t.JMeterThread: Thread finished: Thread Group - LM 1-79
2021-01-03 18:12:44,747 INFO o.a.j.t.JMeterThread: Thread finished: Thread Group - LM 1-80
2021-01-03 18:12:44,769 INFO o.a.j.t.JMeterThread: Thread finished: Thread Group - LM 1-81
2021-01-03 18:12:44,792 INFO o.a.j.t.JMeterThread: Thread finished: Thread Group - LM 1-23
2021-01-03 18:12:44,801 INFO o.a.j.t.JMeterThread: Thread finished: Thread Group - LM 1-44
2021-01-03 18:12:44,803 INFO o.a.j.t.JMeterThread: Thread finished: Thread Group - LM 1-82
2021-01-03 18:12:44,813 INFO o.a.j.t.JMeterThread: Thread finished: Thread Group - LM 1-83
2021-01-03 18:12:44,815 INFO o.a.j.t.JMeterThread: Thread finished: Thread Group - LM 1-22
2021-01-03 18:12:44,817 INFO o.a.j.t.JMeterThread: Thread finished: Thread Group - LM 1-24
2021-01-03 18:12:44,819 INFO o.a.j.t.JMeterThread: Thread finished: Thread Group - LM 1-84
2021-01-03 18:12:44,821 INFO o.a.j.t.JMeterThread: Thread finished: Thread Group - LM 1-45
2021-01-03 18:12:44,822 INFO o.a.j.t.JMeterThread: Thread finished: Thread Group - LM 1-46
2021-01-03 18:12:44,829 INFO o.a.j.t.JMeterThread: Thread finished: Thread Group - LM 1-18
2021-01-03 18:12:44,836 INFO o.a.j.t.JMeterThread: Thread finished: Thread Group - LM 1-85
2021-01-03 18:12:44,837 INFO o.a.j.t.JMeterThread: Thread finished: Thread Group - LM 1-25
2021-01-03 18:12:44,859 INFO o.a.j.t.JMeterThread: Thread finished: Thread Group - LM 1-86
2021-01-03 18:12:44,870 INFO o.a.j.t.JMeterThread: Thread finished: Thread Group - LM 1-47
2021-01-03 18:12:44,885 INFO o.a.j.t.JMeterThread: Thread finished: Thread Group - LM 1-87
2021-01-03 18:12:44,895 INFO o.a.j.t.JMeterThread: Thread finished: Thread Group - LM 1-48
2021-01-03 18:12:44,901 INFO o.a.j.t.JMeterThread: Thread finished: Thread Group - LM 1-88
2021-01-03 18:12:44,913 INFO o.a.j.t.JMeterThread: Thread finished: Thread Group - LM 1-89
2021-01-03 18:12:44,919 INFO o.a.j.t.JMeterThread: Thread finished: Thread Group - LM 1-49
2021-01-03 18:12:44,930 INFO o.a.j.t.JMeterThread: Thread finished: Thread Group - LM 1-90
2021-01-03 18:12:44,932 INFO o.a.j.t.JMeterThread: Thread finished: Thread Group - LM 1-50
2021-01-03 18:12:44,934 INFO o.a.j.t.JMeterThread: Thread finished: Thread Group - LM 1-91
2021-01-03 18:12:44,943 INFO o.a.j.t.JMeterThread: Stopping because end time detected by thread: Thread Group - LM 1-51
2021-01-03 18:12:44,943 INFO o.a.j.t.JMeterThread: Thread finished: Thread Group - LM 1-51
2021-01-03 18:12:44,946 INFO o.a.j.t.JMeterThread: Thread finished: Thread Group - LM 1-92
2021-01-03 18:12:44,948 INFO o.a.j.t.JMeterThread: Thread finished: Thread Group - LM 1-73
2021-01-03 18:12:44,957 INFO o.a.j.t.JMeterThread: Stopping because end time detected by thread: Thread Group - LM 1-94
2021-01-03 18:12:44,957 INFO o.a.j.t.JMeterThread: Thread finished: Thread Group - LM 1-94
2021-01-03 18:12:44,957 INFO o.a.j.e.StandardJMeterEngine: Notifying test listeners of end of test
2021-01-03 18:12:44,958 INFO o.a.j.r.Summariser: summary +   1874 in 00:00:15 =  125.5/s Avg:     6 Min:     1 Max:    57 Err:     0 (0.00%) Active: 0 Started: 100 Finished: 100
2021-01-03 18:12:44,959 INFO o.a.j.r.Summariser: summary =   7570 in 00:01:00 =  126.0/s Avg:     7 Min:     1 Max:   203 Err:     0 (0.00%)
