2021-01-03 18:50:58,142 INFO o.a.j.u.JMeterUtils: Setting Locale to en_EN
2021-01-03 18:50:58,159 INFO o.a.j.JMeter: Loading user properties from: user.properties
2021-01-03 18:50:58,160 INFO o.a.j.JMeter: Loading system properties from: system.properties
2021-01-03 18:50:58,161 INFO o.a.j.JMeter: Copyright (c) 1998-2020 The Apache Software Foundation
2021-01-03 18:50:58,161 INFO o.a.j.JMeter: Version 5.3
2021-01-03 18:50:58,161 INFO o.a.j.JMeter: java.version=11.0.8
2021-01-03 18:50:58,161 INFO o.a.j.JMeter: java.vm.name=Java HotSpot(TM) 64-Bit Server VM
2021-01-03 18:50:58,161 INFO o.a.j.JMeter: os.name=Windows 10
2021-01-03 18:50:58,183 INFO o.a.j.JMeter: os.arch=amd64
2021-01-03 18:50:58,183 INFO o.a.j.JMeter: os.version=10.0
2021-01-03 18:50:58,184 INFO o.a.j.JMeter: file.encoding=Cp1252
2021-01-03 18:50:58,184 INFO o.a.j.JMeter: java.awt.headless=true
2021-01-03 18:50:58,184 INFO o.a.j.JMeter: Max memory     =1073741824
2021-01-03 18:50:58,184 INFO o.a.j.JMeter: Available Processors =8
2021-01-03 18:50:58,198 INFO o.a.j.JMeter: Default Locale=English (EN)
2021-01-03 18:50:58,199 INFO o.a.j.JMeter: JMeter  Locale=English (EN)
2021-01-03 18:50:58,199 INFO o.a.j.JMeter: JMeterHome=C:\Users\fabio\Documents\Fabio\Università\Magistrale\2°anno\1°semestre\Impianti di Elaborazione\apache-jmeter-5.3
2021-01-03 18:50:58,199 INFO o.a.j.JMeter: user.dir  =C:\Users\fabio\Documents\Fabio\Università\Magistrale\2°anno\1°semestre\Impianti di Elaborazione\apache-jmeter-5.3\bin
2021-01-03 18:50:58,201 INFO o.a.j.JMeter: PWD       =C:\Users\fabio\Documents\Fabio\Università\Magistrale\2°anno\1°semestre\Impianti di Elaborazione\apache-jmeter-5.3\bin
2021-01-03 18:50:58,208 INFO o.a.j.JMeter: IP: 192.168.56.1 Name: LAPTOP-DSVV6SSR FullName: 192.168.56.1
2021-01-03 18:50:58,217 INFO o.a.j.s.FileServer: Default base='C:\Users\fabio\Documents\Fabio\Università\Magistrale\2°anno\1°semestre\Impianti di Elaborazione\apache-jmeter-5.3\bin'
2021-01-03 18:50:58,219 INFO o.a.j.s.FileServer: Set new base='C:\Users\fabio\Documents\Fabio\Università\Magistrale\2°anno\1°semestre\Impianti di Elaborazione\apache-jmeter-5.3\bin'
2021-01-03 18:50:58,348 INFO o.a.j.s.SaveService: Testplan (JMX) version: 2.2. Testlog (JTL) version: 2.2
2021-01-03 18:50:58,368 INFO o.a.j.s.SaveService: Using SaveService properties version 5.0
2021-01-03 18:50:58,372 INFO o.a.j.s.SaveService: Using SaveService properties file encoding UTF-8
2021-01-03 18:50:58,375 INFO o.a.j.s.SaveService: Loading file: DesignofExperiment.jmx
2021-01-03 18:50:58,436 INFO o.a.j.p.h.s.HTTPSamplerBase: Parser for text/html is org.apache.jmeter.protocol.http.parser.LagartoBasedHtmlParser
2021-01-03 18:50:58,436 INFO o.a.j.p.h.s.HTTPSamplerBase: Parser for application/xhtml+xml is org.apache.jmeter.protocol.http.parser.LagartoBasedHtmlParser
2021-01-03 18:50:58,436 INFO o.a.j.p.h.s.HTTPSamplerBase: Parser for application/xml is org.apache.jmeter.protocol.http.parser.LagartoBasedHtmlParser
2021-01-03 18:50:58,436 INFO o.a.j.p.h.s.HTTPSamplerBase: Parser for text/xml is org.apache.jmeter.protocol.http.parser.LagartoBasedHtmlParser
2021-01-03 18:50:58,436 INFO o.a.j.p.h.s.HTTPSamplerBase: Parser for text/vnd.wap.wml is org.apache.jmeter.protocol.http.parser.RegexpHTMLParser
2021-01-03 18:50:58,436 INFO o.a.j.p.h.s.HTTPSamplerBase: Parser for text/css is org.apache.jmeter.protocol.http.parser.CssParser
2021-01-03 18:50:58,462 INFO o.a.j.JMeter: Creating summariser <summary>
2021-01-03 18:50:58,468 INFO o.a.j.e.StandardJMeterEngine: Running the test!
2021-01-03 18:50:58,469 INFO o.a.j.s.SampleEvent: List of sample_variables: []
2021-01-03 18:50:58,469 INFO o.a.j.s.SampleEvent: List of sample_variables: []
2021-01-03 18:50:58,478 INFO o.a.j.e.u.CompoundVariable: Note: Function class names must contain the string: '.functions.'
2021-01-03 18:50:58,478 INFO o.a.j.e.u.CompoundVariable: Note: Function class names must not contain the string: '.gui.'
2021-01-03 18:50:58,772 INFO o.a.j.JMeter: Running test (1609696258772)
2021-01-03 18:50:58,787 INFO o.a.j.e.StandardJMeterEngine: Starting ThreadGroup: 1 : Thread Group - MH
2021-01-03 18:50:58,787 INFO o.a.j.e.StandardJMeterEngine: Starting 100 threads for group Thread Group - MH.
2021-01-03 18:50:58,787 INFO o.a.j.e.StandardJMeterEngine: Thread will continue on error
2021-01-03 18:50:58,787 INFO o.a.j.t.ThreadGroup: Starting thread group... number=1 threads=100 ramp-up=1 delayedStart=false
2021-01-03 18:50:58,797 INFO o.a.j.t.JMeterThread: Thread started: Thread Group - MH 1-1
2021-01-03 18:50:58,805 INFO o.a.j.t.JMeterThread: Thread started: Thread Group - MH 1-2
2021-01-03 18:50:58,811 INFO o.a.j.t.JMeterThread: Thread started: Thread Group - MH 1-3
2021-01-03 18:50:58,819 INFO o.a.j.t.JMeterThread: Thread started: Thread Group - MH 1-4
2021-01-03 18:50:58,829 INFO o.a.j.t.JMeterThread: Thread started: Thread Group - MH 1-5
2021-01-03 18:50:58,835 INFO o.a.j.t.ThreadGroup: Started thread group number 1
2021-01-03 18:50:58,835 INFO o.a.j.e.StandardJMeterEngine: All thread groups have been started
2021-01-03 18:50:58,835 INFO o.a.j.p.h.s.HTTPHCAbstractImpl: Local host = LAPTOP-DSVV6SSR
2021-01-03 18:50:58,842 INFO o.a.j.t.JMeterThread: Thread started: Thread Group - MH 1-6
2021-01-03 18:50:58,844 INFO o.a.j.p.h.s.HTTPHC4Impl: HTTP request retry count = 0
2021-01-03 18:50:58,846 INFO o.a.j.s.SampleResult: Note: Sample TimeStamps are START times
2021-01-03 18:50:58,847 INFO o.a.j.s.SampleResult: sampleresult.default.encoding is set to ISO-8859-1
2021-01-03 18:50:58,847 INFO o.a.j.s.SampleResult: sampleresult.useNanoTime=true
2021-01-03 18:50:58,847 INFO o.a.j.s.SampleResult: sampleresult.nanoThreadSleep=5000
2021-01-03 18:50:58,851 INFO o.a.j.t.JMeterThread: Thread started: Thread Group - MH 1-7
2021-01-03 18:50:58,860 INFO o.a.j.t.JMeterThread: Thread started: Thread Group - MH 1-8
2021-01-03 18:50:58,869 INFO o.a.j.t.JMeterThread: Thread started: Thread Group - MH 1-9
2021-01-03 18:50:58,878 INFO o.a.j.t.JMeterThread: Thread started: Thread Group - MH 1-10
2021-01-03 18:50:58,889 INFO o.a.j.t.JMeterThread: Thread started: Thread Group - MH 1-11
2021-01-03 18:50:58,898 INFO o.a.j.t.JMeterThread: Thread started: Thread Group - MH 1-12
2021-01-03 18:50:58,908 INFO o.a.j.t.JMeterThread: Thread started: Thread Group - MH 1-13
2021-01-03 18:50:58,920 INFO o.a.j.t.JMeterThread: Thread started: Thread Group - MH 1-14
2021-01-03 18:50:58,927 INFO o.a.j.t.JMeterThread: Thread started: Thread Group - MH 1-15
2021-01-03 18:50:58,938 INFO o.a.j.t.JMeterThread: Thread started: Thread Group - MH 1-16
2021-01-03 18:50:58,948 INFO o.a.j.t.JMeterThread: Thread started: Thread Group - MH 1-17
2021-01-03 18:50:58,957 INFO o.a.j.t.JMeterThread: Thread started: Thread Group - MH 1-18
2021-01-03 18:50:58,968 INFO o.a.j.t.JMeterThread: Thread started: Thread Group - MH 1-19
2021-01-03 18:50:58,985 INFO o.a.j.t.JMeterThread: Thread started: Thread Group - MH 1-20
2021-01-03 18:50:58,987 INFO o.a.j.t.JMeterThread: Thread started: Thread Group - MH 1-21
2021-01-03 18:50:58,998 INFO o.a.j.t.JMeterThread: Thread started: Thread Group - MH 1-22
2021-01-03 18:50:59,008 INFO o.a.j.t.JMeterThread: Thread started: Thread Group - MH 1-23
2021-01-03 18:50:59,017 INFO o.a.j.t.JMeterThread: Thread started: Thread Group - MH 1-24
2021-01-03 18:50:59,028 INFO o.a.j.t.JMeterThread: Thread started: Thread Group - MH 1-25
2021-01-03 18:50:59,046 INFO o.a.j.t.JMeterThread: Thread started: Thread Group - MH 1-26
2021-01-03 18:50:59,050 INFO o.a.j.t.JMeterThread: Thread started: Thread Group - MH 1-27
2021-01-03 18:50:59,060 INFO o.a.j.t.JMeterThread: Thread started: Thread Group - MH 1-28
2021-01-03 18:50:59,070 INFO o.a.j.t.JMeterThread: Thread started: Thread Group - MH 1-29
2021-01-03 18:50:59,080 INFO o.a.j.t.JMeterThread: Thread started: Thread Group - MH 1-30
2021-01-03 18:50:59,089 INFO o.a.j.t.JMeterThread: Thread started: Thread Group - MH 1-31
2021-01-03 18:50:59,099 INFO o.a.j.t.JMeterThread: Thread started: Thread Group - MH 1-32
2021-01-03 18:50:59,109 INFO o.a.j.t.JMeterThread: Thread started: Thread Group - MH 1-33
2021-01-03 18:50:59,118 INFO o.a.j.t.JMeterThread: Thread started: Thread Group - MH 1-34
2021-01-03 18:50:59,129 INFO o.a.j.t.JMeterThread: Thread started: Thread Group - MH 1-35
2021-01-03 18:50:59,138 INFO o.a.j.t.JMeterThread: Thread started: Thread Group - MH 1-36
2021-01-03 18:50:59,148 INFO o.a.j.t.JMeterThread: Thread started: Thread Group - MH 1-37
2021-01-03 18:50:59,159 INFO o.a.j.t.JMeterThread: Thread started: Thread Group - MH 1-38
2021-01-03 18:50:59,169 INFO o.a.j.t.JMeterThread: Thread started: Thread Group - MH 1-39
2021-01-03 18:50:59,177 INFO o.a.j.t.JMeterThread: Thread started: Thread Group - MH 1-40
2021-01-03 18:50:59,189 INFO o.a.j.t.JMeterThread: Thread started: Thread Group - MH 1-41
2021-01-03 18:50:59,199 INFO o.a.j.t.JMeterThread: Thread started: Thread Group - MH 1-42
2021-01-03 18:50:59,208 INFO o.a.j.t.JMeterThread: Thread started: Thread Group - MH 1-43
2021-01-03 18:50:59,217 INFO o.a.j.t.JMeterThread: Thread started: Thread Group - MH 1-44
2021-01-03 18:50:59,229 INFO o.a.j.t.JMeterThread: Thread started: Thread Group - MH 1-45
2021-01-03 18:50:59,239 INFO o.a.j.t.JMeterThread: Thread started: Thread Group - MH 1-46
2021-01-03 18:50:59,248 INFO o.a.j.t.JMeterThread: Thread started: Thread Group - MH 1-47
2021-01-03 18:50:59,258 INFO o.a.j.t.JMeterThread: Thread started: Thread Group - MH 1-48
2021-01-03 18:50:59,269 INFO o.a.j.t.JMeterThread: Thread started: Thread Group - MH 1-49
2021-01-03 18:50:59,278 INFO o.a.j.t.JMeterThread: Thread started: Thread Group - MH 1-50
2021-01-03 18:50:59,289 INFO o.a.j.t.JMeterThread: Thread started: Thread Group - MH 1-51
2021-01-03 18:50:59,298 INFO o.a.j.t.JMeterThread: Thread started: Thread Group - MH 1-52
2021-01-03 18:50:59,307 INFO o.a.j.t.JMeterThread: Thread started: Thread Group - MH 1-53
2021-01-03 18:50:59,318 INFO o.a.j.t.JMeterThread: Thread started: Thread Group - MH 1-54
2021-01-03 18:50:59,329 INFO o.a.j.t.JMeterThread: Thread started: Thread Group - MH 1-55
2021-01-03 18:50:59,338 INFO o.a.j.t.JMeterThread: Thread started: Thread Group - MH 1-56
2021-01-03 18:50:59,347 INFO o.a.j.t.JMeterThread: Thread started: Thread Group - MH 1-57
2021-01-03 18:50:59,359 INFO o.a.j.t.JMeterThread: Thread started: Thread Group - MH 1-58
2021-01-03 18:50:59,369 INFO o.a.j.t.JMeterThread: Thread started: Thread Group - MH 1-59
2021-01-03 18:50:59,378 INFO o.a.j.t.JMeterThread: Thread started: Thread Group - MH 1-60
2021-01-03 18:50:59,387 INFO o.a.j.t.JMeterThread: Thread started: Thread Group - MH 1-61
2021-01-03 18:50:59,399 INFO o.a.j.t.JMeterThread: Thread started: Thread Group - MH 1-62
2021-01-03 18:50:59,408 INFO o.a.j.t.JMeterThread: Thread started: Thread Group - MH 1-63
2021-01-03 18:50:59,418 INFO o.a.j.t.JMeterThread: Thread started: Thread Group - MH 1-64
2021-01-03 18:50:59,428 INFO o.a.j.t.JMeterThread: Thread started: Thread Group - MH 1-65
2021-01-03 18:50:59,439 INFO o.a.j.t.JMeterThread: Thread started: Thread Group - MH 1-66
2021-01-03 18:50:59,448 INFO o.a.j.t.JMeterThread: Thread started: Thread Group - MH 1-67
2021-01-03 18:50:59,459 INFO o.a.j.t.JMeterThread: Thread started: Thread Group - MH 1-68
2021-01-03 18:50:59,468 INFO o.a.j.t.JMeterThread: Thread started: Thread Group - MH 1-69
2021-01-03 18:50:59,478 INFO o.a.j.t.JMeterThread: Thread started: Thread Group - MH 1-70
2021-01-03 18:50:59,489 INFO o.a.j.t.JMeterThread: Thread started: Thread Group - MH 1-71
2021-01-03 18:50:59,499 INFO o.a.j.t.JMeterThread: Thread started: Thread Group - MH 1-72
2021-01-03 18:50:59,507 INFO o.a.j.t.JMeterThread: Thread started: Thread Group - MH 1-73
2021-01-03 18:50:59,517 INFO o.a.j.t.JMeterThread: Thread started: Thread Group - MH 1-74
2021-01-03 18:50:59,529 INFO o.a.j.t.JMeterThread: Thread started: Thread Group - MH 1-75
2021-01-03 18:50:59,539 INFO o.a.j.t.JMeterThread: Thread started: Thread Group - MH 1-76
2021-01-03 18:50:59,547 INFO o.a.j.t.JMeterThread: Thread started: Thread Group - MH 1-77
2021-01-03 18:50:59,557 INFO o.a.j.t.JMeterThread: Thread started: Thread Group - MH 1-78
2021-01-03 18:50:59,569 INFO o.a.j.t.JMeterThread: Thread started: Thread Group - MH 1-79
2021-01-03 18:50:59,578 INFO o.a.j.t.JMeterThread: Thread started: Thread Group - MH 1-80
2021-01-03 18:50:59,587 INFO o.a.j.t.JMeterThread: Thread started: Thread Group - MH 1-81
2021-01-03 18:50:59,598 INFO o.a.j.t.JMeterThread: Thread started: Thread Group - MH 1-82
2021-01-03 18:50:59,609 INFO o.a.j.t.JMeterThread: Thread started: Thread Group - MH 1-83
2021-01-03 18:50:59,618 INFO o.a.j.t.JMeterThread: Thread started: Thread Group - MH 1-84
2021-01-03 18:50:59,628 INFO o.a.j.t.JMeterThread: Thread started: Thread Group - MH 1-85
2021-01-03 18:50:59,638 INFO o.a.j.t.JMeterThread: Thread started: Thread Group - MH 1-86
2021-01-03 18:50:59,649 INFO o.a.j.t.JMeterThread: Thread started: Thread Group - MH 1-87
2021-01-03 18:50:59,658 INFO o.a.j.t.JMeterThread: Thread started: Thread Group - MH 1-88
2021-01-03 18:50:59,668 INFO o.a.j.t.JMeterThread: Thread started: Thread Group - MH 1-89
2021-01-03 18:50:59,678 INFO o.a.j.t.JMeterThread: Thread started: Thread Group - MH 1-90
2021-01-03 18:50:59,688 INFO o.a.j.t.JMeterThread: Thread started: Thread Group - MH 1-91
2021-01-03 18:50:59,698 INFO o.a.j.t.JMeterThread: Thread started: Thread Group - MH 1-92
2021-01-03 18:50:59,708 INFO o.a.j.t.JMeterThread: Thread started: Thread Group - MH 1-93
2021-01-03 18:50:59,718 INFO o.a.j.t.JMeterThread: Thread started: Thread Group - MH 1-94
2021-01-03 18:50:59,727 INFO o.a.j.t.JMeterThread: Thread started: Thread Group - MH 1-95
2021-01-03 18:50:59,739 INFO o.a.j.t.JMeterThread: Thread started: Thread Group - MH 1-96
2021-01-03 18:50:59,748 INFO o.a.j.t.JMeterThread: Thread started: Thread Group - MH 1-97
2021-01-03 18:50:59,757 INFO o.a.j.t.JMeterThread: Thread started: Thread Group - MH 1-98
2021-01-03 18:50:59,767 INFO o.a.j.t.JMeterThread: Thread started: Thread Group - MH 1-99
2021-01-03 18:50:59,779 INFO o.a.j.t.JMeterThread: Thread started: Thread Group - MH 1-100
2021-01-03 18:51:00,006 INFO o.a.j.r.Summariser: summary +    150 in 00:00:01 =  121.8/s Avg:   257 Min:     0 Max:   821 Err:    61 (40.67%) Active: 100 Started: 100 Finished: 0
2021-01-03 18:51:30,014 INFO o.a.j.r.Summariser: summary +   7502 in 00:00:30 =  250.0/s Avg:   100 Min:     0 Max:   987 Err:  2106 (28.07%) Active: 100 Started: 100 Finished: 0
2021-01-03 18:51:30,015 INFO o.a.j.r.Summariser: summary =   7652 in 00:00:31 =  244.9/s Avg:   103 Min:     0 Max:   987 Err:  2167 (28.32%)
2021-01-03 18:51:58,429 INFO o.a.j.t.JMeterThread: Thread finished: Thread Group - MH 1-45
2021-01-03 18:51:58,435 INFO o.a.j.t.JMeterThread: Thread finished: Thread Group - MH 1-74
2021-01-03 18:51:58,465 INFO o.a.j.t.JMeterThread: Thread finished: Thread Group - MH 1-64
2021-01-03 18:51:58,465 INFO o.a.j.t.JMeterThread: Thread finished: Thread Group - MH 1-48
2021-01-03 18:51:58,467 INFO o.a.j.t.JMeterThread: Thread finished: Thread Group - MH 1-34
2021-01-03 18:51:58,471 INFO o.a.j.t.JMeterThread: Thread finished: Thread Group - MH 1-76
2021-01-03 18:51:58,484 INFO o.a.j.t.JMeterThread: Thread finished: Thread Group - MH 1-75
2021-01-03 18:51:58,485 INFO o.a.j.t.JMeterThread: Thread finished: Thread Group - MH 1-33
2021-01-03 18:51:58,487 INFO o.a.j.t.JMeterThread: Thread finished: Thread Group - MH 1-26
2021-01-03 18:51:58,496 INFO o.a.j.t.JMeterThread: Thread finished: Thread Group - MH 1-25
2021-01-03 18:51:58,524 INFO o.a.j.t.JMeterThread: Thread finished: Thread Group - MH 1-9
2021-01-03 18:51:58,525 INFO o.a.j.t.JMeterThread: Thread finished: Thread Group - MH 1-8
2021-01-03 18:51:58,536 INFO o.a.j.t.JMeterThread: Thread finished: Thread Group - MH 1-5
2021-01-03 18:51:58,544 INFO o.a.j.t.JMeterThread: Thread finished: Thread Group - MH 1-87
2021-01-03 18:51:58,548 INFO o.a.j.t.JMeterThread: Thread finished: Thread Group - MH 1-14
2021-01-03 18:51:58,549 INFO o.a.j.t.JMeterThread: Thread finished: Thread Group - MH 1-36
2021-01-03 18:51:58,551 INFO o.a.j.t.JMeterThread: Thread finished: Thread Group - MH 1-58
2021-01-03 18:51:58,561 INFO o.a.j.t.JMeterThread: Thread finished: Thread Group - MH 1-63
2021-01-03 18:51:58,564 INFO o.a.j.t.JMeterThread: Thread finished: Thread Group - MH 1-47
2021-01-03 18:51:58,567 INFO o.a.j.t.JMeterThread: Thread finished: Thread Group - MH 1-97
2021-01-03 18:51:58,574 INFO o.a.j.t.JMeterThread: Thread finished: Thread Group - MH 1-16
2021-01-03 18:51:58,582 INFO o.a.j.t.JMeterThread: Thread finished: Thread Group - MH 1-73
2021-01-03 18:51:58,586 INFO o.a.j.t.JMeterThread: Thread finished: Thread Group - MH 1-7
2021-01-03 18:51:58,592 INFO o.a.j.t.JMeterThread: Thread finished: Thread Group - MH 1-1
2021-01-03 18:51:58,602 INFO o.a.j.t.JMeterThread: Thread finished: Thread Group - MH 1-57
2021-01-03 18:51:58,604 INFO o.a.j.t.JMeterThread: Thread finished: Thread Group - MH 1-42
2021-01-03 18:51:58,621 INFO o.a.j.t.JMeterThread: Thread finished: Thread Group - MH 1-38
2021-01-03 18:51:58,622 INFO o.a.j.t.JMeterThread: Thread finished: Thread Group - MH 1-11
2021-01-03 18:51:58,625 INFO o.a.j.t.JMeterThread: Thread finished: Thread Group - MH 1-12
2021-01-03 18:51:58,628 INFO o.a.j.t.JMeterThread: Thread finished: Thread Group - MH 1-69
2021-01-03 18:51:58,630 INFO o.a.j.t.JMeterThread: Thread finished: Thread Group - MH 1-66
2021-01-03 18:51:58,632 INFO o.a.j.t.JMeterThread: Thread finished: Thread Group - MH 1-68
2021-01-03 18:51:58,632 INFO o.a.j.t.JMeterThread: Thread finished: Thread Group - MH 1-15
2021-01-03 18:51:58,639 INFO o.a.j.t.JMeterThread: Thread finished: Thread Group - MH 1-79
2021-01-03 18:51:58,649 INFO o.a.j.t.JMeterThread: Thread finished: Thread Group - MH 1-13
2021-01-03 18:51:58,686 INFO o.a.j.t.JMeterThread: Thread finished: Thread Group - MH 1-49
2021-01-03 18:51:58,688 INFO o.a.j.t.JMeterThread: Thread finished: Thread Group - MH 1-44
2021-01-03 18:51:58,693 INFO o.a.j.t.JMeterThread: Thread finished: Thread Group - MH 1-22
2021-01-03 18:51:58,695 INFO o.a.j.t.JMeterThread: Thread finished: Thread Group - MH 1-82
2021-01-03 18:51:58,696 INFO o.a.j.t.JMeterThread: Thread finished: Thread Group - MH 1-30
2021-01-03 18:51:58,698 INFO o.a.j.t.JMeterThread: Thread finished: Thread Group - MH 1-89
2021-01-03 18:51:58,699 INFO o.a.j.t.JMeterThread: Thread finished: Thread Group - MH 1-37
2021-01-03 18:51:58,710 INFO o.a.j.t.JMeterThread: Thread finished: Thread Group - MH 1-23
2021-01-03 18:51:58,728 INFO o.a.j.t.JMeterThread: Thread finished: Thread Group - MH 1-59
2021-01-03 18:51:58,732 INFO o.a.j.t.JMeterThread: Thread finished: Thread Group - MH 1-80
2021-01-03 18:51:58,744 INFO o.a.j.t.JMeterThread: Thread finished: Thread Group - MH 1-84
2021-01-03 18:51:58,747 INFO o.a.j.t.JMeterThread: Thread finished: Thread Group - MH 1-10
2021-01-03 18:51:58,749 INFO o.a.j.t.JMeterThread: Thread finished: Thread Group - MH 1-62
2021-01-03 18:51:58,752 INFO o.a.j.t.JMeterThread: Thread finished: Thread Group - MH 1-90
2021-01-03 18:51:58,764 INFO o.a.j.t.JMeterThread: Thread finished: Thread Group - MH 1-2
2021-01-03 18:51:58,765 INFO o.a.j.t.JMeterThread: Thread finished: Thread Group - MH 1-40
2021-01-03 18:51:58,785 INFO o.a.j.t.JMeterThread: Thread finished: Thread Group - MH 1-81
2021-01-03 18:51:58,787 INFO o.a.j.t.JMeterThread: Thread finished: Thread Group - MH 1-93
2021-01-03 18:51:58,789 INFO o.a.j.t.JMeterThread: Thread finished: Thread Group - MH 1-41
2021-01-03 18:51:58,790 INFO o.a.j.t.JMeterThread: Thread finished: Thread Group - MH 1-3
2021-01-03 18:51:58,791 INFO o.a.j.t.JMeterThread: Thread finished: Thread Group - MH 1-46
2021-01-03 18:51:58,792 INFO o.a.j.t.JMeterThread: Thread finished: Thread Group - MH 1-24
2021-01-03 18:51:58,793 INFO o.a.j.t.JMeterThread: Thread finished: Thread Group - MH 1-31
2021-01-03 18:51:58,794 INFO o.a.j.t.JMeterThread: Thread finished: Thread Group - MH 1-100
2021-01-03 18:51:58,805 INFO o.a.j.t.JMeterThread: Thread finished: Thread Group - MH 1-67
2021-01-03 18:51:58,824 INFO o.a.j.t.JMeterThread: Stopping because end time detected by thread: Thread Group - MH 1-32
2021-01-03 18:51:58,824 INFO o.a.j.t.JMeterThread: Stopping because end time detected by thread: Thread Group - MH 1-56
2021-01-03 18:51:58,824 INFO o.a.j.t.JMeterThread: Stopping because end time detected by thread: Thread Group - MH 1-35
2021-01-03 18:51:58,824 INFO o.a.j.t.JMeterThread: Thread finished: Thread Group - MH 1-32
2021-01-03 18:51:58,824 INFO o.a.j.t.JMeterThread: Thread finished: Thread Group - MH 1-77
2021-01-03 18:51:58,824 INFO o.a.j.t.JMeterThread: Thread finished: Thread Group - MH 1-56
2021-01-03 18:51:58,824 INFO o.a.j.t.JMeterThread: Thread finished: Thread Group - MH 1-35
2021-01-03 18:51:58,825 INFO o.a.j.t.JMeterThread: Thread finished: Thread Group - MH 1-86
2021-01-03 18:51:58,831 INFO o.a.j.t.JMeterThread: Thread finished: Thread Group - MH 1-99
2021-01-03 18:51:58,837 INFO o.a.j.t.JMeterThread: Stopping because end time detected by thread: Thread Group - MH 1-50
2021-01-03 18:51:58,837 INFO o.a.j.t.JMeterThread: Thread finished: Thread Group - MH 1-50
2021-01-03 18:51:58,840 INFO o.a.j.t.JMeterThread: Stopping because end time detected by thread: Thread Group - MH 1-60
2021-01-03 18:51:58,840 INFO o.a.j.t.JMeterThread: Thread finished: Thread Group - MH 1-60
2021-01-03 18:51:58,842 INFO o.a.j.t.JMeterThread: Stopping because end time detected by thread: Thread Group - MH 1-55
2021-01-03 18:51:58,843 INFO o.a.j.t.JMeterThread: Thread finished: Thread Group - MH 1-55
2021-01-03 18:51:58,845 INFO o.a.j.t.JMeterThread: Stopping because end time detected by thread: Thread Group - MH 1-52
2021-01-03 18:51:58,845 INFO o.a.j.t.JMeterThread: Thread finished: Thread Group - MH 1-52
2021-01-03 18:51:58,859 INFO o.a.j.t.JMeterThread: Stopping because end time detected by thread: Thread Group - MH 1-54
2021-01-03 18:51:58,859 INFO o.a.j.t.JMeterThread: Thread finished: Thread Group - MH 1-54
2021-01-03 18:51:58,861 INFO o.a.j.t.JMeterThread: Stopping because end time detected by thread: Thread Group - MH 1-6
2021-01-03 18:51:58,861 INFO o.a.j.t.JMeterThread: Thread finished: Thread Group - MH 1-6
2021-01-03 18:51:58,863 INFO o.a.j.t.JMeterThread: Stopping because end time detected by thread: Thread Group - MH 1-94
2021-01-03 18:51:58,863 INFO o.a.j.t.JMeterThread: Thread finished: Thread Group - MH 1-94
2021-01-03 18:51:58,865 INFO o.a.j.t.JMeterThread: Stopping because end time detected by thread: Thread Group - MH 1-19
2021-01-03 18:51:58,865 INFO o.a.j.t.JMeterThread: Thread finished: Thread Group - MH 1-19
2021-01-03 18:51:58,870 INFO o.a.j.t.JMeterThread: Stopping because end time detected by thread: Thread Group - MH 1-83
2021-01-03 18:51:58,870 INFO o.a.j.t.JMeterThread: Thread finished: Thread Group - MH 1-83
2021-01-03 18:51:58,871 INFO o.a.j.t.JMeterThread: Stopping because end time detected by thread: Thread Group - MH 1-39
2021-01-03 18:51:58,871 INFO o.a.j.t.JMeterThread: Thread finished: Thread Group - MH 1-39
2021-01-03 18:51:58,872 INFO o.a.j.t.JMeterThread: Stopping because end time detected by thread: Thread Group - MH 1-20
2021-01-03 18:51:58,872 INFO o.a.j.t.JMeterThread: Thread finished: Thread Group - MH 1-20
2021-01-03 18:51:58,872 INFO o.a.j.t.JMeterThread: Stopping because end time detected by thread: Thread Group - MH 1-53
2021-01-03 18:51:58,872 INFO o.a.j.t.JMeterThread: Thread finished: Thread Group - MH 1-53
2021-01-03 18:51:58,874 INFO o.a.j.t.JMeterThread: Stopping because end time detected by thread: Thread Group - MH 1-43
2021-01-03 18:51:58,875 INFO o.a.j.t.JMeterThread: Thread finished: Thread Group - MH 1-43
2021-01-03 18:51:58,876 INFO o.a.j.t.JMeterThread: Stopping because end time detected by thread: Thread Group - MH 1-95
2021-01-03 18:51:58,876 INFO o.a.j.t.JMeterThread: Thread finished: Thread Group - MH 1-95
2021-01-03 18:51:58,878 INFO o.a.j.t.JMeterThread: Stopping because end time detected by thread: Thread Group - MH 1-27
2021-01-03 18:51:58,878 INFO o.a.j.t.JMeterThread: Thread finished: Thread Group - MH 1-27
2021-01-03 18:51:58,880 INFO o.a.j.t.JMeterThread: Stopping because end time detected by thread: Thread Group - MH 1-29
2021-01-03 18:51:58,880 INFO o.a.j.t.JMeterThread: Thread finished: Thread Group - MH 1-29
2021-01-03 18:51:58,883 INFO o.a.j.t.JMeterThread: Stopping because end time detected by thread: Thread Group - MH 1-78
2021-01-03 18:51:58,883 INFO o.a.j.t.JMeterThread: Thread finished: Thread Group - MH 1-78
2021-01-03 18:51:58,887 INFO o.a.j.t.JMeterThread: Stopping because end time detected by thread: Thread Group - MH 1-71
2021-01-03 18:51:58,887 INFO o.a.j.t.JMeterThread: Thread finished: Thread Group - MH 1-71
2021-01-03 18:51:58,903 INFO o.a.j.t.JMeterThread: Stopping because end time detected by thread: Thread Group - MH 1-28
2021-01-03 18:51:58,903 INFO o.a.j.t.JMeterThread: Thread finished: Thread Group - MH 1-28
2021-01-03 18:51:58,903 INFO o.a.j.t.JMeterThread: Stopping because end time detected by thread: Thread Group - MH 1-65
2021-01-03 18:51:58,903 INFO o.a.j.t.JMeterThread: Thread finished: Thread Group - MH 1-65
2021-01-03 18:51:58,906 INFO o.a.j.t.JMeterThread: Stopping because end time detected by thread: Thread Group - MH 1-21
2021-01-03 18:51:58,906 INFO o.a.j.t.JMeterThread: Thread finished: Thread Group - MH 1-21
2021-01-03 18:51:58,906 INFO o.a.j.t.JMeterThread: Stopping because end time detected by thread: Thread Group - MH 1-92
2021-01-03 18:51:58,906 INFO o.a.j.t.JMeterThread: Thread finished: Thread Group - MH 1-92
2021-01-03 18:51:58,913 INFO o.a.j.t.JMeterThread: Stopping because end time detected by thread: Thread Group - MH 1-18
2021-01-03 18:51:58,913 INFO o.a.j.t.JMeterThread: Thread finished: Thread Group - MH 1-18
2021-01-03 18:51:58,916 INFO o.a.j.t.JMeterThread: Stopping because end time detected by thread: Thread Group - MH 1-98
2021-01-03 18:51:58,916 INFO o.a.j.t.JMeterThread: Thread finished: Thread Group - MH 1-98
2021-01-03 18:51:58,921 INFO o.a.j.t.JMeterThread: Stopping because end time detected by thread: Thread Group - MH 1-85
2021-01-03 18:51:58,921 INFO o.a.j.t.JMeterThread: Thread finished: Thread Group - MH 1-85
2021-01-03 18:51:58,922 INFO o.a.j.t.JMeterThread: Stopping because end time detected by thread: Thread Group - MH 1-88
2021-01-03 18:51:58,922 INFO o.a.j.t.JMeterThread: Thread finished: Thread Group - MH 1-88
2021-01-03 18:51:58,924 INFO o.a.j.t.JMeterThread: Stopping because end time detected by thread: Thread Group - MH 1-17
2021-01-03 18:51:58,924 INFO o.a.j.t.JMeterThread: Thread finished: Thread Group - MH 1-17
2021-01-03 18:51:58,929 INFO o.a.j.t.JMeterThread: Stopping because end time detected by thread: Thread Group - MH 1-61
2021-01-03 18:51:58,929 INFO o.a.j.t.JMeterThread: Thread finished: Thread Group - MH 1-61
2021-01-03 18:51:58,930 INFO o.a.j.t.JMeterThread: Stopping because end time detected by thread: Thread Group - MH 1-96
2021-01-03 18:51:58,930 INFO o.a.j.t.JMeterThread: Thread finished: Thread Group - MH 1-96
2021-01-03 18:51:58,934 INFO o.a.j.t.JMeterThread: Stopping because end time detected by thread: Thread Group - MH 1-70
2021-01-03 18:51:58,934 INFO o.a.j.t.JMeterThread: Stopping because end time detected by thread: Thread Group - MH 1-4
2021-01-03 18:51:58,935 INFO o.a.j.t.JMeterThread: Thread finished: Thread Group - MH 1-4
2021-01-03 18:51:58,935 INFO o.a.j.t.JMeterThread: Thread finished: Thread Group - MH 1-70
2021-01-03 18:51:58,935 INFO o.a.j.t.JMeterThread: Stopping because end time detected by thread: Thread Group - MH 1-72
2021-01-03 18:51:58,935 INFO o.a.j.t.JMeterThread: Thread finished: Thread Group - MH 1-72
2021-01-03 18:51:58,936 INFO o.a.j.t.JMeterThread: Stopping because end time detected by thread: Thread Group - MH 1-91
2021-01-03 18:51:58,936 INFO o.a.j.t.JMeterThread: Thread finished: Thread Group - MH 1-91
2021-01-03 18:51:58,938 INFO o.a.j.t.JMeterThread: Stopping because end time detected by thread: Thread Group - MH 1-51
2021-01-03 18:51:58,939 INFO o.a.j.t.JMeterThread: Thread finished: Thread Group - MH 1-51
2021-01-03 18:51:58,939 INFO o.a.j.e.StandardJMeterEngine: Notifying test listeners of end of test
2021-01-03 18:51:58,939 INFO o.a.j.r.Summariser: summary +   7224 in 00:00:29 =  249.7/s Avg:    90 Min:     0 Max:   959 Err:  1827 (25.29%) Active: 0 Started: 100 Finished: 100
2021-01-03 18:52:08,001 INFO o.a.j.r.Summariser: summary =  14876 in 00:01:09 =  214.9/s Avg:    97 Min:     0 Max:   987 Err:  3994 (26.85%)
