2021-01-03 18:41:59,560 INFO o.a.j.u.JMeterUtils: Setting Locale to en_EN
2021-01-03 18:41:59,586 INFO o.a.j.JMeter: Loading user properties from: user.properties
2021-01-03 18:41:59,587 INFO o.a.j.JMeter: Loading system properties from: system.properties
2021-01-03 18:41:59,588 INFO o.a.j.JMeter: Copyright (c) 1998-2020 The Apache Software Foundation
2021-01-03 18:41:59,588 INFO o.a.j.JMeter: Version 5.3
2021-01-03 18:41:59,589 INFO o.a.j.JMeter: java.version=11.0.8
2021-01-03 18:41:59,589 INFO o.a.j.JMeter: java.vm.name=Java HotSpot(TM) 64-Bit Server VM
2021-01-03 18:41:59,589 INFO o.a.j.JMeter: os.name=Windows 10
2021-01-03 18:41:59,589 INFO o.a.j.JMeter: os.arch=amd64
2021-01-03 18:41:59,589 INFO o.a.j.JMeter: os.version=10.0
2021-01-03 18:41:59,589 INFO o.a.j.JMeter: file.encoding=Cp1252
2021-01-03 18:41:59,589 INFO o.a.j.JMeter: java.awt.headless=true
2021-01-03 18:41:59,590 INFO o.a.j.JMeter: Max memory     =1073741824
2021-01-03 18:41:59,590 INFO o.a.j.JMeter: Available Processors =8
2021-01-03 18:41:59,599 INFO o.a.j.JMeter: Default Locale=English (EN)
2021-01-03 18:41:59,599 INFO o.a.j.JMeter: JMeter  Locale=English (EN)
2021-01-03 18:41:59,599 INFO o.a.j.JMeter: JMeterHome=C:\Users\fabio\Documents\Fabio\Università\Magistrale\2°anno\1°semestre\Impianti di Elaborazione\apache-jmeter-5.3
2021-01-03 18:41:59,599 INFO o.a.j.JMeter: user.dir  =C:\Users\fabio\Documents\Fabio\Università\Magistrale\2°anno\1°semestre\Impianti di Elaborazione\apache-jmeter-5.3\bin
2021-01-03 18:41:59,600 INFO o.a.j.JMeter: PWD       =C:\Users\fabio\Documents\Fabio\Università\Magistrale\2°anno\1°semestre\Impianti di Elaborazione\apache-jmeter-5.3\bin
2021-01-03 18:41:59,603 INFO o.a.j.JMeter: IP: 192.168.56.1 Name: LAPTOP-DSVV6SSR FullName: 192.168.56.1
2021-01-03 18:41:59,610 INFO o.a.j.s.FileServer: Default base='C:\Users\fabio\Documents\Fabio\Università\Magistrale\2°anno\1°semestre\Impianti di Elaborazione\apache-jmeter-5.3\bin'
2021-01-03 18:41:59,611 INFO o.a.j.s.FileServer: Set new base='C:\Users\fabio\Documents\Fabio\Università\Magistrale\2°anno\1°semestre\Impianti di Elaborazione\apache-jmeter-5.3\bin'
2021-01-03 18:41:59,734 INFO o.a.j.s.SaveService: Testplan (JMX) version: 2.2. Testlog (JTL) version: 2.2
2021-01-03 18:41:59,755 INFO o.a.j.s.SaveService: Using SaveService properties version 5.0
2021-01-03 18:41:59,758 INFO o.a.j.s.SaveService: Using SaveService properties file encoding UTF-8
2021-01-03 18:41:59,762 INFO o.a.j.s.SaveService: Loading file: DesignofExperiment.jmx
2021-01-03 18:41:59,825 INFO o.a.j.p.h.s.HTTPSamplerBase: Parser for text/html is org.apache.jmeter.protocol.http.parser.LagartoBasedHtmlParser
2021-01-03 18:41:59,825 INFO o.a.j.p.h.s.HTTPSamplerBase: Parser for application/xhtml+xml is org.apache.jmeter.protocol.http.parser.LagartoBasedHtmlParser
2021-01-03 18:41:59,825 INFO o.a.j.p.h.s.HTTPSamplerBase: Parser for application/xml is org.apache.jmeter.protocol.http.parser.LagartoBasedHtmlParser
2021-01-03 18:41:59,825 INFO o.a.j.p.h.s.HTTPSamplerBase: Parser for text/xml is org.apache.jmeter.protocol.http.parser.LagartoBasedHtmlParser
2021-01-03 18:41:59,825 INFO o.a.j.p.h.s.HTTPSamplerBase: Parser for text/vnd.wap.wml is org.apache.jmeter.protocol.http.parser.RegexpHTMLParser
2021-01-03 18:41:59,825 INFO o.a.j.p.h.s.HTTPSamplerBase: Parser for text/css is org.apache.jmeter.protocol.http.parser.CssParser
2021-01-03 18:41:59,851 INFO o.a.j.JMeter: Creating summariser <summary>
2021-01-03 18:41:59,857 INFO o.a.j.e.StandardJMeterEngine: Running the test!
2021-01-03 18:41:59,858 INFO o.a.j.s.SampleEvent: List of sample_variables: []
2021-01-03 18:41:59,858 INFO o.a.j.s.SampleEvent: List of sample_variables: []
2021-01-03 18:41:59,869 INFO o.a.j.e.u.CompoundVariable: Note: Function class names must contain the string: '.functions.'
2021-01-03 18:41:59,869 INFO o.a.j.e.u.CompoundVariable: Note: Function class names must not contain the string: '.gui.'
2021-01-03 18:42:00,167 INFO o.a.j.JMeter: Running test (1609695720167)
2021-01-03 18:42:00,181 INFO o.a.j.e.StandardJMeterEngine: Starting ThreadGroup: 1 : Thread Group - MM
2021-01-03 18:42:00,181 INFO o.a.j.e.StandardJMeterEngine: Starting 100 threads for group Thread Group - MM.
2021-01-03 18:42:00,181 INFO o.a.j.e.StandardJMeterEngine: Thread will continue on error
2021-01-03 18:42:00,181 INFO o.a.j.t.ThreadGroup: Starting thread group... number=1 threads=100 ramp-up=1 delayedStart=false
2021-01-03 18:42:00,192 INFO o.a.j.t.JMeterThread: Thread started: Thread Group - MM 1-1
2021-01-03 18:42:00,199 INFO o.a.j.t.JMeterThread: Thread started: Thread Group - MM 1-2
2021-01-03 18:42:00,207 INFO o.a.j.t.JMeterThread: Thread started: Thread Group - MM 1-3
2021-01-03 18:42:00,215 INFO o.a.j.t.JMeterThread: Thread started: Thread Group - MM 1-4
2021-01-03 18:42:00,224 INFO o.a.j.t.JMeterThread: Thread started: Thread Group - MM 1-5
2021-01-03 18:42:00,227 INFO o.a.j.p.h.s.HTTPHCAbstractImpl: Local host = LAPTOP-DSVV6SSR
2021-01-03 18:42:00,230 INFO o.a.j.t.ThreadGroup: Started thread group number 1
2021-01-03 18:42:00,230 INFO o.a.j.e.StandardJMeterEngine: All thread groups have been started
2021-01-03 18:42:00,237 INFO o.a.j.p.h.s.HTTPHC4Impl: HTTP request retry count = 0
2021-01-03 18:42:00,237 INFO o.a.j.t.JMeterThread: Thread started: Thread Group - MM 1-6
2021-01-03 18:42:00,239 INFO o.a.j.s.SampleResult: Note: Sample TimeStamps are START times
2021-01-03 18:42:00,239 INFO o.a.j.s.SampleResult: sampleresult.default.encoding is set to ISO-8859-1
2021-01-03 18:42:00,239 INFO o.a.j.s.SampleResult: sampleresult.useNanoTime=true
2021-01-03 18:42:00,239 INFO o.a.j.s.SampleResult: sampleresult.nanoThreadSleep=5000
2021-01-03 18:42:00,247 INFO o.a.j.t.JMeterThread: Thread started: Thread Group - MM 1-7
2021-01-03 18:42:00,255 INFO o.a.j.t.JMeterThread: Thread started: Thread Group - MM 1-8
2021-01-03 18:42:00,264 INFO o.a.j.t.JMeterThread: Thread started: Thread Group - MM 1-9
2021-01-03 18:42:00,274 INFO o.a.j.t.JMeterThread: Thread started: Thread Group - MM 1-10
2021-01-03 18:42:00,285 INFO o.a.j.t.JMeterThread: Thread started: Thread Group - MM 1-11
2021-01-03 18:42:00,294 INFO o.a.j.t.JMeterThread: Thread started: Thread Group - MM 1-12
2021-01-03 18:42:00,303 INFO o.a.j.t.JMeterThread: Thread started: Thread Group - MM 1-13
2021-01-03 18:42:00,313 INFO o.a.j.t.JMeterThread: Thread started: Thread Group - MM 1-14
2021-01-03 18:42:00,322 INFO o.a.j.t.JMeterThread: Thread started: Thread Group - MM 1-15
2021-01-03 18:42:00,334 INFO o.a.j.t.JMeterThread: Thread started: Thread Group - MM 1-16
2021-01-03 18:42:00,344 INFO o.a.j.t.JMeterThread: Thread started: Thread Group - MM 1-17
2021-01-03 18:42:00,352 INFO o.a.j.t.JMeterThread: Thread started: Thread Group - MM 1-18
2021-01-03 18:42:00,364 INFO o.a.j.t.JMeterThread: Thread started: Thread Group - MM 1-19
2021-01-03 18:42:00,373 INFO o.a.j.t.JMeterThread: Thread started: Thread Group - MM 1-20
2021-01-03 18:42:00,384 INFO o.a.j.t.JMeterThread: Thread started: Thread Group - MM 1-21
2021-01-03 18:42:00,393 INFO o.a.j.t.JMeterThread: Thread started: Thread Group - MM 1-22
2021-01-03 18:42:00,403 INFO o.a.j.t.JMeterThread: Thread started: Thread Group - MM 1-23
2021-01-03 18:42:00,415 INFO o.a.j.t.JMeterThread: Thread started: Thread Group - MM 1-24
2021-01-03 18:42:00,425 INFO o.a.j.t.JMeterThread: Thread started: Thread Group - MM 1-25
2021-01-03 18:42:00,431 INFO o.a.j.r.Summariser: summary +      1 in 00:00:00 =    3.8/s Avg:    98 Min:    98 Max:    98 Err:     0 (0.00%) Active: 25 Started: 25 Finished: 0
2021-01-03 18:42:00,433 INFO o.a.j.t.JMeterThread: Thread started: Thread Group - MM 1-26
2021-01-03 18:42:00,443 INFO o.a.j.t.JMeterThread: Thread started: Thread Group - MM 1-27
2021-01-03 18:42:00,460 INFO o.a.j.t.JMeterThread: Thread started: Thread Group - MM 1-28
2021-01-03 18:42:00,463 INFO o.a.j.t.JMeterThread: Thread started: Thread Group - MM 1-29
2021-01-03 18:42:00,473 INFO o.a.j.t.JMeterThread: Thread started: Thread Group - MM 1-30
2021-01-03 18:42:00,483 INFO o.a.j.t.JMeterThread: Thread started: Thread Group - MM 1-31
2021-01-03 18:42:00,493 INFO o.a.j.t.JMeterThread: Thread started: Thread Group - MM 1-32
2021-01-03 18:42:00,504 INFO o.a.j.t.JMeterThread: Thread started: Thread Group - MM 1-33
2021-01-03 18:42:00,515 INFO o.a.j.t.JMeterThread: Thread started: Thread Group - MM 1-34
2021-01-03 18:42:00,522 INFO o.a.j.t.JMeterThread: Thread started: Thread Group - MM 1-35
2021-01-03 18:42:00,533 INFO o.a.j.t.JMeterThread: Thread started: Thread Group - MM 1-36
2021-01-03 18:42:00,544 INFO o.a.j.t.JMeterThread: Thread started: Thread Group - MM 1-37
2021-01-03 18:42:00,552 INFO o.a.j.t.JMeterThread: Thread started: Thread Group - MM 1-38
2021-01-03 18:42:00,564 INFO o.a.j.t.JMeterThread: Thread started: Thread Group - MM 1-39
2021-01-03 18:42:00,573 INFO o.a.j.t.JMeterThread: Thread started: Thread Group - MM 1-40
2021-01-03 18:42:00,583 INFO o.a.j.t.JMeterThread: Thread started: Thread Group - MM 1-41
2021-01-03 18:42:00,593 INFO o.a.j.t.JMeterThread: Thread started: Thread Group - MM 1-42
2021-01-03 18:42:00,603 INFO o.a.j.t.JMeterThread: Thread started: Thread Group - MM 1-43
2021-01-03 18:42:00,612 INFO o.a.j.t.JMeterThread: Thread started: Thread Group - MM 1-44
2021-01-03 18:42:00,629 INFO o.a.j.t.JMeterThread: Thread started: Thread Group - MM 1-45
2021-01-03 18:42:00,633 INFO o.a.j.t.JMeterThread: Thread started: Thread Group - MM 1-46
2021-01-03 18:42:00,643 INFO o.a.j.t.JMeterThread: Thread started: Thread Group - MM 1-47
2021-01-03 18:42:00,653 INFO o.a.j.t.JMeterThread: Thread started: Thread Group - MM 1-48
2021-01-03 18:42:00,663 INFO o.a.j.t.JMeterThread: Thread started: Thread Group - MM 1-49
2021-01-03 18:42:00,673 INFO o.a.j.t.JMeterThread: Thread started: Thread Group - MM 1-50
2021-01-03 18:42:00,683 INFO o.a.j.t.JMeterThread: Thread started: Thread Group - MM 1-51
2021-01-03 18:42:00,692 INFO o.a.j.t.JMeterThread: Thread started: Thread Group - MM 1-52
2021-01-03 18:42:00,703 INFO o.a.j.t.JMeterThread: Thread started: Thread Group - MM 1-53
2021-01-03 18:42:00,713 INFO o.a.j.t.JMeterThread: Thread started: Thread Group - MM 1-54
2021-01-03 18:42:00,722 INFO o.a.j.t.JMeterThread: Thread started: Thread Group - MM 1-55
2021-01-03 18:42:00,733 INFO o.a.j.t.JMeterThread: Thread started: Thread Group - MM 1-56
2021-01-03 18:42:00,743 INFO o.a.j.t.JMeterThread: Thread started: Thread Group - MM 1-57
2021-01-03 18:42:00,752 INFO o.a.j.t.JMeterThread: Thread started: Thread Group - MM 1-58
2021-01-03 18:42:00,763 INFO o.a.j.t.JMeterThread: Thread started: Thread Group - MM 1-59
2021-01-03 18:42:00,773 INFO o.a.j.t.JMeterThread: Thread started: Thread Group - MM 1-60
2021-01-03 18:42:00,782 INFO o.a.j.t.JMeterThread: Thread started: Thread Group - MM 1-61
2021-01-03 18:42:00,797 INFO o.a.j.t.JMeterThread: Thread started: Thread Group - MM 1-62
2021-01-03 18:42:00,803 INFO o.a.j.t.JMeterThread: Thread started: Thread Group - MM 1-63
2021-01-03 18:42:00,812 INFO o.a.j.t.JMeterThread: Thread started: Thread Group - MM 1-64
2021-01-03 18:42:00,823 INFO o.a.j.t.JMeterThread: Thread started: Thread Group - MM 1-65
2021-01-03 18:42:00,833 INFO o.a.j.t.JMeterThread: Thread started: Thread Group - MM 1-66
2021-01-03 18:42:00,843 INFO o.a.j.t.JMeterThread: Thread started: Thread Group - MM 1-67
2021-01-03 18:42:00,853 INFO o.a.j.t.JMeterThread: Thread started: Thread Group - MM 1-68
2021-01-03 18:42:00,863 INFO o.a.j.t.JMeterThread: Thread started: Thread Group - MM 1-69
2021-01-03 18:42:00,873 INFO o.a.j.t.JMeterThread: Thread started: Thread Group - MM 1-70
2021-01-03 18:42:00,884 INFO o.a.j.t.JMeterThread: Thread started: Thread Group - MM 1-71
2021-01-03 18:42:00,893 INFO o.a.j.t.JMeterThread: Thread started: Thread Group - MM 1-72
2021-01-03 18:42:00,903 INFO o.a.j.t.JMeterThread: Thread started: Thread Group - MM 1-73
2021-01-03 18:42:00,913 INFO o.a.j.t.JMeterThread: Thread started: Thread Group - MM 1-74
2021-01-03 18:42:00,923 INFO o.a.j.t.JMeterThread: Thread started: Thread Group - MM 1-75
2021-01-03 18:42:00,933 INFO o.a.j.t.JMeterThread: Thread started: Thread Group - MM 1-76
2021-01-03 18:42:00,944 INFO o.a.j.t.JMeterThread: Thread started: Thread Group - MM 1-77
2021-01-03 18:42:00,954 INFO o.a.j.t.JMeterThread: Thread started: Thread Group - MM 1-78
2021-01-03 18:42:00,963 INFO o.a.j.t.JMeterThread: Thread started: Thread Group - MM 1-79
2021-01-03 18:42:00,973 INFO o.a.j.t.JMeterThread: Thread started: Thread Group - MM 1-80
2021-01-03 18:42:00,984 INFO o.a.j.t.JMeterThread: Thread started: Thread Group - MM 1-81
2021-01-03 18:42:00,996 INFO o.a.j.t.JMeterThread: Thread started: Thread Group - MM 1-82
2021-01-03 18:42:01,007 INFO o.a.j.t.JMeterThread: Thread started: Thread Group - MM 1-83
2021-01-03 18:42:01,014 INFO o.a.j.t.JMeterThread: Thread started: Thread Group - MM 1-84
2021-01-03 18:42:01,024 INFO o.a.j.t.JMeterThread: Thread started: Thread Group - MM 1-85
2021-01-03 18:42:01,034 INFO o.a.j.t.JMeterThread: Thread started: Thread Group - MM 1-86
2021-01-03 18:42:01,043 INFO o.a.j.t.JMeterThread: Thread started: Thread Group - MM 1-87
2021-01-03 18:42:01,053 INFO o.a.j.t.JMeterThread: Thread started: Thread Group - MM 1-88
2021-01-03 18:42:01,064 INFO o.a.j.t.JMeterThread: Thread started: Thread Group - MM 1-89
2021-01-03 18:42:01,074 INFO o.a.j.t.JMeterThread: Thread started: Thread Group - MM 1-90
2021-01-03 18:42:01,082 INFO o.a.j.t.JMeterThread: Thread started: Thread Group - MM 1-91
2021-01-03 18:42:01,093 INFO o.a.j.t.JMeterThread: Thread started: Thread Group - MM 1-92
2021-01-03 18:42:01,104 INFO o.a.j.t.JMeterThread: Thread started: Thread Group - MM 1-93
2021-01-03 18:42:01,114 INFO o.a.j.t.JMeterThread: Thread started: Thread Group - MM 1-94
2021-01-03 18:42:01,122 INFO o.a.j.t.JMeterThread: Thread started: Thread Group - MM 1-95
2021-01-03 18:42:01,133 INFO o.a.j.t.JMeterThread: Thread started: Thread Group - MM 1-96
2021-01-03 18:42:01,144 INFO o.a.j.t.JMeterThread: Thread started: Thread Group - MM 1-97
2021-01-03 18:42:01,154 INFO o.a.j.t.JMeterThread: Thread started: Thread Group - MM 1-98
2021-01-03 18:42:01,162 INFO o.a.j.t.JMeterThread: Thread started: Thread Group - MM 1-99
2021-01-03 18:42:01,173 INFO o.a.j.t.JMeterThread: Thread started: Thread Group - MM 1-100
2021-01-03 18:42:30,003 INFO o.a.j.r.Summariser: summary +   7458 in 00:00:30 =  252.2/s Avg:    11 Min:     0 Max:   670 Err:     4 (0.05%) Active: 100 Started: 100 Finished: 0
2021-01-03 18:42:30,004 INFO o.a.j.r.Summariser: summary =   7459 in 00:00:30 =  250.0/s Avg:    11 Min:     0 Max:   670 Err:     4 (0.05%)
2021-01-03 18:42:59,818 INFO o.a.j.t.JMeterThread: Thread finished: Thread Group - MM 1-15
2021-01-03 18:42:59,828 INFO o.a.j.t.JMeterThread: Thread finished: Thread Group - MM 1-2
2021-01-03 18:42:59,830 INFO o.a.j.t.JMeterThread: Thread finished: Thread Group - MM 1-42
2021-01-03 18:42:59,833 INFO o.a.j.t.JMeterThread: Thread finished: Thread Group - MM 1-29
2021-01-03 18:42:59,835 INFO o.a.j.t.JMeterThread: Thread finished: Thread Group - MM 1-19
2021-01-03 18:42:59,848 INFO o.a.j.t.JMeterThread: Thread finished: Thread Group - MM 1-25
2021-01-03 18:42:59,852 INFO o.a.j.t.JMeterThread: Thread finished: Thread Group - MM 1-1
2021-01-03 18:42:59,855 INFO o.a.j.t.JMeterThread: Thread finished: Thread Group - MM 1-30
2021-01-03 18:42:59,857 INFO o.a.j.t.JMeterThread: Thread finished: Thread Group - MM 1-61
2021-01-03 18:42:59,873 INFO o.a.j.t.JMeterThread: Thread finished: Thread Group - MM 1-90
2021-01-03 18:42:59,875 INFO o.a.j.t.JMeterThread: Thread finished: Thread Group - MM 1-43
2021-01-03 18:42:59,880 INFO o.a.j.t.JMeterThread: Thread finished: Thread Group - MM 1-62
2021-01-03 18:42:59,896 INFO o.a.j.t.JMeterThread: Thread finished: Thread Group - MM 1-31
2021-01-03 18:42:59,898 INFO o.a.j.t.JMeterThread: Thread finished: Thread Group - MM 1-5
2021-01-03 18:42:59,905 INFO o.a.j.t.JMeterThread: Thread finished: Thread Group - MM 1-64
2021-01-03 18:42:59,909 INFO o.a.j.t.JMeterThread: Thread finished: Thread Group - MM 1-63
2021-01-03 18:42:59,914 INFO o.a.j.t.JMeterThread: Thread finished: Thread Group - MM 1-44
2021-01-03 18:42:59,920 INFO o.a.j.t.JMeterThread: Thread finished: Thread Group - MM 1-93
2021-01-03 18:42:59,921 INFO o.a.j.t.JMeterThread: Thread finished: Thread Group - MM 1-32
2021-01-03 18:42:59,923 INFO o.a.j.t.JMeterThread: Thread finished: Thread Group - MM 1-65
2021-01-03 18:42:59,924 INFO o.a.j.t.JMeterThread: Thread finished: Thread Group - MM 1-20
2021-01-03 18:42:59,927 INFO o.a.j.t.JMeterThread: Thread finished: Thread Group - MM 1-94
2021-01-03 18:42:59,930 INFO o.a.j.t.JMeterThread: Thread finished: Thread Group - MM 1-95
2021-01-03 18:42:59,932 INFO o.a.j.t.JMeterThread: Thread finished: Thread Group - MM 1-66
2021-01-03 18:42:59,933 INFO o.a.j.t.JMeterThread: Thread finished: Thread Group - MM 1-41
2021-01-03 18:42:59,936 INFO o.a.j.t.JMeterThread: Thread finished: Thread Group - MM 1-17
2021-01-03 18:42:59,946 INFO o.a.j.t.JMeterThread: Thread finished: Thread Group - MM 1-67
2021-01-03 18:42:59,948 INFO o.a.j.t.JMeterThread: Thread finished: Thread Group - MM 1-97
2021-01-03 18:42:59,951 INFO o.a.j.t.JMeterThread: Thread finished: Thread Group - MM 1-22
2021-01-03 18:42:59,956 INFO o.a.j.t.JMeterThread: Thread finished: Thread Group - MM 1-68
2021-01-03 18:42:59,958 INFO o.a.j.t.JMeterThread: Thread finished: Thread Group - MM 1-47
2021-01-03 18:42:59,960 INFO o.a.j.t.JMeterThread: Thread finished: Thread Group - MM 1-98
2021-01-03 18:42:59,962 INFO o.a.j.t.JMeterThread: Thread finished: Thread Group - MM 1-33
2021-01-03 18:42:59,964 INFO o.a.j.t.JMeterThread: Thread finished: Thread Group - MM 1-69
2021-01-03 18:42:59,968 INFO o.a.j.t.JMeterThread: Thread finished: Thread Group - MM 1-14
2021-01-03 18:42:59,974 INFO o.a.j.t.JMeterThread: Thread finished: Thread Group - MM 1-6
2021-01-03 18:42:59,978 INFO o.a.j.t.JMeterThread: Thread finished: Thread Group - MM 1-21
2021-01-03 18:42:59,981 INFO o.a.j.t.JMeterThread: Thread finished: Thread Group - MM 1-70
2021-01-03 18:42:59,983 INFO o.a.j.t.JMeterThread: Thread finished: Thread Group - MM 1-34
2021-01-03 18:42:59,985 INFO o.a.j.t.JMeterThread: Thread finished: Thread Group - MM 1-45
2021-01-03 18:42:59,990 INFO o.a.j.t.JMeterThread: Thread finished: Thread Group - MM 1-3
2021-01-03 18:42:59,992 INFO o.a.j.t.JMeterThread: Thread finished: Thread Group - MM 1-46
2021-01-03 18:42:59,995 INFO o.a.j.t.JMeterThread: Thread finished: Thread Group - MM 1-18
2021-01-03 18:42:59,998 INFO o.a.j.t.JMeterThread: Thread finished: Thread Group - MM 1-71
2021-01-03 18:43:00,004 INFO o.a.j.r.Summariser: summary +   7500 in 00:00:30 =  250.0/s Avg:     9 Min:     1 Max:   109 Err:     0 (0.00%) Active: 56 Started: 100 Finished: 44
2021-01-03 18:43:00,004 INFO o.a.j.r.Summariser: summary =  14959 in 00:01:00 =  250.0/s Avg:    10 Min:     0 Max:   670 Err:     4 (0.03%)
2021-01-03 18:43:00,004 INFO o.a.j.t.JMeterThread: Thread finished: Thread Group - MM 1-11
2021-01-03 18:43:00,007 INFO o.a.j.t.JMeterThread: Thread finished: Thread Group - MM 1-72
2021-01-03 18:43:00,014 INFO o.a.j.t.JMeterThread: Thread finished: Thread Group - MM 1-7
2021-01-03 18:43:00,017 INFO o.a.j.t.JMeterThread: Thread finished: Thread Group - MM 1-73
2021-01-03 18:43:00,019 INFO o.a.j.t.JMeterThread: Thread finished: Thread Group - MM 1-48
2021-01-03 18:43:00,021 INFO o.a.j.t.JMeterThread: Thread finished: Thread Group - MM 1-23
2021-01-03 18:43:00,025 INFO o.a.j.t.JMeterThread: Thread finished: Thread Group - MM 1-16
2021-01-03 18:43:00,028 INFO o.a.j.t.JMeterThread: Thread finished: Thread Group - MM 1-36
2021-01-03 18:43:00,030 INFO o.a.j.t.JMeterThread: Thread finished: Thread Group - MM 1-49
2021-01-03 18:43:00,032 INFO o.a.j.t.JMeterThread: Thread finished: Thread Group - MM 1-13
2021-01-03 18:43:00,043 INFO o.a.j.t.JMeterThread: Thread finished: Thread Group - MM 1-76
2021-01-03 18:43:00,062 INFO o.a.j.t.JMeterThread: Thread finished: Thread Group - MM 1-77
2021-01-03 18:43:00,066 INFO o.a.j.t.JMeterThread: Thread finished: Thread Group - MM 1-50
2021-01-03 18:43:00,070 INFO o.a.j.t.JMeterThread: Thread finished: Thread Group - MM 1-10
2021-01-03 18:43:00,073 INFO o.a.j.t.JMeterThread: Thread finished: Thread Group - MM 1-51
2021-01-03 18:43:00,076 INFO o.a.j.t.JMeterThread: Thread finished: Thread Group - MM 1-4
2021-01-03 18:43:00,079 INFO o.a.j.t.JMeterThread: Thread finished: Thread Group - MM 1-35
2021-01-03 18:43:00,083 INFO o.a.j.t.JMeterThread: Thread finished: Thread Group - MM 1-52
2021-01-03 18:43:00,094 INFO o.a.j.t.JMeterThread: Thread finished: Thread Group - MM 1-24
2021-01-03 18:43:00,122 INFO o.a.j.t.JMeterThread: Thread finished: Thread Group - MM 1-53
2021-01-03 18:43:00,131 INFO o.a.j.t.JMeterThread: Thread finished: Thread Group - MM 1-54
2021-01-03 18:43:00,144 INFO o.a.j.t.JMeterThread: Thread finished: Thread Group - MM 1-78
2021-01-03 18:43:00,145 INFO o.a.j.t.JMeterThread: Thread finished: Thread Group - MM 1-79
2021-01-03 18:43:00,157 INFO o.a.j.t.JMeterThread: Thread finished: Thread Group - MM 1-80
2021-01-03 18:43:00,160 INFO o.a.j.t.JMeterThread: Thread finished: Thread Group - MM 1-38
2021-01-03 18:43:00,165 INFO o.a.j.t.JMeterThread: Thread finished: Thread Group - MM 1-26
2021-01-03 18:43:00,167 INFO o.a.j.t.JMeterThread: Thread finished: Thread Group - MM 1-55
2021-01-03 18:43:00,168 INFO o.a.j.t.JMeterThread: Thread finished: Thread Group - MM 1-81
2021-01-03 18:43:00,169 INFO o.a.j.t.JMeterThread: Thread finished: Thread Group - MM 1-9
2021-01-03 18:43:00,171 INFO o.a.j.t.JMeterThread: Thread finished: Thread Group - MM 1-40
2021-01-03 18:43:00,172 INFO o.a.j.t.JMeterThread: Thread finished: Thread Group - MM 1-27
2021-01-03 18:43:00,174 INFO o.a.j.t.JMeterThread: Thread finished: Thread Group - MM 1-12
2021-01-03 18:43:00,176 INFO o.a.j.t.JMeterThread: Thread finished: Thread Group - MM 1-57
2021-01-03 18:43:00,178 INFO o.a.j.t.JMeterThread: Thread finished: Thread Group - MM 1-39
2021-01-03 18:43:00,181 INFO o.a.j.t.JMeterThread: Thread finished: Thread Group - MM 1-8
2021-01-03 18:43:00,187 INFO o.a.j.t.JMeterThread: Thread finished: Thread Group - MM 1-58
2021-01-03 18:43:00,189 INFO o.a.j.t.JMeterThread: Thread finished: Thread Group - MM 1-82
2021-01-03 18:43:00,194 INFO o.a.j.t.JMeterThread: Thread finished: Thread Group - MM 1-83
2021-01-03 18:43:00,197 INFO o.a.j.t.JMeterThread: Thread finished: Thread Group - MM 1-37
2021-01-03 18:43:00,198 INFO o.a.j.t.JMeterThread: Thread finished: Thread Group - MM 1-56
2021-01-03 18:43:00,199 INFO o.a.j.t.JMeterThread: Thread finished: Thread Group - MM 1-28
2021-01-03 18:43:00,202 INFO o.a.j.t.JMeterThread: Thread finished: Thread Group - MM 1-84
2021-01-03 18:43:00,217 INFO o.a.j.t.JMeterThread: Thread finished: Thread Group - MM 1-85
2021-01-03 18:43:00,226 INFO o.a.j.t.JMeterThread: Stopping because end time detected by thread: Thread Group - MM 1-60
2021-01-03 18:43:00,226 INFO o.a.j.t.JMeterThread: Thread finished: Thread Group - MM 1-60
2021-01-03 18:43:00,236 INFO o.a.j.t.JMeterThread: Stopping because end time detected by thread: Thread Group - MM 1-86
2021-01-03 18:43:00,236 INFO o.a.j.t.JMeterThread: Thread finished: Thread Group - MM 1-86
2021-01-03 18:43:00,238 INFO o.a.j.t.JMeterThread: Stopping because end time detected by thread: Thread Group - MM 1-99
2021-01-03 18:43:00,238 INFO o.a.j.t.JMeterThread: Thread finished: Thread Group - MM 1-99
2021-01-03 18:43:00,238 INFO o.a.j.t.JMeterThread: Stopping because end time detected by thread: Thread Group - MM 1-100
2021-01-03 18:43:00,238 INFO o.a.j.t.JMeterThread: Thread finished: Thread Group - MM 1-100
2021-01-03 18:43:00,241 INFO o.a.j.t.JMeterThread: Stopping because end time detected by thread: Thread Group - MM 1-59
2021-01-03 18:43:00,241 INFO o.a.j.t.JMeterThread: Thread finished: Thread Group - MM 1-59
2021-01-03 18:43:00,243 INFO o.a.j.t.JMeterThread: Stopping because end time detected by thread: Thread Group - MM 1-75
2021-01-03 18:43:00,243 INFO o.a.j.t.JMeterThread: Thread finished: Thread Group - MM 1-75
2021-01-03 18:43:00,244 INFO o.a.j.t.JMeterThread: Stopping because end time detected by thread: Thread Group - MM 1-89
2021-01-03 18:43:00,245 INFO o.a.j.t.JMeterThread: Thread finished: Thread Group - MM 1-89
2021-01-03 18:43:00,246 INFO o.a.j.t.JMeterThread: Stopping because end time detected by thread: Thread Group - MM 1-88
2021-01-03 18:43:00,246 INFO o.a.j.t.JMeterThread: Thread finished: Thread Group - MM 1-88
2021-01-03 18:43:00,249 INFO o.a.j.t.JMeterThread: Stopping because end time detected by thread: Thread Group - MM 1-92
2021-01-03 18:43:00,249 INFO o.a.j.t.JMeterThread: Thread finished: Thread Group - MM 1-92
2021-01-03 18:43:00,252 INFO o.a.j.t.JMeterThread: Stopping because end time detected by thread: Thread Group - MM 1-91
2021-01-03 18:43:00,253 INFO o.a.j.t.JMeterThread: Thread finished: Thread Group - MM 1-91
2021-01-03 18:43:00,254 INFO o.a.j.t.JMeterThread: Stopping because end time detected by thread: Thread Group - MM 1-96
2021-01-03 18:43:00,254 INFO o.a.j.t.JMeterThread: Thread finished: Thread Group - MM 1-96
2021-01-03 18:43:00,255 INFO o.a.j.t.JMeterThread: Stopping because end time detected by thread: Thread Group - MM 1-74
2021-01-03 18:43:00,255 INFO o.a.j.t.JMeterThread: Thread finished: Thread Group - MM 1-74
2021-01-03 18:43:00,264 INFO o.a.j.t.JMeterThread: Stopping because end time detected by thread: Thread Group - MM 1-87
2021-01-03 18:43:00,264 INFO o.a.j.t.JMeterThread: Thread finished: Thread Group - MM 1-87
2021-01-03 18:43:00,264 INFO o.a.j.e.StandardJMeterEngine: Notifying test listeners of end of test
2021-01-03 18:43:00,265 INFO o.a.j.r.Summariser: summary +     57 in 00:00:00 =  217.6/s Avg:    11 Min:     1 Max:    49 Err:     0 (0.00%) Active: 0 Started: 100 Finished: 100
2021-01-03 18:43:00,266 INFO o.a.j.r.Summariser: summary =  15016 in 00:01:00 =  249.9/s Avg:    10 Min:     0 Max:   670 Err:     4 (0.03%)
