2021-01-03 18:40:42,161 INFO o.a.j.u.JMeterUtils: Setting Locale to en_EN
2021-01-03 18:40:42,179 INFO o.a.j.JMeter: Loading user properties from: user.properties
2021-01-03 18:40:42,180 INFO o.a.j.JMeter: Loading system properties from: system.properties
2021-01-03 18:40:42,181 INFO o.a.j.JMeter: Copyright (c) 1998-2020 The Apache Software Foundation
2021-01-03 18:40:42,181 INFO o.a.j.JMeter: Version 5.3
2021-01-03 18:40:42,181 INFO o.a.j.JMeter: java.version=11.0.8
2021-01-03 18:40:42,181 INFO o.a.j.JMeter: java.vm.name=Java HotSpot(TM) 64-Bit Server VM
2021-01-03 18:40:42,181 INFO o.a.j.JMeter: os.name=Windows 10
2021-01-03 18:40:42,181 INFO o.a.j.JMeter: os.arch=amd64
2021-01-03 18:40:42,181 INFO o.a.j.JMeter: os.version=10.0
2021-01-03 18:40:42,181 INFO o.a.j.JMeter: file.encoding=Cp1252
2021-01-03 18:40:42,181 INFO o.a.j.JMeter: java.awt.headless=true
2021-01-03 18:40:42,182 INFO o.a.j.JMeter: Max memory     =1073741824
2021-01-03 18:40:42,182 INFO o.a.j.JMeter: Available Processors =8
2021-01-03 18:40:42,190 INFO o.a.j.JMeter: Default Locale=English (EN)
2021-01-03 18:40:42,190 INFO o.a.j.JMeter: JMeter  Locale=English (EN)
2021-01-03 18:40:42,190 INFO o.a.j.JMeter: JMeterHome=C:\Users\fabio\Documents\Fabio\Università\Magistrale\2°anno\1°semestre\Impianti di Elaborazione\apache-jmeter-5.3
2021-01-03 18:40:42,191 INFO o.a.j.JMeter: user.dir  =C:\Users\fabio\Documents\Fabio\Università\Magistrale\2°anno\1°semestre\Impianti di Elaborazione\apache-jmeter-5.3\bin
2021-01-03 18:40:42,192 INFO o.a.j.JMeter: PWD       =C:\Users\fabio\Documents\Fabio\Università\Magistrale\2°anno\1°semestre\Impianti di Elaborazione\apache-jmeter-5.3\bin
2021-01-03 18:40:42,196 INFO o.a.j.JMeter: IP: 192.168.56.1 Name: LAPTOP-DSVV6SSR FullName: 192.168.56.1
2021-01-03 18:40:42,202 INFO o.a.j.s.FileServer: Default base='C:\Users\fabio\Documents\Fabio\Università\Magistrale\2°anno\1°semestre\Impianti di Elaborazione\apache-jmeter-5.3\bin'
2021-01-03 18:40:42,204 INFO o.a.j.s.FileServer: Set new base='C:\Users\fabio\Documents\Fabio\Università\Magistrale\2°anno\1°semestre\Impianti di Elaborazione\apache-jmeter-5.3\bin'
2021-01-03 18:40:42,328 INFO o.a.j.s.SaveService: Testplan (JMX) version: 2.2. Testlog (JTL) version: 2.2
2021-01-03 18:40:42,344 INFO o.a.j.s.SaveService: Using SaveService properties version 5.0
2021-01-03 18:40:42,348 INFO o.a.j.s.SaveService: Using SaveService properties file encoding UTF-8
2021-01-03 18:40:42,351 INFO o.a.j.s.SaveService: Loading file: DesignofExperiment.jmx
2021-01-03 18:40:42,408 INFO o.a.j.p.h.s.HTTPSamplerBase: Parser for text/html is org.apache.jmeter.protocol.http.parser.LagartoBasedHtmlParser
2021-01-03 18:40:42,408 INFO o.a.j.p.h.s.HTTPSamplerBase: Parser for application/xhtml+xml is org.apache.jmeter.protocol.http.parser.LagartoBasedHtmlParser
2021-01-03 18:40:42,409 INFO o.a.j.p.h.s.HTTPSamplerBase: Parser for application/xml is org.apache.jmeter.protocol.http.parser.LagartoBasedHtmlParser
2021-01-03 18:40:42,409 INFO o.a.j.p.h.s.HTTPSamplerBase: Parser for text/xml is org.apache.jmeter.protocol.http.parser.LagartoBasedHtmlParser
2021-01-03 18:40:42,409 INFO o.a.j.p.h.s.HTTPSamplerBase: Parser for text/vnd.wap.wml is org.apache.jmeter.protocol.http.parser.RegexpHTMLParser
2021-01-03 18:40:42,409 INFO o.a.j.p.h.s.HTTPSamplerBase: Parser for text/css is org.apache.jmeter.protocol.http.parser.CssParser
2021-01-03 18:40:42,435 INFO o.a.j.JMeter: Creating summariser <summary>
2021-01-03 18:40:42,441 INFO o.a.j.e.StandardJMeterEngine: Running the test!
2021-01-03 18:40:42,442 INFO o.a.j.s.SampleEvent: List of sample_variables: []
2021-01-03 18:40:42,442 INFO o.a.j.s.SampleEvent: List of sample_variables: []
2021-01-03 18:40:42,451 INFO o.a.j.e.u.CompoundVariable: Note: Function class names must contain the string: '.functions.'
2021-01-03 18:40:42,451 INFO o.a.j.e.u.CompoundVariable: Note: Function class names must not contain the string: '.gui.'
2021-01-03 18:40:42,728 INFO o.a.j.JMeter: Running test (1609695642728)
2021-01-03 18:40:42,742 INFO o.a.j.e.StandardJMeterEngine: Starting ThreadGroup: 1 : Thread Group - MM
2021-01-03 18:40:42,742 INFO o.a.j.e.StandardJMeterEngine: Starting 100 threads for group Thread Group - MM.
2021-01-03 18:40:42,742 INFO o.a.j.e.StandardJMeterEngine: Thread will continue on error
2021-01-03 18:40:42,743 INFO o.a.j.t.ThreadGroup: Starting thread group... number=1 threads=100 ramp-up=1 delayedStart=false
2021-01-03 18:40:42,752 INFO o.a.j.t.JMeterThread: Thread started: Thread Group - MM 1-1
2021-01-03 18:40:42,759 INFO o.a.j.t.JMeterThread: Thread started: Thread Group - MM 1-2
2021-01-03 18:40:42,766 INFO o.a.j.t.JMeterThread: Thread started: Thread Group - MM 1-3
2021-01-03 18:40:42,775 INFO o.a.j.t.JMeterThread: Thread started: Thread Group - MM 1-4
2021-01-03 18:40:42,785 INFO o.a.j.t.JMeterThread: Thread started: Thread Group - MM 1-5
2021-01-03 18:40:42,789 INFO o.a.j.p.h.s.HTTPHCAbstractImpl: Local host = LAPTOP-DSVV6SSR
2021-01-03 18:40:42,791 INFO o.a.j.t.ThreadGroup: Started thread group number 1
2021-01-03 18:40:42,791 INFO o.a.j.e.StandardJMeterEngine: All thread groups have been started
2021-01-03 18:40:42,796 INFO o.a.j.p.h.s.HTTPHC4Impl: HTTP request retry count = 0
2021-01-03 18:40:42,797 INFO o.a.j.t.JMeterThread: Thread started: Thread Group - MM 1-6
2021-01-03 18:40:42,798 INFO o.a.j.s.SampleResult: Note: Sample TimeStamps are START times
2021-01-03 18:40:42,798 INFO o.a.j.s.SampleResult: sampleresult.default.encoding is set to ISO-8859-1
2021-01-03 18:40:42,798 INFO o.a.j.s.SampleResult: sampleresult.useNanoTime=true
2021-01-03 18:40:42,798 INFO o.a.j.s.SampleResult: sampleresult.nanoThreadSleep=5000
2021-01-03 18:40:42,806 INFO o.a.j.t.JMeterThread: Thread started: Thread Group - MM 1-7
2021-01-03 18:40:42,815 INFO o.a.j.t.JMeterThread: Thread started: Thread Group - MM 1-8
2021-01-03 18:40:42,825 INFO o.a.j.t.JMeterThread: Thread started: Thread Group - MM 1-9
2021-01-03 18:40:42,835 INFO o.a.j.t.JMeterThread: Thread started: Thread Group - MM 1-10
2021-01-03 18:40:42,845 INFO o.a.j.t.JMeterThread: Thread started: Thread Group - MM 1-11
2021-01-03 18:40:42,855 INFO o.a.j.t.JMeterThread: Thread started: Thread Group - MM 1-12
2021-01-03 18:40:42,865 INFO o.a.j.t.JMeterThread: Thread started: Thread Group - MM 1-13
2021-01-03 18:40:42,875 INFO o.a.j.t.JMeterThread: Thread started: Thread Group - MM 1-14
2021-01-03 18:40:42,885 INFO o.a.j.t.JMeterThread: Thread started: Thread Group - MM 1-15
2021-01-03 18:40:42,894 INFO o.a.j.t.JMeterThread: Thread started: Thread Group - MM 1-16
2021-01-03 18:40:42,905 INFO o.a.j.t.JMeterThread: Thread started: Thread Group - MM 1-17
2021-01-03 18:40:42,915 INFO o.a.j.t.JMeterThread: Thread started: Thread Group - MM 1-18
2021-01-03 18:40:42,924 INFO o.a.j.t.JMeterThread: Thread started: Thread Group - MM 1-19
2021-01-03 18:40:42,935 INFO o.a.j.t.JMeterThread: Thread started: Thread Group - MM 1-20
2021-01-03 18:40:42,945 INFO o.a.j.t.JMeterThread: Thread started: Thread Group - MM 1-21
2021-01-03 18:40:42,954 INFO o.a.j.t.JMeterThread: Thread started: Thread Group - MM 1-22
2021-01-03 18:40:42,964 INFO o.a.j.t.JMeterThread: Thread started: Thread Group - MM 1-23
2021-01-03 18:40:42,975 INFO o.a.j.t.JMeterThread: Thread started: Thread Group - MM 1-24
2021-01-03 18:40:42,985 INFO o.a.j.t.JMeterThread: Thread started: Thread Group - MM 1-25
2021-01-03 18:40:42,996 INFO o.a.j.t.JMeterThread: Thread started: Thread Group - MM 1-26
2021-01-03 18:40:43,004 INFO o.a.j.t.JMeterThread: Thread started: Thread Group - MM 1-27
2021-01-03 18:40:43,015 INFO o.a.j.t.JMeterThread: Thread started: Thread Group - MM 1-28
2021-01-03 18:40:43,025 INFO o.a.j.t.JMeterThread: Thread started: Thread Group - MM 1-29
2021-01-03 18:40:43,035 INFO o.a.j.t.JMeterThread: Thread started: Thread Group - MM 1-30
2021-01-03 18:40:43,044 INFO o.a.j.t.JMeterThread: Thread started: Thread Group - MM 1-31
2021-01-03 18:40:43,055 INFO o.a.j.t.JMeterThread: Thread started: Thread Group - MM 1-32
2021-01-03 18:40:43,064 INFO o.a.j.t.JMeterThread: Thread started: Thread Group - MM 1-33
2021-01-03 18:40:43,075 INFO o.a.j.t.JMeterThread: Thread started: Thread Group - MM 1-34
2021-01-03 18:40:43,084 INFO o.a.j.t.JMeterThread: Thread started: Thread Group - MM 1-35
2021-01-03 18:40:43,093 INFO o.a.j.t.JMeterThread: Thread started: Thread Group - MM 1-36
2021-01-03 18:40:43,105 INFO o.a.j.t.JMeterThread: Thread started: Thread Group - MM 1-37
2021-01-03 18:40:43,115 INFO o.a.j.t.JMeterThread: Thread started: Thread Group - MM 1-38
2021-01-03 18:40:43,125 INFO o.a.j.t.JMeterThread: Thread started: Thread Group - MM 1-39
2021-01-03 18:40:43,133 INFO o.a.j.t.JMeterThread: Thread started: Thread Group - MM 1-40
2021-01-03 18:40:43,145 INFO o.a.j.t.JMeterThread: Thread started: Thread Group - MM 1-41
2021-01-03 18:40:43,155 INFO o.a.j.t.JMeterThread: Thread started: Thread Group - MM 1-42
2021-01-03 18:40:43,164 INFO o.a.j.t.JMeterThread: Thread started: Thread Group - MM 1-43
2021-01-03 18:40:43,175 INFO o.a.j.t.JMeterThread: Thread started: Thread Group - MM 1-44
2021-01-03 18:40:43,185 INFO o.a.j.t.JMeterThread: Thread started: Thread Group - MM 1-45
2021-01-03 18:40:43,195 INFO o.a.j.t.JMeterThread: Thread started: Thread Group - MM 1-46
2021-01-03 18:40:43,203 INFO o.a.j.t.JMeterThread: Thread started: Thread Group - MM 1-47
2021-01-03 18:40:43,213 INFO o.a.j.t.JMeterThread: Thread started: Thread Group - MM 1-48
2021-01-03 18:40:43,226 INFO o.a.j.t.JMeterThread: Thread started: Thread Group - MM 1-49
2021-01-03 18:40:43,236 INFO o.a.j.t.JMeterThread: Thread started: Thread Group - MM 1-50
2021-01-03 18:40:43,244 INFO o.a.j.t.JMeterThread: Thread started: Thread Group - MM 1-51
2021-01-03 18:40:43,255 INFO o.a.j.t.JMeterThread: Thread started: Thread Group - MM 1-52
2021-01-03 18:40:43,268 INFO o.a.j.t.JMeterThread: Thread started: Thread Group - MM 1-53
2021-01-03 18:40:43,274 INFO o.a.j.t.JMeterThread: Thread started: Thread Group - MM 1-54
2021-01-03 18:40:43,284 INFO o.a.j.t.JMeterThread: Thread started: Thread Group - MM 1-55
2021-01-03 18:40:43,295 INFO o.a.j.t.JMeterThread: Thread started: Thread Group - MM 1-56
2021-01-03 18:40:43,304 INFO o.a.j.t.JMeterThread: Thread started: Thread Group - MM 1-57
2021-01-03 18:40:43,314 INFO o.a.j.t.JMeterThread: Thread started: Thread Group - MM 1-58
2021-01-03 18:40:43,324 INFO o.a.j.t.JMeterThread: Thread started: Thread Group - MM 1-59
2021-01-03 18:40:43,333 INFO o.a.j.t.JMeterThread: Thread started: Thread Group - MM 1-60
2021-01-03 18:40:43,344 INFO o.a.j.t.JMeterThread: Thread started: Thread Group - MM 1-61
2021-01-03 18:40:43,355 INFO o.a.j.t.JMeterThread: Thread started: Thread Group - MM 1-62
2021-01-03 18:40:43,364 INFO o.a.j.t.JMeterThread: Thread started: Thread Group - MM 1-63
2021-01-03 18:40:43,374 INFO o.a.j.t.JMeterThread: Thread started: Thread Group - MM 1-64
2021-01-03 18:40:43,384 INFO o.a.j.t.JMeterThread: Thread started: Thread Group - MM 1-65
2021-01-03 18:40:43,394 INFO o.a.j.t.JMeterThread: Thread started: Thread Group - MM 1-66
2021-01-03 18:40:43,405 INFO o.a.j.t.JMeterThread: Thread started: Thread Group - MM 1-67
2021-01-03 18:40:43,414 INFO o.a.j.t.JMeterThread: Thread started: Thread Group - MM 1-68
2021-01-03 18:40:43,423 INFO o.a.j.t.JMeterThread: Thread started: Thread Group - MM 1-69
2021-01-03 18:40:43,435 INFO o.a.j.t.JMeterThread: Thread started: Thread Group - MM 1-70
2021-01-03 18:40:43,445 INFO o.a.j.t.JMeterThread: Thread started: Thread Group - MM 1-71
2021-01-03 18:40:43,453 INFO o.a.j.t.JMeterThread: Thread started: Thread Group - MM 1-72
2021-01-03 18:40:43,464 INFO o.a.j.t.JMeterThread: Thread started: Thread Group - MM 1-73
2021-01-03 18:40:43,474 INFO o.a.j.t.JMeterThread: Thread started: Thread Group - MM 1-74
2021-01-03 18:40:43,484 INFO o.a.j.t.JMeterThread: Thread started: Thread Group - MM 1-75
2021-01-03 18:40:43,494 INFO o.a.j.t.JMeterThread: Thread started: Thread Group - MM 1-76
2021-01-03 18:40:43,504 INFO o.a.j.t.JMeterThread: Thread started: Thread Group - MM 1-77
2021-01-03 18:40:43,513 INFO o.a.j.t.JMeterThread: Thread started: Thread Group - MM 1-78
2021-01-03 18:40:43,525 INFO o.a.j.t.JMeterThread: Thread started: Thread Group - MM 1-79
2021-01-03 18:40:43,534 INFO o.a.j.t.JMeterThread: Thread started: Thread Group - MM 1-80
2021-01-03 18:40:43,543 INFO o.a.j.t.JMeterThread: Thread started: Thread Group - MM 1-81
2021-01-03 18:40:43,553 INFO o.a.j.t.JMeterThread: Thread started: Thread Group - MM 1-82
2021-01-03 18:40:43,565 INFO o.a.j.t.JMeterThread: Thread started: Thread Group - MM 1-83
2021-01-03 18:40:43,574 INFO o.a.j.t.JMeterThread: Thread started: Thread Group - MM 1-84
2021-01-03 18:40:43,583 INFO o.a.j.t.JMeterThread: Thread started: Thread Group - MM 1-85
2021-01-03 18:40:43,594 INFO o.a.j.t.JMeterThread: Thread started: Thread Group - MM 1-86
2021-01-03 18:40:43,605 INFO o.a.j.t.JMeterThread: Thread started: Thread Group - MM 1-87
2021-01-03 18:40:43,614 INFO o.a.j.t.JMeterThread: Thread started: Thread Group - MM 1-88
2021-01-03 18:40:43,624 INFO o.a.j.t.JMeterThread: Thread started: Thread Group - MM 1-89
2021-01-03 18:40:43,634 INFO o.a.j.t.JMeterThread: Thread started: Thread Group - MM 1-90
2021-01-03 18:40:43,644 INFO o.a.j.t.JMeterThread: Thread started: Thread Group - MM 1-91
2021-01-03 18:40:43,653 INFO o.a.j.t.JMeterThread: Thread started: Thread Group - MM 1-92
2021-01-03 18:40:43,664 INFO o.a.j.t.JMeterThread: Thread started: Thread Group - MM 1-93
2021-01-03 18:40:43,673 INFO o.a.j.t.JMeterThread: Thread started: Thread Group - MM 1-94
2021-01-03 18:40:43,683 INFO o.a.j.t.JMeterThread: Thread started: Thread Group - MM 1-95
2021-01-03 18:40:43,694 INFO o.a.j.t.JMeterThread: Thread started: Thread Group - MM 1-96
2021-01-03 18:40:43,704 INFO o.a.j.t.JMeterThread: Thread started: Thread Group - MM 1-97
2021-01-03 18:40:43,713 INFO o.a.j.t.JMeterThread: Thread started: Thread Group - MM 1-98
2021-01-03 18:40:43,725 INFO o.a.j.t.JMeterThread: Thread started: Thread Group - MM 1-99
2021-01-03 18:40:43,734 INFO o.a.j.t.JMeterThread: Thread started: Thread Group - MM 1-100
2021-01-03 18:41:00,003 INFO o.a.j.r.Summariser: summary +   4300 in 00:00:17 =  248.9/s Avg:    17 Min:     0 Max:   664 Err:    14 (0.33%) Active: 100 Started: 100 Finished: 0
2021-01-03 18:41:30,001 INFO o.a.j.r.Summariser: summary +   7425 in 00:00:30 =  247.5/s Avg:    11 Min:     1 Max:   134 Err:     0 (0.00%) Active: 100 Started: 100 Finished: 0
2021-01-03 18:41:30,001 INFO o.a.j.r.Summariser: summary =  11725 in 00:00:47 =  248.0/s Avg:    13 Min:     0 Max:   664 Err:    14 (0.12%)
2021-01-03 18:41:42,378 INFO o.a.j.t.JMeterThread: Thread finished: Thread Group - MM 1-39
2021-01-03 18:41:42,384 INFO o.a.j.t.JMeterThread: Thread finished: Thread Group - MM 1-58
2021-01-03 18:41:42,399 INFO o.a.j.t.JMeterThread: Thread finished: Thread Group - MM 1-42
2021-01-03 18:41:42,402 INFO o.a.j.t.JMeterThread: Thread finished: Thread Group - MM 1-61
2021-01-03 18:41:42,406 INFO o.a.j.t.JMeterThread: Thread finished: Thread Group - MM 1-89
2021-01-03 18:41:42,408 INFO o.a.j.t.JMeterThread: Thread finished: Thread Group - MM 1-41
2021-01-03 18:41:42,410 INFO o.a.j.t.JMeterThread: Thread finished: Thread Group - MM 1-38
2021-01-03 18:41:42,420 INFO o.a.j.t.JMeterThread: Thread finished: Thread Group - MM 1-87
2021-01-03 18:41:42,421 INFO o.a.j.t.JMeterThread: Thread finished: Thread Group - MM 1-43
2021-01-03 18:41:42,433 INFO o.a.j.t.JMeterThread: Thread finished: Thread Group - MM 1-56
2021-01-03 18:41:42,437 INFO o.a.j.t.JMeterThread: Thread finished: Thread Group - MM 1-44
2021-01-03 18:41:42,439 INFO o.a.j.t.JMeterThread: Thread finished: Thread Group - MM 1-92
2021-01-03 18:41:42,443 INFO o.a.j.t.JMeterThread: Thread finished: Thread Group - MM 1-28
2021-01-03 18:41:42,445 INFO o.a.j.t.JMeterThread: Thread finished: Thread Group - MM 1-20
2021-01-03 18:41:42,455 INFO o.a.j.t.JMeterThread: Thread finished: Thread Group - MM 1-46
2021-01-03 18:41:42,466 INFO o.a.j.t.JMeterThread: Thread finished: Thread Group - MM 1-62
2021-01-03 18:41:42,468 INFO o.a.j.t.JMeterThread: Thread finished: Thread Group - MM 1-65
2021-01-03 18:41:42,470 INFO o.a.j.t.JMeterThread: Thread finished: Thread Group - MM 1-17
2021-01-03 18:41:42,471 INFO o.a.j.t.JMeterThread: Thread finished: Thread Group - MM 1-45
2021-01-03 18:41:42,473 INFO o.a.j.t.JMeterThread: Thread finished: Thread Group - MM 1-26
2021-01-03 18:41:42,475 INFO o.a.j.t.JMeterThread: Thread finished: Thread Group - MM 1-94
2021-01-03 18:41:42,479 INFO o.a.j.t.JMeterThread: Thread finished: Thread Group - MM 1-6
2021-01-03 18:41:42,481 INFO o.a.j.t.JMeterThread: Thread finished: Thread Group - MM 1-64
2021-01-03 18:41:42,485 INFO o.a.j.t.JMeterThread: Thread finished: Thread Group - MM 1-95
2021-01-03 18:41:42,486 INFO o.a.j.t.JMeterThread: Thread finished: Thread Group - MM 1-3
2021-01-03 18:41:42,490 INFO o.a.j.t.JMeterThread: Thread finished: Thread Group - MM 1-4
2021-01-03 18:41:42,492 INFO o.a.j.t.JMeterThread: Thread finished: Thread Group - MM 1-27
2021-01-03 18:41:42,506 INFO o.a.j.t.JMeterThread: Thread finished: Thread Group - MM 1-97
2021-01-03 18:41:42,509 INFO o.a.j.t.JMeterThread: Thread finished: Thread Group - MM 1-47
2021-01-03 18:41:42,510 INFO o.a.j.t.JMeterThread: Thread finished: Thread Group - MM 1-12
2021-01-03 18:41:42,512 INFO o.a.j.t.JMeterThread: Thread finished: Thread Group - MM 1-66
2021-01-03 18:41:42,517 INFO o.a.j.t.JMeterThread: Thread finished: Thread Group - MM 1-23
2021-01-03 18:41:42,520 INFO o.a.j.t.JMeterThread: Thread finished: Thread Group - MM 1-33
2021-01-03 18:41:42,522 INFO o.a.j.t.JMeterThread: Thread finished: Thread Group - MM 1-31
2021-01-03 18:41:42,525 INFO o.a.j.t.JMeterThread: Thread finished: Thread Group - MM 1-67
2021-01-03 18:41:42,527 INFO o.a.j.t.JMeterThread: Thread finished: Thread Group - MM 1-11
2021-01-03 18:41:42,529 INFO o.a.j.t.JMeterThread: Thread finished: Thread Group - MM 1-70
2021-01-03 18:41:42,535 INFO o.a.j.t.JMeterThread: Thread finished: Thread Group - MM 1-63
2021-01-03 18:41:42,539 INFO o.a.j.t.JMeterThread: Thread finished: Thread Group - MM 1-10
2021-01-03 18:41:42,545 INFO o.a.j.t.JMeterThread: Thread finished: Thread Group - MM 1-32
2021-01-03 18:41:42,547 INFO o.a.j.t.JMeterThread: Thread finished: Thread Group - MM 1-69
2021-01-03 18:41:42,549 INFO o.a.j.t.JMeterThread: Thread finished: Thread Group - MM 1-14
2021-01-03 18:41:42,551 INFO o.a.j.t.JMeterThread: Thread finished: Thread Group - MM 1-49
2021-01-03 18:41:42,553 INFO o.a.j.t.JMeterThread: Thread finished: Thread Group - MM 1-30
2021-01-03 18:41:42,559 INFO o.a.j.t.JMeterThread: Thread finished: Thread Group - MM 1-19
2021-01-03 18:41:42,571 INFO o.a.j.t.JMeterThread: Thread finished: Thread Group - MM 1-50
2021-01-03 18:41:42,574 INFO o.a.j.t.JMeterThread: Thread finished: Thread Group - MM 1-73
2021-01-03 18:41:42,576 INFO o.a.j.t.JMeterThread: Thread finished: Thread Group - MM 1-71
2021-01-03 18:41:42,578 INFO o.a.j.t.JMeterThread: Thread finished: Thread Group - MM 1-51
2021-01-03 18:41:42,579 INFO o.a.j.t.JMeterThread: Thread finished: Thread Group - MM 1-22
2021-01-03 18:41:42,584 INFO o.a.j.t.JMeterThread: Thread finished: Thread Group - MM 1-21
2021-01-03 18:41:42,588 INFO o.a.j.t.JMeterThread: Thread finished: Thread Group - MM 1-48
2021-01-03 18:41:42,612 INFO o.a.j.t.JMeterThread: Thread finished: Thread Group - MM 1-75
2021-01-03 18:41:42,627 INFO o.a.j.t.JMeterThread: Thread finished: Thread Group - MM 1-52
2021-01-03 18:41:42,636 INFO o.a.j.t.JMeterThread: Thread finished: Thread Group - MM 1-76
2021-01-03 18:41:42,645 INFO o.a.j.t.JMeterThread: Thread finished: Thread Group - MM 1-2
2021-01-03 18:41:42,658 INFO o.a.j.t.JMeterThread: Thread finished: Thread Group - MM 1-18
2021-01-03 18:41:42,660 INFO o.a.j.t.JMeterThread: Thread finished: Thread Group - MM 1-13
2021-01-03 18:41:42,661 INFO o.a.j.t.JMeterThread: Thread finished: Thread Group - MM 1-7
2021-01-03 18:41:42,663 INFO o.a.j.t.JMeterThread: Thread finished: Thread Group - MM 1-16
2021-01-03 18:41:42,664 INFO o.a.j.t.JMeterThread: Thread finished: Thread Group - MM 1-9
2021-01-03 18:41:42,665 INFO o.a.j.t.JMeterThread: Thread finished: Thread Group - MM 1-36
2021-01-03 18:41:42,666 INFO o.a.j.t.JMeterThread: Thread finished: Thread Group - MM 1-5
2021-01-03 18:41:42,667 INFO o.a.j.t.JMeterThread: Thread finished: Thread Group - MM 1-1
2021-01-03 18:41:42,669 INFO o.a.j.t.JMeterThread: Thread finished: Thread Group - MM 1-78
2021-01-03 18:41:42,671 INFO o.a.j.t.JMeterThread: Thread finished: Thread Group - MM 1-15
2021-01-03 18:41:42,675 INFO o.a.j.t.JMeterThread: Thread finished: Thread Group - MM 1-25
2021-01-03 18:41:42,678 INFO o.a.j.t.JMeterThread: Thread finished: Thread Group - MM 1-8
2021-01-03 18:41:42,681 INFO o.a.j.t.JMeterThread: Thread finished: Thread Group - MM 1-79
2021-01-03 18:41:42,681 INFO o.a.j.t.JMeterThread: Thread finished: Thread Group - MM 1-55
2021-01-03 18:41:42,693 INFO o.a.j.t.JMeterThread: Thread finished: Thread Group - MM 1-80
2021-01-03 18:41:42,695 INFO o.a.j.t.JMeterThread: Thread finished: Thread Group - MM 1-24
2021-01-03 18:41:42,696 INFO o.a.j.t.JMeterThread: Thread finished: Thread Group - MM 1-53
2021-01-03 18:41:42,703 INFO o.a.j.t.JMeterThread: Thread finished: Thread Group - MM 1-40
2021-01-03 18:41:42,705 INFO o.a.j.t.JMeterThread: Thread finished: Thread Group - MM 1-34
2021-01-03 18:41:42,707 INFO o.a.j.t.JMeterThread: Thread finished: Thread Group - MM 1-35
2021-01-03 18:41:42,710 INFO o.a.j.t.JMeterThread: Thread finished: Thread Group - MM 1-81
2021-01-03 18:41:42,717 INFO o.a.j.t.JMeterThread: Thread finished: Thread Group - MM 1-54
2021-01-03 18:41:42,719 INFO o.a.j.t.JMeterThread: Thread finished: Thread Group - MM 1-82
2021-01-03 18:41:42,720 INFO o.a.j.t.JMeterThread: Thread finished: Thread Group - MM 1-29
2021-01-03 18:41:42,750 INFO o.a.j.t.JMeterThread: Thread finished: Thread Group - MM 1-84
2021-01-03 18:41:42,756 INFO o.a.j.t.JMeterThread: Thread finished: Thread Group - MM 1-37
2021-01-03 18:41:42,759 INFO o.a.j.t.JMeterThread: Thread finished: Thread Group - MM 1-59
2021-01-03 18:41:42,762 INFO o.a.j.t.JMeterThread: Thread finished: Thread Group - MM 1-85
2021-01-03 18:41:42,767 INFO o.a.j.t.JMeterThread: Thread finished: Thread Group - MM 1-57
2021-01-03 18:41:42,769 INFO o.a.j.t.JMeterThread: Thread finished: Thread Group - MM 1-83
2021-01-03 18:41:42,771 INFO o.a.j.t.JMeterThread: Thread finished: Thread Group - MM 1-77
2021-01-03 18:41:42,773 INFO o.a.j.t.JMeterThread: Thread finished: Thread Group - MM 1-86
2021-01-03 18:41:42,776 INFO o.a.j.t.JMeterThread: Thread finished: Thread Group - MM 1-88
2021-01-03 18:41:42,778 INFO o.a.j.t.JMeterThread: Stopping because end time detected by thread: Thread Group - MM 1-60
2021-01-03 18:41:42,778 INFO o.a.j.t.JMeterThread: Thread finished: Thread Group - MM 1-60
2021-01-03 18:41:42,780 INFO o.a.j.t.JMeterThread: Thread finished: Thread Group - MM 1-72
2021-01-03 18:41:42,784 INFO o.a.j.t.JMeterThread: Thread finished: Thread Group - MM 1-99
2021-01-03 18:41:42,785 INFO o.a.j.t.JMeterThread: Stopping because end time detected by thread: Thread Group - MM 1-74
2021-01-03 18:41:42,786 INFO o.a.j.t.JMeterThread: Thread finished: Thread Group - MM 1-74
2021-01-03 18:41:42,788 INFO o.a.j.t.JMeterThread: Stopping because end time detected by thread: Thread Group - MM 1-68
2021-01-03 18:41:42,788 INFO o.a.j.t.JMeterThread: Thread finished: Thread Group - MM 1-68
2021-01-03 18:41:42,788 INFO o.a.j.t.JMeterThread: Stopping because end time detected by thread: Thread Group - MM 1-93
2021-01-03 18:41:42,789 INFO o.a.j.t.JMeterThread: Thread finished: Thread Group - MM 1-93
2021-01-03 18:41:42,801 INFO o.a.j.t.JMeterThread: Stopping because end time detected by thread: Thread Group - MM 1-90
2021-01-03 18:41:42,801 INFO o.a.j.t.JMeterThread: Thread finished: Thread Group - MM 1-90
2021-01-03 18:41:42,804 INFO o.a.j.t.JMeterThread: Stopping because end time detected by thread: Thread Group - MM 1-96
2021-01-03 18:41:42,804 INFO o.a.j.t.JMeterThread: Thread finished: Thread Group - MM 1-96
2021-01-03 18:41:42,808 INFO o.a.j.t.JMeterThread: Stopping because end time detected by thread: Thread Group - MM 1-98
2021-01-03 18:41:42,808 INFO o.a.j.t.JMeterThread: Thread finished: Thread Group - MM 1-98
2021-01-03 18:41:42,809 INFO o.a.j.t.JMeterThread: Stopping because end time detected by thread: Thread Group - MM 1-100
2021-01-03 18:41:42,809 INFO o.a.j.t.JMeterThread: Thread finished: Thread Group - MM 1-100
2021-01-03 18:41:42,811 INFO o.a.j.t.JMeterThread: Stopping because end time detected by thread: Thread Group - MM 1-91
2021-01-03 18:41:42,811 INFO o.a.j.t.JMeterThread: Thread finished: Thread Group - MM 1-91
2021-01-03 18:41:42,812 INFO o.a.j.e.StandardJMeterEngine: Notifying test listeners of end of test
2021-01-03 18:41:42,812 INFO o.a.j.r.Summariser: summary +   3215 in 00:00:13 =  251.0/s Avg:    10 Min:     1 Max:   113 Err:     0 (0.00%) Active: 0 Started: 100 Finished: 100
2021-01-03 18:41:42,812 INFO o.a.j.r.Summariser: summary =  14940 in 00:01:00 =  248.7/s Avg:    12 Min:     0 Max:   664 Err:    14 (0.09%)
