2020-12-30 17:39:42,160 INFO o.a.j.u.JMeterUtils: Setting Locale to en_EN
2020-12-30 17:39:42,179 INFO o.a.j.JMeter: Loading user properties from: user.properties
2020-12-30 17:39:42,180 INFO o.a.j.JMeter: Loading system properties from: system.properties
2020-12-30 17:39:42,181 INFO o.a.j.JMeter: Copyright (c) 1998-2020 The Apache Software Foundation
2020-12-30 17:39:42,181 INFO o.a.j.JMeter: Version 5.3
2020-12-30 17:39:42,181 INFO o.a.j.JMeter: java.version=11.0.8
2020-12-30 17:39:42,181 INFO o.a.j.JMeter: java.vm.name=Java HotSpot(TM) 64-Bit Server VM
2020-12-30 17:39:42,182 INFO o.a.j.JMeter: os.name=Windows 10
2020-12-30 17:39:42,182 INFO o.a.j.JMeter: os.arch=amd64
2020-12-30 17:39:42,182 INFO o.a.j.JMeter: os.version=10.0
2020-12-30 17:39:42,182 INFO o.a.j.JMeter: file.encoding=Cp1252
2020-12-30 17:39:42,182 INFO o.a.j.JMeter: java.awt.headless=true
2020-12-30 17:39:42,182 INFO o.a.j.JMeter: Max memory     =1073741824
2020-12-30 17:39:42,182 INFO o.a.j.JMeter: Available Processors =8
2020-12-30 17:39:42,191 INFO o.a.j.JMeter: Default Locale=English (EN)
2020-12-30 17:39:42,192 INFO o.a.j.JMeter: JMeter  Locale=English (EN)
2020-12-30 17:39:42,192 INFO o.a.j.JMeter: JMeterHome=C:\Users\fabio\Documents\Fabio\Università\Magistrale\2°anno\1°semestre\Impianti di Elaborazione\apache-jmeter-5.3
2020-12-30 17:39:42,192 INFO o.a.j.JMeter: user.dir  =C:\Users\fabio\Documents\Fabio\Università\Magistrale\2°anno\1°semestre\Impianti di Elaborazione\apache-jmeter-5.3\bin
2020-12-30 17:39:42,193 INFO o.a.j.JMeter: PWD       =C:\Users\fabio\Documents\Fabio\Università\Magistrale\2°anno\1°semestre\Impianti di Elaborazione\apache-jmeter-5.3\bin
2020-12-30 17:39:42,196 INFO o.a.j.JMeter: IP: 192.168.56.1 Name: LAPTOP-DSVV6SSR FullName: 192.168.56.1
2020-12-30 17:39:42,202 INFO o.a.j.s.FileServer: Default base='C:\Users\fabio\Documents\Fabio\Università\Magistrale\2°anno\1°semestre\Impianti di Elaborazione\apache-jmeter-5.3\bin'
2020-12-30 17:39:42,204 INFO o.a.j.s.FileServer: Set new base='C:\Users\fabio\Documents\Fabio\Università\Magistrale\2°anno\1°semestre\Impianti di Elaborazione\apache-jmeter-5.3\bin'
2020-12-30 17:39:42,346 INFO o.a.j.s.SaveService: Testplan (JMX) version: 2.2. Testlog (JTL) version: 2.2
2020-12-30 17:39:42,374 INFO o.a.j.s.SaveService: Using SaveService properties version 5.0
2020-12-30 17:39:42,378 INFO o.a.j.s.SaveService: Using SaveService properties file encoding UTF-8
2020-12-30 17:39:42,381 INFO o.a.j.s.SaveService: Loading file: WorkloadCharacterization.jmx
2020-12-30 17:39:42,457 INFO o.a.j.p.h.s.HTTPSamplerBase: Parser for text/html is org.apache.jmeter.protocol.http.parser.LagartoBasedHtmlParser
2020-12-30 17:39:42,457 INFO o.a.j.p.h.s.HTTPSamplerBase: Parser for application/xhtml+xml is org.apache.jmeter.protocol.http.parser.LagartoBasedHtmlParser
2020-12-30 17:39:42,457 INFO o.a.j.p.h.s.HTTPSamplerBase: Parser for application/xml is org.apache.jmeter.protocol.http.parser.LagartoBasedHtmlParser
2020-12-30 17:39:42,457 INFO o.a.j.p.h.s.HTTPSamplerBase: Parser for text/xml is org.apache.jmeter.protocol.http.parser.LagartoBasedHtmlParser
2020-12-30 17:39:42,457 INFO o.a.j.p.h.s.HTTPSamplerBase: Parser for text/vnd.wap.wml is org.apache.jmeter.protocol.http.parser.RegexpHTMLParser
2020-12-30 17:39:42,457 INFO o.a.j.p.h.s.HTTPSamplerBase: Parser for text/css is org.apache.jmeter.protocol.http.parser.CssParser
2020-12-30 17:39:42,484 INFO o.a.j.JMeter: Creating summariser <summary>
2020-12-30 17:39:42,496 INFO o.a.j.e.StandardJMeterEngine: Running the test!
2020-12-30 17:39:42,506 INFO o.a.j.s.SampleEvent: List of sample_variables: []
2020-12-30 17:39:42,507 INFO o.a.j.s.SampleEvent: List of sample_variables: []
2020-12-30 17:39:42,525 INFO o.a.j.e.u.CompoundVariable: Note: Function class names must contain the string: '.functions.'
2020-12-30 17:39:42,525 INFO o.a.j.e.u.CompoundVariable: Note: Function class names must not contain the string: '.gui.'
2020-12-30 17:39:42,851 INFO o.a.j.JMeter: Running test (1609346382851)
2020-12-30 17:39:42,866 INFO o.a.j.e.StandardJMeterEngine: Starting ThreadGroup: 1 : Thread Group - Slow
2020-12-30 17:39:42,866 INFO o.a.j.e.StandardJMeterEngine: Starting 40 threads for group Thread Group - Slow.
2020-12-30 17:39:42,866 INFO o.a.j.e.StandardJMeterEngine: Thread will continue on error
2020-12-30 17:39:42,866 INFO o.a.j.t.ThreadGroup: Starting thread group... number=1 threads=40 ramp-up=20 delayedStart=false
2020-12-30 17:39:42,879 INFO o.a.j.t.JMeterThread: Thread started: Thread Group - Slow 1-1
2020-12-30 17:39:42,896 INFO o.a.j.t.ThreadGroup: Started thread group number 1
2020-12-30 17:39:42,896 INFO o.a.j.e.StandardJMeterEngine: Starting ThreadGroup: 2 : Thread Group - Fast
2020-12-30 17:39:42,896 INFO o.a.j.e.StandardJMeterEngine: Starting 40 threads for group Thread Group - Fast.
2020-12-30 17:39:42,896 INFO o.a.j.e.StandardJMeterEngine: Thread will continue on error
2020-12-30 17:39:42,896 INFO o.a.j.t.ThreadGroup: Starting thread group... number=2 threads=40 ramp-up=20 delayedStart=false
2020-12-30 17:39:42,897 INFO o.a.j.t.JMeterThread: Thread started: Thread Group - Fast 2-1
2020-12-30 17:39:42,914 INFO o.a.j.t.ThreadGroup: Started thread group number 2
2020-12-30 17:39:42,915 INFO o.a.j.e.StandardJMeterEngine: Starting ThreadGroup: 3 : Thread Group - Home
2020-12-30 17:39:42,915 INFO o.a.j.e.StandardJMeterEngine: Starting 20 threads for group Thread Group - Home.
2020-12-30 17:39:42,915 INFO o.a.j.e.StandardJMeterEngine: Thread will continue on error
2020-12-30 17:39:42,915 INFO o.a.j.t.ThreadGroup: Starting thread group... number=3 threads=20 ramp-up=10 delayedStart=false
2020-12-30 17:39:42,915 INFO o.a.j.t.JMeterThread: Thread started: Thread Group - Home 3-1
2020-12-30 17:39:42,921 INFO o.a.j.t.ThreadGroup: Started thread group number 3
2020-12-30 17:39:42,921 INFO o.a.j.e.StandardJMeterEngine: All thread groups have been started
2020-12-30 17:39:42,996 INFO o.a.j.p.h.s.HTTPHCAbstractImpl: Local host = LAPTOP-DSVV6SSR
2020-12-30 17:39:43,004 INFO o.a.j.p.h.s.HTTPHC4Impl: HTTP request retry count = 0
2020-12-30 17:39:43,004 INFO o.a.j.s.SampleResult: Note: Sample TimeStamps are START times
2020-12-30 17:39:43,004 INFO o.a.j.s.SampleResult: sampleresult.default.encoding is set to ISO-8859-1
2020-12-30 17:39:43,004 INFO o.a.j.s.SampleResult: sampleresult.useNanoTime=true
2020-12-30 17:39:43,004 INFO o.a.j.s.SampleResult: sampleresult.nanoThreadSleep=5000
2020-12-30 17:39:43,374 INFO o.a.j.t.JMeterThread: Thread started: Thread Group - Slow 1-2
2020-12-30 17:39:43,398 INFO o.a.j.t.JMeterThread: Thread started: Thread Group - Fast 2-2
2020-12-30 17:39:43,415 INFO o.a.j.t.JMeterThread: Thread started: Thread Group - Home 3-2
2020-12-30 17:39:43,872 INFO o.a.j.t.JMeterThread: Thread started: Thread Group - Slow 1-3
2020-12-30 17:39:43,898 INFO o.a.j.t.JMeterThread: Thread started: Thread Group - Fast 2-3
2020-12-30 17:39:43,916 INFO o.a.j.t.JMeterThread: Thread started: Thread Group - Home 3-3
2020-12-30 17:39:44,371 INFO o.a.j.t.JMeterThread: Thread started: Thread Group - Slow 1-4
2020-12-30 17:39:44,397 INFO o.a.j.t.JMeterThread: Thread started: Thread Group - Fast 2-4
2020-12-30 17:39:44,416 INFO o.a.j.t.JMeterThread: Thread started: Thread Group - Home 3-4
2020-12-30 17:39:44,872 INFO o.a.j.t.JMeterThread: Thread started: Thread Group - Slow 1-5
2020-12-30 17:39:44,898 INFO o.a.j.t.JMeterThread: Thread started: Thread Group - Fast 2-5
2020-12-30 17:39:44,916 INFO o.a.j.t.JMeterThread: Thread started: Thread Group - Home 3-5
2020-12-30 17:39:45,368 INFO o.a.j.t.JMeterThread: Thread started: Thread Group - Slow 1-6
2020-12-30 17:39:45,398 INFO o.a.j.t.JMeterThread: Thread started: Thread Group - Fast 2-6
2020-12-30 17:39:45,417 INFO o.a.j.t.JMeterThread: Thread started: Thread Group - Home 3-6
2020-12-30 17:39:45,869 INFO o.a.j.t.JMeterThread: Thread started: Thread Group - Slow 1-7
2020-12-30 17:39:45,897 INFO o.a.j.t.JMeterThread: Thread started: Thread Group - Fast 2-7
2020-12-30 17:39:45,916 INFO o.a.j.t.JMeterThread: Thread started: Thread Group - Home 3-7
2020-12-30 17:39:46,367 INFO o.a.j.t.JMeterThread: Thread started: Thread Group - Slow 1-8
2020-12-30 17:39:46,397 INFO o.a.j.t.JMeterThread: Thread started: Thread Group - Fast 2-8
2020-12-30 17:39:46,416 INFO o.a.j.t.JMeterThread: Thread started: Thread Group - Home 3-8
2020-12-30 17:39:46,868 INFO o.a.j.t.JMeterThread: Thread started: Thread Group - Slow 1-9
2020-12-30 17:39:46,896 INFO o.a.j.t.JMeterThread: Thread started: Thread Group - Fast 2-9
2020-12-30 17:39:46,916 INFO o.a.j.t.JMeterThread: Thread started: Thread Group - Home 3-9
2020-12-30 17:39:47,369 INFO o.a.j.t.JMeterThread: Thread started: Thread Group - Slow 1-10
2020-12-30 17:39:47,397 INFO o.a.j.t.JMeterThread: Thread started: Thread Group - Fast 2-10
2020-12-30 17:39:47,417 INFO o.a.j.t.JMeterThread: Thread started: Thread Group - Home 3-10
2020-12-30 17:39:47,868 INFO o.a.j.t.JMeterThread: Thread started: Thread Group - Slow 1-11
2020-12-30 17:39:47,897 INFO o.a.j.t.JMeterThread: Thread started: Thread Group - Fast 2-11
2020-12-30 17:39:47,917 INFO o.a.j.t.JMeterThread: Thread started: Thread Group - Home 3-11
2020-12-30 17:39:48,367 INFO o.a.j.t.JMeterThread: Thread started: Thread Group - Slow 1-12
2020-12-30 17:39:48,396 INFO o.a.j.t.JMeterThread: Thread started: Thread Group - Fast 2-12
2020-12-30 17:39:48,416 INFO o.a.j.t.JMeterThread: Thread started: Thread Group - Home 3-12
2020-12-30 17:39:48,868 INFO o.a.j.t.JMeterThread: Thread started: Thread Group - Slow 1-13
2020-12-30 17:39:48,898 INFO o.a.j.t.JMeterThread: Thread started: Thread Group - Fast 2-13
2020-12-30 17:39:48,917 INFO o.a.j.t.JMeterThread: Thread started: Thread Group - Home 3-13
2020-12-30 17:39:49,368 INFO o.a.j.t.JMeterThread: Thread started: Thread Group - Slow 1-14
2020-12-30 17:39:49,396 INFO o.a.j.t.JMeterThread: Thread started: Thread Group - Fast 2-14
2020-12-30 17:39:49,416 INFO o.a.j.t.JMeterThread: Thread started: Thread Group - Home 3-14
2020-12-30 17:39:49,867 INFO o.a.j.t.JMeterThread: Thread started: Thread Group - Slow 1-15
2020-12-30 17:39:49,897 INFO o.a.j.t.JMeterThread: Thread started: Thread Group - Fast 2-15
2020-12-30 17:39:49,915 INFO o.a.j.t.JMeterThread: Thread started: Thread Group - Home 3-15
2020-12-30 17:39:50,367 INFO o.a.j.t.JMeterThread: Thread started: Thread Group - Slow 1-16
2020-12-30 17:39:50,397 INFO o.a.j.t.JMeterThread: Thread started: Thread Group - Fast 2-16
2020-12-30 17:39:50,416 INFO o.a.j.t.JMeterThread: Thread started: Thread Group - Home 3-16
2020-12-30 17:39:50,868 INFO o.a.j.t.JMeterThread: Thread started: Thread Group - Slow 1-17
2020-12-30 17:39:50,898 INFO o.a.j.t.JMeterThread: Thread started: Thread Group - Fast 2-17
2020-12-30 17:39:50,916 INFO o.a.j.t.JMeterThread: Thread started: Thread Group - Home 3-17
2020-12-30 17:39:51,367 INFO o.a.j.t.JMeterThread: Thread started: Thread Group - Slow 1-18
2020-12-30 17:39:51,397 INFO o.a.j.t.JMeterThread: Thread started: Thread Group - Fast 2-18
2020-12-30 17:39:51,416 INFO o.a.j.t.JMeterThread: Thread started: Thread Group - Home 3-18
2020-12-30 17:39:51,868 INFO o.a.j.t.JMeterThread: Thread started: Thread Group - Slow 1-19
2020-12-30 17:39:51,897 INFO o.a.j.t.JMeterThread: Thread started: Thread Group - Fast 2-19
2020-12-30 17:39:51,916 INFO o.a.j.t.JMeterThread: Thread started: Thread Group - Home 3-19
2020-12-30 17:39:52,368 INFO o.a.j.t.JMeterThread: Thread started: Thread Group - Slow 1-20
2020-12-30 17:39:52,397 INFO o.a.j.t.JMeterThread: Thread started: Thread Group - Fast 2-20
2020-12-30 17:39:52,416 INFO o.a.j.t.JMeterThread: Thread started: Thread Group - Home 3-20
2020-12-30 17:39:52,868 INFO o.a.j.t.JMeterThread: Thread started: Thread Group - Slow 1-21
2020-12-30 17:39:52,898 INFO o.a.j.t.JMeterThread: Thread started: Thread Group - Fast 2-21
2020-12-30 17:39:53,367 INFO o.a.j.t.JMeterThread: Thread started: Thread Group - Slow 1-22
2020-12-30 17:39:53,397 INFO o.a.j.t.JMeterThread: Thread started: Thread Group - Fast 2-22
2020-12-30 17:39:53,867 INFO o.a.j.t.JMeterThread: Thread started: Thread Group - Slow 1-23
2020-12-30 17:39:53,898 INFO o.a.j.t.JMeterThread: Thread started: Thread Group - Fast 2-23
2020-12-30 17:39:54,367 INFO o.a.j.t.JMeterThread: Thread started: Thread Group - Slow 1-24
2020-12-30 17:39:54,397 INFO o.a.j.t.JMeterThread: Thread started: Thread Group - Fast 2-24
2020-12-30 17:39:54,866 INFO o.a.j.t.JMeterThread: Thread started: Thread Group - Slow 1-25
2020-12-30 17:39:54,896 INFO o.a.j.t.JMeterThread: Thread started: Thread Group - Fast 2-25
2020-12-30 17:39:55,367 INFO o.a.j.t.JMeterThread: Thread started: Thread Group - Slow 1-26
2020-12-30 17:39:55,398 INFO o.a.j.t.JMeterThread: Thread started: Thread Group - Fast 2-26
2020-12-30 17:39:55,867 INFO o.a.j.t.JMeterThread: Thread started: Thread Group - Slow 1-27
2020-12-30 17:39:55,898 INFO o.a.j.t.JMeterThread: Thread started: Thread Group - Fast 2-27
2020-12-30 17:39:56,368 INFO o.a.j.t.JMeterThread: Thread started: Thread Group - Slow 1-28
2020-12-30 17:39:56,399 INFO o.a.j.t.JMeterThread: Thread started: Thread Group - Fast 2-28
2020-12-30 17:39:56,867 INFO o.a.j.t.JMeterThread: Thread started: Thread Group - Slow 1-29
2020-12-30 17:39:56,897 INFO o.a.j.t.JMeterThread: Thread started: Thread Group - Fast 2-29
2020-12-30 17:39:57,367 INFO o.a.j.t.JMeterThread: Thread started: Thread Group - Slow 1-30
2020-12-30 17:39:57,398 INFO o.a.j.t.JMeterThread: Thread started: Thread Group - Fast 2-30
2020-12-30 17:39:57,867 INFO o.a.j.t.JMeterThread: Thread started: Thread Group - Slow 1-31
2020-12-30 17:39:57,896 INFO o.a.j.t.JMeterThread: Thread started: Thread Group - Fast 2-31
2020-12-30 17:39:58,368 INFO o.a.j.t.JMeterThread: Thread started: Thread Group - Slow 1-32
2020-12-30 17:39:58,398 INFO o.a.j.t.JMeterThread: Thread started: Thread Group - Fast 2-32
2020-12-30 17:39:58,868 INFO o.a.j.t.JMeterThread: Thread started: Thread Group - Slow 1-33
2020-12-30 17:39:58,898 INFO o.a.j.t.JMeterThread: Thread started: Thread Group - Fast 2-33
2020-12-30 17:39:59,367 INFO o.a.j.t.JMeterThread: Thread started: Thread Group - Slow 1-34
2020-12-30 17:39:59,398 INFO o.a.j.t.JMeterThread: Thread started: Thread Group - Fast 2-34
2020-12-30 17:39:59,867 INFO o.a.j.t.JMeterThread: Thread started: Thread Group - Slow 1-35
2020-12-30 17:39:59,897 INFO o.a.j.t.JMeterThread: Thread started: Thread Group - Fast 2-35
2020-12-30 17:40:00,367 INFO o.a.j.t.JMeterThread: Thread started: Thread Group - Slow 1-36
2020-12-30 17:40:00,374 INFO o.a.j.r.Summariser: summary +    221 in 00:00:18 =   12.6/s Avg:     8 Min:     1 Max:    48 Err:     0 (0.00%) Active: 91 Started: 91 Finished: 0
2020-12-30 17:40:00,398 INFO o.a.j.t.JMeterThread: Thread started: Thread Group - Fast 2-36
2020-12-30 17:40:00,868 INFO o.a.j.t.JMeterThread: Thread started: Thread Group - Slow 1-37
2020-12-30 17:40:00,897 INFO o.a.j.t.JMeterThread: Thread started: Thread Group - Fast 2-37
2020-12-30 17:40:01,367 INFO o.a.j.t.JMeterThread: Thread started: Thread Group - Slow 1-38
2020-12-30 17:40:01,397 INFO o.a.j.t.JMeterThread: Thread started: Thread Group - Fast 2-38
2020-12-30 17:40:01,868 INFO o.a.j.t.JMeterThread: Thread started: Thread Group - Slow 1-39
2020-12-30 17:40:01,897 INFO o.a.j.t.JMeterThread: Thread started: Thread Group - Fast 2-39
2020-12-30 17:40:02,368 INFO o.a.j.t.JMeterThread: Thread started: Thread Group - Slow 1-40
2020-12-30 17:40:02,398 INFO o.a.j.t.JMeterThread: Thread started: Thread Group - Fast 2-40
2020-12-30 17:40:30,006 INFO o.a.j.r.Summariser: summary +    648 in 00:00:30 =   21.9/s Avg:     9 Min:     1 Max:    61 Err:     0 (0.00%) Active: 100 Started: 100 Finished: 0
2020-12-30 17:40:30,006 INFO o.a.j.r.Summariser: summary =    869 in 00:00:47 =   18.4/s Avg:     8 Min:     1 Max:    61 Err:     0 (0.00%)
2020-12-30 17:41:00,003 INFO o.a.j.r.Summariser: summary +    650 in 00:00:30 =   21.7/s Avg:     8 Min:     1 Max:    84 Err:     0 (0.00%) Active: 100 Started: 100 Finished: 0
2020-12-30 17:41:00,003 INFO o.a.j.r.Summariser: summary =   1519 in 00:01:17 =   19.7/s Avg:     8 Min:     1 Max:    84 Err:     0 (0.00%)
2020-12-30 17:41:30,004 INFO o.a.j.r.Summariser: summary +    650 in 00:00:30 =   21.7/s Avg:     8 Min:     0 Max:    66 Err:     0 (0.00%) Active: 100 Started: 100 Finished: 0
2020-12-30 17:41:30,005 INFO o.a.j.r.Summariser: summary =   2169 in 00:01:47 =   20.2/s Avg:     8 Min:     0 Max:    84 Err:     0 (0.00%)
2020-12-30 17:42:00,006 INFO o.a.j.r.Summariser: summary +    651 in 00:00:30 =   21.7/s Avg:     7 Min:     0 Max:    66 Err:     0 (0.00%) Active: 100 Started: 100 Finished: 0
2020-12-30 17:42:00,006 INFO o.a.j.r.Summariser: summary =   2820 in 00:02:17 =   20.6/s Avg:     8 Min:     0 Max:    84 Err:     0 (0.00%)
2020-12-30 17:42:30,000 INFO o.a.j.r.Summariser: summary +    649 in 00:00:30 =   21.6/s Avg:     7 Min:     1 Max:    46 Err:     0 (0.00%) Active: 100 Started: 100 Finished: 0
2020-12-30 17:42:30,000 INFO o.a.j.r.Summariser: summary =   3469 in 00:02:47 =   20.8/s Avg:     8 Min:     0 Max:    84 Err:     0 (0.00%)
2020-12-30 17:43:00,378 INFO o.a.j.r.Summariser: summary +    652 in 00:00:30 =   21.5/s Avg:     8 Min:     1 Max:    69 Err:     0 (0.00%) Active: 100 Started: 100 Finished: 0
2020-12-30 17:43:00,378 INFO o.a.j.r.Summariser: summary =   4121 in 00:03:18 =   20.9/s Avg:     8 Min:     0 Max:    84 Err:     0 (0.00%)
2020-12-30 17:43:30,377 INFO o.a.j.r.Summariser: summary +    649 in 00:00:30 =   21.6/s Avg:     7 Min:     0 Max:    64 Err:     0 (0.00%) Active: 100 Started: 100 Finished: 0
2020-12-30 17:43:30,377 INFO o.a.j.r.Summariser: summary =   4770 in 00:03:48 =   21.0/s Avg:     8 Min:     0 Max:    84 Err:     0 (0.00%)
2020-12-30 17:44:00,018 INFO o.a.j.r.Summariser: summary +    650 in 00:00:30 =   21.9/s Avg:     7 Min:     1 Max:    64 Err:     0 (0.00%) Active: 100 Started: 100 Finished: 0
2020-12-30 17:44:00,019 INFO o.a.j.r.Summariser: summary =   5420 in 00:04:17 =   21.1/s Avg:     8 Min:     0 Max:    84 Err:     0 (0.00%)
2020-12-30 17:44:30,389 INFO o.a.j.r.Summariser: summary +    650 in 00:00:30 =   21.4/s Avg:     9 Min:     1 Max:    59 Err:     0 (0.00%) Active: 100 Started: 100 Finished: 0
2020-12-30 17:44:30,390 INFO o.a.j.r.Summariser: summary =   6070 in 00:04:48 =   21.1/s Avg:     8 Min:     0 Max:    84 Err:     0 (0.00%)
2020-12-30 17:44:31,013 INFO o.a.j.t.JMeterThread: Thread finished: Thread Group - Home 3-1
2020-12-30 17:44:31,491 INFO o.a.j.t.JMeterThread: Thread finished: Thread Group - Home 3-2
2020-12-30 17:44:31,983 INFO o.a.j.t.JMeterThread: Thread finished: Thread Group - Home 3-3
2020-12-30 17:44:32,444 INFO o.a.j.t.JMeterThread: Thread finished: Thread Group - Home 3-4
2020-12-30 17:44:32,947 INFO o.a.j.t.JMeterThread: Thread finished: Thread Group - Home 3-5
2020-12-30 17:44:33,473 INFO o.a.j.t.JMeterThread: Thread finished: Thread Group - Home 3-6
2020-12-30 17:44:33,944 INFO o.a.j.t.JMeterThread: Thread finished: Thread Group - Home 3-7
2020-12-30 17:44:34,444 INFO o.a.j.t.JMeterThread: Thread finished: Thread Group - Home 3-8
2020-12-30 17:44:35,016 INFO o.a.j.t.JMeterThread: Thread finished: Thread Group - Home 3-9
2020-12-30 17:44:35,494 INFO o.a.j.t.JMeterThread: Thread finished: Thread Group - Home 3-10
2020-12-30 17:44:35,965 INFO o.a.j.t.JMeterThread: Thread finished: Thread Group - Home 3-11
2020-12-30 17:44:36,434 INFO o.a.j.t.JMeterThread: Thread finished: Thread Group - Home 3-12
2020-12-30 17:44:36,897 INFO o.a.j.t.JMeterThread: Thread finished: Thread Group - Slow 1-25
2020-12-30 17:44:36,946 INFO o.a.j.t.JMeterThread: Thread finished: Thread Group - Slow 1-37
2020-12-30 17:44:36,952 INFO o.a.j.t.JMeterThread: Thread finished: Thread Group - Slow 1-13
2020-12-30 17:44:36,985 INFO o.a.j.t.JMeterThread: Thread finished: Thread Group - Slow 1-1
2020-12-30 17:44:36,994 INFO o.a.j.t.JMeterThread: Thread finished: Thread Group - Home 3-13
2020-12-30 17:44:37,425 INFO o.a.j.t.JMeterThread: Thread finished: Thread Group - Slow 1-2
2020-12-30 17:44:37,428 INFO o.a.j.t.JMeterThread: Thread finished: Thread Group - Slow 1-38
2020-12-30 17:44:37,444 INFO o.a.j.t.JMeterThread: Thread finished: Thread Group - Slow 1-26
2020-12-30 17:44:37,451 INFO o.a.j.t.JMeterThread: Thread finished: Thread Group - Slow 1-14
2020-12-30 17:44:37,463 INFO o.a.j.t.JMeterThread: Thread finished: Thread Group - Home 3-14
2020-12-30 17:44:37,906 INFO o.a.j.t.JMeterThread: Thread finished: Thread Group - Slow 1-3
2020-12-30 17:44:37,906 INFO o.a.j.t.JMeterThread: Thread finished: Thread Group - Slow 1-15
2020-12-30 17:44:37,954 INFO o.a.j.t.JMeterThread: Thread finished: Thread Group - Slow 1-39
2020-12-30 17:44:37,957 INFO o.a.j.t.JMeterThread: Thread finished: Thread Group - Slow 1-27
2020-12-30 17:44:38,016 INFO o.a.j.t.JMeterThread: Thread finished: Thread Group - Home 3-15
2020-12-30 17:44:38,390 INFO o.a.j.t.JMeterThread: Thread finished: Thread Group - Slow 1-40
2020-12-30 17:44:38,394 INFO o.a.j.t.JMeterThread: Thread finished: Thread Group - Slow 1-28
2020-12-30 17:44:38,441 INFO o.a.j.t.JMeterThread: Thread finished: Thread Group - Slow 1-16
2020-12-30 17:44:38,468 INFO o.a.j.t.JMeterThread: Thread finished: Thread Group - Slow 1-4
2020-12-30 17:44:38,493 INFO o.a.j.t.JMeterThread: Thread finished: Thread Group - Home 3-16
2020-12-30 17:44:38,899 INFO o.a.j.t.JMeterThread: Thread finished: Thread Group - Slow 1-5
2020-12-30 17:44:38,900 INFO o.a.j.t.JMeterThread: Thread finished: Thread Group - Slow 1-29
2020-12-30 17:44:38,917 INFO o.a.j.t.JMeterThread: Thread finished: Thread Group - Slow 1-17
2020-12-30 17:44:38,960 INFO o.a.j.t.JMeterThread: Thread finished: Thread Group - Home 3-17
2020-12-30 17:44:39,404 INFO o.a.j.t.JMeterThread: Thread finished: Thread Group - Slow 1-6
2020-12-30 17:44:39,475 INFO o.a.j.t.JMeterThread: Thread finished: Thread Group - Slow 1-30
2020-12-30 17:44:39,477 INFO o.a.j.t.JMeterThread: Thread finished: Thread Group - Slow 1-18
2020-12-30 17:44:39,495 INFO o.a.j.t.JMeterThread: Thread finished: Thread Group - Home 3-18
2020-12-30 17:44:39,877 INFO o.a.j.t.JMeterThread: Thread finished: Thread Group - Slow 1-7
2020-12-30 17:44:39,922 INFO o.a.j.t.JMeterThread: Thread finished: Thread Group - Fast 2-25
2020-12-30 17:44:39,922 INFO o.a.j.t.JMeterThread: Thread finished: Thread Group - Fast 2-1
2020-12-30 17:44:39,926 INFO o.a.j.t.JMeterThread: Thread finished: Thread Group - Slow 1-19
2020-12-30 17:44:39,951 INFO o.a.j.t.JMeterThread: Thread finished: Thread Group - Slow 1-31
2020-12-30 17:44:39,961 INFO o.a.j.t.JMeterThread: Thread finished: Thread Group - Fast 2-19
2020-12-30 17:44:39,966 INFO o.a.j.t.JMeterThread: Thread finished: Thread Group - Fast 2-31
2020-12-30 17:44:39,974 INFO o.a.j.t.JMeterThread: Thread finished: Thread Group - Fast 2-37
2020-12-30 17:44:39,980 INFO o.a.j.t.JMeterThread: Thread finished: Thread Group - Home 3-19
2020-12-30 17:44:39,981 INFO o.a.j.t.JMeterThread: Thread finished: Thread Group - Fast 2-7
2020-12-30 17:44:39,998 INFO o.a.j.t.JMeterThread: Thread finished: Thread Group - Fast 2-13
2020-12-30 17:44:40,410 INFO o.a.j.t.JMeterThread: Thread finished: Thread Group - Fast 2-26
2020-12-30 17:44:40,426 INFO o.a.j.t.JMeterThread: Thread finished: Thread Group - Fast 2-2
2020-12-30 17:44:40,428 INFO o.a.j.t.JMeterThread: Thread finished: Thread Group - Fast 2-14
2020-12-30 17:44:40,428 INFO o.a.j.t.JMeterThread: Thread finished: Thread Group - Slow 1-20
2020-12-30 17:44:40,432 INFO o.a.j.t.JMeterThread: Thread finished: Thread Group - Slow 1-32
2020-12-30 17:44:40,435 INFO o.a.j.t.JMeterThread: Thread finished: Thread Group - Fast 2-32
2020-12-30 17:44:40,438 INFO o.a.j.t.JMeterThread: Thread finished: Thread Group - Home 3-20
2020-12-30 17:44:40,447 INFO o.a.j.t.JMeterThread: Thread finished: Thread Group - Fast 2-8
2020-12-30 17:44:40,451 INFO o.a.j.t.JMeterThread: Thread finished: Thread Group - Slow 1-8
2020-12-30 17:44:40,466 INFO o.a.j.t.JMeterThread: Thread finished: Thread Group - Fast 2-38
2020-12-30 17:44:40,475 INFO o.a.j.t.JMeterThread: Thread finished: Thread Group - Fast 2-20
2020-12-30 17:44:40,871 INFO o.a.j.t.JMeterThread: Thread finished: Thread Group - Slow 1-21
2020-12-30 17:44:40,898 INFO o.a.j.t.JMeterThread: Thread finished: Thread Group - Slow 1-33
2020-12-30 17:44:40,931 INFO o.a.j.t.JMeterThread: Thread finished: Thread Group - Fast 2-3
2020-12-30 17:44:40,941 INFO o.a.j.t.JMeterThread: Thread finished: Thread Group - Slow 1-9
2020-12-30 17:44:40,947 INFO o.a.j.t.JMeterThread: Thread finished: Thread Group - Fast 2-9
2020-12-30 17:44:40,951 INFO o.a.j.t.JMeterThread: Thread finished: Thread Group - Fast 2-33
2020-12-30 17:44:40,957 INFO o.a.j.t.JMeterThread: Thread finished: Thread Group - Fast 2-39
2020-12-30 17:44:40,969 INFO o.a.j.t.JMeterThread: Thread finished: Thread Group - Fast 2-15
2020-12-30 17:44:40,987 INFO o.a.j.t.JMeterThread: Thread finished: Thread Group - Fast 2-27
2020-12-30 17:44:40,992 INFO o.a.j.t.JMeterThread: Thread finished: Thread Group - Fast 2-21
2020-12-30 17:44:41,392 INFO o.a.j.t.JMeterThread: Thread finished: Thread Group - Slow 1-22
2020-12-30 17:44:41,420 INFO o.a.j.t.JMeterThread: Thread finished: Thread Group - Fast 2-22
2020-12-30 17:44:41,420 INFO o.a.j.t.JMeterThread: Thread finished: Thread Group - Fast 2-28
2020-12-30 17:44:41,421 INFO o.a.j.t.JMeterThread: Thread finished: Thread Group - Slow 1-10
2020-12-30 17:44:41,443 INFO o.a.j.t.JMeterThread: Thread finished: Thread Group - Fast 2-4
2020-12-30 17:44:41,457 INFO o.a.j.t.JMeterThread: Thread finished: Thread Group - Fast 2-40
2020-12-30 17:44:41,458 INFO o.a.j.t.JMeterThread: Thread finished: Thread Group - Slow 1-34
2020-12-30 17:44:41,461 INFO o.a.j.t.JMeterThread: Thread finished: Thread Group - Fast 2-34
2020-12-30 17:44:41,485 INFO o.a.j.t.JMeterThread: Thread finished: Thread Group - Fast 2-16
2020-12-30 17:44:41,489 INFO o.a.j.t.JMeterThread: Thread finished: Thread Group - Fast 2-10
2020-12-30 17:44:41,878 INFO o.a.j.t.JMeterThread: Thread finished: Thread Group - Slow 1-23
2020-12-30 17:44:41,887 INFO o.a.j.t.JMeterThread: Thread finished: Thread Group - Slow 1-35
2020-12-30 17:44:41,913 INFO o.a.j.t.JMeterThread: Thread finished: Thread Group - Slow 1-11
2020-12-30 17:44:41,929 INFO o.a.j.t.JMeterThread: Thread finished: Thread Group - Fast 2-17
2020-12-30 17:44:41,933 INFO o.a.j.t.JMeterThread: Thread finished: Thread Group - Fast 2-23
2020-12-30 17:44:41,977 INFO o.a.j.t.JMeterThread: Thread finished: Thread Group - Fast 2-35
2020-12-30 17:44:41,978 INFO o.a.j.t.JMeterThread: Thread finished: Thread Group - Fast 2-29
2020-12-30 17:44:41,981 INFO o.a.j.t.JMeterThread: Thread finished: Thread Group - Fast 2-5
2020-12-30 17:44:42,000 INFO o.a.j.t.JMeterThread: Thread finished: Thread Group - Fast 2-11
2020-12-30 17:44:42,390 INFO o.a.j.t.JMeterThread: Thread finished: Thread Group - Slow 1-12
2020-12-30 17:44:42,409 INFO o.a.j.t.JMeterThread: Thread finished: Thread Group - Slow 1-24
2020-12-30 17:44:42,414 INFO o.a.j.t.JMeterThread: Thread finished: Thread Group - Fast 2-30
2020-12-30 17:44:42,425 INFO o.a.j.t.JMeterThread: Thread finished: Thread Group - Fast 2-6
2020-12-30 17:44:42,434 INFO o.a.j.t.JMeterThread: Thread finished: Thread Group - Fast 2-12
2020-12-30 17:44:42,440 INFO o.a.j.t.JMeterThread: Thread finished: Thread Group - Fast 2-24
2020-12-30 17:44:42,442 INFO o.a.j.t.JMeterThread: Thread finished: Thread Group - Fast 2-36
2020-12-30 17:44:42,460 INFO o.a.j.t.JMeterThread: Thread finished: Thread Group - Slow 1-36
2020-12-30 17:44:42,487 INFO o.a.j.t.JMeterThread: Thread finished: Thread Group - Fast 2-18
2020-12-30 17:44:42,487 INFO o.a.j.e.StandardJMeterEngine: Notifying test listeners of end of test
2020-12-30 17:44:42,488 INFO o.a.j.r.Summariser: summary +    268 in 00:00:12 =   22.2/s Avg:     8 Min:     1 Max:    52 Err:     0 (0.00%) Active: 0 Started: 100 Finished: 100
2020-12-30 17:44:42,489 INFO o.a.j.r.Summariser: summary =   6338 in 00:05:00 =   21.2/s Avg:     8 Min:     0 Max:    84 Err:     0 (0.00%)
