2020-12-29 16:52:35,010 INFO o.a.j.u.JMeterUtils: Setting Locale to en_EN
2020-12-29 16:52:35,031 INFO o.a.j.JMeter: Loading user properties from: user.properties
2020-12-29 16:52:35,031 INFO o.a.j.JMeter: Loading system properties from: system.properties
2020-12-29 16:52:35,033 INFO o.a.j.JMeter: Copyright (c) 1998-2020 The Apache Software Foundation
2020-12-29 16:52:35,033 INFO o.a.j.JMeter: Version 5.3
2020-12-29 16:52:35,033 INFO o.a.j.JMeter: java.version=11.0.8
2020-12-29 16:52:35,033 INFO o.a.j.JMeter: java.vm.name=Java HotSpot(TM) 64-Bit Server VM
2020-12-29 16:52:35,033 INFO o.a.j.JMeter: os.name=Windows 10
2020-12-29 16:52:35,033 INFO o.a.j.JMeter: os.arch=amd64
2020-12-29 16:52:35,034 INFO o.a.j.JMeter: os.version=10.0
2020-12-29 16:52:35,034 INFO o.a.j.JMeter: file.encoding=Cp1252
2020-12-29 16:52:35,034 INFO o.a.j.JMeter: java.awt.headless=true
2020-12-29 16:52:35,034 INFO o.a.j.JMeter: Max memory     =1073741824
2020-12-29 16:52:35,034 INFO o.a.j.JMeter: Available Processors =8
2020-12-29 16:52:35,044 INFO o.a.j.JMeter: Default Locale=English (EN)
2020-12-29 16:52:35,045 INFO o.a.j.JMeter: JMeter  Locale=English (EN)
2020-12-29 16:52:35,045 INFO o.a.j.JMeter: JMeterHome=C:\Users\fabio\Documents\Fabio\Università\Magistrale\2°anno\1°semestre\Impianti di Elaborazione\apache-jmeter-5.3
2020-12-29 16:52:35,045 INFO o.a.j.JMeter: user.dir  =C:\Users\fabio\Documents\Fabio\Università\Magistrale\2°anno\1°semestre\Impianti di Elaborazione\apache-jmeter-5.3\bin
2020-12-29 16:52:35,046 INFO o.a.j.JMeter: PWD       =C:\Users\fabio\Documents\Fabio\Università\Magistrale\2°anno\1°semestre\Impianti di Elaborazione\apache-jmeter-5.3\bin
2020-12-29 16:52:35,050 INFO o.a.j.JMeter: IP: 192.168.56.1 Name: LAPTOP-DSVV6SSR FullName: 192.168.56.1
2020-12-29 16:52:35,056 INFO o.a.j.s.FileServer: Default base='C:\Users\fabio\Documents\Fabio\Università\Magistrale\2°anno\1°semestre\Impianti di Elaborazione\apache-jmeter-5.3\bin'
2020-12-29 16:52:35,058 INFO o.a.j.s.FileServer: Set new base='C:\Users\fabio\Documents\Fabio\Università\Magistrale\2°anno\1°semestre\Impianti di Elaborazione\apache-jmeter-5.3\bin'
2020-12-29 16:52:35,196 INFO o.a.j.s.SaveService: Testplan (JMX) version: 2.2. Testlog (JTL) version: 2.2
2020-12-29 16:52:35,220 INFO o.a.j.s.SaveService: Using SaveService properties version 5.0
2020-12-29 16:52:35,224 INFO o.a.j.s.SaveService: Using SaveService properties file encoding UTF-8
2020-12-29 16:52:35,227 INFO o.a.j.s.SaveService: Loading file: WorkloadCharacterization.jmx
2020-12-29 16:52:35,301 INFO o.a.j.p.h.s.HTTPSamplerBase: Parser for text/html is org.apache.jmeter.protocol.http.parser.LagartoBasedHtmlParser
2020-12-29 16:52:35,301 INFO o.a.j.p.h.s.HTTPSamplerBase: Parser for application/xhtml+xml is org.apache.jmeter.protocol.http.parser.LagartoBasedHtmlParser
2020-12-29 16:52:35,301 INFO o.a.j.p.h.s.HTTPSamplerBase: Parser for application/xml is org.apache.jmeter.protocol.http.parser.LagartoBasedHtmlParser
2020-12-29 16:52:35,301 INFO o.a.j.p.h.s.HTTPSamplerBase: Parser for text/xml is org.apache.jmeter.protocol.http.parser.LagartoBasedHtmlParser
2020-12-29 16:52:35,301 INFO o.a.j.p.h.s.HTTPSamplerBase: Parser for text/vnd.wap.wml is org.apache.jmeter.protocol.http.parser.RegexpHTMLParser
2020-12-29 16:52:35,302 INFO o.a.j.p.h.s.HTTPSamplerBase: Parser for text/css is org.apache.jmeter.protocol.http.parser.CssParser
2020-12-29 16:52:35,325 INFO o.a.j.JMeter: Creating summariser <summary>
2020-12-29 16:52:35,332 INFO o.a.j.e.StandardJMeterEngine: Running the test!
2020-12-29 16:52:35,333 INFO o.a.j.s.SampleEvent: List of sample_variables: []
2020-12-29 16:52:35,333 INFO o.a.j.s.SampleEvent: List of sample_variables: []
2020-12-29 16:52:35,345 INFO o.a.j.e.u.CompoundVariable: Note: Function class names must contain the string: '.functions.'
2020-12-29 16:52:35,345 INFO o.a.j.e.u.CompoundVariable: Note: Function class names must not contain the string: '.gui.'
2020-12-29 16:52:35,667 INFO o.a.j.JMeter: Running test (1609257155667)
2020-12-29 16:52:35,683 INFO o.a.j.e.StandardJMeterEngine: Starting ThreadGroup: 1 : Thread Group - Slow
2020-12-29 16:52:35,684 INFO o.a.j.e.StandardJMeterEngine: Starting 10 threads for group Thread Group - Slow.
2020-12-29 16:52:35,684 INFO o.a.j.e.StandardJMeterEngine: Thread will continue on error
2020-12-29 16:52:35,684 INFO o.a.j.t.ThreadGroup: Starting thread group... number=1 threads=10 ramp-up=5 delayedStart=false
2020-12-29 16:52:35,696 INFO o.a.j.t.JMeterThread: Thread started: Thread Group - Slow 1-1
2020-12-29 16:52:35,700 INFO o.a.j.t.ThreadGroup: Started thread group number 1
2020-12-29 16:52:35,700 INFO o.a.j.e.StandardJMeterEngine: Starting ThreadGroup: 2 : Thread Group - Fast
2020-12-29 16:52:35,700 INFO o.a.j.e.StandardJMeterEngine: Starting 10 threads for group Thread Group - Fast.
2020-12-29 16:52:35,700 INFO o.a.j.e.StandardJMeterEngine: Thread will continue on error
2020-12-29 16:52:35,701 INFO o.a.j.t.ThreadGroup: Starting thread group... number=2 threads=10 ramp-up=5 delayedStart=false
2020-12-29 16:52:35,703 INFO o.a.j.t.JMeterThread: Thread started: Thread Group - Fast 2-1
2020-12-29 16:52:35,710 INFO o.a.j.t.ThreadGroup: Started thread group number 2
2020-12-29 16:52:35,711 INFO o.a.j.e.StandardJMeterEngine: All thread groups have been started
2020-12-29 16:52:35,723 INFO o.a.j.p.h.s.HTTPHCAbstractImpl: Local host = LAPTOP-DSVV6SSR
2020-12-29 16:52:35,729 INFO o.a.j.p.h.s.HTTPHC4Impl: HTTP request retry count = 0
2020-12-29 16:52:35,731 INFO o.a.j.s.SampleResult: Note: Sample TimeStamps are START times
2020-12-29 16:52:35,731 INFO o.a.j.s.SampleResult: sampleresult.default.encoding is set to ISO-8859-1
2020-12-29 16:52:35,731 INFO o.a.j.s.SampleResult: sampleresult.useNanoTime=true
2020-12-29 16:52:35,731 INFO o.a.j.s.SampleResult: sampleresult.nanoThreadSleep=5000
2020-12-29 16:52:35,868 INFO o.a.j.r.Summariser: summary +      1 in 00:00:00 =    5.0/s Avg:    44 Min:    44 Max:    44 Err:     0 (0.00%) Active: 2 Started: 2 Finished: 0
2020-12-29 16:52:36,191 INFO o.a.j.t.JMeterThread: Thread started: Thread Group - Slow 1-2
2020-12-29 16:52:36,205 INFO o.a.j.t.JMeterThread: Thread started: Thread Group - Fast 2-2
2020-12-29 16:52:36,690 INFO o.a.j.t.JMeterThread: Thread started: Thread Group - Slow 1-3
2020-12-29 16:52:36,704 INFO o.a.j.t.JMeterThread: Thread started: Thread Group - Fast 2-3
2020-12-29 16:52:37,189 INFO o.a.j.t.JMeterThread: Thread started: Thread Group - Slow 1-4
2020-12-29 16:52:37,204 INFO o.a.j.t.JMeterThread: Thread started: Thread Group - Fast 2-4
2020-12-29 16:52:37,687 INFO o.a.j.t.JMeterThread: Thread started: Thread Group - Slow 1-5
2020-12-29 16:52:37,702 INFO o.a.j.t.JMeterThread: Thread started: Thread Group - Fast 2-5
2020-12-29 16:52:38,186 INFO o.a.j.t.JMeterThread: Thread started: Thread Group - Slow 1-6
2020-12-29 16:52:38,202 INFO o.a.j.t.JMeterThread: Thread started: Thread Group - Fast 2-6
2020-12-29 16:52:38,687 INFO o.a.j.t.JMeterThread: Thread started: Thread Group - Slow 1-7
2020-12-29 16:52:38,704 INFO o.a.j.t.JMeterThread: Thread started: Thread Group - Fast 2-7
2020-12-29 16:52:39,185 INFO o.a.j.t.JMeterThread: Thread started: Thread Group - Slow 1-8
2020-12-29 16:52:39,204 INFO o.a.j.t.JMeterThread: Thread started: Thread Group - Fast 2-8
2020-12-29 16:52:39,685 INFO o.a.j.t.JMeterThread: Thread started: Thread Group - Slow 1-9
2020-12-29 16:52:39,702 INFO o.a.j.t.JMeterThread: Thread started: Thread Group - Fast 2-9
2020-12-29 16:52:40,185 INFO o.a.j.t.JMeterThread: Thread started: Thread Group - Slow 1-10
2020-12-29 16:52:40,203 INFO o.a.j.t.JMeterThread: Thread started: Thread Group - Fast 2-10
2020-12-29 16:53:00,009 INFO o.a.j.r.Summariser: summary +    560 in 00:00:24 =   23.2/s Avg:     5 Min:     1 Max:    44 Err:     0 (0.00%) Active: 20 Started: 20 Finished: 0
2020-12-29 16:53:00,011 INFO o.a.j.r.Summariser: summary =    561 in 00:00:24 =   23.0/s Avg:     5 Min:     1 Max:    44 Err:     0 (0.00%)
2020-12-29 16:53:30,010 INFO o.a.j.r.Summariser: summary +    750 in 00:00:30 =   25.0/s Avg:     4 Min:     1 Max:    31 Err:     0 (0.00%) Active: 20 Started: 20 Finished: 0
2020-12-29 16:53:30,010 INFO o.a.j.r.Summariser: summary =   1311 in 00:00:54 =   24.1/s Avg:     5 Min:     1 Max:    44 Err:     0 (0.00%)
2020-12-29 16:54:00,011 INFO o.a.j.r.Summariser: summary +    750 in 00:00:30 =   25.0/s Avg:     4 Min:     1 Max:    26 Err:     0 (0.00%) Active: 20 Started: 20 Finished: 0
2020-12-29 16:54:00,012 INFO o.a.j.r.Summariser: summary =   2061 in 00:01:24 =   24.4/s Avg:     4 Min:     1 Max:    44 Err:     0 (0.00%)
2020-12-29 16:54:30,005 INFO o.a.j.r.Summariser: summary +    750 in 00:00:30 =   25.0/s Avg:     4 Min:     0 Max:    21 Err:     0 (0.00%) Active: 20 Started: 20 Finished: 0
2020-12-29 16:54:30,007 INFO o.a.j.r.Summariser: summary =   2811 in 00:01:54 =   24.6/s Avg:     4 Min:     0 Max:    44 Err:     0 (0.00%)
2020-12-29 16:55:00,011 INFO o.a.j.r.Summariser: summary +    750 in 00:00:30 =   25.0/s Avg:     5 Min:     1 Max:    23 Err:     0 (0.00%) Active: 20 Started: 20 Finished: 0
2020-12-29 16:55:00,012 INFO o.a.j.r.Summariser: summary =   3561 in 00:02:24 =   24.7/s Avg:     4 Min:     0 Max:    44 Err:     0 (0.00%)
2020-12-29 16:55:30,010 INFO o.a.j.r.Summariser: summary +    750 in 00:00:30 =   25.0/s Avg:     5 Min:     1 Max:    33 Err:     0 (0.00%) Active: 20 Started: 20 Finished: 0
2020-12-29 16:55:30,011 INFO o.a.j.r.Summariser: summary =   4311 in 00:02:54 =   24.7/s Avg:     4 Min:     0 Max:    44 Err:     0 (0.00%)
2020-12-29 16:56:00,012 INFO o.a.j.r.Summariser: summary +    750 in 00:00:30 =   25.0/s Avg:     4 Min:     1 Max:    23 Err:     0 (0.00%) Active: 20 Started: 20 Finished: 0
2020-12-29 16:56:00,013 INFO o.a.j.r.Summariser: summary =   5061 in 00:03:24 =   24.8/s Avg:     4 Min:     0 Max:    44 Err:     0 (0.00%)
2020-12-29 16:56:30,010 INFO o.a.j.r.Summariser: summary +    750 in 00:00:30 =   25.0/s Avg:     4 Min:     0 Max:    25 Err:     0 (0.00%) Active: 20 Started: 20 Finished: 0
2020-12-29 16:56:30,011 INFO o.a.j.r.Summariser: summary =   5811 in 00:03:54 =   24.8/s Avg:     4 Min:     0 Max:    44 Err:     0 (0.00%)
2020-12-29 16:57:00,013 INFO o.a.j.r.Summariser: summary +    750 in 00:00:30 =   25.0/s Avg:     4 Min:     1 Max:    22 Err:     0 (0.00%) Active: 20 Started: 20 Finished: 0
2020-12-29 16:57:00,015 INFO o.a.j.r.Summariser: summary =   6561 in 00:04:24 =   24.8/s Avg:     4 Min:     0 Max:    44 Err:     0 (0.00%)
2020-12-29 16:57:30,004 INFO o.a.j.r.Summariser: summary +    750 in 00:00:30 =   25.0/s Avg:     4 Min:     0 Max:    23 Err:     0 (0.00%) Active: 20 Started: 20 Finished: 0
2020-12-29 16:57:30,006 INFO o.a.j.r.Summariser: summary =   7311 in 00:04:54 =   24.8/s Avg:     4 Min:     0 Max:    44 Err:     0 (0.00%)
2020-12-29 16:57:34,512 INFO o.a.j.t.JMeterThread: Thread finished: Thread Group - Slow 1-1
2020-12-29 16:57:34,593 INFO o.a.j.t.JMeterThread: Thread finished: Thread Group - Slow 1-6
2020-12-29 16:57:34,793 INFO o.a.j.t.JMeterThread: Thread finished: Thread Group - Slow 1-4
2020-12-29 16:57:34,893 INFO o.a.j.t.JMeterThread: Thread finished: Thread Group - Slow 1-9
2020-12-29 16:57:34,997 INFO o.a.j.t.JMeterThread: Thread finished: Thread Group - Slow 1-2
2020-12-29 16:57:35,090 INFO o.a.j.t.JMeterThread: Thread finished: Thread Group - Slow 1-7
2020-12-29 16:57:35,110 INFO o.a.j.t.JMeterThread: Thread finished: Thread Group - Fast 2-1
2020-12-29 16:57:35,207 INFO o.a.j.t.JMeterThread: Thread finished: Thread Group - Fast 2-6
2020-12-29 16:57:35,291 INFO o.a.j.t.JMeterThread: Thread finished: Thread Group - Slow 1-5
2020-12-29 16:57:35,303 INFO o.a.j.t.JMeterThread: Thread finished: Thread Group - Fast 2-5
2020-12-29 16:57:35,389 INFO o.a.j.t.JMeterThread: Thread finished: Thread Group - Slow 1-10
2020-12-29 16:57:35,411 INFO o.a.j.t.JMeterThread: Thread finished: Thread Group - Fast 2-10
2020-12-29 16:57:35,414 INFO o.a.j.t.JMeterThread: Thread finished: Thread Group - Fast 2-4
2020-12-29 16:57:35,497 INFO o.a.j.t.JMeterThread: Thread finished: Thread Group - Slow 1-3
2020-12-29 16:57:35,509 INFO o.a.j.t.JMeterThread: Thread finished: Thread Group - Fast 2-3
2020-12-29 16:57:35,510 INFO o.a.j.t.JMeterThread: Thread finished: Thread Group - Fast 2-9
2020-12-29 16:57:35,588 INFO o.a.j.t.JMeterThread: Thread finished: Thread Group - Slow 1-8
2020-12-29 16:57:35,607 INFO o.a.j.t.JMeterThread: Thread finished: Thread Group - Fast 2-8
2020-12-29 16:57:35,608 INFO o.a.j.t.JMeterThread: Thread finished: Thread Group - Fast 2-2
2020-12-29 16:57:35,705 INFO o.a.j.t.JMeterThread: Thread finished: Thread Group - Fast 2-7
2020-12-29 16:57:35,705 INFO o.a.j.e.StandardJMeterEngine: Notifying test listeners of end of test
2020-12-29 16:57:35,706 INFO o.a.j.r.Summariser: summary +    143 in 00:00:06 =   25.1/s Avg:     4 Min:     0 Max:    17 Err:     0 (0.00%) Active: 0 Started: 20 Finished: 20
2020-12-29 16:57:35,707 INFO o.a.j.r.Summariser: summary =   7454 in 00:05:00 =   24.8/s Avg:     4 Min:     0 Max:    44 Err:     0 (0.00%)
