2020-12-30 10:27:47,251 INFO o.a.j.u.JMeterUtils: Setting Locale to en_EN
2020-12-30 10:27:47,276 INFO o.a.j.JMeter: Loading user properties from: user.properties
2020-12-30 10:27:47,278 INFO o.a.j.JMeter: Loading system properties from: system.properties
2020-12-30 10:27:47,280 INFO o.a.j.JMeter: Copyright (c) 1998-2020 The Apache Software Foundation
2020-12-30 10:27:47,280 INFO o.a.j.JMeter: Version 5.3
2020-12-30 10:27:47,280 INFO o.a.j.JMeter: java.version=11.0.8
2020-12-30 10:27:47,280 INFO o.a.j.JMeter: java.vm.name=Java HotSpot(TM) 64-Bit Server VM
2020-12-30 10:27:47,281 INFO o.a.j.JMeter: os.name=Windows 10
2020-12-30 10:27:47,281 INFO o.a.j.JMeter: os.arch=amd64
2020-12-30 10:27:47,281 INFO o.a.j.JMeter: os.version=10.0
2020-12-30 10:27:47,281 INFO o.a.j.JMeter: file.encoding=Cp1252
2020-12-30 10:27:47,281 INFO o.a.j.JMeter: java.awt.headless=true
2020-12-30 10:27:47,282 INFO o.a.j.JMeter: Max memory     =1073741824
2020-12-30 10:27:47,282 INFO o.a.j.JMeter: Available Processors =8
2020-12-30 10:27:47,300 INFO o.a.j.JMeter: Default Locale=English (EN)
2020-12-30 10:27:47,301 INFO o.a.j.JMeter: JMeter  Locale=English (EN)
2020-12-30 10:27:47,301 INFO o.a.j.JMeter: JMeterHome=C:\Users\fabio\Documents\Fabio\Università\Magistrale\2°anno\1°semestre\Impianti di Elaborazione\apache-jmeter-5.3
2020-12-30 10:27:47,301 INFO o.a.j.JMeter: user.dir  =C:\Users\fabio\Documents\Fabio\Università\Magistrale\2°anno\1°semestre\Impianti di Elaborazione\apache-jmeter-5.3\bin
2020-12-30 10:27:47,302 INFO o.a.j.JMeter: PWD       =C:\Users\fabio\Documents\Fabio\Università\Magistrale\2°anno\1°semestre\Impianti di Elaborazione\apache-jmeter-5.3\bin
2020-12-30 10:27:47,303 INFO o.a.j.JMeter: IP: 192.168.56.1 Name: LAPTOP-DSVV6SSR FullName: LAPTOP-DSVV6SSR
2020-12-30 10:27:47,309 INFO o.a.j.s.FileServer: Default base='C:\Users\fabio\Documents\Fabio\Università\Magistrale\2°anno\1°semestre\Impianti di Elaborazione\apache-jmeter-5.3\bin'
2020-12-30 10:27:47,311 INFO o.a.j.s.FileServer: Set new base='C:\Users\fabio\Documents\Fabio\Università\Magistrale\2°anno\1°semestre\Impianti di Elaborazione\apache-jmeter-5.3\bin'
2020-12-30 10:27:47,482 INFO o.a.j.s.SaveService: Testplan (JMX) version: 2.2. Testlog (JTL) version: 2.2
2020-12-30 10:27:47,506 INFO o.a.j.s.SaveService: Using SaveService properties version 5.0
2020-12-30 10:27:47,512 INFO o.a.j.s.SaveService: Using SaveService properties file encoding UTF-8
2020-12-30 10:27:47,516 INFO o.a.j.s.SaveService: Loading file: WorkloadCharacterization.jmx
2020-12-30 10:27:47,609 INFO o.a.j.p.h.s.HTTPSamplerBase: Parser for text/html is org.apache.jmeter.protocol.http.parser.LagartoBasedHtmlParser
2020-12-30 10:27:47,610 INFO o.a.j.p.h.s.HTTPSamplerBase: Parser for application/xhtml+xml is org.apache.jmeter.protocol.http.parser.LagartoBasedHtmlParser
2020-12-30 10:27:47,610 INFO o.a.j.p.h.s.HTTPSamplerBase: Parser for application/xml is org.apache.jmeter.protocol.http.parser.LagartoBasedHtmlParser
2020-12-30 10:27:47,610 INFO o.a.j.p.h.s.HTTPSamplerBase: Parser for text/xml is org.apache.jmeter.protocol.http.parser.LagartoBasedHtmlParser
2020-12-30 10:27:47,610 INFO o.a.j.p.h.s.HTTPSamplerBase: Parser for text/vnd.wap.wml is org.apache.jmeter.protocol.http.parser.RegexpHTMLParser
2020-12-30 10:27:47,610 INFO o.a.j.p.h.s.HTTPSamplerBase: Parser for text/css is org.apache.jmeter.protocol.http.parser.CssParser
2020-12-30 10:27:47,636 INFO o.a.j.JMeter: Creating summariser <summary>
2020-12-30 10:27:47,644 INFO o.a.j.e.StandardJMeterEngine: Running the test!
2020-12-30 10:27:47,646 INFO o.a.j.s.SampleEvent: List of sample_variables: []
2020-12-30 10:27:47,646 INFO o.a.j.s.SampleEvent: List of sample_variables: []
2020-12-30 10:27:47,670 INFO o.a.j.e.u.CompoundVariable: Note: Function class names must contain the string: '.functions.'
2020-12-30 10:27:47,671 INFO o.a.j.e.u.CompoundVariable: Note: Function class names must not contain the string: '.gui.'
2020-12-30 10:27:48,043 INFO o.a.j.JMeter: Running test (1609320468043)
2020-12-30 10:27:48,061 INFO o.a.j.e.StandardJMeterEngine: Starting ThreadGroup: 1 : Thread Group - Slow
2020-12-30 10:27:48,062 INFO o.a.j.e.StandardJMeterEngine: Starting 50 threads for group Thread Group - Slow.
2020-12-30 10:27:48,062 INFO o.a.j.e.StandardJMeterEngine: Thread will continue on error
2020-12-30 10:27:48,062 INFO o.a.j.t.ThreadGroup: Starting thread group... number=1 threads=50 ramp-up=25 delayedStart=false
2020-12-30 10:27:48,090 INFO o.a.j.t.JMeterThread: Thread started: Thread Group - Slow 1-1
2020-12-30 10:27:48,143 INFO o.a.j.t.ThreadGroup: Started thread group number 1
2020-12-30 10:27:48,143 INFO o.a.j.e.StandardJMeterEngine: Starting ThreadGroup: 2 : Thread Group - Fast
2020-12-30 10:27:48,143 INFO o.a.j.e.StandardJMeterEngine: Starting 50 threads for group Thread Group - Fast.
2020-12-30 10:27:48,143 INFO o.a.j.e.StandardJMeterEngine: Thread will continue on error
2020-12-30 10:27:48,144 INFO o.a.j.t.ThreadGroup: Starting thread group... number=2 threads=50 ramp-up=25 delayedStart=false
2020-12-30 10:27:48,182 INFO o.a.j.t.JMeterThread: Thread started: Thread Group - Fast 2-1
2020-12-30 10:27:48,201 INFO o.a.j.t.ThreadGroup: Started thread group number 2
2020-12-30 10:27:48,201 INFO o.a.j.e.StandardJMeterEngine: Starting ThreadGroup: 3 : Thread Group - Home
2020-12-30 10:27:48,201 INFO o.a.j.e.StandardJMeterEngine: Starting 30 threads for group Thread Group - Home.
2020-12-30 10:27:48,202 INFO o.a.j.e.StandardJMeterEngine: Thread will continue on error
2020-12-30 10:27:48,202 INFO o.a.j.t.ThreadGroup: Starting thread group... number=3 threads=30 ramp-up=15 delayedStart=false
2020-12-30 10:27:48,203 INFO o.a.j.p.h.s.HTTPHCAbstractImpl: Local host = LAPTOP-DSVV6SSR
2020-12-30 10:27:48,211 INFO o.a.j.t.JMeterThread: Thread started: Thread Group - Home 3-1
2020-12-30 10:27:48,225 INFO o.a.j.t.ThreadGroup: Started thread group number 3
2020-12-30 10:27:48,225 INFO o.a.j.e.StandardJMeterEngine: All thread groups have been started
2020-12-30 10:27:48,229 INFO o.a.j.p.h.s.HTTPHC4Impl: HTTP request retry count = 0
2020-12-30 10:27:48,231 INFO o.a.j.s.SampleResult: Note: Sample TimeStamps are START times
2020-12-30 10:27:48,231 INFO o.a.j.s.SampleResult: sampleresult.default.encoding is set to ISO-8859-1
2020-12-30 10:27:48,231 INFO o.a.j.s.SampleResult: sampleresult.useNanoTime=true
2020-12-30 10:27:48,231 INFO o.a.j.s.SampleResult: sampleresult.nanoThreadSleep=5000
2020-12-30 10:27:48,587 INFO o.a.j.t.JMeterThread: Thread started: Thread Group - Slow 1-2
2020-12-30 10:27:48,678 INFO o.a.j.t.JMeterThread: Thread started: Thread Group - Fast 2-2
2020-12-30 10:27:48,713 INFO o.a.j.t.JMeterThread: Thread started: Thread Group - Home 3-2
2020-12-30 10:27:49,073 INFO o.a.j.t.JMeterThread: Thread started: Thread Group - Slow 1-3
2020-12-30 10:27:49,177 INFO o.a.j.t.JMeterThread: Thread started: Thread Group - Fast 2-3
2020-12-30 10:27:49,213 INFO o.a.j.t.JMeterThread: Thread started: Thread Group - Home 3-3
2020-12-30 10:27:49,571 INFO o.a.j.t.JMeterThread: Thread started: Thread Group - Slow 1-4
2020-12-30 10:27:49,682 INFO o.a.j.t.JMeterThread: Thread started: Thread Group - Fast 2-4
2020-12-30 10:27:49,721 INFO o.a.j.t.JMeterThread: Thread started: Thread Group - Home 3-4
2020-12-30 10:27:50,075 INFO o.a.j.t.JMeterThread: Thread started: Thread Group - Slow 1-5
2020-12-30 10:27:50,181 INFO o.a.j.t.JMeterThread: Thread started: Thread Group - Fast 2-5
2020-12-30 10:27:50,218 INFO o.a.j.t.JMeterThread: Thread started: Thread Group - Home 3-5
2020-12-30 10:27:50,571 INFO o.a.j.t.JMeterThread: Thread started: Thread Group - Slow 1-6
2020-12-30 10:27:50,676 INFO o.a.j.t.JMeterThread: Thread started: Thread Group - Fast 2-6
2020-12-30 10:27:50,707 INFO o.a.j.t.JMeterThread: Thread started: Thread Group - Home 3-6
2020-12-30 10:27:51,066 INFO o.a.j.t.JMeterThread: Thread started: Thread Group - Slow 1-7
2020-12-30 10:27:51,176 INFO o.a.j.t.JMeterThread: Thread started: Thread Group - Fast 2-7
2020-12-30 10:27:51,213 INFO o.a.j.t.JMeterThread: Thread started: Thread Group - Home 3-7
2020-12-30 10:27:51,567 INFO o.a.j.t.JMeterThread: Thread started: Thread Group - Slow 1-8
2020-12-30 10:27:51,678 INFO o.a.j.t.JMeterThread: Thread started: Thread Group - Fast 2-8
2020-12-30 10:27:51,718 INFO o.a.j.t.JMeterThread: Thread started: Thread Group - Home 3-8
2020-12-30 10:27:52,074 INFO o.a.j.t.JMeterThread: Thread started: Thread Group - Slow 1-9
2020-12-30 10:27:52,178 INFO o.a.j.t.JMeterThread: Thread started: Thread Group - Fast 2-9
2020-12-30 10:27:52,220 INFO o.a.j.t.JMeterThread: Thread started: Thread Group - Home 3-9
2020-12-30 10:27:52,577 INFO o.a.j.t.JMeterThread: Thread started: Thread Group - Slow 1-10
2020-12-30 10:27:52,674 INFO o.a.j.t.JMeterThread: Thread started: Thread Group - Fast 2-10
2020-12-30 10:27:52,714 INFO o.a.j.t.JMeterThread: Thread started: Thread Group - Home 3-10
2020-12-30 10:27:53,075 INFO o.a.j.t.JMeterThread: Thread started: Thread Group - Slow 1-11
2020-12-30 10:27:53,174 INFO o.a.j.t.JMeterThread: Thread started: Thread Group - Fast 2-11
2020-12-30 10:27:53,214 INFO o.a.j.t.JMeterThread: Thread started: Thread Group - Home 3-11
2020-12-30 10:27:53,570 INFO o.a.j.t.JMeterThread: Thread started: Thread Group - Slow 1-12
2020-12-30 10:27:53,676 INFO o.a.j.t.JMeterThread: Thread started: Thread Group - Fast 2-12
2020-12-30 10:27:53,720 INFO o.a.j.t.JMeterThread: Thread started: Thread Group - Home 3-12
2020-12-30 10:27:54,072 INFO o.a.j.t.JMeterThread: Thread started: Thread Group - Slow 1-13
2020-12-30 10:27:54,175 INFO o.a.j.t.JMeterThread: Thread started: Thread Group - Fast 2-13
2020-12-30 10:27:54,214 INFO o.a.j.t.JMeterThread: Thread started: Thread Group - Home 3-13
2020-12-30 10:27:54,571 INFO o.a.j.t.JMeterThread: Thread started: Thread Group - Slow 1-14
2020-12-30 10:27:54,671 INFO o.a.j.t.JMeterThread: Thread started: Thread Group - Fast 2-14
2020-12-30 10:27:54,715 INFO o.a.j.t.JMeterThread: Thread started: Thread Group - Home 3-14
2020-12-30 10:27:55,069 INFO o.a.j.t.JMeterThread: Thread started: Thread Group - Slow 1-15
2020-12-30 10:27:55,172 INFO o.a.j.t.JMeterThread: Thread started: Thread Group - Fast 2-15
2020-12-30 10:27:55,214 INFO o.a.j.t.JMeterThread: Thread started: Thread Group - Home 3-15
2020-12-30 10:27:55,568 INFO o.a.j.t.JMeterThread: Thread started: Thread Group - Slow 1-16
2020-12-30 10:27:55,673 INFO o.a.j.t.JMeterThread: Thread started: Thread Group - Fast 2-16
2020-12-30 10:27:55,711 INFO o.a.j.t.JMeterThread: Thread started: Thread Group - Home 3-16
2020-12-30 10:27:56,068 INFO o.a.j.t.JMeterThread: Thread started: Thread Group - Slow 1-17
2020-12-30 10:27:56,172 INFO o.a.j.t.JMeterThread: Thread started: Thread Group - Fast 2-17
2020-12-30 10:27:56,211 INFO o.a.j.t.JMeterThread: Thread started: Thread Group - Home 3-17
2020-12-30 10:27:56,568 INFO o.a.j.t.JMeterThread: Thread started: Thread Group - Slow 1-18
2020-12-30 10:27:56,669 INFO o.a.j.t.JMeterThread: Thread started: Thread Group - Fast 2-18
2020-12-30 10:27:56,711 INFO o.a.j.t.JMeterThread: Thread started: Thread Group - Home 3-18
2020-12-30 10:27:57,074 INFO o.a.j.t.JMeterThread: Thread started: Thread Group - Slow 1-19
2020-12-30 10:27:57,167 INFO o.a.j.t.JMeterThread: Thread started: Thread Group - Fast 2-19
2020-12-30 10:27:57,211 INFO o.a.j.t.JMeterThread: Thread started: Thread Group - Home 3-19
2020-12-30 10:27:57,595 INFO o.a.j.t.JMeterThread: Thread started: Thread Group - Slow 1-20
2020-12-30 10:27:57,669 INFO o.a.j.t.JMeterThread: Thread started: Thread Group - Fast 2-20
2020-12-30 10:27:57,709 INFO o.a.j.t.JMeterThread: Thread started: Thread Group - Home 3-20
2020-12-30 10:27:58,081 INFO o.a.j.t.JMeterThread: Thread started: Thread Group - Slow 1-21
2020-12-30 10:27:58,169 INFO o.a.j.t.JMeterThread: Thread started: Thread Group - Fast 2-21
2020-12-30 10:27:58,208 INFO o.a.j.t.JMeterThread: Thread started: Thread Group - Home 3-21
2020-12-30 10:27:58,578 INFO o.a.j.t.JMeterThread: Thread started: Thread Group - Slow 1-22
2020-12-30 10:27:58,666 INFO o.a.j.t.JMeterThread: Thread started: Thread Group - Fast 2-22
2020-12-30 10:27:58,707 INFO o.a.j.t.JMeterThread: Thread started: Thread Group - Home 3-22
2020-12-30 10:27:59,078 INFO o.a.j.t.JMeterThread: Thread started: Thread Group - Slow 1-23
2020-12-30 10:27:59,163 INFO o.a.j.t.JMeterThread: Thread started: Thread Group - Fast 2-23
2020-12-30 10:27:59,206 INFO o.a.j.t.JMeterThread: Thread started: Thread Group - Home 3-23
2020-12-30 10:27:59,576 INFO o.a.j.t.JMeterThread: Thread started: Thread Group - Slow 1-24
2020-12-30 10:27:59,658 INFO o.a.j.t.JMeterThread: Thread started: Thread Group - Fast 2-24
2020-12-30 10:27:59,706 INFO o.a.j.t.JMeterThread: Thread started: Thread Group - Home 3-24
2020-12-30 10:28:00,018 INFO o.a.j.r.Summariser: summary +    473 in 00:00:12 =   39.5/s Avg:     8 Min:     1 Max:   125 Err:     0 (0.00%) Active: 72 Started: 72 Finished: 0
2020-12-30 10:28:00,086 INFO o.a.j.t.JMeterThread: Thread started: Thread Group - Slow 1-25
2020-12-30 10:28:00,158 INFO o.a.j.t.JMeterThread: Thread started: Thread Group - Fast 2-25
2020-12-30 10:28:00,206 INFO o.a.j.t.JMeterThread: Thread started: Thread Group - Home 3-25
2020-12-30 10:28:00,575 INFO o.a.j.t.JMeterThread: Thread started: Thread Group - Slow 1-26
2020-12-30 10:28:00,662 INFO o.a.j.t.JMeterThread: Thread started: Thread Group - Fast 2-26
2020-12-30 10:28:00,704 INFO o.a.j.t.JMeterThread: Thread started: Thread Group - Home 3-26
2020-12-30 10:28:01,073 INFO o.a.j.t.JMeterThread: Thread started: Thread Group - Slow 1-27
2020-12-30 10:28:01,167 INFO o.a.j.t.JMeterThread: Thread started: Thread Group - Fast 2-27
2020-12-30 10:28:01,204 INFO o.a.j.t.JMeterThread: Thread started: Thread Group - Home 3-27
2020-12-30 10:28:01,604 INFO o.a.j.t.JMeterThread: Thread started: Thread Group - Slow 1-28
2020-12-30 10:28:01,659 INFO o.a.j.t.JMeterThread: Thread started: Thread Group - Fast 2-28
2020-12-30 10:28:01,704 INFO o.a.j.t.JMeterThread: Thread started: Thread Group - Home 3-28
2020-12-30 10:28:02,123 INFO o.a.j.t.JMeterThread: Thread started: Thread Group - Slow 1-29
2020-12-30 10:28:02,162 INFO o.a.j.t.JMeterThread: Thread started: Thread Group - Fast 2-29
2020-12-30 10:28:02,205 INFO o.a.j.t.JMeterThread: Thread started: Thread Group - Home 3-29
2020-12-30 10:28:02,577 INFO o.a.j.t.JMeterThread: Thread started: Thread Group - Slow 1-30
2020-12-30 10:28:02,650 INFO o.a.j.t.JMeterThread: Thread started: Thread Group - Fast 2-30
2020-12-30 10:28:02,705 INFO o.a.j.t.JMeterThread: Thread started: Thread Group - Home 3-30
2020-12-30 10:28:03,076 INFO o.a.j.t.JMeterThread: Thread started: Thread Group - Slow 1-31
2020-12-30 10:28:03,154 INFO o.a.j.t.JMeterThread: Thread started: Thread Group - Fast 2-31
2020-12-30 10:28:03,622 INFO o.a.j.t.JMeterThread: Thread started: Thread Group - Slow 1-32
2020-12-30 10:28:03,652 INFO o.a.j.t.JMeterThread: Thread started: Thread Group - Fast 2-32
2020-12-30 10:28:04,118 INFO o.a.j.t.JMeterThread: Thread started: Thread Group - Slow 1-33
2020-12-30 10:28:04,151 INFO o.a.j.t.JMeterThread: Thread started: Thread Group - Fast 2-33
2020-12-30 10:28:04,572 INFO o.a.j.t.JMeterThread: Thread started: Thread Group - Slow 1-34
2020-12-30 10:28:04,659 INFO o.a.j.t.JMeterThread: Thread started: Thread Group - Fast 2-34
2020-12-30 10:28:05,064 INFO o.a.j.t.JMeterThread: Thread started: Thread Group - Slow 1-35
2020-12-30 10:28:05,159 INFO o.a.j.t.JMeterThread: Thread started: Thread Group - Fast 2-35
2020-12-30 10:28:05,612 INFO o.a.j.t.JMeterThread: Thread started: Thread Group - Slow 1-36
2020-12-30 10:28:05,655 INFO o.a.j.t.JMeterThread: Thread started: Thread Group - Fast 2-36
2020-12-30 10:28:06,111 INFO o.a.j.t.JMeterThread: Thread started: Thread Group - Slow 1-37
2020-12-30 10:28:06,156 INFO o.a.j.t.JMeterThread: Thread started: Thread Group - Fast 2-37
2020-12-30 10:28:06,568 INFO o.a.j.t.JMeterThread: Thread started: Thread Group - Slow 1-38
2020-12-30 10:28:06,658 INFO o.a.j.t.JMeterThread: Thread started: Thread Group - Fast 2-38
2020-12-30 10:28:07,066 INFO o.a.j.t.JMeterThread: Thread started: Thread Group - Slow 1-39
2020-12-30 10:28:07,160 INFO o.a.j.t.JMeterThread: Thread started: Thread Group - Fast 2-39
2020-12-30 10:28:07,608 INFO o.a.j.t.JMeterThread: Thread started: Thread Group - Slow 1-40
2020-12-30 10:28:07,656 INFO o.a.j.t.JMeterThread: Thread started: Thread Group - Fast 2-40
2020-12-30 10:28:08,106 INFO o.a.j.t.JMeterThread: Thread started: Thread Group - Slow 1-41
2020-12-30 10:28:08,157 INFO o.a.j.t.JMeterThread: Thread started: Thread Group - Fast 2-41
2020-12-30 10:28:08,563 INFO o.a.j.t.JMeterThread: Thread started: Thread Group - Slow 1-42
2020-12-30 10:28:08,669 INFO o.a.j.t.JMeterThread: Thread started: Thread Group - Fast 2-42
2020-12-30 10:28:09,066 INFO o.a.j.t.JMeterThread: Thread started: Thread Group - Slow 1-43
2020-12-30 10:28:09,157 INFO o.a.j.t.JMeterThread: Thread started: Thread Group - Fast 2-43
2020-12-30 10:28:09,604 INFO o.a.j.t.JMeterThread: Thread started: Thread Group - Slow 1-44
2020-12-30 10:28:09,655 INFO o.a.j.t.JMeterThread: Thread started: Thread Group - Fast 2-44
2020-12-30 10:28:10,103 INFO o.a.j.t.JMeterThread: Thread started: Thread Group - Slow 1-45
2020-12-30 10:28:10,157 INFO o.a.j.t.JMeterThread: Thread started: Thread Group - Fast 2-45
2020-12-30 10:28:10,566 INFO o.a.j.t.JMeterThread: Thread started: Thread Group - Slow 1-46
2020-12-30 10:28:10,657 INFO o.a.j.t.JMeterThread: Thread started: Thread Group - Fast 2-46
2020-12-30 10:28:11,067 INFO o.a.j.t.JMeterThread: Thread started: Thread Group - Slow 1-47
2020-12-30 10:28:11,156 INFO o.a.j.t.JMeterThread: Thread started: Thread Group - Fast 2-47
2020-12-30 10:28:11,601 INFO o.a.j.t.JMeterThread: Thread started: Thread Group - Slow 1-48
2020-12-30 10:28:11,655 INFO o.a.j.t.JMeterThread: Thread started: Thread Group - Fast 2-48
2020-12-30 10:28:12,101 INFO o.a.j.t.JMeterThread: Thread started: Thread Group - Slow 1-49
2020-12-30 10:28:12,154 INFO o.a.j.t.JMeterThread: Thread started: Thread Group - Fast 2-49
2020-12-30 10:28:12,564 INFO o.a.j.t.JMeterThread: Thread started: Thread Group - Slow 1-50
2020-12-30 10:28:12,656 INFO o.a.j.t.JMeterThread: Thread started: Thread Group - Fast 2-50
2020-12-30 10:28:30,001 INFO o.a.j.r.Summariser: summary +   3801 in 00:00:30 =  126.8/s Avg:     9 Min:     0 Max:   201 Err:     0 (0.00%) Active: 130 Started: 130 Finished: 0
2020-12-30 10:28:30,002 INFO o.a.j.r.Summariser: summary =   4274 in 00:00:42 =  101.9/s Avg:     9 Min:     0 Max:   201 Err:     0 (0.00%)
2020-12-30 10:29:00,005 INFO o.a.j.r.Summariser: summary +   4200 in 00:00:30 =  140.0/s Avg:    10 Min:     0 Max:   249 Err:     0 (0.00%) Active: 130 Started: 130 Finished: 0
2020-12-30 10:29:00,006 INFO o.a.j.r.Summariser: summary =   8474 in 00:01:12 =  117.8/s Avg:    10 Min:     0 Max:   249 Err:     0 (0.00%)
2020-12-30 10:29:30,001 INFO o.a.j.r.Summariser: summary +   4202 in 00:00:30 =  140.1/s Avg:    15 Min:     0 Max:   395 Err:     0 (0.00%) Active: 130 Started: 130 Finished: 0
2020-12-30 10:29:30,001 INFO o.a.j.r.Summariser: summary =  12676 in 00:01:42 =  124.3/s Avg:    11 Min:     0 Max:   395 Err:     0 (0.00%)
2020-12-30 10:30:00,010 INFO o.a.j.r.Summariser: summary +   4201 in 00:00:30 =  140.0/s Avg:     8 Min:     0 Max:   158 Err:     0 (0.00%) Active: 130 Started: 130 Finished: 0
2020-12-30 10:30:00,010 INFO o.a.j.r.Summariser: summary =  16877 in 00:02:12 =  127.9/s Avg:    11 Min:     0 Max:   395 Err:     0 (0.00%)
2020-12-30 10:30:30,000 INFO o.a.j.r.Summariser: summary +   4198 in 00:00:30 =  140.0/s Avg:     9 Min:     0 Max:   168 Err:     0 (0.00%) Active: 130 Started: 130 Finished: 0
2020-12-30 10:30:30,001 INFO o.a.j.r.Summariser: summary =  21075 in 00:02:42 =  130.1/s Avg:    10 Min:     0 Max:   395 Err:     0 (0.00%)
2020-12-30 10:31:00,020 INFO o.a.j.r.Summariser: summary +   4204 in 00:00:30 =  140.0/s Avg:     9 Min:     0 Max:   233 Err:     0 (0.00%) Active: 130 Started: 130 Finished: 0
2020-12-30 10:31:00,020 INFO o.a.j.r.Summariser: summary =  25279 in 00:03:12 =  131.7/s Avg:    10 Min:     0 Max:   395 Err:     0 (0.00%)
2020-12-30 10:31:30,028 INFO o.a.j.r.Summariser: summary +   4196 in 00:00:30 =  139.8/s Avg:    10 Min:     0 Max:   284 Err:     0 (0.00%) Active: 130 Started: 130 Finished: 0
2020-12-30 10:31:30,030 INFO o.a.j.r.Summariser: summary =  29475 in 00:03:42 =  132.8/s Avg:    10 Min:     0 Max:   395 Err:     0 (0.00%)
2020-12-30 10:32:00,000 INFO o.a.j.r.Summariser: summary +   4201 in 00:00:30 =  140.2/s Avg:     9 Min:     0 Max:   210 Err:     0 (0.00%) Active: 130 Started: 130 Finished: 0
2020-12-30 10:32:00,002 INFO o.a.j.r.Summariser: summary =  33676 in 00:04:12 =  133.7/s Avg:    10 Min:     0 Max:   395 Err:     0 (0.00%)
2020-12-30 10:32:30,012 INFO o.a.j.r.Summariser: summary +   4201 in 00:00:30 =  140.0/s Avg:    16 Min:     0 Max:   575 Err:     0 (0.00%) Active: 130 Started: 130 Finished: 0
2020-12-30 10:32:30,014 INFO o.a.j.r.Summariser: summary =  37877 in 00:04:42 =  134.3/s Avg:    11 Min:     0 Max:   575 Err:     0 (0.00%)
2020-12-30 10:32:46,232 INFO o.a.j.t.JMeterThread: Thread finished: Thread Group - Home 3-17
2020-12-30 10:32:46,238 INFO o.a.j.t.JMeterThread: Thread finished: Thread Group - Home 3-21
2020-12-30 10:32:46,248 INFO o.a.j.t.JMeterThread: Thread finished: Thread Group - Home 3-25
2020-12-30 10:32:46,259 INFO o.a.j.t.JMeterThread: Thread finished: Thread Group - Home 3-1
2020-12-30 10:32:46,260 INFO o.a.j.t.JMeterThread: Thread finished: Thread Group - Home 3-13
2020-12-30 10:32:46,300 INFO o.a.j.t.JMeterThread: Thread finished: Thread Group - Home 3-5
2020-12-30 10:32:46,308 INFO o.a.j.t.JMeterThread: Thread finished: Thread Group - Home 3-29
2020-12-30 10:32:46,321 INFO o.a.j.t.JMeterThread: Thread finished: Thread Group - Home 3-9
2020-12-30 10:32:46,730 INFO o.a.j.t.JMeterThread: Thread finished: Thread Group - Home 3-30
2020-12-30 10:32:46,737 INFO o.a.j.t.JMeterThread: Thread finished: Thread Group - Home 3-14
2020-12-30 10:32:46,741 INFO o.a.j.t.JMeterThread: Thread finished: Thread Group - Home 3-22
2020-12-30 10:32:46,749 INFO o.a.j.t.JMeterThread: Thread finished: Thread Group - Home 3-18
2020-12-30 10:32:46,777 INFO o.a.j.t.JMeterThread: Thread finished: Thread Group - Home 3-2
2020-12-30 10:32:46,779 INFO o.a.j.t.JMeterThread: Thread finished: Thread Group - Home 3-6
2020-12-30 10:32:46,810 INFO o.a.j.t.JMeterThread: Thread finished: Thread Group - Home 3-26
2020-12-30 10:32:46,815 INFO o.a.j.t.JMeterThread: Thread finished: Thread Group - Home 3-10
2020-12-30 10:32:46,945 INFO o.a.j.t.JMeterThread: Thread finished: Thread Group - Slow 1-1
2020-12-30 10:32:46,961 INFO o.a.j.t.JMeterThread: Thread finished: Thread Group - Slow 1-13
2020-12-30 10:32:46,987 INFO o.a.j.t.JMeterThread: Thread finished: Thread Group - Slow 1-6
2020-12-30 10:32:46,993 INFO o.a.j.t.JMeterThread: Thread finished: Thread Group - Slow 1-25
2020-12-30 10:32:46,999 INFO o.a.j.t.JMeterThread: Thread finished: Thread Group - Slow 1-37
2020-12-30 10:32:47,000 INFO o.a.j.t.JMeterThread: Thread finished: Thread Group - Slow 1-30
2020-12-30 10:32:47,003 INFO o.a.j.t.JMeterThread: Thread finished: Thread Group - Slow 1-42
2020-12-30 10:32:47,063 INFO o.a.j.t.JMeterThread: Thread finished: Thread Group - Slow 1-18
2020-12-30 10:32:47,122 INFO o.a.j.t.JMeterThread: Thread finished: Thread Group - Slow 1-35
2020-12-30 10:32:47,125 INFO o.a.j.t.JMeterThread: Thread finished: Thread Group - Slow 1-47
2020-12-30 10:32:47,155 INFO o.a.j.t.JMeterThread: Thread finished: Thread Group - Slow 1-11
2020-12-30 10:32:47,185 INFO o.a.j.t.JMeterThread: Thread finished: Thread Group - Slow 1-23
2020-12-30 10:32:47,242 INFO o.a.j.t.JMeterThread: Thread finished: Thread Group - Slow 1-16
2020-12-30 10:32:47,247 INFO o.a.j.t.JMeterThread: Thread finished: Thread Group - Home 3-15
2020-12-30 10:32:47,257 INFO o.a.j.t.JMeterThread: Thread finished: Thread Group - Home 3-3
2020-12-30 10:32:47,271 INFO o.a.j.t.JMeterThread: Thread finished: Thread Group - Slow 1-28
2020-12-30 10:32:47,283 INFO o.a.j.t.JMeterThread: Thread finished: Thread Group - Home 3-27
2020-12-30 10:32:47,285 INFO o.a.j.t.JMeterThread: Thread finished: Thread Group - Home 3-11
2020-12-30 10:32:47,286 INFO o.a.j.t.JMeterThread: Thread finished: Thread Group - Home 3-23
2020-12-30 10:32:47,288 INFO o.a.j.t.JMeterThread: Thread finished: Thread Group - Slow 1-40
2020-12-30 10:32:47,295 INFO o.a.j.t.JMeterThread: Thread finished: Thread Group - Home 3-19
2020-12-30 10:32:47,302 INFO o.a.j.t.JMeterThread: Thread finished: Thread Group - Home 3-7
2020-12-30 10:32:47,316 INFO o.a.j.t.JMeterThread: Thread finished: Thread Group - Slow 1-45
2020-12-30 10:32:47,319 INFO o.a.j.t.JMeterThread: Thread finished: Thread Group - Slow 1-21
2020-12-30 10:32:47,347 INFO o.a.j.t.JMeterThread: Thread finished: Thread Group - Slow 1-4
2020-12-30 10:32:47,364 INFO o.a.j.t.JMeterThread: Thread finished: Thread Group - Slow 1-9
2020-12-30 10:32:47,405 INFO o.a.j.t.JMeterThread: Thread finished: Thread Group - Slow 1-2
2020-12-30 10:32:47,418 INFO o.a.j.t.JMeterThread: Thread finished: Thread Group - Slow 1-33
2020-12-30 10:32:47,424 INFO o.a.j.t.JMeterThread: Thread finished: Thread Group - Slow 1-50
2020-12-30 10:32:47,451 INFO o.a.j.t.JMeterThread: Thread finished: Thread Group - Slow 1-38
2020-12-30 10:32:47,455 INFO o.a.j.t.JMeterThread: Thread finished: Thread Group - Slow 1-14
2020-12-30 10:32:47,462 INFO o.a.j.t.JMeterThread: Thread finished: Thread Group - Slow 1-26
2020-12-30 10:32:47,476 INFO o.a.j.t.JMeterThread: Thread finished: Thread Group - Slow 1-43
2020-12-30 10:32:47,479 INFO o.a.j.t.JMeterThread: Thread finished: Thread Group - Slow 1-19
2020-12-30 10:32:47,532 INFO o.a.j.t.JMeterThread: Thread finished: Thread Group - Slow 1-7
2020-12-30 10:32:47,539 INFO o.a.j.t.JMeterThread: Thread finished: Thread Group - Slow 1-31
2020-12-30 10:32:47,599 INFO o.a.j.t.JMeterThread: Thread finished: Thread Group - Fast 2-43
2020-12-30 10:32:47,617 INFO o.a.j.t.JMeterThread: Thread finished: Thread Group - Fast 2-31
2020-12-30 10:32:47,617 INFO o.a.j.t.JMeterThread: Thread finished: Thread Group - Fast 2-13
2020-12-30 10:32:47,624 INFO o.a.j.t.JMeterThread: Thread finished: Thread Group - Fast 2-25
2020-12-30 10:32:47,624 INFO o.a.j.t.JMeterThread: Thread finished: Thread Group - Fast 2-19
2020-12-30 10:32:47,635 INFO o.a.j.t.JMeterThread: Thread finished: Thread Group - Slow 1-48
2020-12-30 10:32:47,637 INFO o.a.j.t.JMeterThread: Thread finished: Thread Group - Slow 1-36
2020-12-30 10:32:47,643 INFO o.a.j.t.JMeterThread: Thread finished: Thread Group - Fast 2-37
2020-12-30 10:32:47,646 INFO o.a.j.t.JMeterThread: Thread finished: Thread Group - Slow 1-12
2020-12-30 10:32:47,652 INFO o.a.j.t.JMeterThread: Thread finished: Thread Group - Fast 2-7
2020-12-30 10:32:47,659 INFO o.a.j.t.JMeterThread: Thread finished: Thread Group - Slow 1-24
2020-12-30 10:32:47,661 INFO o.a.j.t.JMeterThread: Thread finished: Thread Group - Fast 2-1
2020-12-30 10:32:47,685 INFO o.a.j.t.JMeterThread: Thread finished: Thread Group - Fast 2-36
2020-12-30 10:32:47,693 INFO o.a.j.t.JMeterThread: Thread finished: Thread Group - Fast 2-30
2020-12-30 10:32:47,705 INFO o.a.j.t.JMeterThread: Thread finished: Thread Group - Fast 2-24
2020-12-30 10:32:47,707 INFO o.a.j.t.JMeterThread: Thread finished: Thread Group - Fast 2-6
2020-12-30 10:32:47,714 INFO o.a.j.t.JMeterThread: Thread finished: Thread Group - Fast 2-12
2020-12-30 10:32:47,725 INFO o.a.j.t.JMeterThread: Thread finished: Thread Group - Home 3-28
2020-12-30 10:32:47,732 INFO o.a.j.t.JMeterThread: Thread finished: Thread Group - Slow 1-41
2020-12-30 10:32:47,735 INFO o.a.j.t.JMeterThread: Thread finished: Thread Group - Slow 1-17
2020-12-30 10:32:47,738 INFO o.a.j.t.JMeterThread: Thread finished: Thread Group - Slow 1-5
2020-12-30 10:32:47,744 INFO o.a.j.t.JMeterThread: Thread finished: Thread Group - Fast 2-42
2020-12-30 10:32:47,749 INFO o.a.j.t.JMeterThread: Thread finished: Thread Group - Home 3-4
2020-12-30 10:32:47,749 INFO o.a.j.t.JMeterThread: Thread finished: Thread Group - Home 3-12
2020-12-30 10:32:47,761 INFO o.a.j.t.JMeterThread: Thread finished: Thread Group - Fast 2-48
2020-12-30 10:32:47,762 INFO o.a.j.t.JMeterThread: Thread finished: Thread Group - Slow 1-29
2020-12-30 10:32:47,764 INFO o.a.j.t.JMeterThread: Thread finished: Thread Group - Fast 2-18
2020-12-30 10:32:47,768 INFO o.a.j.t.JMeterThread: Thread finished: Thread Group - Fast 2-35
2020-12-30 10:32:47,781 INFO o.a.j.t.JMeterThread: Thread finished: Thread Group - Fast 2-29
2020-12-30 10:32:47,791 INFO o.a.j.t.JMeterThread: Thread finished: Thread Group - Home 3-16
2020-12-30 10:32:47,794 INFO o.a.j.t.JMeterThread: Thread finished: Thread Group - Home 3-20
2020-12-30 10:32:47,798 INFO o.a.j.t.JMeterThread: Thread finished: Thread Group - Slow 1-46
2020-12-30 10:32:47,803 INFO o.a.j.t.JMeterThread: Thread finished: Thread Group - Fast 2-41
2020-12-30 10:32:47,805 INFO o.a.j.t.JMeterThread: Thread finished: Thread Group - Home 3-24
2020-12-30 10:32:47,817 INFO o.a.j.t.JMeterThread: Thread finished: Thread Group - Home 3-8
2020-12-30 10:32:47,820 INFO o.a.j.t.JMeterThread: Thread finished: Thread Group - Fast 2-11
2020-12-30 10:32:47,823 INFO o.a.j.t.JMeterThread: Thread finished: Thread Group - Slow 1-10
2020-12-30 10:32:47,825 INFO o.a.j.t.JMeterThread: Thread finished: Thread Group - Slow 1-34
2020-12-30 10:32:47,830 INFO o.a.j.t.JMeterThread: Thread finished: Thread Group - Fast 2-47
2020-12-30 10:32:47,847 INFO o.a.j.t.JMeterThread: Thread finished: Thread Group - Fast 2-23
2020-12-30 10:32:47,856 INFO o.a.j.t.JMeterThread: Thread finished: Thread Group - Fast 2-17
2020-12-30 10:32:47,864 INFO o.a.j.t.JMeterThread: Thread finished: Thread Group - Fast 2-5
2020-12-30 10:32:47,873 INFO o.a.j.t.JMeterThread: Thread finished: Thread Group - Fast 2-28
2020-12-30 10:32:47,880 INFO o.a.j.t.JMeterThread: Thread finished: Thread Group - Slow 1-22
2020-12-30 10:32:47,881 INFO o.a.j.t.JMeterThread: Thread finished: Thread Group - Slow 1-39
2020-12-30 10:32:47,885 INFO o.a.j.t.JMeterThread: Thread finished: Thread Group - Fast 2-46
2020-12-30 10:32:47,893 INFO o.a.j.t.JMeterThread: Thread finished: Thread Group - Fast 2-40
2020-12-30 10:32:47,905 INFO o.a.j.t.JMeterThread: Thread finished: Thread Group - Fast 2-34
2020-12-30 10:32:47,908 INFO o.a.j.t.JMeterThread: Thread finished: Thread Group - Fast 2-22
2020-12-30 10:32:47,931 INFO o.a.j.t.JMeterThread: Thread finished: Thread Group - Slow 1-3
2020-12-30 10:32:47,931 INFO o.a.j.t.JMeterThread: Thread finished: Thread Group - Slow 1-27
2020-12-30 10:32:47,933 INFO o.a.j.t.JMeterThread: Thread finished: Thread Group - Slow 1-15
2020-12-30 10:32:47,945 INFO o.a.j.t.JMeterThread: Thread finished: Thread Group - Fast 2-16
2020-12-30 10:32:47,948 INFO o.a.j.t.JMeterThread: Thread finished: Thread Group - Fast 2-4
2020-12-30 10:32:47,952 INFO o.a.j.t.JMeterThread: Thread finished: Thread Group - Fast 2-10
2020-12-30 10:32:47,981 INFO o.a.j.t.JMeterThread: Thread finished: Thread Group - Fast 2-45
2020-12-30 10:32:47,987 INFO o.a.j.t.JMeterThread: Thread finished: Thread Group - Fast 2-39
2020-12-30 10:32:47,997 INFO o.a.j.t.JMeterThread: Thread finished: Thread Group - Slow 1-8
2020-12-30 10:32:48,008 INFO o.a.j.t.JMeterThread: Thread finished: Thread Group - Fast 2-9
2020-12-30 10:32:48,023 INFO o.a.j.t.JMeterThread: Thread finished: Thread Group - Slow 1-44
2020-12-30 10:32:48,035 INFO o.a.j.t.JMeterThread: Thread finished: Thread Group - Slow 1-32
2020-12-30 10:32:48,046 INFO o.a.j.t.JMeterThread: Thread finished: Thread Group - Slow 1-20
2020-12-30 10:32:48,057 INFO o.a.j.t.JMeterThread: Thread finished: Thread Group - Fast 2-15
2020-12-30 10:32:48,060 INFO o.a.j.t.JMeterThread: Thread finished: Thread Group - Fast 2-21
2020-12-30 10:32:48,060 INFO o.a.j.t.JMeterThread: Thread finished: Thread Group - Fast 2-3
2020-12-30 10:32:48,061 INFO o.a.j.t.JMeterThread: Thread finished: Thread Group - Fast 2-44
2020-12-30 10:32:48,063 INFO o.a.j.t.JMeterThread: Thread finished: Thread Group - Fast 2-33
2020-12-30 10:32:48,068 INFO o.a.j.t.JMeterThread: Thread finished: Thread Group - Fast 2-27
2020-12-30 10:32:48,075 INFO o.a.j.t.JMeterThread: Thread finished: Thread Group - Fast 2-26
2020-12-30 10:32:48,078 INFO o.a.j.t.JMeterThread: Thread finished: Thread Group - Fast 2-14
2020-12-30 10:32:48,102 INFO o.a.j.t.JMeterThread: Thread finished: Thread Group - Fast 2-20
2020-12-30 10:32:48,104 INFO o.a.j.t.JMeterThread: Thread finished: Thread Group - Fast 2-38
2020-12-30 10:32:48,107 INFO o.a.j.t.JMeterThread: Thread finished: Thread Group - Slow 1-49
2020-12-30 10:32:48,124 INFO o.a.j.t.JMeterThread: Thread finished: Thread Group - Fast 2-2
2020-12-30 10:32:48,126 INFO o.a.j.t.JMeterThread: Thread finished: Thread Group - Fast 2-32
2020-12-30 10:32:48,151 INFO o.a.j.t.JMeterThread: Thread finished: Thread Group - Fast 2-50
2020-12-30 10:32:48,151 INFO o.a.j.t.JMeterThread: Stopping because end time detected by thread: Thread Group - Fast 2-8
2020-12-30 10:32:48,151 INFO o.a.j.t.JMeterThread: Thread finished: Thread Group - Fast 2-8
2020-12-30 10:32:48,191 INFO o.a.j.t.JMeterThread: Thread finished: Thread Group - Fast 2-49
2020-12-30 10:32:48,191 INFO o.a.j.e.StandardJMeterEngine: Notifying test listeners of end of test
2020-12-30 10:32:48,192 INFO o.a.j.r.Summariser: summary +   2539 in 00:00:18 =  139.7/s Avg:     8 Min:     0 Max:   130 Err:     0 (0.00%) Active: 0 Started: 130 Finished: 130
2020-12-30 10:32:48,193 INFO o.a.j.r.Summariser: summary =  40416 in 00:05:00 =  134.7/s Avg:    10 Min:     0 Max:   575 Err:     0 (0.00%)
