2021-01-03 19:16:01,922 INFO o.a.j.u.JMeterUtils: Setting Locale to en_EN
2021-01-03 19:16:01,942 INFO o.a.j.JMeter: Loading user properties from: user.properties
2021-01-03 19:16:01,943 INFO o.a.j.JMeter: Loading system properties from: system.properties
2021-01-03 19:16:01,944 INFO o.a.j.JMeter: Copyright (c) 1998-2020 The Apache Software Foundation
2021-01-03 19:16:01,944 INFO o.a.j.JMeter: Version 5.3
2021-01-03 19:16:01,945 INFO o.a.j.JMeter: java.version=11.0.8
2021-01-03 19:16:01,945 INFO o.a.j.JMeter: java.vm.name=Java HotSpot(TM) 64-Bit Server VM
2021-01-03 19:16:01,945 INFO o.a.j.JMeter: os.name=Windows 10
2021-01-03 19:16:01,945 INFO o.a.j.JMeter: os.arch=amd64
2021-01-03 19:16:01,945 INFO o.a.j.JMeter: os.version=10.0
2021-01-03 19:16:01,945 INFO o.a.j.JMeter: file.encoding=Cp1252
2021-01-03 19:16:01,945 INFO o.a.j.JMeter: java.awt.headless=true
2021-01-03 19:16:01,946 INFO o.a.j.JMeter: Max memory     =1073741824
2021-01-03 19:16:01,946 INFO o.a.j.JMeter: Available Processors =8
2021-01-03 19:16:01,954 INFO o.a.j.JMeter: Default Locale=English (EN)
2021-01-03 19:16:01,955 INFO o.a.j.JMeter: JMeter  Locale=English (EN)
2021-01-03 19:16:01,955 INFO o.a.j.JMeter: JMeterHome=C:\Users\fabio\Documents\Fabio\Università\Magistrale\2°anno\1°semestre\Impianti di Elaborazione\apache-jmeter-5.3
2021-01-03 19:16:01,955 INFO o.a.j.JMeter: user.dir  =C:\Users\fabio\Documents\Fabio\Università\Magistrale\2°anno\1°semestre\Impianti di Elaborazione\apache-jmeter-5.3\bin
2021-01-03 19:16:01,956 INFO o.a.j.JMeter: PWD       =C:\Users\fabio\Documents\Fabio\Università\Magistrale\2°anno\1°semestre\Impianti di Elaborazione\apache-jmeter-5.3\bin
2021-01-03 19:16:01,963 INFO o.a.j.JMeter: IP: 192.168.56.1 Name: LAPTOP-DSVV6SSR FullName: 192.168.56.1
2021-01-03 19:16:01,968 INFO o.a.j.s.FileServer: Default base='C:\Users\fabio\Documents\Fabio\Università\Magistrale\2°anno\1°semestre\Impianti di Elaborazione\apache-jmeter-5.3\bin'
2021-01-03 19:16:01,970 INFO o.a.j.s.FileServer: Set new base='C:\Users\fabio\Documents\Fabio\Università\Magistrale\2°anno\1°semestre\Impianti di Elaborazione\apache-jmeter-5.3\bin'
2021-01-03 19:16:02,096 INFO o.a.j.s.SaveService: Testplan (JMX) version: 2.2. Testlog (JTL) version: 2.2
2021-01-03 19:16:02,117 INFO o.a.j.s.SaveService: Using SaveService properties version 5.0
2021-01-03 19:16:02,121 INFO o.a.j.s.SaveService: Using SaveService properties file encoding UTF-8
2021-01-03 19:16:02,124 INFO o.a.j.s.SaveService: Loading file: DesignofExperiment.jmx
2021-01-03 19:16:02,188 INFO o.a.j.p.h.s.HTTPSamplerBase: Parser for text/html is org.apache.jmeter.protocol.http.parser.LagartoBasedHtmlParser
2021-01-03 19:16:02,188 INFO o.a.j.p.h.s.HTTPSamplerBase: Parser for application/xhtml+xml is org.apache.jmeter.protocol.http.parser.LagartoBasedHtmlParser
2021-01-03 19:16:02,188 INFO o.a.j.p.h.s.HTTPSamplerBase: Parser for application/xml is org.apache.jmeter.protocol.http.parser.LagartoBasedHtmlParser
2021-01-03 19:16:02,188 INFO o.a.j.p.h.s.HTTPSamplerBase: Parser for text/xml is org.apache.jmeter.protocol.http.parser.LagartoBasedHtmlParser
2021-01-03 19:16:02,188 INFO o.a.j.p.h.s.HTTPSamplerBase: Parser for text/vnd.wap.wml is org.apache.jmeter.protocol.http.parser.RegexpHTMLParser
2021-01-03 19:16:02,189 INFO o.a.j.p.h.s.HTTPSamplerBase: Parser for text/css is org.apache.jmeter.protocol.http.parser.CssParser
2021-01-03 19:16:02,213 INFO o.a.j.JMeter: Creating summariser <summary>
2021-01-03 19:16:02,220 INFO o.a.j.e.StandardJMeterEngine: Running the test!
2021-01-03 19:16:02,221 INFO o.a.j.s.SampleEvent: List of sample_variables: []
2021-01-03 19:16:02,221 INFO o.a.j.s.SampleEvent: List of sample_variables: []
2021-01-03 19:16:02,230 INFO o.a.j.e.u.CompoundVariable: Note: Function class names must contain the string: '.functions.'
2021-01-03 19:16:02,230 INFO o.a.j.e.u.CompoundVariable: Note: Function class names must not contain the string: '.gui.'
2021-01-03 19:16:02,519 INFO o.a.j.JMeter: Running test (1609697762519)
2021-01-03 19:16:02,531 INFO o.a.j.e.StandardJMeterEngine: Starting ThreadGroup: 1 : Thread Group - HH
2021-01-03 19:16:02,532 INFO o.a.j.e.StandardJMeterEngine: Starting 100 threads for group Thread Group - HH.
2021-01-03 19:16:02,532 INFO o.a.j.e.StandardJMeterEngine: Thread will continue on error
2021-01-03 19:16:02,532 INFO o.a.j.t.ThreadGroup: Starting thread group... number=1 threads=100 ramp-up=1 delayedStart=false
2021-01-03 19:16:02,541 INFO o.a.j.t.JMeterThread: Thread started: Thread Group - HH 1-1
2021-01-03 19:16:02,549 INFO o.a.j.t.JMeterThread: Thread started: Thread Group - HH 1-2
2021-01-03 19:16:02,558 INFO o.a.j.t.JMeterThread: Thread started: Thread Group - HH 1-3
2021-01-03 19:16:02,564 INFO o.a.j.t.JMeterThread: Thread started: Thread Group - HH 1-4
2021-01-03 19:16:02,574 INFO o.a.j.t.JMeterThread: Thread started: Thread Group - HH 1-5
2021-01-03 19:16:02,578 INFO o.a.j.p.h.s.HTTPHCAbstractImpl: Local host = LAPTOP-DSVV6SSR
2021-01-03 19:16:02,579 INFO o.a.j.t.ThreadGroup: Started thread group number 1
2021-01-03 19:16:02,580 INFO o.a.j.e.StandardJMeterEngine: All thread groups have been started
2021-01-03 19:16:02,585 INFO o.a.j.p.h.s.HTTPHC4Impl: HTTP request retry count = 0
2021-01-03 19:16:02,586 INFO o.a.j.s.SampleResult: Note: Sample TimeStamps are START times
2021-01-03 19:16:02,586 INFO o.a.j.s.SampleResult: sampleresult.default.encoding is set to ISO-8859-1
2021-01-03 19:16:02,586 INFO o.a.j.s.SampleResult: sampleresult.useNanoTime=true
2021-01-03 19:16:02,586 INFO o.a.j.s.SampleResult: sampleresult.nanoThreadSleep=5000
2021-01-03 19:16:02,587 INFO o.a.j.t.JMeterThread: Thread started: Thread Group - HH 1-6
2021-01-03 19:16:02,597 INFO o.a.j.t.JMeterThread: Thread started: Thread Group - HH 1-7
2021-01-03 19:16:02,606 INFO o.a.j.t.JMeterThread: Thread started: Thread Group - HH 1-8
2021-01-03 19:16:02,613 INFO o.a.j.t.JMeterThread: Thread started: Thread Group - HH 1-9
2021-01-03 19:16:02,623 INFO o.a.j.t.JMeterThread: Thread started: Thread Group - HH 1-10
2021-01-03 19:16:02,634 INFO o.a.j.t.JMeterThread: Thread started: Thread Group - HH 1-11
2021-01-03 19:16:02,643 INFO o.a.j.t.JMeterThread: Thread started: Thread Group - HH 1-12
2021-01-03 19:16:02,653 INFO o.a.j.t.JMeterThread: Thread started: Thread Group - HH 1-13
2021-01-03 19:16:02,663 INFO o.a.j.t.JMeterThread: Thread started: Thread Group - HH 1-14
2021-01-03 19:16:02,673 INFO o.a.j.t.JMeterThread: Thread started: Thread Group - HH 1-15
2021-01-03 19:16:02,684 INFO o.a.j.t.JMeterThread: Thread started: Thread Group - HH 1-16
2021-01-03 19:16:02,692 INFO o.a.j.t.JMeterThread: Thread started: Thread Group - HH 1-17
2021-01-03 19:16:02,703 INFO o.a.j.t.JMeterThread: Thread started: Thread Group - HH 1-18
2021-01-03 19:16:02,716 INFO o.a.j.t.JMeterThread: Thread started: Thread Group - HH 1-19
2021-01-03 19:16:02,723 INFO o.a.j.t.JMeterThread: Thread started: Thread Group - HH 1-20
2021-01-03 19:16:02,733 INFO o.a.j.t.JMeterThread: Thread started: Thread Group - HH 1-21
2021-01-03 19:16:02,743 INFO o.a.j.t.JMeterThread: Thread started: Thread Group - HH 1-22
2021-01-03 19:16:02,753 INFO o.a.j.t.JMeterThread: Thread started: Thread Group - HH 1-23
2021-01-03 19:16:02,765 INFO o.a.j.t.JMeterThread: Thread started: Thread Group - HH 1-24
2021-01-03 19:16:02,773 INFO o.a.j.t.JMeterThread: Thread started: Thread Group - HH 1-25
2021-01-03 19:16:02,783 INFO o.a.j.t.JMeterThread: Thread started: Thread Group - HH 1-26
2021-01-03 19:16:02,794 INFO o.a.j.t.JMeterThread: Thread started: Thread Group - HH 1-27
2021-01-03 19:16:02,797 INFO o.a.j.r.Summariser: summary +      1 in 00:00:00 =    3.6/s Avg:   114 Min:   114 Max:   114 Err:     0 (0.00%) Active: 27 Started: 27 Finished: 0
2021-01-03 19:16:02,804 INFO o.a.j.t.JMeterThread: Thread started: Thread Group - HH 1-28
2021-01-03 19:16:02,814 INFO o.a.j.t.JMeterThread: Thread started: Thread Group - HH 1-29
2021-01-03 19:16:02,830 INFO o.a.j.t.JMeterThread: Thread started: Thread Group - HH 1-30
2021-01-03 19:16:02,843 INFO o.a.j.t.JMeterThread: Thread started: Thread Group - HH 1-32
2021-01-03 19:16:02,856 INFO o.a.j.t.JMeterThread: Thread started: Thread Group - HH 1-33
2021-01-03 19:16:02,887 INFO o.a.j.t.JMeterThread: Thread started: Thread Group - HH 1-34
2021-01-03 19:16:02,887 INFO o.a.j.t.JMeterThread: Thread started: Thread Group - HH 1-31
2021-01-03 19:16:02,891 INFO o.a.j.t.JMeterThread: Thread started: Thread Group - HH 1-35
2021-01-03 19:16:02,890 INFO o.a.j.t.JMeterThread: Thread started: Thread Group - HH 1-36
2021-01-03 19:16:02,904 INFO o.a.j.t.JMeterThread: Thread started: Thread Group - HH 1-38
2021-01-03 19:16:02,912 INFO o.a.j.t.JMeterThread: Thread started: Thread Group - HH 1-37
2021-01-03 19:16:02,920 INFO o.a.j.t.JMeterThread: Thread started: Thread Group - HH 1-39
2021-01-03 19:16:02,923 INFO o.a.j.t.JMeterThread: Thread started: Thread Group - HH 1-40
2021-01-03 19:16:02,934 INFO o.a.j.t.JMeterThread: Thread started: Thread Group - HH 1-41
2021-01-03 19:16:02,943 INFO o.a.j.t.JMeterThread: Thread started: Thread Group - HH 1-42
2021-01-03 19:16:02,952 INFO o.a.j.t.JMeterThread: Thread started: Thread Group - HH 1-43
2021-01-03 19:16:02,963 INFO o.a.j.t.JMeterThread: Thread started: Thread Group - HH 1-44
2021-01-03 19:16:02,973 INFO o.a.j.t.JMeterThread: Thread started: Thread Group - HH 1-45
2021-01-03 19:16:02,984 INFO o.a.j.t.JMeterThread: Thread started: Thread Group - HH 1-46
2021-01-03 19:16:02,994 INFO o.a.j.t.JMeterThread: Thread started: Thread Group - HH 1-47
2021-01-03 19:16:03,004 INFO o.a.j.t.JMeterThread: Thread started: Thread Group - HH 1-48
2021-01-03 19:16:03,014 INFO o.a.j.t.JMeterThread: Thread started: Thread Group - HH 1-49
2021-01-03 19:16:03,023 INFO o.a.j.t.JMeterThread: Thread started: Thread Group - HH 1-50
2021-01-03 19:16:03,034 INFO o.a.j.t.JMeterThread: Thread started: Thread Group - HH 1-51
2021-01-03 19:16:03,044 INFO o.a.j.t.JMeterThread: Thread started: Thread Group - HH 1-52
2021-01-03 19:16:03,052 INFO o.a.j.t.JMeterThread: Thread started: Thread Group - HH 1-53
2021-01-03 19:16:03,064 INFO o.a.j.t.JMeterThread: Thread started: Thread Group - HH 1-54
2021-01-03 19:16:03,074 INFO o.a.j.t.JMeterThread: Thread started: Thread Group - HH 1-55
2021-01-03 19:16:03,084 INFO o.a.j.t.JMeterThread: Thread started: Thread Group - HH 1-56
2021-01-03 19:16:03,093 INFO o.a.j.t.JMeterThread: Thread started: Thread Group - HH 1-57
2021-01-03 19:16:03,104 INFO o.a.j.t.JMeterThread: Thread started: Thread Group - HH 1-58
2021-01-03 19:16:03,113 INFO o.a.j.t.JMeterThread: Thread started: Thread Group - HH 1-59
2021-01-03 19:16:03,124 INFO o.a.j.t.JMeterThread: Thread started: Thread Group - HH 1-60
2021-01-03 19:16:03,133 INFO o.a.j.t.JMeterThread: Thread started: Thread Group - HH 1-61
2021-01-03 19:16:03,143 INFO o.a.j.t.JMeterThread: Thread started: Thread Group - HH 1-62
2021-01-03 19:16:03,153 INFO o.a.j.t.JMeterThread: Thread started: Thread Group - HH 1-63
2021-01-03 19:16:03,164 INFO o.a.j.t.JMeterThread: Thread started: Thread Group - HH 1-64
2021-01-03 19:16:03,175 INFO o.a.j.t.JMeterThread: Thread started: Thread Group - HH 1-65
2021-01-03 19:16:03,183 INFO o.a.j.t.JMeterThread: Thread started: Thread Group - HH 1-66
2021-01-03 19:16:03,194 INFO o.a.j.t.JMeterThread: Thread started: Thread Group - HH 1-67
2021-01-03 19:16:03,204 INFO o.a.j.t.JMeterThread: Thread started: Thread Group - HH 1-68
2021-01-03 19:16:03,212 INFO o.a.j.t.JMeterThread: Thread started: Thread Group - HH 1-69
2021-01-03 19:16:03,224 INFO o.a.j.t.JMeterThread: Thread started: Thread Group - HH 1-70
2021-01-03 19:16:03,234 INFO o.a.j.t.JMeterThread: Thread started: Thread Group - HH 1-71
2021-01-03 19:16:03,243 INFO o.a.j.t.JMeterThread: Thread started: Thread Group - HH 1-72
2021-01-03 19:16:03,253 INFO o.a.j.t.JMeterThread: Thread started: Thread Group - HH 1-73
2021-01-03 19:16:03,263 INFO o.a.j.t.JMeterThread: Thread started: Thread Group - HH 1-74
2021-01-03 19:16:03,274 INFO o.a.j.t.JMeterThread: Thread started: Thread Group - HH 1-75
2021-01-03 19:16:03,283 INFO o.a.j.t.JMeterThread: Thread started: Thread Group - HH 1-76
2021-01-03 19:16:03,294 INFO o.a.j.t.JMeterThread: Thread started: Thread Group - HH 1-77
2021-01-03 19:16:03,303 INFO o.a.j.t.JMeterThread: Thread started: Thread Group - HH 1-78
2021-01-03 19:16:03,313 INFO o.a.j.t.JMeterThread: Thread started: Thread Group - HH 1-79
2021-01-03 19:16:03,324 INFO o.a.j.t.JMeterThread: Thread started: Thread Group - HH 1-80
2021-01-03 19:16:03,334 INFO o.a.j.t.JMeterThread: Thread started: Thread Group - HH 1-81
2021-01-03 19:16:03,342 INFO o.a.j.t.JMeterThread: Thread started: Thread Group - HH 1-82
2021-01-03 19:16:03,354 INFO o.a.j.t.JMeterThread: Thread started: Thread Group - HH 1-83
2021-01-03 19:16:03,364 INFO o.a.j.t.JMeterThread: Thread started: Thread Group - HH 1-84
2021-01-03 19:16:03,374 INFO o.a.j.t.JMeterThread: Thread started: Thread Group - HH 1-85
2021-01-03 19:16:03,382 INFO o.a.j.t.JMeterThread: Thread started: Thread Group - HH 1-86
2021-01-03 19:16:03,393 INFO o.a.j.t.JMeterThread: Thread started: Thread Group - HH 1-87
2021-01-03 19:16:03,404 INFO o.a.j.t.JMeterThread: Thread started: Thread Group - HH 1-88
2021-01-03 19:16:03,414 INFO o.a.j.t.JMeterThread: Thread started: Thread Group - HH 1-89
2021-01-03 19:16:03,422 INFO o.a.j.t.JMeterThread: Thread started: Thread Group - HH 1-90
2021-01-03 19:16:03,434 INFO o.a.j.t.JMeterThread: Thread started: Thread Group - HH 1-91
2021-01-03 19:16:03,444 INFO o.a.j.t.JMeterThread: Thread started: Thread Group - HH 1-92
2021-01-03 19:16:03,453 INFO o.a.j.t.JMeterThread: Thread started: Thread Group - HH 1-93
2021-01-03 19:16:03,463 INFO o.a.j.t.JMeterThread: Thread started: Thread Group - HH 1-94
2021-01-03 19:16:03,474 INFO o.a.j.t.JMeterThread: Thread started: Thread Group - HH 1-95
2021-01-03 19:16:03,483 INFO o.a.j.t.JMeterThread: Thread started: Thread Group - HH 1-96
2021-01-03 19:16:03,494 INFO o.a.j.t.JMeterThread: Thread started: Thread Group - HH 1-97
2021-01-03 19:16:03,503 INFO o.a.j.t.JMeterThread: Thread started: Thread Group - HH 1-98
2021-01-03 19:16:03,512 INFO o.a.j.t.JMeterThread: Thread started: Thread Group - HH 1-99
2021-01-03 19:16:03,524 INFO o.a.j.t.JMeterThread: Thread started: Thread Group - HH 1-100
2021-01-03 19:16:30,010 INFO o.a.j.r.Summariser: summary +   7101 in 00:00:27 =  260.9/s Avg:   273 Min:     0 Max:  1490 Err:  2301 (32.40%) Active: 100 Started: 100 Finished: 0
2021-01-03 19:16:30,011 INFO o.a.j.r.Summariser: summary =   7102 in 00:00:27 =  258.3/s Avg:   273 Min:     0 Max:  1490 Err:  2301 (32.40%)
2021-01-03 19:17:00,002 INFO o.a.j.r.Summariser: summary +   8236 in 00:00:30 =  274.6/s Avg:   254 Min:     0 Max:  1523 Err:  2601 (31.58%) Active: 100 Started: 100 Finished: 0
2021-01-03 19:17:00,003 INFO o.a.j.r.Summariser: summary =  15338 in 00:00:57 =  266.8/s Avg:   263 Min:     0 Max:  1523 Err:  4902 (31.96%)
2021-01-03 19:17:02,375 INFO o.a.j.t.JMeterThread: Thread finished: Thread Group - HH 1-39
2021-01-03 19:17:02,376 INFO o.a.j.t.JMeterThread: Thread finished: Thread Group - HH 1-8
2021-01-03 19:17:02,382 INFO o.a.j.t.JMeterThread: Thread finished: Thread Group - HH 1-43
2021-01-03 19:17:02,385 INFO o.a.j.t.JMeterThread: Thread finished: Thread Group - HH 1-10
2021-01-03 19:17:02,402 INFO o.a.j.t.JMeterThread: Thread finished: Thread Group - HH 1-24
2021-01-03 19:17:02,404 INFO o.a.j.t.JMeterThread: Thread finished: Thread Group - HH 1-13
2021-01-03 19:17:02,407 INFO o.a.j.t.JMeterThread: Thread finished: Thread Group - HH 1-2
2021-01-03 19:17:02,419 INFO o.a.j.t.JMeterThread: Thread finished: Thread Group - HH 1-28
2021-01-03 19:17:02,422 INFO o.a.j.t.JMeterThread: Thread finished: Thread Group - HH 1-12
2021-01-03 19:17:02,424 INFO o.a.j.t.JMeterThread: Thread finished: Thread Group - HH 1-66
2021-01-03 19:17:02,459 INFO o.a.j.t.JMeterThread: Thread finished: Thread Group - HH 1-68
2021-01-03 19:17:02,465 INFO o.a.j.t.JMeterThread: Thread finished: Thread Group - HH 1-91
2021-01-03 19:17:02,468 INFO o.a.j.t.JMeterThread: Thread finished: Thread Group - HH 1-1
2021-01-03 19:17:02,470 INFO o.a.j.t.JMeterThread: Thread finished: Thread Group - HH 1-30
2021-01-03 19:17:02,481 INFO o.a.j.t.JMeterThread: Thread finished: Thread Group - HH 1-85
2021-01-03 19:17:02,506 INFO o.a.j.t.JMeterThread: Thread finished: Thread Group - HH 1-52
2021-01-03 19:17:02,540 INFO o.a.j.t.JMeterThread: Thread finished: Thread Group - HH 1-89
2021-01-03 19:17:02,540 INFO o.a.j.t.JMeterThread: Thread finished: Thread Group - HH 1-32
2021-01-03 19:17:02,547 INFO o.a.j.t.JMeterThread: Thread finished: Thread Group - HH 1-94
2021-01-03 19:17:02,548 INFO o.a.j.t.JMeterThread: Thread finished: Thread Group - HH 1-100
2021-01-03 19:17:02,564 INFO o.a.j.t.JMeterThread: Stopping because end time detected by thread: Thread Group - HH 1-25
2021-01-03 19:17:02,564 INFO o.a.j.t.JMeterThread: Thread finished: Thread Group - HH 1-25
2021-01-03 19:17:02,565 INFO o.a.j.t.JMeterThread: Stopping because end time detected by thread: Thread Group - HH 1-26
2021-01-03 19:17:02,565 INFO o.a.j.t.JMeterThread: Thread finished: Thread Group - HH 1-26
2021-01-03 19:17:02,566 INFO o.a.j.t.JMeterThread: Stopping because end time detected by thread: Thread Group - HH 1-16
2021-01-03 19:17:02,566 INFO o.a.j.t.JMeterThread: Thread finished: Thread Group - HH 1-16
2021-01-03 19:17:02,570 INFO o.a.j.t.JMeterThread: Thread finished: Thread Group - HH 1-74
2021-01-03 19:17:02,572 INFO o.a.j.t.JMeterThread: Stopping because end time detected by thread: Thread Group - HH 1-19
2021-01-03 19:17:02,572 INFO o.a.j.t.JMeterThread: Thread finished: Thread Group - HH 1-19
2021-01-03 19:17:02,575 INFO o.a.j.t.JMeterThread: Stopping because end time detected by thread: Thread Group - HH 1-64
2021-01-03 19:17:02,575 INFO o.a.j.t.JMeterThread: Thread finished: Thread Group - HH 1-64
2021-01-03 19:17:02,578 INFO o.a.j.t.JMeterThread: Stopping because end time detected by thread: Thread Group - HH 1-75
2021-01-03 19:17:02,578 INFO o.a.j.t.JMeterThread: Thread finished: Thread Group - HH 1-75
2021-01-03 19:17:02,579 INFO o.a.j.t.JMeterThread: Stopping because end time detected by thread: Thread Group - HH 1-17
2021-01-03 19:17:02,579 INFO o.a.j.t.JMeterThread: Thread finished: Thread Group - HH 1-17
2021-01-03 19:17:02,582 INFO o.a.j.t.JMeterThread: Stopping because end time detected by thread: Thread Group - HH 1-99
2021-01-03 19:17:02,582 INFO o.a.j.t.JMeterThread: Thread finished: Thread Group - HH 1-99
2021-01-03 19:17:02,588 INFO o.a.j.t.JMeterThread: Stopping because end time detected by thread: Thread Group - HH 1-93
2021-01-03 19:17:02,588 INFO o.a.j.t.JMeterThread: Stopping because end time detected by thread: Thread Group - HH 1-56
2021-01-03 19:17:02,588 INFO o.a.j.t.JMeterThread: Thread finished: Thread Group - HH 1-93
2021-01-03 19:17:02,588 INFO o.a.j.t.JMeterThread: Thread finished: Thread Group - HH 1-56
2021-01-03 19:17:02,591 INFO o.a.j.t.JMeterThread: Stopping because end time detected by thread: Thread Group - HH 1-70
2021-01-03 19:17:02,591 INFO o.a.j.t.JMeterThread: Thread finished: Thread Group - HH 1-70
2021-01-03 19:17:02,602 INFO o.a.j.t.JMeterThread: Stopping because end time detected by thread: Thread Group - HH 1-87
2021-01-03 19:17:02,602 INFO o.a.j.t.JMeterThread: Thread finished: Thread Group - HH 1-87
2021-01-03 19:17:02,614 INFO o.a.j.t.JMeterThread: Stopping because end time detected by thread: Thread Group - HH 1-73
2021-01-03 19:17:02,614 INFO o.a.j.t.JMeterThread: Thread finished: Thread Group - HH 1-73
2021-01-03 19:17:02,616 INFO o.a.j.t.JMeterThread: Stopping because end time detected by thread: Thread Group - HH 1-98
2021-01-03 19:17:02,616 INFO o.a.j.t.JMeterThread: Thread finished: Thread Group - HH 1-98
2021-01-03 19:17:02,619 INFO o.a.j.t.JMeterThread: Stopping because end time detected by thread: Thread Group - HH 1-54
2021-01-03 19:17:02,619 INFO o.a.j.t.JMeterThread: Thread finished: Thread Group - HH 1-54
2021-01-03 19:17:02,620 INFO o.a.j.t.JMeterThread: Stopping because end time detected by thread: Thread Group - HH 1-63
2021-01-03 19:17:02,620 INFO o.a.j.t.JMeterThread: Thread finished: Thread Group - HH 1-63
2021-01-03 19:17:02,626 INFO o.a.j.t.JMeterThread: Stopping because end time detected by thread: Thread Group - HH 1-3
2021-01-03 19:17:02,626 INFO o.a.j.t.JMeterThread: Thread finished: Thread Group - HH 1-3
2021-01-03 19:17:02,628 INFO o.a.j.t.JMeterThread: Stopping because end time detected by thread: Thread Group - HH 1-49
2021-01-03 19:17:02,628 INFO o.a.j.t.JMeterThread: Thread finished: Thread Group - HH 1-49
2021-01-03 19:17:02,631 INFO o.a.j.t.JMeterThread: Stopping because end time detected by thread: Thread Group - HH 1-31
2021-01-03 19:17:02,631 INFO o.a.j.t.JMeterThread: Thread finished: Thread Group - HH 1-31
2021-01-03 19:17:02,634 INFO o.a.j.t.JMeterThread: Stopping because end time detected by thread: Thread Group - HH 1-36
2021-01-03 19:17:02,634 INFO o.a.j.t.JMeterThread: Stopping because end time detected by thread: Thread Group - HH 1-59
2021-01-03 19:17:02,634 INFO o.a.j.t.JMeterThread: Thread finished: Thread Group - HH 1-36
2021-01-03 19:17:02,634 INFO o.a.j.t.JMeterThread: Thread finished: Thread Group - HH 1-59
2021-01-03 19:17:02,644 INFO o.a.j.t.JMeterThread: Stopping because end time detected by thread: Thread Group - HH 1-81
2021-01-03 19:17:02,644 INFO o.a.j.t.JMeterThread: Thread finished: Thread Group - HH 1-81
2021-01-03 19:17:02,646 INFO o.a.j.t.JMeterThread: Stopping because end time detected by thread: Thread Group - HH 1-72
2021-01-03 19:17:02,646 INFO o.a.j.t.JMeterThread: Thread finished: Thread Group - HH 1-72
2021-01-03 19:17:02,661 INFO o.a.j.t.JMeterThread: Stopping because end time detected by thread: Thread Group - HH 1-60
2021-01-03 19:17:02,661 INFO o.a.j.t.JMeterThread: Thread finished: Thread Group - HH 1-60
2021-01-03 19:17:02,667 INFO o.a.j.t.JMeterThread: Stopping because end time detected by thread: Thread Group - HH 1-71
2021-01-03 19:17:02,668 INFO o.a.j.t.JMeterThread: Thread finished: Thread Group - HH 1-71
2021-01-03 19:17:02,668 INFO o.a.j.t.JMeterThread: Stopping because end time detected by thread: Thread Group - HH 1-29
2021-01-03 19:17:02,669 INFO o.a.j.t.JMeterThread: Thread finished: Thread Group - HH 1-29
2021-01-03 19:17:02,672 INFO o.a.j.t.JMeterThread: Stopping because end time detected by thread: Thread Group - HH 1-15
2021-01-03 19:17:02,672 INFO o.a.j.t.JMeterThread: Thread finished: Thread Group - HH 1-15
2021-01-03 19:17:02,673 INFO o.a.j.t.JMeterThread: Stopping because end time detected by thread: Thread Group - HH 1-69
2021-01-03 19:17:02,674 INFO o.a.j.t.JMeterThread: Thread finished: Thread Group - HH 1-69
2021-01-03 19:17:02,681 INFO o.a.j.t.JMeterThread: Stopping because end time detected by thread: Thread Group - HH 1-78
2021-01-03 19:17:02,681 INFO o.a.j.t.JMeterThread: Stopping because end time detected by thread: Thread Group - HH 1-18
2021-01-03 19:17:02,681 INFO o.a.j.t.JMeterThread: Thread finished: Thread Group - HH 1-78
2021-01-03 19:17:02,681 INFO o.a.j.t.JMeterThread: Thread finished: Thread Group - HH 1-18
2021-01-03 19:17:02,682 INFO o.a.j.t.JMeterThread: Stopping because end time detected by thread: Thread Group - HH 1-77
2021-01-03 19:17:02,682 INFO o.a.j.t.JMeterThread: Thread finished: Thread Group - HH 1-77
2021-01-03 19:17:02,690 INFO o.a.j.t.JMeterThread: Stopping because end time detected by thread: Thread Group - HH 1-62
2021-01-03 19:17:02,691 INFO o.a.j.t.JMeterThread: Thread finished: Thread Group - HH 1-62
2021-01-03 19:17:02,698 INFO o.a.j.t.JMeterThread: Stopping because end time detected by thread: Thread Group - HH 1-90
2021-01-03 19:17:02,698 INFO o.a.j.t.JMeterThread: Thread finished: Thread Group - HH 1-90
2021-01-03 19:17:02,700 INFO o.a.j.t.JMeterThread: Stopping because end time detected by thread: Thread Group - HH 1-57
2021-01-03 19:17:02,700 INFO o.a.j.t.JMeterThread: Thread finished: Thread Group - HH 1-57
2021-01-03 19:17:02,704 INFO o.a.j.t.JMeterThread: Stopping because end time detected by thread: Thread Group - HH 1-35
2021-01-03 19:17:02,704 INFO o.a.j.t.JMeterThread: Thread finished: Thread Group - HH 1-35
2021-01-03 19:17:02,709 INFO o.a.j.t.JMeterThread: Stopping because end time detected by thread: Thread Group - HH 1-44
2021-01-03 19:17:02,709 INFO o.a.j.t.JMeterThread: Thread finished: Thread Group - HH 1-44
2021-01-03 19:17:02,713 INFO o.a.j.t.JMeterThread: Stopping because end time detected by thread: Thread Group - HH 1-96
2021-01-03 19:17:02,714 INFO o.a.j.t.JMeterThread: Thread finished: Thread Group - HH 1-96
2021-01-03 19:17:02,721 INFO o.a.j.t.JMeterThread: Stopping because end time detected by thread: Thread Group - HH 1-55
2021-01-03 19:17:02,721 INFO o.a.j.t.JMeterThread: Thread finished: Thread Group - HH 1-55
2021-01-03 19:17:02,728 INFO o.a.j.t.JMeterThread: Stopping because end time detected by thread: Thread Group - HH 1-84
2021-01-03 19:17:02,729 INFO o.a.j.t.JMeterThread: Thread finished: Thread Group - HH 1-84
2021-01-03 19:17:02,735 INFO o.a.j.t.JMeterThread: Stopping because end time detected by thread: Thread Group - HH 1-20
2021-01-03 19:17:02,735 INFO o.a.j.t.JMeterThread: Thread finished: Thread Group - HH 1-20
2021-01-03 19:17:02,738 INFO o.a.j.t.JMeterThread: Stopping because end time detected by thread: Thread Group - HH 1-21
2021-01-03 19:17:02,738 INFO o.a.j.t.JMeterThread: Thread finished: Thread Group - HH 1-21
2021-01-03 19:17:02,755 INFO o.a.j.t.JMeterThread: Stopping because end time detected by thread: Thread Group - HH 1-33
2021-01-03 19:17:02,755 INFO o.a.j.t.JMeterThread: Thread finished: Thread Group - HH 1-33
2021-01-03 19:17:02,758 INFO o.a.j.t.JMeterThread: Stopping because end time detected by thread: Thread Group - HH 1-14
2021-01-03 19:17:02,758 INFO o.a.j.t.JMeterThread: Thread finished: Thread Group - HH 1-14
2021-01-03 19:17:02,770 INFO o.a.j.t.JMeterThread: Stopping because end time detected by thread: Thread Group - HH 1-45
2021-01-03 19:17:02,771 INFO o.a.j.t.JMeterThread: Thread finished: Thread Group - HH 1-45
2021-01-03 19:17:02,775 INFO o.a.j.t.JMeterThread: Stopping because end time detected by thread: Thread Group - HH 1-9
2021-01-03 19:17:02,775 INFO o.a.j.t.JMeterThread: Thread finished: Thread Group - HH 1-9
2021-01-03 19:17:02,797 INFO o.a.j.t.JMeterThread: Stopping because end time detected by thread: Thread Group - HH 1-6
2021-01-03 19:17:02,797 INFO o.a.j.t.JMeterThread: Stopping because end time detected by thread: Thread Group - HH 1-58
2021-01-03 19:17:02,797 INFO o.a.j.t.JMeterThread: Thread finished: Thread Group - HH 1-6
2021-01-03 19:17:02,797 INFO o.a.j.t.JMeterThread: Thread finished: Thread Group - HH 1-58
2021-01-03 19:17:02,802 INFO o.a.j.t.JMeterThread: Stopping because end time detected by thread: Thread Group - HH 1-67
2021-01-03 19:17:02,802 INFO o.a.j.t.JMeterThread: Thread finished: Thread Group - HH 1-67
2021-01-03 19:17:02,803 INFO o.a.j.t.JMeterThread: Stopping because end time detected by thread: Thread Group - HH 1-83
2021-01-03 19:17:02,803 INFO o.a.j.t.JMeterThread: Thread finished: Thread Group - HH 1-83
2021-01-03 19:17:02,804 INFO o.a.j.t.JMeterThread: Stopping because end time detected by thread: Thread Group - HH 1-65
2021-01-03 19:17:02,805 INFO o.a.j.t.JMeterThread: Thread finished: Thread Group - HH 1-65
2021-01-03 19:17:02,805 INFO o.a.j.t.JMeterThread: Stopping because end time detected by thread: Thread Group - HH 1-5
2021-01-03 19:17:02,805 INFO o.a.j.t.JMeterThread: Stopping because end time detected by thread: Thread Group - HH 1-11
2021-01-03 19:17:02,805 INFO o.a.j.t.JMeterThread: Thread finished: Thread Group - HH 1-5
2021-01-03 19:17:02,806 INFO o.a.j.t.JMeterThread: Thread finished: Thread Group - HH 1-11
2021-01-03 19:17:02,807 INFO o.a.j.t.JMeterThread: Stopping because end time detected by thread: Thread Group - HH 1-42
2021-01-03 19:17:02,807 INFO o.a.j.t.JMeterThread: Thread finished: Thread Group - HH 1-42
2021-01-03 19:17:02,809 INFO o.a.j.t.JMeterThread: Stopping because end time detected by thread: Thread Group - HH 1-47
2021-01-03 19:17:02,809 INFO o.a.j.t.JMeterThread: Thread finished: Thread Group - HH 1-47
2021-01-03 19:17:02,816 INFO o.a.j.t.JMeterThread: Stopping because end time detected by thread: Thread Group - HH 1-48
2021-01-03 19:17:02,816 INFO o.a.j.t.JMeterThread: Thread finished: Thread Group - HH 1-48
2021-01-03 19:17:02,820 INFO o.a.j.t.JMeterThread: Stopping because end time detected by thread: Thread Group - HH 1-41
2021-01-03 19:17:02,820 INFO o.a.j.t.JMeterThread: Thread finished: Thread Group - HH 1-41
2021-01-03 19:17:02,821 INFO o.a.j.t.JMeterThread: Stopping because end time detected by thread: Thread Group - HH 1-22
2021-01-03 19:17:02,821 INFO o.a.j.t.JMeterThread: Thread finished: Thread Group - HH 1-22
2021-01-03 19:17:02,824 INFO o.a.j.t.JMeterThread: Stopping because end time detected by thread: Thread Group - HH 1-23
2021-01-03 19:17:02,824 INFO o.a.j.t.JMeterThread: Thread finished: Thread Group - HH 1-23
2021-01-03 19:17:02,826 INFO o.a.j.t.JMeterThread: Stopping because end time detected by thread: Thread Group - HH 1-27
2021-01-03 19:17:02,826 INFO o.a.j.t.JMeterThread: Thread finished: Thread Group - HH 1-27
2021-01-03 19:17:02,828 INFO o.a.j.t.JMeterThread: Stopping because end time detected by thread: Thread Group - HH 1-61
2021-01-03 19:17:02,828 INFO o.a.j.t.JMeterThread: Thread finished: Thread Group - HH 1-61
2021-01-03 19:17:02,833 INFO o.a.j.t.JMeterThread: Stopping because end time detected by thread: Thread Group - HH 1-86
2021-01-03 19:17:02,833 INFO o.a.j.t.JMeterThread: Thread finished: Thread Group - HH 1-86
2021-01-03 19:17:02,834 INFO o.a.j.t.JMeterThread: Stopping because end time detected by thread: Thread Group - HH 1-51
2021-01-03 19:17:02,834 INFO o.a.j.t.JMeterThread: Thread finished: Thread Group - HH 1-51
2021-01-03 19:17:02,843 INFO o.a.j.t.JMeterThread: Stopping because end time detected by thread: Thread Group - HH 1-92
2021-01-03 19:17:02,843 INFO o.a.j.t.JMeterThread: Thread finished: Thread Group - HH 1-92
2021-01-03 19:17:02,844 INFO o.a.j.t.JMeterThread: Stopping because end time detected by thread: Thread Group - HH 1-40
2021-01-03 19:17:02,844 INFO o.a.j.t.JMeterThread: Thread finished: Thread Group - HH 1-40
2021-01-03 19:17:02,846 INFO o.a.j.t.JMeterThread: Stopping because end time detected by thread: Thread Group - HH 1-97
2021-01-03 19:17:02,846 INFO o.a.j.t.JMeterThread: Thread finished: Thread Group - HH 1-97
2021-01-03 19:17:02,853 INFO o.a.j.t.JMeterThread: Stopping because end time detected by thread: Thread Group - HH 1-37
2021-01-03 19:17:02,854 INFO o.a.j.t.JMeterThread: Thread finished: Thread Group - HH 1-37
2021-01-03 19:17:02,855 INFO o.a.j.t.JMeterThread: Stopping because end time detected by thread: Thread Group - HH 1-88
2021-01-03 19:17:02,856 INFO o.a.j.t.JMeterThread: Thread finished: Thread Group - HH 1-88
2021-01-03 19:17:02,858 INFO o.a.j.t.JMeterThread: Stopping because end time detected by thread: Thread Group - HH 1-80
2021-01-03 19:17:02,858 INFO o.a.j.t.JMeterThread: Thread finished: Thread Group - HH 1-80
2021-01-03 19:17:02,861 INFO o.a.j.t.JMeterThread: Stopping because end time detected by thread: Thread Group - HH 1-82
2021-01-03 19:17:02,861 INFO o.a.j.t.JMeterThread: Thread finished: Thread Group - HH 1-82
2021-01-03 19:17:02,867 INFO o.a.j.t.JMeterThread: Stopping because end time detected by thread: Thread Group - HH 1-76
2021-01-03 19:17:02,867 INFO o.a.j.t.JMeterThread: Thread finished: Thread Group - HH 1-76
2021-01-03 19:17:02,868 INFO o.a.j.t.JMeterThread: Stopping because end time detected by thread: Thread Group - HH 1-50
2021-01-03 19:17:02,868 INFO o.a.j.t.JMeterThread: Thread finished: Thread Group - HH 1-50
2021-01-03 19:17:02,870 INFO o.a.j.t.JMeterThread: Stopping because end time detected by thread: Thread Group - HH 1-34
2021-01-03 19:17:02,870 INFO o.a.j.t.JMeterThread: Thread finished: Thread Group - HH 1-34
2021-01-03 19:17:02,871 INFO o.a.j.t.JMeterThread: Stopping because end time detected by thread: Thread Group - HH 1-4
2021-01-03 19:17:02,871 INFO o.a.j.t.JMeterThread: Thread finished: Thread Group - HH 1-4
2021-01-03 19:17:02,873 INFO o.a.j.t.JMeterThread: Stopping because end time detected by thread: Thread Group - HH 1-7
2021-01-03 19:17:02,873 INFO o.a.j.t.JMeterThread: Thread finished: Thread Group - HH 1-7
2021-01-03 19:17:02,874 INFO o.a.j.t.JMeterThread: Stopping because end time detected by thread: Thread Group - HH 1-79
2021-01-03 19:17:02,874 INFO o.a.j.t.JMeterThread: Thread finished: Thread Group - HH 1-79
2021-01-03 19:17:02,875 INFO o.a.j.t.JMeterThread: Stopping because end time detected by thread: Thread Group - HH 1-95
2021-01-03 19:17:02,876 INFO o.a.j.t.JMeterThread: Thread finished: Thread Group - HH 1-95
2021-01-03 19:17:02,876 INFO o.a.j.t.JMeterThread: Stopping because end time detected by thread: Thread Group - HH 1-38
2021-01-03 19:17:02,876 INFO o.a.j.t.JMeterThread: Thread finished: Thread Group - HH 1-38
2021-01-03 19:17:02,880 INFO o.a.j.t.JMeterThread: Stopping because end time detected by thread: Thread Group - HH 1-46
2021-01-03 19:17:02,880 INFO o.a.j.t.JMeterThread: Thread finished: Thread Group - HH 1-46
2021-01-03 19:17:02,881 INFO o.a.j.t.JMeterThread: Stopping because end time detected by thread: Thread Group - HH 1-53
2021-01-03 19:17:02,881 INFO o.a.j.t.JMeterThread: Thread finished: Thread Group - HH 1-53
2021-01-03 19:17:02,881 INFO o.a.j.e.StandardJMeterEngine: Notifying test listeners of end of test
2021-01-03 19:17:02,882 INFO o.a.j.r.Summariser: summary +    768 in 00:00:03 =  266.8/s Avg:   278 Min:     0 Max:  1031 Err:   217 (28.26%) Active: 0 Started: 100 Finished: 100
2021-01-03 19:17:02,882 INFO o.a.j.r.Summariser: summary =  16106 in 00:01:00 =  266.8/s Avg:   264 Min:     0 Max:  1523 Err:  5119 (31.78%)
