2021-01-03 19:12:49,546 INFO o.a.j.u.JMeterUtils: Setting Locale to en_EN
2021-01-03 19:12:49,563 INFO o.a.j.JMeter: Loading user properties from: user.properties
2021-01-03 19:12:49,563 INFO o.a.j.JMeter: Loading system properties from: system.properties
2021-01-03 19:12:49,565 INFO o.a.j.JMeter: Copyright (c) 1998-2020 The Apache Software Foundation
2021-01-03 19:12:49,565 INFO o.a.j.JMeter: Version 5.3
2021-01-03 19:12:49,565 INFO o.a.j.JMeter: java.version=11.0.8
2021-01-03 19:12:49,565 INFO o.a.j.JMeter: java.vm.name=Java HotSpot(TM) 64-Bit Server VM
2021-01-03 19:12:49,565 INFO o.a.j.JMeter: os.name=Windows 10
2021-01-03 19:12:49,566 INFO o.a.j.JMeter: os.arch=amd64
2021-01-03 19:12:49,566 INFO o.a.j.JMeter: os.version=10.0
2021-01-03 19:12:49,566 INFO o.a.j.JMeter: file.encoding=Cp1252
2021-01-03 19:12:49,566 INFO o.a.j.JMeter: java.awt.headless=true
2021-01-03 19:12:49,566 INFO o.a.j.JMeter: Max memory     =1073741824
2021-01-03 19:12:49,566 INFO o.a.j.JMeter: Available Processors =8
2021-01-03 19:12:49,574 INFO o.a.j.JMeter: Default Locale=English (EN)
2021-01-03 19:12:49,575 INFO o.a.j.JMeter: JMeter  Locale=English (EN)
2021-01-03 19:12:49,575 INFO o.a.j.JMeter: JMeterHome=C:\Users\fabio\Documents\Fabio\Università\Magistrale\2°anno\1°semestre\Impianti di Elaborazione\apache-jmeter-5.3
2021-01-03 19:12:49,575 INFO o.a.j.JMeter: user.dir  =C:\Users\fabio\Documents\Fabio\Università\Magistrale\2°anno\1°semestre\Impianti di Elaborazione\apache-jmeter-5.3\bin
2021-01-03 19:12:49,576 INFO o.a.j.JMeter: PWD       =C:\Users\fabio\Documents\Fabio\Università\Magistrale\2°anno\1°semestre\Impianti di Elaborazione\apache-jmeter-5.3\bin
2021-01-03 19:12:49,579 INFO o.a.j.JMeter: IP: 192.168.56.1 Name: LAPTOP-DSVV6SSR FullName: 192.168.56.1
2021-01-03 19:12:49,585 INFO o.a.j.s.FileServer: Default base='C:\Users\fabio\Documents\Fabio\Università\Magistrale\2°anno\1°semestre\Impianti di Elaborazione\apache-jmeter-5.3\bin'
2021-01-03 19:12:49,587 INFO o.a.j.s.FileServer: Set new base='C:\Users\fabio\Documents\Fabio\Università\Magistrale\2°anno\1°semestre\Impianti di Elaborazione\apache-jmeter-5.3\bin'
2021-01-03 19:12:49,708 INFO o.a.j.s.SaveService: Testplan (JMX) version: 2.2. Testlog (JTL) version: 2.2
2021-01-03 19:12:49,725 INFO o.a.j.s.SaveService: Using SaveService properties version 5.0
2021-01-03 19:12:49,729 INFO o.a.j.s.SaveService: Using SaveService properties file encoding UTF-8
2021-01-03 19:12:49,732 INFO o.a.j.s.SaveService: Loading file: DesignofExperiment.jmx
2021-01-03 19:12:49,791 INFO o.a.j.p.h.s.HTTPSamplerBase: Parser for text/html is org.apache.jmeter.protocol.http.parser.LagartoBasedHtmlParser
2021-01-03 19:12:49,791 INFO o.a.j.p.h.s.HTTPSamplerBase: Parser for application/xhtml+xml is org.apache.jmeter.protocol.http.parser.LagartoBasedHtmlParser
2021-01-03 19:12:49,791 INFO o.a.j.p.h.s.HTTPSamplerBase: Parser for application/xml is org.apache.jmeter.protocol.http.parser.LagartoBasedHtmlParser
2021-01-03 19:12:49,792 INFO o.a.j.p.h.s.HTTPSamplerBase: Parser for text/xml is org.apache.jmeter.protocol.http.parser.LagartoBasedHtmlParser
2021-01-03 19:12:49,792 INFO o.a.j.p.h.s.HTTPSamplerBase: Parser for text/vnd.wap.wml is org.apache.jmeter.protocol.http.parser.RegexpHTMLParser
2021-01-03 19:12:49,792 INFO o.a.j.p.h.s.HTTPSamplerBase: Parser for text/css is org.apache.jmeter.protocol.http.parser.CssParser
2021-01-03 19:12:49,816 INFO o.a.j.JMeter: Creating summariser <summary>
2021-01-03 19:12:49,822 INFO o.a.j.e.StandardJMeterEngine: Running the test!
2021-01-03 19:12:49,823 INFO o.a.j.s.SampleEvent: List of sample_variables: []
2021-01-03 19:12:49,823 INFO o.a.j.s.SampleEvent: List of sample_variables: []
2021-01-03 19:12:49,833 INFO o.a.j.e.u.CompoundVariable: Note: Function class names must contain the string: '.functions.'
2021-01-03 19:12:49,833 INFO o.a.j.e.u.CompoundVariable: Note: Function class names must not contain the string: '.gui.'
2021-01-03 19:12:50,113 INFO o.a.j.JMeter: Running test (1609697570113)
2021-01-03 19:12:50,126 INFO o.a.j.e.StandardJMeterEngine: Starting ThreadGroup: 1 : Thread Group - HH
2021-01-03 19:12:50,127 INFO o.a.j.e.StandardJMeterEngine: Starting 100 threads for group Thread Group - HH.
2021-01-03 19:12:50,127 INFO o.a.j.e.StandardJMeterEngine: Thread will continue on error
2021-01-03 19:12:50,127 INFO o.a.j.t.ThreadGroup: Starting thread group... number=1 threads=100 ramp-up=1 delayedStart=false
2021-01-03 19:12:50,136 INFO o.a.j.t.JMeterThread: Thread started: Thread Group - HH 1-1
2021-01-03 19:12:50,144 INFO o.a.j.t.JMeterThread: Thread started: Thread Group - HH 1-2
2021-01-03 19:12:50,151 INFO o.a.j.t.JMeterThread: Thread started: Thread Group - HH 1-3
2021-01-03 19:12:50,160 INFO o.a.j.t.JMeterThread: Thread started: Thread Group - HH 1-4
2021-01-03 19:12:50,169 INFO o.a.j.p.h.s.HTTPHCAbstractImpl: Local host = LAPTOP-DSVV6SSR
2021-01-03 19:12:50,169 INFO o.a.j.t.ThreadGroup: Started thread group number 1
2021-01-03 19:12:50,169 INFO o.a.j.e.StandardJMeterEngine: All thread groups have been started
2021-01-03 19:12:50,169 INFO o.a.j.t.JMeterThread: Thread started: Thread Group - HH 1-5
2021-01-03 19:12:50,174 INFO o.a.j.p.h.s.HTTPHC4Impl: HTTP request retry count = 0
2021-01-03 19:12:50,176 INFO o.a.j.s.SampleResult: Note: Sample TimeStamps are START times
2021-01-03 19:12:50,176 INFO o.a.j.s.SampleResult: sampleresult.default.encoding is set to ISO-8859-1
2021-01-03 19:12:50,176 INFO o.a.j.s.SampleResult: sampleresult.useNanoTime=true
2021-01-03 19:12:50,176 INFO o.a.j.s.SampleResult: sampleresult.nanoThreadSleep=5000
2021-01-03 19:12:50,181 INFO o.a.j.t.JMeterThread: Thread started: Thread Group - HH 1-6
2021-01-03 19:12:50,191 INFO o.a.j.t.JMeterThread: Thread started: Thread Group - HH 1-7
2021-01-03 19:12:50,200 INFO o.a.j.t.JMeterThread: Thread started: Thread Group - HH 1-8
2021-01-03 19:12:50,209 INFO o.a.j.t.JMeterThread: Thread started: Thread Group - HH 1-9
2021-01-03 19:12:50,218 INFO o.a.j.t.JMeterThread: Thread started: Thread Group - HH 1-10
2021-01-03 19:12:50,229 INFO o.a.j.t.JMeterThread: Thread started: Thread Group - HH 1-11
2021-01-03 19:12:50,239 INFO o.a.j.t.JMeterThread: Thread started: Thread Group - HH 1-12
2021-01-03 19:12:50,249 INFO o.a.j.t.JMeterThread: Thread started: Thread Group - HH 1-13
2021-01-03 19:12:50,258 INFO o.a.j.t.JMeterThread: Thread started: Thread Group - HH 1-14
2021-01-03 19:12:50,269 INFO o.a.j.t.JMeterThread: Thread started: Thread Group - HH 1-15
2021-01-03 19:12:50,279 INFO o.a.j.t.JMeterThread: Thread started: Thread Group - HH 1-16
2021-01-03 19:12:50,288 INFO o.a.j.t.JMeterThread: Thread started: Thread Group - HH 1-17
2021-01-03 19:12:50,299 INFO o.a.j.t.JMeterThread: Thread started: Thread Group - HH 1-18
2021-01-03 19:12:50,307 INFO o.a.j.t.JMeterThread: Thread started: Thread Group - HH 1-19
2021-01-03 19:12:50,318 INFO o.a.j.t.JMeterThread: Thread started: Thread Group - HH 1-20
2021-01-03 19:12:50,329 INFO o.a.j.t.JMeterThread: Thread started: Thread Group - HH 1-21
2021-01-03 19:12:50,337 INFO o.a.j.t.JMeterThread: Thread started: Thread Group - HH 1-22
2021-01-03 19:12:50,348 INFO o.a.j.t.JMeterThread: Thread started: Thread Group - HH 1-23
2021-01-03 19:12:50,360 INFO o.a.j.t.JMeterThread: Thread started: Thread Group - HH 1-24
2021-01-03 19:12:50,370 INFO o.a.j.t.JMeterThread: Thread started: Thread Group - HH 1-25
2021-01-03 19:12:50,378 INFO o.a.j.t.JMeterThread: Thread started: Thread Group - HH 1-26
2021-01-03 19:12:50,388 INFO o.a.j.t.JMeterThread: Thread started: Thread Group - HH 1-27
2021-01-03 19:12:50,403 INFO o.a.j.t.JMeterThread: Thread started: Thread Group - HH 1-28
2021-01-03 19:12:50,409 INFO o.a.j.t.JMeterThread: Thread started: Thread Group - HH 1-29
2021-01-03 19:12:50,418 INFO o.a.j.t.JMeterThread: Thread started: Thread Group - HH 1-30
2021-01-03 19:12:50,427 INFO o.a.j.t.JMeterThread: Thread started: Thread Group - HH 1-31
2021-01-03 19:12:50,438 INFO o.a.j.t.JMeterThread: Thread started: Thread Group - HH 1-32
2021-01-03 19:12:50,449 INFO o.a.j.t.JMeterThread: Thread started: Thread Group - HH 1-33
2021-01-03 19:12:50,458 INFO o.a.j.t.JMeterThread: Thread started: Thread Group - HH 1-34
2021-01-03 19:12:50,467 INFO o.a.j.t.JMeterThread: Thread started: Thread Group - HH 1-35
2021-01-03 19:12:50,477 INFO o.a.j.t.JMeterThread: Thread started: Thread Group - HH 1-36
2021-01-03 19:12:50,489 INFO o.a.j.t.JMeterThread: Thread started: Thread Group - HH 1-37
2021-01-03 19:12:50,498 INFO o.a.j.t.JMeterThread: Thread started: Thread Group - HH 1-38
2021-01-03 19:12:50,507 INFO o.a.j.t.JMeterThread: Thread started: Thread Group - HH 1-39
2021-01-03 19:12:50,520 INFO o.a.j.t.JMeterThread: Thread started: Thread Group - HH 1-40
2021-01-03 19:12:50,529 INFO o.a.j.t.JMeterThread: Thread started: Thread Group - HH 1-41
2021-01-03 19:12:50,537 INFO o.a.j.t.JMeterThread: Thread started: Thread Group - HH 1-42
2021-01-03 19:12:50,548 INFO o.a.j.t.JMeterThread: Thread started: Thread Group - HH 1-43
2021-01-03 19:12:50,558 INFO o.a.j.t.JMeterThread: Thread started: Thread Group - HH 1-44
2021-01-03 19:12:50,568 INFO o.a.j.t.JMeterThread: Thread started: Thread Group - HH 1-45
2021-01-03 19:12:50,577 INFO o.a.j.t.JMeterThread: Thread started: Thread Group - HH 1-46
2021-01-03 19:12:50,588 INFO o.a.j.t.JMeterThread: Thread started: Thread Group - HH 1-47
2021-01-03 19:12:50,598 INFO o.a.j.t.JMeterThread: Thread started: Thread Group - HH 1-48
2021-01-03 19:12:50,608 INFO o.a.j.t.JMeterThread: Thread started: Thread Group - HH 1-49
2021-01-03 19:12:50,617 INFO o.a.j.t.JMeterThread: Thread started: Thread Group - HH 1-50
2021-01-03 19:12:50,628 INFO o.a.j.t.JMeterThread: Thread started: Thread Group - HH 1-51
2021-01-03 19:12:50,637 INFO o.a.j.t.JMeterThread: Thread started: Thread Group - HH 1-52
2021-01-03 19:12:50,648 INFO o.a.j.t.JMeterThread: Thread started: Thread Group - HH 1-53
2021-01-03 19:12:50,657 INFO o.a.j.t.JMeterThread: Thread started: Thread Group - HH 1-54
2021-01-03 19:12:50,668 INFO o.a.j.t.JMeterThread: Thread started: Thread Group - HH 1-55
2021-01-03 19:12:50,678 INFO o.a.j.t.JMeterThread: Thread started: Thread Group - HH 1-56
2021-01-03 19:12:50,688 INFO o.a.j.t.JMeterThread: Thread started: Thread Group - HH 1-57
2021-01-03 19:12:50,698 INFO o.a.j.t.JMeterThread: Thread started: Thread Group - HH 1-58
2021-01-03 19:12:50,708 INFO o.a.j.t.JMeterThread: Thread started: Thread Group - HH 1-59
2021-01-03 19:12:50,717 INFO o.a.j.t.JMeterThread: Thread started: Thread Group - HH 1-60
2021-01-03 19:12:50,727 INFO o.a.j.t.JMeterThread: Thread started: Thread Group - HH 1-61
2021-01-03 19:12:50,738 INFO o.a.j.t.JMeterThread: Thread started: Thread Group - HH 1-62
2021-01-03 19:12:50,748 INFO o.a.j.t.JMeterThread: Thread started: Thread Group - HH 1-63
2021-01-03 19:12:50,757 INFO o.a.j.t.JMeterThread: Thread started: Thread Group - HH 1-64
2021-01-03 19:12:50,768 INFO o.a.j.t.JMeterThread: Thread started: Thread Group - HH 1-65
2021-01-03 19:12:50,779 INFO o.a.j.t.JMeterThread: Thread started: Thread Group - HH 1-66
2021-01-03 19:12:50,787 INFO o.a.j.t.JMeterThread: Thread started: Thread Group - HH 1-67
2021-01-03 19:12:50,798 INFO o.a.j.t.JMeterThread: Thread started: Thread Group - HH 1-68
2021-01-03 19:12:50,808 INFO o.a.j.t.JMeterThread: Thread started: Thread Group - HH 1-69
2021-01-03 19:12:50,818 INFO o.a.j.t.JMeterThread: Thread started: Thread Group - HH 1-70
2021-01-03 19:12:50,828 INFO o.a.j.t.JMeterThread: Thread started: Thread Group - HH 1-71
2021-01-03 19:12:50,838 INFO o.a.j.t.JMeterThread: Thread started: Thread Group - HH 1-72
2021-01-03 19:12:50,847 INFO o.a.j.t.JMeterThread: Thread started: Thread Group - HH 1-73
2021-01-03 19:12:50,858 INFO o.a.j.t.JMeterThread: Thread started: Thread Group - HH 1-74
2021-01-03 19:12:50,868 INFO o.a.j.t.JMeterThread: Thread started: Thread Group - HH 1-75
2021-01-03 19:12:50,878 INFO o.a.j.t.JMeterThread: Thread started: Thread Group - HH 1-76
2021-01-03 19:12:50,887 INFO o.a.j.t.JMeterThread: Thread started: Thread Group - HH 1-77
2021-01-03 19:12:50,899 INFO o.a.j.t.JMeterThread: Thread started: Thread Group - HH 1-78
2021-01-03 19:12:50,908 INFO o.a.j.t.JMeterThread: Thread started: Thread Group - HH 1-79
2021-01-03 19:12:50,917 INFO o.a.j.t.JMeterThread: Thread started: Thread Group - HH 1-80
2021-01-03 19:12:50,927 INFO o.a.j.t.JMeterThread: Thread started: Thread Group - HH 1-81
2021-01-03 19:12:50,938 INFO o.a.j.t.JMeterThread: Thread started: Thread Group - HH 1-82
2021-01-03 19:12:50,948 INFO o.a.j.t.JMeterThread: Thread started: Thread Group - HH 1-83
2021-01-03 19:12:50,957 INFO o.a.j.t.JMeterThread: Thread started: Thread Group - HH 1-84
2021-01-03 19:12:50,967 INFO o.a.j.t.JMeterThread: Thread started: Thread Group - HH 1-85
2021-01-03 19:12:50,977 INFO o.a.j.t.JMeterThread: Thread started: Thread Group - HH 1-86
2021-01-03 19:12:50,988 INFO o.a.j.t.JMeterThread: Thread started: Thread Group - HH 1-87
2021-01-03 19:12:50,998 INFO o.a.j.t.JMeterThread: Thread started: Thread Group - HH 1-88
2021-01-03 19:12:51,007 INFO o.a.j.t.JMeterThread: Thread started: Thread Group - HH 1-89
2021-01-03 19:12:51,017 INFO o.a.j.t.JMeterThread: Thread started: Thread Group - HH 1-90
2021-01-03 19:12:51,028 INFO o.a.j.t.JMeterThread: Thread started: Thread Group - HH 1-91
2021-01-03 19:12:51,038 INFO o.a.j.t.JMeterThread: Thread started: Thread Group - HH 1-92
2021-01-03 19:12:51,047 INFO o.a.j.t.JMeterThread: Thread started: Thread Group - HH 1-93
2021-01-03 19:12:51,057 INFO o.a.j.t.JMeterThread: Thread started: Thread Group - HH 1-94
2021-01-03 19:12:51,068 INFO o.a.j.t.JMeterThread: Thread started: Thread Group - HH 1-95
2021-01-03 19:12:51,078 INFO o.a.j.t.JMeterThread: Thread started: Thread Group - HH 1-96
2021-01-03 19:12:51,088 INFO o.a.j.t.JMeterThread: Thread started: Thread Group - HH 1-97
2021-01-03 19:12:51,097 INFO o.a.j.t.JMeterThread: Thread started: Thread Group - HH 1-98
2021-01-03 19:12:51,108 INFO o.a.j.t.JMeterThread: Thread started: Thread Group - HH 1-99
2021-01-03 19:12:51,118 INFO o.a.j.t.JMeterThread: Thread started: Thread Group - HH 1-100
2021-01-03 19:13:00,014 INFO o.a.j.r.Summariser: summary +   2483 in 00:00:10 =  250.8/s Avg:   268 Min:     0 Max:  1454 Err:   779 (31.37%) Active: 100 Started: 100 Finished: 0
2021-01-03 19:13:30,004 INFO o.a.j.r.Summariser: summary +   8067 in 00:00:30 =  269.0/s Avg:   261 Min:     0 Max:  2052 Err:  2742 (33.99%) Active: 100 Started: 100 Finished: 0
2021-01-03 19:13:30,005 INFO o.a.j.r.Summariser: summary =  10550 in 00:00:40 =  264.5/s Avg:   263 Min:     0 Max:  2052 Err:  3521 (33.37%)
2021-01-03 19:13:49,889 INFO o.a.j.t.JMeterThread: Thread finished: Thread Group - HH 1-15
2021-01-03 19:13:49,900 INFO o.a.j.t.JMeterThread: Thread finished: Thread Group - HH 1-33
2021-01-03 19:13:49,905 INFO o.a.j.t.JMeterThread: Thread finished: Thread Group - HH 1-41
2021-01-03 19:13:49,910 INFO o.a.j.t.JMeterThread: Thread finished: Thread Group - HH 1-31
2021-01-03 19:13:49,914 INFO o.a.j.t.JMeterThread: Thread finished: Thread Group - HH 1-91
2021-01-03 19:13:49,921 INFO o.a.j.t.JMeterThread: Thread finished: Thread Group - HH 1-65
2021-01-03 19:13:49,922 INFO o.a.j.t.JMeterThread: Thread finished: Thread Group - HH 1-76
2021-01-03 19:13:49,922 INFO o.a.j.t.JMeterThread: Thread finished: Thread Group - HH 1-69
2021-01-03 19:13:49,930 INFO o.a.j.t.JMeterThread: Thread finished: Thread Group - HH 1-24
2021-01-03 19:13:49,946 INFO o.a.j.t.JMeterThread: Thread finished: Thread Group - HH 1-72
2021-01-03 19:13:49,946 INFO o.a.j.t.JMeterThread: Thread finished: Thread Group - HH 1-95
2021-01-03 19:13:49,950 INFO o.a.j.t.JMeterThread: Thread finished: Thread Group - HH 1-94
2021-01-03 19:13:49,970 INFO o.a.j.t.JMeterThread: Thread finished: Thread Group - HH 1-78
2021-01-03 19:13:50,037 INFO o.a.j.t.JMeterThread: Thread finished: Thread Group - HH 1-66
2021-01-03 19:13:50,038 INFO o.a.j.t.JMeterThread: Thread finished: Thread Group - HH 1-61
2021-01-03 19:13:50,040 INFO o.a.j.t.JMeterThread: Thread finished: Thread Group - HH 1-20
2021-01-03 19:13:50,050 INFO o.a.j.t.JMeterThread: Thread finished: Thread Group - HH 1-86
2021-01-03 19:13:50,061 INFO o.a.j.t.JMeterThread: Thread finished: Thread Group - HH 1-57
2021-01-03 19:13:50,064 INFO o.a.j.t.JMeterThread: Thread finished: Thread Group - HH 1-56
2021-01-03 19:13:50,066 INFO o.a.j.t.JMeterThread: Thread finished: Thread Group - HH 1-3
2021-01-03 19:13:50,072 INFO o.a.j.t.JMeterThread: Thread finished: Thread Group - HH 1-98
2021-01-03 19:13:50,084 INFO o.a.j.t.JMeterThread: Thread finished: Thread Group - HH 1-37
2021-01-03 19:13:50,087 INFO o.a.j.t.JMeterThread: Thread finished: Thread Group - HH 1-54
2021-01-03 19:13:50,088 INFO o.a.j.t.JMeterThread: Thread finished: Thread Group - HH 1-93
2021-01-03 19:13:50,093 INFO o.a.j.t.JMeterThread: Thread finished: Thread Group - HH 1-89
2021-01-03 19:13:50,122 INFO o.a.j.t.JMeterThread: Thread finished: Thread Group - HH 1-5
2021-01-03 19:13:50,131 INFO o.a.j.t.JMeterThread: Thread finished: Thread Group - HH 1-32
2021-01-03 19:13:50,133 INFO o.a.j.t.JMeterThread: Thread finished: Thread Group - HH 1-13
2021-01-03 19:13:50,138 INFO o.a.j.t.JMeterThread: Stopping because end time detected by thread: Thread Group - HH 1-6
2021-01-03 19:13:50,138 INFO o.a.j.t.JMeterThread: Thread finished: Thread Group - HH 1-6
2021-01-03 19:13:50,151 INFO o.a.j.t.JMeterThread: Thread finished: Thread Group - HH 1-100
2021-01-03 19:13:50,172 INFO o.a.j.t.JMeterThread: Stopping because end time detected by thread: Thread Group - HH 1-74
2021-01-03 19:13:50,173 INFO o.a.j.t.JMeterThread: Thread finished: Thread Group - HH 1-74
2021-01-03 19:13:50,183 INFO o.a.j.t.JMeterThread: Stopping because end time detected by thread: Thread Group - HH 1-48
2021-01-03 19:13:50,183 INFO o.a.j.t.JMeterThread: Thread finished: Thread Group - HH 1-48
2021-01-03 19:13:50,216 INFO o.a.j.t.JMeterThread: Stopping because end time detected by thread: Thread Group - HH 1-79
2021-01-03 19:13:50,217 INFO o.a.j.t.JMeterThread: Thread finished: Thread Group - HH 1-79
2021-01-03 19:13:50,235 INFO o.a.j.t.JMeterThread: Stopping because end time detected by thread: Thread Group - HH 1-77
2021-01-03 19:13:50,235 INFO o.a.j.t.JMeterThread: Thread finished: Thread Group - HH 1-77
2021-01-03 19:13:50,244 INFO o.a.j.t.JMeterThread: Stopping because end time detected by thread: Thread Group - HH 1-51
2021-01-03 19:13:50,244 INFO o.a.j.t.JMeterThread: Thread finished: Thread Group - HH 1-51
2021-01-03 19:13:50,246 INFO o.a.j.t.JMeterThread: Stopping because end time detected by thread: Thread Group - HH 1-88
2021-01-03 19:13:50,246 INFO o.a.j.t.JMeterThread: Thread finished: Thread Group - HH 1-88
2021-01-03 19:13:50,249 INFO o.a.j.t.JMeterThread: Stopping because end time detected by thread: Thread Group - HH 1-29
2021-01-03 19:13:50,249 INFO o.a.j.t.JMeterThread: Thread finished: Thread Group - HH 1-29
2021-01-03 19:13:50,299 INFO o.a.j.t.JMeterThread: Stopping because end time detected by thread: Thread Group - HH 1-2
2021-01-03 19:13:50,300 INFO o.a.j.t.JMeterThread: Thread finished: Thread Group - HH 1-2
2021-01-03 19:13:50,303 INFO o.a.j.t.JMeterThread: Stopping because end time detected by thread: Thread Group - HH 1-92
2021-01-03 19:13:50,303 INFO o.a.j.t.JMeterThread: Thread finished: Thread Group - HH 1-92
2021-01-03 19:13:50,329 INFO o.a.j.t.JMeterThread: Stopping because end time detected by thread: Thread Group - HH 1-49
2021-01-03 19:13:50,329 INFO o.a.j.t.JMeterThread: Thread finished: Thread Group - HH 1-49
2021-01-03 19:13:50,337 INFO o.a.j.t.JMeterThread: Stopping because end time detected by thread: Thread Group - HH 1-19
2021-01-03 19:13:50,337 INFO o.a.j.t.JMeterThread: Thread finished: Thread Group - HH 1-19
2021-01-03 19:13:50,340 INFO o.a.j.t.JMeterThread: Stopping because end time detected by thread: Thread Group - HH 1-47
2021-01-03 19:13:50,340 INFO o.a.j.t.JMeterThread: Stopping because end time detected by thread: Thread Group - HH 1-12
2021-01-03 19:13:50,340 INFO o.a.j.t.JMeterThread: Thread finished: Thread Group - HH 1-47
2021-01-03 19:13:50,340 INFO o.a.j.t.JMeterThread: Thread finished: Thread Group - HH 1-12
2021-01-03 19:13:50,350 INFO o.a.j.t.JMeterThread: Stopping because end time detected by thread: Thread Group - HH 1-80
2021-01-03 19:13:50,350 INFO o.a.j.t.JMeterThread: Thread finished: Thread Group - HH 1-80
2021-01-03 19:13:50,350 INFO o.a.j.t.JMeterThread: Stopping because end time detected by thread: Thread Group - HH 1-36
2021-01-03 19:13:50,351 INFO o.a.j.t.JMeterThread: Thread finished: Thread Group - HH 1-36
2021-01-03 19:13:50,352 INFO o.a.j.t.JMeterThread: Stopping because end time detected by thread: Thread Group - HH 1-21
2021-01-03 19:13:50,353 INFO o.a.j.t.JMeterThread: Thread finished: Thread Group - HH 1-21
2021-01-03 19:13:50,353 INFO o.a.j.t.JMeterThread: Stopping because end time detected by thread: Thread Group - HH 1-39
2021-01-03 19:13:50,353 INFO o.a.j.t.JMeterThread: Thread finished: Thread Group - HH 1-39
2021-01-03 19:13:50,356 INFO o.a.j.t.JMeterThread: Stopping because end time detected by thread: Thread Group - HH 1-42
2021-01-03 19:13:50,356 INFO o.a.j.t.JMeterThread: Thread finished: Thread Group - HH 1-42
2021-01-03 19:13:50,392 INFO o.a.j.t.JMeterThread: Stopping because end time detected by thread: Thread Group - HH 1-97
2021-01-03 19:13:50,393 INFO o.a.j.t.JMeterThread: Thread finished: Thread Group - HH 1-97
2021-01-03 19:13:50,396 INFO o.a.j.t.JMeterThread: Stopping because end time detected by thread: Thread Group - HH 1-58
2021-01-03 19:13:50,396 INFO o.a.j.t.JMeterThread: Thread finished: Thread Group - HH 1-58
2021-01-03 19:13:50,403 INFO o.a.j.t.JMeterThread: Stopping because end time detected by thread: Thread Group - HH 1-62
2021-01-03 19:13:50,403 INFO o.a.j.t.JMeterThread: Thread finished: Thread Group - HH 1-62
2021-01-03 19:13:50,412 INFO o.a.j.t.JMeterThread: Stopping because end time detected by thread: Thread Group - HH 1-50
2021-01-03 19:13:50,412 INFO o.a.j.t.JMeterThread: Thread finished: Thread Group - HH 1-50
2021-01-03 19:13:50,421 INFO o.a.j.t.JMeterThread: Stopping because end time detected by thread: Thread Group - HH 1-7
2021-01-03 19:13:50,421 INFO o.a.j.t.JMeterThread: Thread finished: Thread Group - HH 1-7
2021-01-03 19:13:50,429 INFO o.a.j.t.JMeterThread: Stopping because end time detected by thread: Thread Group - HH 1-44
2021-01-03 19:13:50,429 INFO o.a.j.t.JMeterThread: Thread finished: Thread Group - HH 1-44
2021-01-03 19:13:50,430 INFO o.a.j.t.JMeterThread: Stopping because end time detected by thread: Thread Group - HH 1-63
2021-01-03 19:13:50,430 INFO o.a.j.t.JMeterThread: Thread finished: Thread Group - HH 1-63
2021-01-03 19:13:50,432 INFO o.a.j.t.JMeterThread: Stopping because end time detected by thread: Thread Group - HH 1-30
2021-01-03 19:13:50,432 INFO o.a.j.t.JMeterThread: Thread finished: Thread Group - HH 1-30
2021-01-03 19:13:50,435 INFO o.a.j.t.JMeterThread: Stopping because end time detected by thread: Thread Group - HH 1-71
2021-01-03 19:13:50,435 INFO o.a.j.t.JMeterThread: Thread finished: Thread Group - HH 1-71
2021-01-03 19:13:50,439 INFO o.a.j.t.JMeterThread: Stopping because end time detected by thread: Thread Group - HH 1-53
2021-01-03 19:13:50,439 INFO o.a.j.t.JMeterThread: Thread finished: Thread Group - HH 1-53
2021-01-03 19:13:50,442 INFO o.a.j.t.JMeterThread: Stopping because end time detected by thread: Thread Group - HH 1-52
2021-01-03 19:13:50,442 INFO o.a.j.t.JMeterThread: Thread finished: Thread Group - HH 1-52
2021-01-03 19:13:50,443 INFO o.a.j.t.JMeterThread: Stopping because end time detected by thread: Thread Group - HH 1-82
2021-01-03 19:13:50,443 INFO o.a.j.t.JMeterThread: Thread finished: Thread Group - HH 1-82
2021-01-03 19:13:50,447 INFO o.a.j.t.JMeterThread: Stopping because end time detected by thread: Thread Group - HH 1-73
2021-01-03 19:13:50,447 INFO o.a.j.t.JMeterThread: Thread finished: Thread Group - HH 1-73
2021-01-03 19:13:50,455 INFO o.a.j.t.JMeterThread: Stopping because end time detected by thread: Thread Group - HH 1-27
2021-01-03 19:13:50,456 INFO o.a.j.t.JMeterThread: Thread finished: Thread Group - HH 1-27
2021-01-03 19:13:50,462 INFO o.a.j.t.JMeterThread: Stopping because end time detected by thread: Thread Group - HH 1-18
2021-01-03 19:13:50,462 INFO o.a.j.t.JMeterThread: Thread finished: Thread Group - HH 1-18
2021-01-03 19:13:50,465 INFO o.a.j.t.JMeterThread: Stopping because end time detected by thread: Thread Group - HH 1-23
2021-01-03 19:13:50,465 INFO o.a.j.t.JMeterThread: Thread finished: Thread Group - HH 1-23
2021-01-03 19:13:50,465 INFO o.a.j.t.JMeterThread: Stopping because end time detected by thread: Thread Group - HH 1-1
2021-01-03 19:13:50,465 INFO o.a.j.t.JMeterThread: Thread finished: Thread Group - HH 1-1
2021-01-03 19:13:50,467 INFO o.a.j.t.JMeterThread: Stopping because end time detected by thread: Thread Group - HH 1-85
2021-01-03 19:13:50,467 INFO o.a.j.t.JMeterThread: Thread finished: Thread Group - HH 1-85
2021-01-03 19:13:50,468 INFO o.a.j.t.JMeterThread: Stopping because end time detected by thread: Thread Group - HH 1-38
2021-01-03 19:13:50,468 INFO o.a.j.t.JMeterThread: Thread finished: Thread Group - HH 1-38
2021-01-03 19:13:50,468 INFO o.a.j.t.JMeterThread: Stopping because end time detected by thread: Thread Group - HH 1-9
2021-01-03 19:13:50,468 INFO o.a.j.t.JMeterThread: Thread finished: Thread Group - HH 1-9
2021-01-03 19:13:50,470 INFO o.a.j.t.JMeterThread: Stopping because end time detected by thread: Thread Group - HH 1-46
2021-01-03 19:13:50,470 INFO o.a.j.t.JMeterThread: Thread finished: Thread Group - HH 1-46
2021-01-03 19:13:50,474 INFO o.a.j.t.JMeterThread: Stopping because end time detected by thread: Thread Group - HH 1-28
2021-01-03 19:13:50,474 INFO o.a.j.t.JMeterThread: Thread finished: Thread Group - HH 1-28
2021-01-03 19:13:50,474 INFO o.a.j.t.JMeterThread: Stopping because end time detected by thread: Thread Group - HH 1-64
2021-01-03 19:13:50,475 INFO o.a.j.t.JMeterThread: Thread finished: Thread Group - HH 1-64
2021-01-03 19:13:50,475 INFO o.a.j.t.JMeterThread: Stopping because end time detected by thread: Thread Group - HH 1-10
2021-01-03 19:13:50,475 INFO o.a.j.t.JMeterThread: Thread finished: Thread Group - HH 1-10
2021-01-03 19:13:50,480 INFO o.a.j.t.JMeterThread: Stopping because end time detected by thread: Thread Group - HH 1-34
2021-01-03 19:13:50,480 INFO o.a.j.t.JMeterThread: Thread finished: Thread Group - HH 1-34
2021-01-03 19:13:50,484 INFO o.a.j.t.JMeterThread: Stopping because end time detected by thread: Thread Group - HH 1-14
2021-01-03 19:13:50,484 INFO o.a.j.t.JMeterThread: Thread finished: Thread Group - HH 1-14
2021-01-03 19:13:50,494 INFO o.a.j.t.JMeterThread: Stopping because end time detected by thread: Thread Group - HH 1-22
2021-01-03 19:13:50,494 INFO o.a.j.t.JMeterThread: Thread finished: Thread Group - HH 1-22
2021-01-03 19:13:50,501 INFO o.a.j.t.JMeterThread: Stopping because end time detected by thread: Thread Group - HH 1-55
2021-01-03 19:13:50,501 INFO o.a.j.t.JMeterThread: Thread finished: Thread Group - HH 1-55
2021-01-03 19:13:50,504 INFO o.a.j.t.JMeterThread: Stopping because end time detected by thread: Thread Group - HH 1-43
2021-01-03 19:13:50,504 INFO o.a.j.t.JMeterThread: Stopping because end time detected by thread: Thread Group - HH 1-8
2021-01-03 19:13:50,505 INFO o.a.j.t.JMeterThread: Thread finished: Thread Group - HH 1-8
2021-01-03 19:13:50,505 INFO o.a.j.t.JMeterThread: Thread finished: Thread Group - HH 1-43
2021-01-03 19:13:50,506 INFO o.a.j.t.JMeterThread: Stopping because end time detected by thread: Thread Group - HH 1-81
2021-01-03 19:13:50,506 INFO o.a.j.t.JMeterThread: Thread finished: Thread Group - HH 1-81
2021-01-03 19:13:50,508 INFO o.a.j.t.JMeterThread: Stopping because end time detected by thread: Thread Group - HH 1-35
2021-01-03 19:13:50,508 INFO o.a.j.t.JMeterThread: Thread finished: Thread Group - HH 1-35
2021-01-03 19:13:50,509 INFO o.a.j.t.JMeterThread: Stopping because end time detected by thread: Thread Group - HH 1-16
2021-01-03 19:13:50,509 INFO o.a.j.t.JMeterThread: Thread finished: Thread Group - HH 1-16
2021-01-03 19:13:50,509 INFO o.a.j.t.JMeterThread: Stopping because end time detected by thread: Thread Group - HH 1-96
2021-01-03 19:13:50,509 INFO o.a.j.t.JMeterThread: Thread finished: Thread Group - HH 1-96
2021-01-03 19:13:50,510 INFO o.a.j.t.JMeterThread: Stopping because end time detected by thread: Thread Group - HH 1-26
2021-01-03 19:13:50,510 INFO o.a.j.t.JMeterThread: Thread finished: Thread Group - HH 1-26
2021-01-03 19:13:50,511 INFO o.a.j.t.JMeterThread: Stopping because end time detected by thread: Thread Group - HH 1-84
2021-01-03 19:13:50,511 INFO o.a.j.t.JMeterThread: Thread finished: Thread Group - HH 1-84
2021-01-03 19:13:50,513 INFO o.a.j.t.JMeterThread: Stopping because end time detected by thread: Thread Group - HH 1-17
2021-01-03 19:13:50,513 INFO o.a.j.t.JMeterThread: Thread finished: Thread Group - HH 1-17
2021-01-03 19:13:50,515 INFO o.a.j.t.JMeterThread: Stopping because end time detected by thread: Thread Group - HH 1-11
2021-01-03 19:13:50,515 INFO o.a.j.t.JMeterThread: Thread finished: Thread Group - HH 1-11
2021-01-03 19:13:50,517 INFO o.a.j.t.JMeterThread: Stopping because end time detected by thread: Thread Group - HH 1-83
2021-01-03 19:13:50,517 INFO o.a.j.t.JMeterThread: Thread finished: Thread Group - HH 1-83
2021-01-03 19:13:50,518 INFO o.a.j.t.JMeterThread: Stopping because end time detected by thread: Thread Group - HH 1-59
2021-01-03 19:13:50,518 INFO o.a.j.t.JMeterThread: Thread finished: Thread Group - HH 1-59
2021-01-03 19:13:50,519 INFO o.a.j.t.JMeterThread: Stopping because end time detected by thread: Thread Group - HH 1-25
2021-01-03 19:13:50,519 INFO o.a.j.t.JMeterThread: Thread finished: Thread Group - HH 1-25
2021-01-03 19:13:50,519 INFO o.a.j.t.JMeterThread: Stopping because end time detected by thread: Thread Group - HH 1-45
2021-01-03 19:13:50,519 INFO o.a.j.t.JMeterThread: Thread finished: Thread Group - HH 1-45
2021-01-03 19:13:50,520 INFO o.a.j.t.JMeterThread: Stopping because end time detected by thread: Thread Group - HH 1-40
2021-01-03 19:13:50,520 INFO o.a.j.t.JMeterThread: Thread finished: Thread Group - HH 1-40
2021-01-03 19:13:50,520 INFO o.a.j.t.JMeterThread: Stopping because end time detected by thread: Thread Group - HH 1-4
2021-01-03 19:13:50,520 INFO o.a.j.t.JMeterThread: Stopping because end time detected by thread: Thread Group - HH 1-70
2021-01-03 19:13:50,520 INFO o.a.j.t.JMeterThread: Thread finished: Thread Group - HH 1-4
2021-01-03 19:13:50,520 INFO o.a.j.t.JMeterThread: Thread finished: Thread Group - HH 1-70
2021-01-03 19:13:50,524 INFO o.a.j.t.JMeterThread: Stopping because end time detected by thread: Thread Group - HH 1-68
2021-01-03 19:13:50,524 INFO o.a.j.t.JMeterThread: Stopping because end time detected by thread: Thread Group - HH 1-87
2021-01-03 19:13:50,524 INFO o.a.j.t.JMeterThread: Thread finished: Thread Group - HH 1-87
2021-01-03 19:13:50,524 INFO o.a.j.t.JMeterThread: Thread finished: Thread Group - HH 1-68
2021-01-03 19:13:50,525 INFO o.a.j.t.JMeterThread: Stopping because end time detected by thread: Thread Group - HH 1-75
2021-01-03 19:13:50,525 INFO o.a.j.t.JMeterThread: Stopping because end time detected by thread: Thread Group - HH 1-67
2021-01-03 19:13:50,525 INFO o.a.j.t.JMeterThread: Thread finished: Thread Group - HH 1-67
2021-01-03 19:13:50,525 INFO o.a.j.t.JMeterThread: Thread finished: Thread Group - HH 1-75
2021-01-03 19:13:50,526 INFO o.a.j.t.JMeterThread: Stopping because end time detected by thread: Thread Group - HH 1-60
2021-01-03 19:13:50,526 INFO o.a.j.t.JMeterThread: Thread finished: Thread Group - HH 1-60
2021-01-03 19:13:50,527 INFO o.a.j.t.JMeterThread: Stopping because end time detected by thread: Thread Group - HH 1-90
2021-01-03 19:13:50,527 INFO o.a.j.t.JMeterThread: Thread finished: Thread Group - HH 1-90
2021-01-03 19:13:50,532 INFO o.a.j.t.JMeterThread: Stopping because end time detected by thread: Thread Group - HH 1-99
2021-01-03 19:13:50,532 INFO o.a.j.t.JMeterThread: Thread finished: Thread Group - HH 1-99
2021-01-03 19:13:50,532 INFO o.a.j.e.StandardJMeterEngine: Notifying test listeners of end of test
2021-01-03 19:13:50,533 INFO o.a.j.r.Summariser: summary +   5600 in 00:00:21 =  272.8/s Avg:   255 Min:     0 Max:  1553 Err:  1792 (32.00%) Active: 0 Started: 100 Finished: 100
2021-01-03 19:13:50,766 INFO o.a.j.r.Summariser: summary =  16150 in 00:01:01 =  266.3/s Avg:   260 Min:     0 Max:  2052 Err:  5313 (32.90%)
