2021-01-03 18:57:26,801 INFO o.a.j.u.JMeterUtils: Setting Locale to en_EN
2021-01-03 18:57:26,819 INFO o.a.j.JMeter: Loading user properties from: user.properties
2021-01-03 18:57:26,820 INFO o.a.j.JMeter: Loading system properties from: system.properties
2021-01-03 18:57:26,821 INFO o.a.j.JMeter: Copyright (c) 1998-2020 The Apache Software Foundation
2021-01-03 18:57:26,821 INFO o.a.j.JMeter: Version 5.3
2021-01-03 18:57:26,821 INFO o.a.j.JMeter: java.version=11.0.8
2021-01-03 18:57:26,822 INFO o.a.j.JMeter: java.vm.name=Java HotSpot(TM) 64-Bit Server VM
2021-01-03 18:57:26,822 INFO o.a.j.JMeter: os.name=Windows 10
2021-01-03 18:57:26,822 INFO o.a.j.JMeter: os.arch=amd64
2021-01-03 18:57:26,822 INFO o.a.j.JMeter: os.version=10.0
2021-01-03 18:57:26,822 INFO o.a.j.JMeter: file.encoding=Cp1252
2021-01-03 18:57:26,822 INFO o.a.j.JMeter: java.awt.headless=true
2021-01-03 18:57:26,823 INFO o.a.j.JMeter: Max memory     =1073741824
2021-01-03 18:57:26,823 INFO o.a.j.JMeter: Available Processors =8
2021-01-03 18:57:26,833 INFO o.a.j.JMeter: Default Locale=English (EN)
2021-01-03 18:57:26,833 INFO o.a.j.JMeter: JMeter  Locale=English (EN)
2021-01-03 18:57:26,834 INFO o.a.j.JMeter: JMeterHome=C:\Users\fabio\Documents\Fabio\Università\Magistrale\2°anno\1°semestre\Impianti di Elaborazione\apache-jmeter-5.3
2021-01-03 18:57:26,834 INFO o.a.j.JMeter: user.dir  =C:\Users\fabio\Documents\Fabio\Università\Magistrale\2°anno\1°semestre\Impianti di Elaborazione\apache-jmeter-5.3\bin
2021-01-03 18:57:26,834 INFO o.a.j.JMeter: PWD       =C:\Users\fabio\Documents\Fabio\Università\Magistrale\2°anno\1°semestre\Impianti di Elaborazione\apache-jmeter-5.3\bin
2021-01-03 18:57:26,838 INFO o.a.j.JMeter: IP: 192.168.56.1 Name: LAPTOP-DSVV6SSR FullName: 192.168.56.1
2021-01-03 18:57:26,843 INFO o.a.j.s.FileServer: Default base='C:\Users\fabio\Documents\Fabio\Università\Magistrale\2°anno\1°semestre\Impianti di Elaborazione\apache-jmeter-5.3\bin'
2021-01-03 18:57:26,845 INFO o.a.j.s.FileServer: Set new base='C:\Users\fabio\Documents\Fabio\Università\Magistrale\2°anno\1°semestre\Impianti di Elaborazione\apache-jmeter-5.3\bin'
2021-01-03 18:57:26,974 INFO o.a.j.s.SaveService: Testplan (JMX) version: 2.2. Testlog (JTL) version: 2.2
2021-01-03 18:57:26,997 INFO o.a.j.s.SaveService: Using SaveService properties version 5.0
2021-01-03 18:57:27,001 INFO o.a.j.s.SaveService: Using SaveService properties file encoding UTF-8
2021-01-03 18:57:27,004 INFO o.a.j.s.SaveService: Loading file: DesignofExperiment.jmx
2021-01-03 18:57:27,066 INFO o.a.j.p.h.s.HTTPSamplerBase: Parser for text/html is org.apache.jmeter.protocol.http.parser.LagartoBasedHtmlParser
2021-01-03 18:57:27,066 INFO o.a.j.p.h.s.HTTPSamplerBase: Parser for application/xhtml+xml is org.apache.jmeter.protocol.http.parser.LagartoBasedHtmlParser
2021-01-03 18:57:27,066 INFO o.a.j.p.h.s.HTTPSamplerBase: Parser for application/xml is org.apache.jmeter.protocol.http.parser.LagartoBasedHtmlParser
2021-01-03 18:57:27,066 INFO o.a.j.p.h.s.HTTPSamplerBase: Parser for text/xml is org.apache.jmeter.protocol.http.parser.LagartoBasedHtmlParser
2021-01-03 18:57:27,066 INFO o.a.j.p.h.s.HTTPSamplerBase: Parser for text/vnd.wap.wml is org.apache.jmeter.protocol.http.parser.RegexpHTMLParser
2021-01-03 18:57:27,067 INFO o.a.j.p.h.s.HTTPSamplerBase: Parser for text/css is org.apache.jmeter.protocol.http.parser.CssParser
2021-01-03 18:57:27,094 INFO o.a.j.JMeter: Creating summariser <summary>
2021-01-03 18:57:27,099 INFO o.a.j.e.StandardJMeterEngine: Running the test!
2021-01-03 18:57:27,100 INFO o.a.j.s.SampleEvent: List of sample_variables: []
2021-01-03 18:57:27,100 INFO o.a.j.s.SampleEvent: List of sample_variables: []
2021-01-03 18:57:27,109 INFO o.a.j.e.u.CompoundVariable: Note: Function class names must contain the string: '.functions.'
2021-01-03 18:57:27,109 INFO o.a.j.e.u.CompoundVariable: Note: Function class names must not contain the string: '.gui.'
2021-01-03 18:57:27,416 INFO o.a.j.JMeter: Running test (1609696647416)
2021-01-03 18:57:27,432 INFO o.a.j.e.StandardJMeterEngine: Starting ThreadGroup: 1 : Thread Group - HL
2021-01-03 18:57:27,433 INFO o.a.j.e.StandardJMeterEngine: Starting 100 threads for group Thread Group - HL.
2021-01-03 18:57:27,433 INFO o.a.j.e.StandardJMeterEngine: Thread will continue on error
2021-01-03 18:57:27,433 INFO o.a.j.t.ThreadGroup: Starting thread group... number=1 threads=100 ramp-up=1 delayedStart=false
2021-01-03 18:57:27,444 INFO o.a.j.t.JMeterThread: Thread started: Thread Group - HL 1-1
2021-01-03 18:57:27,450 INFO o.a.j.t.JMeterThread: Thread started: Thread Group - HL 1-2
2021-01-03 18:57:27,461 INFO o.a.j.t.JMeterThread: Thread started: Thread Group - HL 1-3
2021-01-03 18:57:27,469 INFO o.a.j.t.JMeterThread: Thread started: Thread Group - HL 1-4
2021-01-03 18:57:27,477 INFO o.a.j.t.JMeterThread: Thread started: Thread Group - HL 1-5
2021-01-03 18:57:27,481 INFO o.a.j.p.h.s.HTTPHCAbstractImpl: Local host = LAPTOP-DSVV6SSR
2021-01-03 18:57:27,482 INFO o.a.j.t.ThreadGroup: Started thread group number 1
2021-01-03 18:57:27,482 INFO o.a.j.e.StandardJMeterEngine: All thread groups have been started
2021-01-03 18:57:27,489 INFO o.a.j.t.JMeterThread: Thread started: Thread Group - HL 1-6
2021-01-03 18:57:27,491 INFO o.a.j.p.h.s.HTTPHC4Impl: HTTP request retry count = 0
2021-01-03 18:57:27,493 INFO o.a.j.s.SampleResult: Note: Sample TimeStamps are START times
2021-01-03 18:57:27,493 INFO o.a.j.s.SampleResult: sampleresult.default.encoding is set to ISO-8859-1
2021-01-03 18:57:27,493 INFO o.a.j.s.SampleResult: sampleresult.useNanoTime=true
2021-01-03 18:57:27,493 INFO o.a.j.s.SampleResult: sampleresult.nanoThreadSleep=5000
2021-01-03 18:57:27,496 INFO o.a.j.t.JMeterThread: Thread started: Thread Group - HL 1-7
2021-01-03 18:57:27,506 INFO o.a.j.t.JMeterThread: Thread started: Thread Group - HL 1-8
2021-01-03 18:57:27,515 INFO o.a.j.t.JMeterThread: Thread started: Thread Group - HL 1-9
2021-01-03 18:57:27,526 INFO o.a.j.t.JMeterThread: Thread started: Thread Group - HL 1-10
2021-01-03 18:57:27,535 INFO o.a.j.t.JMeterThread: Thread started: Thread Group - HL 1-11
2021-01-03 18:57:27,545 INFO o.a.j.t.JMeterThread: Thread started: Thread Group - HL 1-12
2021-01-03 18:57:27,555 INFO o.a.j.t.JMeterThread: Thread started: Thread Group - HL 1-13
2021-01-03 18:57:27,565 INFO o.a.j.t.JMeterThread: Thread started: Thread Group - HL 1-14
2021-01-03 18:57:27,576 INFO o.a.j.t.JMeterThread: Thread started: Thread Group - HL 1-15
2021-01-03 18:57:27,584 INFO o.a.j.t.JMeterThread: Thread started: Thread Group - HL 1-16
2021-01-03 18:57:27,595 INFO o.a.j.t.JMeterThread: Thread started: Thread Group - HL 1-17
2021-01-03 18:57:27,606 INFO o.a.j.t.JMeterThread: Thread started: Thread Group - HL 1-18
2021-01-03 18:57:27,614 INFO o.a.j.t.JMeterThread: Thread started: Thread Group - HL 1-19
2021-01-03 18:57:27,625 INFO o.a.j.t.JMeterThread: Thread started: Thread Group - HL 1-20
2021-01-03 18:57:27,635 INFO o.a.j.t.JMeterThread: Thread started: Thread Group - HL 1-21
2021-01-03 18:57:27,645 INFO o.a.j.t.JMeterThread: Thread started: Thread Group - HL 1-22
2021-01-03 18:57:27,655 INFO o.a.j.t.JMeterThread: Thread started: Thread Group - HL 1-23
2021-01-03 18:57:27,680 INFO o.a.j.t.JMeterThread: Thread started: Thread Group - HL 1-24
2021-01-03 18:57:27,683 INFO o.a.j.t.JMeterThread: Thread started: Thread Group - HL 1-25
2021-01-03 18:57:27,697 INFO o.a.j.t.JMeterThread: Thread started: Thread Group - HL 1-26
2021-01-03 18:57:27,703 INFO o.a.j.t.JMeterThread: Thread started: Thread Group - HL 1-27
2021-01-03 18:57:27,707 INFO o.a.j.t.JMeterThread: Thread started: Thread Group - HL 1-28
2021-01-03 18:57:27,714 INFO o.a.j.t.JMeterThread: Thread started: Thread Group - HL 1-29
2021-01-03 18:57:27,725 INFO o.a.j.t.JMeterThread: Thread started: Thread Group - HL 1-30
2021-01-03 18:57:27,733 INFO o.a.j.t.JMeterThread: Thread started: Thread Group - HL 1-31
2021-01-03 18:57:27,744 INFO o.a.j.t.JMeterThread: Thread started: Thread Group - HL 1-32
2021-01-03 18:57:27,756 INFO o.a.j.t.JMeterThread: Thread started: Thread Group - HL 1-33
2021-01-03 18:57:27,764 INFO o.a.j.t.JMeterThread: Thread started: Thread Group - HL 1-34
2021-01-03 18:57:27,774 INFO o.a.j.t.JMeterThread: Thread started: Thread Group - HL 1-35
2021-01-03 18:57:27,785 INFO o.a.j.t.JMeterThread: Thread started: Thread Group - HL 1-36
2021-01-03 18:57:27,795 INFO o.a.j.t.JMeterThread: Thread started: Thread Group - HL 1-37
2021-01-03 18:57:27,805 INFO o.a.j.t.JMeterThread: Thread started: Thread Group - HL 1-38
2021-01-03 18:57:27,814 INFO o.a.j.t.JMeterThread: Thread started: Thread Group - HL 1-39
2021-01-03 18:57:27,824 INFO o.a.j.t.JMeterThread: Thread started: Thread Group - HL 1-40
2021-01-03 18:57:27,835 INFO o.a.j.t.JMeterThread: Thread started: Thread Group - HL 1-41
2021-01-03 18:57:27,845 INFO o.a.j.t.JMeterThread: Thread started: Thread Group - HL 1-42
2021-01-03 18:57:27,853 INFO o.a.j.t.JMeterThread: Thread started: Thread Group - HL 1-43
2021-01-03 18:57:27,864 INFO o.a.j.t.JMeterThread: Thread started: Thread Group - HL 1-44
2021-01-03 18:57:27,875 INFO o.a.j.t.JMeterThread: Thread started: Thread Group - HL 1-45
2021-01-03 18:57:27,884 INFO o.a.j.t.JMeterThread: Thread started: Thread Group - HL 1-46
2021-01-03 18:57:27,894 INFO o.a.j.t.JMeterThread: Thread started: Thread Group - HL 1-47
2021-01-03 18:57:27,904 INFO o.a.j.t.JMeterThread: Thread started: Thread Group - HL 1-48
2021-01-03 18:57:27,914 INFO o.a.j.t.JMeterThread: Thread started: Thread Group - HL 1-49
2021-01-03 18:57:27,924 INFO o.a.j.t.JMeterThread: Thread started: Thread Group - HL 1-50
2021-01-03 18:57:27,934 INFO o.a.j.t.JMeterThread: Thread started: Thread Group - HL 1-51
2021-01-03 18:57:27,943 INFO o.a.j.t.JMeterThread: Thread started: Thread Group - HL 1-52
2021-01-03 18:57:27,953 INFO o.a.j.t.JMeterThread: Thread started: Thread Group - HL 1-53
2021-01-03 18:57:27,965 INFO o.a.j.t.JMeterThread: Thread started: Thread Group - HL 1-54
2021-01-03 18:57:27,974 INFO o.a.j.t.JMeterThread: Thread started: Thread Group - HL 1-55
2021-01-03 18:57:27,983 INFO o.a.j.t.JMeterThread: Thread started: Thread Group - HL 1-56
2021-01-03 18:57:27,996 INFO o.a.j.t.JMeterThread: Thread started: Thread Group - HL 1-57
2021-01-03 18:57:28,004 INFO o.a.j.t.JMeterThread: Thread started: Thread Group - HL 1-58
2021-01-03 18:57:28,015 INFO o.a.j.t.JMeterThread: Thread started: Thread Group - HL 1-59
2021-01-03 18:57:28,026 INFO o.a.j.t.JMeterThread: Thread started: Thread Group - HL 1-60
2021-01-03 18:57:28,035 INFO o.a.j.t.JMeterThread: Thread started: Thread Group - HL 1-61
2021-01-03 18:57:28,045 INFO o.a.j.t.JMeterThread: Thread started: Thread Group - HL 1-62
2021-01-03 18:57:28,055 INFO o.a.j.t.JMeterThread: Thread started: Thread Group - HL 1-63
2021-01-03 18:57:28,068 INFO o.a.j.t.JMeterThread: Thread started: Thread Group - HL 1-64
2021-01-03 18:57:28,077 INFO o.a.j.t.JMeterThread: Thread started: Thread Group - HL 1-65
2021-01-03 18:57:28,085 INFO o.a.j.t.JMeterThread: Thread started: Thread Group - HL 1-66
2021-01-03 18:57:28,097 INFO o.a.j.t.JMeterThread: Thread started: Thread Group - HL 1-67
2021-01-03 18:57:28,106 INFO o.a.j.t.JMeterThread: Thread started: Thread Group - HL 1-68
2021-01-03 18:57:28,117 INFO o.a.j.t.JMeterThread: Thread started: Thread Group - HL 1-69
2021-01-03 18:57:28,125 INFO o.a.j.t.JMeterThread: Thread started: Thread Group - HL 1-70
2021-01-03 18:57:28,135 INFO o.a.j.t.JMeterThread: Thread started: Thread Group - HL 1-71
2021-01-03 18:57:28,146 INFO o.a.j.t.JMeterThread: Thread started: Thread Group - HL 1-72
2021-01-03 18:57:28,156 INFO o.a.j.t.JMeterThread: Thread started: Thread Group - HL 1-73
2021-01-03 18:57:28,164 INFO o.a.j.t.JMeterThread: Thread started: Thread Group - HL 1-74
2021-01-03 18:57:28,175 INFO o.a.j.t.JMeterThread: Thread started: Thread Group - HL 1-75
2021-01-03 18:57:28,185 INFO o.a.j.t.JMeterThread: Thread started: Thread Group - HL 1-76
2021-01-03 18:57:28,195 INFO o.a.j.t.JMeterThread: Thread started: Thread Group - HL 1-77
2021-01-03 18:57:28,205 INFO o.a.j.t.JMeterThread: Thread started: Thread Group - HL 1-78
2021-01-03 18:57:28,216 INFO o.a.j.t.JMeterThread: Thread started: Thread Group - HL 1-79
2021-01-03 18:57:28,224 INFO o.a.j.t.JMeterThread: Thread started: Thread Group - HL 1-80
2021-01-03 18:57:28,235 INFO o.a.j.t.JMeterThread: Thread started: Thread Group - HL 1-81
2021-01-03 18:57:28,245 INFO o.a.j.t.JMeterThread: Thread started: Thread Group - HL 1-82
2021-01-03 18:57:28,256 INFO o.a.j.t.JMeterThread: Thread started: Thread Group - HL 1-83
2021-01-03 18:57:28,265 INFO o.a.j.t.JMeterThread: Thread started: Thread Group - HL 1-84
2021-01-03 18:57:28,275 INFO o.a.j.t.JMeterThread: Thread started: Thread Group - HL 1-85
2021-01-03 18:57:28,285 INFO o.a.j.t.JMeterThread: Thread started: Thread Group - HL 1-86
2021-01-03 18:57:28,296 INFO o.a.j.t.JMeterThread: Thread started: Thread Group - HL 1-87
2021-01-03 18:57:28,305 INFO o.a.j.t.JMeterThread: Thread started: Thread Group - HL 1-88
2021-01-03 18:57:28,316 INFO o.a.j.t.JMeterThread: Thread started: Thread Group - HL 1-89
2021-01-03 18:57:28,324 INFO o.a.j.t.JMeterThread: Thread started: Thread Group - HL 1-90
2021-01-03 18:57:28,335 INFO o.a.j.t.JMeterThread: Thread started: Thread Group - HL 1-91
2021-01-03 18:57:28,349 INFO o.a.j.t.JMeterThread: Thread started: Thread Group - HL 1-92
2021-01-03 18:57:28,358 INFO o.a.j.t.JMeterThread: Thread started: Thread Group - HL 1-93
2021-01-03 18:57:28,365 INFO o.a.j.t.JMeterThread: Thread started: Thread Group - HL 1-94
2021-01-03 18:57:28,377 INFO o.a.j.t.JMeterThread: Thread started: Thread Group - HL 1-95
2021-01-03 18:57:28,387 INFO o.a.j.t.JMeterThread: Thread started: Thread Group - HL 1-96
2021-01-03 18:57:28,396 INFO o.a.j.t.JMeterThread: Thread started: Thread Group - HL 1-97
2021-01-03 18:57:28,406 INFO o.a.j.t.JMeterThread: Thread started: Thread Group - HL 1-98
2021-01-03 18:57:28,416 INFO o.a.j.t.JMeterThread: Thread started: Thread Group - HL 1-99
2021-01-03 18:57:28,426 INFO o.a.j.t.JMeterThread: Thread started: Thread Group - HL 1-100
2021-01-03 18:57:30,007 INFO o.a.j.r.Summariser: summary +    964 in 00:00:03 =  372.3/s Avg:     5 Min:     0 Max:   197 Err:     0 (0.00%) Active: 100 Started: 100 Finished: 0
2021-01-03 18:58:00,010 INFO o.a.j.r.Summariser: summary +  11245 in 00:00:30 =  374.8/s Avg:     2 Min:     0 Max:    51 Err:     0 (0.00%) Active: 100 Started: 100 Finished: 0
2021-01-03 18:58:00,012 INFO o.a.j.r.Summariser: summary =  12209 in 00:00:33 =  374.6/s Avg:     2 Min:     0 Max:   197 Err:     0 (0.00%)
2021-01-03 18:58:27,180 INFO o.a.j.t.JMeterThread: Thread finished: Thread Group - HL 1-6
2021-01-03 18:58:27,191 INFO o.a.j.t.JMeterThread: Thread finished: Thread Group - HL 1-19
2021-01-03 18:58:27,201 INFO o.a.j.t.JMeterThread: Thread finished: Thread Group - HL 1-32
2021-01-03 18:58:27,218 INFO o.a.j.t.JMeterThread: Thread finished: Thread Group - HL 1-52
2021-01-03 18:58:27,219 INFO o.a.j.t.JMeterThread: Thread finished: Thread Group - HL 1-2
2021-01-03 18:58:27,222 INFO o.a.j.t.JMeterThread: Thread finished: Thread Group - HL 1-41
2021-01-03 18:58:27,231 INFO o.a.j.t.JMeterThread: Thread finished: Thread Group - HL 1-84
2021-01-03 18:58:27,231 INFO o.a.j.t.JMeterThread: Thread finished: Thread Group - HL 1-66
2021-01-03 18:58:27,241 INFO o.a.j.t.JMeterThread: Thread finished: Thread Group - HL 1-24
2021-01-03 18:58:27,243 INFO o.a.j.t.JMeterThread: Thread finished: Thread Group - HL 1-53
2021-01-03 18:58:27,244 INFO o.a.j.t.JMeterThread: Thread finished: Thread Group - HL 1-67
2021-01-03 18:58:27,245 INFO o.a.j.t.JMeterThread: Thread finished: Thread Group - HL 1-85
2021-01-03 18:58:27,246 INFO o.a.j.t.JMeterThread: Thread finished: Thread Group - HL 1-42
2021-01-03 18:58:27,247 INFO o.a.j.t.JMeterThread: Thread finished: Thread Group - HL 1-15
2021-01-03 18:58:27,254 INFO o.a.j.t.JMeterThread: Thread finished: Thread Group - HL 1-25
2021-01-03 18:58:27,254 INFO o.a.j.t.JMeterThread: Thread finished: Thread Group - HL 1-33
2021-01-03 18:58:27,256 INFO o.a.j.t.JMeterThread: Thread finished: Thread Group - HL 1-86
2021-01-03 18:58:27,258 INFO o.a.j.t.JMeterThread: Thread finished: Thread Group - HL 1-68
2021-01-03 18:58:27,261 INFO o.a.j.t.JMeterThread: Thread finished: Thread Group - HL 1-54
2021-01-03 18:58:27,264 INFO o.a.j.t.JMeterThread: Thread finished: Thread Group - HL 1-43
2021-01-03 18:58:27,270 INFO o.a.j.t.JMeterThread: Thread finished: Thread Group - HL 1-87
2021-01-03 18:58:27,274 INFO o.a.j.t.JMeterThread: Thread finished: Thread Group - HL 1-17
2021-01-03 18:58:27,275 INFO o.a.j.t.JMeterThread: Thread finished: Thread Group - HL 1-69
2021-01-03 18:58:27,277 INFO o.a.j.t.JMeterThread: Thread finished: Thread Group - HL 1-20
2021-01-03 18:58:27,286 INFO o.a.j.t.JMeterThread: Thread finished: Thread Group - HL 1-3
2021-01-03 18:58:27,287 INFO o.a.j.t.JMeterThread: Thread finished: Thread Group - HL 1-88
2021-01-03 18:58:27,287 INFO o.a.j.t.JMeterThread: Thread finished: Thread Group - HL 1-55
2021-01-03 18:58:27,288 INFO o.a.j.t.JMeterThread: Thread finished: Thread Group - HL 1-34
2021-01-03 18:58:27,289 INFO o.a.j.t.JMeterThread: Thread finished: Thread Group - HL 1-13
2021-01-03 18:58:27,290 INFO o.a.j.t.JMeterThread: Thread finished: Thread Group - HL 1-70
2021-01-03 18:58:27,292 INFO o.a.j.t.JMeterThread: Thread finished: Thread Group - HL 1-10
2021-01-03 18:58:27,292 INFO o.a.j.t.JMeterThread: Thread finished: Thread Group - HL 1-44
2021-01-03 18:58:27,297 INFO o.a.j.t.JMeterThread: Thread finished: Thread Group - HL 1-56
2021-01-03 18:58:27,299 INFO o.a.j.t.JMeterThread: Thread finished: Thread Group - HL 1-26
2021-01-03 18:58:27,301 INFO o.a.j.t.JMeterThread: Thread finished: Thread Group - HL 1-35
2021-01-03 18:58:27,306 INFO o.a.j.t.JMeterThread: Thread finished: Thread Group - HL 1-71
2021-01-03 18:58:27,307 INFO o.a.j.t.JMeterThread: Thread finished: Thread Group - HL 1-7
2021-01-03 18:58:27,309 INFO o.a.j.t.JMeterThread: Thread finished: Thread Group - HL 1-14
2021-01-03 18:58:27,319 INFO o.a.j.t.JMeterThread: Thread finished: Thread Group - HL 1-91
2021-01-03 18:58:27,322 INFO o.a.j.t.JMeterThread: Thread finished: Thread Group - HL 1-72
2021-01-03 18:58:27,323 INFO o.a.j.t.JMeterThread: Thread finished: Thread Group - HL 1-45
2021-01-03 18:58:27,324 INFO o.a.j.t.JMeterThread: Thread finished: Thread Group - HL 1-27
2021-01-03 18:58:27,328 INFO o.a.j.t.JMeterThread: Thread finished: Thread Group - HL 1-57
2021-01-03 18:58:27,335 INFO o.a.j.t.JMeterThread: Thread finished: Thread Group - HL 1-92
2021-01-03 18:58:27,336 INFO o.a.j.t.JMeterThread: Thread finished: Thread Group - HL 1-28
2021-01-03 18:58:27,337 INFO o.a.j.t.JMeterThread: Thread finished: Thread Group - HL 1-36
2021-01-03 18:58:27,338 INFO o.a.j.t.JMeterThread: Thread finished: Thread Group - HL 1-73
2021-01-03 18:58:27,346 INFO o.a.j.t.JMeterThread: Thread finished: Thread Group - HL 1-46
2021-01-03 18:58:27,347 INFO o.a.j.t.JMeterThread: Thread finished: Thread Group - HL 1-93
2021-01-03 18:58:27,349 INFO o.a.j.t.JMeterThread: Thread finished: Thread Group - HL 1-58
2021-01-03 18:58:27,356 INFO o.a.j.t.JMeterThread: Thread finished: Thread Group - HL 1-74
2021-01-03 18:58:27,358 INFO o.a.j.t.JMeterThread: Thread finished: Thread Group - HL 1-94
2021-01-03 18:58:27,358 INFO o.a.j.t.JMeterThread: Thread finished: Thread Group - HL 1-16
2021-01-03 18:58:27,359 INFO o.a.j.t.JMeterThread: Thread finished: Thread Group - HL 1-9
2021-01-03 18:58:27,360 INFO o.a.j.t.JMeterThread: Thread finished: Thread Group - HL 1-21
2021-01-03 18:58:27,381 INFO o.a.j.t.JMeterThread: Thread finished: Thread Group - HL 1-59
2021-01-03 18:58:27,382 INFO o.a.j.t.JMeterThread: Thread finished: Thread Group - HL 1-95
2021-01-03 18:58:27,382 INFO o.a.j.t.JMeterThread: Thread finished: Thread Group - HL 1-29
2021-01-03 18:58:27,383 INFO o.a.j.t.JMeterThread: Thread finished: Thread Group - HL 1-8
2021-01-03 18:58:27,384 INFO o.a.j.t.JMeterThread: Thread finished: Thread Group - HL 1-37
2021-01-03 18:58:27,385 INFO o.a.j.t.JMeterThread: Thread finished: Thread Group - HL 1-75
2021-01-03 18:58:27,386 INFO o.a.j.t.JMeterThread: Thread finished: Thread Group - HL 1-47
2021-01-03 18:58:27,387 INFO o.a.j.t.JMeterThread: Thread finished: Thread Group - HL 1-1
2021-01-03 18:58:27,388 INFO o.a.j.t.JMeterThread: Thread finished: Thread Group - HL 1-96
2021-01-03 18:58:27,389 INFO o.a.j.t.JMeterThread: Thread finished: Thread Group - HL 1-76
2021-01-03 18:58:27,390 INFO o.a.j.t.JMeterThread: Thread finished: Thread Group - HL 1-22
2021-01-03 18:58:27,391 INFO o.a.j.t.JMeterThread: Thread finished: Thread Group - HL 1-60
2021-01-03 18:58:27,392 INFO o.a.j.t.JMeterThread: Thread finished: Thread Group - HL 1-11
2021-01-03 18:58:27,398 INFO o.a.j.t.JMeterThread: Thread finished: Thread Group - HL 1-23
2021-01-03 18:58:27,402 INFO o.a.j.t.JMeterThread: Thread finished: Thread Group - HL 1-77
2021-01-03 18:58:27,402 INFO o.a.j.t.JMeterThread: Thread finished: Thread Group - HL 1-48
2021-01-03 18:58:27,406 INFO o.a.j.t.JMeterThread: Thread finished: Thread Group - HL 1-12
2021-01-03 18:58:27,407 INFO o.a.j.t.JMeterThread: Thread finished: Thread Group - HL 1-38
2021-01-03 18:58:27,409 INFO o.a.j.t.JMeterThread: Thread finished: Thread Group - HL 1-61
2021-01-03 18:58:27,410 INFO o.a.j.t.JMeterThread: Thread finished: Thread Group - HL 1-5
2021-01-03 18:58:27,411 INFO o.a.j.t.JMeterThread: Thread finished: Thread Group - HL 1-30
2021-01-03 18:58:27,419 INFO o.a.j.t.JMeterThread: Thread finished: Thread Group - HL 1-4
2021-01-03 18:58:27,420 INFO o.a.j.t.JMeterThread: Thread finished: Thread Group - HL 1-78
2021-01-03 18:58:27,424 INFO o.a.j.t.JMeterThread: Thread finished: Thread Group - HL 1-62
2021-01-03 18:58:27,424 INFO o.a.j.t.JMeterThread: Thread finished: Thread Group - HL 1-49
2021-01-03 18:58:27,428 INFO o.a.j.t.JMeterThread: Thread finished: Thread Group - HL 1-39
2021-01-03 18:58:27,435 INFO o.a.j.t.JMeterThread: Thread finished: Thread Group - HL 1-18
2021-01-03 18:58:27,436 INFO o.a.j.t.JMeterThread: Thread finished: Thread Group - HL 1-31
2021-01-03 18:58:27,437 INFO o.a.j.t.JMeterThread: Thread finished: Thread Group - HL 1-79
2021-01-03 18:58:27,444 INFO o.a.j.t.JMeterThread: Thread finished: Thread Group - HL 1-63
2021-01-03 18:58:27,445 INFO o.a.j.t.JMeterThread: Thread finished: Thread Group - HL 1-80
2021-01-03 18:58:27,445 INFO o.a.j.t.JMeterThread: Thread finished: Thread Group - HL 1-50
2021-01-03 18:58:27,450 INFO o.a.j.t.JMeterThread: Thread finished: Thread Group - HL 1-40
2021-01-03 18:58:27,453 INFO o.a.j.t.JMeterThread: Thread finished: Thread Group - HL 1-81
2021-01-03 18:58:27,458 INFO o.a.j.t.JMeterThread: Thread finished: Thread Group - HL 1-64
2021-01-03 18:58:27,459 INFO o.a.j.t.JMeterThread: Thread finished: Thread Group - HL 1-51
2021-01-03 18:58:27,464 INFO o.a.j.t.JMeterThread: Thread finished: Thread Group - HL 1-82
2021-01-03 18:58:27,469 INFO o.a.j.t.JMeterThread: Thread finished: Thread Group - HL 1-65
2021-01-03 18:58:27,474 INFO o.a.j.t.JMeterThread: Thread finished: Thread Group - HL 1-83
2021-01-03 18:58:27,475 INFO o.a.j.t.JMeterThread: Thread finished: Thread Group - HL 1-89
2021-01-03 18:58:27,477 INFO o.a.j.t.JMeterThread: Thread finished: Thread Group - HL 1-100
2021-01-03 18:58:27,479 INFO o.a.j.t.JMeterThread: Stopping because end time detected by thread: Thread Group - HL 1-90
2021-01-03 18:58:27,479 INFO o.a.j.t.JMeterThread: Thread finished: Thread Group - HL 1-90
2021-01-03 18:58:27,480 INFO o.a.j.t.JMeterThread: Thread finished: Thread Group - HL 1-97
2021-01-03 18:58:27,481 INFO o.a.j.t.JMeterThread: Stopping because end time detected by thread: Thread Group - HL 1-98
2021-01-03 18:58:27,481 INFO o.a.j.t.JMeterThread: Thread finished: Thread Group - HL 1-98
2021-01-03 18:58:27,482 INFO o.a.j.t.JMeterThread: Stopping because end time detected by thread: Thread Group - HL 1-99
2021-01-03 18:58:27,482 INFO o.a.j.t.JMeterThread: Thread finished: Thread Group - HL 1-99
2021-01-03 18:58:27,482 INFO o.a.j.e.StandardJMeterEngine: Notifying test listeners of end of test
2021-01-03 18:58:27,482 INFO o.a.j.r.Summariser: summary +  10297 in 00:00:27 =  374.8/s Avg:     2 Min:     0 Max:    65 Err:     0 (0.00%) Active: 0 Started: 100 Finished: 100
2021-01-03 18:58:27,483 INFO o.a.j.r.Summariser: summary =  22506 in 00:01:00 =  374.7/s Avg:     2 Min:     0 Max:   197 Err:     0 (0.00%)
