2021-01-03 18:54:45,081 INFO o.a.j.u.JMeterUtils: Setting Locale to en_EN
2021-01-03 18:54:45,099 INFO o.a.j.JMeter: Loading user properties from: user.properties
2021-01-03 18:54:45,100 INFO o.a.j.JMeter: Loading system properties from: system.properties
2021-01-03 18:54:45,101 INFO o.a.j.JMeter: Copyright (c) 1998-2020 The Apache Software Foundation
2021-01-03 18:54:45,101 INFO o.a.j.JMeter: Version 5.3
2021-01-03 18:54:45,101 INFO o.a.j.JMeter: java.version=11.0.8
2021-01-03 18:54:45,102 INFO o.a.j.JMeter: java.vm.name=Java HotSpot(TM) 64-Bit Server VM
2021-01-03 18:54:45,102 INFO o.a.j.JMeter: os.name=Windows 10
2021-01-03 18:54:45,102 INFO o.a.j.JMeter: os.arch=amd64
2021-01-03 18:54:45,102 INFO o.a.j.JMeter: os.version=10.0
2021-01-03 18:54:45,102 INFO o.a.j.JMeter: file.encoding=Cp1252
2021-01-03 18:54:45,102 INFO o.a.j.JMeter: java.awt.headless=true
2021-01-03 18:54:45,102 INFO o.a.j.JMeter: Max memory     =1073741824
2021-01-03 18:54:45,102 INFO o.a.j.JMeter: Available Processors =8
2021-01-03 18:54:45,111 INFO o.a.j.JMeter: Default Locale=English (EN)
2021-01-03 18:54:45,112 INFO o.a.j.JMeter: JMeter  Locale=English (EN)
2021-01-03 18:54:45,112 INFO o.a.j.JMeter: JMeterHome=C:\Users\fabio\Documents\Fabio\Università\Magistrale\2°anno\1°semestre\Impianti di Elaborazione\apache-jmeter-5.3
2021-01-03 18:54:45,112 INFO o.a.j.JMeter: user.dir  =C:\Users\fabio\Documents\Fabio\Università\Magistrale\2°anno\1°semestre\Impianti di Elaborazione\apache-jmeter-5.3\bin
2021-01-03 18:54:45,113 INFO o.a.j.JMeter: PWD       =C:\Users\fabio\Documents\Fabio\Università\Magistrale\2°anno\1°semestre\Impianti di Elaborazione\apache-jmeter-5.3\bin
2021-01-03 18:54:45,117 INFO o.a.j.JMeter: IP: 192.168.56.1 Name: LAPTOP-DSVV6SSR FullName: 192.168.56.1
2021-01-03 18:54:45,123 INFO o.a.j.s.FileServer: Default base='C:\Users\fabio\Documents\Fabio\Università\Magistrale\2°anno\1°semestre\Impianti di Elaborazione\apache-jmeter-5.3\bin'
2021-01-03 18:54:45,124 INFO o.a.j.s.FileServer: Set new base='C:\Users\fabio\Documents\Fabio\Università\Magistrale\2°anno\1°semestre\Impianti di Elaborazione\apache-jmeter-5.3\bin'
2021-01-03 18:54:45,249 INFO o.a.j.s.SaveService: Testplan (JMX) version: 2.2. Testlog (JTL) version: 2.2
2021-01-03 18:54:45,269 INFO o.a.j.s.SaveService: Using SaveService properties version 5.0
2021-01-03 18:54:45,273 INFO o.a.j.s.SaveService: Using SaveService properties file encoding UTF-8
2021-01-03 18:54:45,276 INFO o.a.j.s.SaveService: Loading file: DesignofExperiment.jmx
2021-01-03 18:54:45,337 INFO o.a.j.p.h.s.HTTPSamplerBase: Parser for text/html is org.apache.jmeter.protocol.http.parser.LagartoBasedHtmlParser
2021-01-03 18:54:45,337 INFO o.a.j.p.h.s.HTTPSamplerBase: Parser for application/xhtml+xml is org.apache.jmeter.protocol.http.parser.LagartoBasedHtmlParser
2021-01-03 18:54:45,337 INFO o.a.j.p.h.s.HTTPSamplerBase: Parser for application/xml is org.apache.jmeter.protocol.http.parser.LagartoBasedHtmlParser
2021-01-03 18:54:45,337 INFO o.a.j.p.h.s.HTTPSamplerBase: Parser for text/xml is org.apache.jmeter.protocol.http.parser.LagartoBasedHtmlParser
2021-01-03 18:54:45,337 INFO o.a.j.p.h.s.HTTPSamplerBase: Parser for text/vnd.wap.wml is org.apache.jmeter.protocol.http.parser.RegexpHTMLParser
2021-01-03 18:54:45,338 INFO o.a.j.p.h.s.HTTPSamplerBase: Parser for text/css is org.apache.jmeter.protocol.http.parser.CssParser
2021-01-03 18:54:45,363 INFO o.a.j.JMeter: Creating summariser <summary>
2021-01-03 18:54:45,368 INFO o.a.j.e.StandardJMeterEngine: Running the test!
2021-01-03 18:54:45,369 INFO o.a.j.s.SampleEvent: List of sample_variables: []
2021-01-03 18:54:45,369 INFO o.a.j.s.SampleEvent: List of sample_variables: []
2021-01-03 18:54:45,379 INFO o.a.j.e.u.CompoundVariable: Note: Function class names must contain the string: '.functions.'
2021-01-03 18:54:45,379 INFO o.a.j.e.u.CompoundVariable: Note: Function class names must not contain the string: '.gui.'
2021-01-03 18:54:45,665 INFO o.a.j.JMeter: Running test (1609696485665)
2021-01-03 18:54:45,678 INFO o.a.j.e.StandardJMeterEngine: Starting ThreadGroup: 1 : Thread Group - HL
2021-01-03 18:54:45,678 INFO o.a.j.e.StandardJMeterEngine: Starting 100 threads for group Thread Group - HL.
2021-01-03 18:54:45,678 INFO o.a.j.e.StandardJMeterEngine: Thread will continue on error
2021-01-03 18:54:45,678 INFO o.a.j.t.ThreadGroup: Starting thread group... number=1 threads=100 ramp-up=1 delayedStart=false
2021-01-03 18:54:45,688 INFO o.a.j.t.JMeterThread: Thread started: Thread Group - HL 1-1
2021-01-03 18:54:45,695 INFO o.a.j.t.JMeterThread: Thread started: Thread Group - HL 1-2
2021-01-03 18:54:45,704 INFO o.a.j.t.JMeterThread: Thread started: Thread Group - HL 1-3
2021-01-03 18:54:45,711 INFO o.a.j.t.JMeterThread: Thread started: Thread Group - HL 1-4
2021-01-03 18:54:45,720 INFO o.a.j.t.JMeterThread: Thread started: Thread Group - HL 1-5
2021-01-03 18:54:45,723 INFO o.a.j.p.h.s.HTTPHCAbstractImpl: Local host = LAPTOP-DSVV6SSR
2021-01-03 18:54:45,725 INFO o.a.j.t.ThreadGroup: Started thread group number 1
2021-01-03 18:54:45,725 INFO o.a.j.e.StandardJMeterEngine: All thread groups have been started
2021-01-03 18:54:45,732 INFO o.a.j.p.h.s.HTTPHC4Impl: HTTP request retry count = 0
2021-01-03 18:54:45,733 INFO o.a.j.t.JMeterThread: Thread started: Thread Group - HL 1-6
2021-01-03 18:54:45,734 INFO o.a.j.s.SampleResult: Note: Sample TimeStamps are START times
2021-01-03 18:54:45,734 INFO o.a.j.s.SampleResult: sampleresult.default.encoding is set to ISO-8859-1
2021-01-03 18:54:45,734 INFO o.a.j.s.SampleResult: sampleresult.useNanoTime=true
2021-01-03 18:54:45,734 INFO o.a.j.s.SampleResult: sampleresult.nanoThreadSleep=5000
2021-01-03 18:54:45,742 INFO o.a.j.t.JMeterThread: Thread started: Thread Group - HL 1-7
2021-01-03 18:54:45,751 INFO o.a.j.t.JMeterThread: Thread started: Thread Group - HL 1-8
2021-01-03 18:54:45,759 INFO o.a.j.t.JMeterThread: Thread started: Thread Group - HL 1-9
2021-01-03 18:54:45,769 INFO o.a.j.t.JMeterThread: Thread started: Thread Group - HL 1-10
2021-01-03 18:54:45,780 INFO o.a.j.t.JMeterThread: Thread started: Thread Group - HL 1-11
2021-01-03 18:54:45,790 INFO o.a.j.t.JMeterThread: Thread started: Thread Group - HL 1-12
2021-01-03 18:54:45,799 INFO o.a.j.t.JMeterThread: Thread started: Thread Group - HL 1-13
2021-01-03 18:54:45,809 INFO o.a.j.t.JMeterThread: Thread started: Thread Group - HL 1-14
2021-01-03 18:54:45,820 INFO o.a.j.t.JMeterThread: Thread started: Thread Group - HL 1-15
2021-01-03 18:54:45,829 INFO o.a.j.t.JMeterThread: Thread started: Thread Group - HL 1-16
2021-01-03 18:54:45,839 INFO o.a.j.t.JMeterThread: Thread started: Thread Group - HL 1-17
2021-01-03 18:54:45,849 INFO o.a.j.t.JMeterThread: Thread started: Thread Group - HL 1-18
2021-01-03 18:54:45,858 INFO o.a.j.t.JMeterThread: Thread started: Thread Group - HL 1-19
2021-01-03 18:54:45,870 INFO o.a.j.t.JMeterThread: Thread started: Thread Group - HL 1-20
2021-01-03 18:54:45,879 INFO o.a.j.t.JMeterThread: Thread started: Thread Group - HL 1-21
2021-01-03 18:54:45,888 INFO o.a.j.t.JMeterThread: Thread started: Thread Group - HL 1-22
2021-01-03 18:54:45,899 INFO o.a.j.t.JMeterThread: Thread started: Thread Group - HL 1-23
2021-01-03 18:54:45,913 INFO o.a.j.t.JMeterThread: Thread started: Thread Group - HL 1-24
2021-01-03 18:54:45,919 INFO o.a.j.t.JMeterThread: Thread started: Thread Group - HL 1-25
2021-01-03 18:54:45,929 INFO o.a.j.t.JMeterThread: Thread started: Thread Group - HL 1-26
2021-01-03 18:54:45,939 INFO o.a.j.t.JMeterThread: Thread started: Thread Group - HL 1-27
2021-01-03 18:54:45,951 INFO o.a.j.t.JMeterThread: Thread started: Thread Group - HL 1-28
2021-01-03 18:54:45,964 INFO o.a.j.t.JMeterThread: Thread started: Thread Group - HL 1-29
2021-01-03 18:54:45,970 INFO o.a.j.t.JMeterThread: Thread started: Thread Group - HL 1-30
2021-01-03 18:54:45,979 INFO o.a.j.t.JMeterThread: Thread started: Thread Group - HL 1-31
2021-01-03 18:54:45,989 INFO o.a.j.t.JMeterThread: Thread started: Thread Group - HL 1-32
2021-01-03 18:54:45,998 INFO o.a.j.t.JMeterThread: Thread started: Thread Group - HL 1-33
2021-01-03 18:54:46,010 INFO o.a.j.t.JMeterThread: Thread started: Thread Group - HL 1-34
2021-01-03 18:54:46,020 INFO o.a.j.t.JMeterThread: Thread started: Thread Group - HL 1-35
2021-01-03 18:54:46,028 INFO o.a.j.t.JMeterThread: Thread started: Thread Group - HL 1-36
2021-01-03 18:54:46,044 INFO o.a.j.t.JMeterThread: Thread started: Thread Group - HL 1-37
2021-01-03 18:54:46,049 INFO o.a.j.t.JMeterThread: Thread started: Thread Group - HL 1-38
2021-01-03 18:54:46,058 INFO o.a.j.t.JMeterThread: Thread started: Thread Group - HL 1-39
2021-01-03 18:54:46,068 INFO o.a.j.t.JMeterThread: Thread started: Thread Group - HL 1-40
2021-01-03 18:54:46,079 INFO o.a.j.t.JMeterThread: Thread started: Thread Group - HL 1-41
2021-01-03 18:54:46,088 INFO o.a.j.t.JMeterThread: Thread started: Thread Group - HL 1-42
2021-01-03 18:54:46,099 INFO o.a.j.t.JMeterThread: Thread started: Thread Group - HL 1-43
2021-01-03 18:54:46,109 INFO o.a.j.t.JMeterThread: Thread started: Thread Group - HL 1-44
2021-01-03 18:54:46,118 INFO o.a.j.t.JMeterThread: Thread started: Thread Group - HL 1-45
2021-01-03 18:54:46,129 INFO o.a.j.t.JMeterThread: Thread started: Thread Group - HL 1-46
2021-01-03 18:54:46,139 INFO o.a.j.t.JMeterThread: Thread started: Thread Group - HL 1-47
2021-01-03 18:54:46,148 INFO o.a.j.t.JMeterThread: Thread started: Thread Group - HL 1-48
2021-01-03 18:54:46,159 INFO o.a.j.t.JMeterThread: Thread started: Thread Group - HL 1-49
2021-01-03 18:54:46,169 INFO o.a.j.t.JMeterThread: Thread started: Thread Group - HL 1-50
2021-01-03 18:54:46,178 INFO o.a.j.t.JMeterThread: Thread started: Thread Group - HL 1-51
2021-01-03 18:54:46,188 INFO o.a.j.t.JMeterThread: Thread started: Thread Group - HL 1-52
2021-01-03 18:54:46,199 INFO o.a.j.t.JMeterThread: Thread started: Thread Group - HL 1-53
2021-01-03 18:54:46,209 INFO o.a.j.t.JMeterThread: Thread started: Thread Group - HL 1-54
2021-01-03 18:54:46,222 INFO o.a.j.t.JMeterThread: Thread started: Thread Group - HL 1-55
2021-01-03 18:54:46,230 INFO o.a.j.t.JMeterThread: Thread started: Thread Group - HL 1-56
2021-01-03 18:54:46,240 INFO o.a.j.t.JMeterThread: Thread started: Thread Group - HL 1-57
2021-01-03 18:54:46,249 INFO o.a.j.t.JMeterThread: Thread started: Thread Group - HL 1-58
2021-01-03 18:54:46,260 INFO o.a.j.t.JMeterThread: Thread started: Thread Group - HL 1-59
2021-01-03 18:54:46,269 INFO o.a.j.t.JMeterThread: Thread started: Thread Group - HL 1-60
2021-01-03 18:54:46,280 INFO o.a.j.t.JMeterThread: Thread started: Thread Group - HL 1-61
2021-01-03 18:54:46,290 INFO o.a.j.t.JMeterThread: Thread started: Thread Group - HL 1-62
2021-01-03 18:54:46,299 INFO o.a.j.t.JMeterThread: Thread started: Thread Group - HL 1-63
2021-01-03 18:54:46,309 INFO o.a.j.t.JMeterThread: Thread started: Thread Group - HL 1-64
2021-01-03 18:54:46,320 INFO o.a.j.t.JMeterThread: Thread started: Thread Group - HL 1-65
2021-01-03 18:54:46,330 INFO o.a.j.t.JMeterThread: Thread started: Thread Group - HL 1-66
2021-01-03 18:54:46,339 INFO o.a.j.t.JMeterThread: Thread started: Thread Group - HL 1-67
2021-01-03 18:54:46,350 INFO o.a.j.t.JMeterThread: Thread started: Thread Group - HL 1-68
2021-01-03 18:54:46,360 INFO o.a.j.t.JMeterThread: Thread started: Thread Group - HL 1-69
2021-01-03 18:54:46,369 INFO o.a.j.t.JMeterThread: Thread started: Thread Group - HL 1-70
2021-01-03 18:54:46,379 INFO o.a.j.t.JMeterThread: Thread started: Thread Group - HL 1-71
2021-01-03 18:54:46,390 INFO o.a.j.t.JMeterThread: Thread started: Thread Group - HL 1-72
2021-01-03 18:54:46,399 INFO o.a.j.t.JMeterThread: Thread started: Thread Group - HL 1-73
2021-01-03 18:54:46,408 INFO o.a.j.t.JMeterThread: Thread started: Thread Group - HL 1-74
2021-01-03 18:54:46,420 INFO o.a.j.t.JMeterThread: Thread started: Thread Group - HL 1-75
2021-01-03 18:54:46,430 INFO o.a.j.t.JMeterThread: Thread started: Thread Group - HL 1-76
2021-01-03 18:54:46,439 INFO o.a.j.t.JMeterThread: Thread started: Thread Group - HL 1-77
2021-01-03 18:54:46,449 INFO o.a.j.t.JMeterThread: Thread started: Thread Group - HL 1-78
2021-01-03 18:54:46,460 INFO o.a.j.t.JMeterThread: Thread started: Thread Group - HL 1-79
2021-01-03 18:54:46,469 INFO o.a.j.t.JMeterThread: Thread started: Thread Group - HL 1-80
2021-01-03 18:54:46,479 INFO o.a.j.t.JMeterThread: Thread started: Thread Group - HL 1-81
2021-01-03 18:54:46,489 INFO o.a.j.t.JMeterThread: Thread started: Thread Group - HL 1-82
2021-01-03 18:54:46,500 INFO o.a.j.t.JMeterThread: Thread started: Thread Group - HL 1-83
2021-01-03 18:54:46,509 INFO o.a.j.t.JMeterThread: Thread started: Thread Group - HL 1-84
2021-01-03 18:54:46,520 INFO o.a.j.t.JMeterThread: Thread started: Thread Group - HL 1-85
2021-01-03 18:54:46,529 INFO o.a.j.t.JMeterThread: Thread started: Thread Group - HL 1-86
2021-01-03 18:54:46,539 INFO o.a.j.t.JMeterThread: Thread started: Thread Group - HL 1-87
2021-01-03 18:54:46,549 INFO o.a.j.t.JMeterThread: Thread started: Thread Group - HL 1-88
2021-01-03 18:54:46,561 INFO o.a.j.t.JMeterThread: Thread started: Thread Group - HL 1-89
2021-01-03 18:54:46,569 INFO o.a.j.t.JMeterThread: Thread started: Thread Group - HL 1-90
2021-01-03 18:54:46,579 INFO o.a.j.t.JMeterThread: Thread started: Thread Group - HL 1-91
2021-01-03 18:54:46,590 INFO o.a.j.t.JMeterThread: Thread started: Thread Group - HL 1-92
2021-01-03 18:54:46,600 INFO o.a.j.t.JMeterThread: Thread started: Thread Group - HL 1-93
2021-01-03 18:54:46,608 INFO o.a.j.t.JMeterThread: Thread started: Thread Group - HL 1-94
2021-01-03 18:54:46,620 INFO o.a.j.t.JMeterThread: Thread started: Thread Group - HL 1-95
2021-01-03 18:54:46,630 INFO o.a.j.t.JMeterThread: Thread started: Thread Group - HL 1-96
2021-01-03 18:54:46,639 INFO o.a.j.t.JMeterThread: Thread started: Thread Group - HL 1-97
2021-01-03 18:54:46,648 INFO o.a.j.t.JMeterThread: Thread started: Thread Group - HL 1-98
2021-01-03 18:54:46,659 INFO o.a.j.t.JMeterThread: Thread started: Thread Group - HL 1-99
2021-01-03 18:54:46,670 INFO o.a.j.t.JMeterThread: Thread started: Thread Group - HL 1-100
2021-01-03 18:55:00,006 INFO o.a.j.r.Summariser: summary +   5380 in 00:00:14 =  375.2/s Avg:     3 Min:     0 Max:   388 Err:     0 (0.00%) Active: 100 Started: 100 Finished: 0
2021-01-03 18:55:30,001 INFO o.a.j.r.Summariser: summary +  11231 in 00:00:30 =  374.4/s Avg:     2 Min:     0 Max:    61 Err:     0 (0.00%) Active: 100 Started: 100 Finished: 0
2021-01-03 18:55:30,003 INFO o.a.j.r.Summariser: summary =  16611 in 00:00:44 =  374.7/s Avg:     3 Min:     0 Max:   388 Err:     0 (0.00%)
2021-01-03 18:55:45,429 INFO o.a.j.t.JMeterThread: Thread finished: Thread Group - HL 1-1
2021-01-03 18:55:45,431 INFO o.a.j.t.JMeterThread: Thread finished: Thread Group - HL 1-5
2021-01-03 18:55:45,451 INFO o.a.j.t.JMeterThread: Thread finished: Thread Group - HL 1-30
2021-01-03 18:55:45,456 INFO o.a.j.t.JMeterThread: Thread finished: Thread Group - HL 1-51
2021-01-03 18:55:45,457 INFO o.a.j.t.JMeterThread: Thread finished: Thread Group - HL 1-40
2021-01-03 18:55:45,461 INFO o.a.j.t.JMeterThread: Thread finished: Thread Group - HL 1-13
2021-01-03 18:55:45,462 INFO o.a.j.t.JMeterThread: Thread finished: Thread Group - HL 1-18
2021-01-03 18:55:45,468 INFO o.a.j.t.JMeterThread: Thread finished: Thread Group - HL 1-66
2021-01-03 18:55:45,471 INFO o.a.j.t.JMeterThread: Thread finished: Thread Group - HL 1-39
2021-01-03 18:55:45,473 INFO o.a.j.t.JMeterThread: Thread finished: Thread Group - HL 1-52
2021-01-03 18:55:45,483 INFO o.a.j.t.JMeterThread: Thread finished: Thread Group - HL 1-24
2021-01-03 18:55:45,486 INFO o.a.j.t.JMeterThread: Thread finished: Thread Group - HL 1-31
2021-01-03 18:55:45,487 INFO o.a.j.t.JMeterThread: Thread finished: Thread Group - HL 1-67
2021-01-03 18:55:45,489 INFO o.a.j.t.JMeterThread: Thread finished: Thread Group - HL 1-19
2021-01-03 18:55:45,491 INFO o.a.j.t.JMeterThread: Thread finished: Thread Group - HL 1-41
2021-01-03 18:55:45,494 INFO o.a.j.t.JMeterThread: Thread finished: Thread Group - HL 1-53
2021-01-03 18:55:45,500 INFO o.a.j.t.JMeterThread: Thread finished: Thread Group - HL 1-86
2021-01-03 18:55:45,500 INFO o.a.j.t.JMeterThread: Thread finished: Thread Group - HL 1-32
2021-01-03 18:55:45,503 INFO o.a.j.t.JMeterThread: Thread finished: Thread Group - HL 1-68
2021-01-03 18:55:45,503 INFO o.a.j.t.JMeterThread: Thread finished: Thread Group - HL 1-25
2021-01-03 18:55:45,511 INFO o.a.j.t.JMeterThread: Thread finished: Thread Group - HL 1-42
2021-01-03 18:55:45,513 INFO o.a.j.t.JMeterThread: Thread finished: Thread Group - HL 1-87
2021-01-03 18:55:45,515 INFO o.a.j.t.JMeterThread: Thread finished: Thread Group - HL 1-54
2021-01-03 18:55:45,517 INFO o.a.j.t.JMeterThread: Thread finished: Thread Group - HL 1-69
2021-01-03 18:55:45,523 INFO o.a.j.t.JMeterThread: Thread finished: Thread Group - HL 1-26
2021-01-03 18:55:45,525 INFO o.a.j.t.JMeterThread: Thread finished: Thread Group - HL 1-33
2021-01-03 18:55:45,529 INFO o.a.j.t.JMeterThread: Thread finished: Thread Group - HL 1-43
2021-01-03 18:55:45,534 INFO o.a.j.t.JMeterThread: Thread finished: Thread Group - HL 1-70
2021-01-03 18:55:45,537 INFO o.a.j.t.JMeterThread: Thread finished: Thread Group - HL 1-55
2021-01-03 18:55:45,539 INFO o.a.j.t.JMeterThread: Thread finished: Thread Group - HL 1-89
2021-01-03 18:55:45,540 INFO o.a.j.t.JMeterThread: Thread finished: Thread Group - HL 1-20
2021-01-03 18:55:45,549 INFO o.a.j.t.JMeterThread: Thread finished: Thread Group - HL 1-56
2021-01-03 18:55:45,550 INFO o.a.j.t.JMeterThread: Thread finished: Thread Group - HL 1-71
2021-01-03 18:55:45,551 INFO o.a.j.t.JMeterThread: Thread finished: Thread Group - HL 1-34
2021-01-03 18:55:45,555 INFO o.a.j.t.JMeterThread: Thread finished: Thread Group - HL 1-90
2021-01-03 18:55:45,559 INFO o.a.j.t.JMeterThread: Thread finished: Thread Group - HL 1-27
2021-01-03 18:55:45,560 INFO o.a.j.t.JMeterThread: Thread finished: Thread Group - HL 1-44
2021-01-03 18:55:45,565 INFO o.a.j.t.JMeterThread: Thread finished: Thread Group - HL 1-91
2021-01-03 18:55:45,568 INFO o.a.j.t.JMeterThread: Thread finished: Thread Group - HL 1-72
2021-01-03 18:55:45,570 INFO o.a.j.t.JMeterThread: Thread finished: Thread Group - HL 1-35
2021-01-03 18:55:45,571 INFO o.a.j.t.JMeterThread: Thread finished: Thread Group - HL 1-57
2021-01-03 18:55:45,572 INFO o.a.j.t.JMeterThread: Thread finished: Thread Group - HL 1-45
2021-01-03 18:55:45,575 INFO o.a.j.t.JMeterThread: Thread finished: Thread Group - HL 1-21
2021-01-03 18:55:45,577 INFO o.a.j.t.JMeterThread: Thread finished: Thread Group - HL 1-92
2021-01-03 18:55:45,581 INFO o.a.j.t.JMeterThread: Thread finished: Thread Group - HL 1-73
2021-01-03 18:55:45,588 INFO o.a.j.t.JMeterThread: Thread finished: Thread Group - HL 1-58
2021-01-03 18:55:45,589 INFO o.a.j.t.JMeterThread: Thread finished: Thread Group - HL 1-93
2021-01-03 18:55:45,589 INFO o.a.j.t.JMeterThread: Thread finished: Thread Group - HL 1-15
2021-01-03 18:55:45,590 INFO o.a.j.t.JMeterThread: Thread finished: Thread Group - HL 1-2
2021-01-03 18:55:45,593 INFO o.a.j.t.JMeterThread: Thread finished: Thread Group - HL 1-36
2021-01-03 18:55:45,594 INFO o.a.j.t.JMeterThread: Thread finished: Thread Group - HL 1-11
2021-01-03 18:55:45,594 INFO o.a.j.t.JMeterThread: Thread finished: Thread Group - HL 1-74
2021-01-03 18:55:45,601 INFO o.a.j.t.JMeterThread: Thread finished: Thread Group - HL 1-94
2021-01-03 18:55:45,601 INFO o.a.j.t.JMeterThread: Thread finished: Thread Group - HL 1-46
2021-01-03 18:55:45,606 INFO o.a.j.t.JMeterThread: Thread finished: Thread Group - HL 1-28
2021-01-03 18:55:45,607 INFO o.a.j.t.JMeterThread: Thread finished: Thread Group - HL 1-59
2021-01-03 18:55:45,614 INFO o.a.j.t.JMeterThread: Thread finished: Thread Group - HL 1-95
2021-01-03 18:55:45,614 INFO o.a.j.t.JMeterThread: Thread finished: Thread Group - HL 1-14
2021-01-03 18:55:45,615 INFO o.a.j.t.JMeterThread: Thread finished: Thread Group - HL 1-75
2021-01-03 18:55:45,620 INFO o.a.j.t.JMeterThread: Thread finished: Thread Group - HL 1-22
2021-01-03 18:55:45,621 INFO o.a.j.t.JMeterThread: Thread finished: Thread Group - HL 1-47
2021-01-03 18:55:45,626 INFO o.a.j.t.JMeterThread: Thread finished: Thread Group - HL 1-60
2021-01-03 18:55:45,627 INFO o.a.j.t.JMeterThread: Thread finished: Thread Group - HL 1-96
2021-01-03 18:55:45,630 INFO o.a.j.t.JMeterThread: Thread finished: Thread Group - HL 1-3
2021-01-03 18:55:45,631 INFO o.a.j.t.JMeterThread: Thread finished: Thread Group - HL 1-8
2021-01-03 18:55:45,631 INFO o.a.j.t.JMeterThread: Thread finished: Thread Group - HL 1-76
2021-01-03 18:55:45,632 INFO o.a.j.t.JMeterThread: Thread finished: Thread Group - HL 1-7
2021-01-03 18:55:45,639 INFO o.a.j.t.JMeterThread: Thread finished: Thread Group - HL 1-97
2021-01-03 18:55:45,644 INFO o.a.j.t.JMeterThread: Thread finished: Thread Group - HL 1-12
2021-01-03 18:55:45,645 INFO o.a.j.t.JMeterThread: Thread finished: Thread Group - HL 1-77
2021-01-03 18:55:45,647 INFO o.a.j.t.JMeterThread: Thread finished: Thread Group - HL 1-37
2021-01-03 18:55:45,650 INFO o.a.j.t.JMeterThread: Thread finished: Thread Group - HL 1-29
2021-01-03 18:55:45,651 INFO o.a.j.t.JMeterThread: Thread finished: Thread Group - HL 1-48
2021-01-03 18:55:45,652 INFO o.a.j.t.JMeterThread: Thread finished: Thread Group - HL 1-61
2021-01-03 18:55:45,661 INFO o.a.j.t.JMeterThread: Thread finished: Thread Group - HL 1-38
2021-01-03 18:55:45,661 INFO o.a.j.t.JMeterThread: Thread finished: Thread Group - HL 1-16
2021-01-03 18:55:45,663 INFO o.a.j.t.JMeterThread: Thread finished: Thread Group - HL 1-4
2021-01-03 18:55:45,664 INFO o.a.j.t.JMeterThread: Thread finished: Thread Group - HL 1-23
2021-01-03 18:55:45,664 INFO o.a.j.t.JMeterThread: Thread finished: Thread Group - HL 1-78
2021-01-03 18:55:45,666 INFO o.a.j.t.JMeterThread: Thread finished: Thread Group - HL 1-62
2021-01-03 18:55:45,667 INFO o.a.j.t.JMeterThread: Thread finished: Thread Group - HL 1-6
2021-01-03 18:55:45,668 INFO o.a.j.t.JMeterThread: Thread finished: Thread Group - HL 1-49
2021-01-03 18:55:45,669 INFO o.a.j.t.JMeterThread: Thread finished: Thread Group - HL 1-9
2021-01-03 18:55:45,680 INFO o.a.j.t.JMeterThread: Thread finished: Thread Group - HL 1-79
2021-01-03 18:55:45,687 INFO o.a.j.t.JMeterThread: Thread finished: Thread Group - HL 1-63
2021-01-03 18:55:45,688 INFO o.a.j.t.JMeterThread: Thread finished: Thread Group - HL 1-10
2021-01-03 18:55:45,689 INFO o.a.j.t.JMeterThread: Thread finished: Thread Group - HL 1-50
2021-01-03 18:55:45,690 INFO o.a.j.t.JMeterThread: Thread finished: Thread Group - HL 1-80
2021-01-03 18:55:45,697 INFO o.a.j.t.JMeterThread: Thread finished: Thread Group - HL 1-81
2021-01-03 18:55:45,708 INFO o.a.j.t.JMeterThread: Thread finished: Thread Group - HL 1-64
2021-01-03 18:55:45,708 INFO o.a.j.t.JMeterThread: Stopping because end time detected by thread: Thread Group - HL 1-17
2021-01-03 18:55:45,708 INFO o.a.j.t.JMeterThread: Thread finished: Thread Group - HL 1-17
2021-01-03 18:55:45,710 INFO o.a.j.t.JMeterThread: Thread finished: Thread Group - HL 1-82
2021-01-03 18:55:45,712 INFO o.a.j.t.JMeterThread: Thread finished: Thread Group - HL 1-65
2021-01-03 18:55:45,714 INFO o.a.j.t.JMeterThread: Thread finished: Thread Group - HL 1-83
2021-01-03 18:55:45,715 INFO o.a.j.t.JMeterThread: Thread finished: Thread Group - HL 1-84
2021-01-03 18:55:45,724 INFO o.a.j.t.JMeterThread: Stopping because end time detected by thread: Thread Group - HL 1-85
2021-01-03 18:55:45,724 INFO o.a.j.t.JMeterThread: Stopping because end time detected by thread: Thread Group - HL 1-88
2021-01-03 18:55:45,724 INFO o.a.j.t.JMeterThread: Thread finished: Thread Group - HL 1-85
2021-01-03 18:55:45,724 INFO o.a.j.t.JMeterThread: Thread finished: Thread Group - HL 1-88
2021-01-03 18:55:45,725 INFO o.a.j.t.JMeterThread: Stopping because end time detected by thread: Thread Group - HL 1-99
2021-01-03 18:55:45,725 INFO o.a.j.t.JMeterThread: Thread finished: Thread Group - HL 1-99
2021-01-03 18:55:45,726 INFO o.a.j.t.JMeterThread: Stopping because end time detected by thread: Thread Group - HL 1-100
2021-01-03 18:55:45,726 INFO o.a.j.t.JMeterThread: Thread finished: Thread Group - HL 1-100
2021-01-03 18:55:45,727 INFO o.a.j.t.JMeterThread: Stopping because end time detected by thread: Thread Group - HL 1-98
2021-01-03 18:55:45,727 INFO o.a.j.t.JMeterThread: Thread finished: Thread Group - HL 1-98
2021-01-03 18:55:45,728 INFO o.a.j.e.StandardJMeterEngine: Notifying test listeners of end of test
2021-01-03 18:55:45,728 INFO o.a.j.r.Summariser: summary +   5893 in 00:00:16 =  374.7/s Avg:     2 Min:     0 Max:    53 Err:     0 (0.00%) Active: 0 Started: 100 Finished: 100
2021-01-03 18:55:45,729 INFO o.a.j.r.Summariser: summary =  22504 in 00:01:00 =  374.7/s Avg:     2 Min:     0 Max:   388 Err:     0 (0.00%)
