2021-01-03 19:03:52,251 INFO o.a.j.u.JMeterUtils: Setting Locale to en_EN
2021-01-03 19:03:52,269 INFO o.a.j.JMeter: Loading user properties from: user.properties
2021-01-03 19:03:52,270 INFO o.a.j.JMeter: Loading system properties from: system.properties
2021-01-03 19:03:52,271 INFO o.a.j.JMeter: Copyright (c) 1998-2020 The Apache Software Foundation
2021-01-03 19:03:52,272 INFO o.a.j.JMeter: Version 5.3
2021-01-03 19:03:52,272 INFO o.a.j.JMeter: java.version=11.0.8
2021-01-03 19:03:52,272 INFO o.a.j.JMeter: java.vm.name=Java HotSpot(TM) 64-Bit Server VM
2021-01-03 19:03:52,272 INFO o.a.j.JMeter: os.name=Windows 10
2021-01-03 19:03:52,272 INFO o.a.j.JMeter: os.arch=amd64
2021-01-03 19:03:52,273 INFO o.a.j.JMeter: os.version=10.0
2021-01-03 19:03:52,273 INFO o.a.j.JMeter: file.encoding=Cp1252
2021-01-03 19:03:52,273 INFO o.a.j.JMeter: java.awt.headless=true
2021-01-03 19:03:52,273 INFO o.a.j.JMeter: Max memory     =1073741824
2021-01-03 19:03:52,273 INFO o.a.j.JMeter: Available Processors =8
2021-01-03 19:03:52,282 INFO o.a.j.JMeter: Default Locale=English (EN)
2021-01-03 19:03:52,282 INFO o.a.j.JMeter: JMeter  Locale=English (EN)
2021-01-03 19:03:52,282 INFO o.a.j.JMeter: JMeterHome=C:\Users\fabio\Documents\Fabio\Università\Magistrale\2°anno\1°semestre\Impianti di Elaborazione\apache-jmeter-5.3
2021-01-03 19:03:52,282 INFO o.a.j.JMeter: user.dir  =C:\Users\fabio\Documents\Fabio\Università\Magistrale\2°anno\1°semestre\Impianti di Elaborazione\apache-jmeter-5.3\bin
2021-01-03 19:03:52,283 INFO o.a.j.JMeter: PWD       =C:\Users\fabio\Documents\Fabio\Università\Magistrale\2°anno\1°semestre\Impianti di Elaborazione\apache-jmeter-5.3\bin
2021-01-03 19:03:52,287 INFO o.a.j.JMeter: IP: 192.168.56.1 Name: LAPTOP-DSVV6SSR FullName: 192.168.56.1
2021-01-03 19:03:52,292 INFO o.a.j.s.FileServer: Default base='C:\Users\fabio\Documents\Fabio\Università\Magistrale\2°anno\1°semestre\Impianti di Elaborazione\apache-jmeter-5.3\bin'
2021-01-03 19:03:52,293 INFO o.a.j.s.FileServer: Set new base='C:\Users\fabio\Documents\Fabio\Università\Magistrale\2°anno\1°semestre\Impianti di Elaborazione\apache-jmeter-5.3\bin'
2021-01-03 19:03:52,415 INFO o.a.j.s.SaveService: Testplan (JMX) version: 2.2. Testlog (JTL) version: 2.2
2021-01-03 19:03:52,436 INFO o.a.j.s.SaveService: Using SaveService properties version 5.0
2021-01-03 19:03:52,440 INFO o.a.j.s.SaveService: Using SaveService properties file encoding UTF-8
2021-01-03 19:03:52,443 INFO o.a.j.s.SaveService: Loading file: DesignofExperiment.jmx
2021-01-03 19:03:52,502 INFO o.a.j.p.h.s.HTTPSamplerBase: Parser for text/html is org.apache.jmeter.protocol.http.parser.LagartoBasedHtmlParser
2021-01-03 19:03:52,503 INFO o.a.j.p.h.s.HTTPSamplerBase: Parser for application/xhtml+xml is org.apache.jmeter.protocol.http.parser.LagartoBasedHtmlParser
2021-01-03 19:03:52,503 INFO o.a.j.p.h.s.HTTPSamplerBase: Parser for application/xml is org.apache.jmeter.protocol.http.parser.LagartoBasedHtmlParser
2021-01-03 19:03:52,503 INFO o.a.j.p.h.s.HTTPSamplerBase: Parser for text/xml is org.apache.jmeter.protocol.http.parser.LagartoBasedHtmlParser
2021-01-03 19:03:52,503 INFO o.a.j.p.h.s.HTTPSamplerBase: Parser for text/vnd.wap.wml is org.apache.jmeter.protocol.http.parser.RegexpHTMLParser
2021-01-03 19:03:52,503 INFO o.a.j.p.h.s.HTTPSamplerBase: Parser for text/css is org.apache.jmeter.protocol.http.parser.CssParser
2021-01-03 19:03:52,529 INFO o.a.j.JMeter: Creating summariser <summary>
2021-01-03 19:03:52,534 INFO o.a.j.e.StandardJMeterEngine: Running the test!
2021-01-03 19:03:52,535 INFO o.a.j.s.SampleEvent: List of sample_variables: []
2021-01-03 19:03:52,535 INFO o.a.j.s.SampleEvent: List of sample_variables: []
2021-01-03 19:03:52,544 INFO o.a.j.e.u.CompoundVariable: Note: Function class names must contain the string: '.functions.'
2021-01-03 19:03:52,544 INFO o.a.j.e.u.CompoundVariable: Note: Function class names must not contain the string: '.gui.'
2021-01-03 19:03:52,829 INFO o.a.j.JMeter: Running test (1609697032829)
2021-01-03 19:03:52,843 INFO o.a.j.e.StandardJMeterEngine: Starting ThreadGroup: 1 : Thread Group - HM
2021-01-03 19:03:52,843 INFO o.a.j.e.StandardJMeterEngine: Starting 100 threads for group Thread Group - HM.
2021-01-03 19:03:52,843 INFO o.a.j.e.StandardJMeterEngine: Thread will continue on error
2021-01-03 19:03:52,844 INFO o.a.j.t.ThreadGroup: Starting thread group... number=1 threads=100 ramp-up=1 delayedStart=false
2021-01-03 19:03:52,853 INFO o.a.j.t.JMeterThread: Thread started: Thread Group - HM 1-1
2021-01-03 19:03:52,861 INFO o.a.j.t.JMeterThread: Thread started: Thread Group - HM 1-2
2021-01-03 19:03:52,870 INFO o.a.j.t.JMeterThread: Thread started: Thread Group - HM 1-3
2021-01-03 19:03:52,877 INFO o.a.j.t.JMeterThread: Thread started: Thread Group - HM 1-4
2021-01-03 19:03:52,886 INFO o.a.j.t.JMeterThread: Thread started: Thread Group - HM 1-5
2021-01-03 19:03:52,888 INFO o.a.j.p.h.s.HTTPHCAbstractImpl: Local host = LAPTOP-DSVV6SSR
2021-01-03 19:03:52,889 INFO o.a.j.t.ThreadGroup: Started thread group number 1
2021-01-03 19:03:52,889 INFO o.a.j.e.StandardJMeterEngine: All thread groups have been started
2021-01-03 19:03:52,896 INFO o.a.j.p.h.s.HTTPHC4Impl: HTTP request retry count = 0
2021-01-03 19:03:52,897 INFO o.a.j.s.SampleResult: Note: Sample TimeStamps are START times
2021-01-03 19:03:52,898 INFO o.a.j.s.SampleResult: sampleresult.default.encoding is set to ISO-8859-1
2021-01-03 19:03:52,898 INFO o.a.j.s.SampleResult: sampleresult.useNanoTime=true
2021-01-03 19:03:52,898 INFO o.a.j.s.SampleResult: sampleresult.nanoThreadSleep=5000
2021-01-03 19:03:52,900 INFO o.a.j.t.JMeterThread: Thread started: Thread Group - HM 1-6
2021-01-03 19:03:52,908 INFO o.a.j.t.JMeterThread: Thread started: Thread Group - HM 1-7
2021-01-03 19:03:52,917 INFO o.a.j.t.JMeterThread: Thread started: Thread Group - HM 1-8
2021-01-03 19:03:52,925 INFO o.a.j.t.JMeterThread: Thread started: Thread Group - HM 1-9
2021-01-03 19:03:52,935 INFO o.a.j.t.JMeterThread: Thread started: Thread Group - HM 1-10
2021-01-03 19:03:52,946 INFO o.a.j.t.JMeterThread: Thread started: Thread Group - HM 1-11
2021-01-03 19:03:52,955 INFO o.a.j.t.JMeterThread: Thread started: Thread Group - HM 1-12
2021-01-03 19:03:52,965 INFO o.a.j.t.JMeterThread: Thread started: Thread Group - HM 1-13
2021-01-03 19:03:52,976 INFO o.a.j.t.JMeterThread: Thread started: Thread Group - HM 1-14
2021-01-03 19:03:52,986 INFO o.a.j.t.JMeterThread: Thread started: Thread Group - HM 1-15
2021-01-03 19:03:52,994 INFO o.a.j.t.JMeterThread: Thread started: Thread Group - HM 1-16
2021-01-03 19:03:53,005 INFO o.a.j.t.JMeterThread: Thread started: Thread Group - HM 1-17
2021-01-03 19:03:53,015 INFO o.a.j.t.JMeterThread: Thread started: Thread Group - HM 1-18
2021-01-03 19:03:53,024 INFO o.a.j.t.JMeterThread: Thread started: Thread Group - HM 1-19
2021-01-03 19:03:53,035 INFO o.a.j.t.JMeterThread: Thread started: Thread Group - HM 1-20
2021-01-03 19:03:53,045 INFO o.a.j.t.JMeterThread: Thread started: Thread Group - HM 1-21
2021-01-03 19:03:53,054 INFO o.a.j.t.JMeterThread: Thread started: Thread Group - HM 1-22
2021-01-03 19:03:53,065 INFO o.a.j.t.JMeterThread: Thread started: Thread Group - HM 1-23
2021-01-03 19:03:53,077 INFO o.a.j.t.JMeterThread: Thread started: Thread Group - HM 1-24
2021-01-03 19:03:53,086 INFO o.a.j.t.JMeterThread: Thread started: Thread Group - HM 1-25
2021-01-03 19:03:53,096 INFO o.a.j.t.JMeterThread: Thread started: Thread Group - HM 1-26
2021-01-03 19:03:53,105 INFO o.a.j.t.JMeterThread: Thread started: Thread Group - HM 1-27
2021-01-03 19:03:53,115 INFO o.a.j.t.JMeterThread: Thread started: Thread Group - HM 1-28
2021-01-03 19:03:53,125 INFO o.a.j.t.JMeterThread: Thread started: Thread Group - HM 1-29
2021-01-03 19:03:53,135 INFO o.a.j.t.JMeterThread: Thread started: Thread Group - HM 1-30
2021-01-03 19:03:53,145 INFO o.a.j.t.JMeterThread: Thread started: Thread Group - HM 1-31
2021-01-03 19:03:53,158 INFO o.a.j.t.JMeterThread: Thread started: Thread Group - HM 1-32
2021-01-03 19:03:53,164 INFO o.a.j.t.JMeterThread: Thread started: Thread Group - HM 1-33
2021-01-03 19:03:53,175 INFO o.a.j.t.JMeterThread: Thread started: Thread Group - HM 1-34
2021-01-03 19:03:53,185 INFO o.a.j.t.JMeterThread: Thread started: Thread Group - HM 1-35
2021-01-03 19:03:53,195 INFO o.a.j.t.JMeterThread: Thread started: Thread Group - HM 1-36
2021-01-03 19:03:53,206 INFO o.a.j.t.JMeterThread: Thread started: Thread Group - HM 1-37
2021-01-03 19:03:53,216 INFO o.a.j.t.JMeterThread: Thread started: Thread Group - HM 1-38
2021-01-03 19:03:53,226 INFO o.a.j.t.JMeterThread: Thread started: Thread Group - HM 1-39
2021-01-03 19:03:53,235 INFO o.a.j.t.JMeterThread: Thread started: Thread Group - HM 1-40
2021-01-03 19:03:53,246 INFO o.a.j.t.JMeterThread: Thread started: Thread Group - HM 1-41
2021-01-03 19:03:53,255 INFO o.a.j.t.JMeterThread: Thread started: Thread Group - HM 1-42
2021-01-03 19:03:53,265 INFO o.a.j.t.JMeterThread: Thread started: Thread Group - HM 1-43
2021-01-03 19:03:53,282 INFO o.a.j.t.JMeterThread: Thread started: Thread Group - HM 1-44
2021-01-03 19:03:53,287 INFO o.a.j.t.JMeterThread: Thread started: Thread Group - HM 1-45
2021-01-03 19:03:53,296 INFO o.a.j.t.JMeterThread: Thread started: Thread Group - HM 1-46
2021-01-03 19:03:53,306 INFO o.a.j.t.JMeterThread: Thread started: Thread Group - HM 1-47
2021-01-03 19:03:53,315 INFO o.a.j.t.JMeterThread: Thread started: Thread Group - HM 1-48
2021-01-03 19:03:53,325 INFO o.a.j.t.JMeterThread: Thread started: Thread Group - HM 1-49
2021-01-03 19:03:53,336 INFO o.a.j.t.JMeterThread: Thread started: Thread Group - HM 1-50
2021-01-03 19:03:53,346 INFO o.a.j.t.JMeterThread: Thread started: Thread Group - HM 1-51
2021-01-03 19:03:53,355 INFO o.a.j.t.JMeterThread: Thread started: Thread Group - HM 1-52
2021-01-03 19:03:53,366 INFO o.a.j.t.JMeterThread: Thread started: Thread Group - HM 1-53
2021-01-03 19:03:53,376 INFO o.a.j.t.JMeterThread: Thread started: Thread Group - HM 1-54
2021-01-03 19:03:53,385 INFO o.a.j.t.JMeterThread: Thread started: Thread Group - HM 1-55
2021-01-03 19:03:53,395 INFO o.a.j.t.JMeterThread: Thread started: Thread Group - HM 1-56
2021-01-03 19:03:53,405 INFO o.a.j.t.JMeterThread: Thread started: Thread Group - HM 1-57
2021-01-03 19:03:53,416 INFO o.a.j.t.JMeterThread: Thread started: Thread Group - HM 1-58
2021-01-03 19:03:53,425 INFO o.a.j.t.JMeterThread: Thread started: Thread Group - HM 1-59
2021-01-03 19:03:53,436 INFO o.a.j.t.JMeterThread: Thread started: Thread Group - HM 1-60
2021-01-03 19:03:53,445 INFO o.a.j.t.JMeterThread: Thread started: Thread Group - HM 1-61
2021-01-03 19:03:53,455 INFO o.a.j.t.JMeterThread: Thread started: Thread Group - HM 1-62
2021-01-03 19:03:53,465 INFO o.a.j.t.JMeterThread: Thread started: Thread Group - HM 1-63
2021-01-03 19:03:53,476 INFO o.a.j.t.JMeterThread: Thread started: Thread Group - HM 1-64
2021-01-03 19:03:53,485 INFO o.a.j.t.JMeterThread: Thread started: Thread Group - HM 1-65
2021-01-03 19:03:53,495 INFO o.a.j.t.JMeterThread: Thread started: Thread Group - HM 1-66
2021-01-03 19:03:53,506 INFO o.a.j.t.JMeterThread: Thread started: Thread Group - HM 1-67
2021-01-03 19:03:53,516 INFO o.a.j.t.JMeterThread: Thread started: Thread Group - HM 1-68
2021-01-03 19:03:53,524 INFO o.a.j.t.JMeterThread: Thread started: Thread Group - HM 1-69
2021-01-03 19:03:53,536 INFO o.a.j.t.JMeterThread: Thread started: Thread Group - HM 1-70
2021-01-03 19:03:53,546 INFO o.a.j.t.JMeterThread: Thread started: Thread Group - HM 1-71
2021-01-03 19:03:53,555 INFO o.a.j.t.JMeterThread: Thread started: Thread Group - HM 1-72
2021-01-03 19:03:53,564 INFO o.a.j.t.JMeterThread: Thread started: Thread Group - HM 1-73
2021-01-03 19:03:53,576 INFO o.a.j.t.JMeterThread: Thread started: Thread Group - HM 1-74
2021-01-03 19:03:53,585 INFO o.a.j.t.JMeterThread: Thread started: Thread Group - HM 1-75
2021-01-03 19:03:53,595 INFO o.a.j.t.JMeterThread: Thread started: Thread Group - HM 1-76
2021-01-03 19:03:53,605 INFO o.a.j.t.JMeterThread: Thread started: Thread Group - HM 1-77
2021-01-03 19:03:53,615 INFO o.a.j.t.JMeterThread: Thread started: Thread Group - HM 1-78
2021-01-03 19:03:53,625 INFO o.a.j.t.JMeterThread: Thread started: Thread Group - HM 1-79
2021-01-03 19:03:53,636 INFO o.a.j.t.JMeterThread: Thread started: Thread Group - HM 1-80
2021-01-03 19:03:53,645 INFO o.a.j.t.JMeterThread: Thread started: Thread Group - HM 1-81
2021-01-03 19:03:53,654 INFO o.a.j.t.JMeterThread: Thread started: Thread Group - HM 1-82
2021-01-03 19:03:53,665 INFO o.a.j.t.JMeterThread: Thread started: Thread Group - HM 1-83
2021-01-03 19:03:53,676 INFO o.a.j.t.JMeterThread: Thread started: Thread Group - HM 1-84
2021-01-03 19:03:53,685 INFO o.a.j.t.JMeterThread: Thread started: Thread Group - HM 1-85
2021-01-03 19:03:53,694 INFO o.a.j.t.JMeterThread: Thread started: Thread Group - HM 1-86
2021-01-03 19:03:53,706 INFO o.a.j.t.JMeterThread: Thread started: Thread Group - HM 1-87
2021-01-03 19:03:53,716 INFO o.a.j.t.JMeterThread: Thread started: Thread Group - HM 1-88
2021-01-03 19:03:53,724 INFO o.a.j.t.JMeterThread: Thread started: Thread Group - HM 1-89
2021-01-03 19:03:53,734 INFO o.a.j.t.JMeterThread: Thread started: Thread Group - HM 1-90
2021-01-03 19:03:53,746 INFO o.a.j.t.JMeterThread: Thread started: Thread Group - HM 1-91
2021-01-03 19:03:53,757 INFO o.a.j.t.JMeterThread: Thread started: Thread Group - HM 1-92
2021-01-03 19:03:53,765 INFO o.a.j.t.JMeterThread: Thread started: Thread Group - HM 1-93
2021-01-03 19:03:53,775 INFO o.a.j.t.JMeterThread: Thread started: Thread Group - HM 1-94
2021-01-03 19:03:53,786 INFO o.a.j.t.JMeterThread: Thread started: Thread Group - HM 1-95
2021-01-03 19:03:53,795 INFO o.a.j.t.JMeterThread: Thread started: Thread Group - HM 1-96
2021-01-03 19:03:53,805 INFO o.a.j.t.JMeterThread: Thread started: Thread Group - HM 1-97
2021-01-03 19:03:53,815 INFO o.a.j.t.JMeterThread: Thread started: Thread Group - HM 1-98
2021-01-03 19:03:53,824 INFO o.a.j.t.JMeterThread: Thread started: Thread Group - HM 1-99
2021-01-03 19:03:53,835 INFO o.a.j.t.JMeterThread: Thread started: Thread Group - HM 1-100
2021-01-03 19:04:00,004 INFO o.a.j.r.Summariser: summary +   2574 in 00:00:07 =  358.8/s Avg:    47 Min:     0 Max:   802 Err:     3 (0.12%) Active: 100 Started: 100 Finished: 0
2021-01-03 19:04:30,001 INFO o.a.j.r.Summariser: summary +  11233 in 00:00:30 =  374.5/s Avg:     9 Min:     0 Max:   188 Err:    65 (0.58%) Active: 100 Started: 100 Finished: 0
2021-01-03 19:04:30,002 INFO o.a.j.r.Summariser: summary =  13807 in 00:00:37 =  371.4/s Avg:    16 Min:     0 Max:   802 Err:    68 (0.49%)
2021-01-03 19:04:52,634 INFO o.a.j.t.JMeterThread: Thread finished: Thread Group - HM 1-24
2021-01-03 19:04:52,643 INFO o.a.j.t.JMeterThread: Thread finished: Thread Group - HM 1-57
2021-01-03 19:04:52,644 INFO o.a.j.t.JMeterThread: Thread finished: Thread Group - HM 1-60
2021-01-03 19:04:52,662 INFO o.a.j.t.JMeterThread: Thread finished: Thread Group - HM 1-45
2021-01-03 19:04:52,662 INFO o.a.j.t.JMeterThread: Thread finished: Thread Group - HM 1-87
2021-01-03 19:04:52,665 INFO o.a.j.t.JMeterThread: Thread finished: Thread Group - HM 1-8
2021-01-03 19:04:52,667 INFO o.a.j.t.JMeterThread: Thread finished: Thread Group - HM 1-89
2021-01-03 19:04:52,670 INFO o.a.j.t.JMeterThread: Thread finished: Thread Group - HM 1-21
2021-01-03 19:04:52,673 INFO o.a.j.t.JMeterThread: Thread finished: Thread Group - HM 1-90
2021-01-03 19:04:52,675 INFO o.a.j.t.JMeterThread: Thread finished: Thread Group - HM 1-1
2021-01-03 19:04:52,677 INFO o.a.j.t.JMeterThread: Thread finished: Thread Group - HM 1-46
2021-01-03 19:04:52,679 INFO o.a.j.t.JMeterThread: Thread finished: Thread Group - HM 1-47
2021-01-03 19:04:52,681 INFO o.a.j.t.JMeterThread: Thread finished: Thread Group - HM 1-33
2021-01-03 19:04:52,683 INFO o.a.j.t.JMeterThread: Thread finished: Thread Group - HM 1-100
2021-01-03 19:04:52,685 INFO o.a.j.t.JMeterThread: Thread finished: Thread Group - HM 1-62
2021-01-03 19:04:52,687 INFO o.a.j.t.JMeterThread: Thread finished: Thread Group - HM 1-14
2021-01-03 19:04:52,689 INFO o.a.j.t.JMeterThread: Thread finished: Thread Group - HM 1-91
2021-01-03 19:04:52,694 INFO o.a.j.t.JMeterThread: Thread finished: Thread Group - HM 1-26
2021-01-03 19:04:52,698 INFO o.a.j.t.JMeterThread: Thread finished: Thread Group - HM 1-54
2021-01-03 19:04:52,700 INFO o.a.j.t.JMeterThread: Thread finished: Thread Group - HM 1-63
2021-01-03 19:04:52,702 INFO o.a.j.t.JMeterThread: Thread finished: Thread Group - HM 1-22
2021-01-03 19:04:52,704 INFO o.a.j.t.JMeterThread: Thread finished: Thread Group - HM 1-79
2021-01-03 19:04:52,707 INFO o.a.j.t.JMeterThread: Thread finished: Thread Group - HM 1-64
2021-01-03 19:04:52,709 INFO o.a.j.t.JMeterThread: Thread finished: Thread Group - HM 1-92
2021-01-03 19:04:52,710 INFO o.a.j.t.JMeterThread: Thread finished: Thread Group - HM 1-43
2021-01-03 19:04:52,712 INFO o.a.j.t.JMeterThread: Thread finished: Thread Group - HM 1-23
2021-01-03 19:04:52,716 INFO o.a.j.t.JMeterThread: Thread finished: Thread Group - HM 1-35
2021-01-03 19:04:52,718 INFO o.a.j.t.JMeterThread: Thread finished: Thread Group - HM 1-50
2021-01-03 19:04:52,719 INFO o.a.j.t.JMeterThread: Thread finished: Thread Group - HM 1-31
2021-01-03 19:04:52,723 INFO o.a.j.t.JMeterThread: Thread finished: Thread Group - HM 1-65
2021-01-03 19:04:52,726 INFO o.a.j.t.JMeterThread: Thread finished: Thread Group - HM 1-49
2021-01-03 19:04:52,728 INFO o.a.j.t.JMeterThread: Thread finished: Thread Group - HM 1-67
2021-01-03 19:04:52,730 INFO o.a.j.t.JMeterThread: Thread finished: Thread Group - HM 1-85
2021-01-03 19:04:52,731 INFO o.a.j.t.JMeterThread: Thread finished: Thread Group - HM 1-28
2021-01-03 19:04:52,733 INFO o.a.j.t.JMeterThread: Thread finished: Thread Group - HM 1-34
2021-01-03 19:04:52,735 INFO o.a.j.t.JMeterThread: Thread finished: Thread Group - HM 1-27
2021-01-03 19:04:52,737 INFO o.a.j.t.JMeterThread: Thread finished: Thread Group - HM 1-20
2021-01-03 19:04:52,740 INFO o.a.j.t.JMeterThread: Thread finished: Thread Group - HM 1-48
2021-01-03 19:04:52,743 INFO o.a.j.t.JMeterThread: Thread finished: Thread Group - HM 1-93
2021-01-03 19:04:52,749 INFO o.a.j.t.JMeterThread: Thread finished: Thread Group - HM 1-29
2021-01-03 19:04:52,751 INFO o.a.j.t.JMeterThread: Thread finished: Thread Group - HM 1-94
2021-01-03 19:04:52,755 INFO o.a.j.t.JMeterThread: Thread finished: Thread Group - HM 1-17
2021-01-03 19:04:52,757 INFO o.a.j.t.JMeterThread: Thread finished: Thread Group - HM 1-68
2021-01-03 19:04:52,759 INFO o.a.j.t.JMeterThread: Thread finished: Thread Group - HM 1-80
2021-01-03 19:04:52,760 INFO o.a.j.t.JMeterThread: Thread finished: Thread Group - HM 1-61
2021-01-03 19:04:52,762 INFO o.a.j.t.JMeterThread: Thread finished: Thread Group - HM 1-69
2021-01-03 19:04:52,766 INFO o.a.j.t.JMeterThread: Thread finished: Thread Group - HM 1-70
2021-01-03 19:04:52,768 INFO o.a.j.t.JMeterThread: Thread finished: Thread Group - HM 1-81
2021-01-03 19:04:52,770 INFO o.a.j.t.JMeterThread: Thread finished: Thread Group - HM 1-51
2021-01-03 19:04:52,772 INFO o.a.j.t.JMeterThread: Thread finished: Thread Group - HM 1-37
2021-01-03 19:04:52,774 INFO o.a.j.t.JMeterThread: Thread finished: Thread Group - HM 1-82
2021-01-03 19:04:52,776 INFO o.a.j.t.JMeterThread: Thread finished: Thread Group - HM 1-11
2021-01-03 19:04:52,778 INFO o.a.j.t.JMeterThread: Thread finished: Thread Group - HM 1-72
2021-01-03 19:04:52,781 INFO o.a.j.t.JMeterThread: Thread finished: Thread Group - HM 1-13
2021-01-03 19:04:52,783 INFO o.a.j.t.JMeterThread: Thread finished: Thread Group - HM 1-71
2021-01-03 19:04:52,785 INFO o.a.j.t.JMeterThread: Thread finished: Thread Group - HM 1-53
2021-01-03 19:04:52,787 INFO o.a.j.t.JMeterThread: Thread finished: Thread Group - HM 1-38
2021-01-03 19:04:52,789 INFO o.a.j.t.JMeterThread: Thread finished: Thread Group - HM 1-19
2021-01-03 19:04:52,791 INFO o.a.j.t.JMeterThread: Thread finished: Thread Group - HM 1-18
2021-01-03 19:04:52,793 INFO o.a.j.t.JMeterThread: Thread finished: Thread Group - HM 1-30
2021-01-03 19:04:52,795 INFO o.a.j.t.JMeterThread: Thread finished: Thread Group - HM 1-56
2021-01-03 19:04:52,797 INFO o.a.j.t.JMeterThread: Thread finished: Thread Group - HM 1-39
2021-01-03 19:04:52,800 INFO o.a.j.t.JMeterThread: Thread finished: Thread Group - HM 1-96
2021-01-03 19:04:52,802 INFO o.a.j.t.JMeterThread: Thread finished: Thread Group - HM 1-6
2021-01-03 19:04:52,804 INFO o.a.j.t.JMeterThread: Thread finished: Thread Group - HM 1-83
2021-01-03 19:04:52,806 INFO o.a.j.t.JMeterThread: Thread finished: Thread Group - HM 1-73
2021-01-03 19:04:52,807 INFO o.a.j.t.JMeterThread: Thread finished: Thread Group - HM 1-2
2021-01-03 19:04:52,810 INFO o.a.j.t.JMeterThread: Thread finished: Thread Group - HM 1-16
2021-01-03 19:04:52,811 INFO o.a.j.t.JMeterThread: Thread finished: Thread Group - HM 1-84
2021-01-03 19:04:52,814 INFO o.a.j.t.JMeterThread: Thread finished: Thread Group - HM 1-40
2021-01-03 19:04:52,815 INFO o.a.j.t.JMeterThread: Thread finished: Thread Group - HM 1-41
2021-01-03 19:04:52,823 INFO o.a.j.t.JMeterThread: Thread finished: Thread Group - HM 1-55
2021-01-03 19:04:52,826 INFO o.a.j.t.JMeterThread: Thread finished: Thread Group - HM 1-78
2021-01-03 19:04:52,827 INFO o.a.j.t.JMeterThread: Thread finished: Thread Group - HM 1-9
2021-01-03 19:04:52,830 INFO o.a.j.t.JMeterThread: Thread finished: Thread Group - HM 1-36
2021-01-03 19:04:52,832 INFO o.a.j.t.JMeterThread: Thread finished: Thread Group - HM 1-4
2021-01-03 19:04:52,834 INFO o.a.j.t.JMeterThread: Thread finished: Thread Group - HM 1-42
2021-01-03 19:04:52,837 INFO o.a.j.t.JMeterThread: Thread finished: Thread Group - HM 1-97
2021-01-03 19:04:52,839 INFO o.a.j.t.JMeterThread: Thread finished: Thread Group - HM 1-25
2021-01-03 19:04:52,841 INFO o.a.j.t.JMeterThread: Thread finished: Thread Group - HM 1-15
2021-01-03 19:04:52,842 INFO o.a.j.t.JMeterThread: Thread finished: Thread Group - HM 1-12
2021-01-03 19:04:52,845 INFO o.a.j.t.JMeterThread: Thread finished: Thread Group - HM 1-74
2021-01-03 19:04:52,847 INFO o.a.j.t.JMeterThread: Thread finished: Thread Group - HM 1-5
2021-01-03 19:04:52,849 INFO o.a.j.t.JMeterThread: Stopping because end time detected by thread: Thread Group - HM 1-3
2021-01-03 19:04:52,849 INFO o.a.j.t.JMeterThread: Thread finished: Thread Group - HM 1-3
2021-01-03 19:04:52,851 INFO o.a.j.t.JMeterThread: Thread finished: Thread Group - HM 1-7
2021-01-03 19:04:52,853 INFO o.a.j.t.JMeterThread: Thread finished: Thread Group - HM 1-75
2021-01-03 19:04:52,855 INFO o.a.j.t.JMeterThread: Thread finished: Thread Group - HM 1-10
2021-01-03 19:04:52,858 INFO o.a.j.t.JMeterThread: Thread finished: Thread Group - HM 1-32
2021-01-03 19:04:52,865 INFO o.a.j.t.JMeterThread: Thread finished: Thread Group - HM 1-59
2021-01-03 19:04:52,866 INFO o.a.j.t.JMeterThread: Thread finished: Thread Group - HM 1-58
2021-01-03 19:04:52,868 INFO o.a.j.t.JMeterThread: Thread finished: Thread Group - HM 1-52
2021-01-03 19:04:52,871 INFO o.a.j.t.JMeterThread: Thread finished: Thread Group - HM 1-44
2021-01-03 19:04:52,874 INFO o.a.j.t.JMeterThread: Thread finished: Thread Group - HM 1-88
2021-01-03 19:04:52,875 INFO o.a.j.t.JMeterThread: Thread finished: Thread Group - HM 1-66
2021-01-03 19:04:52,877 INFO o.a.j.t.JMeterThread: Thread finished: Thread Group - HM 1-76
2021-01-03 19:04:52,879 INFO o.a.j.t.JMeterThread: Thread finished: Thread Group - HM 1-77
2021-01-03 19:04:52,881 INFO o.a.j.t.JMeterThread: Thread finished: Thread Group - HM 1-86
2021-01-03 19:04:52,887 INFO o.a.j.t.JMeterThread: Thread finished: Thread Group - HM 1-98
2021-01-03 19:04:52,889 INFO o.a.j.t.JMeterThread: Stopping because end time detected by thread: Thread Group - HM 1-95
2021-01-03 19:04:52,889 INFO o.a.j.t.JMeterThread: Thread finished: Thread Group - HM 1-95
2021-01-03 19:04:52,891 INFO o.a.j.t.JMeterThread: Stopping because end time detected by thread: Thread Group - HM 1-99
2021-01-03 19:04:52,891 INFO o.a.j.t.JMeterThread: Thread finished: Thread Group - HM 1-99
2021-01-03 19:04:52,891 INFO o.a.j.e.StandardJMeterEngine: Notifying test listeners of end of test
2021-01-03 19:04:52,892 INFO o.a.j.r.Summariser: summary +   8584 in 00:00:23 =  375.0/s Avg:    12 Min:     0 Max:   388 Err:   100 (1.16%) Active: 0 Started: 100 Finished: 100
2021-01-03 19:04:52,893 INFO o.a.j.r.Summariser: summary =  22391 in 00:01:00 =  372.8/s Avg:    15 Min:     0 Max:   802 Err:   168 (0.75%)
