2021-01-03 18:21:55,505 INFO o.a.j.u.JMeterUtils: Setting Locale to en_EN
2021-01-03 18:21:55,524 INFO o.a.j.JMeter: Loading user properties from: user.properties
2021-01-03 18:21:55,525 INFO o.a.j.JMeter: Loading system properties from: system.properties
2021-01-03 18:21:55,526 INFO o.a.j.JMeter: Copyright (c) 1998-2020 The Apache Software Foundation
2021-01-03 18:21:55,526 INFO o.a.j.JMeter: Version 5.3
2021-01-03 18:21:55,526 INFO o.a.j.JMeter: java.version=11.0.8
2021-01-03 18:21:55,526 INFO o.a.j.JMeter: java.vm.name=Java HotSpot(TM) 64-Bit Server VM
2021-01-03 18:21:55,527 INFO o.a.j.JMeter: os.name=Windows 10
2021-01-03 18:21:55,527 INFO o.a.j.JMeter: os.arch=amd64
2021-01-03 18:21:55,527 INFO o.a.j.JMeter: os.version=10.0
2021-01-03 18:21:55,527 INFO o.a.j.JMeter: file.encoding=Cp1252
2021-01-03 18:21:55,527 INFO o.a.j.JMeter: java.awt.headless=true
2021-01-03 18:21:55,527 INFO o.a.j.JMeter: Max memory     =1073741824
2021-01-03 18:21:55,528 INFO o.a.j.JMeter: Available Processors =8
2021-01-03 18:21:55,536 INFO o.a.j.JMeter: Default Locale=English (EN)
2021-01-03 18:21:55,537 INFO o.a.j.JMeter: JMeter  Locale=English (EN)
2021-01-03 18:21:55,537 INFO o.a.j.JMeter: JMeterHome=C:\Users\fabio\Documents\Fabio\Università\Magistrale\2°anno\1°semestre\Impianti di Elaborazione\apache-jmeter-5.3
2021-01-03 18:21:55,537 INFO o.a.j.JMeter: user.dir  =C:\Users\fabio\Documents\Fabio\Università\Magistrale\2°anno\1°semestre\Impianti di Elaborazione\apache-jmeter-5.3\bin
2021-01-03 18:21:55,538 INFO o.a.j.JMeter: PWD       =C:\Users\fabio\Documents\Fabio\Università\Magistrale\2°anno\1°semestre\Impianti di Elaborazione\apache-jmeter-5.3\bin
2021-01-03 18:21:55,541 INFO o.a.j.JMeter: IP: 192.168.56.1 Name: LAPTOP-DSVV6SSR FullName: 192.168.56.1
2021-01-03 18:21:55,547 INFO o.a.j.s.FileServer: Default base='C:\Users\fabio\Documents\Fabio\Università\Magistrale\2°anno\1°semestre\Impianti di Elaborazione\apache-jmeter-5.3\bin'
2021-01-03 18:21:55,548 INFO o.a.j.s.FileServer: Set new base='C:\Users\fabio\Documents\Fabio\Università\Magistrale\2°anno\1°semestre\Impianti di Elaborazione\apache-jmeter-5.3\bin'
2021-01-03 18:21:55,671 INFO o.a.j.s.SaveService: Testplan (JMX) version: 2.2. Testlog (JTL) version: 2.2
2021-01-03 18:21:55,687 INFO o.a.j.s.SaveService: Using SaveService properties version 5.0
2021-01-03 18:21:55,691 INFO o.a.j.s.SaveService: Using SaveService properties file encoding UTF-8
2021-01-03 18:21:55,695 INFO o.a.j.s.SaveService: Loading file: DesignofExperiment.jmx
2021-01-03 18:21:55,755 INFO o.a.j.p.h.s.HTTPSamplerBase: Parser for text/html is org.apache.jmeter.protocol.http.parser.LagartoBasedHtmlParser
2021-01-03 18:21:55,755 INFO o.a.j.p.h.s.HTTPSamplerBase: Parser for application/xhtml+xml is org.apache.jmeter.protocol.http.parser.LagartoBasedHtmlParser
2021-01-03 18:21:55,755 INFO o.a.j.p.h.s.HTTPSamplerBase: Parser for application/xml is org.apache.jmeter.protocol.http.parser.LagartoBasedHtmlParser
2021-01-03 18:21:55,755 INFO o.a.j.p.h.s.HTTPSamplerBase: Parser for text/xml is org.apache.jmeter.protocol.http.parser.LagartoBasedHtmlParser
2021-01-03 18:21:55,755 INFO o.a.j.p.h.s.HTTPSamplerBase: Parser for text/vnd.wap.wml is org.apache.jmeter.protocol.http.parser.RegexpHTMLParser
2021-01-03 18:21:55,755 INFO o.a.j.p.h.s.HTTPSamplerBase: Parser for text/css is org.apache.jmeter.protocol.http.parser.CssParser
2021-01-03 18:21:55,781 INFO o.a.j.JMeter: Creating summariser <summary>
2021-01-03 18:21:55,787 INFO o.a.j.e.StandardJMeterEngine: Running the test!
2021-01-03 18:21:55,788 INFO o.a.j.s.SampleEvent: List of sample_variables: []
2021-01-03 18:21:55,788 INFO o.a.j.s.SampleEvent: List of sample_variables: []
2021-01-03 18:21:55,797 INFO o.a.j.e.u.CompoundVariable: Note: Function class names must contain the string: '.functions.'
2021-01-03 18:21:55,797 INFO o.a.j.e.u.CompoundVariable: Note: Function class names must not contain the string: '.gui.'
2021-01-03 18:21:56,082 INFO o.a.j.JMeter: Running test (1609694516082)
2021-01-03 18:21:56,095 INFO o.a.j.e.StandardJMeterEngine: Starting ThreadGroup: 1 : Thread Group - LH
2021-01-03 18:21:56,095 INFO o.a.j.e.StandardJMeterEngine: Starting 100 threads for group Thread Group - LH.
2021-01-03 18:21:56,095 INFO o.a.j.e.StandardJMeterEngine: Thread will continue on error
2021-01-03 18:21:56,096 INFO o.a.j.t.ThreadGroup: Starting thread group... number=1 threads=100 ramp-up=1 delayedStart=false
2021-01-03 18:21:56,105 INFO o.a.j.t.JMeterThread: Thread started: Thread Group - LH 1-1
2021-01-03 18:21:56,113 INFO o.a.j.t.JMeterThread: Thread started: Thread Group - LH 1-2
2021-01-03 18:21:56,123 INFO o.a.j.t.JMeterThread: Thread started: Thread Group - LH 1-3
2021-01-03 18:21:56,129 INFO o.a.j.t.JMeterThread: Thread started: Thread Group - LH 1-4
2021-01-03 18:21:56,139 INFO o.a.j.t.JMeterThread: Thread started: Thread Group - LH 1-5
2021-01-03 18:21:56,142 INFO o.a.j.p.h.s.HTTPHCAbstractImpl: Local host = LAPTOP-DSVV6SSR
2021-01-03 18:21:56,144 INFO o.a.j.t.ThreadGroup: Started thread group number 1
2021-01-03 18:21:56,144 INFO o.a.j.e.StandardJMeterEngine: All thread groups have been started
2021-01-03 18:21:56,149 INFO o.a.j.p.h.s.HTTPHC4Impl: HTTP request retry count = 0
2021-01-03 18:21:56,151 INFO o.a.j.t.JMeterThread: Thread started: Thread Group - LH 1-6
2021-01-03 18:21:56,151 INFO o.a.j.s.SampleResult: Note: Sample TimeStamps are START times
2021-01-03 18:21:56,151 INFO o.a.j.s.SampleResult: sampleresult.default.encoding is set to ISO-8859-1
2021-01-03 18:21:56,152 INFO o.a.j.s.SampleResult: sampleresult.useNanoTime=true
2021-01-03 18:21:56,152 INFO o.a.j.s.SampleResult: sampleresult.nanoThreadSleep=5000
2021-01-03 18:21:56,160 INFO o.a.j.t.JMeterThread: Thread started: Thread Group - LH 1-7
2021-01-03 18:21:56,170 INFO o.a.j.t.JMeterThread: Thread started: Thread Group - LH 1-8
2021-01-03 18:21:56,178 INFO o.a.j.t.JMeterThread: Thread started: Thread Group - LH 1-9
2021-01-03 18:21:56,187 INFO o.a.j.t.JMeterThread: Thread started: Thread Group - LH 1-10
2021-01-03 18:21:56,197 INFO o.a.j.t.JMeterThread: Thread started: Thread Group - LH 1-11
2021-01-03 18:21:56,208 INFO o.a.j.t.JMeterThread: Thread started: Thread Group - LH 1-12
2021-01-03 18:21:56,217 INFO o.a.j.t.JMeterThread: Thread started: Thread Group - LH 1-13
2021-01-03 18:21:56,227 INFO o.a.j.t.JMeterThread: Thread started: Thread Group - LH 1-14
2021-01-03 18:21:56,238 INFO o.a.j.t.JMeterThread: Thread started: Thread Group - LH 1-15
2021-01-03 18:21:56,248 INFO o.a.j.t.JMeterThread: Thread started: Thread Group - LH 1-16
2021-01-03 18:21:56,257 INFO o.a.j.t.JMeterThread: Thread started: Thread Group - LH 1-17
2021-01-03 18:21:56,267 INFO o.a.j.t.JMeterThread: Thread started: Thread Group - LH 1-18
2021-01-03 18:21:56,278 INFO o.a.j.t.JMeterThread: Thread started: Thread Group - LH 1-19
2021-01-03 18:21:56,287 INFO o.a.j.t.JMeterThread: Thread started: Thread Group - LH 1-20
2021-01-03 18:21:56,298 INFO o.a.j.t.JMeterThread: Thread started: Thread Group - LH 1-21
2021-01-03 18:21:56,307 INFO o.a.j.t.JMeterThread: Thread started: Thread Group - LH 1-22
2021-01-03 18:21:56,317 INFO o.a.j.t.JMeterThread: Thread started: Thread Group - LH 1-23
2021-01-03 18:21:56,329 INFO o.a.j.t.JMeterThread: Thread started: Thread Group - LH 1-24
2021-01-03 18:21:56,339 INFO o.a.j.t.JMeterThread: Thread started: Thread Group - LH 1-25
2021-01-03 18:21:56,348 INFO o.a.j.t.JMeterThread: Thread started: Thread Group - LH 1-26
2021-01-03 18:21:56,356 INFO o.a.j.t.JMeterThread: Thread started: Thread Group - LH 1-27
2021-01-03 18:21:56,368 INFO o.a.j.t.JMeterThread: Thread started: Thread Group - LH 1-28
2021-01-03 18:21:56,382 INFO o.a.j.t.JMeterThread: Thread started: Thread Group - LH 1-29
2021-01-03 18:21:56,388 INFO o.a.j.t.JMeterThread: Thread started: Thread Group - LH 1-30
2021-01-03 18:21:56,397 INFO o.a.j.t.JMeterThread: Thread started: Thread Group - LH 1-31
2021-01-03 18:21:56,416 INFO o.a.j.t.JMeterThread: Thread started: Thread Group - LH 1-32
2021-01-03 18:21:56,418 INFO o.a.j.t.JMeterThread: Thread started: Thread Group - LH 1-33
2021-01-03 18:21:56,427 INFO o.a.j.t.JMeterThread: Thread started: Thread Group - LH 1-34
2021-01-03 18:21:56,437 INFO o.a.j.t.JMeterThread: Thread started: Thread Group - LH 1-35
2021-01-03 18:21:56,446 INFO o.a.j.t.JMeterThread: Thread started: Thread Group - LH 1-36
2021-01-03 18:21:56,457 INFO o.a.j.t.JMeterThread: Thread started: Thread Group - LH 1-37
2021-01-03 18:21:56,468 INFO o.a.j.t.JMeterThread: Thread started: Thread Group - LH 1-38
2021-01-03 18:21:56,477 INFO o.a.j.t.JMeterThread: Thread started: Thread Group - LH 1-39
2021-01-03 18:21:56,486 INFO o.a.j.t.JMeterThread: Thread started: Thread Group - LH 1-40
2021-01-03 18:21:56,498 INFO o.a.j.t.JMeterThread: Thread started: Thread Group - LH 1-41
2021-01-03 18:21:56,508 INFO o.a.j.t.JMeterThread: Thread started: Thread Group - LH 1-42
2021-01-03 18:21:56,516 INFO o.a.j.t.JMeterThread: Thread started: Thread Group - LH 1-43
2021-01-03 18:21:56,526 INFO o.a.j.t.JMeterThread: Thread started: Thread Group - LH 1-44
2021-01-03 18:21:56,539 INFO o.a.j.t.JMeterThread: Thread started: Thread Group - LH 1-45
2021-01-03 18:21:56,548 INFO o.a.j.t.JMeterThread: Thread started: Thread Group - LH 1-46
2021-01-03 18:21:56,556 INFO o.a.j.t.JMeterThread: Thread started: Thread Group - LH 1-47
2021-01-03 18:21:56,567 INFO o.a.j.t.JMeterThread: Thread started: Thread Group - LH 1-48
2021-01-03 18:21:56,577 INFO o.a.j.t.JMeterThread: Thread started: Thread Group - LH 1-49
2021-01-03 18:21:56,587 INFO o.a.j.t.JMeterThread: Thread started: Thread Group - LH 1-50
2021-01-03 18:21:56,597 INFO o.a.j.t.JMeterThread: Thread started: Thread Group - LH 1-51
2021-01-03 18:21:56,607 INFO o.a.j.t.JMeterThread: Thread started: Thread Group - LH 1-52
2021-01-03 18:21:56,616 INFO o.a.j.t.JMeterThread: Thread started: Thread Group - LH 1-53
2021-01-03 18:21:56,628 INFO o.a.j.t.JMeterThread: Thread started: Thread Group - LH 1-54
2021-01-03 18:21:56,637 INFO o.a.j.t.JMeterThread: Thread started: Thread Group - LH 1-55
2021-01-03 18:21:56,646 INFO o.a.j.t.JMeterThread: Thread started: Thread Group - LH 1-56
2021-01-03 18:21:56,656 INFO o.a.j.t.JMeterThread: Thread started: Thread Group - LH 1-57
2021-01-03 18:21:56,668 INFO o.a.j.t.JMeterThread: Thread started: Thread Group - LH 1-58
2021-01-03 18:21:56,676 INFO o.a.j.t.JMeterThread: Thread started: Thread Group - LH 1-59
2021-01-03 18:21:56,686 INFO o.a.j.t.JMeterThread: Thread started: Thread Group - LH 1-60
2021-01-03 18:21:56,697 INFO o.a.j.t.JMeterThread: Thread started: Thread Group - LH 1-61
2021-01-03 18:21:56,707 INFO o.a.j.t.JMeterThread: Thread started: Thread Group - LH 1-62
2021-01-03 18:21:56,717 INFO o.a.j.t.JMeterThread: Thread started: Thread Group - LH 1-63
2021-01-03 18:21:56,727 INFO o.a.j.t.JMeterThread: Thread started: Thread Group - LH 1-64
2021-01-03 18:21:56,736 INFO o.a.j.t.JMeterThread: Thread started: Thread Group - LH 1-65
2021-01-03 18:21:56,748 INFO o.a.j.t.JMeterThread: Thread started: Thread Group - LH 1-66
2021-01-03 18:21:56,757 INFO o.a.j.t.JMeterThread: Thread started: Thread Group - LH 1-67
2021-01-03 18:21:56,766 INFO o.a.j.t.JMeterThread: Thread started: Thread Group - LH 1-68
2021-01-03 18:21:56,777 INFO o.a.j.t.JMeterThread: Thread started: Thread Group - LH 1-69
2021-01-03 18:21:56,787 INFO o.a.j.t.JMeterThread: Thread started: Thread Group - LH 1-70
2021-01-03 18:21:56,796 INFO o.a.j.t.JMeterThread: Thread started: Thread Group - LH 1-71
2021-01-03 18:21:56,807 INFO o.a.j.t.JMeterThread: Thread started: Thread Group - LH 1-72
2021-01-03 18:21:56,816 INFO o.a.j.t.JMeterThread: Thread started: Thread Group - LH 1-73
2021-01-03 18:21:56,826 INFO o.a.j.t.JMeterThread: Thread started: Thread Group - LH 1-74
2021-01-03 18:21:56,837 INFO o.a.j.t.JMeterThread: Thread started: Thread Group - LH 1-75
2021-01-03 18:21:56,847 INFO o.a.j.t.JMeterThread: Thread started: Thread Group - LH 1-76
2021-01-03 18:21:56,856 INFO o.a.j.t.JMeterThread: Thread started: Thread Group - LH 1-77
2021-01-03 18:21:56,867 INFO o.a.j.t.JMeterThread: Thread started: Thread Group - LH 1-78
2021-01-03 18:21:56,877 INFO o.a.j.t.JMeterThread: Thread started: Thread Group - LH 1-79
2021-01-03 18:21:56,886 INFO o.a.j.t.JMeterThread: Thread started: Thread Group - LH 1-80
2021-01-03 18:21:56,897 INFO o.a.j.t.JMeterThread: Thread started: Thread Group - LH 1-81
2021-01-03 18:21:56,907 INFO o.a.j.t.JMeterThread: Thread started: Thread Group - LH 1-82
2021-01-03 18:21:56,917 INFO o.a.j.t.JMeterThread: Thread started: Thread Group - LH 1-83
2021-01-03 18:21:56,926 INFO o.a.j.t.JMeterThread: Thread started: Thread Group - LH 1-84
2021-01-03 18:21:56,937 INFO o.a.j.t.JMeterThread: Thread started: Thread Group - LH 1-85
2021-01-03 18:21:56,946 INFO o.a.j.t.JMeterThread: Thread started: Thread Group - LH 1-86
2021-01-03 18:21:56,957 INFO o.a.j.t.JMeterThread: Thread started: Thread Group - LH 1-87
2021-01-03 18:21:56,967 INFO o.a.j.t.JMeterThread: Thread started: Thread Group - LH 1-88
2021-01-03 18:21:56,977 INFO o.a.j.t.JMeterThread: Thread started: Thread Group - LH 1-89
2021-01-03 18:21:56,986 INFO o.a.j.t.JMeterThread: Thread started: Thread Group - LH 1-90
2021-01-03 18:21:56,997 INFO o.a.j.t.JMeterThread: Thread started: Thread Group - LH 1-91
2021-01-03 18:21:57,007 INFO o.a.j.t.JMeterThread: Thread started: Thread Group - LH 1-92
2021-01-03 18:21:57,017 INFO o.a.j.t.JMeterThread: Thread started: Thread Group - LH 1-93
2021-01-03 18:21:57,026 INFO o.a.j.t.JMeterThread: Thread started: Thread Group - LH 1-94
2021-01-03 18:21:57,037 INFO o.a.j.t.JMeterThread: Thread started: Thread Group - LH 1-95
2021-01-03 18:21:57,047 INFO o.a.j.t.JMeterThread: Thread started: Thread Group - LH 1-96
2021-01-03 18:21:57,056 INFO o.a.j.t.JMeterThread: Thread started: Thread Group - LH 1-97
2021-01-03 18:21:57,067 INFO o.a.j.t.JMeterThread: Thread started: Thread Group - LH 1-98
2021-01-03 18:21:57,076 INFO o.a.j.t.JMeterThread: Thread started: Thread Group - LH 1-99
2021-01-03 18:21:57,086 INFO o.a.j.t.JMeterThread: Thread started: Thread Group - LH 1-100
2021-01-03 18:22:00,006 INFO o.a.j.r.Summariser: summary +    495 in 00:00:04 =  126.2/s Avg:   117 Min:     0 Max:   778 Err:    41 (8.28%) Active: 100 Started: 100 Finished: 0
2021-01-03 18:22:30,029 INFO o.a.j.r.Summariser: summary +   3749 in 00:00:30 =  124.9/s Avg:    21 Min:     4 Max:   253 Err:     0 (0.00%) Active: 100 Started: 100 Finished: 0
2021-01-03 18:22:30,030 INFO o.a.j.r.Summariser: summary =   4244 in 00:00:34 =  125.0/s Avg:    32 Min:     0 Max:   778 Err:    41 (0.97%)
2021-01-03 18:22:55,339 INFO o.a.j.t.JMeterThread: Thread finished: Thread Group - LH 1-32
2021-01-03 18:22:55,385 INFO o.a.j.t.JMeterThread: Thread finished: Thread Group - LH 1-34
2021-01-03 18:22:55,402 INFO o.a.j.t.JMeterThread: Thread finished: Thread Group - LH 1-87
2021-01-03 18:22:55,405 INFO o.a.j.t.JMeterThread: Thread finished: Thread Group - LH 1-88
2021-01-03 18:22:55,417 INFO o.a.j.t.JMeterThread: Thread finished: Thread Group - LH 1-90
2021-01-03 18:22:55,432 INFO o.a.j.t.JMeterThread: Thread finished: Thread Group - LH 1-35
2021-01-03 18:22:55,443 INFO o.a.j.t.JMeterThread: Thread finished: Thread Group - LH 1-91
2021-01-03 18:22:55,458 INFO o.a.j.t.JMeterThread: Thread finished: Thread Group - LH 1-92
2021-01-03 18:22:55,463 INFO o.a.j.t.JMeterThread: Thread finished: Thread Group - LH 1-3
2021-01-03 18:22:55,467 INFO o.a.j.t.JMeterThread: Thread finished: Thread Group - LH 1-95
2021-01-03 18:22:55,472 INFO o.a.j.t.JMeterThread: Thread finished: Thread Group - LH 1-96
2021-01-03 18:22:55,476 INFO o.a.j.t.JMeterThread: Thread finished: Thread Group - LH 1-97
2021-01-03 18:22:55,480 INFO o.a.j.t.JMeterThread: Thread finished: Thread Group - LH 1-98
2021-01-03 18:22:55,483 INFO o.a.j.t.JMeterThread: Thread finished: Thread Group - LH 1-37
2021-01-03 18:22:55,487 INFO o.a.j.t.JMeterThread: Thread finished: Thread Group - LH 1-99
2021-01-03 18:22:55,492 INFO o.a.j.t.JMeterThread: Thread finished: Thread Group - LH 1-100
2021-01-03 18:22:55,503 INFO o.a.j.t.JMeterThread: Thread finished: Thread Group - LH 1-38
2021-01-03 18:22:55,548 INFO o.a.j.t.JMeterThread: Thread finished: Thread Group - LH 1-40
2021-01-03 18:22:55,569 INFO o.a.j.t.JMeterThread: Thread finished: Thread Group - LH 1-41
2021-01-03 18:22:55,586 INFO o.a.j.t.JMeterThread: Thread finished: Thread Group - LH 1-42
2021-01-03 18:22:55,617 INFO o.a.j.t.JMeterThread: Thread finished: Thread Group - LH 1-43
2021-01-03 18:22:55,636 INFO o.a.j.t.JMeterThread: Thread finished: Thread Group - LH 1-44
2021-01-03 18:22:55,656 INFO o.a.j.t.JMeterThread: Thread finished: Thread Group - LH 1-45
2021-01-03 18:22:55,662 INFO o.a.j.t.JMeterThread: Thread finished: Thread Group - LH 1-36
2021-01-03 18:22:55,699 INFO o.a.j.t.JMeterThread: Thread finished: Thread Group - LH 1-39
2021-01-03 18:22:55,700 INFO o.a.j.t.JMeterThread: Thread finished: Thread Group - LH 1-46
2021-01-03 18:22:55,705 INFO o.a.j.t.JMeterThread: Thread finished: Thread Group - LH 1-47
2021-01-03 18:22:55,742 INFO o.a.j.t.JMeterThread: Thread finished: Thread Group - LH 1-20
2021-01-03 18:22:55,756 INFO o.a.j.t.JMeterThread: Thread finished: Thread Group - LH 1-9
2021-01-03 18:22:55,760 INFO o.a.j.t.JMeterThread: Thread finished: Thread Group - LH 1-50
2021-01-03 18:22:55,765 INFO o.a.j.t.JMeterThread: Thread finished: Thread Group - LH 1-48
2021-01-03 18:22:55,779 INFO o.a.j.t.JMeterThread: Thread finished: Thread Group - LH 1-13
2021-01-03 18:22:55,792 INFO o.a.j.t.JMeterThread: Thread finished: Thread Group - LH 1-49
2021-01-03 18:22:55,794 INFO o.a.j.t.JMeterThread: Thread finished: Thread Group - LH 1-1
2021-01-03 18:22:55,798 INFO o.a.j.t.JMeterThread: Thread finished: Thread Group - LH 1-23
2021-01-03 18:22:55,804 INFO o.a.j.t.JMeterThread: Thread finished: Thread Group - LH 1-25
2021-01-03 18:22:55,810 INFO o.a.j.t.JMeterThread: Thread finished: Thread Group - LH 1-51
2021-01-03 18:22:55,812 INFO o.a.j.t.JMeterThread: Thread finished: Thread Group - LH 1-19
2021-01-03 18:22:55,817 INFO o.a.j.t.JMeterThread: Thread finished: Thread Group - LH 1-26
2021-01-03 18:22:55,819 INFO o.a.j.t.JMeterThread: Thread finished: Thread Group - LH 1-52
2021-01-03 18:22:55,826 INFO o.a.j.t.JMeterThread: Thread finished: Thread Group - LH 1-53
2021-01-03 18:22:55,830 INFO o.a.j.t.JMeterThread: Thread finished: Thread Group - LH 1-22
2021-01-03 18:22:55,836 INFO o.a.j.t.JMeterThread: Thread finished: Thread Group - LH 1-54
2021-01-03 18:22:55,843 INFO o.a.j.t.JMeterThread: Thread finished: Thread Group - LH 1-55
2021-01-03 18:22:55,852 INFO o.a.j.t.JMeterThread: Thread finished: Thread Group - LH 1-56
2021-01-03 18:22:55,861 INFO o.a.j.t.JMeterThread: Thread finished: Thread Group - LH 1-57
2021-01-03 18:22:55,875 INFO o.a.j.t.JMeterThread: Thread finished: Thread Group - LH 1-58
2021-01-03 18:22:55,884 INFO o.a.j.t.JMeterThread: Thread finished: Thread Group - LH 1-59
2021-01-03 18:22:55,888 INFO o.a.j.t.JMeterThread: Thread finished: Thread Group - LH 1-28
2021-01-03 18:22:55,894 INFO o.a.j.t.JMeterThread: Thread finished: Thread Group - LH 1-60
2021-01-03 18:22:55,899 INFO o.a.j.t.JMeterThread: Thread finished: Thread Group - LH 1-6
2021-01-03 18:22:55,905 INFO o.a.j.t.JMeterThread: Thread finished: Thread Group - LH 1-2
2021-01-03 18:22:55,912 INFO o.a.j.t.JMeterThread: Thread finished: Thread Group - LH 1-61
2021-01-03 18:22:55,916 INFO o.a.j.t.JMeterThread: Thread finished: Thread Group - LH 1-10
2021-01-03 18:22:55,926 INFO o.a.j.t.JMeterThread: Thread finished: Thread Group - LH 1-5
2021-01-03 18:22:55,929 INFO o.a.j.t.JMeterThread: Thread finished: Thread Group - LH 1-7
2021-01-03 18:22:55,933 INFO o.a.j.t.JMeterThread: Thread finished: Thread Group - LH 1-29
2021-01-03 18:22:55,937 INFO o.a.j.t.JMeterThread: Thread finished: Thread Group - LH 1-11
2021-01-03 18:22:55,944 INFO o.a.j.t.JMeterThread: Thread finished: Thread Group - LH 1-62
2021-01-03 18:22:55,945 INFO o.a.j.t.JMeterThread: Thread finished: Thread Group - LH 1-63
2021-01-03 18:22:55,960 INFO o.a.j.t.JMeterThread: Thread finished: Thread Group - LH 1-14
2021-01-03 18:22:55,962 INFO o.a.j.t.JMeterThread: Thread finished: Thread Group - LH 1-64
2021-01-03 18:22:55,965 INFO o.a.j.t.JMeterThread: Thread finished: Thread Group - LH 1-18
2021-01-03 18:22:55,971 INFO o.a.j.t.JMeterThread: Thread finished: Thread Group - LH 1-65
2021-01-03 18:22:55,973 INFO o.a.j.t.JMeterThread: Thread finished: Thread Group - LH 1-8
2021-01-03 18:22:55,974 INFO o.a.j.t.JMeterThread: Thread finished: Thread Group - LH 1-17
2021-01-03 18:22:55,979 INFO o.a.j.t.JMeterThread: Thread finished: Thread Group - LH 1-15
2021-01-03 18:22:55,980 INFO o.a.j.t.JMeterThread: Thread finished: Thread Group - LH 1-66
2021-01-03 18:22:55,983 INFO o.a.j.t.JMeterThread: Thread finished: Thread Group - LH 1-67
2021-01-03 18:22:55,985 INFO o.a.j.t.JMeterThread: Thread finished: Thread Group - LH 1-4
2021-01-03 18:22:55,989 INFO o.a.j.t.JMeterThread: Thread finished: Thread Group - LH 1-68
2021-01-03 18:22:55,992 INFO o.a.j.t.JMeterThread: Thread finished: Thread Group - LH 1-27
2021-01-03 18:22:55,994 INFO o.a.j.t.JMeterThread: Thread finished: Thread Group - LH 1-69
2021-01-03 18:22:56,000 INFO o.a.j.t.JMeterThread: Thread finished: Thread Group - LH 1-30
2021-01-03 18:22:56,003 INFO o.a.j.t.JMeterThread: Thread finished: Thread Group - LH 1-24
2021-01-03 18:22:56,007 INFO o.a.j.t.JMeterThread: Thread finished: Thread Group - LH 1-70
2021-01-03 18:22:56,009 INFO o.a.j.t.JMeterThread: Thread finished: Thread Group - LH 1-71
2021-01-03 18:22:56,014 INFO o.a.j.t.JMeterThread: Thread finished: Thread Group - LH 1-72
2021-01-03 18:22:56,021 INFO o.a.j.t.JMeterThread: Thread finished: Thread Group - LH 1-73
2021-01-03 18:22:56,025 INFO o.a.j.t.JMeterThread: Thread finished: Thread Group - LH 1-21
2021-01-03 18:22:56,032 INFO o.a.j.t.JMeterThread: Thread finished: Thread Group - LH 1-74
2021-01-03 18:22:56,055 INFO o.a.j.t.JMeterThread: Thread finished: Thread Group - LH 1-75
2021-01-03 18:22:56,059 INFO o.a.j.t.JMeterThread: Thread finished: Thread Group - LH 1-76
2021-01-03 18:22:56,063 INFO o.a.j.t.JMeterThread: Thread finished: Thread Group - LH 1-77
2021-01-03 18:22:56,073 INFO o.a.j.t.JMeterThread: Thread finished: Thread Group - LH 1-78
2021-01-03 18:22:56,082 INFO o.a.j.t.JMeterThread: Thread finished: Thread Group - LH 1-12
2021-01-03 18:22:56,088 INFO o.a.j.t.JMeterThread: Thread finished: Thread Group - LH 1-79
2021-01-03 18:22:56,094 INFO o.a.j.t.JMeterThread: Thread finished: Thread Group - LH 1-80
2021-01-03 18:22:56,099 INFO o.a.j.t.JMeterThread: Thread finished: Thread Group - LH 1-94
2021-01-03 18:22:56,102 INFO o.a.j.t.JMeterThread: Thread finished: Thread Group - LH 1-31
2021-01-03 18:22:56,107 INFO o.a.j.t.JMeterThread: Thread finished: Thread Group - LH 1-81
2021-01-03 18:22:56,110 INFO o.a.j.t.JMeterThread: Thread finished: Thread Group - LH 1-93
2021-01-03 18:22:56,115 INFO o.a.j.t.JMeterThread: Thread finished: Thread Group - LH 1-82
2021-01-03 18:22:56,119 INFO o.a.j.t.JMeterThread: Stopping because end time detected by thread: Thread Group - LH 1-16
2021-01-03 18:22:56,119 INFO o.a.j.t.JMeterThread: Thread finished: Thread Group - LH 1-16
2021-01-03 18:22:56,123 INFO o.a.j.t.JMeterThread: Thread finished: Thread Group - LH 1-83
2021-01-03 18:22:56,127 INFO o.a.j.t.JMeterThread: Stopping because end time detected by thread: Thread Group - LH 1-33
2021-01-03 18:22:56,127 INFO o.a.j.t.JMeterThread: Thread finished: Thread Group - LH 1-33
2021-01-03 18:22:56,132 INFO o.a.j.t.JMeterThread: Thread finished: Thread Group - LH 1-84
2021-01-03 18:22:56,136 INFO o.a.j.t.JMeterThread: Thread finished: Thread Group - LH 1-85
2021-01-03 18:22:56,142 INFO o.a.j.t.JMeterThread: Stopping because end time detected by thread: Thread Group - LH 1-89
2021-01-03 18:22:56,142 INFO o.a.j.t.JMeterThread: Thread finished: Thread Group - LH 1-89
2021-01-03 18:22:56,146 INFO o.a.j.t.JMeterThread: Stopping because end time detected by thread: Thread Group - LH 1-86
2021-01-03 18:22:56,146 INFO o.a.j.t.JMeterThread: Thread finished: Thread Group - LH 1-86
2021-01-03 18:22:56,146 INFO o.a.j.e.StandardJMeterEngine: Notifying test listeners of end of test
2021-01-03 18:22:56,147 INFO o.a.j.r.Summariser: summary +   3279 in 00:00:26 =  125.5/s Avg:    17 Min:     4 Max:   160 Err:     0 (0.00%) Active: 0 Started: 100 Finished: 100
2021-01-03 18:22:56,148 INFO o.a.j.r.Summariser: summary =   7523 in 00:01:00 =  125.2/s Avg:    25 Min:     0 Max:   778 Err:    41 (0.54%)
