2021-01-03 18:25:28,958 INFO o.a.j.u.JMeterUtils: Setting Locale to en_EN
2021-01-03 18:25:28,977 INFO o.a.j.JMeter: Loading user properties from: user.properties
2021-01-03 18:25:28,978 INFO o.a.j.JMeter: Loading system properties from: system.properties
2021-01-03 18:25:28,979 INFO o.a.j.JMeter: Copyright (c) 1998-2020 The Apache Software Foundation
2021-01-03 18:25:28,979 INFO o.a.j.JMeter: Version 5.3
2021-01-03 18:25:28,979 INFO o.a.j.JMeter: java.version=11.0.8
2021-01-03 18:25:28,979 INFO o.a.j.JMeter: java.vm.name=Java HotSpot(TM) 64-Bit Server VM
2021-01-03 18:25:28,979 INFO o.a.j.JMeter: os.name=Windows 10
2021-01-03 18:25:28,980 INFO o.a.j.JMeter: os.arch=amd64
2021-01-03 18:25:28,980 INFO o.a.j.JMeter: os.version=10.0
2021-01-03 18:25:28,980 INFO o.a.j.JMeter: file.encoding=Cp1252
2021-01-03 18:25:28,980 INFO o.a.j.JMeter: java.awt.headless=true
2021-01-03 18:25:28,980 INFO o.a.j.JMeter: Max memory     =1073741824
2021-01-03 18:25:28,980 INFO o.a.j.JMeter: Available Processors =8
2021-01-03 18:25:28,989 INFO o.a.j.JMeter: Default Locale=English (EN)
2021-01-03 18:25:28,989 INFO o.a.j.JMeter: JMeter  Locale=English (EN)
2021-01-03 18:25:28,989 INFO o.a.j.JMeter: JMeterHome=C:\Users\fabio\Documents\Fabio\Università\Magistrale\2°anno\1°semestre\Impianti di Elaborazione\apache-jmeter-5.3
2021-01-03 18:25:28,989 INFO o.a.j.JMeter: user.dir  =C:\Users\fabio\Documents\Fabio\Università\Magistrale\2°anno\1°semestre\Impianti di Elaborazione\apache-jmeter-5.3\bin
2021-01-03 18:25:28,990 INFO o.a.j.JMeter: PWD       =C:\Users\fabio\Documents\Fabio\Università\Magistrale\2°anno\1°semestre\Impianti di Elaborazione\apache-jmeter-5.3\bin
2021-01-03 18:25:28,994 INFO o.a.j.JMeter: IP: 192.168.56.1 Name: LAPTOP-DSVV6SSR FullName: 192.168.56.1
2021-01-03 18:25:29,000 INFO o.a.j.s.FileServer: Default base='C:\Users\fabio\Documents\Fabio\Università\Magistrale\2°anno\1°semestre\Impianti di Elaborazione\apache-jmeter-5.3\bin'
2021-01-03 18:25:29,001 INFO o.a.j.s.FileServer: Set new base='C:\Users\fabio\Documents\Fabio\Università\Magistrale\2°anno\1°semestre\Impianti di Elaborazione\apache-jmeter-5.3\bin'
2021-01-03 18:25:29,130 INFO o.a.j.s.SaveService: Testplan (JMX) version: 2.2. Testlog (JTL) version: 2.2
2021-01-03 18:25:29,157 INFO o.a.j.s.SaveService: Using SaveService properties version 5.0
2021-01-03 18:25:29,169 INFO o.a.j.s.SaveService: Using SaveService properties file encoding UTF-8
2021-01-03 18:25:29,177 INFO o.a.j.s.SaveService: Loading file: DesignofExperiment.jmx
2021-01-03 18:25:29,260 INFO o.a.j.p.h.s.HTTPSamplerBase: Parser for text/html is org.apache.jmeter.protocol.http.parser.LagartoBasedHtmlParser
2021-01-03 18:25:29,260 INFO o.a.j.p.h.s.HTTPSamplerBase: Parser for application/xhtml+xml is org.apache.jmeter.protocol.http.parser.LagartoBasedHtmlParser
2021-01-03 18:25:29,260 INFO o.a.j.p.h.s.HTTPSamplerBase: Parser for application/xml is org.apache.jmeter.protocol.http.parser.LagartoBasedHtmlParser
2021-01-03 18:25:29,260 INFO o.a.j.p.h.s.HTTPSamplerBase: Parser for text/xml is org.apache.jmeter.protocol.http.parser.LagartoBasedHtmlParser
2021-01-03 18:25:29,260 INFO o.a.j.p.h.s.HTTPSamplerBase: Parser for text/vnd.wap.wml is org.apache.jmeter.protocol.http.parser.RegexpHTMLParser
2021-01-03 18:25:29,260 INFO o.a.j.p.h.s.HTTPSamplerBase: Parser for text/css is org.apache.jmeter.protocol.http.parser.CssParser
2021-01-03 18:25:29,290 INFO o.a.j.JMeter: Creating summariser <summary>
2021-01-03 18:25:29,298 INFO o.a.j.e.StandardJMeterEngine: Running the test!
2021-01-03 18:25:29,299 INFO o.a.j.s.SampleEvent: List of sample_variables: []
2021-01-03 18:25:29,299 INFO o.a.j.s.SampleEvent: List of sample_variables: []
2021-01-03 18:25:29,308 INFO o.a.j.e.u.CompoundVariable: Note: Function class names must contain the string: '.functions.'
2021-01-03 18:25:29,309 INFO o.a.j.e.u.CompoundVariable: Note: Function class names must not contain the string: '.gui.'
2021-01-03 18:25:29,623 INFO o.a.j.JMeter: Running test (1609694729623)
2021-01-03 18:25:29,638 INFO o.a.j.e.StandardJMeterEngine: Starting ThreadGroup: 1 : Thread Group - LH
2021-01-03 18:25:29,638 INFO o.a.j.e.StandardJMeterEngine: Starting 100 threads for group Thread Group - LH.
2021-01-03 18:25:29,638 INFO o.a.j.e.StandardJMeterEngine: Thread will continue on error
2021-01-03 18:25:29,638 INFO o.a.j.t.ThreadGroup: Starting thread group... number=1 threads=100 ramp-up=1 delayedStart=false
2021-01-03 18:25:29,648 INFO o.a.j.t.JMeterThread: Thread started: Thread Group - LH 1-1
2021-01-03 18:25:29,655 INFO o.a.j.t.JMeterThread: Thread started: Thread Group - LH 1-2
2021-01-03 18:25:29,664 INFO o.a.j.t.JMeterThread: Thread started: Thread Group - LH 1-3
2021-01-03 18:25:29,671 INFO o.a.j.t.JMeterThread: Thread started: Thread Group - LH 1-4
2021-01-03 18:25:29,681 INFO o.a.j.t.JMeterThread: Thread started: Thread Group - LH 1-5
2021-01-03 18:25:29,683 INFO o.a.j.p.h.s.HTTPHCAbstractImpl: Local host = LAPTOP-DSVV6SSR
2021-01-03 18:25:29,683 INFO o.a.j.t.ThreadGroup: Started thread group number 1
2021-01-03 18:25:29,683 INFO o.a.j.e.StandardJMeterEngine: All thread groups have been started
2021-01-03 18:25:29,689 INFO o.a.j.p.h.s.HTTPHC4Impl: HTTP request retry count = 0
2021-01-03 18:25:29,690 INFO o.a.j.s.SampleResult: Note: Sample TimeStamps are START times
2021-01-03 18:25:29,690 INFO o.a.j.s.SampleResult: sampleresult.default.encoding is set to ISO-8859-1
2021-01-03 18:25:29,690 INFO o.a.j.s.SampleResult: sampleresult.useNanoTime=true
2021-01-03 18:25:29,690 INFO o.a.j.s.SampleResult: sampleresult.nanoThreadSleep=5000
2021-01-03 18:25:29,692 INFO o.a.j.t.JMeterThread: Thread started: Thread Group - LH 1-6
2021-01-03 18:25:29,703 INFO o.a.j.t.JMeterThread: Thread started: Thread Group - LH 1-7
2021-01-03 18:25:29,713 INFO o.a.j.t.JMeterThread: Thread started: Thread Group - LH 1-8
2021-01-03 18:25:29,722 INFO o.a.j.t.JMeterThread: Thread started: Thread Group - LH 1-9
2021-01-03 18:25:29,731 INFO o.a.j.t.JMeterThread: Thread started: Thread Group - LH 1-10
2021-01-03 18:25:29,741 INFO o.a.j.t.JMeterThread: Thread started: Thread Group - LH 1-11
2021-01-03 18:25:29,750 INFO o.a.j.t.JMeterThread: Thread started: Thread Group - LH 1-12
2021-01-03 18:25:29,761 INFO o.a.j.t.JMeterThread: Thread started: Thread Group - LH 1-13
2021-01-03 18:25:29,771 INFO o.a.j.t.JMeterThread: Thread started: Thread Group - LH 1-14
2021-01-03 18:25:29,780 INFO o.a.j.t.JMeterThread: Thread started: Thread Group - LH 1-15
2021-01-03 18:25:29,791 INFO o.a.j.t.JMeterThread: Thread started: Thread Group - LH 1-16
2021-01-03 18:25:29,800 INFO o.a.j.t.JMeterThread: Thread started: Thread Group - LH 1-17
2021-01-03 18:25:29,810 INFO o.a.j.t.JMeterThread: Thread started: Thread Group - LH 1-18
2021-01-03 18:25:29,820 INFO o.a.j.t.JMeterThread: Thread started: Thread Group - LH 1-19
2021-01-03 18:25:29,830 INFO o.a.j.t.JMeterThread: Thread started: Thread Group - LH 1-20
2021-01-03 18:25:29,840 INFO o.a.j.t.JMeterThread: Thread started: Thread Group - LH 1-21
2021-01-03 18:25:29,851 INFO o.a.j.t.JMeterThread: Thread started: Thread Group - LH 1-22
2021-01-03 18:25:29,860 INFO o.a.j.t.JMeterThread: Thread started: Thread Group - LH 1-23
2021-01-03 18:25:29,875 INFO o.a.j.t.JMeterThread: Thread started: Thread Group - LH 1-24
2021-01-03 18:25:29,881 INFO o.a.j.t.JMeterThread: Thread started: Thread Group - LH 1-25
2021-01-03 18:25:29,891 INFO o.a.j.t.JMeterThread: Thread started: Thread Group - LH 1-26
2021-01-03 18:25:29,900 INFO o.a.j.t.JMeterThread: Thread started: Thread Group - LH 1-27
2021-01-03 18:25:29,914 INFO o.a.j.t.JMeterThread: Thread started: Thread Group - LH 1-28
2021-01-03 18:25:29,922 INFO o.a.j.t.JMeterThread: Thread started: Thread Group - LH 1-29
2021-01-03 18:25:29,931 INFO o.a.j.t.JMeterThread: Thread started: Thread Group - LH 1-30
2021-01-03 18:25:29,939 INFO o.a.j.t.JMeterThread: Thread started: Thread Group - LH 1-31
2021-01-03 18:25:29,950 INFO o.a.j.t.JMeterThread: Thread started: Thread Group - LH 1-32
2021-01-03 18:25:29,961 INFO o.a.j.t.JMeterThread: Thread started: Thread Group - LH 1-33
2021-01-03 18:25:29,971 INFO o.a.j.t.JMeterThread: Thread started: Thread Group - LH 1-34
2021-01-03 18:25:29,979 INFO o.a.j.t.JMeterThread: Thread started: Thread Group - LH 1-35
2021-01-03 18:25:29,989 INFO o.a.j.t.JMeterThread: Thread started: Thread Group - LH 1-36
2021-01-03 18:25:30,001 INFO o.a.j.t.JMeterThread: Thread started: Thread Group - LH 1-37
2021-01-03 18:25:30,007 INFO o.a.j.r.Summariser: summary +      3 in 00:00:00 =    7.9/s Avg:   214 Min:   202 Max:   233 Err:     0 (0.00%) Active: 37 Started: 37 Finished: 0
2021-01-03 18:25:30,011 INFO o.a.j.t.JMeterThread: Thread started: Thread Group - LH 1-38
2021-01-03 18:25:30,019 INFO o.a.j.t.JMeterThread: Thread started: Thread Group - LH 1-39
2021-01-03 18:25:30,029 INFO o.a.j.t.JMeterThread: Thread started: Thread Group - LH 1-40
2021-01-03 18:25:30,040 INFO o.a.j.t.JMeterThread: Thread started: Thread Group - LH 1-41
2021-01-03 18:25:30,051 INFO o.a.j.t.JMeterThread: Thread started: Thread Group - LH 1-42
2021-01-03 18:25:30,060 INFO o.a.j.t.JMeterThread: Thread started: Thread Group - LH 1-43
2021-01-03 18:25:30,069 INFO o.a.j.t.JMeterThread: Thread started: Thread Group - LH 1-44
2021-01-03 18:25:30,080 INFO o.a.j.t.JMeterThread: Thread started: Thread Group - LH 1-45
2021-01-03 18:25:30,091 INFO o.a.j.t.JMeterThread: Thread started: Thread Group - LH 1-46
2021-01-03 18:25:30,100 INFO o.a.j.t.JMeterThread: Thread started: Thread Group - LH 1-47
2021-01-03 18:25:30,109 INFO o.a.j.t.JMeterThread: Thread started: Thread Group - LH 1-48
2021-01-03 18:25:30,120 INFO o.a.j.t.JMeterThread: Thread started: Thread Group - LH 1-49
2021-01-03 18:25:30,131 INFO o.a.j.t.JMeterThread: Thread started: Thread Group - LH 1-50
2021-01-03 18:25:30,140 INFO o.a.j.t.JMeterThread: Thread started: Thread Group - LH 1-51
2021-01-03 18:25:30,149 INFO o.a.j.t.JMeterThread: Thread started: Thread Group - LH 1-52
2021-01-03 18:25:30,160 INFO o.a.j.t.JMeterThread: Thread started: Thread Group - LH 1-53
2021-01-03 18:25:30,171 INFO o.a.j.t.JMeterThread: Thread started: Thread Group - LH 1-54
2021-01-03 18:25:30,180 INFO o.a.j.t.JMeterThread: Thread started: Thread Group - LH 1-55
2021-01-03 18:25:30,189 INFO o.a.j.t.JMeterThread: Thread started: Thread Group - LH 1-56
2021-01-03 18:25:30,201 INFO o.a.j.t.JMeterThread: Thread started: Thread Group - LH 1-57
2021-01-03 18:25:30,211 INFO o.a.j.t.JMeterThread: Thread started: Thread Group - LH 1-58
2021-01-03 18:25:30,219 INFO o.a.j.t.JMeterThread: Thread started: Thread Group - LH 1-59
2021-01-03 18:25:30,229 INFO o.a.j.t.JMeterThread: Thread started: Thread Group - LH 1-60
2021-01-03 18:25:30,240 INFO o.a.j.t.JMeterThread: Thread started: Thread Group - LH 1-61
2021-01-03 18:25:30,251 INFO o.a.j.t.JMeterThread: Thread started: Thread Group - LH 1-62
2021-01-03 18:25:30,259 INFO o.a.j.t.JMeterThread: Thread started: Thread Group - LH 1-63
2021-01-03 18:25:30,270 INFO o.a.j.t.JMeterThread: Thread started: Thread Group - LH 1-64
2021-01-03 18:25:30,280 INFO o.a.j.t.JMeterThread: Thread started: Thread Group - LH 1-65
2021-01-03 18:25:30,290 INFO o.a.j.t.JMeterThread: Thread started: Thread Group - LH 1-66
2021-01-03 18:25:30,300 INFO o.a.j.t.JMeterThread: Thread started: Thread Group - LH 1-67
2021-01-03 18:25:30,311 INFO o.a.j.t.JMeterThread: Thread started: Thread Group - LH 1-68
2021-01-03 18:25:30,321 INFO o.a.j.t.JMeterThread: Thread started: Thread Group - LH 1-69
2021-01-03 18:25:30,331 INFO o.a.j.t.JMeterThread: Thread started: Thread Group - LH 1-70
2021-01-03 18:25:30,341 INFO o.a.j.t.JMeterThread: Thread started: Thread Group - LH 1-71
2021-01-03 18:25:30,350 INFO o.a.j.t.JMeterThread: Thread started: Thread Group - LH 1-72
2021-01-03 18:25:30,360 INFO o.a.j.t.JMeterThread: Thread started: Thread Group - LH 1-73
2021-01-03 18:25:30,371 INFO o.a.j.t.JMeterThread: Thread started: Thread Group - LH 1-74
2021-01-03 18:25:30,380 INFO o.a.j.t.JMeterThread: Thread started: Thread Group - LH 1-75
2021-01-03 18:25:30,390 INFO o.a.j.t.JMeterThread: Thread started: Thread Group - LH 1-76
2021-01-03 18:25:30,400 INFO o.a.j.t.JMeterThread: Thread started: Thread Group - LH 1-77
2021-01-03 18:25:30,410 INFO o.a.j.t.JMeterThread: Thread started: Thread Group - LH 1-78
2021-01-03 18:25:30,421 INFO o.a.j.t.JMeterThread: Thread started: Thread Group - LH 1-79
2021-01-03 18:25:30,430 INFO o.a.j.t.JMeterThread: Thread started: Thread Group - LH 1-80
2021-01-03 18:25:30,444 INFO o.a.j.t.JMeterThread: Thread started: Thread Group - LH 1-81
2021-01-03 18:25:30,450 INFO o.a.j.t.JMeterThread: Thread started: Thread Group - LH 1-82
2021-01-03 18:25:30,460 INFO o.a.j.t.JMeterThread: Thread started: Thread Group - LH 1-83
2021-01-03 18:25:30,469 INFO o.a.j.t.JMeterThread: Thread started: Thread Group - LH 1-84
2021-01-03 18:25:30,480 INFO o.a.j.t.JMeterThread: Thread started: Thread Group - LH 1-85
2021-01-03 18:25:30,490 INFO o.a.j.t.JMeterThread: Thread started: Thread Group - LH 1-86
2021-01-03 18:25:30,500 INFO o.a.j.t.JMeterThread: Thread started: Thread Group - LH 1-87
2021-01-03 18:25:30,509 INFO o.a.j.t.JMeterThread: Thread started: Thread Group - LH 1-88
2021-01-03 18:25:30,520 INFO o.a.j.t.JMeterThread: Thread started: Thread Group - LH 1-89
2021-01-03 18:25:30,530 INFO o.a.j.t.JMeterThread: Thread started: Thread Group - LH 1-90
2021-01-03 18:25:30,540 INFO o.a.j.t.JMeterThread: Thread started: Thread Group - LH 1-91
2021-01-03 18:25:30,549 INFO o.a.j.t.JMeterThread: Thread started: Thread Group - LH 1-92
2021-01-03 18:25:30,560 INFO o.a.j.t.JMeterThread: Thread started: Thread Group - LH 1-93
2021-01-03 18:25:30,570 INFO o.a.j.t.JMeterThread: Thread started: Thread Group - LH 1-94
2021-01-03 18:25:30,580 INFO o.a.j.t.JMeterThread: Thread started: Thread Group - LH 1-95
2021-01-03 18:25:30,590 INFO o.a.j.t.JMeterThread: Thread started: Thread Group - LH 1-96
2021-01-03 18:25:30,600 INFO o.a.j.t.JMeterThread: Thread started: Thread Group - LH 1-97
2021-01-03 18:25:30,609 INFO o.a.j.t.JMeterThread: Thread started: Thread Group - LH 1-98
2021-01-03 18:25:30,633 INFO o.a.j.t.JMeterThread: Thread started: Thread Group - LH 1-99
2021-01-03 18:25:30,636 INFO o.a.j.t.JMeterThread: Thread started: Thread Group - LH 1-100
2021-01-03 18:26:00,005 INFO o.a.j.r.Summariser: summary +   3806 in 00:00:30 =  126.9/s Avg:    32 Min:     0 Max:   969 Err:    44 (1.16%) Active: 100 Started: 100 Finished: 0
2021-01-03 18:26:00,006 INFO o.a.j.r.Summariser: summary =   3809 in 00:00:30 =  125.4/s Avg:    32 Min:     0 Max:   969 Err:    44 (1.16%)
2021-01-03 18:26:28,872 INFO o.a.j.t.JMeterThread: Thread finished: Thread Group - LH 1-38
2021-01-03 18:26:28,895 INFO o.a.j.t.JMeterThread: Thread finished: Thread Group - LH 1-86
2021-01-03 18:26:28,905 INFO o.a.j.t.JMeterThread: Thread finished: Thread Group - LH 1-87
2021-01-03 18:26:28,914 INFO o.a.j.t.JMeterThread: Thread finished: Thread Group - LH 1-88
2021-01-03 18:26:28,925 INFO o.a.j.t.JMeterThread: Thread finished: Thread Group - LH 1-89
2021-01-03 18:26:28,936 INFO o.a.j.t.JMeterThread: Thread finished: Thread Group - LH 1-90
2021-01-03 18:26:28,958 INFO o.a.j.t.JMeterThread: Thread finished: Thread Group - LH 1-91
2021-01-03 18:26:28,972 INFO o.a.j.t.JMeterThread: Thread finished: Thread Group - LH 1-92
2021-01-03 18:26:28,976 INFO o.a.j.t.JMeterThread: Thread finished: Thread Group - LH 1-93
2021-01-03 18:26:28,980 INFO o.a.j.t.JMeterThread: Thread finished: Thread Group - LH 1-94
2021-01-03 18:26:28,985 INFO o.a.j.t.JMeterThread: Thread finished: Thread Group - LH 1-95
2021-01-03 18:26:28,996 INFO o.a.j.t.JMeterThread: Thread finished: Thread Group - LH 1-96
2021-01-03 18:26:29,005 INFO o.a.j.t.JMeterThread: Thread finished: Thread Group - LH 1-97
2021-01-03 18:26:29,009 INFO o.a.j.t.JMeterThread: Thread finished: Thread Group - LH 1-39
2021-01-03 18:26:29,013 INFO o.a.j.t.JMeterThread: Thread finished: Thread Group - LH 1-7
2021-01-03 18:26:29,017 INFO o.a.j.t.JMeterThread: Thread finished: Thread Group - LH 1-98
2021-01-03 18:26:29,050 INFO o.a.j.t.JMeterThread: Thread finished: Thread Group - LH 1-1
2021-01-03 18:26:29,059 INFO o.a.j.t.JMeterThread: Thread finished: Thread Group - LH 1-34
2021-01-03 18:26:29,072 INFO o.a.j.t.JMeterThread: Thread finished: Thread Group - LH 1-100
2021-01-03 18:26:29,073 INFO o.a.j.t.JMeterThread: Thread finished: Thread Group - LH 1-99
2021-01-03 18:26:29,074 INFO o.a.j.t.JMeterThread: Thread finished: Thread Group - LH 1-40
2021-01-03 18:26:29,078 INFO o.a.j.t.JMeterThread: Thread finished: Thread Group - LH 1-41
2021-01-03 18:26:29,082 INFO o.a.j.t.JMeterThread: Thread finished: Thread Group - LH 1-9
2021-01-03 18:26:29,094 INFO o.a.j.t.JMeterThread: Thread finished: Thread Group - LH 1-21
2021-01-03 18:26:29,104 INFO o.a.j.t.JMeterThread: Thread finished: Thread Group - LH 1-42
2021-01-03 18:26:29,111 INFO o.a.j.t.JMeterThread: Thread finished: Thread Group - LH 1-36
2021-01-03 18:26:29,121 INFO o.a.j.t.JMeterThread: Thread finished: Thread Group - LH 1-43
2021-01-03 18:26:29,167 INFO o.a.j.t.JMeterThread: Thread finished: Thread Group - LH 1-18
2021-01-03 18:26:29,171 INFO o.a.j.t.JMeterThread: Thread finished: Thread Group - LH 1-44
2021-01-03 18:26:29,175 INFO o.a.j.t.JMeterThread: Thread finished: Thread Group - LH 1-33
2021-01-03 18:26:29,188 INFO o.a.j.t.JMeterThread: Thread finished: Thread Group - LH 1-20
2021-01-03 18:26:29,219 INFO o.a.j.t.JMeterThread: Thread finished: Thread Group - LH 1-46
2021-01-03 18:26:29,223 INFO o.a.j.t.JMeterThread: Thread finished: Thread Group - LH 1-45
2021-01-03 18:26:29,226 INFO o.a.j.t.JMeterThread: Thread finished: Thread Group - LH 1-15
2021-01-03 18:26:29,243 INFO o.a.j.t.JMeterThread: Thread finished: Thread Group - LH 1-47
2021-01-03 18:26:29,248 INFO o.a.j.t.JMeterThread: Thread finished: Thread Group - LH 1-27
2021-01-03 18:26:29,254 INFO o.a.j.t.JMeterThread: Thread finished: Thread Group - LH 1-48
2021-01-03 18:26:29,265 INFO o.a.j.t.JMeterThread: Thread finished: Thread Group - LH 1-35
2021-01-03 18:26:29,271 INFO o.a.j.t.JMeterThread: Thread finished: Thread Group - LH 1-26
2021-01-03 18:26:29,282 INFO o.a.j.t.JMeterThread: Thread finished: Thread Group - LH 1-17
2021-01-03 18:26:29,284 INFO o.a.j.t.JMeterThread: Thread finished: Thread Group - LH 1-49
2021-01-03 18:26:29,289 INFO o.a.j.t.JMeterThread: Thread finished: Thread Group - LH 1-2
2021-01-03 18:26:29,297 INFO o.a.j.t.JMeterThread: Thread finished: Thread Group - LH 1-50
2021-01-03 18:26:29,311 INFO o.a.j.t.JMeterThread: Thread finished: Thread Group - LH 1-51
2021-01-03 18:26:29,324 INFO o.a.j.t.JMeterThread: Thread finished: Thread Group - LH 1-52
2021-01-03 18:26:29,335 INFO o.a.j.t.JMeterThread: Thread finished: Thread Group - LH 1-53
2021-01-03 18:26:29,339 INFO o.a.j.t.JMeterThread: Thread finished: Thread Group - LH 1-30
2021-01-03 18:26:29,355 INFO o.a.j.t.JMeterThread: Thread finished: Thread Group - LH 1-28
2021-01-03 18:26:29,363 INFO o.a.j.t.JMeterThread: Thread finished: Thread Group - LH 1-4
2021-01-03 18:26:29,389 INFO o.a.j.t.JMeterThread: Thread finished: Thread Group - LH 1-54
2021-01-03 18:26:29,395 INFO o.a.j.t.JMeterThread: Thread finished: Thread Group - LH 1-55
2021-01-03 18:26:29,406 INFO o.a.j.t.JMeterThread: Thread finished: Thread Group - LH 1-56
2021-01-03 18:26:29,414 INFO o.a.j.t.JMeterThread: Thread finished: Thread Group - LH 1-24
2021-01-03 18:26:29,416 INFO o.a.j.t.JMeterThread: Thread finished: Thread Group - LH 1-11
2021-01-03 18:26:29,417 INFO o.a.j.t.JMeterThread: Thread finished: Thread Group - LH 1-13
2021-01-03 18:26:29,419 INFO o.a.j.t.JMeterThread: Thread finished: Thread Group - LH 1-37
2021-01-03 18:26:29,420 INFO o.a.j.t.JMeterThread: Thread finished: Thread Group - LH 1-8
2021-01-03 18:26:29,426 INFO o.a.j.t.JMeterThread: Thread finished: Thread Group - LH 1-19
2021-01-03 18:26:29,443 INFO o.a.j.t.JMeterThread: Thread finished: Thread Group - LH 1-59
2021-01-03 18:26:29,444 INFO o.a.j.t.JMeterThread: Thread finished: Thread Group - LH 1-6
2021-01-03 18:26:29,451 INFO o.a.j.t.JMeterThread: Thread finished: Thread Group - LH 1-12
2021-01-03 18:26:29,457 INFO o.a.j.t.JMeterThread: Thread finished: Thread Group - LH 1-10
2021-01-03 18:26:29,460 INFO o.a.j.t.JMeterThread: Thread finished: Thread Group - LH 1-60
2021-01-03 18:26:29,461 INFO o.a.j.t.JMeterThread: Thread finished: Thread Group - LH 1-57
2021-01-03 18:26:29,462 INFO o.a.j.t.JMeterThread: Thread finished: Thread Group - LH 1-16
2021-01-03 18:26:29,463 INFO o.a.j.t.JMeterThread: Thread finished: Thread Group - LH 1-58
2021-01-03 18:26:29,465 INFO o.a.j.t.JMeterThread: Thread finished: Thread Group - LH 1-29
2021-01-03 18:26:29,475 INFO o.a.j.t.JMeterThread: Thread finished: Thread Group - LH 1-5
2021-01-03 18:26:29,478 INFO o.a.j.t.JMeterThread: Thread finished: Thread Group - LH 1-61
2021-01-03 18:26:29,482 INFO o.a.j.t.JMeterThread: Thread finished: Thread Group - LH 1-25
2021-01-03 18:26:29,487 INFO o.a.j.t.JMeterThread: Thread finished: Thread Group - LH 1-65
2021-01-03 18:26:29,491 INFO o.a.j.t.JMeterThread: Thread finished: Thread Group - LH 1-22
2021-01-03 18:26:29,497 INFO o.a.j.t.JMeterThread: Thread finished: Thread Group - LH 1-66
2021-01-03 18:26:29,501 INFO o.a.j.t.JMeterThread: Thread finished: Thread Group - LH 1-32
2021-01-03 18:26:29,510 INFO o.a.j.t.JMeterThread: Thread finished: Thread Group - LH 1-3
2021-01-03 18:26:29,522 INFO o.a.j.t.JMeterThread: Thread finished: Thread Group - LH 1-67
2021-01-03 18:26:29,530 INFO o.a.j.t.JMeterThread: Thread finished: Thread Group - LH 1-31
2021-01-03 18:26:29,532 INFO o.a.j.t.JMeterThread: Thread finished: Thread Group - LH 1-14
2021-01-03 18:26:29,534 INFO o.a.j.t.JMeterThread: Thread finished: Thread Group - LH 1-68
2021-01-03 18:26:29,535 INFO o.a.j.t.JMeterThread: Thread finished: Thread Group - LH 1-69
2021-01-03 18:26:29,539 INFO o.a.j.t.JMeterThread: Thread finished: Thread Group - LH 1-70
2021-01-03 18:26:29,547 INFO o.a.j.t.JMeterThread: Thread finished: Thread Group - LH 1-71
2021-01-03 18:26:29,554 INFO o.a.j.t.JMeterThread: Thread finished: Thread Group - LH 1-72
2021-01-03 18:26:29,565 INFO o.a.j.t.JMeterThread: Thread finished: Thread Group - LH 1-73
2021-01-03 18:26:29,601 INFO o.a.j.t.JMeterThread: Thread finished: Thread Group - LH 1-74
2021-01-03 18:26:29,614 INFO o.a.j.t.JMeterThread: Thread finished: Thread Group - LH 1-77
2021-01-03 18:26:29,620 INFO o.a.j.t.JMeterThread: Thread finished: Thread Group - LH 1-76
2021-01-03 18:26:29,621 INFO o.a.j.t.JMeterThread: Thread finished: Thread Group - LH 1-75
2021-01-03 18:26:29,629 INFO o.a.j.t.JMeterThread: Thread finished: Thread Group - LH 1-78
2021-01-03 18:26:29,630 INFO o.a.j.t.JMeterThread: Thread finished: Thread Group - LH 1-23
2021-01-03 18:26:29,633 INFO o.a.j.t.JMeterThread: Thread finished: Thread Group - LH 1-79
2021-01-03 18:26:29,636 INFO o.a.j.t.JMeterThread: Thread finished: Thread Group - LH 1-80
2021-01-03 18:26:29,664 INFO o.a.j.t.JMeterThread: Thread finished: Thread Group - LH 1-81
2021-01-03 18:26:29,671 INFO o.a.j.t.JMeterThread: Thread finished: Thread Group - LH 1-82
2021-01-03 18:26:29,675 INFO o.a.j.t.JMeterThread: Stopping because end time detected by thread: Thread Group - LH 1-64
2021-01-03 18:26:29,675 INFO o.a.j.t.JMeterThread: Thread finished: Thread Group - LH 1-64
2021-01-03 18:26:29,682 INFO o.a.j.t.JMeterThread: Stopping because end time detected by thread: Thread Group - LH 1-83
2021-01-03 18:26:29,682 INFO o.a.j.t.JMeterThread: Thread finished: Thread Group - LH 1-83
2021-01-03 18:26:29,690 INFO o.a.j.t.JMeterThread: Stopping because end time detected by thread: Thread Group - LH 1-84
2021-01-03 18:26:29,690 INFO o.a.j.t.JMeterThread: Thread finished: Thread Group - LH 1-84
2021-01-03 18:26:29,692 INFO o.a.j.t.JMeterThread: Stopping because end time detected by thread: Thread Group - LH 1-62
2021-01-03 18:26:29,692 INFO o.a.j.t.JMeterThread: Thread finished: Thread Group - LH 1-62
2021-01-03 18:26:29,694 INFO o.a.j.t.JMeterThread: Stopping because end time detected by thread: Thread Group - LH 1-63
2021-01-03 18:26:29,694 INFO o.a.j.t.JMeterThread: Stopping because end time detected by thread: Thread Group - LH 1-85
2021-01-03 18:26:29,694 INFO o.a.j.t.JMeterThread: Thread finished: Thread Group - LH 1-63
2021-01-03 18:26:29,694 INFO o.a.j.t.JMeterThread: Thread finished: Thread Group - LH 1-85
2021-01-03 18:26:29,694 INFO o.a.j.e.StandardJMeterEngine: Notifying test listeners of end of test
2021-01-03 18:26:29,695 INFO o.a.j.r.Summariser: summary +   3712 in 00:00:30 =  125.0/s Avg:    15 Min:     4 Max:   140 Err:     0 (0.00%) Active: 0 Started: 100 Finished: 100
2021-01-03 18:26:29,696 INFO o.a.j.r.Summariser: summary =   7521 in 00:01:00 =  125.2/s Avg:    24 Min:     0 Max:   969 Err:    44 (0.59%)
