2021-01-03 18:09:43,244 INFO o.a.j.u.JMeterUtils: Setting Locale to en_EN
2021-01-03 18:09:43,262 INFO o.a.j.JMeter: Loading user properties from: user.properties
2021-01-03 18:09:43,263 INFO o.a.j.JMeter: Loading system properties from: system.properties
2021-01-03 18:09:43,264 INFO o.a.j.JMeter: Copyright (c) 1998-2020 The Apache Software Foundation
2021-01-03 18:09:43,264 INFO o.a.j.JMeter: Version 5.3
2021-01-03 18:09:43,264 INFO o.a.j.JMeter: java.version=11.0.8
2021-01-03 18:09:43,264 INFO o.a.j.JMeter: java.vm.name=Java HotSpot(TM) 64-Bit Server VM
2021-01-03 18:09:43,264 INFO o.a.j.JMeter: os.name=Windows 10
2021-01-03 18:09:43,265 INFO o.a.j.JMeter: os.arch=amd64
2021-01-03 18:09:43,265 INFO o.a.j.JMeter: os.version=10.0
2021-01-03 18:09:43,265 INFO o.a.j.JMeter: file.encoding=Cp1252
2021-01-03 18:09:43,265 INFO o.a.j.JMeter: java.awt.headless=true
2021-01-03 18:09:43,265 INFO o.a.j.JMeter: Max memory     =1073741824
2021-01-03 18:09:43,265 INFO o.a.j.JMeter: Available Processors =8
2021-01-03 18:09:43,273 INFO o.a.j.JMeter: Default Locale=English (EN)
2021-01-03 18:09:43,274 INFO o.a.j.JMeter: JMeter  Locale=English (EN)
2021-01-03 18:09:43,274 INFO o.a.j.JMeter: JMeterHome=C:\Users\fabio\Documents\Fabio\Università\Magistrale\2°anno\1°semestre\Impianti di Elaborazione\apache-jmeter-5.3
2021-01-03 18:09:43,274 INFO o.a.j.JMeter: user.dir  =C:\Users\fabio\Documents\Fabio\Università\Magistrale\2°anno\1°semestre\Impianti di Elaborazione\apache-jmeter-5.3\bin
2021-01-03 18:09:43,274 INFO o.a.j.JMeter: PWD       =C:\Users\fabio\Documents\Fabio\Università\Magistrale\2°anno\1°semestre\Impianti di Elaborazione\apache-jmeter-5.3\bin
2021-01-03 18:09:43,278 INFO o.a.j.JMeter: IP: 192.168.56.1 Name: LAPTOP-DSVV6SSR FullName: 192.168.56.1
2021-01-03 18:09:43,284 INFO o.a.j.s.FileServer: Default base='C:\Users\fabio\Documents\Fabio\Università\Magistrale\2°anno\1°semestre\Impianti di Elaborazione\apache-jmeter-5.3\bin'
2021-01-03 18:09:43,285 INFO o.a.j.s.FileServer: Set new base='C:\Users\fabio\Documents\Fabio\Università\Magistrale\2°anno\1°semestre\Impianti di Elaborazione\apache-jmeter-5.3\bin'
2021-01-03 18:09:43,407 INFO o.a.j.s.SaveService: Testplan (JMX) version: 2.2. Testlog (JTL) version: 2.2
2021-01-03 18:09:43,424 INFO o.a.j.s.SaveService: Using SaveService properties version 5.0
2021-01-03 18:09:43,428 INFO o.a.j.s.SaveService: Using SaveService properties file encoding UTF-8
2021-01-03 18:09:43,431 INFO o.a.j.s.SaveService: Loading file: DesignofExperiment.jmx
2021-01-03 18:09:43,489 INFO o.a.j.p.h.s.HTTPSamplerBase: Parser for text/html is org.apache.jmeter.protocol.http.parser.LagartoBasedHtmlParser
2021-01-03 18:09:43,489 INFO o.a.j.p.h.s.HTTPSamplerBase: Parser for application/xhtml+xml is org.apache.jmeter.protocol.http.parser.LagartoBasedHtmlParser
2021-01-03 18:09:43,489 INFO o.a.j.p.h.s.HTTPSamplerBase: Parser for application/xml is org.apache.jmeter.protocol.http.parser.LagartoBasedHtmlParser
2021-01-03 18:09:43,490 INFO o.a.j.p.h.s.HTTPSamplerBase: Parser for text/xml is org.apache.jmeter.protocol.http.parser.LagartoBasedHtmlParser
2021-01-03 18:09:43,490 INFO o.a.j.p.h.s.HTTPSamplerBase: Parser for text/vnd.wap.wml is org.apache.jmeter.protocol.http.parser.RegexpHTMLParser
2021-01-03 18:09:43,490 INFO o.a.j.p.h.s.HTTPSamplerBase: Parser for text/css is org.apache.jmeter.protocol.http.parser.CssParser
2021-01-03 18:09:43,514 INFO o.a.j.JMeter: Creating summariser <summary>
2021-01-03 18:09:43,520 INFO o.a.j.e.StandardJMeterEngine: Running the test!
2021-01-03 18:09:43,521 INFO o.a.j.s.SampleEvent: List of sample_variables: []
2021-01-03 18:09:43,521 INFO o.a.j.s.SampleEvent: List of sample_variables: []
2021-01-03 18:09:43,530 INFO o.a.j.e.u.CompoundVariable: Note: Function class names must contain the string: '.functions.'
2021-01-03 18:09:43,530 INFO o.a.j.e.u.CompoundVariable: Note: Function class names must not contain the string: '.gui.'
2021-01-03 18:09:43,805 INFO o.a.j.JMeter: Running test (1609693783805)
2021-01-03 18:09:43,818 INFO o.a.j.e.StandardJMeterEngine: Starting ThreadGroup: 1 : Thread Group - LL
2021-01-03 18:09:43,819 INFO o.a.j.e.StandardJMeterEngine: Starting 100 threads for group Thread Group - LL.
2021-01-03 18:09:43,819 INFO o.a.j.e.StandardJMeterEngine: Thread will continue on error
2021-01-03 18:09:43,819 INFO o.a.j.t.ThreadGroup: Starting thread group... number=1 threads=100 ramp-up=1 delayedStart=false
2021-01-03 18:09:43,827 INFO o.a.j.t.JMeterThread: Thread started: Thread Group - LL 1-1
2021-01-03 18:09:43,835 INFO o.a.j.t.JMeterThread: Thread started: Thread Group - LL 1-2
2021-01-03 18:09:43,845 INFO o.a.j.t.JMeterThread: Thread started: Thread Group - LL 1-3
2021-01-03 18:09:43,853 INFO o.a.j.t.JMeterThread: Thread started: Thread Group - LL 1-4
2021-01-03 18:09:43,862 INFO o.a.j.t.JMeterThread: Thread started: Thread Group - LL 1-5
2021-01-03 18:09:43,862 INFO o.a.j.p.h.s.HTTPHCAbstractImpl: Local host = LAPTOP-DSVV6SSR
2021-01-03 18:09:43,862 INFO o.a.j.t.ThreadGroup: Started thread group number 1
2021-01-03 18:09:43,862 INFO o.a.j.e.StandardJMeterEngine: All thread groups have been started
2021-01-03 18:09:43,867 INFO o.a.j.p.h.s.HTTPHC4Impl: HTTP request retry count = 0
2021-01-03 18:09:43,869 INFO o.a.j.s.SampleResult: Note: Sample TimeStamps are START times
2021-01-03 18:09:43,869 INFO o.a.j.s.SampleResult: sampleresult.default.encoding is set to ISO-8859-1
2021-01-03 18:09:43,869 INFO o.a.j.s.SampleResult: sampleresult.useNanoTime=true
2021-01-03 18:09:43,869 INFO o.a.j.s.SampleResult: sampleresult.nanoThreadSleep=5000
2021-01-03 18:09:43,874 INFO o.a.j.t.JMeterThread: Thread started: Thread Group - LL 1-6
2021-01-03 18:09:43,883 INFO o.a.j.t.JMeterThread: Thread started: Thread Group - LL 1-7
2021-01-03 18:09:43,892 INFO o.a.j.t.JMeterThread: Thread started: Thread Group - LL 1-8
2021-01-03 18:09:43,901 INFO o.a.j.t.JMeterThread: Thread started: Thread Group - LL 1-9
2021-01-03 18:09:43,910 INFO o.a.j.t.JMeterThread: Thread started: Thread Group - LL 1-10
2021-01-03 18:09:43,921 INFO o.a.j.t.JMeterThread: Thread started: Thread Group - LL 1-11
2021-01-03 18:09:43,930 INFO o.a.j.t.JMeterThread: Thread started: Thread Group - LL 1-12
2021-01-03 18:09:43,941 INFO o.a.j.t.JMeterThread: Thread started: Thread Group - LL 1-13
2021-01-03 18:09:43,950 INFO o.a.j.t.JMeterThread: Thread started: Thread Group - LL 1-14
2021-01-03 18:09:43,961 INFO o.a.j.t.JMeterThread: Thread started: Thread Group - LL 1-15
2021-01-03 18:09:43,970 INFO o.a.j.t.JMeterThread: Thread started: Thread Group - LL 1-16
2021-01-03 18:09:43,980 INFO o.a.j.t.JMeterThread: Thread started: Thread Group - LL 1-17
2021-01-03 18:09:43,990 INFO o.a.j.t.JMeterThread: Thread started: Thread Group - LL 1-18
2021-01-03 18:09:44,000 INFO o.a.j.t.JMeterThread: Thread started: Thread Group - LL 1-19
2021-01-03 18:09:44,012 INFO o.a.j.t.JMeterThread: Thread started: Thread Group - LL 1-20
2021-01-03 18:09:44,021 INFO o.a.j.t.JMeterThread: Thread started: Thread Group - LL 1-21
2021-01-03 18:09:44,030 INFO o.a.j.t.JMeterThread: Thread started: Thread Group - LL 1-22
2021-01-03 18:09:44,040 INFO o.a.j.t.JMeterThread: Thread started: Thread Group - LL 1-23
2021-01-03 18:09:44,051 INFO o.a.j.t.JMeterThread: Thread started: Thread Group - LL 1-24
2021-01-03 18:09:44,062 INFO o.a.j.t.JMeterThread: Thread started: Thread Group - LL 1-25
2021-01-03 18:09:44,071 INFO o.a.j.t.JMeterThread: Thread started: Thread Group - LL 1-26
2021-01-03 18:09:44,080 INFO o.a.j.t.JMeterThread: Thread started: Thread Group - LL 1-27
2021-01-03 18:09:44,091 INFO o.a.j.t.JMeterThread: Thread started: Thread Group - LL 1-28
2021-01-03 18:09:44,101 INFO o.a.j.t.JMeterThread: Thread started: Thread Group - LL 1-29
2021-01-03 18:09:44,111 INFO o.a.j.t.JMeterThread: Thread started: Thread Group - LL 1-30
2021-01-03 18:09:44,120 INFO o.a.j.t.JMeterThread: Thread started: Thread Group - LL 1-31
2021-01-03 18:09:44,131 INFO o.a.j.t.JMeterThread: Thread started: Thread Group - LL 1-32
2021-01-03 18:09:44,141 INFO o.a.j.t.JMeterThread: Thread started: Thread Group - LL 1-33
2021-01-03 18:09:44,149 INFO o.a.j.t.JMeterThread: Thread started: Thread Group - LL 1-34
2021-01-03 18:09:44,160 INFO o.a.j.t.JMeterThread: Thread started: Thread Group - LL 1-35
2021-01-03 18:09:44,170 INFO o.a.j.t.JMeterThread: Thread started: Thread Group - LL 1-36
2021-01-03 18:09:44,180 INFO o.a.j.t.JMeterThread: Thread started: Thread Group - LL 1-37
2021-01-03 18:09:44,190 INFO o.a.j.t.JMeterThread: Thread started: Thread Group - LL 1-38
2021-01-03 18:09:44,200 INFO o.a.j.t.JMeterThread: Thread started: Thread Group - LL 1-39
2021-01-03 18:09:44,209 INFO o.a.j.t.JMeterThread: Thread started: Thread Group - LL 1-40
2021-01-03 18:09:44,220 INFO o.a.j.t.JMeterThread: Thread started: Thread Group - LL 1-41
2021-01-03 18:09:44,230 INFO o.a.j.t.JMeterThread: Thread started: Thread Group - LL 1-42
2021-01-03 18:09:44,239 INFO o.a.j.t.JMeterThread: Thread started: Thread Group - LL 1-43
2021-01-03 18:09:44,249 INFO o.a.j.t.JMeterThread: Thread started: Thread Group - LL 1-44
2021-01-03 18:09:44,261 INFO o.a.j.t.JMeterThread: Thread started: Thread Group - LL 1-45
2021-01-03 18:09:44,270 INFO o.a.j.t.JMeterThread: Thread started: Thread Group - LL 1-46
2021-01-03 18:09:44,280 INFO o.a.j.t.JMeterThread: Thread started: Thread Group - LL 1-47
2021-01-03 18:09:44,290 INFO o.a.j.t.JMeterThread: Thread started: Thread Group - LL 1-48
2021-01-03 18:09:44,301 INFO o.a.j.t.JMeterThread: Thread started: Thread Group - LL 1-49
2021-01-03 18:09:44,310 INFO o.a.j.t.JMeterThread: Thread started: Thread Group - LL 1-50
2021-01-03 18:09:44,320 INFO o.a.j.t.JMeterThread: Thread started: Thread Group - LL 1-51
2021-01-03 18:09:44,329 INFO o.a.j.t.JMeterThread: Thread started: Thread Group - LL 1-52
2021-01-03 18:09:44,340 INFO o.a.j.t.JMeterThread: Thread started: Thread Group - LL 1-53
2021-01-03 18:09:44,350 INFO o.a.j.t.JMeterThread: Thread started: Thread Group - LL 1-54
2021-01-03 18:09:44,360 INFO o.a.j.t.JMeterThread: Thread started: Thread Group - LL 1-55
2021-01-03 18:09:44,369 INFO o.a.j.t.JMeterThread: Thread started: Thread Group - LL 1-56
2021-01-03 18:09:44,381 INFO o.a.j.t.JMeterThread: Thread started: Thread Group - LL 1-57
2021-01-03 18:09:44,391 INFO o.a.j.t.JMeterThread: Thread started: Thread Group - LL 1-58
2021-01-03 18:09:44,399 INFO o.a.j.t.JMeterThread: Thread started: Thread Group - LL 1-59
2021-01-03 18:09:44,410 INFO o.a.j.t.JMeterThread: Thread started: Thread Group - LL 1-60
2021-01-03 18:09:44,420 INFO o.a.j.t.JMeterThread: Thread started: Thread Group - LL 1-61
2021-01-03 18:09:44,430 INFO o.a.j.t.JMeterThread: Thread started: Thread Group - LL 1-62
2021-01-03 18:09:44,440 INFO o.a.j.t.JMeterThread: Thread started: Thread Group - LL 1-63
2021-01-03 18:09:44,450 INFO o.a.j.t.JMeterThread: Thread started: Thread Group - LL 1-64
2021-01-03 18:09:44,459 INFO o.a.j.t.JMeterThread: Thread started: Thread Group - LL 1-65
2021-01-03 18:09:44,471 INFO o.a.j.t.JMeterThread: Thread started: Thread Group - LL 1-66
2021-01-03 18:09:44,480 INFO o.a.j.t.JMeterThread: Thread started: Thread Group - LL 1-67
2021-01-03 18:09:44,489 INFO o.a.j.t.JMeterThread: Thread started: Thread Group - LL 1-68
2021-01-03 18:09:44,499 INFO o.a.j.t.JMeterThread: Thread started: Thread Group - LL 1-69
2021-01-03 18:09:44,511 INFO o.a.j.t.JMeterThread: Thread started: Thread Group - LL 1-70
2021-01-03 18:09:44,520 INFO o.a.j.t.JMeterThread: Thread started: Thread Group - LL 1-71
2021-01-03 18:09:44,532 INFO o.a.j.t.JMeterThread: Thread started: Thread Group - LL 1-72
2021-01-03 18:09:44,540 INFO o.a.j.t.JMeterThread: Thread started: Thread Group - LL 1-73
2021-01-03 18:09:44,551 INFO o.a.j.t.JMeterThread: Thread started: Thread Group - LL 1-74
2021-01-03 18:09:44,559 INFO o.a.j.t.JMeterThread: Thread started: Thread Group - LL 1-75
2021-01-03 18:09:44,570 INFO o.a.j.t.JMeterThread: Thread started: Thread Group - LL 1-76
2021-01-03 18:09:44,580 INFO o.a.j.t.JMeterThread: Thread started: Thread Group - LL 1-77
2021-01-03 18:09:44,589 INFO o.a.j.t.JMeterThread: Thread started: Thread Group - LL 1-78
2021-01-03 18:09:44,599 INFO o.a.j.t.JMeterThread: Thread started: Thread Group - LL 1-79
2021-01-03 18:09:44,610 INFO o.a.j.t.JMeterThread: Thread started: Thread Group - LL 1-80
2021-01-03 18:09:44,620 INFO o.a.j.t.JMeterThread: Thread started: Thread Group - LL 1-81
2021-01-03 18:09:44,629 INFO o.a.j.t.JMeterThread: Thread started: Thread Group - LL 1-82
2021-01-03 18:09:44,640 INFO o.a.j.t.JMeterThread: Thread started: Thread Group - LL 1-83
2021-01-03 18:09:44,650 INFO o.a.j.t.JMeterThread: Thread started: Thread Group - LL 1-84
2021-01-03 18:09:44,659 INFO o.a.j.t.JMeterThread: Thread started: Thread Group - LL 1-85
2021-01-03 18:09:44,669 INFO o.a.j.t.JMeterThread: Thread started: Thread Group - LL 1-86
2021-01-03 18:09:44,680 INFO o.a.j.t.JMeterThread: Thread started: Thread Group - LL 1-87
2021-01-03 18:09:44,690 INFO o.a.j.t.JMeterThread: Thread started: Thread Group - LL 1-88
2021-01-03 18:09:44,699 INFO o.a.j.t.JMeterThread: Thread started: Thread Group - LL 1-89
2021-01-03 18:09:44,709 INFO o.a.j.t.JMeterThread: Thread started: Thread Group - LL 1-90
2021-01-03 18:09:44,720 INFO o.a.j.t.JMeterThread: Thread started: Thread Group - LL 1-91
2021-01-03 18:09:44,729 INFO o.a.j.t.JMeterThread: Thread started: Thread Group - LL 1-92
2021-01-03 18:09:44,739 INFO o.a.j.t.JMeterThread: Thread started: Thread Group - LL 1-93
2021-01-03 18:09:44,750 INFO o.a.j.t.JMeterThread: Thread started: Thread Group - LL 1-94
2021-01-03 18:09:44,760 INFO o.a.j.t.JMeterThread: Thread started: Thread Group - LL 1-95
2021-01-03 18:09:44,769 INFO o.a.j.t.JMeterThread: Thread started: Thread Group - LL 1-96
2021-01-03 18:09:44,779 INFO o.a.j.t.JMeterThread: Thread started: Thread Group - LL 1-97
2021-01-03 18:09:44,790 INFO o.a.j.t.JMeterThread: Thread started: Thread Group - LL 1-98
2021-01-03 18:09:44,800 INFO o.a.j.t.JMeterThread: Thread started: Thread Group - LL 1-99
2021-01-03 18:09:44,810 INFO o.a.j.t.JMeterThread: Thread started: Thread Group - LL 1-100
2021-01-03 18:10:00,013 INFO o.a.j.r.Summariser: summary +   2100 in 00:00:16 =  129.6/s Avg:     3 Min:     0 Max:    66 Err:     0 (0.00%) Active: 100 Started: 100 Finished: 0
2021-01-03 18:10:30,002 INFO o.a.j.r.Summariser: summary +   3750 in 00:00:30 =  125.0/s Avg:     2 Min:     0 Max:    32 Err:     0 (0.00%) Active: 100 Started: 100 Finished: 0
2021-01-03 18:10:30,003 INFO o.a.j.r.Summariser: summary =   5850 in 00:00:46 =  126.6/s Avg:     2 Min:     0 Max:    66 Err:     0 (0.00%)
2021-01-03 18:10:43,051 INFO o.a.j.t.JMeterThread: Thread finished: Thread Group - LL 1-50
2021-01-03 18:10:43,084 INFO o.a.j.t.JMeterThread: Thread finished: Thread Group - LL 1-51
2021-01-03 18:10:43,084 INFO o.a.j.t.JMeterThread: Thread finished: Thread Group - LL 1-93
2021-01-03 18:10:43,091 INFO o.a.j.t.JMeterThread: Thread finished: Thread Group - LL 1-52
2021-01-03 18:10:43,092 INFO o.a.j.t.JMeterThread: Thread finished: Thread Group - LL 1-28
2021-01-03 18:10:43,104 INFO o.a.j.t.JMeterThread: Thread finished: Thread Group - LL 1-94
2021-01-03 18:10:43,105 INFO o.a.j.t.JMeterThread: Thread finished: Thread Group - LL 1-13
2021-01-03 18:10:43,121 INFO o.a.j.t.JMeterThread: Thread finished: Thread Group - LL 1-95
2021-01-03 18:10:43,125 INFO o.a.j.t.JMeterThread: Thread finished: Thread Group - LL 1-53
2021-01-03 18:10:43,126 INFO o.a.j.t.JMeterThread: Thread finished: Thread Group - LL 1-29
2021-01-03 18:10:43,127 INFO o.a.j.t.JMeterThread: Thread finished: Thread Group - LL 1-14
2021-01-03 18:10:43,157 INFO o.a.j.t.JMeterThread: Thread finished: Thread Group - LL 1-97
2021-01-03 18:10:43,160 INFO o.a.j.t.JMeterThread: Thread finished: Thread Group - LL 1-54
2021-01-03 18:10:43,161 INFO o.a.j.t.JMeterThread: Thread finished: Thread Group - LL 1-30
2021-01-03 18:10:43,165 INFO o.a.j.t.JMeterThread: Thread finished: Thread Group - LL 1-15
2021-01-03 18:10:43,194 INFO o.a.j.t.JMeterThread: Thread finished: Thread Group - LL 1-99
2021-01-03 18:10:43,195 INFO o.a.j.t.JMeterThread: Thread finished: Thread Group - LL 1-55
2021-01-03 18:10:43,211 INFO o.a.j.t.JMeterThread: Thread finished: Thread Group - LL 1-100
2021-01-03 18:10:43,217 INFO o.a.j.t.JMeterThread: Thread finished: Thread Group - LL 1-31
2021-01-03 18:10:43,218 INFO o.a.j.t.JMeterThread: Thread finished: Thread Group - LL 1-56
2021-01-03 18:10:43,220 INFO o.a.j.t.JMeterThread: Thread finished: Thread Group - LL 1-16
2021-01-03 18:10:43,239 INFO o.a.j.t.JMeterThread: Thread finished: Thread Group - LL 1-57
2021-01-03 18:10:43,257 INFO o.a.j.t.JMeterThread: Thread finished: Thread Group - LL 1-58
2021-01-03 18:10:43,260 INFO o.a.j.t.JMeterThread: Thread finished: Thread Group - LL 1-32
2021-01-03 18:10:43,261 INFO o.a.j.t.JMeterThread: Thread finished: Thread Group - LL 1-17
2021-01-03 18:10:43,273 INFO o.a.j.t.JMeterThread: Thread finished: Thread Group - LL 1-59
2021-01-03 18:10:43,279 INFO o.a.j.t.JMeterThread: Thread finished: Thread Group - LL 1-33
2021-01-03 18:10:43,291 INFO o.a.j.t.JMeterThread: Thread finished: Thread Group - LL 1-60
2021-01-03 18:10:43,310 INFO o.a.j.t.JMeterThread: Thread finished: Thread Group - LL 1-61
2021-01-03 18:10:43,311 INFO o.a.j.t.JMeterThread: Thread finished: Thread Group - LL 1-34
2021-01-03 18:10:43,313 INFO o.a.j.t.JMeterThread: Thread finished: Thread Group - LL 1-18
2021-01-03 18:10:43,328 INFO o.a.j.t.JMeterThread: Thread finished: Thread Group - LL 1-62
2021-01-03 18:10:43,346 INFO o.a.j.t.JMeterThread: Thread finished: Thread Group - LL 1-35
2021-01-03 18:10:43,353 INFO o.a.j.t.JMeterThread: Thread finished: Thread Group - LL 1-63
2021-01-03 18:10:43,356 INFO o.a.j.t.JMeterThread: Thread finished: Thread Group - LL 1-19
2021-01-03 18:10:43,357 INFO o.a.j.t.JMeterThread: Thread finished: Thread Group - LL 1-3
2021-01-03 18:10:43,364 INFO o.a.j.t.JMeterThread: Thread finished: Thread Group - LL 1-64
2021-01-03 18:10:43,380 INFO o.a.j.t.JMeterThread: Thread finished: Thread Group - LL 1-1
2021-01-03 18:10:43,381 INFO o.a.j.t.JMeterThread: Thread finished: Thread Group - LL 1-2
2021-01-03 18:10:43,381 INFO o.a.j.t.JMeterThread: Thread finished: Thread Group - LL 1-65
2021-01-03 18:10:43,382 INFO o.a.j.t.JMeterThread: Thread finished: Thread Group - LL 1-36
2021-01-03 18:10:43,385 INFO o.a.j.t.JMeterThread: Thread finished: Thread Group - LL 1-4
2021-01-03 18:10:43,385 INFO o.a.j.t.JMeterThread: Thread finished: Thread Group - LL 1-20
2021-01-03 18:10:43,401 INFO o.a.j.t.JMeterThread: Thread finished: Thread Group - LL 1-66
2021-01-03 18:10:43,406 INFO o.a.j.t.JMeterThread: Thread finished: Thread Group - LL 1-37
2021-01-03 18:10:43,408 INFO o.a.j.t.JMeterThread: Thread finished: Thread Group - LL 1-5
2021-01-03 18:10:43,435 INFO o.a.j.t.JMeterThread: Thread finished: Thread Group - LL 1-68
2021-01-03 18:10:43,453 INFO o.a.j.t.JMeterThread: Thread finished: Thread Group - LL 1-69
2021-01-03 18:10:43,471 INFO o.a.j.t.JMeterThread: Thread finished: Thread Group - LL 1-21
2021-01-03 18:10:43,472 INFO o.a.j.t.JMeterThread: Thread finished: Thread Group - LL 1-38
2021-01-03 18:10:43,476 INFO o.a.j.t.JMeterThread: Thread finished: Thread Group - LL 1-6
2021-01-03 18:10:43,482 INFO o.a.j.t.JMeterThread: Thread finished: Thread Group - LL 1-70
2021-01-03 18:10:43,490 INFO o.a.j.t.JMeterThread: Thread finished: Thread Group - LL 1-39
2021-01-03 18:10:43,495 INFO o.a.j.t.JMeterThread: Thread finished: Thread Group - LL 1-22
2021-01-03 18:10:43,499 INFO o.a.j.t.JMeterThread: Thread finished: Thread Group - LL 1-71
2021-01-03 18:10:43,508 INFO o.a.j.t.JMeterThread: Thread finished: Thread Group - LL 1-40
2021-01-03 18:10:43,520 INFO o.a.j.t.JMeterThread: Thread finished: Thread Group - LL 1-7
2021-01-03 18:10:43,521 INFO o.a.j.t.JMeterThread: Thread finished: Thread Group - LL 1-72
2021-01-03 18:10:43,526 INFO o.a.j.t.JMeterThread: Thread finished: Thread Group - LL 1-73
2021-01-03 18:10:43,533 INFO o.a.j.t.JMeterThread: Thread finished: Thread Group - LL 1-41
2021-01-03 18:10:43,544 INFO o.a.j.t.JMeterThread: Thread finished: Thread Group - LL 1-74
2021-01-03 18:10:43,545 INFO o.a.j.t.JMeterThread: Thread finished: Thread Group - LL 1-23
2021-01-03 18:10:43,549 INFO o.a.j.t.JMeterThread: Thread finished: Thread Group - LL 1-8
2021-01-03 18:10:43,567 INFO o.a.j.t.JMeterThread: Thread finished: Thread Group - LL 1-42
2021-01-03 18:10:43,579 INFO o.a.j.t.JMeterThread: Thread finished: Thread Group - LL 1-76
2021-01-03 18:10:43,602 INFO o.a.j.t.JMeterThread: Thread finished: Thread Group - LL 1-43
2021-01-03 18:10:43,606 INFO o.a.j.t.JMeterThread: Thread finished: Thread Group - LL 1-77
2021-01-03 18:10:43,612 INFO o.a.j.t.JMeterThread: Thread finished: Thread Group - LL 1-24
2021-01-03 18:10:43,615 INFO o.a.j.t.JMeterThread: Thread finished: Thread Group - LL 1-78
2021-01-03 18:10:43,633 INFO o.a.j.t.JMeterThread: Thread finished: Thread Group - LL 1-79
2021-01-03 18:10:43,634 INFO o.a.j.t.JMeterThread: Thread finished: Thread Group - LL 1-44
2021-01-03 18:10:43,638 INFO o.a.j.t.JMeterThread: Thread finished: Thread Group - LL 1-9
2021-01-03 18:10:43,651 INFO o.a.j.t.JMeterThread: Thread finished: Thread Group - LL 1-80
2021-01-03 18:10:43,670 INFO o.a.j.t.JMeterThread: Thread finished: Thread Group - LL 1-45
2021-01-03 18:10:43,677 INFO o.a.j.t.JMeterThread: Thread finished: Thread Group - LL 1-81
2021-01-03 18:10:43,680 INFO o.a.j.t.JMeterThread: Thread finished: Thread Group - LL 1-25
2021-01-03 18:10:43,687 INFO o.a.j.t.JMeterThread: Thread finished: Thread Group - LL 1-82
2021-01-03 18:10:43,695 INFO o.a.j.t.JMeterThread: Thread finished: Thread Group - LL 1-46
2021-01-03 18:10:43,707 INFO o.a.j.t.JMeterThread: Thread finished: Thread Group - LL 1-83
2021-01-03 18:10:43,724 INFO o.a.j.t.JMeterThread: Thread finished: Thread Group - LL 1-84
2021-01-03 18:10:43,728 INFO o.a.j.t.JMeterThread: Thread finished: Thread Group - LL 1-10
2021-01-03 18:10:43,730 INFO o.a.j.t.JMeterThread: Thread finished: Thread Group - LL 1-47
2021-01-03 18:10:43,738 INFO o.a.j.t.JMeterThread: Thread finished: Thread Group - LL 1-26
2021-01-03 18:10:43,739 INFO o.a.j.t.JMeterThread: Thread finished: Thread Group - LL 1-11
2021-01-03 18:10:43,741 INFO o.a.j.t.JMeterThread: Thread finished: Thread Group - LL 1-85
2021-01-03 18:10:43,759 INFO o.a.j.t.JMeterThread: Thread finished: Thread Group - LL 1-86
2021-01-03 18:10:43,763 INFO o.a.j.t.JMeterThread: Thread finished: Thread Group - LL 1-48
2021-01-03 18:10:43,785 INFO o.a.j.t.JMeterThread: Thread finished: Thread Group - LL 1-87
2021-01-03 18:10:43,795 INFO o.a.j.t.JMeterThread: Thread finished: Thread Group - LL 1-88
2021-01-03 18:10:43,812 INFO o.a.j.t.JMeterThread: Thread finished: Thread Group - LL 1-89
2021-01-03 18:10:43,816 INFO o.a.j.t.JMeterThread: Thread finished: Thread Group - LL 1-49
2021-01-03 18:10:43,825 INFO o.a.j.t.JMeterThread: Thread finished: Thread Group - LL 1-27
2021-01-03 18:10:43,830 INFO o.a.j.t.JMeterThread: Thread finished: Thread Group - LL 1-12
2021-01-03 18:10:43,838 INFO o.a.j.t.JMeterThread: Thread finished: Thread Group - LL 1-90
2021-01-03 18:10:43,850 INFO o.a.j.t.JMeterThread: Thread finished: Thread Group - LL 1-67
2021-01-03 18:10:43,850 INFO o.a.j.t.JMeterThread: Thread finished: Thread Group - LL 1-91
2021-01-03 18:10:43,851 INFO o.a.j.t.JMeterThread: Thread finished: Thread Group - LL 1-96
2021-01-03 18:10:43,856 INFO o.a.j.t.JMeterThread: Thread finished: Thread Group - LL 1-98
2021-01-03 18:10:43,857 INFO o.a.j.t.JMeterThread: Stopping because end time detected by thread: Thread Group - LL 1-75
2021-01-03 18:10:43,858 INFO o.a.j.t.JMeterThread: Thread finished: Thread Group - LL 1-75
2021-01-03 18:10:43,859 INFO o.a.j.t.JMeterThread: Thread finished: Thread Group - LL 1-92
2021-01-03 18:10:43,859 INFO o.a.j.e.StandardJMeterEngine: Notifying test listeners of end of test
2021-01-03 18:10:43,860 INFO o.a.j.r.Summariser: summary +   1734 in 00:00:14 =  125.1/s Avg:     2 Min:     0 Max:    23 Err:     0 (0.00%) Active: 0 Started: 100 Finished: 100
2021-01-03 18:10:43,862 INFO o.a.j.r.Summariser: summary =   7584 in 00:01:00 =  126.3/s Avg:     2 Min:     0 Max:    66 Err:     0 (0.00%)
