2021-01-03 18:03:09,882 INFO o.a.j.u.JMeterUtils: Setting Locale to en_EN
2021-01-03 18:03:09,902 INFO o.a.j.JMeter: Loading user properties from: user.properties
2021-01-03 18:03:09,902 INFO o.a.j.JMeter: Loading system properties from: system.properties
2021-01-03 18:03:09,904 INFO o.a.j.JMeter: Copyright (c) 1998-2020 The Apache Software Foundation
2021-01-03 18:03:09,904 INFO o.a.j.JMeter: Version 5.3
2021-01-03 18:03:09,904 INFO o.a.j.JMeter: java.version=11.0.8
2021-01-03 18:03:09,904 INFO o.a.j.JMeter: java.vm.name=Java HotSpot(TM) 64-Bit Server VM
2021-01-03 18:03:09,905 INFO o.a.j.JMeter: os.name=Windows 10
2021-01-03 18:03:09,905 INFO o.a.j.JMeter: os.arch=amd64
2021-01-03 18:03:09,905 INFO o.a.j.JMeter: os.version=10.0
2021-01-03 18:03:09,905 INFO o.a.j.JMeter: file.encoding=Cp1252
2021-01-03 18:03:09,905 INFO o.a.j.JMeter: java.awt.headless=true
2021-01-03 18:03:09,905 INFO o.a.j.JMeter: Max memory     =1073741824
2021-01-03 18:03:09,905 INFO o.a.j.JMeter: Available Processors =8
2021-01-03 18:03:09,914 INFO o.a.j.JMeter: Default Locale=English (EN)
2021-01-03 18:03:09,915 INFO o.a.j.JMeter: JMeter  Locale=English (EN)
2021-01-03 18:03:09,915 INFO o.a.j.JMeter: JMeterHome=C:\Users\fabio\Documents\Fabio\Università\Magistrale\2°anno\1°semestre\Impianti di Elaborazione\apache-jmeter-5.3
2021-01-03 18:03:09,915 INFO o.a.j.JMeter: user.dir  =C:\Users\fabio\Documents\Fabio\Università\Magistrale\2°anno\1°semestre\Impianti di Elaborazione\apache-jmeter-5.3\bin
2021-01-03 18:03:09,916 INFO o.a.j.JMeter: PWD       =C:\Users\fabio\Documents\Fabio\Università\Magistrale\2°anno\1°semestre\Impianti di Elaborazione\apache-jmeter-5.3\bin
2021-01-03 18:03:09,920 INFO o.a.j.JMeter: IP: 192.168.56.1 Name: LAPTOP-DSVV6SSR FullName: 192.168.56.1
2021-01-03 18:03:09,928 INFO o.a.j.s.FileServer: Default base='C:\Users\fabio\Documents\Fabio\Università\Magistrale\2°anno\1°semestre\Impianti di Elaborazione\apache-jmeter-5.3\bin'
2021-01-03 18:03:09,931 INFO o.a.j.s.FileServer: Set new base='C:\Users\fabio\Documents\Fabio\Università\Magistrale\2°anno\1°semestre\Impianti di Elaborazione\apache-jmeter-5.3\bin'
2021-01-03 18:03:10,057 INFO o.a.j.s.SaveService: Testplan (JMX) version: 2.2. Testlog (JTL) version: 2.2
2021-01-03 18:03:10,078 INFO o.a.j.s.SaveService: Using SaveService properties version 5.0
2021-01-03 18:03:10,082 INFO o.a.j.s.SaveService: Using SaveService properties file encoding UTF-8
2021-01-03 18:03:10,084 INFO o.a.j.s.SaveService: Loading file: DesignofExperiment.jmx
2021-01-03 18:03:10,144 INFO o.a.j.p.h.s.HTTPSamplerBase: Parser for text/html is org.apache.jmeter.protocol.http.parser.LagartoBasedHtmlParser
2021-01-03 18:03:10,144 INFO o.a.j.p.h.s.HTTPSamplerBase: Parser for application/xhtml+xml is org.apache.jmeter.protocol.http.parser.LagartoBasedHtmlParser
2021-01-03 18:03:10,144 INFO o.a.j.p.h.s.HTTPSamplerBase: Parser for application/xml is org.apache.jmeter.protocol.http.parser.LagartoBasedHtmlParser
2021-01-03 18:03:10,144 INFO o.a.j.p.h.s.HTTPSamplerBase: Parser for text/xml is org.apache.jmeter.protocol.http.parser.LagartoBasedHtmlParser
2021-01-03 18:03:10,144 INFO o.a.j.p.h.s.HTTPSamplerBase: Parser for text/vnd.wap.wml is org.apache.jmeter.protocol.http.parser.RegexpHTMLParser
2021-01-03 18:03:10,144 INFO o.a.j.p.h.s.HTTPSamplerBase: Parser for text/css is org.apache.jmeter.protocol.http.parser.CssParser
2021-01-03 18:03:10,170 INFO o.a.j.JMeter: Creating summariser <summary>
2021-01-03 18:03:10,176 INFO o.a.j.e.StandardJMeterEngine: Running the test!
2021-01-03 18:03:10,177 INFO o.a.j.s.SampleEvent: List of sample_variables: []
2021-01-03 18:03:10,178 INFO o.a.j.s.SampleEvent: List of sample_variables: []
2021-01-03 18:03:10,187 INFO o.a.j.e.u.CompoundVariable: Note: Function class names must contain the string: '.functions.'
2021-01-03 18:03:10,187 INFO o.a.j.e.u.CompoundVariable: Note: Function class names must not contain the string: '.gui.'
2021-01-03 18:03:10,468 INFO o.a.j.JMeter: Running test (1609693390468)
2021-01-03 18:03:10,481 INFO o.a.j.e.StandardJMeterEngine: Starting ThreadGroup: 1 : Thread Group - LL
2021-01-03 18:03:10,482 INFO o.a.j.e.StandardJMeterEngine: Starting 100 threads for group Thread Group - LL.
2021-01-03 18:03:10,482 INFO o.a.j.e.StandardJMeterEngine: Thread will continue on error
2021-01-03 18:03:10,482 INFO o.a.j.t.ThreadGroup: Starting thread group... number=1 threads=100 ramp-up=1 delayedStart=false
2021-01-03 18:03:10,494 INFO o.a.j.t.JMeterThread: Thread started: Thread Group - LL 1-1
2021-01-03 18:03:10,500 INFO o.a.j.t.JMeterThread: Thread started: Thread Group - LL 1-2
2021-01-03 18:03:10,507 INFO o.a.j.t.JMeterThread: Thread started: Thread Group - LL 1-3
2021-01-03 18:03:10,515 INFO o.a.j.t.JMeterThread: Thread started: Thread Group - LL 1-4
2021-01-03 18:03:10,525 INFO o.a.j.t.JMeterThread: Thread started: Thread Group - LL 1-5
2021-01-03 18:03:10,530 INFO o.a.j.p.h.s.HTTPHCAbstractImpl: Local host = LAPTOP-DSVV6SSR
2021-01-03 18:03:10,532 INFO o.a.j.t.ThreadGroup: Started thread group number 1
2021-01-03 18:03:10,532 INFO o.a.j.e.StandardJMeterEngine: All thread groups have been started
2021-01-03 18:03:10,536 INFO o.a.j.t.JMeterThread: Thread started: Thread Group - LL 1-6
2021-01-03 18:03:10,538 INFO o.a.j.p.h.s.HTTPHC4Impl: HTTP request retry count = 0
2021-01-03 18:03:10,539 INFO o.a.j.s.SampleResult: Note: Sample TimeStamps are START times
2021-01-03 18:03:10,539 INFO o.a.j.s.SampleResult: sampleresult.default.encoding is set to ISO-8859-1
2021-01-03 18:03:10,540 INFO o.a.j.s.SampleResult: sampleresult.useNanoTime=true
2021-01-03 18:03:10,540 INFO o.a.j.s.SampleResult: sampleresult.nanoThreadSleep=5000
2021-01-03 18:03:10,546 INFO o.a.j.t.JMeterThread: Thread started: Thread Group - LL 1-7
2021-01-03 18:03:10,554 INFO o.a.j.t.JMeterThread: Thread started: Thread Group - LL 1-8
2021-01-03 18:03:10,563 INFO o.a.j.t.JMeterThread: Thread started: Thread Group - LL 1-9
2021-01-03 18:03:10,573 INFO o.a.j.t.JMeterThread: Thread started: Thread Group - LL 1-10
2021-01-03 18:03:10,583 INFO o.a.j.t.JMeterThread: Thread started: Thread Group - LL 1-11
2021-01-03 18:03:10,593 INFO o.a.j.t.JMeterThread: Thread started: Thread Group - LL 1-12
2021-01-03 18:03:10,604 INFO o.a.j.t.JMeterThread: Thread started: Thread Group - LL 1-13
2021-01-03 18:03:10,613 INFO o.a.j.t.JMeterThread: Thread started: Thread Group - LL 1-14
2021-01-03 18:03:10,623 INFO o.a.j.t.JMeterThread: Thread started: Thread Group - LL 1-15
2021-01-03 18:03:10,632 INFO o.a.j.t.JMeterThread: Thread started: Thread Group - LL 1-16
2021-01-03 18:03:10,643 INFO o.a.j.t.JMeterThread: Thread started: Thread Group - LL 1-17
2021-01-03 18:03:10,653 INFO o.a.j.t.JMeterThread: Thread started: Thread Group - LL 1-18
2021-01-03 18:03:10,662 INFO o.a.j.t.JMeterThread: Thread started: Thread Group - LL 1-19
2021-01-03 18:03:10,673 INFO o.a.j.t.JMeterThread: Thread started: Thread Group - LL 1-20
2021-01-03 18:03:10,683 INFO o.a.j.t.JMeterThread: Thread started: Thread Group - LL 1-21
2021-01-03 18:03:10,692 INFO o.a.j.t.JMeterThread: Thread started: Thread Group - LL 1-22
2021-01-03 18:03:10,705 INFO o.a.j.t.JMeterThread: Thread started: Thread Group - LL 1-23
2021-01-03 18:03:10,714 INFO o.a.j.t.JMeterThread: Thread started: Thread Group - LL 1-24
2021-01-03 18:03:10,724 INFO o.a.j.t.JMeterThread: Thread started: Thread Group - LL 1-25
2021-01-03 18:03:10,733 INFO o.a.j.t.JMeterThread: Thread started: Thread Group - LL 1-26
2021-01-03 18:03:10,744 INFO o.a.j.t.JMeterThread: Thread started: Thread Group - LL 1-27
2021-01-03 18:03:10,755 INFO o.a.j.t.JMeterThread: Thread started: Thread Group - LL 1-28
2021-01-03 18:03:10,764 INFO o.a.j.t.JMeterThread: Thread started: Thread Group - LL 1-29
2021-01-03 18:03:10,774 INFO o.a.j.t.JMeterThread: Thread started: Thread Group - LL 1-30
2021-01-03 18:03:10,784 INFO o.a.j.t.JMeterThread: Thread started: Thread Group - LL 1-31
2021-01-03 18:03:10,792 INFO o.a.j.t.JMeterThread: Thread started: Thread Group - LL 1-32
2021-01-03 18:03:10,803 INFO o.a.j.t.JMeterThread: Thread started: Thread Group - LL 1-33
2021-01-03 18:03:10,814 INFO o.a.j.t.JMeterThread: Thread started: Thread Group - LL 1-34
2021-01-03 18:03:10,824 INFO o.a.j.t.JMeterThread: Thread started: Thread Group - LL 1-35
2021-01-03 18:03:10,832 INFO o.a.j.t.JMeterThread: Thread started: Thread Group - LL 1-36
2021-01-03 18:03:10,844 INFO o.a.j.t.JMeterThread: Thread started: Thread Group - LL 1-37
2021-01-03 18:03:10,854 INFO o.a.j.t.JMeterThread: Thread started: Thread Group - LL 1-38
2021-01-03 18:03:10,863 INFO o.a.j.t.JMeterThread: Thread started: Thread Group - LL 1-39
2021-01-03 18:03:10,873 INFO o.a.j.t.JMeterThread: Thread started: Thread Group - LL 1-40
2021-01-03 18:03:10,884 INFO o.a.j.t.JMeterThread: Thread started: Thread Group - LL 1-41
2021-01-03 18:03:10,893 INFO o.a.j.t.JMeterThread: Thread started: Thread Group - LL 1-42
2021-01-03 18:03:10,904 INFO o.a.j.t.JMeterThread: Thread started: Thread Group - LL 1-43
2021-01-03 18:03:10,913 INFO o.a.j.t.JMeterThread: Thread started: Thread Group - LL 1-44
2021-01-03 18:03:10,923 INFO o.a.j.t.JMeterThread: Thread started: Thread Group - LL 1-45
2021-01-03 18:03:10,934 INFO o.a.j.t.JMeterThread: Thread started: Thread Group - LL 1-46
2021-01-03 18:03:10,945 INFO o.a.j.t.JMeterThread: Thread started: Thread Group - LL 1-47
2021-01-03 18:03:10,953 INFO o.a.j.t.JMeterThread: Thread started: Thread Group - LL 1-48
2021-01-03 18:03:10,962 INFO o.a.j.t.JMeterThread: Thread started: Thread Group - LL 1-49
2021-01-03 18:03:10,974 INFO o.a.j.t.JMeterThread: Thread started: Thread Group - LL 1-50
2021-01-03 18:03:10,984 INFO o.a.j.t.JMeterThread: Thread started: Thread Group - LL 1-51
2021-01-03 18:03:10,994 INFO o.a.j.t.JMeterThread: Thread started: Thread Group - LL 1-52
2021-01-03 18:03:11,002 INFO o.a.j.t.JMeterThread: Thread started: Thread Group - LL 1-53
2021-01-03 18:03:11,014 INFO o.a.j.t.JMeterThread: Thread started: Thread Group - LL 1-54
2021-01-03 18:03:11,024 INFO o.a.j.t.JMeterThread: Thread started: Thread Group - LL 1-55
2021-01-03 18:03:11,033 INFO o.a.j.t.JMeterThread: Thread started: Thread Group - LL 1-56
2021-01-03 18:03:11,042 INFO o.a.j.t.JMeterThread: Thread started: Thread Group - LL 1-57
2021-01-03 18:03:11,054 INFO o.a.j.t.JMeterThread: Thread started: Thread Group - LL 1-58
2021-01-03 18:03:11,063 INFO o.a.j.t.JMeterThread: Thread started: Thread Group - LL 1-59
2021-01-03 18:03:11,073 INFO o.a.j.t.JMeterThread: Thread started: Thread Group - LL 1-60
2021-01-03 18:03:11,083 INFO o.a.j.t.JMeterThread: Thread started: Thread Group - LL 1-61
2021-01-03 18:03:11,094 INFO o.a.j.t.JMeterThread: Thread started: Thread Group - LL 1-62
2021-01-03 18:03:11,103 INFO o.a.j.t.JMeterThread: Thread started: Thread Group - LL 1-63
2021-01-03 18:03:11,114 INFO o.a.j.t.JMeterThread: Thread started: Thread Group - LL 1-64
2021-01-03 18:03:11,123 INFO o.a.j.t.JMeterThread: Thread started: Thread Group - LL 1-65
2021-01-03 18:03:11,133 INFO o.a.j.t.JMeterThread: Thread started: Thread Group - LL 1-66
2021-01-03 18:03:11,144 INFO o.a.j.t.JMeterThread: Thread started: Thread Group - LL 1-67
2021-01-03 18:03:11,154 INFO o.a.j.t.JMeterThread: Thread started: Thread Group - LL 1-68
2021-01-03 18:03:11,163 INFO o.a.j.t.JMeterThread: Thread started: Thread Group - LL 1-69
2021-01-03 18:03:11,173 INFO o.a.j.t.JMeterThread: Thread started: Thread Group - LL 1-70
2021-01-03 18:03:11,183 INFO o.a.j.t.JMeterThread: Thread started: Thread Group - LL 1-71
2021-01-03 18:03:11,193 INFO o.a.j.t.JMeterThread: Thread started: Thread Group - LL 1-72
2021-01-03 18:03:11,203 INFO o.a.j.t.JMeterThread: Thread started: Thread Group - LL 1-73
2021-01-03 18:03:11,213 INFO o.a.j.t.JMeterThread: Thread started: Thread Group - LL 1-74
2021-01-03 18:03:11,223 INFO o.a.j.t.JMeterThread: Thread started: Thread Group - LL 1-75
2021-01-03 18:03:11,234 INFO o.a.j.t.JMeterThread: Thread started: Thread Group - LL 1-76
2021-01-03 18:03:11,243 INFO o.a.j.t.JMeterThread: Thread started: Thread Group - LL 1-77
2021-01-03 18:03:11,252 INFO o.a.j.t.JMeterThread: Thread started: Thread Group - LL 1-78
2021-01-03 18:03:11,264 INFO o.a.j.t.JMeterThread: Thread started: Thread Group - LL 1-79
2021-01-03 18:03:11,274 INFO o.a.j.t.JMeterThread: Thread started: Thread Group - LL 1-80
2021-01-03 18:03:11,282 INFO o.a.j.t.JMeterThread: Thread started: Thread Group - LL 1-81
2021-01-03 18:03:11,292 INFO o.a.j.t.JMeterThread: Thread started: Thread Group - LL 1-82
2021-01-03 18:03:11,304 INFO o.a.j.t.JMeterThread: Thread started: Thread Group - LL 1-83
2021-01-03 18:03:11,314 INFO o.a.j.t.JMeterThread: Thread started: Thread Group - LL 1-84
2021-01-03 18:03:11,322 INFO o.a.j.t.JMeterThread: Thread started: Thread Group - LL 1-85
2021-01-03 18:03:11,333 INFO o.a.j.t.JMeterThread: Thread started: Thread Group - LL 1-86
2021-01-03 18:03:11,344 INFO o.a.j.t.JMeterThread: Thread started: Thread Group - LL 1-87
2021-01-03 18:03:11,353 INFO o.a.j.t.JMeterThread: Thread started: Thread Group - LL 1-88
2021-01-03 18:03:11,362 INFO o.a.j.t.JMeterThread: Thread started: Thread Group - LL 1-89
2021-01-03 18:03:11,373 INFO o.a.j.t.JMeterThread: Thread started: Thread Group - LL 1-90
2021-01-03 18:03:11,383 INFO o.a.j.t.JMeterThread: Thread started: Thread Group - LL 1-91
2021-01-03 18:03:11,393 INFO o.a.j.t.JMeterThread: Thread started: Thread Group - LL 1-92
2021-01-03 18:03:11,403 INFO o.a.j.t.JMeterThread: Thread started: Thread Group - LL 1-93
2021-01-03 18:03:11,413 INFO o.a.j.t.JMeterThread: Thread started: Thread Group - LL 1-94
2021-01-03 18:03:11,422 INFO o.a.j.t.JMeterThread: Thread started: Thread Group - LL 1-95
2021-01-03 18:03:11,435 INFO o.a.j.t.JMeterThread: Thread started: Thread Group - LL 1-96
2021-01-03 18:03:11,443 INFO o.a.j.t.JMeterThread: Thread started: Thread Group - LL 1-97
2021-01-03 18:03:11,453 INFO o.a.j.t.JMeterThread: Thread started: Thread Group - LL 1-98
2021-01-03 18:03:11,463 INFO o.a.j.t.JMeterThread: Thread started: Thread Group - LL 1-99
2021-01-03 18:03:11,474 INFO o.a.j.t.JMeterThread: Thread started: Thread Group - LL 1-100
2021-01-03 18:03:30,016 INFO o.a.j.r.Summariser: summary +   2514 in 00:00:20 =  128.6/s Avg:     3 Min:     0 Max:    68 Err:     0 (0.00%) Active: 100 Started: 100 Finished: 0
2021-01-03 18:04:00,007 INFO o.a.j.r.Summariser: summary +   3750 in 00:00:30 =  125.0/s Avg:     2 Min:     0 Max:    34 Err:     0 (0.00%) Active: 100 Started: 100 Finished: 0
2021-01-03 18:04:00,010 INFO o.a.j.r.Summariser: summary =   6264 in 00:00:50 =  126.4/s Avg:     2 Min:     0 Max:    68 Err:     0 (0.00%)
2021-01-03 18:04:09,729 INFO o.a.j.t.JMeterThread: Thread finished: Thread Group - LL 1-11
2021-01-03 18:04:09,730 INFO o.a.j.t.JMeterThread: Thread finished: Thread Group - LL 1-51
2021-01-03 18:04:09,749 INFO o.a.j.t.JMeterThread: Thread finished: Thread Group - LL 1-93
2021-01-03 18:04:09,756 INFO o.a.j.t.JMeterThread: Thread finished: Thread Group - LL 1-52
2021-01-03 18:04:09,766 INFO o.a.j.t.JMeterThread: Thread finished: Thread Group - LL 1-29
2021-01-03 18:04:09,785 INFO o.a.j.t.JMeterThread: Thread finished: Thread Group - LL 1-95
2021-01-03 18:04:09,787 INFO o.a.j.t.JMeterThread: Thread finished: Thread Group - LL 1-12
2021-01-03 18:04:09,795 INFO o.a.j.t.JMeterThread: Thread finished: Thread Group - LL 1-53
2021-01-03 18:04:09,804 INFO o.a.j.t.JMeterThread: Thread finished: Thread Group - LL 1-96
2021-01-03 18:04:09,820 INFO o.a.j.t.JMeterThread: Thread finished: Thread Group - LL 1-97
2021-01-03 18:04:09,823 INFO o.a.j.t.JMeterThread: Thread finished: Thread Group - LL 1-54
2021-01-03 18:04:09,824 INFO o.a.j.t.JMeterThread: Thread finished: Thread Group - LL 1-30
2021-01-03 18:04:09,838 INFO o.a.j.t.JMeterThread: Thread finished: Thread Group - LL 1-98
2021-01-03 18:04:09,853 INFO o.a.j.t.JMeterThread: Thread finished: Thread Group - LL 1-13
2021-01-03 18:04:09,856 INFO o.a.j.t.JMeterThread: Thread finished: Thread Group - LL 1-99
2021-01-03 18:04:09,876 INFO o.a.j.t.JMeterThread: Thread finished: Thread Group - LL 1-100
2021-01-03 18:04:09,881 INFO o.a.j.t.JMeterThread: Thread finished: Thread Group - LL 1-55
2021-01-03 18:04:09,890 INFO o.a.j.t.JMeterThread: Thread finished: Thread Group - LL 1-31
2021-01-03 18:04:09,893 INFO o.a.j.t.JMeterThread: Thread finished: Thread Group - LL 1-56
2021-01-03 18:04:09,900 INFO o.a.j.t.JMeterThread: Thread finished: Thread Group - LL 1-57
2021-01-03 18:04:09,905 INFO o.a.j.t.JMeterThread: Thread finished: Thread Group - LL 1-14
2021-01-03 18:04:09,906 INFO o.a.j.t.JMeterThread: Thread finished: Thread Group - LL 1-32
2021-01-03 18:04:09,907 INFO o.a.j.t.JMeterThread: Thread finished: Thread Group - LL 1-15
2021-01-03 18:04:09,920 INFO o.a.j.t.JMeterThread: Thread finished: Thread Group - LL 1-58
2021-01-03 18:04:09,929 INFO o.a.j.t.JMeterThread: Thread finished: Thread Group - LL 1-16
2021-01-03 18:04:09,936 INFO o.a.j.t.JMeterThread: Thread finished: Thread Group - LL 1-59
2021-01-03 18:04:09,940 INFO o.a.j.t.JMeterThread: Thread finished: Thread Group - LL 1-33
2021-01-03 18:04:09,956 INFO o.a.j.t.JMeterThread: Thread finished: Thread Group - LL 1-17
2021-01-03 18:04:09,964 INFO o.a.j.t.JMeterThread: Thread finished: Thread Group - LL 1-60
2021-01-03 18:04:09,973 INFO o.a.j.t.JMeterThread: Thread finished: Thread Group - LL 1-61
2021-01-03 18:04:09,976 INFO o.a.j.t.JMeterThread: Thread finished: Thread Group - LL 1-34
2021-01-03 18:04:09,991 INFO o.a.j.t.JMeterThread: Thread finished: Thread Group - LL 1-62
2021-01-03 18:04:10,009 INFO o.a.j.t.JMeterThread: Thread finished: Thread Group - LL 1-63
2021-01-03 18:04:10,010 INFO o.a.j.t.JMeterThread: Thread finished: Thread Group - LL 1-35
2021-01-03 18:04:10,014 INFO o.a.j.t.JMeterThread: Thread finished: Thread Group - LL 1-18
2021-01-03 18:04:10,027 INFO o.a.j.t.JMeterThread: Thread finished: Thread Group - LL 1-64
2021-01-03 18:04:10,044 INFO o.a.j.t.JMeterThread: Thread finished: Thread Group - LL 1-65
2021-01-03 18:04:10,049 INFO o.a.j.t.JMeterThread: Thread finished: Thread Group - LL 1-36
2021-01-03 18:04:10,062 INFO o.a.j.t.JMeterThread: Thread finished: Thread Group - LL 1-66
2021-01-03 18:04:10,064 INFO o.a.j.t.JMeterThread: Thread finished: Thread Group - LL 1-19
2021-01-03 18:04:10,071 INFO o.a.j.t.JMeterThread: Thread finished: Thread Group - LL 1-37
2021-01-03 18:04:10,082 INFO o.a.j.t.JMeterThread: Thread finished: Thread Group - LL 1-67
2021-01-03 18:04:10,109 INFO o.a.j.t.JMeterThread: Thread finished: Thread Group - LL 1-68
2021-01-03 18:04:10,112 INFO o.a.j.t.JMeterThread: Thread finished: Thread Group - LL 1-38
2021-01-03 18:04:10,116 INFO o.a.j.t.JMeterThread: Thread finished: Thread Group - LL 1-20
2021-01-03 18:04:10,129 INFO o.a.j.t.JMeterThread: Thread finished: Thread Group - LL 1-69
2021-01-03 18:04:10,136 INFO o.a.j.t.JMeterThread: Thread finished: Thread Group - LL 1-39
2021-01-03 18:04:10,143 INFO o.a.j.t.JMeterThread: Thread finished: Thread Group - LL 1-70
2021-01-03 18:04:10,148 INFO o.a.j.t.JMeterThread: Thread finished: Thread Group - LL 1-21
2021-01-03 18:04:10,162 INFO o.a.j.t.JMeterThread: Thread finished: Thread Group - LL 1-1
2021-01-03 18:04:10,163 INFO o.a.j.t.JMeterThread: Thread finished: Thread Group - LL 1-71
2021-01-03 18:04:10,172 INFO o.a.j.t.JMeterThread: Thread finished: Thread Group - LL 1-40
2021-01-03 18:04:10,177 INFO o.a.j.t.JMeterThread: Thread finished: Thread Group - LL 1-72
2021-01-03 18:04:10,178 INFO o.a.j.t.JMeterThread: Thread finished: Thread Group - LL 1-4
2021-01-03 18:04:10,179 INFO o.a.j.t.JMeterThread: Thread finished: Thread Group - LL 1-22
2021-01-03 18:04:10,190 INFO o.a.j.t.JMeterThread: Thread finished: Thread Group - LL 1-73
2021-01-03 18:04:10,207 INFO o.a.j.t.JMeterThread: Thread finished: Thread Group - LL 1-74
2021-01-03 18:04:10,214 INFO o.a.j.t.JMeterThread: Thread finished: Thread Group - LL 1-41
2021-01-03 18:04:10,223 INFO o.a.j.t.JMeterThread: Thread finished: Thread Group - LL 1-5
2021-01-03 18:04:10,223 INFO o.a.j.t.JMeterThread: Thread finished: Thread Group - LL 1-2
2021-01-03 18:04:10,224 INFO o.a.j.t.JMeterThread: Thread finished: Thread Group - LL 1-75
2021-01-03 18:04:10,226 INFO o.a.j.t.JMeterThread: Thread finished: Thread Group - LL 1-3
2021-01-03 18:04:10,227 INFO o.a.j.t.JMeterThread: Thread finished: Thread Group - LL 1-23
2021-01-03 18:04:10,240 INFO o.a.j.t.JMeterThread: Thread finished: Thread Group - LL 1-42
2021-01-03 18:04:10,244 INFO o.a.j.t.JMeterThread: Thread finished: Thread Group - LL 1-76
2021-01-03 18:04:10,262 INFO o.a.j.t.JMeterThread: Thread finished: Thread Group - LL 1-77
2021-01-03 18:04:10,267 INFO o.a.j.t.JMeterThread: Thread finished: Thread Group - LL 1-43
2021-01-03 18:04:10,273 INFO o.a.j.t.JMeterThread: Thread finished: Thread Group - LL 1-6
2021-01-03 18:04:10,274 INFO o.a.j.t.JMeterThread: Thread finished: Thread Group - LL 1-7
2021-01-03 18:04:10,298 INFO o.a.j.t.JMeterThread: Thread finished: Thread Group - LL 1-79
2021-01-03 18:04:10,299 INFO o.a.j.t.JMeterThread: Thread finished: Thread Group - LL 1-44
2021-01-03 18:04:10,301 INFO o.a.j.t.JMeterThread: Thread finished: Thread Group - LL 1-24
2021-01-03 18:04:10,316 INFO o.a.j.t.JMeterThread: Thread finished: Thread Group - LL 1-80
2021-01-03 18:04:10,333 INFO o.a.j.t.JMeterThread: Thread finished: Thread Group - LL 1-81
2021-01-03 18:04:10,334 INFO o.a.j.t.JMeterThread: Thread finished: Thread Group - LL 1-8
2021-01-03 18:04:10,350 INFO o.a.j.t.JMeterThread: Thread finished: Thread Group - LL 1-82
2021-01-03 18:04:10,369 INFO o.a.j.t.JMeterThread: Thread finished: Thread Group - LL 1-83
2021-01-03 18:04:10,373 INFO o.a.j.t.JMeterThread: Thread finished: Thread Group - LL 1-45
2021-01-03 18:04:10,375 INFO o.a.j.t.JMeterThread: Thread finished: Thread Group - LL 1-25
2021-01-03 18:04:10,385 INFO o.a.j.t.JMeterThread: Thread finished: Thread Group - LL 1-46
2021-01-03 18:04:10,388 INFO o.a.j.t.JMeterThread: Thread finished: Thread Group - LL 1-84
2021-01-03 18:04:10,404 INFO o.a.j.t.JMeterThread: Thread finished: Thread Group - LL 1-85
2021-01-03 18:04:10,407 INFO o.a.j.t.JMeterThread: Thread finished: Thread Group - LL 1-26
2021-01-03 18:04:10,415 INFO o.a.j.t.JMeterThread: Thread finished: Thread Group - LL 1-47
2021-01-03 18:04:10,424 INFO o.a.j.t.JMeterThread: Thread finished: Thread Group - LL 1-86
2021-01-03 18:04:10,431 INFO o.a.j.t.JMeterThread: Thread finished: Thread Group - LL 1-9
2021-01-03 18:04:10,444 INFO o.a.j.t.JMeterThread: Thread finished: Thread Group - LL 1-87
2021-01-03 18:04:10,446 INFO o.a.j.t.JMeterThread: Thread finished: Thread Group - LL 1-48
2021-01-03 18:04:10,458 INFO o.a.j.t.JMeterThread: Thread finished: Thread Group - LL 1-27
2021-01-03 18:04:10,459 INFO o.a.j.t.JMeterThread: Thread finished: Thread Group - LL 1-88
2021-01-03 18:04:10,461 INFO o.a.j.t.JMeterThread: Thread finished: Thread Group - LL 1-49
2021-01-03 18:04:10,463 INFO o.a.j.t.JMeterThread: Thread finished: Thread Group - LL 1-10
2021-01-03 18:04:10,477 INFO o.a.j.t.JMeterThread: Thread finished: Thread Group - LL 1-89
2021-01-03 18:04:10,494 INFO o.a.j.t.JMeterThread: Thread finished: Thread Group - LL 1-90
2021-01-03 18:04:10,496 INFO o.a.j.t.JMeterThread: Thread finished: Thread Group - LL 1-50
2021-01-03 18:04:10,501 INFO o.a.j.t.JMeterThread: Thread finished: Thread Group - LL 1-28
2021-01-03 18:04:10,512 INFO o.a.j.t.JMeterThread: Thread finished: Thread Group - LL 1-91
2021-01-03 18:04:10,515 INFO o.a.j.t.JMeterThread: Thread finished: Thread Group - LL 1-92
2021-01-03 18:04:10,526 INFO o.a.j.t.JMeterThread: Thread finished: Thread Group - LL 1-94
2021-01-03 18:04:10,527 INFO o.a.j.t.JMeterThread: Stopping because end time detected by thread: Thread Group - LL 1-78
2021-01-03 18:04:10,527 INFO o.a.j.t.JMeterThread: Thread finished: Thread Group - LL 1-78
2021-01-03 18:04:10,528 INFO o.a.j.e.StandardJMeterEngine: Notifying test listeners of end of test
2021-01-03 18:04:10,529 INFO o.a.j.r.Summariser: summary +   1318 in 00:00:11 =  125.3/s Avg:     2 Min:     0 Max:    19 Err:     0 (0.00%) Active: 0 Started: 100 Finished: 100
2021-01-03 18:04:10,530 INFO o.a.j.r.Summariser: summary =   7582 in 00:01:00 =  126.2/s Avg:     2 Min:     0 Max:    68 Err:     0 (0.00%)
