2021-01-03 18:01:20,927 INFO o.a.j.u.JMeterUtils: Setting Locale to en_EN
2021-01-03 18:01:20,947 INFO o.a.j.JMeter: Loading user properties from: user.properties
2021-01-03 18:01:20,948 INFO o.a.j.JMeter: Loading system properties from: system.properties
2021-01-03 18:01:20,949 INFO o.a.j.JMeter: Copyright (c) 1998-2020 The Apache Software Foundation
2021-01-03 18:01:20,950 INFO o.a.j.JMeter: Version 5.3
2021-01-03 18:01:20,950 INFO o.a.j.JMeter: java.version=11.0.8
2021-01-03 18:01:20,950 INFO o.a.j.JMeter: java.vm.name=Java HotSpot(TM) 64-Bit Server VM
2021-01-03 18:01:20,950 INFO o.a.j.JMeter: os.name=Windows 10
2021-01-03 18:01:20,950 INFO o.a.j.JMeter: os.arch=amd64
2021-01-03 18:01:20,950 INFO o.a.j.JMeter: os.version=10.0
2021-01-03 18:01:20,950 INFO o.a.j.JMeter: file.encoding=Cp1252
2021-01-03 18:01:20,950 INFO o.a.j.JMeter: java.awt.headless=true
2021-01-03 18:01:20,950 INFO o.a.j.JMeter: Max memory     =1073741824
2021-01-03 18:01:20,951 INFO o.a.j.JMeter: Available Processors =8
2021-01-03 18:01:20,959 INFO o.a.j.JMeter: Default Locale=English (EN)
2021-01-03 18:01:20,960 INFO o.a.j.JMeter: JMeter  Locale=English (EN)
2021-01-03 18:01:20,960 INFO o.a.j.JMeter: JMeterHome=C:\Users\fabio\Documents\Fabio\Università\Magistrale\2°anno\1°semestre\Impianti di Elaborazione\apache-jmeter-5.3
2021-01-03 18:01:20,960 INFO o.a.j.JMeter: user.dir  =C:\Users\fabio\Documents\Fabio\Università\Magistrale\2°anno\1°semestre\Impianti di Elaborazione\apache-jmeter-5.3\bin
2021-01-03 18:01:20,960 INFO o.a.j.JMeter: PWD       =C:\Users\fabio\Documents\Fabio\Università\Magistrale\2°anno\1°semestre\Impianti di Elaborazione\apache-jmeter-5.3\bin
2021-01-03 18:01:20,964 INFO o.a.j.JMeter: IP: 192.168.56.1 Name: LAPTOP-DSVV6SSR FullName: 192.168.56.1
2021-01-03 18:01:20,970 INFO o.a.j.s.FileServer: Default base='C:\Users\fabio\Documents\Fabio\Università\Magistrale\2°anno\1°semestre\Impianti di Elaborazione\apache-jmeter-5.3\bin'
2021-01-03 18:01:20,972 INFO o.a.j.s.FileServer: Set new base='C:\Users\fabio\Documents\Fabio\Università\Magistrale\2°anno\1°semestre\Impianti di Elaborazione\apache-jmeter-5.3\bin'
2021-01-03 18:01:21,092 INFO o.a.j.s.SaveService: Testplan (JMX) version: 2.2. Testlog (JTL) version: 2.2
2021-01-03 18:01:21,110 INFO o.a.j.s.SaveService: Using SaveService properties version 5.0
2021-01-03 18:01:21,113 INFO o.a.j.s.SaveService: Using SaveService properties file encoding UTF-8
2021-01-03 18:01:21,116 INFO o.a.j.s.SaveService: Loading file: DesignofExperiment.jmx
2021-01-03 18:01:21,176 INFO o.a.j.p.h.s.HTTPSamplerBase: Parser for text/html is org.apache.jmeter.protocol.http.parser.LagartoBasedHtmlParser
2021-01-03 18:01:21,176 INFO o.a.j.p.h.s.HTTPSamplerBase: Parser for application/xhtml+xml is org.apache.jmeter.protocol.http.parser.LagartoBasedHtmlParser
2021-01-03 18:01:21,176 INFO o.a.j.p.h.s.HTTPSamplerBase: Parser for application/xml is org.apache.jmeter.protocol.http.parser.LagartoBasedHtmlParser
2021-01-03 18:01:21,176 INFO o.a.j.p.h.s.HTTPSamplerBase: Parser for text/xml is org.apache.jmeter.protocol.http.parser.LagartoBasedHtmlParser
2021-01-03 18:01:21,176 INFO o.a.j.p.h.s.HTTPSamplerBase: Parser for text/vnd.wap.wml is org.apache.jmeter.protocol.http.parser.RegexpHTMLParser
2021-01-03 18:01:21,176 INFO o.a.j.p.h.s.HTTPSamplerBase: Parser for text/css is org.apache.jmeter.protocol.http.parser.CssParser
2021-01-03 18:01:21,202 INFO o.a.j.JMeter: Creating summariser <summary>
2021-01-03 18:01:21,208 INFO o.a.j.e.StandardJMeterEngine: Running the test!
2021-01-03 18:01:21,209 INFO o.a.j.s.SampleEvent: List of sample_variables: []
2021-01-03 18:01:21,209 INFO o.a.j.s.SampleEvent: List of sample_variables: []
2021-01-03 18:01:21,218 INFO o.a.j.e.u.CompoundVariable: Note: Function class names must contain the string: '.functions.'
2021-01-03 18:01:21,218 INFO o.a.j.e.u.CompoundVariable: Note: Function class names must not contain the string: '.gui.'
2021-01-03 18:01:21,500 INFO o.a.j.JMeter: Running test (1609693281500)
2021-01-03 18:01:21,514 INFO o.a.j.e.StandardJMeterEngine: Starting ThreadGroup: 1 : Thread Group - LL
2021-01-03 18:01:21,514 INFO o.a.j.e.StandardJMeterEngine: Starting 100 threads for group Thread Group - LL.
2021-01-03 18:01:21,514 INFO o.a.j.e.StandardJMeterEngine: Thread will continue on error
2021-01-03 18:01:21,515 INFO o.a.j.t.ThreadGroup: Starting thread group... number=1 threads=100 ramp-up=1 delayedStart=false
2021-01-03 18:01:21,523 INFO o.a.j.t.JMeterThread: Thread started: Thread Group - LL 1-1
2021-01-03 18:01:21,531 INFO o.a.j.t.JMeterThread: Thread started: Thread Group - LL 1-2
2021-01-03 18:01:21,540 INFO o.a.j.t.JMeterThread: Thread started: Thread Group - LL 1-3
2021-01-03 18:01:21,548 INFO o.a.j.t.JMeterThread: Thread started: Thread Group - LL 1-4
2021-01-03 18:01:21,557 INFO o.a.j.t.ThreadGroup: Started thread group number 1
2021-01-03 18:01:21,557 INFO o.a.j.e.StandardJMeterEngine: All thread groups have been started
2021-01-03 18:01:21,557 INFO o.a.j.p.h.s.HTTPHCAbstractImpl: Local host = LAPTOP-DSVV6SSR
2021-01-03 18:01:21,566 INFO o.a.j.t.JMeterThread: Thread started: Thread Group - LL 1-5
2021-01-03 18:01:21,567 INFO o.a.j.p.h.s.HTTPHC4Impl: HTTP request retry count = 0
2021-01-03 18:01:21,569 INFO o.a.j.s.SampleResult: Note: Sample TimeStamps are START times
2021-01-03 18:01:21,570 INFO o.a.j.s.SampleResult: sampleresult.default.encoding is set to ISO-8859-1
2021-01-03 18:01:21,570 INFO o.a.j.s.SampleResult: sampleresult.useNanoTime=true
2021-01-03 18:01:21,570 INFO o.a.j.s.SampleResult: sampleresult.nanoThreadSleep=5000
2021-01-03 18:01:21,571 INFO o.a.j.t.JMeterThread: Thread started: Thread Group - LL 1-6
2021-01-03 18:01:21,579 INFO o.a.j.t.JMeterThread: Thread started: Thread Group - LL 1-7
2021-01-03 18:01:21,589 INFO o.a.j.t.JMeterThread: Thread started: Thread Group - LL 1-8
2021-01-03 18:01:21,597 INFO o.a.j.t.JMeterThread: Thread started: Thread Group - LL 1-9
2021-01-03 18:01:21,606 INFO o.a.j.t.JMeterThread: Thread started: Thread Group - LL 1-10
2021-01-03 18:01:21,616 INFO o.a.j.t.JMeterThread: Thread started: Thread Group - LL 1-11
2021-01-03 18:01:21,627 INFO o.a.j.t.JMeterThread: Thread started: Thread Group - LL 1-12
2021-01-03 18:01:21,636 INFO o.a.j.t.JMeterThread: Thread started: Thread Group - LL 1-13
2021-01-03 18:01:21,646 INFO o.a.j.t.JMeterThread: Thread started: Thread Group - LL 1-14
2021-01-03 18:01:21,657 INFO o.a.j.t.JMeterThread: Thread started: Thread Group - LL 1-15
2021-01-03 18:01:21,667 INFO o.a.j.t.JMeterThread: Thread started: Thread Group - LL 1-16
2021-01-03 18:01:21,677 INFO o.a.j.t.JMeterThread: Thread started: Thread Group - LL 1-17
2021-01-03 18:01:21,686 INFO o.a.j.t.JMeterThread: Thread started: Thread Group - LL 1-18
2021-01-03 18:01:21,697 INFO o.a.j.t.JMeterThread: Thread started: Thread Group - LL 1-19
2021-01-03 18:01:21,706 INFO o.a.j.t.JMeterThread: Thread started: Thread Group - LL 1-20
2021-01-03 18:01:21,717 INFO o.a.j.t.JMeterThread: Thread started: Thread Group - LL 1-21
2021-01-03 18:01:21,726 INFO o.a.j.t.JMeterThread: Thread started: Thread Group - LL 1-22
2021-01-03 18:01:21,735 INFO o.a.j.t.JMeterThread: Thread started: Thread Group - LL 1-23
2021-01-03 18:01:21,747 INFO o.a.j.t.JMeterThread: Thread started: Thread Group - LL 1-24
2021-01-03 18:01:21,758 INFO o.a.j.t.JMeterThread: Thread started: Thread Group - LL 1-25
2021-01-03 18:01:21,767 INFO o.a.j.t.JMeterThread: Thread started: Thread Group - LL 1-26
2021-01-03 18:01:21,776 INFO o.a.j.t.JMeterThread: Thread started: Thread Group - LL 1-27
2021-01-03 18:01:21,787 INFO o.a.j.t.JMeterThread: Thread started: Thread Group - LL 1-28
2021-01-03 18:01:21,797 INFO o.a.j.t.JMeterThread: Thread started: Thread Group - LL 1-29
2021-01-03 18:01:21,806 INFO o.a.j.t.JMeterThread: Thread started: Thread Group - LL 1-30
2021-01-03 18:01:21,815 INFO o.a.j.t.JMeterThread: Thread started: Thread Group - LL 1-31
2021-01-03 18:01:21,829 INFO o.a.j.t.JMeterThread: Thread started: Thread Group - LL 1-32
2021-01-03 18:01:21,837 INFO o.a.j.t.JMeterThread: Thread started: Thread Group - LL 1-33
2021-01-03 18:01:21,846 INFO o.a.j.t.JMeterThread: Thread started: Thread Group - LL 1-34
2021-01-03 18:01:21,856 INFO o.a.j.t.JMeterThread: Thread started: Thread Group - LL 1-35
2021-01-03 18:01:21,865 INFO o.a.j.t.JMeterThread: Thread started: Thread Group - LL 1-36
2021-01-03 18:01:21,877 INFO o.a.j.t.JMeterThread: Thread started: Thread Group - LL 1-37
2021-01-03 18:01:21,886 INFO o.a.j.t.JMeterThread: Thread started: Thread Group - LL 1-38
2021-01-03 18:01:21,896 INFO o.a.j.t.JMeterThread: Thread started: Thread Group - LL 1-39
2021-01-03 18:01:21,906 INFO o.a.j.t.JMeterThread: Thread started: Thread Group - LL 1-40
2021-01-03 18:01:21,917 INFO o.a.j.t.JMeterThread: Thread started: Thread Group - LL 1-41
2021-01-03 18:01:21,926 INFO o.a.j.t.JMeterThread: Thread started: Thread Group - LL 1-42
2021-01-03 18:01:21,935 INFO o.a.j.t.JMeterThread: Thread started: Thread Group - LL 1-43
2021-01-03 18:01:21,946 INFO o.a.j.t.JMeterThread: Thread started: Thread Group - LL 1-44
2021-01-03 18:01:21,957 INFO o.a.j.t.JMeterThread: Thread started: Thread Group - LL 1-45
2021-01-03 18:01:21,966 INFO o.a.j.t.JMeterThread: Thread started: Thread Group - LL 1-46
2021-01-03 18:01:21,976 INFO o.a.j.t.JMeterThread: Thread started: Thread Group - LL 1-47
2021-01-03 18:01:21,986 INFO o.a.j.t.JMeterThread: Thread started: Thread Group - LL 1-48
2021-01-03 18:01:21,996 INFO o.a.j.t.JMeterThread: Thread started: Thread Group - LL 1-49
2021-01-03 18:01:22,006 INFO o.a.j.t.JMeterThread: Thread started: Thread Group - LL 1-50
2021-01-03 18:01:22,016 INFO o.a.j.t.JMeterThread: Thread started: Thread Group - LL 1-51
2021-01-03 18:01:22,028 INFO o.a.j.t.JMeterThread: Thread started: Thread Group - LL 1-52
2021-01-03 18:01:22,036 INFO o.a.j.t.JMeterThread: Thread started: Thread Group - LL 1-53
2021-01-03 18:01:22,047 INFO o.a.j.t.JMeterThread: Thread started: Thread Group - LL 1-54
2021-01-03 18:01:22,056 INFO o.a.j.t.JMeterThread: Thread started: Thread Group - LL 1-55
2021-01-03 18:01:22,065 INFO o.a.j.t.JMeterThread: Thread started: Thread Group - LL 1-56
2021-01-03 18:01:22,076 INFO o.a.j.t.JMeterThread: Thread started: Thread Group - LL 1-57
2021-01-03 18:01:22,087 INFO o.a.j.t.JMeterThread: Thread started: Thread Group - LL 1-58
2021-01-03 18:01:22,096 INFO o.a.j.t.JMeterThread: Thread started: Thread Group - LL 1-59
2021-01-03 18:01:22,105 INFO o.a.j.t.JMeterThread: Thread started: Thread Group - LL 1-60
2021-01-03 18:01:22,115 INFO o.a.j.t.JMeterThread: Thread started: Thread Group - LL 1-61
2021-01-03 18:01:22,127 INFO o.a.j.t.JMeterThread: Thread started: Thread Group - LL 1-62
2021-01-03 18:01:22,136 INFO o.a.j.t.JMeterThread: Thread started: Thread Group - LL 1-63
2021-01-03 18:01:22,145 INFO o.a.j.t.JMeterThread: Thread started: Thread Group - LL 1-64
2021-01-03 18:01:22,156 INFO o.a.j.t.JMeterThread: Thread started: Thread Group - LL 1-65
2021-01-03 18:01:22,167 INFO o.a.j.t.JMeterThread: Thread started: Thread Group - LL 1-66
2021-01-03 18:01:22,175 INFO o.a.j.t.JMeterThread: Thread started: Thread Group - LL 1-67
2021-01-03 18:01:22,185 INFO o.a.j.t.JMeterThread: Thread started: Thread Group - LL 1-68
2021-01-03 18:01:22,196 INFO o.a.j.t.JMeterThread: Thread started: Thread Group - LL 1-69
2021-01-03 18:01:22,207 INFO o.a.j.t.JMeterThread: Thread started: Thread Group - LL 1-70
2021-01-03 18:01:22,215 INFO o.a.j.t.JMeterThread: Thread started: Thread Group - LL 1-71
2021-01-03 18:01:22,226 INFO o.a.j.t.JMeterThread: Thread started: Thread Group - LL 1-72
2021-01-03 18:01:22,236 INFO o.a.j.t.JMeterThread: Thread started: Thread Group - LL 1-73
2021-01-03 18:01:22,246 INFO o.a.j.t.JMeterThread: Thread started: Thread Group - LL 1-74
2021-01-03 18:01:22,256 INFO o.a.j.t.JMeterThread: Thread started: Thread Group - LL 1-75
2021-01-03 18:01:22,266 INFO o.a.j.t.JMeterThread: Thread started: Thread Group - LL 1-76
2021-01-03 18:01:22,275 INFO o.a.j.t.JMeterThread: Thread started: Thread Group - LL 1-77
2021-01-03 18:01:22,286 INFO o.a.j.t.JMeterThread: Thread started: Thread Group - LL 1-78
2021-01-03 18:01:22,296 INFO o.a.j.t.JMeterThread: Thread started: Thread Group - LL 1-79
2021-01-03 18:01:22,306 INFO o.a.j.t.JMeterThread: Thread started: Thread Group - LL 1-80
2021-01-03 18:01:22,315 INFO o.a.j.t.JMeterThread: Thread started: Thread Group - LL 1-81
2021-01-03 18:01:22,327 INFO o.a.j.t.JMeterThread: Thread started: Thread Group - LL 1-82
2021-01-03 18:01:22,336 INFO o.a.j.t.JMeterThread: Thread started: Thread Group - LL 1-83
2021-01-03 18:01:22,346 INFO o.a.j.t.JMeterThread: Thread started: Thread Group - LL 1-84
2021-01-03 18:01:22,355 INFO o.a.j.t.JMeterThread: Thread started: Thread Group - LL 1-85
2021-01-03 18:01:22,366 INFO o.a.j.t.JMeterThread: Thread started: Thread Group - LL 1-86
2021-01-03 18:01:22,376 INFO o.a.j.t.JMeterThread: Thread started: Thread Group - LL 1-87
2021-01-03 18:01:22,385 INFO o.a.j.t.JMeterThread: Thread started: Thread Group - LL 1-88
2021-01-03 18:01:22,395 INFO o.a.j.t.JMeterThread: Thread started: Thread Group - LL 1-89
2021-01-03 18:01:22,406 INFO o.a.j.t.JMeterThread: Thread started: Thread Group - LL 1-90
2021-01-03 18:01:22,416 INFO o.a.j.t.JMeterThread: Thread started: Thread Group - LL 1-91
2021-01-03 18:01:22,425 INFO o.a.j.t.JMeterThread: Thread started: Thread Group - LL 1-92
2021-01-03 18:01:22,448 INFO o.a.j.t.JMeterThread: Thread started: Thread Group - LL 1-93
2021-01-03 18:01:22,457 INFO o.a.j.t.JMeterThread: Thread started: Thread Group - LL 1-94
2021-01-03 18:01:22,468 INFO o.a.j.t.JMeterThread: Thread started: Thread Group - LL 1-95
2021-01-03 18:01:22,477 INFO o.a.j.t.JMeterThread: Thread started: Thread Group - LL 1-96
2021-01-03 18:01:22,487 INFO o.a.j.t.JMeterThread: Thread started: Thread Group - LL 1-97
2021-01-03 18:01:22,497 INFO o.a.j.t.JMeterThread: Thread started: Thread Group - LL 1-98
2021-01-03 18:01:22,507 INFO o.a.j.t.JMeterThread: Thread started: Thread Group - LL 1-99
2021-01-03 18:01:22,517 INFO o.a.j.t.JMeterThread: Thread started: Thread Group - LL 1-100
2021-01-03 18:01:30,013 INFO o.a.j.r.Summariser: summary +   1135 in 00:00:09 =  133.4/s Avg:     4 Min:     0 Max:    91 Err:     0 (0.00%) Active: 100 Started: 100 Finished: 0
2021-01-03 18:02:00,011 INFO o.a.j.r.Summariser: summary +   3747 in 00:00:30 =  124.9/s Avg:     3 Min:     0 Max:    36 Err:     0 (0.00%) Active: 100 Started: 100 Finished: 0
2021-01-03 18:02:00,012 INFO o.a.j.r.Summariser: summary =   4882 in 00:00:39 =  126.8/s Avg:     3 Min:     0 Max:    91 Err:     0 (0.00%)
2021-01-03 18:02:20,763 INFO o.a.j.t.JMeterThread: Thread finished: Thread Group - LL 1-26
2021-01-03 18:02:20,767 INFO o.a.j.t.JMeterThread: Thread finished: Thread Group - LL 1-51
2021-01-03 18:02:20,778 INFO o.a.j.t.JMeterThread: Thread finished: Thread Group - LL 1-27
2021-01-03 18:02:20,792 INFO o.a.j.t.JMeterThread: Thread finished: Thread Group - LL 1-52
2021-01-03 18:02:20,793 INFO o.a.j.t.JMeterThread: Thread finished: Thread Group - LL 1-93
2021-01-03 18:02:20,812 INFO o.a.j.t.JMeterThread: Thread finished: Thread Group - LL 1-94
2021-01-03 18:02:20,813 INFO o.a.j.t.JMeterThread: Thread finished: Thread Group - LL 1-28
2021-01-03 18:02:20,815 INFO o.a.j.t.JMeterThread: Thread finished: Thread Group - LL 1-9
2021-01-03 18:02:20,818 INFO o.a.j.t.JMeterThread: Thread finished: Thread Group - LL 1-11
2021-01-03 18:02:20,831 INFO o.a.j.t.JMeterThread: Thread finished: Thread Group - LL 1-95
2021-01-03 18:02:20,834 INFO o.a.j.t.JMeterThread: Thread finished: Thread Group - LL 1-53
2021-01-03 18:02:20,847 INFO o.a.j.t.JMeterThread: Thread finished: Thread Group - LL 1-29
2021-01-03 18:02:20,847 INFO o.a.j.t.JMeterThread: Thread finished: Thread Group - LL 1-96
2021-01-03 18:02:20,854 INFO o.a.j.t.JMeterThread: Thread finished: Thread Group - LL 1-12
2021-01-03 18:02:20,861 INFO o.a.j.t.JMeterThread: Thread finished: Thread Group - LL 1-13
2021-01-03 18:02:20,872 INFO o.a.j.t.JMeterThread: Thread finished: Thread Group - LL 1-30
2021-01-03 18:02:20,881 INFO o.a.j.t.JMeterThread: Thread finished: Thread Group - LL 1-55
2021-01-03 18:02:20,889 INFO o.a.j.t.JMeterThread: Thread finished: Thread Group - LL 1-31
2021-01-03 18:02:20,907 INFO o.a.j.t.JMeterThread: Thread finished: Thread Group - LL 1-56
2021-01-03 18:02:20,917 INFO o.a.j.t.JMeterThread: Thread finished: Thread Group - LL 1-15
2021-01-03 18:02:20,918 INFO o.a.j.t.JMeterThread: Thread finished: Thread Group - LL 1-100
2021-01-03 18:02:20,920 INFO o.a.j.t.JMeterThread: Thread finished: Thread Group - LL 1-14
2021-01-03 18:02:20,937 INFO o.a.j.t.JMeterThread: Thread finished: Thread Group - LL 1-57
2021-01-03 18:02:20,963 INFO o.a.j.t.JMeterThread: Thread finished: Thread Group - LL 1-32
2021-01-03 18:02:20,965 INFO o.a.j.t.JMeterThread: Thread finished: Thread Group - LL 1-58
2021-01-03 18:02:20,971 INFO o.a.j.t.JMeterThread: Thread finished: Thread Group - LL 1-59
2021-01-03 18:02:20,989 INFO o.a.j.t.JMeterThread: Thread finished: Thread Group - LL 1-60
2021-01-03 18:02:20,991 INFO o.a.j.t.JMeterThread: Thread finished: Thread Group - LL 1-16
2021-01-03 18:02:20,994 INFO o.a.j.t.JMeterThread: Thread finished: Thread Group - LL 1-33
2021-01-03 18:02:20,996 INFO o.a.j.t.JMeterThread: Thread finished: Thread Group - LL 1-17
2021-01-03 18:02:21,008 INFO o.a.j.t.JMeterThread: Thread finished: Thread Group - LL 1-61
2021-01-03 18:02:21,009 INFO o.a.j.t.JMeterThread: Thread finished: Thread Group - LL 1-34
2021-01-03 18:02:21,010 INFO o.a.j.t.JMeterThread: Thread finished: Thread Group - LL 1-18
2021-01-03 18:02:21,025 INFO o.a.j.t.JMeterThread: Thread finished: Thread Group - LL 1-62
2021-01-03 18:02:21,042 INFO o.a.j.t.JMeterThread: Thread finished: Thread Group - LL 1-35
2021-01-03 18:02:21,042 INFO o.a.j.t.JMeterThread: Thread finished: Thread Group - LL 1-63
2021-01-03 18:02:21,067 INFO o.a.j.t.JMeterThread: Thread finished: Thread Group - LL 1-64
2021-01-03 18:02:21,075 INFO o.a.j.t.JMeterThread: Thread finished: Thread Group - LL 1-36
2021-01-03 18:02:21,078 INFO o.a.j.t.JMeterThread: Thread finished: Thread Group - LL 1-65
2021-01-03 18:02:21,098 INFO o.a.j.t.JMeterThread: Thread finished: Thread Group - LL 1-66
2021-01-03 18:02:21,103 INFO o.a.j.t.JMeterThread: Thread finished: Thread Group - LL 1-37
2021-01-03 18:02:21,112 INFO o.a.j.t.JMeterThread: Thread finished: Thread Group - LL 1-67
2021-01-03 18:02:21,117 INFO o.a.j.t.JMeterThread: Thread finished: Thread Group - LL 1-19
2021-01-03 18:02:21,131 INFO o.a.j.t.JMeterThread: Thread finished: Thread Group - LL 1-68
2021-01-03 18:02:21,136 INFO o.a.j.t.JMeterThread: Thread finished: Thread Group - LL 1-38
2021-01-03 18:02:21,158 INFO o.a.j.t.JMeterThread: Thread finished: Thread Group - LL 1-69
2021-01-03 18:02:21,159 INFO o.a.j.t.JMeterThread: Thread finished: Thread Group - LL 1-21
2021-01-03 18:02:21,170 INFO o.a.j.t.JMeterThread: Thread finished: Thread Group - LL 1-70
2021-01-03 18:02:21,172 INFO o.a.j.t.JMeterThread: Thread finished: Thread Group - LL 1-2
2021-01-03 18:02:21,173 INFO o.a.j.t.JMeterThread: Thread finished: Thread Group - LL 1-3
2021-01-03 18:02:21,175 INFO o.a.j.t.JMeterThread: Thread finished: Thread Group - LL 1-39
2021-01-03 18:02:21,177 INFO o.a.j.t.JMeterThread: Thread finished: Thread Group - LL 1-4
2021-01-03 18:02:21,185 INFO o.a.j.t.JMeterThread: Thread finished: Thread Group - LL 1-71
2021-01-03 18:02:21,192 INFO o.a.j.t.JMeterThread: Thread finished: Thread Group - LL 1-1
2021-01-03 18:02:21,212 INFO o.a.j.t.JMeterThread: Thread finished: Thread Group - LL 1-40
2021-01-03 18:02:21,212 INFO o.a.j.t.JMeterThread: Thread finished: Thread Group - LL 1-72
2021-01-03 18:02:21,213 INFO o.a.j.t.JMeterThread: Thread finished: Thread Group - LL 1-20
2021-01-03 18:02:21,216 INFO o.a.j.t.JMeterThread: Thread finished: Thread Group - LL 1-22
2021-01-03 18:02:21,222 INFO o.a.j.t.JMeterThread: Thread finished: Thread Group - LL 1-73
2021-01-03 18:02:21,237 INFO o.a.j.t.JMeterThread: Thread finished: Thread Group - LL 1-6
2021-01-03 18:02:21,238 INFO o.a.j.t.JMeterThread: Thread finished: Thread Group - LL 1-41
2021-01-03 18:02:21,241 INFO o.a.j.t.JMeterThread: Thread finished: Thread Group - LL 1-23
2021-01-03 18:02:21,257 INFO o.a.j.t.JMeterThread: Thread finished: Thread Group - LL 1-75
2021-01-03 18:02:21,263 INFO o.a.j.t.JMeterThread: Thread finished: Thread Group - LL 1-42
2021-01-03 18:02:21,275 INFO o.a.j.t.JMeterThread: Thread finished: Thread Group - LL 1-76
2021-01-03 18:02:21,302 INFO o.a.j.t.JMeterThread: Thread finished: Thread Group - LL 1-77
2021-01-03 18:02:21,304 INFO o.a.j.t.JMeterThread: Thread finished: Thread Group - LL 1-43
2021-01-03 18:02:21,313 INFO o.a.j.t.JMeterThread: Thread finished: Thread Group - LL 1-5
2021-01-03 18:02:21,314 INFO o.a.j.t.JMeterThread: Thread finished: Thread Group - LL 1-78
2021-01-03 18:02:21,331 INFO o.a.j.t.JMeterThread: Thread finished: Thread Group - LL 1-79
2021-01-03 18:02:21,334 INFO o.a.j.t.JMeterThread: Thread finished: Thread Group - LL 1-24
2021-01-03 18:02:21,336 INFO o.a.j.t.JMeterThread: Thread finished: Thread Group - LL 1-44
2021-01-03 18:02:21,339 INFO o.a.j.t.JMeterThread: Thread finished: Thread Group - LL 1-7
2021-01-03 18:02:21,349 INFO o.a.j.t.JMeterThread: Thread finished: Thread Group - LL 1-80
2021-01-03 18:02:21,367 INFO o.a.j.t.JMeterThread: Thread finished: Thread Group - LL 1-81
2021-01-03 18:02:21,370 INFO o.a.j.t.JMeterThread: Thread finished: Thread Group - LL 1-45
2021-01-03 18:02:21,373 INFO o.a.j.t.JMeterThread: Thread finished: Thread Group - LL 1-25
2021-01-03 18:02:21,385 INFO o.a.j.t.JMeterThread: Thread finished: Thread Group - LL 1-82
2021-01-03 18:02:21,400 INFO o.a.j.t.JMeterThread: Thread finished: Thread Group - LL 1-46
2021-01-03 18:02:21,403 INFO o.a.j.t.JMeterThread: Thread finished: Thread Group - LL 1-83
2021-01-03 18:02:21,408 INFO o.a.j.t.JMeterThread: Thread finished: Thread Group - LL 1-8
2021-01-03 18:02:21,421 INFO o.a.j.t.JMeterThread: Thread finished: Thread Group - LL 1-84
2021-01-03 18:02:21,428 INFO o.a.j.t.JMeterThread: Thread finished: Thread Group - LL 1-47
2021-01-03 18:02:21,438 INFO o.a.j.t.JMeterThread: Thread finished: Thread Group - LL 1-85
2021-01-03 18:02:21,457 INFO o.a.j.t.JMeterThread: Thread finished: Thread Group - LL 1-86
2021-01-03 18:02:21,474 INFO o.a.j.t.JMeterThread: Thread finished: Thread Group - LL 1-87
2021-01-03 18:02:21,478 INFO o.a.j.t.JMeterThread: Thread finished: Thread Group - LL 1-48
2021-01-03 18:02:21,492 INFO o.a.j.t.JMeterThread: Thread finished: Thread Group - LL 1-88
2021-01-03 18:02:21,504 INFO o.a.j.t.JMeterThread: Thread finished: Thread Group - LL 1-49
2021-01-03 18:02:21,510 INFO o.a.j.t.JMeterThread: Thread finished: Thread Group - LL 1-89
2021-01-03 18:02:21,529 INFO o.a.j.t.JMeterThread: Thread finished: Thread Group - LL 1-90
2021-01-03 18:02:21,530 INFO o.a.j.t.JMeterThread: Stopping because end time detected by thread: Thread Group - LL 1-10
2021-01-03 18:02:21,530 INFO o.a.j.t.JMeterThread: Thread finished: Thread Group - LL 1-10
2021-01-03 18:02:21,532 INFO o.a.j.t.JMeterThread: Thread finished: Thread Group - LL 1-50
2021-01-03 18:02:21,544 INFO o.a.j.t.JMeterThread: Thread finished: Thread Group - LL 1-97
2021-01-03 18:02:21,546 INFO o.a.j.t.JMeterThread: Stopping because end time detected by thread: Thread Group - LL 1-54
2021-01-03 18:02:21,546 INFO o.a.j.t.JMeterThread: Thread finished: Thread Group - LL 1-54
2021-01-03 18:02:21,547 INFO o.a.j.t.JMeterThread: Thread finished: Thread Group - LL 1-91
2021-01-03 18:02:21,548 INFO o.a.j.t.JMeterThread: Thread finished: Thread Group - LL 1-98
2021-01-03 18:02:21,551 INFO o.a.j.t.JMeterThread: Stopping because end time detected by thread: Thread Group - LL 1-74
2021-01-03 18:02:21,551 INFO o.a.j.t.JMeterThread: Thread finished: Thread Group - LL 1-74
2021-01-03 18:02:21,554 INFO o.a.j.t.JMeterThread: Thread finished: Thread Group - LL 1-92
2021-01-03 18:02:21,556 INFO o.a.j.t.JMeterThread: Stopping because end time detected by thread: Thread Group - LL 1-99
2021-01-03 18:02:21,556 INFO o.a.j.t.JMeterThread: Thread finished: Thread Group - LL 1-99
2021-01-03 18:02:21,556 INFO o.a.j.e.StandardJMeterEngine: Notifying test listeners of end of test
2021-01-03 18:02:21,557 INFO o.a.j.r.Summariser: summary +   2699 in 00:00:22 =  125.3/s Avg:     2 Min:     0 Max:    31 Err:     0 (0.00%) Active: 0 Started: 100 Finished: 100
2021-01-03 18:02:21,558 INFO o.a.j.r.Summariser: summary =   7581 in 00:01:00 =  126.2/s Avg:     3 Min:     0 Max:    91 Err:     0 (0.00%)
