2021-01-03 18:15:51,731 INFO o.a.j.u.JMeterUtils: Setting Locale to en_EN
2021-01-03 18:15:51,750 INFO o.a.j.JMeter: Loading user properties from: user.properties
2021-01-03 18:15:51,751 INFO o.a.j.JMeter: Loading system properties from: system.properties
2021-01-03 18:15:51,752 INFO o.a.j.JMeter: Copyright (c) 1998-2020 The Apache Software Foundation
2021-01-03 18:15:51,752 INFO o.a.j.JMeter: Version 5.3
2021-01-03 18:15:51,752 INFO o.a.j.JMeter: java.version=11.0.8
2021-01-03 18:15:51,753 INFO o.a.j.JMeter: java.vm.name=Java HotSpot(TM) 64-Bit Server VM
2021-01-03 18:15:51,753 INFO o.a.j.JMeter: os.name=Windows 10
2021-01-03 18:15:51,753 INFO o.a.j.JMeter: os.arch=amd64
2021-01-03 18:15:51,753 INFO o.a.j.JMeter: os.version=10.0
2021-01-03 18:15:51,753 INFO o.a.j.JMeter: file.encoding=Cp1252
2021-01-03 18:15:51,753 INFO o.a.j.JMeter: java.awt.headless=true
2021-01-03 18:15:51,753 INFO o.a.j.JMeter: Max memory     =1073741824
2021-01-03 18:15:51,753 INFO o.a.j.JMeter: Available Processors =8
2021-01-03 18:15:51,760 INFO o.a.j.JMeter: Default Locale=English (EN)
2021-01-03 18:15:51,761 INFO o.a.j.JMeter: JMeter  Locale=English (EN)
2021-01-03 18:15:51,761 INFO o.a.j.JMeter: JMeterHome=C:\Users\fabio\Documents\Fabio\Università\Magistrale\2°anno\1°semestre\Impianti di Elaborazione\apache-jmeter-5.3
2021-01-03 18:15:51,761 INFO o.a.j.JMeter: user.dir  =C:\Users\fabio\Documents\Fabio\Università\Magistrale\2°anno\1°semestre\Impianti di Elaborazione\apache-jmeter-5.3\bin
2021-01-03 18:15:51,762 INFO o.a.j.JMeter: PWD       =C:\Users\fabio\Documents\Fabio\Università\Magistrale\2°anno\1°semestre\Impianti di Elaborazione\apache-jmeter-5.3\bin
2021-01-03 18:15:51,771 INFO o.a.j.JMeter: IP: 192.168.56.1 Name: LAPTOP-DSVV6SSR FullName: 192.168.56.1
2021-01-03 18:15:51,777 INFO o.a.j.s.FileServer: Default base='C:\Users\fabio\Documents\Fabio\Università\Magistrale\2°anno\1°semestre\Impianti di Elaborazione\apache-jmeter-5.3\bin'
2021-01-03 18:15:51,778 INFO o.a.j.s.FileServer: Set new base='C:\Users\fabio\Documents\Fabio\Università\Magistrale\2°anno\1°semestre\Impianti di Elaborazione\apache-jmeter-5.3\bin'
2021-01-03 18:15:51,903 INFO o.a.j.s.SaveService: Testplan (JMX) version: 2.2. Testlog (JTL) version: 2.2
2021-01-03 18:15:51,923 INFO o.a.j.s.SaveService: Using SaveService properties version 5.0
2021-01-03 18:15:51,926 INFO o.a.j.s.SaveService: Using SaveService properties file encoding UTF-8
2021-01-03 18:15:51,929 INFO o.a.j.s.SaveService: Loading file: DesignofExperiment.jmx
2021-01-03 18:15:51,990 INFO o.a.j.p.h.s.HTTPSamplerBase: Parser for text/html is org.apache.jmeter.protocol.http.parser.LagartoBasedHtmlParser
2021-01-03 18:15:51,990 INFO o.a.j.p.h.s.HTTPSamplerBase: Parser for application/xhtml+xml is org.apache.jmeter.protocol.http.parser.LagartoBasedHtmlParser
2021-01-03 18:15:51,990 INFO o.a.j.p.h.s.HTTPSamplerBase: Parser for application/xml is org.apache.jmeter.protocol.http.parser.LagartoBasedHtmlParser
2021-01-03 18:15:51,990 INFO o.a.j.p.h.s.HTTPSamplerBase: Parser for text/xml is org.apache.jmeter.protocol.http.parser.LagartoBasedHtmlParser
2021-01-03 18:15:51,990 INFO o.a.j.p.h.s.HTTPSamplerBase: Parser for text/vnd.wap.wml is org.apache.jmeter.protocol.http.parser.RegexpHTMLParser
2021-01-03 18:15:51,990 INFO o.a.j.p.h.s.HTTPSamplerBase: Parser for text/css is org.apache.jmeter.protocol.http.parser.CssParser
2021-01-03 18:15:52,016 INFO o.a.j.JMeter: Creating summariser <summary>
2021-01-03 18:15:52,023 INFO o.a.j.e.StandardJMeterEngine: Running the test!
2021-01-03 18:15:52,023 INFO o.a.j.s.SampleEvent: List of sample_variables: []
2021-01-03 18:15:52,024 INFO o.a.j.s.SampleEvent: List of sample_variables: []
2021-01-03 18:15:52,034 INFO o.a.j.e.u.CompoundVariable: Note: Function class names must contain the string: '.functions.'
2021-01-03 18:15:52,034 INFO o.a.j.e.u.CompoundVariable: Note: Function class names must not contain the string: '.gui.'
2021-01-03 18:15:52,321 INFO o.a.j.JMeter: Running test (1609694152321)
2021-01-03 18:15:52,337 INFO o.a.j.e.StandardJMeterEngine: Starting ThreadGroup: 1 : Thread Group - LM
2021-01-03 18:15:52,337 INFO o.a.j.e.StandardJMeterEngine: Starting 100 threads for group Thread Group - LM.
2021-01-03 18:15:52,337 INFO o.a.j.e.StandardJMeterEngine: Thread will continue on error
2021-01-03 18:15:52,337 INFO o.a.j.t.ThreadGroup: Starting thread group... number=1 threads=100 ramp-up=1 delayedStart=false
2021-01-03 18:15:52,348 INFO o.a.j.t.JMeterThread: Thread started: Thread Group - LM 1-1
2021-01-03 18:15:52,354 INFO o.a.j.t.JMeterThread: Thread started: Thread Group - LM 1-2
2021-01-03 18:15:52,360 INFO o.a.j.t.JMeterThread: Thread started: Thread Group - LM 1-3
2021-01-03 18:15:52,370 INFO o.a.j.t.JMeterThread: Thread started: Thread Group - LM 1-4
2021-01-03 18:15:52,379 INFO o.a.j.t.JMeterThread: Thread started: Thread Group - LM 1-5
2021-01-03 18:15:52,384 INFO o.a.j.p.h.s.HTTPHCAbstractImpl: Local host = LAPTOP-DSVV6SSR
2021-01-03 18:15:52,385 INFO o.a.j.t.ThreadGroup: Started thread group number 1
2021-01-03 18:15:52,385 INFO o.a.j.e.StandardJMeterEngine: All thread groups have been started
2021-01-03 18:15:52,391 INFO o.a.j.p.h.s.HTTPHC4Impl: HTTP request retry count = 0
2021-01-03 18:15:52,392 INFO o.a.j.t.JMeterThread: Thread started: Thread Group - LM 1-6
2021-01-03 18:15:52,392 INFO o.a.j.s.SampleResult: Note: Sample TimeStamps are START times
2021-01-03 18:15:52,393 INFO o.a.j.s.SampleResult: sampleresult.default.encoding is set to ISO-8859-1
2021-01-03 18:15:52,393 INFO o.a.j.s.SampleResult: sampleresult.useNanoTime=true
2021-01-03 18:15:52,393 INFO o.a.j.s.SampleResult: sampleresult.nanoThreadSleep=5000
2021-01-03 18:15:52,401 INFO o.a.j.t.JMeterThread: Thread started: Thread Group - LM 1-7
2021-01-03 18:15:52,410 INFO o.a.j.t.JMeterThread: Thread started: Thread Group - LM 1-8
2021-01-03 18:15:52,418 INFO o.a.j.t.JMeterThread: Thread started: Thread Group - LM 1-9
2021-01-03 18:15:52,428 INFO o.a.j.t.JMeterThread: Thread started: Thread Group - LM 1-10
2021-01-03 18:15:52,439 INFO o.a.j.t.JMeterThread: Thread started: Thread Group - LM 1-11
2021-01-03 18:15:52,448 INFO o.a.j.t.JMeterThread: Thread started: Thread Group - LM 1-12
2021-01-03 18:15:52,458 INFO o.a.j.t.JMeterThread: Thread started: Thread Group - LM 1-13
2021-01-03 18:15:52,468 INFO o.a.j.t.JMeterThread: Thread started: Thread Group - LM 1-14
2021-01-03 18:15:52,478 INFO o.a.j.t.JMeterThread: Thread started: Thread Group - LM 1-15
2021-01-03 18:15:52,488 INFO o.a.j.t.JMeterThread: Thread started: Thread Group - LM 1-16
2021-01-03 18:15:52,497 INFO o.a.j.t.JMeterThread: Thread started: Thread Group - LM 1-17
2021-01-03 18:15:52,507 INFO o.a.j.t.JMeterThread: Thread started: Thread Group - LM 1-18
2021-01-03 18:15:52,518 INFO o.a.j.t.JMeterThread: Thread started: Thread Group - LM 1-19
2021-01-03 18:15:52,528 INFO o.a.j.t.JMeterThread: Thread started: Thread Group - LM 1-20
2021-01-03 18:15:52,538 INFO o.a.j.t.JMeterThread: Thread started: Thread Group - LM 1-21
2021-01-03 18:15:52,548 INFO o.a.j.t.JMeterThread: Thread started: Thread Group - LM 1-22
2021-01-03 18:15:52,557 INFO o.a.j.t.JMeterThread: Thread started: Thread Group - LM 1-23
2021-01-03 18:15:52,568 INFO o.a.j.t.JMeterThread: Thread started: Thread Group - LM 1-24
2021-01-03 18:15:52,579 INFO o.a.j.t.JMeterThread: Thread started: Thread Group - LM 1-25
2021-01-03 18:15:52,588 INFO o.a.j.t.JMeterThread: Thread started: Thread Group - LM 1-26
2021-01-03 18:15:52,599 INFO o.a.j.t.JMeterThread: Thread started: Thread Group - LM 1-27
2021-01-03 18:15:52,610 INFO o.a.j.t.JMeterThread: Thread started: Thread Group - LM 1-28
2021-01-03 18:15:52,619 INFO o.a.j.t.JMeterThread: Thread started: Thread Group - LM 1-29
2021-01-03 18:15:52,629 INFO o.a.j.t.JMeterThread: Thread started: Thread Group - LM 1-30
2021-01-03 18:15:52,639 INFO o.a.j.t.JMeterThread: Thread started: Thread Group - LM 1-31
2021-01-03 18:15:52,647 INFO o.a.j.t.JMeterThread: Thread started: Thread Group - LM 1-32
2021-01-03 18:15:52,659 INFO o.a.j.t.JMeterThread: Thread started: Thread Group - LM 1-33
2021-01-03 18:15:52,669 INFO o.a.j.t.JMeterThread: Thread started: Thread Group - LM 1-34
2021-01-03 18:15:52,678 INFO o.a.j.t.JMeterThread: Thread started: Thread Group - LM 1-35
2021-01-03 18:15:52,688 INFO o.a.j.t.JMeterThread: Thread started: Thread Group - LM 1-36
2021-01-03 18:15:52,699 INFO o.a.j.t.JMeterThread: Thread started: Thread Group - LM 1-37
2021-01-03 18:15:52,708 INFO o.a.j.t.JMeterThread: Thread started: Thread Group - LM 1-38
2021-01-03 18:15:52,718 INFO o.a.j.t.JMeterThread: Thread started: Thread Group - LM 1-39
2021-01-03 18:15:52,728 INFO o.a.j.t.JMeterThread: Thread started: Thread Group - LM 1-40
2021-01-03 18:15:52,738 INFO o.a.j.t.JMeterThread: Thread started: Thread Group - LM 1-41
2021-01-03 18:15:52,748 INFO o.a.j.t.JMeterThread: Thread started: Thread Group - LM 1-42
2021-01-03 18:15:52,758 INFO o.a.j.t.JMeterThread: Thread started: Thread Group - LM 1-43
2021-01-03 18:15:52,768 INFO o.a.j.t.JMeterThread: Thread started: Thread Group - LM 1-44
2021-01-03 18:15:52,778 INFO o.a.j.t.JMeterThread: Thread started: Thread Group - LM 1-45
2021-01-03 18:15:52,788 INFO o.a.j.t.JMeterThread: Thread started: Thread Group - LM 1-46
2021-01-03 18:15:52,799 INFO o.a.j.t.JMeterThread: Thread started: Thread Group - LM 1-47
2021-01-03 18:15:52,808 INFO o.a.j.t.JMeterThread: Thread started: Thread Group - LM 1-48
2021-01-03 18:15:52,818 INFO o.a.j.t.JMeterThread: Thread started: Thread Group - LM 1-49
2021-01-03 18:15:52,829 INFO o.a.j.t.JMeterThread: Thread started: Thread Group - LM 1-50
2021-01-03 18:15:52,839 INFO o.a.j.t.JMeterThread: Thread started: Thread Group - LM 1-51
2021-01-03 18:15:52,848 INFO o.a.j.t.JMeterThread: Thread started: Thread Group - LM 1-52
2021-01-03 18:15:52,857 INFO o.a.j.t.JMeterThread: Thread started: Thread Group - LM 1-53
2021-01-03 18:15:52,869 INFO o.a.j.t.JMeterThread: Thread started: Thread Group - LM 1-54
2021-01-03 18:15:52,879 INFO o.a.j.t.JMeterThread: Thread started: Thread Group - LM 1-55
2021-01-03 18:15:52,888 INFO o.a.j.t.JMeterThread: Thread started: Thread Group - LM 1-56
2021-01-03 18:15:52,898 INFO o.a.j.t.JMeterThread: Thread started: Thread Group - LM 1-57
2021-01-03 18:15:52,908 INFO o.a.j.t.JMeterThread: Thread started: Thread Group - LM 1-58
2021-01-03 18:15:52,919 INFO o.a.j.t.JMeterThread: Thread started: Thread Group - LM 1-59
2021-01-03 18:15:52,929 INFO o.a.j.t.JMeterThread: Thread started: Thread Group - LM 1-60
2021-01-03 18:15:52,937 INFO o.a.j.t.JMeterThread: Thread started: Thread Group - LM 1-61
2021-01-03 18:15:52,949 INFO o.a.j.t.JMeterThread: Thread started: Thread Group - LM 1-62
2021-01-03 18:15:52,959 INFO o.a.j.t.JMeterThread: Thread started: Thread Group - LM 1-63
2021-01-03 18:15:52,968 INFO o.a.j.t.JMeterThread: Thread started: Thread Group - LM 1-64
2021-01-03 18:15:52,977 INFO o.a.j.t.JMeterThread: Thread started: Thread Group - LM 1-65
2021-01-03 18:15:52,989 INFO o.a.j.t.JMeterThread: Thread started: Thread Group - LM 1-66
2021-01-03 18:15:52,998 INFO o.a.j.t.JMeterThread: Thread started: Thread Group - LM 1-67
2021-01-03 18:15:53,008 INFO o.a.j.t.JMeterThread: Thread started: Thread Group - LM 1-68
2021-01-03 18:15:53,018 INFO o.a.j.t.JMeterThread: Thread started: Thread Group - LM 1-69
2021-01-03 18:15:53,029 INFO o.a.j.t.JMeterThread: Thread started: Thread Group - LM 1-70
2021-01-03 18:15:53,038 INFO o.a.j.t.JMeterThread: Thread started: Thread Group - LM 1-71
2021-01-03 18:15:53,048 INFO o.a.j.t.JMeterThread: Thread started: Thread Group - LM 1-72
2021-01-03 18:15:53,058 INFO o.a.j.t.JMeterThread: Thread started: Thread Group - LM 1-73
2021-01-03 18:15:53,068 INFO o.a.j.t.JMeterThread: Thread started: Thread Group - LM 1-74
2021-01-03 18:15:53,078 INFO o.a.j.t.JMeterThread: Thread started: Thread Group - LM 1-75
2021-01-03 18:15:53,089 INFO o.a.j.t.JMeterThread: Thread started: Thread Group - LM 1-76
2021-01-03 18:15:53,098 INFO o.a.j.t.JMeterThread: Thread started: Thread Group - LM 1-77
2021-01-03 18:15:53,107 INFO o.a.j.t.JMeterThread: Thread started: Thread Group - LM 1-78
2021-01-03 18:15:53,119 INFO o.a.j.t.JMeterThread: Thread started: Thread Group - LM 1-79
2021-01-03 18:15:53,129 INFO o.a.j.t.JMeterThread: Thread started: Thread Group - LM 1-80
2021-01-03 18:15:53,137 INFO o.a.j.t.JMeterThread: Thread started: Thread Group - LM 1-81
2021-01-03 18:15:53,147 INFO o.a.j.t.JMeterThread: Thread started: Thread Group - LM 1-82
2021-01-03 18:15:53,159 INFO o.a.j.t.JMeterThread: Thread started: Thread Group - LM 1-83
2021-01-03 18:15:53,169 INFO o.a.j.t.JMeterThread: Thread started: Thread Group - LM 1-84
2021-01-03 18:15:53,177 INFO o.a.j.t.JMeterThread: Thread started: Thread Group - LM 1-85
2021-01-03 18:15:53,188 INFO o.a.j.t.JMeterThread: Thread started: Thread Group - LM 1-86
2021-01-03 18:15:53,199 INFO o.a.j.t.JMeterThread: Thread started: Thread Group - LM 1-87
2021-01-03 18:15:53,208 INFO o.a.j.t.JMeterThread: Thread started: Thread Group - LM 1-88
2021-01-03 18:15:53,218 INFO o.a.j.t.JMeterThread: Thread started: Thread Group - LM 1-89
2021-01-03 18:15:53,228 INFO o.a.j.t.JMeterThread: Thread started: Thread Group - LM 1-90
2021-01-03 18:15:53,238 INFO o.a.j.t.JMeterThread: Thread started: Thread Group - LM 1-91
2021-01-03 18:15:53,248 INFO o.a.j.t.JMeterThread: Thread started: Thread Group - LM 1-92
2021-01-03 18:15:53,258 INFO o.a.j.t.JMeterThread: Thread started: Thread Group - LM 1-93
2021-01-03 18:15:53,267 INFO o.a.j.t.JMeterThread: Thread started: Thread Group - LM 1-94
2021-01-03 18:15:53,277 INFO o.a.j.t.JMeterThread: Thread started: Thread Group - LM 1-95
2021-01-03 18:15:53,289 INFO o.a.j.t.JMeterThread: Thread started: Thread Group - LM 1-96
2021-01-03 18:15:53,298 INFO o.a.j.t.JMeterThread: Thread started: Thread Group - LM 1-97
2021-01-03 18:15:53,307 INFO o.a.j.t.JMeterThread: Thread started: Thread Group - LM 1-98
2021-01-03 18:15:53,317 INFO o.a.j.t.JMeterThread: Thread started: Thread Group - LM 1-99
2021-01-03 18:15:53,329 INFO o.a.j.t.JMeterThread: Thread started: Thread Group - LM 1-100
2021-01-03 18:16:00,012 INFO o.a.j.r.Summariser: summary +   1018 in 00:00:08 =  132.4/s Avg:    15 Min:     2 Max:   252 Err:     0 (0.00%) Active: 100 Started: 100 Finished: 0
2021-01-03 18:16:30,002 INFO o.a.j.r.Summariser: summary +   3746 in 00:00:30 =  124.9/s Avg:     8 Min:     2 Max:    79 Err:     0 (0.00%) Active: 100 Started: 100 Finished: 0
2021-01-03 18:16:30,003 INFO o.a.j.r.Summariser: summary =   4764 in 00:00:38 =  126.4/s Avg:     9 Min:     2 Max:   252 Err:     0 (0.00%)
2021-01-03 18:16:51,568 INFO o.a.j.t.JMeterThread: Thread finished: Thread Group - LM 1-23
2021-01-03 18:16:51,570 INFO o.a.j.t.JMeterThread: Thread finished: Thread Group - LM 1-1
2021-01-03 18:16:51,590 INFO o.a.j.t.JMeterThread: Thread finished: Thread Group - LM 1-49
2021-01-03 18:16:51,594 INFO o.a.j.t.JMeterThread: Thread finished: Thread Group - LM 1-48
2021-01-03 18:16:51,597 INFO o.a.j.t.JMeterThread: Thread finished: Thread Group - LM 1-24
2021-01-03 18:16:51,630 INFO o.a.j.t.JMeterThread: Thread finished: Thread Group - LM 1-94
2021-01-03 18:16:51,633 INFO o.a.j.t.JMeterThread: Thread finished: Thread Group - LM 1-50
2021-01-03 18:16:51,666 INFO o.a.j.t.JMeterThread: Thread finished: Thread Group - LM 1-52
2021-01-03 18:16:51,675 INFO o.a.j.t.JMeterThread: Thread finished: Thread Group - LM 1-96
2021-01-03 18:16:51,679 INFO o.a.j.t.JMeterThread: Thread finished: Thread Group - LM 1-25
2021-01-03 18:16:51,684 INFO o.a.j.t.JMeterThread: Thread finished: Thread Group - LM 1-51
2021-01-03 18:16:51,686 INFO o.a.j.t.JMeterThread: Thread finished: Thread Group - LM 1-53
2021-01-03 18:16:51,688 INFO o.a.j.t.JMeterThread: Thread finished: Thread Group - LM 1-97
2021-01-03 18:16:51,690 INFO o.a.j.t.JMeterThread: Thread finished: Thread Group - LM 1-26
2021-01-03 18:16:51,692 INFO o.a.j.t.JMeterThread: Thread finished: Thread Group - LM 1-4
2021-01-03 18:16:51,719 INFO o.a.j.t.JMeterThread: Thread finished: Thread Group - LM 1-99
2021-01-03 18:16:51,721 INFO o.a.j.t.JMeterThread: Thread finished: Thread Group - LM 1-54
2021-01-03 18:16:51,732 INFO o.a.j.t.JMeterThread: Thread finished: Thread Group - LM 1-100
2021-01-03 18:16:51,735 INFO o.a.j.t.JMeterThread: Thread finished: Thread Group - LM 1-10
2021-01-03 18:16:51,737 INFO o.a.j.t.JMeterThread: Thread finished: Thread Group - LM 1-55
2021-01-03 18:16:51,740 INFO o.a.j.t.JMeterThread: Thread finished: Thread Group - LM 1-9
2021-01-03 18:16:51,748 INFO o.a.j.t.JMeterThread: Thread finished: Thread Group - LM 1-28
2021-01-03 18:16:51,754 INFO o.a.j.t.JMeterThread: Thread finished: Thread Group - LM 1-56
2021-01-03 18:16:51,770 INFO o.a.j.t.JMeterThread: Thread finished: Thread Group - LM 1-57
2021-01-03 18:16:51,778 INFO o.a.j.t.JMeterThread: Thread finished: Thread Group - LM 1-3
2021-01-03 18:16:51,790 INFO o.a.j.t.JMeterThread: Thread finished: Thread Group - LM 1-5
2021-01-03 18:16:51,804 INFO o.a.j.t.JMeterThread: Thread finished: Thread Group - LM 1-59
2021-01-03 18:16:51,807 INFO o.a.j.t.JMeterThread: Thread finished: Thread Group - LM 1-8
2021-01-03 18:16:51,814 INFO o.a.j.t.JMeterThread: Thread finished: Thread Group - LM 1-14
2021-01-03 18:16:51,841 INFO o.a.j.t.JMeterThread: Thread finished: Thread Group - LM 1-60
2021-01-03 18:16:51,850 INFO o.a.j.t.JMeterThread: Thread finished: Thread Group - LM 1-61
2021-01-03 18:16:51,861 INFO o.a.j.t.JMeterThread: Thread finished: Thread Group - LM 1-62
2021-01-03 18:16:51,875 INFO o.a.j.t.JMeterThread: Thread finished: Thread Group - LM 1-33
2021-01-03 18:16:51,883 INFO o.a.j.t.JMeterThread: Thread finished: Thread Group - LM 1-63
2021-01-03 18:16:51,891 INFO o.a.j.t.JMeterThread: Thread finished: Thread Group - LM 1-16
2021-01-03 18:16:51,899 INFO o.a.j.t.JMeterThread: Thread finished: Thread Group - LM 1-32
2021-01-03 18:16:51,906 INFO o.a.j.t.JMeterThread: Thread finished: Thread Group - LM 1-6
2021-01-03 18:16:51,915 INFO o.a.j.t.JMeterThread: Thread finished: Thread Group - LM 1-64
2021-01-03 18:16:51,919 INFO o.a.j.t.JMeterThread: Thread finished: Thread Group - LM 1-27
2021-01-03 18:16:51,920 INFO o.a.j.t.JMeterThread: Thread finished: Thread Group - LM 1-65
2021-01-03 18:16:51,923 INFO o.a.j.t.JMeterThread: Thread finished: Thread Group - LM 1-66
2021-01-03 18:16:51,926 INFO o.a.j.t.JMeterThread: Thread finished: Thread Group - LM 1-35
2021-01-03 18:16:51,933 INFO o.a.j.t.JMeterThread: Thread finished: Thread Group - LM 1-7
2021-01-03 18:16:51,937 INFO o.a.j.t.JMeterThread: Thread finished: Thread Group - LM 1-67
2021-01-03 18:16:51,951 INFO o.a.j.t.JMeterThread: Thread finished: Thread Group - LM 1-31
2021-01-03 18:16:51,958 INFO o.a.j.t.JMeterThread: Thread finished: Thread Group - LM 1-29
2021-01-03 18:16:51,966 INFO o.a.j.t.JMeterThread: Thread finished: Thread Group - LM 1-68
2021-01-03 18:16:51,981 INFO o.a.j.t.JMeterThread: Thread finished: Thread Group - LM 1-69
2021-01-03 18:16:51,991 INFO o.a.j.t.JMeterThread: Thread finished: Thread Group - LM 1-37
2021-01-03 18:16:51,994 INFO o.a.j.t.JMeterThread: Thread finished: Thread Group - LM 1-70
2021-01-03 18:16:51,996 INFO o.a.j.t.JMeterThread: Thread finished: Thread Group - LM 1-11
2021-01-03 18:16:52,014 INFO o.a.j.t.JMeterThread: Thread finished: Thread Group - LM 1-71
2021-01-03 18:16:52,019 INFO o.a.j.t.JMeterThread: Thread finished: Thread Group - LM 1-36
2021-01-03 18:16:52,028 INFO o.a.j.t.JMeterThread: Thread finished: Thread Group - LM 1-72
2021-01-03 18:16:52,031 INFO o.a.j.t.JMeterThread: Thread finished: Thread Group - LM 1-18
2021-01-03 18:16:52,048 INFO o.a.j.t.JMeterThread: Thread finished: Thread Group - LM 1-12
2021-01-03 18:16:52,059 INFO o.a.j.t.JMeterThread: Thread finished: Thread Group - LM 1-73
2021-01-03 18:16:52,069 INFO o.a.j.t.JMeterThread: Thread finished: Thread Group - LM 1-74
2021-01-03 18:16:52,072 INFO o.a.j.t.JMeterThread: Thread finished: Thread Group - LM 1-30
2021-01-03 18:16:52,078 INFO o.a.j.t.JMeterThread: Thread finished: Thread Group - LM 1-13
2021-01-03 18:16:52,080 INFO o.a.j.t.JMeterThread: Thread finished: Thread Group - LM 1-39
2021-01-03 18:16:52,082 INFO o.a.j.t.JMeterThread: Thread finished: Thread Group - LM 1-75
2021-01-03 18:16:52,084 INFO o.a.j.t.JMeterThread: Thread finished: Thread Group - LM 1-40
2021-01-03 18:16:52,103 INFO o.a.j.t.JMeterThread: Thread finished: Thread Group - LM 1-15
2021-01-03 18:16:52,110 INFO o.a.j.t.JMeterThread: Thread finished: Thread Group - LM 1-76
2021-01-03 18:16:52,118 INFO o.a.j.t.JMeterThread: Thread finished: Thread Group - LM 1-34
2021-01-03 18:16:52,123 INFO o.a.j.t.JMeterThread: Thread finished: Thread Group - LM 1-77
2021-01-03 18:16:52,139 INFO o.a.j.t.JMeterThread: Thread finished: Thread Group - LM 1-78
2021-01-03 18:16:52,172 INFO o.a.j.t.JMeterThread: Thread finished: Thread Group - LM 1-42
2021-01-03 18:16:52,180 INFO o.a.j.t.JMeterThread: Thread finished: Thread Group - LM 1-38
2021-01-03 18:16:52,187 INFO o.a.j.t.JMeterThread: Thread finished: Thread Group - LM 1-79
2021-01-03 18:16:52,195 INFO o.a.j.t.JMeterThread: Thread finished: Thread Group - LM 1-80
2021-01-03 18:16:52,201 INFO o.a.j.t.JMeterThread: Thread finished: Thread Group - LM 1-81
2021-01-03 18:16:52,207 INFO o.a.j.t.JMeterThread: Thread finished: Thread Group - LM 1-43
2021-01-03 18:16:52,216 INFO o.a.j.t.JMeterThread: Thread finished: Thread Group - LM 1-82
2021-01-03 18:16:52,220 INFO o.a.j.t.JMeterThread: Thread finished: Thread Group - LM 1-45
2021-01-03 18:16:52,227 INFO o.a.j.t.JMeterThread: Thread finished: Thread Group - LM 1-44
2021-01-03 18:16:52,229 INFO o.a.j.t.JMeterThread: Thread finished: Thread Group - LM 1-41
2021-01-03 18:16:52,247 INFO o.a.j.t.JMeterThread: Thread finished: Thread Group - LM 1-83
2021-01-03 18:16:52,256 INFO o.a.j.t.JMeterThread: Thread finished: Thread Group - LM 1-19
2021-01-03 18:16:52,262 INFO o.a.j.t.JMeterThread: Thread finished: Thread Group - LM 1-20
2021-01-03 18:16:52,270 INFO o.a.j.t.JMeterThread: Thread finished: Thread Group - LM 1-17
2021-01-03 18:16:52,277 INFO o.a.j.t.JMeterThread: Thread finished: Thread Group - LM 1-85
2021-01-03 18:16:52,282 INFO o.a.j.t.JMeterThread: Thread finished: Thread Group - LM 1-84
2021-01-03 18:16:52,285 INFO o.a.j.t.JMeterThread: Thread finished: Thread Group - LM 1-46
2021-01-03 18:16:52,288 INFO o.a.j.t.JMeterThread: Thread finished: Thread Group - LM 1-21
2021-01-03 18:16:52,290 INFO o.a.j.t.JMeterThread: Thread finished: Thread Group - LM 1-86
2021-01-03 18:16:52,292 INFO o.a.j.t.JMeterThread: Thread finished: Thread Group - LM 1-2
2021-01-03 18:16:52,294 INFO o.a.j.t.JMeterThread: Thread finished: Thread Group - LM 1-22
2021-01-03 18:16:52,312 INFO o.a.j.t.JMeterThread: Thread finished: Thread Group - LM 1-87
2021-01-03 18:16:52,315 INFO o.a.j.t.JMeterThread: Thread finished: Thread Group - LM 1-88
2021-01-03 18:16:52,362 INFO o.a.j.t.JMeterThread: Thread finished: Thread Group - LM 1-89
2021-01-03 18:16:52,377 INFO o.a.j.t.JMeterThread: Stopping because end time detected by thread: Thread Group - LM 1-47
2021-01-03 18:16:52,377 INFO o.a.j.t.JMeterThread: Thread finished: Thread Group - LM 1-47
2021-01-03 18:16:52,389 INFO o.a.j.t.JMeterThread: Stopping because end time detected by thread: Thread Group - LM 1-58
2021-01-03 18:16:52,389 INFO o.a.j.t.JMeterThread: Thread finished: Thread Group - LM 1-58
2021-01-03 18:16:52,395 INFO o.a.j.t.JMeterThread: Stopping because end time detected by thread: Thread Group - LM 1-98
2021-01-03 18:16:52,395 INFO o.a.j.t.JMeterThread: Thread finished: Thread Group - LM 1-98
2021-01-03 18:16:52,397 INFO o.a.j.t.JMeterThread: Stopping because end time detected by thread: Thread Group - LM 1-92
2021-01-03 18:16:52,398 INFO o.a.j.t.JMeterThread: Thread finished: Thread Group - LM 1-92
2021-01-03 18:16:52,398 INFO o.a.j.t.JMeterThread: Stopping because end time detected by thread: Thread Group - LM 1-93
2021-01-03 18:16:52,398 INFO o.a.j.t.JMeterThread: Thread finished: Thread Group - LM 1-93
2021-01-03 18:16:52,398 INFO o.a.j.t.JMeterThread: Stopping because end time detected by thread: Thread Group - LM 1-91
2021-01-03 18:16:52,398 INFO o.a.j.t.JMeterThread: Thread finished: Thread Group - LM 1-91
2021-01-03 18:16:52,399 INFO o.a.j.t.JMeterThread: Stopping because end time detected by thread: Thread Group - LM 1-90
2021-01-03 18:16:52,399 INFO o.a.j.t.JMeterThread: Thread finished: Thread Group - LM 1-90
2021-01-03 18:16:52,399 INFO o.a.j.t.JMeterThread: Stopping because end time detected by thread: Thread Group - LM 1-95
2021-01-03 18:16:52,399 INFO o.a.j.t.JMeterThread: Thread finished: Thread Group - LM 1-95
2021-01-03 18:16:52,399 INFO o.a.j.e.StandardJMeterEngine: Notifying test listeners of end of test
2021-01-03 18:16:52,400 INFO o.a.j.r.Summariser: summary +   2802 in 00:00:22 =  125.1/s Avg:     6 Min:     2 Max:    54 Err:     0 (0.00%) Active: 0 Started: 100 Finished: 100
2021-01-03 18:16:52,401 INFO o.a.j.r.Summariser: summary =   7566 in 00:01:00 =  125.9/s Avg:     8 Min:     2 Max:   252 Err:     0 (0.00%)
