2021-01-03 18:49:18,559 INFO o.a.j.u.JMeterUtils: Setting Locale to en_EN
2021-01-03 18:49:18,578 INFO o.a.j.JMeter: Loading user properties from: user.properties
2021-01-03 18:49:18,579 INFO o.a.j.JMeter: Loading system properties from: system.properties
2021-01-03 18:49:18,580 INFO o.a.j.JMeter: Copyright (c) 1998-2020 The Apache Software Foundation
2021-01-03 18:49:18,580 INFO o.a.j.JMeter: Version 5.3
2021-01-03 18:49:18,581 INFO o.a.j.JMeter: java.version=11.0.8
2021-01-03 18:49:18,581 INFO o.a.j.JMeter: java.vm.name=Java HotSpot(TM) 64-Bit Server VM
2021-01-03 18:49:18,581 INFO o.a.j.JMeter: os.name=Windows 10
2021-01-03 18:49:18,581 INFO o.a.j.JMeter: os.arch=amd64
2021-01-03 18:49:18,581 INFO o.a.j.JMeter: os.version=10.0
2021-01-03 18:49:18,581 INFO o.a.j.JMeter: file.encoding=Cp1252
2021-01-03 18:49:18,581 INFO o.a.j.JMeter: java.awt.headless=true
2021-01-03 18:49:18,581 INFO o.a.j.JMeter: Max memory     =1073741824
2021-01-03 18:49:18,582 INFO o.a.j.JMeter: Available Processors =8
2021-01-03 18:49:18,591 INFO o.a.j.JMeter: Default Locale=English (EN)
2021-01-03 18:49:18,591 INFO o.a.j.JMeter: JMeter  Locale=English (EN)
2021-01-03 18:49:18,591 INFO o.a.j.JMeter: JMeterHome=C:\Users\fabio\Documents\Fabio\Università\Magistrale\2°anno\1°semestre\Impianti di Elaborazione\apache-jmeter-5.3
2021-01-03 18:49:18,591 INFO o.a.j.JMeter: user.dir  =C:\Users\fabio\Documents\Fabio\Università\Magistrale\2°anno\1°semestre\Impianti di Elaborazione\apache-jmeter-5.3\bin
2021-01-03 18:49:18,592 INFO o.a.j.JMeter: PWD       =C:\Users\fabio\Documents\Fabio\Università\Magistrale\2°anno\1°semestre\Impianti di Elaborazione\apache-jmeter-5.3\bin
2021-01-03 18:49:18,596 INFO o.a.j.JMeter: IP: 192.168.56.1 Name: LAPTOP-DSVV6SSR FullName: 192.168.56.1
2021-01-03 18:49:18,602 INFO o.a.j.s.FileServer: Default base='C:\Users\fabio\Documents\Fabio\Università\Magistrale\2°anno\1°semestre\Impianti di Elaborazione\apache-jmeter-5.3\bin'
2021-01-03 18:49:18,604 INFO o.a.j.s.FileServer: Set new base='C:\Users\fabio\Documents\Fabio\Università\Magistrale\2°anno\1°semestre\Impianti di Elaborazione\apache-jmeter-5.3\bin'
2021-01-03 18:49:18,728 INFO o.a.j.s.SaveService: Testplan (JMX) version: 2.2. Testlog (JTL) version: 2.2
2021-01-03 18:49:18,747 INFO o.a.j.s.SaveService: Using SaveService properties version 5.0
2021-01-03 18:49:18,751 INFO o.a.j.s.SaveService: Using SaveService properties file encoding UTF-8
2021-01-03 18:49:18,755 INFO o.a.j.s.SaveService: Loading file: DesignofExperiment.jmx
2021-01-03 18:49:18,818 INFO o.a.j.p.h.s.HTTPSamplerBase: Parser for text/html is org.apache.jmeter.protocol.http.parser.LagartoBasedHtmlParser
2021-01-03 18:49:18,818 INFO o.a.j.p.h.s.HTTPSamplerBase: Parser for application/xhtml+xml is org.apache.jmeter.protocol.http.parser.LagartoBasedHtmlParser
2021-01-03 18:49:18,818 INFO o.a.j.p.h.s.HTTPSamplerBase: Parser for application/xml is org.apache.jmeter.protocol.http.parser.LagartoBasedHtmlParser
2021-01-03 18:49:18,818 INFO o.a.j.p.h.s.HTTPSamplerBase: Parser for text/xml is org.apache.jmeter.protocol.http.parser.LagartoBasedHtmlParser
2021-01-03 18:49:18,818 INFO o.a.j.p.h.s.HTTPSamplerBase: Parser for text/vnd.wap.wml is org.apache.jmeter.protocol.http.parser.RegexpHTMLParser
2021-01-03 18:49:18,818 INFO o.a.j.p.h.s.HTTPSamplerBase: Parser for text/css is org.apache.jmeter.protocol.http.parser.CssParser
2021-01-03 18:49:18,845 INFO o.a.j.JMeter: Creating summariser <summary>
2021-01-03 18:49:18,851 INFO o.a.j.e.StandardJMeterEngine: Running the test!
2021-01-03 18:49:18,852 INFO o.a.j.s.SampleEvent: List of sample_variables: []
2021-01-03 18:49:18,852 INFO o.a.j.s.SampleEvent: List of sample_variables: []
2021-01-03 18:49:18,860 INFO o.a.j.e.u.CompoundVariable: Note: Function class names must contain the string: '.functions.'
2021-01-03 18:49:18,860 INFO o.a.j.e.u.CompoundVariable: Note: Function class names must not contain the string: '.gui.'
2021-01-03 18:49:19,187 INFO o.a.j.JMeter: Running test (1609696159187)
2021-01-03 18:49:19,201 INFO o.a.j.e.StandardJMeterEngine: Starting ThreadGroup: 1 : Thread Group - MH
2021-01-03 18:49:19,202 INFO o.a.j.e.StandardJMeterEngine: Starting 100 threads for group Thread Group - MH.
2021-01-03 18:49:19,202 INFO o.a.j.e.StandardJMeterEngine: Thread will continue on error
2021-01-03 18:49:19,202 INFO o.a.j.t.ThreadGroup: Starting thread group... number=1 threads=100 ramp-up=1 delayedStart=false
2021-01-03 18:49:19,211 INFO o.a.j.t.JMeterThread: Thread started: Thread Group - MH 1-1
2021-01-03 18:49:19,218 INFO o.a.j.t.JMeterThread: Thread started: Thread Group - MH 1-2
2021-01-03 18:49:19,226 INFO o.a.j.t.JMeterThread: Thread started: Thread Group - MH 1-3
2021-01-03 18:49:19,235 INFO o.a.j.t.JMeterThread: Thread started: Thread Group - MH 1-4
2021-01-03 18:49:19,245 INFO o.a.j.t.JMeterThread: Thread started: Thread Group - MH 1-5
2021-01-03 18:49:19,248 INFO o.a.j.p.h.s.HTTPHCAbstractImpl: Local host = LAPTOP-DSVV6SSR
2021-01-03 18:49:19,250 INFO o.a.j.t.ThreadGroup: Started thread group number 1
2021-01-03 18:49:19,250 INFO o.a.j.e.StandardJMeterEngine: All thread groups have been started
2021-01-03 18:49:19,256 INFO o.a.j.p.h.s.HTTPHC4Impl: HTTP request retry count = 0
2021-01-03 18:49:19,257 INFO o.a.j.s.SampleResult: Note: Sample TimeStamps are START times
2021-01-03 18:49:19,257 INFO o.a.j.s.SampleResult: sampleresult.default.encoding is set to ISO-8859-1
2021-01-03 18:49:19,258 INFO o.a.j.s.SampleResult: sampleresult.useNanoTime=true
2021-01-03 18:49:19,258 INFO o.a.j.s.SampleResult: sampleresult.nanoThreadSleep=5000
2021-01-03 18:49:19,259 INFO o.a.j.t.JMeterThread: Thread started: Thread Group - MH 1-6
2021-01-03 18:49:19,266 INFO o.a.j.t.JMeterThread: Thread started: Thread Group - MH 1-7
2021-01-03 18:49:19,276 INFO o.a.j.t.JMeterThread: Thread started: Thread Group - MH 1-8
2021-01-03 18:49:19,284 INFO o.a.j.t.JMeterThread: Thread started: Thread Group - MH 1-9
2021-01-03 18:49:19,293 INFO o.a.j.t.JMeterThread: Thread started: Thread Group - MH 1-10
2021-01-03 18:49:19,304 INFO o.a.j.t.JMeterThread: Thread started: Thread Group - MH 1-11
2021-01-03 18:49:19,315 INFO o.a.j.t.JMeterThread: Thread started: Thread Group - MH 1-12
2021-01-03 18:49:19,324 INFO o.a.j.t.JMeterThread: Thread started: Thread Group - MH 1-13
2021-01-03 18:49:19,334 INFO o.a.j.t.JMeterThread: Thread started: Thread Group - MH 1-14
2021-01-03 18:49:19,344 INFO o.a.j.t.JMeterThread: Thread started: Thread Group - MH 1-15
2021-01-03 18:49:19,353 INFO o.a.j.t.JMeterThread: Thread started: Thread Group - MH 1-16
2021-01-03 18:49:19,364 INFO o.a.j.t.JMeterThread: Thread started: Thread Group - MH 1-17
2021-01-03 18:49:19,372 INFO o.a.j.t.JMeterThread: Thread started: Thread Group - MH 1-18
2021-01-03 18:49:19,382 INFO o.a.j.t.JMeterThread: Thread started: Thread Group - MH 1-19
2021-01-03 18:49:19,394 INFO o.a.j.t.JMeterThread: Thread started: Thread Group - MH 1-20
2021-01-03 18:49:19,404 INFO o.a.j.t.JMeterThread: Thread started: Thread Group - MH 1-21
2021-01-03 18:49:19,413 INFO o.a.j.t.JMeterThread: Thread started: Thread Group - MH 1-22
2021-01-03 18:49:19,423 INFO o.a.j.t.JMeterThread: Thread started: Thread Group - MH 1-23
2021-01-03 18:49:19,434 INFO o.a.j.t.JMeterThread: Thread started: Thread Group - MH 1-24
2021-01-03 18:49:19,446 INFO o.a.j.t.JMeterThread: Thread started: Thread Group - MH 1-25
2021-01-03 18:49:19,460 INFO o.a.j.t.JMeterThread: Thread started: Thread Group - MH 1-26
2021-01-03 18:49:19,470 INFO o.a.j.t.JMeterThread: Thread started: Thread Group - MH 1-27
2021-01-03 18:49:19,473 INFO o.a.j.t.JMeterThread: Thread started: Thread Group - MH 1-28
2021-01-03 18:49:19,484 INFO o.a.j.t.JMeterThread: Thread started: Thread Group - MH 1-29
2021-01-03 18:49:19,493 INFO o.a.j.t.JMeterThread: Thread started: Thread Group - MH 1-30
2021-01-03 18:49:19,503 INFO o.a.j.t.JMeterThread: Thread started: Thread Group - MH 1-31
2021-01-03 18:49:19,514 INFO o.a.j.t.JMeterThread: Thread started: Thread Group - MH 1-32
2021-01-03 18:49:19,524 INFO o.a.j.t.JMeterThread: Thread started: Thread Group - MH 1-33
2021-01-03 18:49:19,534 INFO o.a.j.t.JMeterThread: Thread started: Thread Group - MH 1-34
2021-01-03 18:49:19,543 INFO o.a.j.t.JMeterThread: Thread started: Thread Group - MH 1-35
2021-01-03 18:49:19,553 INFO o.a.j.t.JMeterThread: Thread started: Thread Group - MH 1-36
2021-01-03 18:49:19,563 INFO o.a.j.t.JMeterThread: Thread started: Thread Group - MH 1-37
2021-01-03 18:49:19,574 INFO o.a.j.t.JMeterThread: Thread started: Thread Group - MH 1-38
2021-01-03 18:49:19,583 INFO o.a.j.t.JMeterThread: Thread started: Thread Group - MH 1-39
2021-01-03 18:49:19,592 INFO o.a.j.t.JMeterThread: Thread started: Thread Group - MH 1-40
2021-01-03 18:49:19,603 INFO o.a.j.t.JMeterThread: Thread started: Thread Group - MH 1-41
2021-01-03 18:49:19,614 INFO o.a.j.t.JMeterThread: Thread started: Thread Group - MH 1-42
2021-01-03 18:49:19,623 INFO o.a.j.t.JMeterThread: Thread started: Thread Group - MH 1-43
2021-01-03 18:49:19,633 INFO o.a.j.t.JMeterThread: Thread started: Thread Group - MH 1-44
2021-01-03 18:49:19,643 INFO o.a.j.t.JMeterThread: Thread started: Thread Group - MH 1-45
2021-01-03 18:49:19,654 INFO o.a.j.t.JMeterThread: Thread started: Thread Group - MH 1-46
2021-01-03 18:49:19,663 INFO o.a.j.t.JMeterThread: Thread started: Thread Group - MH 1-47
2021-01-03 18:49:19,673 INFO o.a.j.t.JMeterThread: Thread started: Thread Group - MH 1-48
2021-01-03 18:49:19,684 INFO o.a.j.t.JMeterThread: Thread started: Thread Group - MH 1-49
2021-01-03 18:49:19,693 INFO o.a.j.t.JMeterThread: Thread started: Thread Group - MH 1-50
2021-01-03 18:49:19,702 INFO o.a.j.t.JMeterThread: Thread started: Thread Group - MH 1-51
2021-01-03 18:49:19,713 INFO o.a.j.t.JMeterThread: Thread started: Thread Group - MH 1-52
2021-01-03 18:49:19,722 INFO o.a.j.t.JMeterThread: Thread started: Thread Group - MH 1-53
2021-01-03 18:49:19,733 INFO o.a.j.t.JMeterThread: Thread started: Thread Group - MH 1-54
2021-01-03 18:49:19,743 INFO o.a.j.t.JMeterThread: Thread started: Thread Group - MH 1-55
2021-01-03 18:49:19,753 INFO o.a.j.t.JMeterThread: Thread started: Thread Group - MH 1-56
2021-01-03 18:49:19,765 INFO o.a.j.t.JMeterThread: Thread started: Thread Group - MH 1-57
2021-01-03 18:49:19,776 INFO o.a.j.t.JMeterThread: Thread started: Thread Group - MH 1-58
2021-01-03 18:49:19,784 INFO o.a.j.t.JMeterThread: Thread started: Thread Group - MH 1-59
2021-01-03 18:49:19,794 INFO o.a.j.t.JMeterThread: Thread started: Thread Group - MH 1-60
2021-01-03 18:49:19,804 INFO o.a.j.t.JMeterThread: Thread started: Thread Group - MH 1-61
2021-01-03 18:49:19,815 INFO o.a.j.t.JMeterThread: Thread started: Thread Group - MH 1-62
2021-01-03 18:49:19,823 INFO o.a.j.t.JMeterThread: Thread started: Thread Group - MH 1-63
2021-01-03 18:49:19,833 INFO o.a.j.t.JMeterThread: Thread started: Thread Group - MH 1-64
2021-01-03 18:49:19,842 INFO o.a.j.t.JMeterThread: Thread started: Thread Group - MH 1-65
2021-01-03 18:49:19,854 INFO o.a.j.t.JMeterThread: Thread started: Thread Group - MH 1-66
2021-01-03 18:49:19,863 INFO o.a.j.t.JMeterThread: Thread started: Thread Group - MH 1-67
2021-01-03 18:49:19,872 INFO o.a.j.t.JMeterThread: Thread started: Thread Group - MH 1-68
2021-01-03 18:49:19,882 INFO o.a.j.t.JMeterThread: Thread started: Thread Group - MH 1-69
2021-01-03 18:49:19,894 INFO o.a.j.t.JMeterThread: Thread started: Thread Group - MH 1-70
2021-01-03 18:49:19,903 INFO o.a.j.t.JMeterThread: Thread started: Thread Group - MH 1-71
2021-01-03 18:49:19,912 INFO o.a.j.t.JMeterThread: Thread started: Thread Group - MH 1-72
2021-01-03 18:49:19,923 INFO o.a.j.t.JMeterThread: Thread started: Thread Group - MH 1-73
2021-01-03 18:49:19,933 INFO o.a.j.t.JMeterThread: Thread started: Thread Group - MH 1-74
2021-01-03 18:49:19,942 INFO o.a.j.t.JMeterThread: Thread started: Thread Group - MH 1-75
2021-01-03 18:49:19,953 INFO o.a.j.t.JMeterThread: Thread started: Thread Group - MH 1-76
2021-01-03 18:49:19,963 INFO o.a.j.t.JMeterThread: Thread started: Thread Group - MH 1-77
2021-01-03 18:49:19,972 INFO o.a.j.t.JMeterThread: Thread started: Thread Group - MH 1-78
2021-01-03 18:49:19,997 INFO o.a.j.t.JMeterThread: Thread started: Thread Group - MH 1-80
2021-01-03 18:49:19,986 INFO o.a.j.t.JMeterThread: Thread started: Thread Group - MH 1-79
2021-01-03 18:49:20,003 INFO o.a.j.t.JMeterThread: Thread started: Thread Group - MH 1-81
2021-01-03 18:49:20,013 INFO o.a.j.t.JMeterThread: Thread started: Thread Group - MH 1-82
2021-01-03 18:49:20,023 INFO o.a.j.t.JMeterThread: Thread started: Thread Group - MH 1-83
2021-01-03 18:49:20,032 INFO o.a.j.t.JMeterThread: Thread started: Thread Group - MH 1-84
2021-01-03 18:49:20,043 INFO o.a.j.t.JMeterThread: Thread started: Thread Group - MH 1-85
2021-01-03 18:49:20,054 INFO o.a.j.t.JMeterThread: Thread started: Thread Group - MH 1-86
2021-01-03 18:49:20,063 INFO o.a.j.t.JMeterThread: Thread started: Thread Group - MH 1-87
2021-01-03 18:49:20,072 INFO o.a.j.t.JMeterThread: Thread started: Thread Group - MH 1-88
2021-01-03 18:49:20,083 INFO o.a.j.t.JMeterThread: Thread started: Thread Group - MH 1-89
2021-01-03 18:49:20,093 INFO o.a.j.t.JMeterThread: Thread started: Thread Group - MH 1-90
2021-01-03 18:49:20,103 INFO o.a.j.t.JMeterThread: Thread started: Thread Group - MH 1-91
2021-01-03 18:49:20,113 INFO o.a.j.t.JMeterThread: Thread started: Thread Group - MH 1-92
2021-01-03 18:49:20,123 INFO o.a.j.t.JMeterThread: Thread started: Thread Group - MH 1-93
2021-01-03 18:49:20,132 INFO o.a.j.t.JMeterThread: Thread started: Thread Group - MH 1-94
2021-01-03 18:49:20,142 INFO o.a.j.t.JMeterThread: Thread started: Thread Group - MH 1-95
2021-01-03 18:49:20,154 INFO o.a.j.t.JMeterThread: Thread started: Thread Group - MH 1-96
2021-01-03 18:49:20,162 INFO o.a.j.t.JMeterThread: Thread started: Thread Group - MH 1-97
2021-01-03 18:49:20,172 INFO o.a.j.t.JMeterThread: Thread started: Thread Group - MH 1-98
2021-01-03 18:49:20,183 INFO o.a.j.t.JMeterThread: Thread started: Thread Group - MH 1-99
2021-01-03 18:49:20,193 INFO o.a.j.t.JMeterThread: Thread started: Thread Group - MH 1-100
2021-01-03 18:49:30,008 INFO o.a.j.r.Summariser: summary +   2520 in 00:00:11 =  232.9/s Avg:   147 Min:     0 Max:   987 Err:   840 (33.33%) Active: 100 Started: 100 Finished: 0
2021-01-03 18:50:00,017 INFO o.a.j.r.Summariser: summary +   7508 in 00:00:30 =  250.2/s Avg:    89 Min:     0 Max:  1255 Err:  2174 (28.96%) Active: 100 Started: 100 Finished: 0
2021-01-03 18:50:00,018 INFO o.a.j.r.Summariser: summary =  10028 in 00:00:41 =  245.6/s Avg:   104 Min:     0 Max:  1255 Err:  3014 (30.06%)
2021-01-03 18:50:18,828 INFO o.a.j.t.JMeterThread: Thread finished: Thread Group - MH 1-17
2021-01-03 18:50:18,833 INFO o.a.j.t.JMeterThread: Thread finished: Thread Group - MH 1-14
2021-01-03 18:50:18,838 INFO o.a.j.t.JMeterThread: Thread finished: Thread Group - MH 1-6
2021-01-03 18:50:18,842 INFO o.a.j.t.JMeterThread: Thread finished: Thread Group - MH 1-9
2021-01-03 18:50:18,845 INFO o.a.j.t.JMeterThread: Thread finished: Thread Group - MH 1-19
2021-01-03 18:50:18,859 INFO o.a.j.t.JMeterThread: Thread finished: Thread Group - MH 1-15
2021-01-03 18:50:18,860 INFO o.a.j.t.JMeterThread: Thread finished: Thread Group - MH 1-25
2021-01-03 18:50:18,873 INFO o.a.j.t.JMeterThread: Thread finished: Thread Group - MH 1-20
2021-01-03 18:50:18,905 INFO o.a.j.t.JMeterThread: Thread finished: Thread Group - MH 1-5
2021-01-03 18:50:18,908 INFO o.a.j.t.JMeterThread: Thread finished: Thread Group - MH 1-11
2021-01-03 18:50:18,908 INFO o.a.j.t.JMeterThread: Thread finished: Thread Group - MH 1-86
2021-01-03 18:50:18,910 INFO o.a.j.t.JMeterThread: Thread finished: Thread Group - MH 1-76
2021-01-03 18:50:18,910 INFO o.a.j.t.JMeterThread: Thread finished: Thread Group - MH 1-75
2021-01-03 18:50:18,912 INFO o.a.j.t.JMeterThread: Thread finished: Thread Group - MH 1-91
2021-01-03 18:50:18,914 INFO o.a.j.t.JMeterThread: Thread finished: Thread Group - MH 1-28
2021-01-03 18:50:18,924 INFO o.a.j.t.JMeterThread: Thread finished: Thread Group - MH 1-30
2021-01-03 18:50:18,927 INFO o.a.j.t.JMeterThread: Thread finished: Thread Group - MH 1-1
2021-01-03 18:50:18,944 INFO o.a.j.t.JMeterThread: Thread finished: Thread Group - MH 1-67
2021-01-03 18:50:18,948 INFO o.a.j.t.JMeterThread: Thread finished: Thread Group - MH 1-3
2021-01-03 18:50:18,950 INFO o.a.j.t.JMeterThread: Thread finished: Thread Group - MH 1-60
2021-01-03 18:50:18,950 INFO o.a.j.t.JMeterThread: Thread finished: Thread Group - MH 1-52
2021-01-03 18:50:18,953 INFO o.a.j.t.JMeterThread: Thread finished: Thread Group - MH 1-69
2021-01-03 18:50:18,954 INFO o.a.j.t.JMeterThread: Thread finished: Thread Group - MH 1-68
2021-01-03 18:50:18,954 INFO o.a.j.t.JMeterThread: Thread finished: Thread Group - MH 1-7
2021-01-03 18:50:18,955 INFO o.a.j.t.JMeterThread: Thread finished: Thread Group - MH 1-48
2021-01-03 18:50:18,959 INFO o.a.j.t.JMeterThread: Thread finished: Thread Group - MH 1-42
2021-01-03 18:50:18,961 INFO o.a.j.t.JMeterThread: Thread finished: Thread Group - MH 1-93
2021-01-03 18:50:18,962 INFO o.a.j.t.JMeterThread: Thread finished: Thread Group - MH 1-29
2021-01-03 18:50:18,965 INFO o.a.j.t.JMeterThread: Thread finished: Thread Group - MH 1-71
2021-01-03 18:50:18,971 INFO o.a.j.t.JMeterThread: Thread finished: Thread Group - MH 1-78
2021-01-03 18:50:18,981 INFO o.a.j.t.JMeterThread: Thread finished: Thread Group - MH 1-43
2021-01-03 18:50:18,982 INFO o.a.j.t.JMeterThread: Thread finished: Thread Group - MH 1-70
2021-01-03 18:50:18,982 INFO o.a.j.t.JMeterThread: Thread finished: Thread Group - MH 1-80
2021-01-03 18:50:18,983 INFO o.a.j.t.JMeterThread: Thread finished: Thread Group - MH 1-53
2021-01-03 18:50:18,986 INFO o.a.j.t.JMeterThread: Thread finished: Thread Group - MH 1-21
2021-01-03 18:50:18,987 INFO o.a.j.t.JMeterThread: Thread finished: Thread Group - MH 1-83
2021-01-03 18:50:18,993 INFO o.a.j.t.JMeterThread: Thread finished: Thread Group - MH 1-82
2021-01-03 18:50:19,001 INFO o.a.j.t.JMeterThread: Thread finished: Thread Group - MH 1-61
2021-01-03 18:50:19,004 INFO o.a.j.t.JMeterThread: Thread finished: Thread Group - MH 1-84
2021-01-03 18:50:19,009 INFO o.a.j.t.JMeterThread: Thread finished: Thread Group - MH 1-10
2021-01-03 18:50:19,013 INFO o.a.j.t.JMeterThread: Thread finished: Thread Group - MH 1-98
2021-01-03 18:50:19,013 INFO o.a.j.t.JMeterThread: Thread finished: Thread Group - MH 1-12
2021-01-03 18:50:19,019 INFO o.a.j.t.JMeterThread: Thread finished: Thread Group - MH 1-63
2021-01-03 18:50:19,021 INFO o.a.j.t.JMeterThread: Thread finished: Thread Group - MH 1-54
2021-01-03 18:50:19,032 INFO o.a.j.t.JMeterThread: Thread finished: Thread Group - MH 1-58
2021-01-03 18:50:19,032 INFO o.a.j.t.JMeterThread: Thread finished: Thread Group - MH 1-57
2021-01-03 18:50:19,037 INFO o.a.j.t.JMeterThread: Thread finished: Thread Group - MH 1-85
2021-01-03 18:50:19,039 INFO o.a.j.t.JMeterThread: Thread finished: Thread Group - MH 1-77
2021-01-03 18:50:19,042 INFO o.a.j.t.JMeterThread: Thread finished: Thread Group - MH 1-26
2021-01-03 18:50:19,043 INFO o.a.j.t.JMeterThread: Thread finished: Thread Group - MH 1-66
2021-01-03 18:50:19,046 INFO o.a.j.t.JMeterThread: Thread finished: Thread Group - MH 1-18
2021-01-03 18:50:19,047 INFO o.a.j.t.JMeterThread: Thread finished: Thread Group - MH 1-2
2021-01-03 18:50:19,052 INFO o.a.j.t.JMeterThread: Thread finished: Thread Group - MH 1-51
2021-01-03 18:50:19,059 INFO o.a.j.t.JMeterThread: Thread finished: Thread Group - MH 1-16
2021-01-03 18:50:19,064 INFO o.a.j.t.JMeterThread: Thread finished: Thread Group - MH 1-45
2021-01-03 18:50:19,080 INFO o.a.j.t.JMeterThread: Thread finished: Thread Group - MH 1-90
2021-01-03 18:50:19,087 INFO o.a.j.t.JMeterThread: Thread finished: Thread Group - MH 1-72
2021-01-03 18:50:19,094 INFO o.a.j.t.JMeterThread: Thread finished: Thread Group - MH 1-23
2021-01-03 18:50:19,096 INFO o.a.j.t.JMeterThread: Thread finished: Thread Group - MH 1-50
2021-01-03 18:50:19,099 INFO o.a.j.t.JMeterThread: Thread finished: Thread Group - MH 1-35
2021-01-03 18:50:19,100 INFO o.a.j.t.JMeterThread: Thread finished: Thread Group - MH 1-33
2021-01-03 18:50:19,114 INFO o.a.j.t.JMeterThread: Thread finished: Thread Group - MH 1-99
2021-01-03 18:50:19,115 INFO o.a.j.t.JMeterThread: Thread finished: Thread Group - MH 1-65
2021-01-03 18:50:19,117 INFO o.a.j.t.JMeterThread: Thread finished: Thread Group - MH 1-44
2021-01-03 18:50:19,118 INFO o.a.j.t.JMeterThread: Thread finished: Thread Group - MH 1-74
2021-01-03 18:50:19,119 INFO o.a.j.t.JMeterThread: Thread finished: Thread Group - MH 1-87
2021-01-03 18:50:19,120 INFO o.a.j.t.JMeterThread: Thread finished: Thread Group - MH 1-56
2021-01-03 18:50:19,120 INFO o.a.j.t.JMeterThread: Thread finished: Thread Group - MH 1-95
2021-01-03 18:50:19,121 INFO o.a.j.t.JMeterThread: Thread finished: Thread Group - MH 1-40
2021-01-03 18:50:19,124 INFO o.a.j.t.JMeterThread: Thread finished: Thread Group - MH 1-8
2021-01-03 18:50:19,125 INFO o.a.j.t.JMeterThread: Thread finished: Thread Group - MH 1-49
2021-01-03 18:50:19,128 INFO o.a.j.t.JMeterThread: Thread finished: Thread Group - MH 1-55
2021-01-03 18:50:19,129 INFO o.a.j.t.JMeterThread: Thread finished: Thread Group - MH 1-31
2021-01-03 18:50:19,129 INFO o.a.j.t.JMeterThread: Thread finished: Thread Group - MH 1-22
2021-01-03 18:50:19,132 INFO o.a.j.t.JMeterThread: Thread finished: Thread Group - MH 1-34
2021-01-03 18:50:19,135 INFO o.a.j.t.JMeterThread: Thread finished: Thread Group - MH 1-32
2021-01-03 18:50:19,150 INFO o.a.j.t.JMeterThread: Thread finished: Thread Group - MH 1-13
2021-01-03 18:50:19,158 INFO o.a.j.t.JMeterThread: Thread finished: Thread Group - MH 1-62
2021-01-03 18:50:19,165 INFO o.a.j.t.JMeterThread: Thread finished: Thread Group - MH 1-27
2021-01-03 18:50:19,168 INFO o.a.j.t.JMeterThread: Thread finished: Thread Group - MH 1-41
2021-01-03 18:50:19,174 INFO o.a.j.t.JMeterThread: Thread finished: Thread Group - MH 1-4
2021-01-03 18:50:19,187 INFO o.a.j.t.JMeterThread: Thread finished: Thread Group - MH 1-24
2021-01-03 18:50:19,212 INFO o.a.j.t.JMeterThread: Thread finished: Thread Group - MH 1-59
2021-01-03 18:50:19,217 INFO o.a.j.t.JMeterThread: Thread finished: Thread Group - MH 1-47
2021-01-03 18:50:19,228 INFO o.a.j.t.JMeterThread: Thread finished: Thread Group - MH 1-39
2021-01-03 18:50:19,229 INFO o.a.j.t.JMeterThread: Thread finished: Thread Group - MH 1-73
2021-01-03 18:50:19,232 INFO o.a.j.t.JMeterThread: Thread finished: Thread Group - MH 1-81
2021-01-03 18:50:19,255 INFO o.a.j.t.JMeterThread: Stopping because end time detected by thread: Thread Group - MH 1-89
2021-01-03 18:50:19,255 INFO o.a.j.t.JMeterThread: Thread finished: Thread Group - MH 1-89
2021-01-03 18:50:19,261 INFO o.a.j.t.JMeterThread: Stopping because end time detected by thread: Thread Group - MH 1-79
2021-01-03 18:50:19,261 INFO o.a.j.t.JMeterThread: Thread finished: Thread Group - MH 1-79
2021-01-03 18:50:19,263 INFO o.a.j.t.JMeterThread: Stopping because end time detected by thread: Thread Group - MH 1-97
2021-01-03 18:50:19,264 INFO o.a.j.t.JMeterThread: Thread finished: Thread Group - MH 1-97
2021-01-03 18:50:19,276 INFO o.a.j.t.JMeterThread: Stopping because end time detected by thread: Thread Group - MH 1-96
2021-01-03 18:50:19,276 INFO o.a.j.t.JMeterThread: Thread finished: Thread Group - MH 1-96
2021-01-03 18:50:19,277 INFO o.a.j.t.JMeterThread: Stopping because end time detected by thread: Thread Group - MH 1-38
2021-01-03 18:50:19,277 INFO o.a.j.t.JMeterThread: Thread finished: Thread Group - MH 1-38
2021-01-03 18:50:19,279 INFO o.a.j.t.JMeterThread: Stopping because end time detected by thread: Thread Group - MH 1-64
2021-01-03 18:50:19,279 INFO o.a.j.t.JMeterThread: Thread finished: Thread Group - MH 1-64
2021-01-03 18:50:19,280 INFO o.a.j.t.JMeterThread: Stopping because end time detected by thread: Thread Group - MH 1-100
2021-01-03 18:50:19,280 INFO o.a.j.t.JMeterThread: Thread finished: Thread Group - MH 1-100
2021-01-03 18:50:19,284 INFO o.a.j.t.JMeterThread: Stopping because end time detected by thread: Thread Group - MH 1-37
2021-01-03 18:50:19,285 INFO o.a.j.t.JMeterThread: Thread finished: Thread Group - MH 1-37
2021-01-03 18:50:19,285 INFO o.a.j.t.JMeterThread: Stopping because end time detected by thread: Thread Group - MH 1-46
2021-01-03 18:50:19,285 INFO o.a.j.t.JMeterThread: Thread finished: Thread Group - MH 1-46
2021-01-03 18:50:19,289 INFO o.a.j.t.JMeterThread: Stopping because end time detected by thread: Thread Group - MH 1-92
2021-01-03 18:50:19,289 INFO o.a.j.t.JMeterThread: Thread finished: Thread Group - MH 1-92
2021-01-03 18:50:19,289 INFO o.a.j.t.JMeterThread: Stopping because end time detected by thread: Thread Group - MH 1-36
2021-01-03 18:50:19,290 INFO o.a.j.t.JMeterThread: Thread finished: Thread Group - MH 1-36
2021-01-03 18:50:19,290 INFO o.a.j.t.JMeterThread: Stopping because end time detected by thread: Thread Group - MH 1-94
2021-01-03 18:50:19,290 INFO o.a.j.t.JMeterThread: Thread finished: Thread Group - MH 1-94
2021-01-03 18:50:19,294 INFO o.a.j.t.JMeterThread: Stopping because end time detected by thread: Thread Group - MH 1-88
2021-01-03 18:50:19,294 INFO o.a.j.t.JMeterThread: Thread finished: Thread Group - MH 1-88
2021-01-03 18:50:19,294 INFO o.a.j.e.StandardJMeterEngine: Notifying test listeners of end of test
2021-01-03 18:50:19,295 INFO o.a.j.r.Summariser: summary +   4820 in 00:00:19 =  250.0/s Avg:    85 Min:     0 Max:   672 Err:  1327 (27.53%) Active: 0 Started: 100 Finished: 100
2021-01-03 18:50:19,296 INFO o.a.j.r.Summariser: summary =  14848 in 00:01:00 =  247.0/s Avg:    98 Min:     0 Max:  1255 Err:  4341 (29.24%)
