2021-01-03 18:48:05,081 INFO o.a.j.u.JMeterUtils: Setting Locale to en_EN
2021-01-03 18:48:05,100 INFO o.a.j.JMeter: Loading user properties from: user.properties
2021-01-03 18:48:05,100 INFO o.a.j.JMeter: Loading system properties from: system.properties
2021-01-03 18:48:05,101 INFO o.a.j.JMeter: Copyright (c) 1998-2020 The Apache Software Foundation
2021-01-03 18:48:05,102 INFO o.a.j.JMeter: Version 5.3
2021-01-03 18:48:05,102 INFO o.a.j.JMeter: java.version=11.0.8
2021-01-03 18:48:05,102 INFO o.a.j.JMeter: java.vm.name=Java HotSpot(TM) 64-Bit Server VM
2021-01-03 18:48:05,102 INFO o.a.j.JMeter: os.name=Windows 10
2021-01-03 18:48:05,102 INFO o.a.j.JMeter: os.arch=amd64
2021-01-03 18:48:05,102 INFO o.a.j.JMeter: os.version=10.0
2021-01-03 18:48:05,102 INFO o.a.j.JMeter: file.encoding=Cp1252
2021-01-03 18:48:05,103 INFO o.a.j.JMeter: java.awt.headless=true
2021-01-03 18:48:05,103 INFO o.a.j.JMeter: Max memory     =1073741824
2021-01-03 18:48:05,103 INFO o.a.j.JMeter: Available Processors =8
2021-01-03 18:48:05,110 INFO o.a.j.JMeter: Default Locale=English (EN)
2021-01-03 18:48:05,110 INFO o.a.j.JMeter: JMeter  Locale=English (EN)
2021-01-03 18:48:05,110 INFO o.a.j.JMeter: JMeterHome=C:\Users\fabio\Documents\Fabio\Università\Magistrale\2°anno\1°semestre\Impianti di Elaborazione\apache-jmeter-5.3
2021-01-03 18:48:05,110 INFO o.a.j.JMeter: user.dir  =C:\Users\fabio\Documents\Fabio\Università\Magistrale\2°anno\1°semestre\Impianti di Elaborazione\apache-jmeter-5.3\bin
2021-01-03 18:48:05,111 INFO o.a.j.JMeter: PWD       =C:\Users\fabio\Documents\Fabio\Università\Magistrale\2°anno\1°semestre\Impianti di Elaborazione\apache-jmeter-5.3\bin
2021-01-03 18:48:05,120 INFO o.a.j.JMeter: IP: 192.168.56.1 Name: LAPTOP-DSVV6SSR FullName: 192.168.56.1
2021-01-03 18:48:05,125 INFO o.a.j.s.FileServer: Default base='C:\Users\fabio\Documents\Fabio\Università\Magistrale\2°anno\1°semestre\Impianti di Elaborazione\apache-jmeter-5.3\bin'
2021-01-03 18:48:05,127 INFO o.a.j.s.FileServer: Set new base='C:\Users\fabio\Documents\Fabio\Università\Magistrale\2°anno\1°semestre\Impianti di Elaborazione\apache-jmeter-5.3\bin'
2021-01-03 18:48:05,248 INFO o.a.j.s.SaveService: Testplan (JMX) version: 2.2. Testlog (JTL) version: 2.2
2021-01-03 18:48:05,269 INFO o.a.j.s.SaveService: Using SaveService properties version 5.0
2021-01-03 18:48:05,272 INFO o.a.j.s.SaveService: Using SaveService properties file encoding UTF-8
2021-01-03 18:48:05,275 INFO o.a.j.s.SaveService: Loading file: DesignofExperiment.jmx
2021-01-03 18:48:05,336 INFO o.a.j.p.h.s.HTTPSamplerBase: Parser for text/html is org.apache.jmeter.protocol.http.parser.LagartoBasedHtmlParser
2021-01-03 18:48:05,336 INFO o.a.j.p.h.s.HTTPSamplerBase: Parser for application/xhtml+xml is org.apache.jmeter.protocol.http.parser.LagartoBasedHtmlParser
2021-01-03 18:48:05,336 INFO o.a.j.p.h.s.HTTPSamplerBase: Parser for application/xml is org.apache.jmeter.protocol.http.parser.LagartoBasedHtmlParser
2021-01-03 18:48:05,336 INFO o.a.j.p.h.s.HTTPSamplerBase: Parser for text/xml is org.apache.jmeter.protocol.http.parser.LagartoBasedHtmlParser
2021-01-03 18:48:05,336 INFO o.a.j.p.h.s.HTTPSamplerBase: Parser for text/vnd.wap.wml is org.apache.jmeter.protocol.http.parser.RegexpHTMLParser
2021-01-03 18:48:05,336 INFO o.a.j.p.h.s.HTTPSamplerBase: Parser for text/css is org.apache.jmeter.protocol.http.parser.CssParser
2021-01-03 18:48:05,363 INFO o.a.j.JMeter: Creating summariser <summary>
2021-01-03 18:48:05,369 INFO o.a.j.e.StandardJMeterEngine: Running the test!
2021-01-03 18:48:05,370 INFO o.a.j.s.SampleEvent: List of sample_variables: []
2021-01-03 18:48:05,370 INFO o.a.j.s.SampleEvent: List of sample_variables: []
2021-01-03 18:48:05,379 INFO o.a.j.e.u.CompoundVariable: Note: Function class names must contain the string: '.functions.'
2021-01-03 18:48:05,379 INFO o.a.j.e.u.CompoundVariable: Note: Function class names must not contain the string: '.gui.'
2021-01-03 18:48:05,677 INFO o.a.j.JMeter: Running test (1609696085677)
2021-01-03 18:48:05,691 INFO o.a.j.e.StandardJMeterEngine: Starting ThreadGroup: 1 : Thread Group - MH
2021-01-03 18:48:05,692 INFO o.a.j.e.StandardJMeterEngine: Starting 100 threads for group Thread Group - MH.
2021-01-03 18:48:05,692 INFO o.a.j.e.StandardJMeterEngine: Thread will continue on error
2021-01-03 18:48:05,692 INFO o.a.j.t.ThreadGroup: Starting thread group... number=1 threads=100 ramp-up=1 delayedStart=false
2021-01-03 18:48:05,702 INFO o.a.j.t.JMeterThread: Thread started: Thread Group - MH 1-1
2021-01-03 18:48:05,710 INFO o.a.j.t.JMeterThread: Thread started: Thread Group - MH 1-2
2021-01-03 18:48:05,718 INFO o.a.j.t.JMeterThread: Thread started: Thread Group - MH 1-3
2021-01-03 18:48:05,724 INFO o.a.j.t.JMeterThread: Thread started: Thread Group - MH 1-4
2021-01-03 18:48:05,734 INFO o.a.j.t.JMeterThread: Thread started: Thread Group - MH 1-5
2021-01-03 18:48:05,740 INFO o.a.j.p.h.s.HTTPHCAbstractImpl: Local host = LAPTOP-DSVV6SSR
2021-01-03 18:48:05,745 INFO o.a.j.t.ThreadGroup: Started thread group number 1
2021-01-03 18:48:05,745 INFO o.a.j.e.StandardJMeterEngine: All thread groups have been started
2021-01-03 18:48:05,748 INFO o.a.j.t.JMeterThread: Thread started: Thread Group - MH 1-6
2021-01-03 18:48:05,749 INFO o.a.j.p.h.s.HTTPHC4Impl: HTTP request retry count = 0
2021-01-03 18:48:05,750 INFO o.a.j.s.SampleResult: Note: Sample TimeStamps are START times
2021-01-03 18:48:05,750 INFO o.a.j.s.SampleResult: sampleresult.default.encoding is set to ISO-8859-1
2021-01-03 18:48:05,750 INFO o.a.j.s.SampleResult: sampleresult.useNanoTime=true
2021-01-03 18:48:05,750 INFO o.a.j.s.SampleResult: sampleresult.nanoThreadSleep=5000
2021-01-03 18:48:05,757 INFO o.a.j.t.JMeterThread: Thread started: Thread Group - MH 1-7
2021-01-03 18:48:05,766 INFO o.a.j.t.JMeterThread: Thread started: Thread Group - MH 1-8
2021-01-03 18:48:05,773 INFO o.a.j.t.JMeterThread: Thread started: Thread Group - MH 1-9
2021-01-03 18:48:05,783 INFO o.a.j.t.JMeterThread: Thread started: Thread Group - MH 1-10
2021-01-03 18:48:05,793 INFO o.a.j.t.JMeterThread: Thread started: Thread Group - MH 1-11
2021-01-03 18:48:05,803 INFO o.a.j.t.JMeterThread: Thread started: Thread Group - MH 1-12
2021-01-03 18:48:05,813 INFO o.a.j.t.JMeterThread: Thread started: Thread Group - MH 1-13
2021-01-03 18:48:05,823 INFO o.a.j.t.JMeterThread: Thread started: Thread Group - MH 1-14
2021-01-03 18:48:05,833 INFO o.a.j.t.JMeterThread: Thread started: Thread Group - MH 1-15
2021-01-03 18:48:05,842 INFO o.a.j.t.JMeterThread: Thread started: Thread Group - MH 1-16
2021-01-03 18:48:05,853 INFO o.a.j.t.JMeterThread: Thread started: Thread Group - MH 1-17
2021-01-03 18:48:05,862 INFO o.a.j.t.JMeterThread: Thread started: Thread Group - MH 1-18
2021-01-03 18:48:05,873 INFO o.a.j.t.JMeterThread: Thread started: Thread Group - MH 1-19
2021-01-03 18:48:05,883 INFO o.a.j.t.JMeterThread: Thread started: Thread Group - MH 1-20
2021-01-03 18:48:05,892 INFO o.a.j.t.JMeterThread: Thread started: Thread Group - MH 1-21
2021-01-03 18:48:05,904 INFO o.a.j.t.JMeterThread: Thread started: Thread Group - MH 1-22
2021-01-03 18:48:05,914 INFO o.a.j.t.JMeterThread: Thread started: Thread Group - MH 1-23
2021-01-03 18:48:05,924 INFO o.a.j.t.JMeterThread: Thread started: Thread Group - MH 1-24
2021-01-03 18:48:05,934 INFO o.a.j.t.JMeterThread: Thread started: Thread Group - MH 1-25
2021-01-03 18:48:05,944 INFO o.a.j.t.JMeterThread: Thread started: Thread Group - MH 1-26
2021-01-03 18:48:05,955 INFO o.a.j.t.JMeterThread: Thread started: Thread Group - MH 1-27
2021-01-03 18:48:05,964 INFO o.a.j.t.JMeterThread: Thread started: Thread Group - MH 1-28
2021-01-03 18:48:05,971 INFO o.a.j.r.Summariser: summary +      1 in 00:00:00 =    3.4/s Avg:   122 Min:   122 Max:   122 Err:     0 (0.00%) Active: 28 Started: 28 Finished: 0
2021-01-03 18:48:05,977 INFO o.a.j.t.JMeterThread: Thread started: Thread Group - MH 1-29
2021-01-03 18:48:05,984 INFO o.a.j.t.JMeterThread: Thread started: Thread Group - MH 1-30
2021-01-03 18:48:05,994 INFO o.a.j.t.JMeterThread: Thread started: Thread Group - MH 1-31
2021-01-03 18:48:06,003 INFO o.a.j.t.JMeterThread: Thread started: Thread Group - MH 1-32
2021-01-03 18:48:06,013 INFO o.a.j.t.JMeterThread: Thread started: Thread Group - MH 1-33
2021-01-03 18:48:06,024 INFO o.a.j.t.JMeterThread: Thread started: Thread Group - MH 1-34
2021-01-03 18:48:06,034 INFO o.a.j.t.JMeterThread: Thread started: Thread Group - MH 1-35
2021-01-03 18:48:06,042 INFO o.a.j.t.JMeterThread: Thread started: Thread Group - MH 1-36
2021-01-03 18:48:06,054 INFO o.a.j.t.JMeterThread: Thread started: Thread Group - MH 1-37
2021-01-03 18:48:06,064 INFO o.a.j.t.JMeterThread: Thread started: Thread Group - MH 1-38
2021-01-03 18:48:06,074 INFO o.a.j.t.JMeterThread: Thread started: Thread Group - MH 1-39
2021-01-03 18:48:06,083 INFO o.a.j.t.JMeterThread: Thread started: Thread Group - MH 1-40
2021-01-03 18:48:06,093 INFO o.a.j.t.JMeterThread: Thread started: Thread Group - MH 1-41
2021-01-03 18:48:06,103 INFO o.a.j.t.JMeterThread: Thread started: Thread Group - MH 1-42
2021-01-03 18:48:06,114 INFO o.a.j.t.JMeterThread: Thread started: Thread Group - MH 1-43
2021-01-03 18:48:06,124 INFO o.a.j.t.JMeterThread: Thread started: Thread Group - MH 1-44
2021-01-03 18:48:06,135 INFO o.a.j.t.JMeterThread: Thread started: Thread Group - MH 1-45
2021-01-03 18:48:06,144 INFO o.a.j.t.JMeterThread: Thread started: Thread Group - MH 1-46
2021-01-03 18:48:06,153 INFO o.a.j.t.JMeterThread: Thread started: Thread Group - MH 1-47
2021-01-03 18:48:06,163 INFO o.a.j.t.JMeterThread: Thread started: Thread Group - MH 1-48
2021-01-03 18:48:06,173 INFO o.a.j.t.JMeterThread: Thread started: Thread Group - MH 1-49
2021-01-03 18:48:06,184 INFO o.a.j.t.JMeterThread: Thread started: Thread Group - MH 1-50
2021-01-03 18:48:06,193 INFO o.a.j.t.JMeterThread: Thread started: Thread Group - MH 1-51
2021-01-03 18:48:06,204 INFO o.a.j.t.JMeterThread: Thread started: Thread Group - MH 1-52
2021-01-03 18:48:06,213 INFO o.a.j.t.JMeterThread: Thread started: Thread Group - MH 1-53
2021-01-03 18:48:06,223 INFO o.a.j.t.JMeterThread: Thread started: Thread Group - MH 1-54
2021-01-03 18:48:06,233 INFO o.a.j.t.JMeterThread: Thread started: Thread Group - MH 1-55
2021-01-03 18:48:06,244 INFO o.a.j.t.JMeterThread: Thread started: Thread Group - MH 1-56
2021-01-03 18:48:06,253 INFO o.a.j.t.JMeterThread: Thread started: Thread Group - MH 1-57
2021-01-03 18:48:06,263 INFO o.a.j.t.JMeterThread: Thread started: Thread Group - MH 1-58
2021-01-03 18:48:06,274 INFO o.a.j.t.JMeterThread: Thread started: Thread Group - MH 1-59
2021-01-03 18:48:06,284 INFO o.a.j.t.JMeterThread: Thread started: Thread Group - MH 1-60
2021-01-03 18:48:06,292 INFO o.a.j.t.JMeterThread: Thread started: Thread Group - MH 1-61
2021-01-03 18:48:06,304 INFO o.a.j.t.JMeterThread: Thread started: Thread Group - MH 1-62
2021-01-03 18:48:06,314 INFO o.a.j.t.JMeterThread: Thread started: Thread Group - MH 1-63
2021-01-03 18:48:06,324 INFO o.a.j.t.JMeterThread: Thread started: Thread Group - MH 1-64
2021-01-03 18:48:06,333 INFO o.a.j.t.JMeterThread: Thread started: Thread Group - MH 1-65
2021-01-03 18:48:06,342 INFO o.a.j.t.JMeterThread: Thread started: Thread Group - MH 1-66
2021-01-03 18:48:06,354 INFO o.a.j.t.JMeterThread: Thread started: Thread Group - MH 1-67
2021-01-03 18:48:06,363 INFO o.a.j.t.JMeterThread: Thread started: Thread Group - MH 1-68
2021-01-03 18:48:06,373 INFO o.a.j.t.JMeterThread: Thread started: Thread Group - MH 1-69
2021-01-03 18:48:06,383 INFO o.a.j.t.JMeterThread: Thread started: Thread Group - MH 1-70
2021-01-03 18:48:06,393 INFO o.a.j.t.JMeterThread: Thread started: Thread Group - MH 1-71
2021-01-03 18:48:06,404 INFO o.a.j.t.JMeterThread: Thread started: Thread Group - MH 1-72
2021-01-03 18:48:06,413 INFO o.a.j.t.JMeterThread: Thread started: Thread Group - MH 1-73
2021-01-03 18:48:06,422 INFO o.a.j.t.JMeterThread: Thread started: Thread Group - MH 1-74
2021-01-03 18:48:06,433 INFO o.a.j.t.JMeterThread: Thread started: Thread Group - MH 1-75
2021-01-03 18:48:06,444 INFO o.a.j.t.JMeterThread: Thread started: Thread Group - MH 1-76
2021-01-03 18:48:06,453 INFO o.a.j.t.JMeterThread: Thread started: Thread Group - MH 1-77
2021-01-03 18:48:06,462 INFO o.a.j.t.JMeterThread: Thread started: Thread Group - MH 1-78
2021-01-03 18:48:06,473 INFO o.a.j.t.JMeterThread: Thread started: Thread Group - MH 1-79
2021-01-03 18:48:06,484 INFO o.a.j.t.JMeterThread: Thread started: Thread Group - MH 1-80
2021-01-03 18:48:06,492 INFO o.a.j.t.JMeterThread: Thread started: Thread Group - MH 1-81
2021-01-03 18:48:06,502 INFO o.a.j.t.JMeterThread: Thread started: Thread Group - MH 1-82
2021-01-03 18:48:06,514 INFO o.a.j.t.JMeterThread: Thread started: Thread Group - MH 1-83
2021-01-03 18:48:06,524 INFO o.a.j.t.JMeterThread: Thread started: Thread Group - MH 1-84
2021-01-03 18:48:06,532 INFO o.a.j.t.JMeterThread: Thread started: Thread Group - MH 1-85
2021-01-03 18:48:06,543 INFO o.a.j.t.JMeterThread: Thread started: Thread Group - MH 1-86
2021-01-03 18:48:06,553 INFO o.a.j.t.JMeterThread: Thread started: Thread Group - MH 1-87
2021-01-03 18:48:06,563 INFO o.a.j.t.JMeterThread: Thread started: Thread Group - MH 1-88
2021-01-03 18:48:06,572 INFO o.a.j.t.JMeterThread: Thread started: Thread Group - MH 1-89
2021-01-03 18:48:06,583 INFO o.a.j.t.JMeterThread: Thread started: Thread Group - MH 1-90
2021-01-03 18:48:06,593 INFO o.a.j.t.JMeterThread: Thread started: Thread Group - MH 1-91
2021-01-03 18:48:06,604 INFO o.a.j.t.JMeterThread: Thread started: Thread Group - MH 1-92
2021-01-03 18:48:06,612 INFO o.a.j.t.JMeterThread: Thread started: Thread Group - MH 1-93
2021-01-03 18:48:06,622 INFO o.a.j.t.JMeterThread: Thread started: Thread Group - MH 1-94
2021-01-03 18:48:06,633 INFO o.a.j.t.JMeterThread: Thread started: Thread Group - MH 1-95
2021-01-03 18:48:06,644 INFO o.a.j.t.JMeterThread: Thread started: Thread Group - MH 1-96
2021-01-03 18:48:06,652 INFO o.a.j.t.JMeterThread: Thread started: Thread Group - MH 1-97
2021-01-03 18:48:06,662 INFO o.a.j.t.JMeterThread: Thread started: Thread Group - MH 1-98
2021-01-03 18:48:06,673 INFO o.a.j.t.JMeterThread: Thread started: Thread Group - MH 1-99
2021-01-03 18:48:06,683 INFO o.a.j.t.JMeterThread: Thread started: Thread Group - MH 1-100
2021-01-03 18:48:30,002 INFO o.a.j.r.Summariser: summary +   5862 in 00:00:24 =  243.9/s Avg:   128 Min:     0 Max:  1057 Err:  1738 (29.65%) Active: 100 Started: 100 Finished: 0
2021-01-03 18:48:30,003 INFO o.a.j.r.Summariser: summary =   5863 in 00:00:24 =  241.0/s Avg:   128 Min:     0 Max:  1057 Err:  1738 (29.64%)
2021-01-03 18:49:00,009 INFO o.a.j.r.Summariser: summary +   7531 in 00:00:30 =  251.0/s Avg:    87 Min:     0 Max:   808 Err:  2035 (27.02%) Active: 100 Started: 100 Finished: 0
2021-01-03 18:49:00,010 INFO o.a.j.r.Summariser: summary =  13394 in 00:00:54 =  246.5/s Avg:   105 Min:     0 Max:  1057 Err:  3773 (28.17%)
2021-01-03 18:49:05,375 INFO o.a.j.t.JMeterThread: Thread finished: Thread Group - MH 1-63
2021-01-03 18:49:05,382 INFO o.a.j.t.JMeterThread: Thread finished: Thread Group - MH 1-56
2021-01-03 18:49:05,385 INFO o.a.j.t.JMeterThread: Thread finished: Thread Group - MH 1-44
2021-01-03 18:49:05,407 INFO o.a.j.t.JMeterThread: Thread finished: Thread Group - MH 1-31
2021-01-03 18:49:05,417 INFO o.a.j.t.JMeterThread: Thread finished: Thread Group - MH 1-48
2021-01-03 18:49:05,418 INFO o.a.j.t.JMeterThread: Thread finished: Thread Group - MH 1-40
2021-01-03 18:49:05,438 INFO o.a.j.t.JMeterThread: Thread finished: Thread Group - MH 1-10
2021-01-03 18:49:05,453 INFO o.a.j.t.JMeterThread: Thread finished: Thread Group - MH 1-70
2021-01-03 18:49:05,471 INFO o.a.j.t.JMeterThread: Thread finished: Thread Group - MH 1-28
2021-01-03 18:49:05,483 INFO o.a.j.t.JMeterThread: Thread finished: Thread Group - MH 1-27
2021-01-03 18:49:05,483 INFO o.a.j.t.JMeterThread: Thread finished: Thread Group - MH 1-53
2021-01-03 18:49:05,483 INFO o.a.j.t.JMeterThread: Thread finished: Thread Group - MH 1-13
2021-01-03 18:49:05,484 INFO o.a.j.t.JMeterThread: Thread finished: Thread Group - MH 1-91
2021-01-03 18:49:05,485 INFO o.a.j.t.JMeterThread: Thread finished: Thread Group - MH 1-54
2021-01-03 18:49:05,488 INFO o.a.j.t.JMeterThread: Thread finished: Thread Group - MH 1-42
2021-01-03 18:49:05,490 INFO o.a.j.t.JMeterThread: Thread finished: Thread Group - MH 1-85
2021-01-03 18:49:05,494 INFO o.a.j.t.JMeterThread: Thread finished: Thread Group - MH 1-97
2021-01-03 18:49:05,499 INFO o.a.j.t.JMeterThread: Thread finished: Thread Group - MH 1-21
2021-01-03 18:49:05,502 INFO o.a.j.t.JMeterThread: Thread finished: Thread Group - MH 1-57
2021-01-03 18:49:05,507 INFO o.a.j.t.JMeterThread: Thread finished: Thread Group - MH 1-96
2021-01-03 18:49:05,523 INFO o.a.j.t.JMeterThread: Thread finished: Thread Group - MH 1-2
2021-01-03 18:49:05,527 INFO o.a.j.t.JMeterThread: Thread finished: Thread Group - MH 1-100
2021-01-03 18:49:05,528 INFO o.a.j.t.JMeterThread: Thread finished: Thread Group - MH 1-43
2021-01-03 18:49:05,531 INFO o.a.j.t.JMeterThread: Thread finished: Thread Group - MH 1-50
2021-01-03 18:49:05,532 INFO o.a.j.t.JMeterThread: Thread finished: Thread Group - MH 1-19
2021-01-03 18:49:05,539 INFO o.a.j.t.JMeterThread: Thread finished: Thread Group - MH 1-71
2021-01-03 18:49:05,540 INFO o.a.j.t.JMeterThread: Thread finished: Thread Group - MH 1-5
2021-01-03 18:49:05,542 INFO o.a.j.t.JMeterThread: Thread finished: Thread Group - MH 1-26
2021-01-03 18:49:05,547 INFO o.a.j.t.JMeterThread: Thread finished: Thread Group - MH 1-30
2021-01-03 18:49:05,548 INFO o.a.j.t.JMeterThread: Thread finished: Thread Group - MH 1-32
2021-01-03 18:49:05,550 INFO o.a.j.t.JMeterThread: Thread finished: Thread Group - MH 1-73
2021-01-03 18:49:05,552 INFO o.a.j.t.JMeterThread: Thread finished: Thread Group - MH 1-38
2021-01-03 18:49:05,556 INFO o.a.j.t.JMeterThread: Thread finished: Thread Group - MH 1-45
2021-01-03 18:49:05,559 INFO o.a.j.t.JMeterThread: Thread finished: Thread Group - MH 1-3
2021-01-03 18:49:05,564 INFO o.a.j.t.JMeterThread: Thread finished: Thread Group - MH 1-66
2021-01-03 18:49:05,569 INFO o.a.j.t.JMeterThread: Thread finished: Thread Group - MH 1-16
2021-01-03 18:49:05,572 INFO o.a.j.t.JMeterThread: Thread finished: Thread Group - MH 1-99
2021-01-03 18:49:05,574 INFO o.a.j.t.JMeterThread: Thread finished: Thread Group - MH 1-12
2021-01-03 18:49:05,579 INFO o.a.j.t.JMeterThread: Thread finished: Thread Group - MH 1-4
2021-01-03 18:49:05,584 INFO o.a.j.t.JMeterThread: Thread finished: Thread Group - MH 1-15
2021-01-03 18:49:05,592 INFO o.a.j.t.JMeterThread: Thread finished: Thread Group - MH 1-46
2021-01-03 18:49:05,602 INFO o.a.j.t.JMeterThread: Thread finished: Thread Group - MH 1-52
2021-01-03 18:49:05,603 INFO o.a.j.t.JMeterThread: Thread finished: Thread Group - MH 1-60
2021-01-03 18:49:05,608 INFO o.a.j.t.JMeterThread: Thread finished: Thread Group - MH 1-75
2021-01-03 18:49:05,623 INFO o.a.j.t.JMeterThread: Thread finished: Thread Group - MH 1-98
2021-01-03 18:49:05,624 INFO o.a.j.t.JMeterThread: Thread finished: Thread Group - MH 1-18
2021-01-03 18:49:05,634 INFO o.a.j.t.JMeterThread: Thread finished: Thread Group - MH 1-20
2021-01-03 18:49:05,640 INFO o.a.j.t.JMeterThread: Thread finished: Thread Group - MH 1-11
2021-01-03 18:49:05,670 INFO o.a.j.t.JMeterThread: Thread finished: Thread Group - MH 1-77
2021-01-03 18:49:05,672 INFO o.a.j.t.JMeterThread: Thread finished: Thread Group - MH 1-78
2021-01-03 18:49:05,679 INFO o.a.j.t.JMeterThread: Thread finished: Thread Group - MH 1-80
2021-01-03 18:49:05,680 INFO o.a.j.t.JMeterThread: Thread finished: Thread Group - MH 1-93
2021-01-03 18:49:05,726 INFO o.a.j.t.JMeterThread: Thread finished: Thread Group - MH 1-58
2021-01-03 18:49:05,730 INFO o.a.j.t.JMeterThread: Thread finished: Thread Group - MH 1-76
2021-01-03 18:49:05,744 INFO o.a.j.t.JMeterThread: Stopping because end time detected by thread: Thread Group - MH 1-36
2021-01-03 18:49:05,744 INFO o.a.j.t.JMeterThread: Thread finished: Thread Group - MH 1-36
2021-01-03 18:49:05,746 INFO o.a.j.t.JMeterThread: Stopping because end time detected by thread: Thread Group - MH 1-1
2021-01-03 18:49:05,746 INFO o.a.j.t.JMeterThread: Thread finished: Thread Group - MH 1-1
2021-01-03 18:49:05,751 INFO o.a.j.t.JMeterThread: Stopping because end time detected by thread: Thread Group - MH 1-74
2021-01-03 18:49:05,751 INFO o.a.j.t.JMeterThread: Thread finished: Thread Group - MH 1-74
2021-01-03 18:49:05,763 INFO o.a.j.t.JMeterThread: Stopping because end time detected by thread: Thread Group - MH 1-79
2021-01-03 18:49:05,763 INFO o.a.j.t.JMeterThread: Thread finished: Thread Group - MH 1-79
2021-01-03 18:49:05,768 INFO o.a.j.t.JMeterThread: Stopping because end time detected by thread: Thread Group - MH 1-29
2021-01-03 18:49:05,768 INFO o.a.j.t.JMeterThread: Thread finished: Thread Group - MH 1-29
2021-01-03 18:49:05,771 INFO o.a.j.t.JMeterThread: Stopping because end time detected by thread: Thread Group - MH 1-51
2021-01-03 18:49:05,771 INFO o.a.j.t.JMeterThread: Thread finished: Thread Group - MH 1-51
2021-01-03 18:49:05,818 INFO o.a.j.t.JMeterThread: Stopping because end time detected by thread: Thread Group - MH 1-89
2021-01-03 18:49:05,818 INFO o.a.j.t.JMeterThread: Thread finished: Thread Group - MH 1-89
2021-01-03 18:49:05,818 INFO o.a.j.t.JMeterThread: Stopping because end time detected by thread: Thread Group - MH 1-95
2021-01-03 18:49:05,818 INFO o.a.j.t.JMeterThread: Thread finished: Thread Group - MH 1-95
2021-01-03 18:49:05,819 INFO o.a.j.t.JMeterThread: Stopping because end time detected by thread: Thread Group - MH 1-59
2021-01-03 18:49:05,819 INFO o.a.j.t.JMeterThread: Stopping because end time detected by thread: Thread Group - MH 1-39
2021-01-03 18:49:05,819 INFO o.a.j.t.JMeterThread: Thread finished: Thread Group - MH 1-39
2021-01-03 18:49:05,819 INFO o.a.j.t.JMeterThread: Thread finished: Thread Group - MH 1-59
2021-01-03 18:49:05,820 INFO o.a.j.t.JMeterThread: Stopping because end time detected by thread: Thread Group - MH 1-67
2021-01-03 18:49:05,820 INFO o.a.j.t.JMeterThread: Thread finished: Thread Group - MH 1-67
2021-01-03 18:49:05,821 INFO o.a.j.t.JMeterThread: Stopping because end time detected by thread: Thread Group - MH 1-35
2021-01-03 18:49:05,821 INFO o.a.j.t.JMeterThread: Thread finished: Thread Group - MH 1-35
2021-01-03 18:49:05,821 INFO o.a.j.t.JMeterThread: Stopping because end time detected by thread: Thread Group - MH 1-92
2021-01-03 18:49:05,821 INFO o.a.j.t.JMeterThread: Thread finished: Thread Group - MH 1-92
2021-01-03 18:49:05,823 INFO o.a.j.t.JMeterThread: Stopping because end time detected by thread: Thread Group - MH 1-83
2021-01-03 18:49:05,823 INFO o.a.j.t.JMeterThread: Thread finished: Thread Group - MH 1-83
2021-01-03 18:49:05,826 INFO o.a.j.t.JMeterThread: Stopping because end time detected by thread: Thread Group - MH 1-87
2021-01-03 18:49:05,826 INFO o.a.j.t.JMeterThread: Thread finished: Thread Group - MH 1-87
2021-01-03 18:49:05,829 INFO o.a.j.t.JMeterThread: Stopping because end time detected by thread: Thread Group - MH 1-37
2021-01-03 18:49:05,829 INFO o.a.j.t.JMeterThread: Stopping because end time detected by thread: Thread Group - MH 1-14
2021-01-03 18:49:05,829 INFO o.a.j.t.JMeterThread: Stopping because end time detected by thread: Thread Group - MH 1-8
2021-01-03 18:49:05,829 INFO o.a.j.t.JMeterThread: Thread finished: Thread Group - MH 1-37
2021-01-03 18:49:05,830 INFO o.a.j.t.JMeterThread: Thread finished: Thread Group - MH 1-14
2021-01-03 18:49:05,830 INFO o.a.j.t.JMeterThread: Thread finished: Thread Group - MH 1-8
2021-01-03 18:49:05,830 INFO o.a.j.t.JMeterThread: Stopping because end time detected by thread: Thread Group - MH 1-90
2021-01-03 18:49:05,830 INFO o.a.j.t.JMeterThread: Thread finished: Thread Group - MH 1-90
2021-01-03 18:49:05,830 INFO o.a.j.t.JMeterThread: Stopping because end time detected by thread: Thread Group - MH 1-6
2021-01-03 18:49:05,831 INFO o.a.j.t.JMeterThread: Thread finished: Thread Group - MH 1-6
2021-01-03 18:49:05,831 INFO o.a.j.t.JMeterThread: Stopping because end time detected by thread: Thread Group - MH 1-25
2021-01-03 18:49:05,831 INFO o.a.j.t.JMeterThread: Thread finished: Thread Group - MH 1-25
2021-01-03 18:49:05,832 INFO o.a.j.t.JMeterThread: Stopping because end time detected by thread: Thread Group - MH 1-68
2021-01-03 18:49:05,832 INFO o.a.j.t.JMeterThread: Thread finished: Thread Group - MH 1-68
2021-01-03 18:49:05,835 INFO o.a.j.t.JMeterThread: Stopping because end time detected by thread: Thread Group - MH 1-9
2021-01-03 18:49:05,835 INFO o.a.j.t.JMeterThread: Thread finished: Thread Group - MH 1-9
2021-01-03 18:49:05,856 INFO o.a.j.t.JMeterThread: Stopping because end time detected by thread: Thread Group - MH 1-88
2021-01-03 18:49:05,857 INFO o.a.j.t.JMeterThread: Thread finished: Thread Group - MH 1-88
2021-01-03 18:49:05,859 INFO o.a.j.t.JMeterThread: Stopping because end time detected by thread: Thread Group - MH 1-86
2021-01-03 18:49:05,859 INFO o.a.j.t.JMeterThread: Thread finished: Thread Group - MH 1-86
2021-01-03 18:49:05,860 INFO o.a.j.t.JMeterThread: Stopping because end time detected by thread: Thread Group - MH 1-24
2021-01-03 18:49:05,860 INFO o.a.j.t.JMeterThread: Thread finished: Thread Group - MH 1-24
2021-01-03 18:49:05,866 INFO o.a.j.t.JMeterThread: Stopping because end time detected by thread: Thread Group - MH 1-69
2021-01-03 18:49:05,866 INFO o.a.j.t.JMeterThread: Thread finished: Thread Group - MH 1-69
2021-01-03 18:49:05,868 INFO o.a.j.t.JMeterThread: Stopping because end time detected by thread: Thread Group - MH 1-23
2021-01-03 18:49:05,868 INFO o.a.j.t.JMeterThread: Thread finished: Thread Group - MH 1-23
2021-01-03 18:49:05,868 INFO o.a.j.t.JMeterThread: Stopping because end time detected by thread: Thread Group - MH 1-7
2021-01-03 18:49:05,869 INFO o.a.j.t.JMeterThread: Thread finished: Thread Group - MH 1-7
2021-01-03 18:49:05,871 INFO o.a.j.t.JMeterThread: Stopping because end time detected by thread: Thread Group - MH 1-47
2021-01-03 18:49:05,871 INFO o.a.j.t.JMeterThread: Thread finished: Thread Group - MH 1-47
2021-01-03 18:49:05,874 INFO o.a.j.t.JMeterThread: Stopping because end time detected by thread: Thread Group - MH 1-34
2021-01-03 18:49:05,874 INFO o.a.j.t.JMeterThread: Stopping because end time detected by thread: Thread Group - MH 1-94
2021-01-03 18:49:05,874 INFO o.a.j.t.JMeterThread: Thread finished: Thread Group - MH 1-34
2021-01-03 18:49:05,874 INFO o.a.j.t.JMeterThread: Thread finished: Thread Group - MH 1-94
2021-01-03 18:49:05,874 INFO o.a.j.t.JMeterThread: Stopping because end time detected by thread: Thread Group - MH 1-72
2021-01-03 18:49:05,874 INFO o.a.j.t.JMeterThread: Thread finished: Thread Group - MH 1-72
2021-01-03 18:49:05,874 INFO o.a.j.t.JMeterThread: Stopping because end time detected by thread: Thread Group - MH 1-61
2021-01-03 18:49:05,875 INFO o.a.j.t.JMeterThread: Thread finished: Thread Group - MH 1-61
2021-01-03 18:49:05,876 INFO o.a.j.t.JMeterThread: Stopping because end time detected by thread: Thread Group - MH 1-65
2021-01-03 18:49:05,877 INFO o.a.j.t.JMeterThread: Thread finished: Thread Group - MH 1-65
2021-01-03 18:49:05,877 INFO o.a.j.t.JMeterThread: Stopping because end time detected by thread: Thread Group - MH 1-84
2021-01-03 18:49:05,877 INFO o.a.j.t.JMeterThread: Stopping because end time detected by thread: Thread Group - MH 1-82
2021-01-03 18:49:05,877 INFO o.a.j.t.JMeterThread: Thread finished: Thread Group - MH 1-82
2021-01-03 18:49:05,877 INFO o.a.j.t.JMeterThread: Thread finished: Thread Group - MH 1-84
2021-01-03 18:49:05,877 INFO o.a.j.t.JMeterThread: Stopping because end time detected by thread: Thread Group - MH 1-64
2021-01-03 18:49:05,877 INFO o.a.j.t.JMeterThread: Thread finished: Thread Group - MH 1-64
2021-01-03 18:49:05,878 INFO o.a.j.t.JMeterThread: Stopping because end time detected by thread: Thread Group - MH 1-17
2021-01-03 18:49:05,878 INFO o.a.j.t.JMeterThread: Thread finished: Thread Group - MH 1-17
2021-01-03 18:49:05,879 INFO o.a.j.t.JMeterThread: Stopping because end time detected by thread: Thread Group - MH 1-33
2021-01-03 18:49:05,879 INFO o.a.j.t.JMeterThread: Stopping because end time detected by thread: Thread Group - MH 1-81
2021-01-03 18:49:05,879 INFO o.a.j.t.JMeterThread: Thread finished: Thread Group - MH 1-33
2021-01-03 18:49:05,879 INFO o.a.j.t.JMeterThread: Thread finished: Thread Group - MH 1-81
2021-01-03 18:49:05,880 INFO o.a.j.t.JMeterThread: Stopping because end time detected by thread: Thread Group - MH 1-22
2021-01-03 18:49:05,881 INFO o.a.j.t.JMeterThread: Thread finished: Thread Group - MH 1-22
2021-01-03 18:49:05,883 INFO o.a.j.t.JMeterThread: Stopping because end time detected by thread: Thread Group - MH 1-62
2021-01-03 18:49:05,883 INFO o.a.j.t.JMeterThread: Thread finished: Thread Group - MH 1-62
2021-01-03 18:49:05,883 INFO o.a.j.t.JMeterThread: Stopping because end time detected by thread: Thread Group - MH 1-41
2021-01-03 18:49:05,883 INFO o.a.j.t.JMeterThread: Thread finished: Thread Group - MH 1-41
2021-01-03 18:49:05,884 INFO o.a.j.t.JMeterThread: Stopping because end time detected by thread: Thread Group - MH 1-55
2021-01-03 18:49:05,884 INFO o.a.j.t.JMeterThread: Thread finished: Thread Group - MH 1-55
2021-01-03 18:49:05,884 INFO o.a.j.t.JMeterThread: Stopping because end time detected by thread: Thread Group - MH 1-49
2021-01-03 18:49:05,884 INFO o.a.j.t.JMeterThread: Thread finished: Thread Group - MH 1-49
2021-01-03 18:49:05,884 INFO o.a.j.e.StandardJMeterEngine: Notifying test listeners of end of test
2021-01-03 18:49:05,885 INFO o.a.j.r.Summariser: summary +   1450 in 00:00:06 =  246.8/s Avg:   117 Min:     0 Max:   752 Err:   338 (23.31%) Active: 0 Started: 100 Finished: 100
2021-01-03 18:49:05,886 INFO o.a.j.r.Summariser: summary =  14844 in 00:01:00 =  246.5/s Avg:   106 Min:     0 Max:  1057 Err:  4111 (27.69%)
