2021-01-03 18:31:48,683 INFO o.a.j.u.JMeterUtils: Setting Locale to en_EN
2021-01-03 18:31:48,702 INFO o.a.j.JMeter: Loading user properties from: user.properties
2021-01-03 18:31:48,703 INFO o.a.j.JMeter: Loading system properties from: system.properties
2021-01-03 18:31:48,703 INFO o.a.j.JMeter: Copyright (c) 1998-2020 The Apache Software Foundation
2021-01-03 18:31:48,703 INFO o.a.j.JMeter: Version 5.3
2021-01-03 18:31:48,703 INFO o.a.j.JMeter: java.version=11.0.8
2021-01-03 18:31:48,704 INFO o.a.j.JMeter: java.vm.name=Java HotSpot(TM) 64-Bit Server VM
2021-01-03 18:31:48,704 INFO o.a.j.JMeter: os.name=Windows 10
2021-01-03 18:31:48,704 INFO o.a.j.JMeter: os.arch=amd64
2021-01-03 18:31:48,704 INFO o.a.j.JMeter: os.version=10.0
2021-01-03 18:31:48,704 INFO o.a.j.JMeter: file.encoding=Cp1252
2021-01-03 18:31:48,704 INFO o.a.j.JMeter: java.awt.headless=true
2021-01-03 18:31:48,705 INFO o.a.j.JMeter: Max memory     =1073741824
2021-01-03 18:31:48,705 INFO o.a.j.JMeter: Available Processors =8
2021-01-03 18:31:48,714 INFO o.a.j.JMeter: Default Locale=English (EN)
2021-01-03 18:31:48,714 INFO o.a.j.JMeter: JMeter  Locale=English (EN)
2021-01-03 18:31:48,714 INFO o.a.j.JMeter: JMeterHome=C:\Users\fabio\Documents\Fabio\Università\Magistrale\2°anno\1°semestre\Impianti di Elaborazione\apache-jmeter-5.3
2021-01-03 18:31:48,714 INFO o.a.j.JMeter: user.dir  =C:\Users\fabio\Documents\Fabio\Università\Magistrale\2°anno\1°semestre\Impianti di Elaborazione\apache-jmeter-5.3\bin
2021-01-03 18:31:48,715 INFO o.a.j.JMeter: PWD       =C:\Users\fabio\Documents\Fabio\Università\Magistrale\2°anno\1°semestre\Impianti di Elaborazione\apache-jmeter-5.3\bin
2021-01-03 18:31:48,719 INFO o.a.j.JMeter: IP: 192.168.56.1 Name: LAPTOP-DSVV6SSR FullName: 192.168.56.1
2021-01-03 18:31:48,725 INFO o.a.j.s.FileServer: Default base='C:\Users\fabio\Documents\Fabio\Università\Magistrale\2°anno\1°semestre\Impianti di Elaborazione\apache-jmeter-5.3\bin'
2021-01-03 18:31:48,726 INFO o.a.j.s.FileServer: Set new base='C:\Users\fabio\Documents\Fabio\Università\Magistrale\2°anno\1°semestre\Impianti di Elaborazione\apache-jmeter-5.3\bin'
2021-01-03 18:31:48,852 INFO o.a.j.s.SaveService: Testplan (JMX) version: 2.2. Testlog (JTL) version: 2.2
2021-01-03 18:31:48,872 INFO o.a.j.s.SaveService: Using SaveService properties version 5.0
2021-01-03 18:31:48,876 INFO o.a.j.s.SaveService: Using SaveService properties file encoding UTF-8
2021-01-03 18:31:48,879 INFO o.a.j.s.SaveService: Loading file: DesignofExperiment.jmx
2021-01-03 18:31:48,939 INFO o.a.j.p.h.s.HTTPSamplerBase: Parser for text/html is org.apache.jmeter.protocol.http.parser.LagartoBasedHtmlParser
2021-01-03 18:31:48,940 INFO o.a.j.p.h.s.HTTPSamplerBase: Parser for application/xhtml+xml is org.apache.jmeter.protocol.http.parser.LagartoBasedHtmlParser
2021-01-03 18:31:48,940 INFO o.a.j.p.h.s.HTTPSamplerBase: Parser for application/xml is org.apache.jmeter.protocol.http.parser.LagartoBasedHtmlParser
2021-01-03 18:31:48,940 INFO o.a.j.p.h.s.HTTPSamplerBase: Parser for text/xml is org.apache.jmeter.protocol.http.parser.LagartoBasedHtmlParser
2021-01-03 18:31:48,940 INFO o.a.j.p.h.s.HTTPSamplerBase: Parser for text/vnd.wap.wml is org.apache.jmeter.protocol.http.parser.RegexpHTMLParser
2021-01-03 18:31:48,940 INFO o.a.j.p.h.s.HTTPSamplerBase: Parser for text/css is org.apache.jmeter.protocol.http.parser.CssParser
2021-01-03 18:31:48,966 INFO o.a.j.JMeter: Creating summariser <summary>
2021-01-03 18:31:48,971 INFO o.a.j.e.StandardJMeterEngine: Running the test!
2021-01-03 18:31:48,972 INFO o.a.j.s.SampleEvent: List of sample_variables: []
2021-01-03 18:31:48,972 INFO o.a.j.s.SampleEvent: List of sample_variables: []
2021-01-03 18:31:48,982 INFO o.a.j.e.u.CompoundVariable: Note: Function class names must contain the string: '.functions.'
2021-01-03 18:31:48,982 INFO o.a.j.e.u.CompoundVariable: Note: Function class names must not contain the string: '.gui.'
2021-01-03 18:31:49,267 INFO o.a.j.JMeter: Running test (1609695109267)
2021-01-03 18:31:49,280 INFO o.a.j.e.StandardJMeterEngine: Starting ThreadGroup: 1 : Thread Group - ML
2021-01-03 18:31:49,280 INFO o.a.j.e.StandardJMeterEngine: Starting 100 threads for group Thread Group - ML.
2021-01-03 18:31:49,280 INFO o.a.j.e.StandardJMeterEngine: Thread will continue on error
2021-01-03 18:31:49,281 INFO o.a.j.t.ThreadGroup: Starting thread group... number=1 threads=100 ramp-up=1 delayedStart=false
2021-01-03 18:31:49,292 INFO o.a.j.t.JMeterThread: Thread started: Thread Group - ML 1-1
2021-01-03 18:31:49,299 INFO o.a.j.t.JMeterThread: Thread started: Thread Group - ML 1-2
2021-01-03 18:31:49,307 INFO o.a.j.t.JMeterThread: Thread started: Thread Group - ML 1-3
2021-01-03 18:31:49,315 INFO o.a.j.t.JMeterThread: Thread started: Thread Group - ML 1-4
2021-01-03 18:31:49,323 INFO o.a.j.t.JMeterThread: Thread started: Thread Group - ML 1-5
2021-01-03 18:31:49,327 INFO o.a.j.t.ThreadGroup: Started thread group number 1
2021-01-03 18:31:49,327 INFO o.a.j.e.StandardJMeterEngine: All thread groups have been started
2021-01-03 18:31:49,327 INFO o.a.j.p.h.s.HTTPHCAbstractImpl: Local host = LAPTOP-DSVV6SSR
2021-01-03 18:31:49,335 INFO o.a.j.p.h.s.HTTPHC4Impl: HTTP request retry count = 0
2021-01-03 18:31:49,336 INFO o.a.j.t.JMeterThread: Thread started: Thread Group - ML 1-6
2021-01-03 18:31:49,337 INFO o.a.j.s.SampleResult: Note: Sample TimeStamps are START times
2021-01-03 18:31:49,337 INFO o.a.j.s.SampleResult: sampleresult.default.encoding is set to ISO-8859-1
2021-01-03 18:31:49,337 INFO o.a.j.s.SampleResult: sampleresult.useNanoTime=true
2021-01-03 18:31:49,337 INFO o.a.j.s.SampleResult: sampleresult.nanoThreadSleep=5000
2021-01-03 18:31:49,345 INFO o.a.j.t.JMeterThread: Thread started: Thread Group - ML 1-7
2021-01-03 18:31:49,355 INFO o.a.j.t.JMeterThread: Thread started: Thread Group - ML 1-8
2021-01-03 18:31:49,363 INFO o.a.j.t.JMeterThread: Thread started: Thread Group - ML 1-9
2021-01-03 18:31:49,372 INFO o.a.j.t.JMeterThread: Thread started: Thread Group - ML 1-10
2021-01-03 18:31:49,383 INFO o.a.j.t.JMeterThread: Thread started: Thread Group - ML 1-11
2021-01-03 18:31:49,393 INFO o.a.j.t.JMeterThread: Thread started: Thread Group - ML 1-12
2021-01-03 18:31:49,401 INFO o.a.j.t.JMeterThread: Thread started: Thread Group - ML 1-13
2021-01-03 18:31:49,412 INFO o.a.j.t.JMeterThread: Thread started: Thread Group - ML 1-14
2021-01-03 18:31:49,422 INFO o.a.j.t.JMeterThread: Thread started: Thread Group - ML 1-15
2021-01-03 18:31:49,433 INFO o.a.j.t.JMeterThread: Thread started: Thread Group - ML 1-16
2021-01-03 18:31:49,442 INFO o.a.j.t.JMeterThread: Thread started: Thread Group - ML 1-17
2021-01-03 18:31:49,452 INFO o.a.j.t.JMeterThread: Thread started: Thread Group - ML 1-18
2021-01-03 18:31:49,462 INFO o.a.j.t.JMeterThread: Thread started: Thread Group - ML 1-19
2021-01-03 18:31:49,473 INFO o.a.j.t.JMeterThread: Thread started: Thread Group - ML 1-20
2021-01-03 18:31:49,483 INFO o.a.j.t.JMeterThread: Thread started: Thread Group - ML 1-21
2021-01-03 18:31:49,492 INFO o.a.j.t.JMeterThread: Thread started: Thread Group - ML 1-22
2021-01-03 18:31:49,504 INFO o.a.j.t.JMeterThread: Thread started: Thread Group - ML 1-23
2021-01-03 18:31:49,513 INFO o.a.j.t.JMeterThread: Thread started: Thread Group - ML 1-24
2021-01-03 18:31:49,523 INFO o.a.j.t.JMeterThread: Thread started: Thread Group - ML 1-25
2021-01-03 18:31:49,532 INFO o.a.j.t.JMeterThread: Thread started: Thread Group - ML 1-26
2021-01-03 18:31:49,542 INFO o.a.j.t.JMeterThread: Thread started: Thread Group - ML 1-27
2021-01-03 18:31:49,553 INFO o.a.j.t.JMeterThread: Thread started: Thread Group - ML 1-28
2021-01-03 18:31:49,562 INFO o.a.j.t.JMeterThread: Thread started: Thread Group - ML 1-29
2021-01-03 18:31:49,576 INFO o.a.j.t.JMeterThread: Thread started: Thread Group - ML 1-30
2021-01-03 18:31:49,582 INFO o.a.j.t.JMeterThread: Thread started: Thread Group - ML 1-31
2021-01-03 18:31:49,591 INFO o.a.j.t.JMeterThread: Thread started: Thread Group - ML 1-32
2021-01-03 18:31:49,603 INFO o.a.j.t.JMeterThread: Thread started: Thread Group - ML 1-33
2021-01-03 18:31:49,612 INFO o.a.j.t.JMeterThread: Thread started: Thread Group - ML 1-34
2021-01-03 18:31:49,621 INFO o.a.j.t.JMeterThread: Thread started: Thread Group - ML 1-35
2021-01-03 18:31:49,631 INFO o.a.j.t.JMeterThread: Thread started: Thread Group - ML 1-36
2021-01-03 18:31:49,643 INFO o.a.j.t.JMeterThread: Thread started: Thread Group - ML 1-37
2021-01-03 18:31:49,652 INFO o.a.j.t.JMeterThread: Thread started: Thread Group - ML 1-38
2021-01-03 18:31:49,661 INFO o.a.j.t.JMeterThread: Thread started: Thread Group - ML 1-39
2021-01-03 18:31:49,671 INFO o.a.j.t.JMeterThread: Thread started: Thread Group - ML 1-40
2021-01-03 18:31:49,683 INFO o.a.j.t.JMeterThread: Thread started: Thread Group - ML 1-41
2021-01-03 18:31:49,692 INFO o.a.j.t.JMeterThread: Thread started: Thread Group - ML 1-42
2021-01-03 18:31:49,701 INFO o.a.j.t.JMeterThread: Thread started: Thread Group - ML 1-43
2021-01-03 18:31:49,712 INFO o.a.j.t.JMeterThread: Thread started: Thread Group - ML 1-44
2021-01-03 18:31:49,723 INFO o.a.j.t.JMeterThread: Thread started: Thread Group - ML 1-45
2021-01-03 18:31:49,731 INFO o.a.j.t.JMeterThread: Thread started: Thread Group - ML 1-46
2021-01-03 18:31:49,742 INFO o.a.j.t.JMeterThread: Thread started: Thread Group - ML 1-47
2021-01-03 18:31:49,752 INFO o.a.j.t.JMeterThread: Thread started: Thread Group - ML 1-48
2021-01-03 18:31:49,761 INFO o.a.j.t.JMeterThread: Thread started: Thread Group - ML 1-49
2021-01-03 18:31:49,771 INFO o.a.j.t.JMeterThread: Thread started: Thread Group - ML 1-50
2021-01-03 18:31:49,782 INFO o.a.j.t.JMeterThread: Thread started: Thread Group - ML 1-51
2021-01-03 18:31:49,791 INFO o.a.j.t.JMeterThread: Thread started: Thread Group - ML 1-52
2021-01-03 18:31:49,801 INFO o.a.j.t.JMeterThread: Thread started: Thread Group - ML 1-53
2021-01-03 18:31:49,812 INFO o.a.j.t.JMeterThread: Thread started: Thread Group - ML 1-54
2021-01-03 18:31:49,822 INFO o.a.j.t.JMeterThread: Thread started: Thread Group - ML 1-55
2021-01-03 18:31:49,831 INFO o.a.j.t.JMeterThread: Thread started: Thread Group - ML 1-56
2021-01-03 18:31:49,842 INFO o.a.j.t.JMeterThread: Thread started: Thread Group - ML 1-57
2021-01-03 18:31:49,852 INFO o.a.j.t.JMeterThread: Thread started: Thread Group - ML 1-58
2021-01-03 18:31:49,861 INFO o.a.j.t.JMeterThread: Thread started: Thread Group - ML 1-59
2021-01-03 18:31:49,871 INFO o.a.j.t.JMeterThread: Thread started: Thread Group - ML 1-60
2021-01-03 18:31:49,882 INFO o.a.j.t.JMeterThread: Thread started: Thread Group - ML 1-61
2021-01-03 18:31:49,892 INFO o.a.j.t.JMeterThread: Thread started: Thread Group - ML 1-62
2021-01-03 18:31:49,901 INFO o.a.j.t.JMeterThread: Thread started: Thread Group - ML 1-63
2021-01-03 18:31:49,912 INFO o.a.j.t.JMeterThread: Thread started: Thread Group - ML 1-64
2021-01-03 18:31:49,922 INFO o.a.j.t.JMeterThread: Thread started: Thread Group - ML 1-65
2021-01-03 18:31:49,931 INFO o.a.j.t.JMeterThread: Thread started: Thread Group - ML 1-66
2021-01-03 18:31:49,942 INFO o.a.j.t.JMeterThread: Thread started: Thread Group - ML 1-67
2021-01-03 18:31:49,952 INFO o.a.j.t.JMeterThread: Thread started: Thread Group - ML 1-68
2021-01-03 18:31:49,961 INFO o.a.j.t.JMeterThread: Thread started: Thread Group - ML 1-69
2021-01-03 18:31:49,971 INFO o.a.j.t.JMeterThread: Thread started: Thread Group - ML 1-70
2021-01-03 18:31:49,982 INFO o.a.j.t.JMeterThread: Thread started: Thread Group - ML 1-71
2021-01-03 18:31:49,992 INFO o.a.j.t.JMeterThread: Thread started: Thread Group - ML 1-72
2021-01-03 18:31:50,001 INFO o.a.j.t.JMeterThread: Thread started: Thread Group - ML 1-73
2021-01-03 18:31:50,012 INFO o.a.j.t.JMeterThread: Thread started: Thread Group - ML 1-74
2021-01-03 18:31:50,022 INFO o.a.j.t.JMeterThread: Thread started: Thread Group - ML 1-75
2021-01-03 18:31:50,032 INFO o.a.j.t.JMeterThread: Thread started: Thread Group - ML 1-76
2021-01-03 18:31:50,043 INFO o.a.j.t.JMeterThread: Thread started: Thread Group - ML 1-77
2021-01-03 18:31:50,053 INFO o.a.j.t.JMeterThread: Thread started: Thread Group - ML 1-78
2021-01-03 18:31:50,062 INFO o.a.j.t.JMeterThread: Thread started: Thread Group - ML 1-79
2021-01-03 18:31:50,072 INFO o.a.j.t.JMeterThread: Thread started: Thread Group - ML 1-80
2021-01-03 18:31:50,083 INFO o.a.j.t.JMeterThread: Thread started: Thread Group - ML 1-81
2021-01-03 18:31:50,093 INFO o.a.j.t.JMeterThread: Thread started: Thread Group - ML 1-82
2021-01-03 18:31:50,102 INFO o.a.j.t.JMeterThread: Thread started: Thread Group - ML 1-83
2021-01-03 18:31:50,113 INFO o.a.j.t.JMeterThread: Thread started: Thread Group - ML 1-84
2021-01-03 18:31:50,123 INFO o.a.j.t.JMeterThread: Thread started: Thread Group - ML 1-85
2021-01-03 18:31:50,132 INFO o.a.j.t.JMeterThread: Thread started: Thread Group - ML 1-86
2021-01-03 18:31:50,143 INFO o.a.j.t.JMeterThread: Thread started: Thread Group - ML 1-87
2021-01-03 18:31:50,153 INFO o.a.j.t.JMeterThread: Thread started: Thread Group - ML 1-88
2021-01-03 18:31:50,163 INFO o.a.j.t.JMeterThread: Thread started: Thread Group - ML 1-89
2021-01-03 18:31:50,172 INFO o.a.j.t.JMeterThread: Thread started: Thread Group - ML 1-90
2021-01-03 18:31:50,182 INFO o.a.j.t.JMeterThread: Thread started: Thread Group - ML 1-91
2021-01-03 18:31:50,193 INFO o.a.j.t.JMeterThread: Thread started: Thread Group - ML 1-92
2021-01-03 18:31:50,203 INFO o.a.j.t.JMeterThread: Thread started: Thread Group - ML 1-93
2021-01-03 18:31:50,214 INFO o.a.j.t.JMeterThread: Thread started: Thread Group - ML 1-94
2021-01-03 18:31:50,222 INFO o.a.j.t.JMeterThread: Thread started: Thread Group - ML 1-95
2021-01-03 18:31:50,233 INFO o.a.j.t.JMeterThread: Thread started: Thread Group - ML 1-96
2021-01-03 18:31:50,242 INFO o.a.j.t.JMeterThread: Thread started: Thread Group - ML 1-97
2021-01-03 18:31:50,252 INFO o.a.j.t.JMeterThread: Thread started: Thread Group - ML 1-98
2021-01-03 18:31:50,261 INFO o.a.j.t.JMeterThread: Thread started: Thread Group - ML 1-99
2021-01-03 18:31:50,273 INFO o.a.j.t.JMeterThread: Thread started: Thread Group - ML 1-100
2021-01-03 18:32:00,006 INFO o.a.j.r.Summariser: summary +   2729 in 00:00:11 =  254.2/s Avg:     3 Min:     0 Max:   113 Err:     0 (0.00%) Active: 100 Started: 100 Finished: 0
2021-01-03 18:32:30,007 INFO o.a.j.r.Summariser: summary +   7503 in 00:00:30 =  250.0/s Avg:     2 Min:     0 Max:    36 Err:     0 (0.00%) Active: 100 Started: 100 Finished: 0
2021-01-03 18:32:48,891 INFO o.a.j.t.JMeterThread: Thread finished: Thread Group - ML 1-3
2021-01-03 18:32:48,908 INFO o.a.j.t.JMeterThread: Thread finished: Thread Group - ML 1-21
2021-01-03 18:32:48,910 INFO o.a.j.t.JMeterThread: Thread finished: Thread Group - ML 1-14
2021-01-03 18:32:48,932 INFO o.a.j.t.JMeterThread: Thread finished: Thread Group - ML 1-46
2021-01-03 18:32:48,936 INFO o.a.j.t.JMeterThread: Thread finished: Thread Group - ML 1-5
2021-01-03 18:32:48,937 INFO o.a.j.t.JMeterThread: Thread finished: Thread Group - ML 1-33
2021-01-03 18:32:48,944 INFO o.a.j.t.JMeterThread: Thread finished: Thread Group - ML 1-22
2021-01-03 18:32:48,948 INFO o.a.j.t.JMeterThread: Thread finished: Thread Group - ML 1-65
2021-01-03 18:32:48,956 INFO o.a.j.t.JMeterThread: Thread finished: Thread Group - ML 1-9
2021-01-03 18:32:48,965 INFO o.a.j.t.JMeterThread: Thread finished: Thread Group - ML 1-92
2021-01-03 18:32:48,967 INFO o.a.j.t.JMeterThread: Thread finished: Thread Group - ML 1-47
2021-01-03 18:32:48,969 INFO o.a.j.t.JMeterThread: Thread finished: Thread Group - ML 1-66
2021-01-03 18:32:48,971 INFO o.a.j.t.JMeterThread: Thread finished: Thread Group - ML 1-34
2021-01-03 18:32:48,984 INFO o.a.j.t.JMeterThread: Thread finished: Thread Group - ML 1-67
2021-01-03 18:32:48,989 INFO o.a.j.t.JMeterThread: Thread finished: Thread Group - ML 1-48
2021-01-03 18:32:48,990 INFO o.a.j.t.JMeterThread: Thread finished: Thread Group - ML 1-15
2021-01-03 18:32:48,991 INFO o.a.j.t.JMeterThread: Thread finished: Thread Group - ML 1-23
2021-01-03 18:32:49,003 INFO o.a.j.t.JMeterThread: Thread finished: Thread Group - ML 1-95
2021-01-03 18:32:49,006 INFO o.a.j.t.JMeterThread: Thread finished: Thread Group - ML 1-68
2021-01-03 18:32:49,010 INFO o.a.j.t.JMeterThread: Thread finished: Thread Group - ML 1-49
2021-01-03 18:32:49,012 INFO o.a.j.t.JMeterThread: Thread finished: Thread Group - ML 1-35
2021-01-03 18:32:49,019 INFO o.a.j.t.JMeterThread: Thread finished: Thread Group - ML 1-96
2021-01-03 18:32:49,023 INFO o.a.j.t.JMeterThread: Thread finished: Thread Group - ML 1-69
2021-01-03 18:32:49,023 INFO o.a.j.t.JMeterThread: Thread finished: Thread Group - ML 1-24
2021-01-03 18:32:49,024 INFO o.a.j.t.JMeterThread: Thread finished: Thread Group - ML 1-16
2021-01-03 18:32:49,031 INFO o.a.j.t.JMeterThread: Thread finished: Thread Group - ML 1-97
2021-01-03 18:32:49,044 INFO o.a.j.t.JMeterThread: Thread finished: Thread Group - ML 1-70
2021-01-03 18:32:49,045 INFO o.a.j.t.JMeterThread: Thread finished: Thread Group - ML 1-50
2021-01-03 18:32:49,046 INFO o.a.j.t.JMeterThread: Thread finished: Thread Group - ML 1-98
2021-01-03 18:32:49,049 INFO o.a.j.t.JMeterThread: Thread finished: Thread Group - ML 1-36
2021-01-03 18:32:49,053 INFO o.a.j.t.JMeterThread: Thread finished: Thread Group - ML 1-25
2021-01-03 18:32:49,058 INFO o.a.j.t.JMeterThread: Thread finished: Thread Group - ML 1-99
2021-01-03 18:32:49,063 INFO o.a.j.t.JMeterThread: Thread finished: Thread Group - ML 1-71
2021-01-03 18:32:49,067 INFO o.a.j.t.JMeterThread: Thread finished: Thread Group - ML 1-51
2021-01-03 18:32:49,076 INFO o.a.j.t.JMeterThread: Thread finished: Thread Group - ML 1-100
2021-01-03 18:32:49,082 INFO o.a.j.t.JMeterThread: Thread finished: Thread Group - ML 1-72
2021-01-03 18:32:49,089 INFO o.a.j.t.JMeterThread: Thread finished: Thread Group - ML 1-37
2021-01-03 18:32:49,090 INFO o.a.j.t.JMeterThread: Thread finished: Thread Group - ML 1-52
2021-01-03 18:32:49,093 INFO o.a.j.t.JMeterThread: Thread finished: Thread Group - ML 1-26
2021-01-03 18:32:49,094 INFO o.a.j.t.JMeterThread: Thread finished: Thread Group - ML 1-73
2021-01-03 18:32:49,110 INFO o.a.j.t.JMeterThread: Thread finished: Thread Group - ML 1-74
2021-01-03 18:32:49,111 INFO o.a.j.t.JMeterThread: Thread finished: Thread Group - ML 1-53
2021-01-03 18:32:49,114 INFO o.a.j.t.JMeterThread: Thread finished: Thread Group - ML 1-38
2021-01-03 18:32:49,123 INFO o.a.j.t.JMeterThread: Thread finished: Thread Group - ML 1-75
2021-01-03 18:32:49,124 INFO o.a.j.t.JMeterThread: Thread finished: Thread Group - ML 1-27
2021-01-03 18:32:49,134 INFO o.a.j.t.JMeterThread: Thread finished: Thread Group - ML 1-54
2021-01-03 18:32:49,137 INFO o.a.j.t.JMeterThread: Thread finished: Thread Group - ML 1-76
2021-01-03 18:32:49,139 INFO o.a.j.t.JMeterThread: Thread finished: Thread Group - ML 1-39
2021-01-03 18:32:49,151 INFO o.a.j.t.JMeterThread: Thread finished: Thread Group - ML 1-28
2021-01-03 18:32:49,151 INFO o.a.j.t.JMeterThread: Thread finished: Thread Group - ML 1-55
2021-01-03 18:32:49,152 INFO o.a.j.t.JMeterThread: Thread finished: Thread Group - ML 1-77
2021-01-03 18:32:49,152 INFO o.a.j.t.JMeterThread: Thread finished: Thread Group - ML 1-17
2021-01-03 18:32:49,166 INFO o.a.j.t.JMeterThread: Thread finished: Thread Group - ML 1-78
2021-01-03 18:32:49,167 INFO o.a.j.t.JMeterThread: Thread finished: Thread Group - ML 1-40
2021-01-03 18:32:49,168 INFO o.a.j.t.JMeterThread: Thread finished: Thread Group - ML 1-56
2021-01-03 18:32:49,169 INFO o.a.j.t.JMeterThread: Thread finished: Thread Group - ML 1-12
2021-01-03 18:32:49,172 INFO o.a.j.t.JMeterThread: Thread finished: Thread Group - ML 1-1
2021-01-03 18:32:49,180 INFO o.a.j.t.JMeterThread: Thread finished: Thread Group - ML 1-6
2021-01-03 18:32:49,181 INFO o.a.j.t.JMeterThread: Thread finished: Thread Group - ML 1-79
2021-01-03 18:32:49,182 INFO o.a.j.t.JMeterThread: Thread finished: Thread Group - ML 1-4
2021-01-03 18:32:49,183 INFO o.a.j.t.JMeterThread: Thread finished: Thread Group - ML 1-29
2021-01-03 18:32:49,188 INFO o.a.j.t.JMeterThread: Thread finished: Thread Group - ML 1-57
2021-01-03 18:32:49,193 INFO o.a.j.t.JMeterThread: Thread finished: Thread Group - ML 1-80
2021-01-03 18:32:49,193 INFO o.a.j.t.JMeterThread: Thread finished: Thread Group - ML 1-18
2021-01-03 18:32:49,195 INFO o.a.j.t.JMeterThread: Thread finished: Thread Group - ML 1-10
2021-01-03 18:32:49,196 INFO o.a.j.t.JMeterThread: Thread finished: Thread Group - ML 1-41
2021-01-03 18:32:49,197 INFO o.a.j.t.JMeterThread: Thread finished: Thread Group - ML 1-2
2021-01-03 18:32:49,209 INFO o.a.j.t.JMeterThread: Thread finished: Thread Group - ML 1-58
2021-01-03 18:32:49,209 INFO o.a.j.t.JMeterThread: Thread finished: Thread Group - ML 1-19
2021-01-03 18:32:49,210 INFO o.a.j.t.JMeterThread: Thread finished: Thread Group - ML 1-81
2021-01-03 18:32:49,211 INFO o.a.j.t.JMeterThread: Thread finished: Thread Group - ML 1-13
2021-01-03 18:32:49,223 INFO o.a.j.t.JMeterThread: Thread finished: Thread Group - ML 1-82
2021-01-03 18:32:49,225 INFO o.a.j.t.JMeterThread: Thread finished: Thread Group - ML 1-42
2021-01-03 18:32:49,228 INFO o.a.j.t.JMeterThread: Thread finished: Thread Group - ML 1-8
2021-01-03 18:32:49,229 INFO o.a.j.t.JMeterThread: Thread finished: Thread Group - ML 1-7
2021-01-03 18:32:49,230 INFO o.a.j.t.JMeterThread: Thread finished: Thread Group - ML 1-59
2021-01-03 18:32:49,235 INFO o.a.j.t.JMeterThread: Thread finished: Thread Group - ML 1-83
2021-01-03 18:32:49,244 INFO o.a.j.t.JMeterThread: Thread finished: Thread Group - ML 1-60
2021-01-03 18:32:49,250 INFO o.a.j.t.JMeterThread: Thread finished: Thread Group - ML 1-84
2021-01-03 18:32:49,250 INFO o.a.j.t.JMeterThread: Thread finished: Thread Group - ML 1-43
2021-01-03 18:32:49,251 INFO o.a.j.t.JMeterThread: Thread finished: Thread Group - ML 1-30
2021-01-03 18:32:49,256 INFO o.a.j.t.JMeterThread: Thread finished: Thread Group - ML 1-31
2021-01-03 18:32:49,264 INFO o.a.j.t.JMeterThread: Thread finished: Thread Group - ML 1-85
2021-01-03 18:32:49,266 INFO o.a.j.t.JMeterThread: Thread finished: Thread Group - ML 1-20
2021-01-03 18:32:49,267 INFO o.a.j.t.JMeterThread: Thread finished: Thread Group - ML 1-61
2021-01-03 18:32:49,278 INFO o.a.j.t.JMeterThread: Thread finished: Thread Group - ML 1-86
2021-01-03 18:32:49,278 INFO o.a.j.t.JMeterThread: Thread finished: Thread Group - ML 1-44
2021-01-03 18:32:49,285 INFO o.a.j.t.JMeterThread: Thread finished: Thread Group - ML 1-62
2021-01-03 18:32:49,288 INFO o.a.j.t.JMeterThread: Thread finished: Thread Group - ML 1-87
2021-01-03 18:32:49,289 INFO o.a.j.t.JMeterThread: Thread finished: Thread Group - ML 1-32
2021-01-03 18:32:49,301 INFO o.a.j.t.JMeterThread: Thread finished: Thread Group - ML 1-45
2021-01-03 18:32:49,302 INFO o.a.j.t.JMeterThread: Thread finished: Thread Group - ML 1-88
2021-01-03 18:32:49,303 INFO o.a.j.t.JMeterThread: Thread finished: Thread Group - ML 1-63
2021-01-03 18:32:49,308 INFO o.a.j.t.JMeterThread: Thread finished: Thread Group - ML 1-89
2021-01-03 18:32:49,313 INFO o.a.j.t.JMeterThread: Thread finished: Thread Group - ML 1-64
2021-01-03 18:32:49,316 INFO o.a.j.t.JMeterThread: Thread finished: Thread Group - ML 1-91
2021-01-03 18:32:49,317 INFO o.a.j.t.JMeterThread: Thread finished: Thread Group - ML 1-90
2021-01-03 18:32:49,323 INFO o.a.j.t.JMeterThread: Thread finished: Thread Group - ML 1-94
2021-01-03 18:32:49,324 INFO o.a.j.t.JMeterThread: Stopping because end time detected by thread: Thread Group - ML 1-93
2021-01-03 18:32:49,324 INFO o.a.j.t.JMeterThread: Thread finished: Thread Group - ML 1-93
2021-01-03 18:33:06,090 INFO o.a.j.r.Summariser: summary =  10232 in 00:00:41 =  251.2/s Avg:     2 Min:     0 Max:   113 Err:     0 (0.00%)
2021-01-03 18:33:06,091 INFO o.a.j.t.JMeterThread: Stopping because end time detected by thread: Thread Group - ML 1-11
2021-01-03 18:33:06,091 INFO o.a.j.t.JMeterThread: Thread finished: Thread Group - ML 1-11
2021-01-03 18:33:06,092 INFO o.a.j.e.StandardJMeterEngine: Notifying test listeners of end of test
2021-01-03 18:33:06,095 INFO o.a.j.r.Summariser: summary +   4784 in 00:00:36 =  132.6/s Avg:     2 Min:     0 Max:    26 Err:     0 (0.00%) Active: 0 Started: 100 Finished: 100
2021-01-03 18:33:06,095 INFO o.a.j.r.Summariser: summary =  15016 in 00:01:17 =  195.4/s Avg:     2 Min:     0 Max:   113 Err:     0 (0.00%)
