2021-01-03 18:34:52,858 INFO o.a.j.u.JMeterUtils: Setting Locale to en_EN
2021-01-03 18:34:52,876 INFO o.a.j.JMeter: Loading user properties from: user.properties
2021-01-03 18:34:52,877 INFO o.a.j.JMeter: Loading system properties from: system.properties
2021-01-03 18:34:52,878 INFO o.a.j.JMeter: Copyright (c) 1998-2020 The Apache Software Foundation
2021-01-03 18:34:52,878 INFO o.a.j.JMeter: Version 5.3
2021-01-03 18:34:52,878 INFO o.a.j.JMeter: java.version=11.0.8
2021-01-03 18:34:52,878 INFO o.a.j.JMeter: java.vm.name=Java HotSpot(TM) 64-Bit Server VM
2021-01-03 18:34:52,879 INFO o.a.j.JMeter: os.name=Windows 10
2021-01-03 18:34:52,879 INFO o.a.j.JMeter: os.arch=amd64
2021-01-03 18:34:52,879 INFO o.a.j.JMeter: os.version=10.0
2021-01-03 18:34:52,879 INFO o.a.j.JMeter: file.encoding=Cp1252
2021-01-03 18:34:52,879 INFO o.a.j.JMeter: java.awt.headless=true
2021-01-03 18:34:52,879 INFO o.a.j.JMeter: Max memory     =1073741824
2021-01-03 18:34:52,880 INFO o.a.j.JMeter: Available Processors =8
2021-01-03 18:34:52,888 INFO o.a.j.JMeter: Default Locale=English (EN)
2021-01-03 18:34:52,888 INFO o.a.j.JMeter: JMeter  Locale=English (EN)
2021-01-03 18:34:52,889 INFO o.a.j.JMeter: JMeterHome=C:\Users\fabio\Documents\Fabio\Università\Magistrale\2°anno\1°semestre\Impianti di Elaborazione\apache-jmeter-5.3
2021-01-03 18:34:52,889 INFO o.a.j.JMeter: user.dir  =C:\Users\fabio\Documents\Fabio\Università\Magistrale\2°anno\1°semestre\Impianti di Elaborazione\apache-jmeter-5.3\bin
2021-01-03 18:34:52,889 INFO o.a.j.JMeter: PWD       =C:\Users\fabio\Documents\Fabio\Università\Magistrale\2°anno\1°semestre\Impianti di Elaborazione\apache-jmeter-5.3\bin
2021-01-03 18:34:52,893 INFO o.a.j.JMeter: IP: 192.168.56.1 Name: LAPTOP-DSVV6SSR FullName: 192.168.56.1
2021-01-03 18:34:52,899 INFO o.a.j.s.FileServer: Default base='C:\Users\fabio\Documents\Fabio\Università\Magistrale\2°anno\1°semestre\Impianti di Elaborazione\apache-jmeter-5.3\bin'
2021-01-03 18:34:52,900 INFO o.a.j.s.FileServer: Set new base='C:\Users\fabio\Documents\Fabio\Università\Magistrale\2°anno\1°semestre\Impianti di Elaborazione\apache-jmeter-5.3\bin'
2021-01-03 18:34:53,027 INFO o.a.j.s.SaveService: Testplan (JMX) version: 2.2. Testlog (JTL) version: 2.2
2021-01-03 18:34:53,047 INFO o.a.j.s.SaveService: Using SaveService properties version 5.0
2021-01-03 18:34:53,051 INFO o.a.j.s.SaveService: Using SaveService properties file encoding UTF-8
2021-01-03 18:34:53,055 INFO o.a.j.s.SaveService: Loading file: DesignofExperiment.jmx
2021-01-03 18:34:53,115 INFO o.a.j.p.h.s.HTTPSamplerBase: Parser for text/html is org.apache.jmeter.protocol.http.parser.LagartoBasedHtmlParser
2021-01-03 18:34:53,115 INFO o.a.j.p.h.s.HTTPSamplerBase: Parser for application/xhtml+xml is org.apache.jmeter.protocol.http.parser.LagartoBasedHtmlParser
2021-01-03 18:34:53,115 INFO o.a.j.p.h.s.HTTPSamplerBase: Parser for application/xml is org.apache.jmeter.protocol.http.parser.LagartoBasedHtmlParser
2021-01-03 18:34:53,115 INFO o.a.j.p.h.s.HTTPSamplerBase: Parser for text/xml is org.apache.jmeter.protocol.http.parser.LagartoBasedHtmlParser
2021-01-03 18:34:53,115 INFO o.a.j.p.h.s.HTTPSamplerBase: Parser for text/vnd.wap.wml is org.apache.jmeter.protocol.http.parser.RegexpHTMLParser
2021-01-03 18:34:53,115 INFO o.a.j.p.h.s.HTTPSamplerBase: Parser for text/css is org.apache.jmeter.protocol.http.parser.CssParser
2021-01-03 18:34:53,141 INFO o.a.j.JMeter: Creating summariser <summary>
2021-01-03 18:34:53,148 INFO o.a.j.e.StandardJMeterEngine: Running the test!
2021-01-03 18:34:53,149 INFO o.a.j.s.SampleEvent: List of sample_variables: []
2021-01-03 18:34:53,149 INFO o.a.j.s.SampleEvent: List of sample_variables: []
2021-01-03 18:34:53,157 INFO o.a.j.e.u.CompoundVariable: Note: Function class names must contain the string: '.functions.'
2021-01-03 18:34:53,157 INFO o.a.j.e.u.CompoundVariable: Note: Function class names must not contain the string: '.gui.'
2021-01-03 18:34:53,447 INFO o.a.j.JMeter: Running test (1609695293447)
2021-01-03 18:34:53,460 INFO o.a.j.e.StandardJMeterEngine: Starting ThreadGroup: 1 : Thread Group - ML
2021-01-03 18:34:53,460 INFO o.a.j.e.StandardJMeterEngine: Starting 100 threads for group Thread Group - ML.
2021-01-03 18:34:53,460 INFO o.a.j.e.StandardJMeterEngine: Thread will continue on error
2021-01-03 18:34:53,460 INFO o.a.j.t.ThreadGroup: Starting thread group... number=1 threads=100 ramp-up=1 delayedStart=false
2021-01-03 18:34:53,471 INFO o.a.j.t.JMeterThread: Thread started: Thread Group - ML 1-1
2021-01-03 18:34:53,477 INFO o.a.j.t.JMeterThread: Thread started: Thread Group - ML 1-2
2021-01-03 18:34:53,486 INFO o.a.j.t.JMeterThread: Thread started: Thread Group - ML 1-3
2021-01-03 18:34:53,492 INFO o.a.j.t.JMeterThread: Thread started: Thread Group - ML 1-4
2021-01-03 18:34:53,502 INFO o.a.j.t.JMeterThread: Thread started: Thread Group - ML 1-5
2021-01-03 18:34:53,509 INFO o.a.j.p.h.s.HTTPHCAbstractImpl: Local host = LAPTOP-DSVV6SSR
2021-01-03 18:34:53,511 INFO o.a.j.t.ThreadGroup: Started thread group number 1
2021-01-03 18:34:53,511 INFO o.a.j.e.StandardJMeterEngine: All thread groups have been started
2021-01-03 18:34:53,514 INFO o.a.j.t.JMeterThread: Thread started: Thread Group - ML 1-6
2021-01-03 18:34:53,517 INFO o.a.j.p.h.s.HTTPHC4Impl: HTTP request retry count = 0
2021-01-03 18:34:53,519 INFO o.a.j.s.SampleResult: Note: Sample TimeStamps are START times
2021-01-03 18:34:53,520 INFO o.a.j.s.SampleResult: sampleresult.default.encoding is set to ISO-8859-1
2021-01-03 18:34:53,520 INFO o.a.j.s.SampleResult: sampleresult.useNanoTime=true
2021-01-03 18:34:53,520 INFO o.a.j.s.SampleResult: sampleresult.nanoThreadSleep=5000
2021-01-03 18:34:53,525 INFO o.a.j.t.JMeterThread: Thread started: Thread Group - ML 1-7
2021-01-03 18:34:53,534 INFO o.a.j.t.JMeterThread: Thread started: Thread Group - ML 1-8
2021-01-03 18:34:53,541 INFO o.a.j.t.JMeterThread: Thread started: Thread Group - ML 1-9
2021-01-03 18:34:53,551 INFO o.a.j.t.JMeterThread: Thread started: Thread Group - ML 1-10
2021-01-03 18:34:53,562 INFO o.a.j.t.JMeterThread: Thread started: Thread Group - ML 1-11
2021-01-03 18:34:53,572 INFO o.a.j.t.JMeterThread: Thread started: Thread Group - ML 1-12
2021-01-03 18:34:53,581 INFO o.a.j.t.JMeterThread: Thread started: Thread Group - ML 1-13
2021-01-03 18:34:53,591 INFO o.a.j.t.JMeterThread: Thread started: Thread Group - ML 1-14
2021-01-03 18:34:53,601 INFO o.a.j.t.JMeterThread: Thread started: Thread Group - ML 1-15
2021-01-03 18:34:53,611 INFO o.a.j.t.JMeterThread: Thread started: Thread Group - ML 1-16
2021-01-03 18:34:53,621 INFO o.a.j.t.JMeterThread: Thread started: Thread Group - ML 1-17
2021-01-03 18:34:53,631 INFO o.a.j.t.JMeterThread: Thread started: Thread Group - ML 1-18
2021-01-03 18:34:53,640 INFO o.a.j.t.JMeterThread: Thread started: Thread Group - ML 1-19
2021-01-03 18:34:53,653 INFO o.a.j.t.JMeterThread: Thread started: Thread Group - ML 1-20
2021-01-03 18:34:53,660 INFO o.a.j.t.JMeterThread: Thread started: Thread Group - ML 1-21
2021-01-03 18:34:53,671 INFO o.a.j.t.JMeterThread: Thread started: Thread Group - ML 1-22
2021-01-03 18:34:53,681 INFO o.a.j.t.JMeterThread: Thread started: Thread Group - ML 1-23
2021-01-03 18:34:53,693 INFO o.a.j.t.JMeterThread: Thread started: Thread Group - ML 1-24
2021-01-03 18:34:53,702 INFO o.a.j.t.JMeterThread: Thread started: Thread Group - ML 1-25
2021-01-03 18:34:53,711 INFO o.a.j.t.JMeterThread: Thread started: Thread Group - ML 1-26
2021-01-03 18:34:53,721 INFO o.a.j.t.JMeterThread: Thread started: Thread Group - ML 1-27
2021-01-03 18:34:53,733 INFO o.a.j.t.JMeterThread: Thread started: Thread Group - ML 1-28
2021-01-03 18:34:53,742 INFO o.a.j.t.JMeterThread: Thread started: Thread Group - ML 1-29
2021-01-03 18:34:53,751 INFO o.a.j.t.JMeterThread: Thread started: Thread Group - ML 1-30
2021-01-03 18:34:53,761 INFO o.a.j.t.JMeterThread: Thread started: Thread Group - ML 1-31
2021-01-03 18:34:53,772 INFO o.a.j.t.JMeterThread: Thread started: Thread Group - ML 1-32
2021-01-03 18:34:53,781 INFO o.a.j.t.JMeterThread: Thread started: Thread Group - ML 1-33
2021-01-03 18:34:53,793 INFO o.a.j.t.JMeterThread: Thread started: Thread Group - ML 1-34
2021-01-03 18:34:53,801 INFO o.a.j.t.JMeterThread: Thread started: Thread Group - ML 1-35
2021-01-03 18:34:53,810 INFO o.a.j.t.JMeterThread: Thread started: Thread Group - ML 1-36
2021-01-03 18:34:53,821 INFO o.a.j.t.JMeterThread: Thread started: Thread Group - ML 1-37
2021-01-03 18:34:53,831 INFO o.a.j.t.JMeterThread: Thread started: Thread Group - ML 1-38
2021-01-03 18:34:53,841 INFO o.a.j.t.JMeterThread: Thread started: Thread Group - ML 1-39
2021-01-03 18:34:53,852 INFO o.a.j.t.JMeterThread: Thread started: Thread Group - ML 1-40
2021-01-03 18:34:53,862 INFO o.a.j.t.JMeterThread: Thread started: Thread Group - ML 1-41
2021-01-03 18:34:53,871 INFO o.a.j.t.JMeterThread: Thread started: Thread Group - ML 1-42
2021-01-03 18:34:53,882 INFO o.a.j.t.JMeterThread: Thread started: Thread Group - ML 1-43
2021-01-03 18:34:53,892 INFO o.a.j.t.JMeterThread: Thread started: Thread Group - ML 1-44
2021-01-03 18:34:53,903 INFO o.a.j.t.JMeterThread: Thread started: Thread Group - ML 1-45
2021-01-03 18:34:53,913 INFO o.a.j.t.JMeterThread: Thread started: Thread Group - ML 1-46
2021-01-03 18:34:53,923 INFO o.a.j.t.JMeterThread: Thread started: Thread Group - ML 1-47
2021-01-03 18:34:53,932 INFO o.a.j.t.JMeterThread: Thread started: Thread Group - ML 1-48
2021-01-03 18:34:53,941 INFO o.a.j.t.JMeterThread: Thread started: Thread Group - ML 1-49
2021-01-03 18:34:53,951 INFO o.a.j.t.JMeterThread: Thread started: Thread Group - ML 1-50
2021-01-03 18:34:53,962 INFO o.a.j.t.JMeterThread: Thread started: Thread Group - ML 1-51
2021-01-03 18:34:53,972 INFO o.a.j.t.JMeterThread: Thread started: Thread Group - ML 1-52
2021-01-03 18:34:53,980 INFO o.a.j.t.JMeterThread: Thread started: Thread Group - ML 1-53
2021-01-03 18:34:53,992 INFO o.a.j.t.JMeterThread: Thread started: Thread Group - ML 1-54
2021-01-03 18:34:54,002 INFO o.a.j.t.JMeterThread: Thread started: Thread Group - ML 1-55
2021-01-03 18:34:54,011 INFO o.a.j.t.JMeterThread: Thread started: Thread Group - ML 1-56
2021-01-03 18:34:54,021 INFO o.a.j.t.JMeterThread: Thread started: Thread Group - ML 1-57
2021-01-03 18:34:54,032 INFO o.a.j.t.JMeterThread: Thread started: Thread Group - ML 1-58
2021-01-03 18:34:54,041 INFO o.a.j.t.JMeterThread: Thread started: Thread Group - ML 1-59
2021-01-03 18:34:54,052 INFO o.a.j.t.JMeterThread: Thread started: Thread Group - ML 1-60
2021-01-03 18:34:54,063 INFO o.a.j.t.JMeterThread: Thread started: Thread Group - ML 1-61
2021-01-03 18:34:54,072 INFO o.a.j.t.JMeterThread: Thread started: Thread Group - ML 1-62
2021-01-03 18:34:54,081 INFO o.a.j.t.JMeterThread: Thread started: Thread Group - ML 1-63
2021-01-03 18:34:54,092 INFO o.a.j.t.JMeterThread: Thread started: Thread Group - ML 1-64
2021-01-03 18:34:54,102 INFO o.a.j.t.JMeterThread: Thread started: Thread Group - ML 1-65
2021-01-03 18:34:54,110 INFO o.a.j.t.JMeterThread: Thread started: Thread Group - ML 1-66
2021-01-03 18:34:54,123 INFO o.a.j.t.JMeterThread: Thread started: Thread Group - ML 1-67
2021-01-03 18:34:54,133 INFO o.a.j.t.JMeterThread: Thread started: Thread Group - ML 1-68
2021-01-03 18:34:54,142 INFO o.a.j.t.JMeterThread: Thread started: Thread Group - ML 1-69
2021-01-03 18:34:54,151 INFO o.a.j.t.JMeterThread: Thread started: Thread Group - ML 1-70
2021-01-03 18:34:54,162 INFO o.a.j.t.JMeterThread: Thread started: Thread Group - ML 1-71
2021-01-03 18:34:54,171 INFO o.a.j.t.JMeterThread: Thread started: Thread Group - ML 1-72
2021-01-03 18:34:54,182 INFO o.a.j.t.JMeterThread: Thread started: Thread Group - ML 1-73
2021-01-03 18:34:54,191 INFO o.a.j.t.JMeterThread: Thread started: Thread Group - ML 1-74
2021-01-03 18:34:54,201 INFO o.a.j.t.JMeterThread: Thread started: Thread Group - ML 1-75
2021-01-03 18:34:54,212 INFO o.a.j.t.JMeterThread: Thread started: Thread Group - ML 1-76
2021-01-03 18:34:54,222 INFO o.a.j.t.JMeterThread: Thread started: Thread Group - ML 1-77
2021-01-03 18:34:54,230 INFO o.a.j.t.JMeterThread: Thread started: Thread Group - ML 1-78
2021-01-03 18:34:54,242 INFO o.a.j.t.JMeterThread: Thread started: Thread Group - ML 1-79
2021-01-03 18:34:54,252 INFO o.a.j.t.JMeterThread: Thread started: Thread Group - ML 1-80
2021-01-03 18:34:54,261 INFO o.a.j.t.JMeterThread: Thread started: Thread Group - ML 1-81
2021-01-03 18:34:54,270 INFO o.a.j.t.JMeterThread: Thread started: Thread Group - ML 1-82
2021-01-03 18:34:54,282 INFO o.a.j.t.JMeterThread: Thread started: Thread Group - ML 1-83
2021-01-03 18:34:54,291 INFO o.a.j.t.JMeterThread: Thread started: Thread Group - ML 1-84
2021-01-03 18:34:54,301 INFO o.a.j.t.JMeterThread: Thread started: Thread Group - ML 1-85
2021-01-03 18:34:54,311 INFO o.a.j.t.JMeterThread: Thread started: Thread Group - ML 1-86
2021-01-03 18:34:54,321 INFO o.a.j.t.JMeterThread: Thread started: Thread Group - ML 1-87
2021-01-03 18:34:54,331 INFO o.a.j.t.JMeterThread: Thread started: Thread Group - ML 1-88
2021-01-03 18:34:54,341 INFO o.a.j.t.JMeterThread: Thread started: Thread Group - ML 1-89
2021-01-03 18:34:54,351 INFO o.a.j.t.JMeterThread: Thread started: Thread Group - ML 1-90
2021-01-03 18:34:54,361 INFO o.a.j.t.JMeterThread: Thread started: Thread Group - ML 1-91
2021-01-03 18:34:54,371 INFO o.a.j.t.JMeterThread: Thread started: Thread Group - ML 1-92
2021-01-03 18:34:54,382 INFO o.a.j.t.JMeterThread: Thread started: Thread Group - ML 1-93
2021-01-03 18:34:54,391 INFO o.a.j.t.JMeterThread: Thread started: Thread Group - ML 1-94
2021-01-03 18:34:54,400 INFO o.a.j.t.JMeterThread: Thread started: Thread Group - ML 1-95
2021-01-03 18:34:54,411 INFO o.a.j.t.JMeterThread: Thread started: Thread Group - ML 1-96
2021-01-03 18:34:54,422 INFO o.a.j.t.JMeterThread: Thread started: Thread Group - ML 1-97
2021-01-03 18:34:54,431 INFO o.a.j.t.JMeterThread: Thread started: Thread Group - ML 1-98
2021-01-03 18:34:54,440 INFO o.a.j.t.JMeterThread: Thread started: Thread Group - ML 1-99
2021-01-03 18:34:54,451 INFO o.a.j.t.JMeterThread: Thread started: Thread Group - ML 1-100
2021-01-03 18:35:00,005 INFO o.a.j.r.Summariser: summary +   1688 in 00:00:07 =  257.4/s Avg:     3 Min:     0 Max:    94 Err:     0 (0.00%) Active: 100 Started: 100 Finished: 0
2021-01-03 18:35:30,003 INFO o.a.j.r.Summariser: summary +   7500 in 00:00:30 =  250.0/s Avg:     2 Min:     0 Max:    25 Err:     0 (0.00%) Active: 100 Started: 100 Finished: 0
2021-01-03 18:35:30,005 INFO o.a.j.r.Summariser: summary =   9188 in 00:00:37 =  251.3/s Avg:     2 Min:     0 Max:    94 Err:     0 (0.00%)
2021-01-03 18:35:53,072 INFO o.a.j.t.JMeterThread: Thread finished: Thread Group - ML 1-4
2021-01-03 18:35:53,100 INFO o.a.j.t.JMeterThread: Thread finished: Thread Group - ML 1-32
2021-01-03 18:35:53,100 INFO o.a.j.t.JMeterThread: Thread finished: Thread Group - ML 1-8
2021-01-03 18:35:53,101 INFO o.a.j.t.JMeterThread: Thread finished: Thread Group - ML 1-23
2021-01-03 18:35:53,114 INFO o.a.j.t.JMeterThread: Thread finished: Thread Group - ML 1-7
2021-01-03 18:35:53,114 INFO o.a.j.t.JMeterThread: Thread finished: Thread Group - ML 1-33
2021-01-03 18:35:53,127 INFO o.a.j.t.JMeterThread: Thread finished: Thread Group - ML 1-14
2021-01-03 18:35:53,140 INFO o.a.j.t.JMeterThread: Thread finished: Thread Group - ML 1-92
2021-01-03 18:35:53,143 INFO o.a.j.t.JMeterThread: Thread finished: Thread Group - ML 1-66
2021-01-03 18:35:53,144 INFO o.a.j.t.JMeterThread: Thread finished: Thread Group - ML 1-47
2021-01-03 18:35:53,152 INFO o.a.j.t.JMeterThread: Thread finished: Thread Group - ML 1-1
2021-01-03 18:35:53,155 INFO o.a.j.t.JMeterThread: Thread finished: Thread Group - ML 1-93
2021-01-03 18:35:53,168 INFO o.a.j.t.JMeterThread: Thread finished: Thread Group - ML 1-94
2021-01-03 18:35:53,168 INFO o.a.j.t.JMeterThread: Thread finished: Thread Group - ML 1-67
2021-01-03 18:35:53,169 INFO o.a.j.t.JMeterThread: Thread finished: Thread Group - ML 1-48
2021-01-03 18:35:53,171 INFO o.a.j.t.JMeterThread: Thread finished: Thread Group - ML 1-24
2021-01-03 18:35:53,175 INFO o.a.j.t.JMeterThread: Thread finished: Thread Group - ML 1-34
2021-01-03 18:35:53,180 INFO o.a.j.t.JMeterThread: Thread finished: Thread Group - ML 1-16
2021-01-03 18:35:53,183 INFO o.a.j.t.JMeterThread: Thread finished: Thread Group - ML 1-15
2021-01-03 18:35:53,189 INFO o.a.j.t.JMeterThread: Thread finished: Thread Group - ML 1-68
2021-01-03 18:35:53,191 INFO o.a.j.t.JMeterThread: Thread finished: Thread Group - ML 1-49
2021-01-03 18:35:53,192 INFO o.a.j.t.JMeterThread: Thread finished: Thread Group - ML 1-13
2021-01-03 18:35:53,196 INFO o.a.j.t.JMeterThread: Thread finished: Thread Group - ML 1-35
2021-01-03 18:35:53,197 INFO o.a.j.t.JMeterThread: Thread finished: Thread Group - ML 1-25
2021-01-03 18:35:53,204 INFO o.a.j.t.JMeterThread: Thread finished: Thread Group - ML 1-69
2021-01-03 18:35:53,224 INFO o.a.j.t.JMeterThread: Thread finished: Thread Group - ML 1-98
2021-01-03 18:35:53,225 INFO o.a.j.t.JMeterThread: Thread finished: Thread Group - ML 1-70
2021-01-03 18:35:53,225 INFO o.a.j.t.JMeterThread: Thread finished: Thread Group - ML 1-9
2021-01-03 18:35:53,227 INFO o.a.j.t.JMeterThread: Thread finished: Thread Group - ML 1-50
2021-01-03 18:35:53,227 INFO o.a.j.t.JMeterThread: Thread finished: Thread Group - ML 1-36
2021-01-03 18:35:53,231 INFO o.a.j.t.JMeterThread: Thread finished: Thread Group - ML 1-12
2021-01-03 18:35:53,236 INFO o.a.j.t.JMeterThread: Thread finished: Thread Group - ML 1-26
2021-01-03 18:35:53,244 INFO o.a.j.t.JMeterThread: Thread finished: Thread Group - ML 1-71
2021-01-03 18:35:53,251 INFO o.a.j.t.JMeterThread: Thread finished: Thread Group - ML 1-17
2021-01-03 18:35:53,252 INFO o.a.j.t.JMeterThread: Thread finished: Thread Group - ML 1-51
2021-01-03 18:35:53,253 INFO o.a.j.t.JMeterThread: Thread finished: Thread Group - ML 1-18
2021-01-03 18:35:53,260 INFO o.a.j.t.JMeterThread: Thread finished: Thread Group - ML 1-72
2021-01-03 18:35:53,261 INFO o.a.j.t.JMeterThread: Thread finished: Thread Group - ML 1-37
2021-01-03 18:35:53,273 INFO o.a.j.t.JMeterThread: Thread finished: Thread Group - ML 1-52
2021-01-03 18:35:53,274 INFO o.a.j.t.JMeterThread: Thread finished: Thread Group - ML 1-73
2021-01-03 18:35:53,279 INFO o.a.j.t.JMeterThread: Thread finished: Thread Group - ML 1-27
2021-01-03 18:35:53,288 INFO o.a.j.t.JMeterThread: Thread finished: Thread Group - ML 1-74
2021-01-03 18:35:53,289 INFO o.a.j.t.JMeterThread: Thread finished: Thread Group - ML 1-53
2021-01-03 18:35:53,291 INFO o.a.j.t.JMeterThread: Thread finished: Thread Group - ML 1-38
2021-01-03 18:35:53,301 INFO o.a.j.t.JMeterThread: Thread finished: Thread Group - ML 1-19
2021-01-03 18:35:53,302 INFO o.a.j.t.JMeterThread: Thread finished: Thread Group - ML 1-75
2021-01-03 18:35:53,309 INFO o.a.j.t.JMeterThread: Thread finished: Thread Group - ML 1-54
2021-01-03 18:35:53,317 INFO o.a.j.t.JMeterThread: Thread finished: Thread Group - ML 1-76
2021-01-03 18:35:53,318 INFO o.a.j.t.JMeterThread: Thread finished: Thread Group - ML 1-39
2021-01-03 18:35:53,331 INFO o.a.j.t.JMeterThread: Thread finished: Thread Group - ML 1-55
2021-01-03 18:35:53,331 INFO o.a.j.t.JMeterThread: Thread finished: Thread Group - ML 1-77
2021-01-03 18:35:53,342 INFO o.a.j.t.JMeterThread: Thread finished: Thread Group - ML 1-78
2021-01-03 18:35:53,347 INFO o.a.j.t.JMeterThread: Thread finished: Thread Group - ML 1-56
2021-01-03 18:35:53,350 INFO o.a.j.t.JMeterThread: Thread finished: Thread Group - ML 1-28
2021-01-03 18:35:53,350 INFO o.a.j.t.JMeterThread: Thread finished: Thread Group - ML 1-40
2021-01-03 18:35:53,361 INFO o.a.j.t.JMeterThread: Thread finished: Thread Group - ML 1-79
2021-01-03 18:35:53,368 INFO o.a.j.t.JMeterThread: Thread finished: Thread Group - ML 1-57
2021-01-03 18:35:53,375 INFO o.a.j.t.JMeterThread: Thread finished: Thread Group - ML 1-80
2021-01-03 18:35:53,377 INFO o.a.j.t.JMeterThread: Thread finished: Thread Group - ML 1-29
2021-01-03 18:35:53,384 INFO o.a.j.t.JMeterThread: Thread finished: Thread Group - ML 1-41
2021-01-03 18:35:53,387 INFO o.a.j.t.JMeterThread: Thread finished: Thread Group - ML 1-81
2021-01-03 18:35:53,391 INFO o.a.j.t.JMeterThread: Thread finished: Thread Group - ML 1-58
2021-01-03 18:35:53,392 INFO o.a.j.t.JMeterThread: Thread finished: Thread Group - ML 1-20
2021-01-03 18:35:53,399 INFO o.a.j.t.JMeterThread: Thread finished: Thread Group - ML 1-82
2021-01-03 18:35:53,404 INFO o.a.j.t.JMeterThread: Thread finished: Thread Group - ML 1-42
2021-01-03 18:35:53,405 INFO o.a.j.t.JMeterThread: Thread finished: Thread Group - ML 1-30
2021-01-03 18:35:53,406 INFO o.a.j.t.JMeterThread: Thread finished: Thread Group - ML 1-59
2021-01-03 18:35:53,409 INFO o.a.j.t.JMeterThread: Thread finished: Thread Group - ML 1-21
2021-01-03 18:35:53,415 INFO o.a.j.t.JMeterThread: Thread finished: Thread Group - ML 1-11
2021-01-03 18:35:53,416 INFO o.a.j.t.JMeterThread: Thread finished: Thread Group - ML 1-83
2021-01-03 18:35:53,427 INFO o.a.j.t.JMeterThread: Thread finished: Thread Group - ML 1-84
2021-01-03 18:35:53,430 INFO o.a.j.t.JMeterThread: Thread finished: Thread Group - ML 1-60
2021-01-03 18:35:53,432 INFO o.a.j.t.JMeterThread: Thread finished: Thread Group - ML 1-43
2021-01-03 18:35:53,443 INFO o.a.j.t.JMeterThread: Thread finished: Thread Group - ML 1-31
2021-01-03 18:35:53,443 INFO o.a.j.t.JMeterThread: Thread finished: Thread Group - ML 1-85
2021-01-03 18:35:53,444 INFO o.a.j.t.JMeterThread: Thread finished: Thread Group - ML 1-3
2021-01-03 18:35:53,446 INFO o.a.j.t.JMeterThread: Thread finished: Thread Group - ML 1-5
2021-01-03 18:35:53,447 INFO o.a.j.t.JMeterThread: Thread finished: Thread Group - ML 1-6
2021-01-03 18:35:53,448 INFO o.a.j.t.JMeterThread: Thread finished: Thread Group - ML 1-2
2021-01-03 18:35:53,449 INFO o.a.j.t.JMeterThread: Thread finished: Thread Group - ML 1-61
2021-01-03 18:35:53,456 INFO o.a.j.t.JMeterThread: Thread finished: Thread Group - ML 1-86
2021-01-03 18:35:53,457 INFO o.a.j.t.JMeterThread: Thread finished: Thread Group - ML 1-10
2021-01-03 18:35:53,458 INFO o.a.j.t.JMeterThread: Thread finished: Thread Group - ML 1-44
2021-01-03 18:35:53,469 INFO o.a.j.t.JMeterThread: Thread finished: Thread Group - ML 1-22
2021-01-03 18:35:53,470 INFO o.a.j.t.JMeterThread: Thread finished: Thread Group - ML 1-62
2021-01-03 18:35:53,472 INFO o.a.j.t.JMeterThread: Thread finished: Thread Group - ML 1-87
2021-01-03 18:35:53,481 INFO o.a.j.t.JMeterThread: Thread finished: Thread Group - ML 1-88
2021-01-03 18:35:53,486 INFO o.a.j.t.JMeterThread: Thread finished: Thread Group - ML 1-89
2021-01-03 18:35:53,487 INFO o.a.j.t.JMeterThread: Thread finished: Thread Group - ML 1-63
2021-01-03 18:35:53,488 INFO o.a.j.t.JMeterThread: Thread finished: Thread Group - ML 1-45
2021-01-03 18:35:53,490 INFO o.a.j.t.JMeterThread: Thread finished: Thread Group - ML 1-46
2021-01-03 18:35:53,493 INFO o.a.j.t.JMeterThread: Thread finished: Thread Group - ML 1-64
2021-01-03 18:35:53,496 INFO o.a.j.t.JMeterThread: Thread finished: Thread Group - ML 1-90
2021-01-03 18:35:53,499 INFO o.a.j.t.JMeterThread: Thread finished: Thread Group - ML 1-65
2021-01-03 18:35:53,500 INFO o.a.j.t.JMeterThread: Thread finished: Thread Group - ML 1-96
2021-01-03 18:35:53,502 INFO o.a.j.t.JMeterThread: Thread finished: Thread Group - ML 1-91
2021-01-03 18:35:53,509 INFO o.a.j.t.JMeterThread: Thread finished: Thread Group - ML 1-99
2021-01-03 18:35:53,510 INFO o.a.j.t.JMeterThread: Stopping because end time detected by thread: Thread Group - ML 1-95
2021-01-03 18:35:53,510 INFO o.a.j.t.JMeterThread: Thread finished: Thread Group - ML 1-95
2021-01-03 18:35:53,512 INFO o.a.j.t.JMeterThread: Stopping because end time detected by thread: Thread Group - ML 1-97
2021-01-03 18:35:53,512 INFO o.a.j.t.JMeterThread: Thread finished: Thread Group - ML 1-97
2021-01-03 18:35:53,513 INFO o.a.j.t.JMeterThread: Stopping because end time detected by thread: Thread Group - ML 1-100
2021-01-03 18:35:53,513 INFO o.a.j.t.JMeterThread: Thread finished: Thread Group - ML 1-100
2021-01-03 18:35:53,513 INFO o.a.j.e.StandardJMeterEngine: Notifying test listeners of end of test
2021-01-03 18:35:53,514 INFO o.a.j.r.Summariser: summary +   5878 in 00:00:24 =  250.0/s Avg:     2 Min:     0 Max:    39 Err:     0 (0.00%) Active: 0 Started: 100 Finished: 100
2021-01-03 18:35:53,515 INFO o.a.j.r.Summariser: summary =  15066 in 00:01:00 =  250.8/s Avg:     2 Min:     0 Max:    94 Err:     0 (0.00%)
