2021-01-03 18:28:40,763 INFO o.a.j.u.JMeterUtils: Setting Locale to en_EN
2021-01-03 18:28:40,786 INFO o.a.j.JMeter: Loading user properties from: user.properties
2021-01-03 18:28:40,787 INFO o.a.j.JMeter: Loading system properties from: system.properties
2021-01-03 18:28:40,788 INFO o.a.j.JMeter: Copyright (c) 1998-2020 The Apache Software Foundation
2021-01-03 18:28:40,789 INFO o.a.j.JMeter: Version 5.3
2021-01-03 18:28:40,789 INFO o.a.j.JMeter: java.version=11.0.8
2021-01-03 18:28:40,789 INFO o.a.j.JMeter: java.vm.name=Java HotSpot(TM) 64-Bit Server VM
2021-01-03 18:28:40,789 INFO o.a.j.JMeter: os.name=Windows 10
2021-01-03 18:28:40,789 INFO o.a.j.JMeter: os.arch=amd64
2021-01-03 18:28:40,789 INFO o.a.j.JMeter: os.version=10.0
2021-01-03 18:28:40,789 INFO o.a.j.JMeter: file.encoding=Cp1252
2021-01-03 18:28:40,789 INFO o.a.j.JMeter: java.awt.headless=true
2021-01-03 18:28:40,789 INFO o.a.j.JMeter: Max memory     =1073741824
2021-01-03 18:28:40,789 INFO o.a.j.JMeter: Available Processors =8
2021-01-03 18:28:40,798 INFO o.a.j.JMeter: Default Locale=English (EN)
2021-01-03 18:28:40,798 INFO o.a.j.JMeter: JMeter  Locale=English (EN)
2021-01-03 18:28:40,798 INFO o.a.j.JMeter: JMeterHome=C:\Users\fabio\Documents\Fabio\Università\Magistrale\2°anno\1°semestre\Impianti di Elaborazione\apache-jmeter-5.3
2021-01-03 18:28:40,798 INFO o.a.j.JMeter: user.dir  =C:\Users\fabio\Documents\Fabio\Università\Magistrale\2°anno\1°semestre\Impianti di Elaborazione\apache-jmeter-5.3\bin
2021-01-03 18:28:40,799 INFO o.a.j.JMeter: PWD       =C:\Users\fabio\Documents\Fabio\Università\Magistrale\2°anno\1°semestre\Impianti di Elaborazione\apache-jmeter-5.3\bin
2021-01-03 18:28:40,803 INFO o.a.j.JMeter: IP: 192.168.56.1 Name: LAPTOP-DSVV6SSR FullName: 192.168.56.1
2021-01-03 18:28:40,810 INFO o.a.j.s.FileServer: Default base='C:\Users\fabio\Documents\Fabio\Università\Magistrale\2°anno\1°semestre\Impianti di Elaborazione\apache-jmeter-5.3\bin'
2021-01-03 18:28:40,811 INFO o.a.j.s.FileServer: Set new base='C:\Users\fabio\Documents\Fabio\Università\Magistrale\2°anno\1°semestre\Impianti di Elaborazione\apache-jmeter-5.3\bin'
2021-01-03 18:28:40,935 INFO o.a.j.s.SaveService: Testplan (JMX) version: 2.2. Testlog (JTL) version: 2.2
2021-01-03 18:28:40,952 INFO o.a.j.s.SaveService: Using SaveService properties version 5.0
2021-01-03 18:28:40,956 INFO o.a.j.s.SaveService: Using SaveService properties file encoding UTF-8
2021-01-03 18:28:40,959 INFO o.a.j.s.SaveService: Loading file: DesignofExperiment.jmx
2021-01-03 18:28:41,018 INFO o.a.j.p.h.s.HTTPSamplerBase: Parser for text/html is org.apache.jmeter.protocol.http.parser.LagartoBasedHtmlParser
2021-01-03 18:28:41,019 INFO o.a.j.p.h.s.HTTPSamplerBase: Parser for application/xhtml+xml is org.apache.jmeter.protocol.http.parser.LagartoBasedHtmlParser
2021-01-03 18:28:41,019 INFO o.a.j.p.h.s.HTTPSamplerBase: Parser for application/xml is org.apache.jmeter.protocol.http.parser.LagartoBasedHtmlParser
2021-01-03 18:28:41,019 INFO o.a.j.p.h.s.HTTPSamplerBase: Parser for text/xml is org.apache.jmeter.protocol.http.parser.LagartoBasedHtmlParser
2021-01-03 18:28:41,019 INFO o.a.j.p.h.s.HTTPSamplerBase: Parser for text/vnd.wap.wml is org.apache.jmeter.protocol.http.parser.RegexpHTMLParser
2021-01-03 18:28:41,019 INFO o.a.j.p.h.s.HTTPSamplerBase: Parser for text/css is org.apache.jmeter.protocol.http.parser.CssParser
2021-01-03 18:28:41,044 INFO o.a.j.JMeter: Creating summariser <summary>
2021-01-03 18:28:41,050 INFO o.a.j.e.StandardJMeterEngine: Running the test!
2021-01-03 18:28:41,051 INFO o.a.j.s.SampleEvent: List of sample_variables: []
2021-01-03 18:28:41,051 INFO o.a.j.s.SampleEvent: List of sample_variables: []
2021-01-03 18:28:41,061 INFO o.a.j.e.u.CompoundVariable: Note: Function class names must contain the string: '.functions.'
2021-01-03 18:28:41,061 INFO o.a.j.e.u.CompoundVariable: Note: Function class names must not contain the string: '.gui.'
2021-01-03 18:28:41,351 INFO o.a.j.JMeter: Running test (1609694921351)
2021-01-03 18:28:41,366 INFO o.a.j.e.StandardJMeterEngine: Starting ThreadGroup: 1 : Thread Group - ML
2021-01-03 18:28:41,366 INFO o.a.j.e.StandardJMeterEngine: Starting 100 threads for group Thread Group - ML.
2021-01-03 18:28:41,366 INFO o.a.j.e.StandardJMeterEngine: Thread will continue on error
2021-01-03 18:28:41,366 INFO o.a.j.t.ThreadGroup: Starting thread group... number=1 threads=100 ramp-up=1 delayedStart=false
2021-01-03 18:28:41,375 INFO o.a.j.t.JMeterThread: Thread started: Thread Group - ML 1-1
2021-01-03 18:28:41,383 INFO o.a.j.t.JMeterThread: Thread started: Thread Group - ML 1-2
2021-01-03 18:28:41,392 INFO o.a.j.t.JMeterThread: Thread started: Thread Group - ML 1-3
2021-01-03 18:28:41,399 INFO o.a.j.t.JMeterThread: Thread started: Thread Group - ML 1-4
2021-01-03 18:28:41,408 INFO o.a.j.t.JMeterThread: Thread started: Thread Group - ML 1-5
2021-01-03 18:28:41,411 INFO o.a.j.p.h.s.HTTPHCAbstractImpl: Local host = LAPTOP-DSVV6SSR
2021-01-03 18:28:41,413 INFO o.a.j.t.ThreadGroup: Started thread group number 1
2021-01-03 18:28:41,414 INFO o.a.j.e.StandardJMeterEngine: All thread groups have been started
2021-01-03 18:28:41,420 INFO o.a.j.p.h.s.HTTPHC4Impl: HTTP request retry count = 0
2021-01-03 18:28:41,421 INFO o.a.j.t.JMeterThread: Thread started: Thread Group - ML 1-6
2021-01-03 18:28:41,421 INFO o.a.j.s.SampleResult: Note: Sample TimeStamps are START times
2021-01-03 18:28:41,421 INFO o.a.j.s.SampleResult: sampleresult.default.encoding is set to ISO-8859-1
2021-01-03 18:28:41,421 INFO o.a.j.s.SampleResult: sampleresult.useNanoTime=true
2021-01-03 18:28:41,421 INFO o.a.j.s.SampleResult: sampleresult.nanoThreadSleep=5000
2021-01-03 18:28:41,430 INFO o.a.j.t.JMeterThread: Thread started: Thread Group - ML 1-7
2021-01-03 18:28:41,439 INFO o.a.j.t.JMeterThread: Thread started: Thread Group - ML 1-8
2021-01-03 18:28:41,447 INFO o.a.j.t.JMeterThread: Thread started: Thread Group - ML 1-9
2021-01-03 18:28:41,456 INFO o.a.j.t.JMeterThread: Thread started: Thread Group - ML 1-10
2021-01-03 18:28:41,468 INFO o.a.j.t.JMeterThread: Thread started: Thread Group - ML 1-11
2021-01-03 18:28:41,478 INFO o.a.j.t.JMeterThread: Thread started: Thread Group - ML 1-12
2021-01-03 18:28:41,488 INFO o.a.j.t.JMeterThread: Thread started: Thread Group - ML 1-13
2021-01-03 18:28:41,497 INFO o.a.j.t.JMeterThread: Thread started: Thread Group - ML 1-14
2021-01-03 18:28:41,508 INFO o.a.j.t.JMeterThread: Thread started: Thread Group - ML 1-15
2021-01-03 18:28:41,517 INFO o.a.j.t.JMeterThread: Thread started: Thread Group - ML 1-16
2021-01-03 18:28:41,528 INFO o.a.j.t.JMeterThread: Thread started: Thread Group - ML 1-17
2021-01-03 18:28:41,537 INFO o.a.j.t.JMeterThread: Thread started: Thread Group - ML 1-18
2021-01-03 18:28:41,546 INFO o.a.j.t.JMeterThread: Thread started: Thread Group - ML 1-19
2021-01-03 18:28:41,558 INFO o.a.j.t.JMeterThread: Thread started: Thread Group - ML 1-20
2021-01-03 18:28:41,569 INFO o.a.j.t.JMeterThread: Thread started: Thread Group - ML 1-21
2021-01-03 18:28:41,583 INFO o.a.j.t.JMeterThread: Thread started: Thread Group - ML 1-22
2021-01-03 18:28:41,589 INFO o.a.j.t.JMeterThread: Thread started: Thread Group - ML 1-23
2021-01-03 18:28:41,598 INFO o.a.j.t.JMeterThread: Thread started: Thread Group - ML 1-24
2021-01-03 18:28:41,609 INFO o.a.j.t.JMeterThread: Thread started: Thread Group - ML 1-25
2021-01-03 18:28:41,617 INFO o.a.j.t.JMeterThread: Thread started: Thread Group - ML 1-26
2021-01-03 18:28:41,627 INFO o.a.j.t.JMeterThread: Thread started: Thread Group - ML 1-27
2021-01-03 18:28:41,638 INFO o.a.j.t.JMeterThread: Thread started: Thread Group - ML 1-28
2021-01-03 18:28:41,648 INFO o.a.j.t.JMeterThread: Thread started: Thread Group - ML 1-29
2021-01-03 18:28:41,656 INFO o.a.j.t.JMeterThread: Thread started: Thread Group - ML 1-30
2021-01-03 18:28:41,667 INFO o.a.j.t.JMeterThread: Thread started: Thread Group - ML 1-31
2021-01-03 18:28:41,677 INFO o.a.j.t.JMeterThread: Thread started: Thread Group - ML 1-32
2021-01-03 18:28:41,687 INFO o.a.j.t.JMeterThread: Thread started: Thread Group - ML 1-33
2021-01-03 18:28:41,697 INFO o.a.j.t.JMeterThread: Thread started: Thread Group - ML 1-34
2021-01-03 18:28:41,707 INFO o.a.j.t.JMeterThread: Thread started: Thread Group - ML 1-35
2021-01-03 18:28:41,716 INFO o.a.j.t.JMeterThread: Thread started: Thread Group - ML 1-36
2021-01-03 18:28:41,727 INFO o.a.j.t.JMeterThread: Thread started: Thread Group - ML 1-37
2021-01-03 18:28:41,737 INFO o.a.j.t.JMeterThread: Thread started: Thread Group - ML 1-38
2021-01-03 18:28:41,746 INFO o.a.j.t.JMeterThread: Thread started: Thread Group - ML 1-39
2021-01-03 18:28:41,757 INFO o.a.j.t.JMeterThread: Thread started: Thread Group - ML 1-40
2021-01-03 18:28:41,768 INFO o.a.j.t.JMeterThread: Thread started: Thread Group - ML 1-41
2021-01-03 18:28:41,777 INFO o.a.j.t.JMeterThread: Thread started: Thread Group - ML 1-42
2021-01-03 18:28:41,788 INFO o.a.j.t.JMeterThread: Thread started: Thread Group - ML 1-43
2021-01-03 18:28:41,797 INFO o.a.j.t.JMeterThread: Thread started: Thread Group - ML 1-44
2021-01-03 18:28:41,807 INFO o.a.j.t.JMeterThread: Thread started: Thread Group - ML 1-45
2021-01-03 18:28:41,817 INFO o.a.j.t.JMeterThread: Thread started: Thread Group - ML 1-46
2021-01-03 18:28:41,827 INFO o.a.j.t.JMeterThread: Thread started: Thread Group - ML 1-47
2021-01-03 18:28:41,836 INFO o.a.j.t.JMeterThread: Thread started: Thread Group - ML 1-48
2021-01-03 18:28:41,846 INFO o.a.j.t.JMeterThread: Thread started: Thread Group - ML 1-49
2021-01-03 18:28:41,857 INFO o.a.j.t.JMeterThread: Thread started: Thread Group - ML 1-50
2021-01-03 18:28:41,867 INFO o.a.j.t.JMeterThread: Thread started: Thread Group - ML 1-51
2021-01-03 18:28:41,876 INFO o.a.j.t.JMeterThread: Thread started: Thread Group - ML 1-52
2021-01-03 18:28:41,887 INFO o.a.j.t.JMeterThread: Thread started: Thread Group - ML 1-53
2021-01-03 18:28:41,897 INFO o.a.j.t.JMeterThread: Thread started: Thread Group - ML 1-54
2021-01-03 18:28:41,906 INFO o.a.j.t.JMeterThread: Thread started: Thread Group - ML 1-55
2021-01-03 18:28:41,917 INFO o.a.j.t.JMeterThread: Thread started: Thread Group - ML 1-56
2021-01-03 18:28:41,927 INFO o.a.j.t.JMeterThread: Thread started: Thread Group - ML 1-57
2021-01-03 18:28:41,937 INFO o.a.j.t.JMeterThread: Thread started: Thread Group - ML 1-58
2021-01-03 18:28:41,947 INFO o.a.j.t.JMeterThread: Thread started: Thread Group - ML 1-59
2021-01-03 18:28:41,957 INFO o.a.j.t.JMeterThread: Thread started: Thread Group - ML 1-60
2021-01-03 18:28:41,966 INFO o.a.j.t.JMeterThread: Thread started: Thread Group - ML 1-61
2021-01-03 18:28:41,977 INFO o.a.j.t.JMeterThread: Thread started: Thread Group - ML 1-62
2021-01-03 18:28:41,987 INFO o.a.j.t.JMeterThread: Thread started: Thread Group - ML 1-63
2021-01-03 18:28:41,997 INFO o.a.j.t.JMeterThread: Thread started: Thread Group - ML 1-64
2021-01-03 18:28:42,007 INFO o.a.j.t.JMeterThread: Thread started: Thread Group - ML 1-65
2021-01-03 18:28:42,016 INFO o.a.j.t.JMeterThread: Thread started: Thread Group - ML 1-66
2021-01-03 18:28:42,027 INFO o.a.j.t.JMeterThread: Thread started: Thread Group - ML 1-67
2021-01-03 18:28:42,037 INFO o.a.j.t.JMeterThread: Thread started: Thread Group - ML 1-68
2021-01-03 18:28:42,046 INFO o.a.j.t.JMeterThread: Thread started: Thread Group - ML 1-69
2021-01-03 18:28:42,057 INFO o.a.j.t.JMeterThread: Thread started: Thread Group - ML 1-70
2021-01-03 18:28:42,067 INFO o.a.j.t.JMeterThread: Thread started: Thread Group - ML 1-71
2021-01-03 18:28:42,077 INFO o.a.j.t.JMeterThread: Thread started: Thread Group - ML 1-72
2021-01-03 18:28:42,087 INFO o.a.j.t.JMeterThread: Thread started: Thread Group - ML 1-73
2021-01-03 18:28:42,098 INFO o.a.j.t.JMeterThread: Thread started: Thread Group - ML 1-74
2021-01-03 18:28:42,107 INFO o.a.j.t.JMeterThread: Thread started: Thread Group - ML 1-75
2021-01-03 18:28:42,117 INFO o.a.j.t.JMeterThread: Thread started: Thread Group - ML 1-76
2021-01-03 18:28:42,128 INFO o.a.j.t.JMeterThread: Thread started: Thread Group - ML 1-77
2021-01-03 18:28:42,138 INFO o.a.j.t.JMeterThread: Thread started: Thread Group - ML 1-78
2021-01-03 18:28:42,147 INFO o.a.j.t.JMeterThread: Thread started: Thread Group - ML 1-79
2021-01-03 18:28:42,157 INFO o.a.j.t.JMeterThread: Thread started: Thread Group - ML 1-80
2021-01-03 18:28:42,168 INFO o.a.j.t.JMeterThread: Thread started: Thread Group - ML 1-81
2021-01-03 18:28:42,178 INFO o.a.j.t.JMeterThread: Thread started: Thread Group - ML 1-82
2021-01-03 18:28:42,187 INFO o.a.j.t.JMeterThread: Thread started: Thread Group - ML 1-83
2021-01-03 18:28:42,197 INFO o.a.j.t.JMeterThread: Thread started: Thread Group - ML 1-84
2021-01-03 18:28:42,208 INFO o.a.j.t.JMeterThread: Thread started: Thread Group - ML 1-85
2021-01-03 18:28:42,218 INFO o.a.j.t.JMeterThread: Thread started: Thread Group - ML 1-86
2021-01-03 18:28:42,227 INFO o.a.j.t.JMeterThread: Thread started: Thread Group - ML 1-87
2021-01-03 18:28:42,238 INFO o.a.j.t.JMeterThread: Thread started: Thread Group - ML 1-88
2021-01-03 18:28:42,248 INFO o.a.j.t.JMeterThread: Thread started: Thread Group - ML 1-89
2021-01-03 18:28:42,257 INFO o.a.j.t.JMeterThread: Thread started: Thread Group - ML 1-90
2021-01-03 18:28:42,267 INFO o.a.j.t.JMeterThread: Thread started: Thread Group - ML 1-91
2021-01-03 18:28:42,278 INFO o.a.j.t.JMeterThread: Thread started: Thread Group - ML 1-92
2021-01-03 18:28:42,288 INFO o.a.j.t.JMeterThread: Thread started: Thread Group - ML 1-93
2021-01-03 18:28:42,297 INFO o.a.j.t.JMeterThread: Thread started: Thread Group - ML 1-94
2021-01-03 18:28:42,306 INFO o.a.j.t.JMeterThread: Thread started: Thread Group - ML 1-95
2021-01-03 18:28:42,318 INFO o.a.j.t.JMeterThread: Thread started: Thread Group - ML 1-96
2021-01-03 18:28:42,328 INFO o.a.j.t.JMeterThread: Thread started: Thread Group - ML 1-97
2021-01-03 18:28:42,337 INFO o.a.j.t.JMeterThread: Thread started: Thread Group - ML 1-98
2021-01-03 18:28:42,346 INFO o.a.j.t.JMeterThread: Thread started: Thread Group - ML 1-99
2021-01-03 18:28:42,358 INFO o.a.j.t.JMeterThread: Thread started: Thread Group - ML 1-100
2021-01-03 18:29:00,003 INFO o.a.j.r.Summariser: summary +   4711 in 00:00:19 =  252.6/s Avg:     2 Min:     0 Max:    95 Err:     0 (0.00%) Active: 100 Started: 100 Finished: 0
2021-01-03 18:29:30,001 INFO o.a.j.r.Summariser: summary +   7500 in 00:00:30 =  250.0/s Avg:     2 Min:     0 Max:    49 Err:     0 (0.00%) Active: 100 Started: 100 Finished: 0
2021-01-03 18:29:30,002 INFO o.a.j.r.Summariser: summary =  12211 in 00:00:49 =  251.0/s Avg:     2 Min:     0 Max:    95 Err:     0 (0.00%)
2021-01-03 18:29:40,990 INFO o.a.j.t.JMeterThread: Thread finished: Thread Group - ML 1-22
2021-01-03 18:29:41,010 INFO o.a.j.t.JMeterThread: Thread finished: Thread Group - ML 1-64
2021-01-03 18:29:41,018 INFO o.a.j.t.JMeterThread: Thread finished: Thread Group - ML 1-46
2021-01-03 18:29:41,019 INFO o.a.j.t.JMeterThread: Thread finished: Thread Group - ML 1-23
2021-01-03 18:29:41,020 INFO o.a.j.t.JMeterThread: Thread finished: Thread Group - ML 1-33
2021-01-03 18:29:41,031 INFO o.a.j.t.JMeterThread: Thread finished: Thread Group - ML 1-15
2021-01-03 18:29:41,032 INFO o.a.j.t.JMeterThread: Thread finished: Thread Group - ML 1-65
2021-01-03 18:29:41,047 INFO o.a.j.t.JMeterThread: Thread finished: Thread Group - ML 1-92
2021-01-03 18:29:41,047 INFO o.a.j.t.JMeterThread: Thread finished: Thread Group - ML 1-47
2021-01-03 18:29:41,048 INFO o.a.j.t.JMeterThread: Thread finished: Thread Group - ML 1-66
2021-01-03 18:29:41,054 INFO o.a.j.t.JMeterThread: Thread finished: Thread Group - ML 1-24
2021-01-03 18:29:41,056 INFO o.a.j.t.JMeterThread: Thread finished: Thread Group - ML 1-16
2021-01-03 18:29:41,064 INFO o.a.j.t.JMeterThread: Thread finished: Thread Group - ML 1-93
2021-01-03 18:29:41,074 INFO o.a.j.t.JMeterThread: Thread finished: Thread Group - ML 1-67
2021-01-03 18:29:41,076 INFO o.a.j.t.JMeterThread: Thread finished: Thread Group - ML 1-34
2021-01-03 18:29:41,078 INFO o.a.j.t.JMeterThread: Thread finished: Thread Group - ML 1-94
2021-01-03 18:29:41,080 INFO o.a.j.t.JMeterThread: Thread finished: Thread Group - ML 1-48
2021-01-03 18:29:41,087 INFO o.a.j.t.JMeterThread: Thread finished: Thread Group - ML 1-95
2021-01-03 18:29:41,092 INFO o.a.j.t.JMeterThread: Thread finished: Thread Group - ML 1-68
2021-01-03 18:29:41,096 INFO o.a.j.t.JMeterThread: Thread finished: Thread Group - ML 1-49
2021-01-03 18:29:41,098 INFO o.a.j.t.JMeterThread: Thread finished: Thread Group - ML 1-3
2021-01-03 18:29:41,099 INFO o.a.j.t.JMeterThread: Thread finished: Thread Group - ML 1-35
2021-01-03 18:29:41,103 INFO o.a.j.t.JMeterThread: Thread finished: Thread Group - ML 1-96
2021-01-03 18:29:41,106 INFO o.a.j.t.JMeterThread: Thread finished: Thread Group - ML 1-25
2021-01-03 18:29:41,107 INFO o.a.j.t.JMeterThread: Thread finished: Thread Group - ML 1-12
2021-01-03 18:29:41,108 INFO o.a.j.t.JMeterThread: Thread finished: Thread Group - ML 1-69
2021-01-03 18:29:41,109 INFO o.a.j.t.JMeterThread: Thread finished: Thread Group - ML 1-17
2021-01-03 18:29:41,131 INFO o.a.j.t.JMeterThread: Thread finished: Thread Group - ML 1-70
2021-01-03 18:29:41,131 INFO o.a.j.t.JMeterThread: Thread finished: Thread Group - ML 1-98
2021-01-03 18:29:41,132 INFO o.a.j.t.JMeterThread: Thread finished: Thread Group - ML 1-50
2021-01-03 18:29:41,133 INFO o.a.j.t.JMeterThread: Thread finished: Thread Group - ML 1-36
2021-01-03 18:29:41,143 INFO o.a.j.t.JMeterThread: Thread finished: Thread Group - ML 1-99
2021-01-03 18:29:41,148 INFO o.a.j.t.JMeterThread: Thread finished: Thread Group - ML 1-71
2021-01-03 18:29:41,152 INFO o.a.j.t.JMeterThread: Thread finished: Thread Group - ML 1-51
2021-01-03 18:29:41,158 INFO o.a.j.t.JMeterThread: Thread finished: Thread Group - ML 1-26
2021-01-03 18:29:41,159 INFO o.a.j.t.JMeterThread: Thread finished: Thread Group - ML 1-100
2021-01-03 18:29:41,167 INFO o.a.j.t.JMeterThread: Thread finished: Thread Group - ML 1-72
2021-01-03 18:29:41,174 INFO o.a.j.t.JMeterThread: Thread finished: Thread Group - ML 1-52
2021-01-03 18:29:41,180 INFO o.a.j.t.JMeterThread: Thread finished: Thread Group - ML 1-37
2021-01-03 18:29:41,180 INFO o.a.j.t.JMeterThread: Thread finished: Thread Group - ML 1-73
2021-01-03 18:29:41,183 INFO o.a.j.t.JMeterThread: Thread finished: Thread Group - ML 1-18
2021-01-03 18:29:41,196 INFO o.a.j.t.JMeterThread: Thread finished: Thread Group - ML 1-74
2021-01-03 18:29:41,197 INFO o.a.j.t.JMeterThread: Thread finished: Thread Group - ML 1-27
2021-01-03 18:29:41,198 INFO o.a.j.t.JMeterThread: Thread finished: Thread Group - ML 1-53
2021-01-03 18:29:41,199 INFO o.a.j.t.JMeterThread: Thread finished: Thread Group - ML 1-38
2021-01-03 18:29:41,200 INFO o.a.j.t.JMeterThread: Thread finished: Thread Group - ML 1-19
2021-01-03 18:29:41,208 INFO o.a.j.t.JMeterThread: Thread finished: Thread Group - ML 1-75
2021-01-03 18:29:41,214 INFO o.a.j.t.JMeterThread: Thread finished: Thread Group - ML 1-54
2021-01-03 18:29:41,223 INFO o.a.j.t.JMeterThread: Thread finished: Thread Group - ML 1-76
2021-01-03 18:29:41,224 INFO o.a.j.t.JMeterThread: Thread finished: Thread Group - ML 1-39
2021-01-03 18:29:41,235 INFO o.a.j.t.JMeterThread: Thread finished: Thread Group - ML 1-28
2021-01-03 18:29:41,236 INFO o.a.j.t.JMeterThread: Thread finished: Thread Group - ML 1-55
2021-01-03 18:29:41,237 INFO o.a.j.t.JMeterThread: Thread finished: Thread Group - ML 1-77
2021-01-03 18:29:41,252 INFO o.a.j.t.JMeterThread: Thread finished: Thread Group - ML 1-78
2021-01-03 18:29:41,255 INFO o.a.j.t.JMeterThread: Thread finished: Thread Group - ML 1-56
2021-01-03 18:29:41,256 INFO o.a.j.t.JMeterThread: Thread finished: Thread Group - ML 1-40
2021-01-03 18:29:41,264 INFO o.a.j.t.JMeterThread: Thread finished: Thread Group - ML 1-79
2021-01-03 18:29:41,265 INFO o.a.j.t.JMeterThread: Thread finished: Thread Group - ML 1-29
2021-01-03 18:29:41,272 INFO o.a.j.t.JMeterThread: Thread finished: Thread Group - ML 1-57
2021-01-03 18:29:41,279 INFO o.a.j.t.JMeterThread: Thread finished: Thread Group - ML 1-80
2021-01-03 18:29:41,280 INFO o.a.j.t.JMeterThread: Thread finished: Thread Group - ML 1-41
2021-01-03 18:29:41,294 INFO o.a.j.t.JMeterThread: Thread finished: Thread Group - ML 1-81
2021-01-03 18:29:41,295 INFO o.a.j.t.JMeterThread: Thread finished: Thread Group - ML 1-21
2021-01-03 18:29:41,296 INFO o.a.j.t.JMeterThread: Thread finished: Thread Group - ML 1-58
2021-01-03 18:29:41,306 INFO o.a.j.t.JMeterThread: Thread finished: Thread Group - ML 1-7
2021-01-03 18:29:41,307 INFO o.a.j.t.JMeterThread: Thread finished: Thread Group - ML 1-82
2021-01-03 18:29:41,309 INFO o.a.j.t.JMeterThread: Thread finished: Thread Group - ML 1-6
2021-01-03 18:29:41,310 INFO o.a.j.t.JMeterThread: Thread finished: Thread Group - ML 1-30
2021-01-03 18:29:41,310 INFO o.a.j.t.JMeterThread: Thread finished: Thread Group - ML 1-42
2021-01-03 18:29:41,312 INFO o.a.j.t.JMeterThread: Thread finished: Thread Group - ML 1-59
2021-01-03 18:29:41,312 INFO o.a.j.t.JMeterThread: Thread finished: Thread Group - ML 1-4
2021-01-03 18:29:41,313 INFO o.a.j.t.JMeterThread: Thread finished: Thread Group - ML 1-20
2021-01-03 18:29:41,314 INFO o.a.j.t.JMeterThread: Thread finished: Thread Group - ML 1-5
2021-01-03 18:29:41,319 INFO o.a.j.t.JMeterThread: Thread finished: Thread Group - ML 1-13
2021-01-03 18:29:41,321 INFO o.a.j.t.JMeterThread: Thread finished: Thread Group - ML 1-83
2021-01-03 18:29:41,325 INFO o.a.j.t.JMeterThread: Thread finished: Thread Group - ML 1-8
2021-01-03 18:29:41,335 INFO o.a.j.t.JMeterThread: Thread finished: Thread Group - ML 1-60
2021-01-03 18:29:41,336 INFO o.a.j.t.JMeterThread: Thread finished: Thread Group - ML 1-10
2021-01-03 18:29:41,339 INFO o.a.j.t.JMeterThread: Thread finished: Thread Group - ML 1-84
2021-01-03 18:29:41,345 INFO o.a.j.t.JMeterThread: Thread finished: Thread Group - ML 1-11
2021-01-03 18:29:41,345 INFO o.a.j.t.JMeterThread: Thread finished: Thread Group - ML 1-43
2021-01-03 18:29:41,351 INFO o.a.j.t.JMeterThread: Thread finished: Thread Group - ML 1-14
2021-01-03 18:29:41,353 INFO o.a.j.t.JMeterThread: Thread finished: Thread Group - ML 1-31
2021-01-03 18:29:41,355 INFO o.a.j.t.JMeterThread: Thread finished: Thread Group - ML 1-1
2021-01-03 18:29:41,357 INFO o.a.j.t.JMeterThread: Thread finished: Thread Group - ML 1-85
2021-01-03 18:29:41,359 INFO o.a.j.t.JMeterThread: Thread finished: Thread Group - ML 1-61
2021-01-03 18:29:41,361 INFO o.a.j.t.JMeterThread: Thread finished: Thread Group - ML 1-44
2021-01-03 18:29:41,363 INFO o.a.j.t.JMeterThread: Thread finished: Thread Group - ML 1-9
2021-01-03 18:29:41,364 INFO o.a.j.t.JMeterThread: Thread finished: Thread Group - ML 1-2
2021-01-03 18:29:41,369 INFO o.a.j.t.JMeterThread: Thread finished: Thread Group - ML 1-86
2021-01-03 18:29:41,378 INFO o.a.j.t.JMeterThread: Thread finished: Thread Group - ML 1-87
2021-01-03 18:29:41,379 INFO o.a.j.t.JMeterThread: Thread finished: Thread Group - ML 1-62
2021-01-03 18:29:41,384 INFO o.a.j.t.JMeterThread: Thread finished: Thread Group - ML 1-32
2021-01-03 18:29:41,389 INFO o.a.j.t.JMeterThread: Thread finished: Thread Group - ML 1-63
2021-01-03 18:29:41,389 INFO o.a.j.t.JMeterThread: Thread finished: Thread Group - ML 1-45
2021-01-03 18:29:41,401 INFO o.a.j.t.JMeterThread: Thread finished: Thread Group - ML 1-89
2021-01-03 18:29:41,404 INFO o.a.j.t.JMeterThread: Thread finished: Thread Group - ML 1-91
2021-01-03 18:29:41,406 INFO o.a.j.t.JMeterThread: Thread finished: Thread Group - ML 1-90
2021-01-03 18:29:41,409 INFO o.a.j.t.JMeterThread: Thread finished: Thread Group - ML 1-97
2021-01-03 18:29:41,411 INFO o.a.j.t.JMeterThread: Stopping because end time detected by thread: Thread Group - ML 1-88
2021-01-03 18:29:41,411 INFO o.a.j.t.JMeterThread: Thread finished: Thread Group - ML 1-88
2021-01-03 18:29:41,411 INFO o.a.j.e.StandardJMeterEngine: Notifying test listeners of end of test
2021-01-03 18:29:41,412 INFO o.a.j.r.Summariser: summary +   2855 in 00:00:11 =  250.2/s Avg:     2 Min:     0 Max:    30 Err:     0 (0.00%) Active: 0 Started: 100 Finished: 100
2021-01-03 18:29:41,413 INFO o.a.j.r.Summariser: summary =  15066 in 00:01:00 =  250.8/s Avg:     2 Min:     0 Max:    95 Err:     0 (0.00%)
