2021-01-03 18:39:23,337 INFO o.a.j.u.JMeterUtils: Setting Locale to en_EN
2021-01-03 18:39:23,354 INFO o.a.j.JMeter: Loading user properties from: user.properties
2021-01-03 18:39:23,355 INFO o.a.j.JMeter: Loading system properties from: system.properties
2021-01-03 18:39:23,356 INFO o.a.j.JMeter: Copyright (c) 1998-2020 The Apache Software Foundation
2021-01-03 18:39:23,356 INFO o.a.j.JMeter: Version 5.3
2021-01-03 18:39:23,356 INFO o.a.j.JMeter: java.version=11.0.8
2021-01-03 18:39:23,356 INFO o.a.j.JMeter: java.vm.name=Java HotSpot(TM) 64-Bit Server VM
2021-01-03 18:39:23,356 INFO o.a.j.JMeter: os.name=Windows 10
2021-01-03 18:39:23,357 INFO o.a.j.JMeter: os.arch=amd64
2021-01-03 18:39:23,357 INFO o.a.j.JMeter: os.version=10.0
2021-01-03 18:39:23,357 INFO o.a.j.JMeter: file.encoding=Cp1252
2021-01-03 18:39:23,357 INFO o.a.j.JMeter: java.awt.headless=true
2021-01-03 18:39:23,357 INFO o.a.j.JMeter: Max memory     =1073741824
2021-01-03 18:39:23,357 INFO o.a.j.JMeter: Available Processors =8
2021-01-03 18:39:23,365 INFO o.a.j.JMeter: Default Locale=English (EN)
2021-01-03 18:39:23,366 INFO o.a.j.JMeter: JMeter  Locale=English (EN)
2021-01-03 18:39:23,366 INFO o.a.j.JMeter: JMeterHome=C:\Users\fabio\Documents\Fabio\Università\Magistrale\2°anno\1°semestre\Impianti di Elaborazione\apache-jmeter-5.3
2021-01-03 18:39:23,366 INFO o.a.j.JMeter: user.dir  =C:\Users\fabio\Documents\Fabio\Università\Magistrale\2°anno\1°semestre\Impianti di Elaborazione\apache-jmeter-5.3\bin
2021-01-03 18:39:23,366 INFO o.a.j.JMeter: PWD       =C:\Users\fabio\Documents\Fabio\Università\Magistrale\2°anno\1°semestre\Impianti di Elaborazione\apache-jmeter-5.3\bin
2021-01-03 18:39:23,370 INFO o.a.j.JMeter: IP: 192.168.56.1 Name: LAPTOP-DSVV6SSR FullName: 192.168.56.1
2021-01-03 18:39:23,375 INFO o.a.j.s.FileServer: Default base='C:\Users\fabio\Documents\Fabio\Università\Magistrale\2°anno\1°semestre\Impianti di Elaborazione\apache-jmeter-5.3\bin'
2021-01-03 18:39:23,377 INFO o.a.j.s.FileServer: Set new base='C:\Users\fabio\Documents\Fabio\Università\Magistrale\2°anno\1°semestre\Impianti di Elaborazione\apache-jmeter-5.3\bin'
2021-01-03 18:39:23,499 INFO o.a.j.s.SaveService: Testplan (JMX) version: 2.2. Testlog (JTL) version: 2.2
2021-01-03 18:39:23,517 INFO o.a.j.s.SaveService: Using SaveService properties version 5.0
2021-01-03 18:39:23,521 INFO o.a.j.s.SaveService: Using SaveService properties file encoding UTF-8
2021-01-03 18:39:23,524 INFO o.a.j.s.SaveService: Loading file: DesignofExperiment.jmx
2021-01-03 18:39:23,584 INFO o.a.j.p.h.s.HTTPSamplerBase: Parser for text/html is org.apache.jmeter.protocol.http.parser.LagartoBasedHtmlParser
2021-01-03 18:39:23,584 INFO o.a.j.p.h.s.HTTPSamplerBase: Parser for application/xhtml+xml is org.apache.jmeter.protocol.http.parser.LagartoBasedHtmlParser
2021-01-03 18:39:23,584 INFO o.a.j.p.h.s.HTTPSamplerBase: Parser for application/xml is org.apache.jmeter.protocol.http.parser.LagartoBasedHtmlParser
2021-01-03 18:39:23,585 INFO o.a.j.p.h.s.HTTPSamplerBase: Parser for text/xml is org.apache.jmeter.protocol.http.parser.LagartoBasedHtmlParser
2021-01-03 18:39:23,585 INFO o.a.j.p.h.s.HTTPSamplerBase: Parser for text/vnd.wap.wml is org.apache.jmeter.protocol.http.parser.RegexpHTMLParser
2021-01-03 18:39:23,585 INFO o.a.j.p.h.s.HTTPSamplerBase: Parser for text/css is org.apache.jmeter.protocol.http.parser.CssParser
2021-01-03 18:39:23,610 INFO o.a.j.JMeter: Creating summariser <summary>
2021-01-03 18:39:23,616 INFO o.a.j.e.StandardJMeterEngine: Running the test!
2021-01-03 18:39:23,617 INFO o.a.j.s.SampleEvent: List of sample_variables: []
2021-01-03 18:39:23,617 INFO o.a.j.s.SampleEvent: List of sample_variables: []
2021-01-03 18:39:23,626 INFO o.a.j.e.u.CompoundVariable: Note: Function class names must contain the string: '.functions.'
2021-01-03 18:39:23,626 INFO o.a.j.e.u.CompoundVariable: Note: Function class names must not contain the string: '.gui.'
2021-01-03 18:39:23,901 INFO o.a.j.JMeter: Running test (1609695563901)
2021-01-03 18:39:23,916 INFO o.a.j.e.StandardJMeterEngine: Starting ThreadGroup: 1 : Thread Group - MM
2021-01-03 18:39:23,916 INFO o.a.j.e.StandardJMeterEngine: Starting 100 threads for group Thread Group - MM.
2021-01-03 18:39:23,916 INFO o.a.j.e.StandardJMeterEngine: Thread will continue on error
2021-01-03 18:39:23,916 INFO o.a.j.t.ThreadGroup: Starting thread group... number=1 threads=100 ramp-up=1 delayedStart=false
2021-01-03 18:39:23,925 INFO o.a.j.t.JMeterThread: Thread started: Thread Group - MM 1-1
2021-01-03 18:39:23,933 INFO o.a.j.t.JMeterThread: Thread started: Thread Group - MM 1-2
2021-01-03 18:39:23,944 INFO o.a.j.t.JMeterThread: Thread started: Thread Group - MM 1-3
2021-01-03 18:39:23,950 INFO o.a.j.t.JMeterThread: Thread started: Thread Group - MM 1-4
2021-01-03 18:39:23,958 INFO o.a.j.t.JMeterThread: Thread started: Thread Group - MM 1-5
2021-01-03 18:39:23,959 INFO o.a.j.p.h.s.HTTPHCAbstractImpl: Local host = LAPTOP-DSVV6SSR
2021-01-03 18:39:23,960 INFO o.a.j.t.ThreadGroup: Started thread group number 1
2021-01-03 18:39:23,961 INFO o.a.j.e.StandardJMeterEngine: All thread groups have been started
2021-01-03 18:39:23,967 INFO o.a.j.p.h.s.HTTPHC4Impl: HTTP request retry count = 0
2021-01-03 18:39:23,969 INFO o.a.j.s.SampleResult: Note: Sample TimeStamps are START times
2021-01-03 18:39:23,969 INFO o.a.j.s.SampleResult: sampleresult.default.encoding is set to ISO-8859-1
2021-01-03 18:39:23,969 INFO o.a.j.s.SampleResult: sampleresult.useNanoTime=true
2021-01-03 18:39:23,969 INFO o.a.j.s.SampleResult: sampleresult.nanoThreadSleep=5000
2021-01-03 18:39:23,970 INFO o.a.j.t.JMeterThread: Thread started: Thread Group - MM 1-6
2021-01-03 18:39:23,981 INFO o.a.j.t.JMeterThread: Thread started: Thread Group - MM 1-7
2021-01-03 18:39:23,990 INFO o.a.j.t.JMeterThread: Thread started: Thread Group - MM 1-8
2021-01-03 18:39:23,999 INFO o.a.j.t.JMeterThread: Thread started: Thread Group - MM 1-9
2021-01-03 18:39:24,007 INFO o.a.j.t.JMeterThread: Thread started: Thread Group - MM 1-10
2021-01-03 18:39:24,018 INFO o.a.j.t.JMeterThread: Thread started: Thread Group - MM 1-11
2021-01-03 18:39:24,028 INFO o.a.j.t.JMeterThread: Thread started: Thread Group - MM 1-12
2021-01-03 18:39:24,038 INFO o.a.j.t.JMeterThread: Thread started: Thread Group - MM 1-13
2021-01-03 18:39:24,047 INFO o.a.j.t.JMeterThread: Thread started: Thread Group - MM 1-14
2021-01-03 18:39:24,058 INFO o.a.j.t.JMeterThread: Thread started: Thread Group - MM 1-15
2021-01-03 18:39:24,068 INFO o.a.j.t.JMeterThread: Thread started: Thread Group - MM 1-16
2021-01-03 18:39:24,078 INFO o.a.j.t.JMeterThread: Thread started: Thread Group - MM 1-17
2021-01-03 18:39:24,087 INFO o.a.j.t.JMeterThread: Thread started: Thread Group - MM 1-18
2021-01-03 18:39:24,097 INFO o.a.j.t.JMeterThread: Thread started: Thread Group - MM 1-19
2021-01-03 18:39:24,108 INFO o.a.j.t.JMeterThread: Thread started: Thread Group - MM 1-20
2021-01-03 18:39:24,117 INFO o.a.j.t.JMeterThread: Thread started: Thread Group - MM 1-21
2021-01-03 18:39:24,128 INFO o.a.j.t.JMeterThread: Thread started: Thread Group - MM 1-22
2021-01-03 18:39:24,139 INFO o.a.j.t.JMeterThread: Thread started: Thread Group - MM 1-23
2021-01-03 18:39:24,154 INFO o.a.j.t.JMeterThread: Thread started: Thread Group - MM 1-24
2021-01-03 18:39:24,158 INFO o.a.j.t.JMeterThread: Thread started: Thread Group - MM 1-25
2021-01-03 18:39:24,167 INFO o.a.j.t.JMeterThread: Thread started: Thread Group - MM 1-26
2021-01-03 18:39:24,177 INFO o.a.j.t.JMeterThread: Thread started: Thread Group - MM 1-27
2021-01-03 18:39:24,188 INFO o.a.j.t.JMeterThread: Thread started: Thread Group - MM 1-28
2021-01-03 18:39:24,197 INFO o.a.j.t.JMeterThread: Thread started: Thread Group - MM 1-29
2021-01-03 18:39:24,207 INFO o.a.j.t.JMeterThread: Thread started: Thread Group - MM 1-30
2021-01-03 18:39:24,217 INFO o.a.j.t.JMeterThread: Thread started: Thread Group - MM 1-31
2021-01-03 18:39:24,226 INFO o.a.j.t.JMeterThread: Thread started: Thread Group - MM 1-32
2021-01-03 18:39:24,237 INFO o.a.j.t.JMeterThread: Thread started: Thread Group - MM 1-33
2021-01-03 18:39:24,246 INFO o.a.j.t.JMeterThread: Thread started: Thread Group - MM 1-34
2021-01-03 18:39:24,257 INFO o.a.j.t.JMeterThread: Thread started: Thread Group - MM 1-35
2021-01-03 18:39:24,266 INFO o.a.j.t.JMeterThread: Thread started: Thread Group - MM 1-36
2021-01-03 18:39:24,277 INFO o.a.j.t.JMeterThread: Thread started: Thread Group - MM 1-37
2021-01-03 18:39:24,287 INFO o.a.j.t.JMeterThread: Thread started: Thread Group - MM 1-38
2021-01-03 18:39:24,297 INFO o.a.j.t.JMeterThread: Thread started: Thread Group - MM 1-39
2021-01-03 18:39:24,306 INFO o.a.j.t.JMeterThread: Thread started: Thread Group - MM 1-40
2021-01-03 18:39:24,317 INFO o.a.j.t.JMeterThread: Thread started: Thread Group - MM 1-41
2021-01-03 18:39:24,327 INFO o.a.j.t.JMeterThread: Thread started: Thread Group - MM 1-42
2021-01-03 18:39:24,336 INFO o.a.j.t.JMeterThread: Thread started: Thread Group - MM 1-43
2021-01-03 18:39:24,346 INFO o.a.j.t.JMeterThread: Thread started: Thread Group - MM 1-44
2021-01-03 18:39:24,362 INFO o.a.j.t.JMeterThread: Thread started: Thread Group - MM 1-45
2021-01-03 18:39:24,367 INFO o.a.j.t.JMeterThread: Thread started: Thread Group - MM 1-46
2021-01-03 18:39:24,376 INFO o.a.j.t.JMeterThread: Thread started: Thread Group - MM 1-47
2021-01-03 18:39:24,386 INFO o.a.j.t.JMeterThread: Thread started: Thread Group - MM 1-48
2021-01-03 18:39:24,397 INFO o.a.j.t.JMeterThread: Thread started: Thread Group - MM 1-49
2021-01-03 18:39:24,407 INFO o.a.j.t.JMeterThread: Thread started: Thread Group - MM 1-50
2021-01-03 18:39:24,416 INFO o.a.j.t.JMeterThread: Thread started: Thread Group - MM 1-51
2021-01-03 18:39:24,427 INFO o.a.j.t.JMeterThread: Thread started: Thread Group - MM 1-52
2021-01-03 18:39:24,438 INFO o.a.j.t.JMeterThread: Thread started: Thread Group - MM 1-53
2021-01-03 18:39:24,446 INFO o.a.j.t.JMeterThread: Thread started: Thread Group - MM 1-54
2021-01-03 18:39:24,458 INFO o.a.j.t.JMeterThread: Thread started: Thread Group - MM 1-55
2021-01-03 18:39:24,466 INFO o.a.j.t.JMeterThread: Thread started: Thread Group - MM 1-56
2021-01-03 18:39:24,476 INFO o.a.j.t.JMeterThread: Thread started: Thread Group - MM 1-57
2021-01-03 18:39:24,487 INFO o.a.j.t.JMeterThread: Thread started: Thread Group - MM 1-58
2021-01-03 18:39:24,497 INFO o.a.j.t.JMeterThread: Thread started: Thread Group - MM 1-59
2021-01-03 18:39:24,506 INFO o.a.j.t.JMeterThread: Thread started: Thread Group - MM 1-60
2021-01-03 18:39:24,517 INFO o.a.j.t.JMeterThread: Thread started: Thread Group - MM 1-61
2021-01-03 18:39:24,528 INFO o.a.j.t.JMeterThread: Thread started: Thread Group - MM 1-62
2021-01-03 18:39:24,536 INFO o.a.j.t.JMeterThread: Thread started: Thread Group - MM 1-63
2021-01-03 18:39:24,546 INFO o.a.j.t.JMeterThread: Thread started: Thread Group - MM 1-64
2021-01-03 18:39:24,562 INFO o.a.j.t.JMeterThread: Thread started: Thread Group - MM 1-65
2021-01-03 18:39:24,568 INFO o.a.j.t.JMeterThread: Thread started: Thread Group - MM 1-66
2021-01-03 18:39:24,576 INFO o.a.j.t.JMeterThread: Thread started: Thread Group - MM 1-67
2021-01-03 18:39:24,587 INFO o.a.j.t.JMeterThread: Thread started: Thread Group - MM 1-68
2021-01-03 18:39:24,597 INFO o.a.j.t.JMeterThread: Thread started: Thread Group - MM 1-69
2021-01-03 18:39:24,607 INFO o.a.j.t.JMeterThread: Thread started: Thread Group - MM 1-70
2021-01-03 18:39:24,616 INFO o.a.j.t.JMeterThread: Thread started: Thread Group - MM 1-71
2021-01-03 18:39:24,627 INFO o.a.j.t.JMeterThread: Thread started: Thread Group - MM 1-72
2021-01-03 18:39:24,637 INFO o.a.j.t.JMeterThread: Thread started: Thread Group - MM 1-73
2021-01-03 18:39:24,646 INFO o.a.j.t.JMeterThread: Thread started: Thread Group - MM 1-74
2021-01-03 18:39:24,656 INFO o.a.j.t.JMeterThread: Thread started: Thread Group - MM 1-75
2021-01-03 18:39:24,667 INFO o.a.j.t.JMeterThread: Thread started: Thread Group - MM 1-76
2021-01-03 18:39:24,677 INFO o.a.j.t.JMeterThread: Thread started: Thread Group - MM 1-77
2021-01-03 18:39:24,686 INFO o.a.j.t.JMeterThread: Thread started: Thread Group - MM 1-78
2021-01-03 18:39:24,696 INFO o.a.j.t.JMeterThread: Thread started: Thread Group - MM 1-79
2021-01-03 18:39:24,707 INFO o.a.j.t.JMeterThread: Thread started: Thread Group - MM 1-80
2021-01-03 18:39:24,717 INFO o.a.j.t.JMeterThread: Thread started: Thread Group - MM 1-81
2021-01-03 18:39:24,726 INFO o.a.j.t.JMeterThread: Thread started: Thread Group - MM 1-82
2021-01-03 18:39:24,737 INFO o.a.j.t.JMeterThread: Thread started: Thread Group - MM 1-83
2021-01-03 18:39:24,747 INFO o.a.j.t.JMeterThread: Thread started: Thread Group - MM 1-84
2021-01-03 18:39:24,760 INFO o.a.j.t.JMeterThread: Thread started: Thread Group - MM 1-85
2021-01-03 18:39:24,766 INFO o.a.j.t.JMeterThread: Thread started: Thread Group - MM 1-86
2021-01-03 18:39:24,781 INFO o.a.j.t.JMeterThread: Thread started: Thread Group - MM 1-87
2021-01-03 18:39:24,788 INFO o.a.j.t.JMeterThread: Thread started: Thread Group - MM 1-88
2021-01-03 18:39:24,797 INFO o.a.j.t.JMeterThread: Thread started: Thread Group - MM 1-89
2021-01-03 18:39:24,807 INFO o.a.j.t.JMeterThread: Thread started: Thread Group - MM 1-90
2021-01-03 18:39:24,818 INFO o.a.j.t.JMeterThread: Thread started: Thread Group - MM 1-91
2021-01-03 18:39:24,828 INFO o.a.j.t.JMeterThread: Thread started: Thread Group - MM 1-92
2021-01-03 18:39:24,838 INFO o.a.j.t.JMeterThread: Thread started: Thread Group - MM 1-93
2021-01-03 18:39:24,847 INFO o.a.j.t.JMeterThread: Thread started: Thread Group - MM 1-94
2021-01-03 18:39:24,858 INFO o.a.j.t.JMeterThread: Thread started: Thread Group - MM 1-95
2021-01-03 18:39:24,868 INFO o.a.j.t.JMeterThread: Thread started: Thread Group - MM 1-96
2021-01-03 18:39:24,877 INFO o.a.j.t.JMeterThread: Thread started: Thread Group - MM 1-97
2021-01-03 18:39:24,888 INFO o.a.j.t.JMeterThread: Thread started: Thread Group - MM 1-98
2021-01-03 18:39:24,897 INFO o.a.j.t.JMeterThread: Thread started: Thread Group - MM 1-99
2021-01-03 18:39:24,908 INFO o.a.j.t.JMeterThread: Thread started: Thread Group - MM 1-100
2021-01-03 18:39:30,003 INFO o.a.j.r.Summariser: summary +   1517 in 00:00:06 =  248.7/s Avg:    26 Min:     0 Max:   543 Err:    25 (1.65%) Active: 100 Started: 100 Finished: 0
2021-01-03 18:40:00,003 INFO o.a.j.r.Summariser: summary +   7497 in 00:00:30 =  249.9/s Avg:     9 Min:     1 Max:   115 Err:     0 (0.00%) Active: 100 Started: 100 Finished: 0
2021-01-03 18:40:00,005 INFO o.a.j.r.Summariser: summary =   9014 in 00:00:36 =  249.7/s Avg:    11 Min:     0 Max:   543 Err:    25 (0.28%)
2021-01-03 18:40:23,564 INFO o.a.j.t.JMeterThread: Thread finished: Thread Group - MM 1-89
2021-01-03 18:40:23,568 INFO o.a.j.t.JMeterThread: Thread finished: Thread Group - MM 1-61
2021-01-03 18:40:23,574 INFO o.a.j.t.JMeterThread: Thread finished: Thread Group - MM 1-18
2021-01-03 18:40:23,584 INFO o.a.j.t.JMeterThread: Thread finished: Thread Group - MM 1-3
2021-01-03 18:40:23,586 INFO o.a.j.t.JMeterThread: Thread finished: Thread Group - MM 1-57
2021-01-03 18:40:23,589 INFO o.a.j.t.JMeterThread: Thread finished: Thread Group - MM 1-41
2021-01-03 18:40:23,590 INFO o.a.j.t.JMeterThread: Thread finished: Thread Group - MM 1-90
2021-01-03 18:40:23,600 INFO o.a.j.t.JMeterThread: Thread finished: Thread Group - MM 1-60
2021-01-03 18:40:23,602 INFO o.a.j.t.JMeterThread: Thread finished: Thread Group - MM 1-91
2021-01-03 18:40:23,611 INFO o.a.j.t.JMeterThread: Thread finished: Thread Group - MM 1-92
2021-01-03 18:40:23,613 INFO o.a.j.t.JMeterThread: Thread finished: Thread Group - MM 1-62
2021-01-03 18:40:23,630 INFO o.a.j.t.JMeterThread: Thread finished: Thread Group - MM 1-63
2021-01-03 18:40:23,639 INFO o.a.j.t.JMeterThread: Thread finished: Thread Group - MM 1-28
2021-01-03 18:40:23,647 INFO o.a.j.t.JMeterThread: Thread finished: Thread Group - MM 1-93
2021-01-03 18:40:23,658 INFO o.a.j.t.JMeterThread: Thread finished: Thread Group - MM 1-42
2021-01-03 18:40:23,666 INFO o.a.j.t.JMeterThread: Thread finished: Thread Group - MM 1-65
2021-01-03 18:40:23,669 INFO o.a.j.t.JMeterThread: Thread finished: Thread Group - MM 1-29
2021-01-03 18:40:23,670 INFO o.a.j.t.JMeterThread: Thread finished: Thread Group - MM 1-64
2021-01-03 18:40:23,678 INFO o.a.j.t.JMeterThread: Thread finished: Thread Group - MM 1-43
2021-01-03 18:40:23,680 INFO o.a.j.t.JMeterThread: Thread finished: Thread Group - MM 1-94
2021-01-03 18:40:23,683 INFO o.a.j.t.JMeterThread: Thread finished: Thread Group - MM 1-95
2021-01-03 18:40:23,684 INFO o.a.j.t.JMeterThread: Thread finished: Thread Group - MM 1-66
2021-01-03 18:40:23,687 INFO o.a.j.t.JMeterThread: Thread finished: Thread Group - MM 1-96
2021-01-03 18:40:23,690 INFO o.a.j.t.JMeterThread: Thread finished: Thread Group - MM 1-97
2021-01-03 18:40:23,691 INFO o.a.j.t.JMeterThread: Thread finished: Thread Group - MM 1-31
2021-01-03 18:40:23,692 INFO o.a.j.t.JMeterThread: Thread finished: Thread Group - MM 1-5
2021-01-03 18:40:23,693 INFO o.a.j.t.JMeterThread: Thread finished: Thread Group - MM 1-67
2021-01-03 18:40:23,694 INFO o.a.j.t.JMeterThread: Thread finished: Thread Group - MM 1-68
2021-01-03 18:40:23,698 INFO o.a.j.t.JMeterThread: Thread finished: Thread Group - MM 1-98
2021-01-03 18:40:23,698 INFO o.a.j.t.JMeterThread: Thread finished: Thread Group - MM 1-6
2021-01-03 18:40:23,698 INFO o.a.j.t.JMeterThread: Thread finished: Thread Group - MM 1-14
2021-01-03 18:40:23,700 INFO o.a.j.t.JMeterThread: Thread finished: Thread Group - MM 1-99
2021-01-03 18:40:23,701 INFO o.a.j.t.JMeterThread: Thread finished: Thread Group - MM 1-45
2021-01-03 18:40:23,704 INFO o.a.j.t.JMeterThread: Thread finished: Thread Group - MM 1-32
2021-01-03 18:40:23,706 INFO o.a.j.t.JMeterThread: Thread finished: Thread Group - MM 1-69
2021-01-03 18:40:23,710 INFO o.a.j.t.JMeterThread: Thread finished: Thread Group - MM 1-100
2021-01-03 18:40:23,713 INFO o.a.j.t.JMeterThread: Thread finished: Thread Group - MM 1-70
2021-01-03 18:40:23,723 INFO o.a.j.t.JMeterThread: Thread finished: Thread Group - MM 1-2
2021-01-03 18:40:23,725 INFO o.a.j.t.JMeterThread: Thread finished: Thread Group - MM 1-17
2021-01-03 18:40:23,740 INFO o.a.j.t.JMeterThread: Thread finished: Thread Group - MM 1-23
2021-01-03 18:40:23,753 INFO o.a.j.t.JMeterThread: Thread finished: Thread Group - MM 1-21
2021-01-03 18:40:23,753 INFO o.a.j.t.JMeterThread: Thread finished: Thread Group - MM 1-16
2021-01-03 18:40:23,755 INFO o.a.j.t.JMeterThread: Thread finished: Thread Group - MM 1-19
2021-01-03 18:40:23,756 INFO o.a.j.t.JMeterThread: Thread finished: Thread Group - MM 1-72
2021-01-03 18:40:23,759 INFO o.a.j.t.JMeterThread: Thread finished: Thread Group - MM 1-47
2021-01-03 18:40:23,761 INFO o.a.j.t.JMeterThread: Thread finished: Thread Group - MM 1-11
2021-01-03 18:40:23,763 INFO o.a.j.t.JMeterThread: Thread finished: Thread Group - MM 1-71
2021-01-03 18:40:23,765 INFO o.a.j.t.JMeterThread: Thread finished: Thread Group - MM 1-24
2021-01-03 18:40:23,767 INFO o.a.j.t.JMeterThread: Thread finished: Thread Group - MM 1-74
2021-01-03 18:40:23,788 INFO o.a.j.t.JMeterThread: Thread finished: Thread Group - MM 1-9
2021-01-03 18:40:23,794 INFO o.a.j.t.JMeterThread: Thread finished: Thread Group - MM 1-33
2021-01-03 18:40:23,796 INFO o.a.j.t.JMeterThread: Thread finished: Thread Group - MM 1-51
2021-01-03 18:40:23,799 INFO o.a.j.t.JMeterThread: Thread finished: Thread Group - MM 1-77
2021-01-03 18:40:23,801 INFO o.a.j.t.JMeterThread: Thread finished: Thread Group - MM 1-75
2021-01-03 18:40:23,803 INFO o.a.j.t.JMeterThread: Thread finished: Thread Group - MM 1-1
2021-01-03 18:40:23,804 INFO o.a.j.t.JMeterThread: Thread finished: Thread Group - MM 1-49
2021-01-03 18:40:23,806 INFO o.a.j.t.JMeterThread: Thread finished: Thread Group - MM 1-50
2021-01-03 18:40:23,808 INFO o.a.j.t.JMeterThread: Thread finished: Thread Group - MM 1-4
2021-01-03 18:40:23,810 INFO o.a.j.t.JMeterThread: Thread finished: Thread Group - MM 1-78
2021-01-03 18:40:23,811 INFO o.a.j.t.JMeterThread: Thread finished: Thread Group - MM 1-52
2021-01-03 18:40:23,814 INFO o.a.j.t.JMeterThread: Thread finished: Thread Group - MM 1-13
2021-01-03 18:40:23,816 INFO o.a.j.t.JMeterThread: Thread finished: Thread Group - MM 1-22
2021-01-03 18:40:23,818 INFO o.a.j.t.JMeterThread: Thread finished: Thread Group - MM 1-8
2021-01-03 18:40:23,820 INFO o.a.j.t.JMeterThread: Thread finished: Thread Group - MM 1-79
2021-01-03 18:40:23,823 INFO o.a.j.t.JMeterThread: Thread finished: Thread Group - MM 1-34
2021-01-03 18:40:23,825 INFO o.a.j.t.JMeterThread: Thread finished: Thread Group - MM 1-7
2021-01-03 18:40:23,829 INFO o.a.j.t.JMeterThread: Thread finished: Thread Group - MM 1-53
2021-01-03 18:40:23,831 INFO o.a.j.t.JMeterThread: Thread finished: Thread Group - MM 1-30
2021-01-03 18:40:23,833 INFO o.a.j.t.JMeterThread: Thread finished: Thread Group - MM 1-54
2021-01-03 18:40:23,840 INFO o.a.j.t.JMeterThread: Thread finished: Thread Group - MM 1-73
2021-01-03 18:40:23,844 INFO o.a.j.t.JMeterThread: Thread finished: Thread Group - MM 1-35
2021-01-03 18:40:23,848 INFO o.a.j.t.JMeterThread: Thread finished: Thread Group - MM 1-56
2021-01-03 18:40:23,850 INFO o.a.j.t.JMeterThread: Thread finished: Thread Group - MM 1-80
2021-01-03 18:40:23,866 INFO o.a.j.t.JMeterThread: Thread finished: Thread Group - MM 1-10
2021-01-03 18:40:23,877 INFO o.a.j.t.JMeterThread: Thread finished: Thread Group - MM 1-55
2021-01-03 18:40:23,879 INFO o.a.j.t.JMeterThread: Thread finished: Thread Group - MM 1-25
2021-01-03 18:40:23,888 INFO o.a.j.t.JMeterThread: Thread finished: Thread Group - MM 1-82
2021-01-03 18:40:23,891 INFO o.a.j.t.JMeterThread: Thread finished: Thread Group - MM 1-38
2021-01-03 18:40:23,893 INFO o.a.j.t.JMeterThread: Thread finished: Thread Group - MM 1-37
2021-01-03 18:40:23,895 INFO o.a.j.t.JMeterThread: Thread finished: Thread Group - MM 1-81
2021-01-03 18:40:23,897 INFO o.a.j.t.JMeterThread: Thread finished: Thread Group - MM 1-39
2021-01-03 18:40:23,899 INFO o.a.j.t.JMeterThread: Thread finished: Thread Group - MM 1-12
2021-01-03 18:40:23,901 INFO o.a.j.t.JMeterThread: Thread finished: Thread Group - MM 1-36
2021-01-03 18:40:23,910 INFO o.a.j.t.JMeterThread: Thread finished: Thread Group - MM 1-83
2021-01-03 18:40:23,927 INFO o.a.j.t.JMeterThread: Thread finished: Thread Group - MM 1-27
2021-01-03 18:40:23,930 INFO o.a.j.t.JMeterThread: Thread finished: Thread Group - MM 1-15
2021-01-03 18:40:23,933 INFO o.a.j.t.JMeterThread: Thread finished: Thread Group - MM 1-59
2021-01-03 18:40:23,934 INFO o.a.j.t.JMeterThread: Thread finished: Thread Group - MM 1-76
2021-01-03 18:40:23,935 INFO o.a.j.t.JMeterThread: Thread finished: Thread Group - MM 1-58
2021-01-03 18:40:23,937 INFO o.a.j.t.JMeterThread: Thread finished: Thread Group - MM 1-84
2021-01-03 18:40:23,938 INFO o.a.j.t.JMeterThread: Stopping because end time detected by thread: Thread Group - MM 1-20
2021-01-03 18:40:23,939 INFO o.a.j.t.JMeterThread: Thread finished: Thread Group - MM 1-20
2021-01-03 18:40:23,941 INFO o.a.j.t.JMeterThread: Thread finished: Thread Group - MM 1-40
2021-01-03 18:40:23,943 INFO o.a.j.t.JMeterThread: Thread finished: Thread Group - MM 1-85
2021-01-03 18:40:23,945 INFO o.a.j.t.JMeterThread: Stopping because end time detected by thread: Thread Group - MM 1-26
2021-01-03 18:40:23,945 INFO o.a.j.t.JMeterThread: Thread finished: Thread Group - MM 1-26
2021-01-03 18:40:23,947 INFO o.a.j.t.JMeterThread: Stopping because end time detected by thread: Thread Group - MM 1-44
2021-01-03 18:40:23,947 INFO o.a.j.t.JMeterThread: Thread finished: Thread Group - MM 1-44
2021-01-03 18:40:23,950 INFO o.a.j.t.JMeterThread: Stopping because end time detected by thread: Thread Group - MM 1-46
2021-01-03 18:40:23,950 INFO o.a.j.t.JMeterThread: Thread finished: Thread Group - MM 1-46
2021-01-03 18:40:23,952 INFO o.a.j.t.JMeterThread: Stopping because end time detected by thread: Thread Group - MM 1-48
2021-01-03 18:40:23,952 INFO o.a.j.t.JMeterThread: Thread finished: Thread Group - MM 1-48
2021-01-03 18:40:23,960 INFO o.a.j.t.JMeterThread: Stopping because end time detected by thread: Thread Group - MM 1-86
2021-01-03 18:40:23,961 INFO o.a.j.t.JMeterThread: Thread finished: Thread Group - MM 1-86
2021-01-03 18:40:23,963 INFO o.a.j.t.JMeterThread: Stopping because end time detected by thread: Thread Group - MM 1-88
2021-01-03 18:40:23,964 INFO o.a.j.t.JMeterThread: Thread finished: Thread Group - MM 1-88
2021-01-03 18:40:23,966 INFO o.a.j.t.JMeterThread: Stopping because end time detected by thread: Thread Group - MM 1-87
2021-01-03 18:40:23,966 INFO o.a.j.t.JMeterThread: Thread finished: Thread Group - MM 1-87
2021-01-03 18:40:23,966 INFO o.a.j.e.StandardJMeterEngine: Notifying test listeners of end of test
2021-01-03 18:40:23,967 INFO o.a.j.r.Summariser: summary +   6000 in 00:00:24 =  250.4/s Avg:     9 Min:     1 Max:   110 Err:     0 (0.00%) Active: 0 Started: 100 Finished: 100
2021-01-03 18:40:23,968 INFO o.a.j.r.Summariser: summary =  15014 in 00:01:00 =  250.0/s Avg:    11 Min:     0 Max:   543 Err:    25 (0.17%)
